     "Plan": {                                                                      
       "Node Type": "Aggregate",                                                    
       "Strategy": "Plain",                                                         
       "Partial Mode": "Simple",                                                    
       "Parallel Aware": false,                                                     
       "Startup Cost": 659755.79,                                                   
       "Total Cost": 659755.79,                                                     
       "Plan Rows": 1,                                                              
       "Plan Width": 64,                                                            
       "Actual Startup Time": 1398662.748,                                          
       "Actual Total Time": 1398662.749,                                            
       "Actual Rows": 1,                                                            
       "Actual Loops": 1,                                                           
       "Shared Hit Blocks": 25,                                                     
       "Shared Read Blocks": 575763,                                                
       "Shared Dirtied Blocks": 0,                                                  
       "Shared Written Blocks": 0,                                                  
       "Local Hit Blocks": 0,                                                       
       "Local Read Blocks": 0,                                                      
       "Local Dirtied Blocks": 0,                                                   
       "Local Written Blocks": 0,                                                   
       "Temp Read Blocks": 0,                                                       
       "Temp Written Blocks": 0,                                                    
       "Plans": [                                                                   
         {                                                                          
           "Node Type": "Merge Join",                                               
           "Parent Relationship": "Outer",                                          
           "Parallel Aware": false,                                                 
           "Join Type": "Inner",                                                    
           "Startup Cost": 521574.35,                                               
           "Total Cost": 567085.55,                                                 
           "Plan Rows": 596796757,                                                  
           "Plan Width": 32,                                                        
           "Actual Startup Time": 87501.844,                                        
           "Actual Total Time": 763497.334,                                         
           "Actual Rows": 3129008894,                                               
           "Actual Loops": 1,                                                       
           "Inner Unique": false,                                                   
           "Merge Cond": "(t.id = mi.movie_id)",                                    
           "Shared Hit Blocks": 25,                                                 
           "Shared Read Blocks": 575763,                                            
           "Shared Dirtied Blocks": 0,                                              
           "Shared Written Blocks": 0,                                              
           "Local Hit Blocks": 0,                                                   
           "Local Read Blocks": 0,                                                  
           "Local Dirtied Blocks": 0,                                               
           "Local Written Blocks": 0,                                               
           "Temp Read Blocks": 0,                                                   
           "Temp Written Blocks": 0,                                                
           "Plans": [                                                               
             {                                                                      
               "Node Type": "Merge Join",                                           
               "Parent Relationship": "Outer",                                      
               "Parallel Aware": false,                                             
               "Join Type": "Inner",                                                
               "Startup Cost": 402381.64,                                           
               "Total Cost": 407086.58,                                             
               "Plan Rows": 29265879,                                               
               "Plan Width": 44,                                                    
               "Actual Startup Time": 70351.701,                                    
               "Actual Total Time": 88389.208,                                      
               "Actual Rows": 46625835,                                             
               "Actual Loops": 1,                                                   
               "Inner Unique": false,                                               
               "Merge Cond": "(t.id = ci.movie_id)",                                
               "Shared Hit Blocks": 22,                                             
               "Shared Read Blocks": 413873,                                        
               "Shared Dirtied Blocks": 0,                                          
               "Shared Written Blocks": 0,                                          
               "Local Hit Blocks": 0,                                               
               "Local Read Blocks": 0,                                              
               "Local Dirtied Blocks": 0,                                           
               "Local Written Blocks": 0,                                           
               "Temp Read Blocks": 0,                                               
               "Temp Written Blocks": 0,                                            
               "Plans": [                                                           
                 {                                                                  
                   "Node Type": "Merge Join",                                       
                   "Parent Relationship": "Outer",                                  
                   "Parallel Aware": false,                                         
                   "Join Type": "Inner",                                            
                   "Startup Cost": 29078.77,                                        
                   "Total Cost": 30056.51,                                          
                   "Plan Rows": 2609129,                                            
                   "Plan Width": 25,                                                
                   "Actual Startup Time": 5841.681,                                 
                   "Actual Total Time": 7837.397,                                   
                   "Actual Rows": 2609129,                                          
                   "Actual Loops": 1,                                               
                   "Inner Unique": true,                                            
                   "Merge Cond": "(mc.movie_id = t.id)",                            
                   "Shared Hit Blocks": 10,                                         
                   "Shared Read Blocks": 57775,                                     
                   "Shared Dirtied Blocks": 0,                                      
                   "Shared Written Blocks": 0,                                      
                   "Local Hit Blocks": 0,                                           
                   "Local Read Blocks": 0,                                          
                   "Local Dirtied Blocks": 0,                                       
                   "Local Written Blocks": 0,                                       
                   "Temp Read Blocks": 0,                                           
                   "Temp Written Blocks": 0,                                        
                   "Plans": [                                                       
                     {                                                              
                       "Node Type": "Sort",                                         
                       "Parent Relationship": "Outer",                              
                       "Parallel Aware": false,                                     
                       "Startup Cost": 19424.42,                                    
                       "Total Cost": 19626.99,                                      
                       "Plan Rows": 2609129,                                        
                       "Plan Width": 4,                                             
                       "Actual Startup Time": 3437.056,                             
                       "Actual Total Time": 3882.178,                               
                       "Actual Rows": 2609129,                                      
                       "Actual Loops": 1,                                           
                       "Sort Key": ["mc.movie_id"],                                 
                       "Sort Method": "quicksort",                                  
                       "Sort Space Used": 220607,                                   
                       "Sort Space Type": "Memory",                                 
                       "Shared Hit Blocks": 9,                                      
                       "Shared Read Blocks": 21778,                                 
                       "Shared Dirtied Blocks": 0,                                  
                       "Shared Written Blocks": 0,                                  
                       "Local Hit Blocks": 0,                                       
                       "Local Read Blocks": 0,                                      
                       "Local Dirtied Blocks": 0,                                   
                       "Local Written Blocks": 0,                                   
                       "Temp Read Blocks": 0,                                       
                       "Temp Written Blocks": 0,                                    
                       "Plans": [                                                   
                         {                                                          
                           "Node Type": "Merge Join",                               
                           "Parent Relationship": "Outer",                          
                           "Parallel Aware": false,                                 
                           "Join Type": "Inner",                                    
                           "Startup Cost": 10166.68,                                
                           "Total Cost": 10788.72,                                  
                           "Plan Rows": 2609129,                                    
                           "Plan Width": 4,                                         
                           "Actual Startup Time": 1532.111,                         
                           "Actual Total Time": 2444.310,                           
                           "Actual Rows": 2609129,                                  
                           "Actual Loops": 1,                                       
                           "Inner Unique": false,                                   
                           "Merge Cond": "(cn.id = mc.company_id)",                 
                           "Shared Hit Blocks": 5,                                  
                           "Shared Read Blocks": 21778,                             
                           "Shared Dirtied Blocks": 0,                              
                           "Shared Written Blocks": 0,                              
                           "Local Hit Blocks": 0,                                   
                           "Local Read Blocks": 0,                                  
                           "Local Dirtied Blocks": 0,                               
                           "Local Written Blocks": 0,                               
                           "Temp Read Blocks": 0,                                   
                           "Temp Written Blocks": 0,                                
                           "Plans": [                                               
                             {                                                      
                               "Node Type": "Sort",                                 
                               "Parent Relationship": "Outer",                      
                               "Parallel Aware": false,                             
                               "Startup Cost": 761.23,                              
                               "Total Cost": 779.47,                                
                               "Plan Rows": 234997,                                 
                               "Plan Width": 4,                                     
                               "Actual Startup Time": 204.709,                      
                               "Actual Total Time": 239.082,                        
                               "Actual Rows": 234997,                               
                               "Actual Loops": 1,                                   
                               "Sort Key": ["cn.id"],                               
                               "Sort Method": "quicksort",                          
                               "Sort Space Used": 17160,                            
                               "Sort Space Type": "Memory",                         
                               "Shared Hit Blocks": 2,                              
                               "Shared Read Blocks": 2992,                          
                               "Shared Dirtied Blocks": 0,                          
                               "Shared Written Blocks": 0,                          
                               "Local Hit Blocks": 0,                               
                               "Local Read Blocks": 0,                              
                               "Local Dirtied Blocks": 0,                           
                               "Local Written Blocks": 0,                           
                               "Temp Read Blocks": 0,                               
                               "Temp Written Blocks": 0,                            
                               "Plans": [                                           
                                 {                                                  
                                   "Node Type": "Seq Scan",                         
                                   "Parent Relationship": "Outer",                  
                                   "Parallel Aware": false,                         
                                   "Relation Name": "company_name",                 
                                   "Alias": "cn",                                   
                                   "Startup Cost": 0.00,                            
                                   "Total Cost": 110.16,                            
                                   "Plan Rows": 234997,                             
                                   "Plan Width": 4,                                 
                                   "Actual Startup Time": 0.082,                    
                                   "Actual Total Time": 101.017,                    
                                   "Actual Rows": 234997,                           
                                   "Actual Loops": 1,                               
                                   "Shared Hit Blocks": 2,                          
                                   "Shared Read Blocks": 2992,                      
                                   "Shared Dirtied Blocks": 0,                      
                                   "Shared Written Blocks": 0,                      
                                   "Local Hit Blocks": 0,                           
                                   "Local Read Blocks": 0,                          
                                   "Local Dirtied Blocks": 0,                       
                                   "Local Written Blocks": 0,                       
                                   "Temp Read Blocks": 0,                           
                                   "Temp Written Blocks": 0                         
                                 }                                                  
                               ]                                                    
                             },                                                     
                             {                                                      
                               "Node Type": "Sort",                                 
                               "Parent Relationship": "Inner",                      
                               "Parallel Aware": false,                             
                               "Startup Cost": 9405.45,                             
                               "Total Cost": 9608.03,                               
                               "Plan Rows": 2609129,                                
                               "Plan Width": 8,                                     
                               "Actual Startup Time": 1327.394,                     
                               "Actual Total Time": 1659.864,                       
                               "Actual Rows": 2609129,                              
                               "Actual Loops": 1,                                   
                               "Sort Key": ["mc.company_id"],                       
                               "Sort Method": "quicksort",                          
                               "Sort Space Used": 220607,                           
                               "Sort Space Type": "Memory",                         
                               "Shared Hit Blocks": 3,                              
                               "Shared Read Blocks": 18786,                         
                               "Shared Dirtied Blocks": 0,                          
                               "Shared Written Blocks": 0,                          
                               "Local Hit Blocks": 0,                               
                               "Local Read Blocks": 0,                              
                               "Local Dirtied Blocks": 0,                           
                               "Local Written Blocks": 0,                           
                               "Temp Read Blocks": 0,                               
                               "Temp Written Blocks": 0,                            
                               "Plans": [                                           
                                 {                                                  
                                   "Node Type": "Seq Scan",                         
                                   "Parent Relationship": "Outer",                  
                                   "Parallel Aware": false,                         
                                   "Relation Name": "movie_companies",              
                                   "Alias": "mc",                                   
                                   "Startup Cost": 0.00,                            
                                   "Total Cost": 769.75,                            
                                   "Plan Rows": 2609129,                            
                                   "Plan Width": 8,                                 
                                   "Actual Startup Time": 0.009,                    
                                   "Actual Total Time": 494.007,                    
                                   "Actual Rows": 2609129,                          
                                   "Actual Loops": 1,                               
                                   "Shared Hit Blocks": 3,                          
                                   "Shared Read Blocks": 18786,                     
                                   "Shared Dirtied Blocks": 0,                      
                                   "Shared Written Blocks": 0,                      
                                   "Local Hit Blocks": 0,                           
                                   "Local Read Blocks": 0,                          
                                   "Local Dirtied Blocks": 0,                       
                                   "Local Written Blocks": 0,                       
                                   "Temp Read Blocks": 0,                           
                                   "Temp Written Blocks": 0                         
                                 }                                                  
                               ]                                                    
                             }                                                      
                           ]                                                        
                         }                                                          
                       ]                                                            
                     },                                                             
                     {                                                              
                       "Node Type": "Sort",                                         
                       "Parent Relationship": "Inner",                              
                       "Parallel Aware": false,                                     
                       "Startup Cost": 9654.35,                                     
                       "Total Cost": 9850.65,                                       
                       "Plan Rows": 2528312,                                        
                       "Plan Width": 21,                                            
                       "Actual Startup Time": 2404.615,                             
                       "Actual Total Time": 2788.812,                               
                       "Actual Rows": 2525745,                                      
                       "Actual Loops": 1,                                           
                       "Sort Key": ["t.id"],                                        
                       "Sort Method": "quicksort",                                  
                       "Sort Space Used": 275055,                                   
                       "Sort Space Type": "Memory",                                 
                       "Shared Hit Blocks": 1,                                      
                       "Shared Read Blocks": 35997,                                 
                       "Shared Dirtied Blocks": 0,                                  
                       "Shared Written Blocks": 0,                                  
                       "Local Hit Blocks": 0,                                       
                       "Local Read Blocks": 0,                                      
                       "Local Dirtied Blocks": 0,                                   
                       "Local Written Blocks": 0,                                   
                       "Temp Read Blocks": 0,                                       
                       "Temp Written Blocks": 0,                                    
                       "Plans": [                                                   
                         {                                                          
                           "Node Type": "Seq Scan",                                 
                           "Parent Relationship": "Outer",                          
                           "Parallel Aware": false,                                 
                           "Relation Name": "title",                                
                           "Alias": "t",                                            
                           "Startup Cost": 0.00,                                    
                           "Total Cost": 1303.96,                                   
                           "Plan Rows": 2528312,                                    
                           "Plan Width": 21,                                        
                           "Actual Startup Time": 9.187,                            
                           "Actual Total Time": 1076.988,                           
                           "Actual Rows": 2528312,                                  
                           "Actual Loops": 1,                                       
                           "Shared Hit Blocks": 1,                                  
                           "Shared Read Blocks": 35997,                             
                           "Shared Dirtied Blocks": 0,                              
                           "Shared Written Blocks": 0,                              
                           "Local Hit Blocks": 0,                                   
                           "Local Read Blocks": 0,                                  
                           "Local Dirtied Blocks": 0,                               
                           "Local Written Blocks": 0,                               
                           "Temp Read Blocks": 0,                                   
                           "Temp Written Blocks": 0                                 
                         }                                                          
                       ]                                                            
                     }                                                              
                   ]                                                                
                 },                                                                 
                 {                                                                  
                   "Node Type": "Sort",                                             
                   "Parent Relationship": "Inner",                                  
                   "Parallel Aware": false,                                         
                   "Startup Cost": 373302.87,                                       
                   "Total Cost": 374484.83,                                         
                   "Plan Rows": 15223663,                                           
                   "Plan Width": 19,                                                
                   "Actual Startup Time": 64509.949,                                
                   "Actual Total Time": 69316.928,                                  
                   "Actual Rows": 55506852,                                         
                   "Actual Loops": 1,                                               
                   "Sort Key": ["ci.movie_id"],                                     
                   "Sort Method": "quicksort",                                      
                   "Sort Space Used": 2304935,                                      
                   "Sort Space Type": "Memory",                                     
                   "Shared Hit Blocks": 12,                                         
                   "Shared Read Blocks": 356098,                                    
                   "Shared Dirtied Blocks": 0,                                      
                   "Shared Written Blocks": 0,                                      
                   "Local Hit Blocks": 0,                                           
                   "Local Read Blocks": 0,                                          
                   "Local Dirtied Blocks": 0,                                       
                   "Local Written Blocks": 0,                                       
                   "Temp Read Blocks": 0,                                           
                   "Temp Written Blocks": 0,                                        
                   "Plans": [                                                       
                     {                                                              
                       "Node Type": "Merge Join",                                   
                       "Parent Relationship": "Outer",                              
                       "Parallel Aware": false,                                     
                       "Join Type": "Inner",                                        
                       "Startup Cost": 313483.64,                                   
                       "Total Cost": 316900.15,                                     
                       "Plan Rows": 15223663,                                       
                       "Plan Width": 19,                                            
                       "Actual Startup Time": 51075.497,                            
                       "Actual Total Time": 56373.502,                              
                       "Actual Rows": 20572389,                                     
                       "Actual Loops": 1,                                           
                       "Inner Unique": true,                                        
                       "Merge Cond": "(ci.role_id = rt.id)",                        
                       "Shared Hit Blocks": 12,                                     
                       "Shared Read Blocks": 356098,                                
                       "Shared Dirtied Blocks": 0,                                  
                       "Shared Written Blocks": 0,                                  
                       "Local Hit Blocks": 0,                                       
                       "Local Read Blocks": 0,                                      
                       "Local Dirtied Blocks": 0,                                   
                       "Local Written Blocks": 0,                                   
                       "Temp Read Blocks": 0,                                       
                       "Temp Written Blocks": 0,                                    
                       "Plans": [                                                   
                         {                                                          
                           "Node Type": "Sort",                                     
                           "Parent Relationship": "Outer",                          
                           "Parallel Aware": false,                                 
                           "Startup Cost": 313483.60,                               
                           "Total Cost": 314665.56,                                 
                           "Plan Rows": 15223663,                                   
                           "Plan Width": 23,                                        
                           "Actual Startup Time": 51075.461,                        
                           "Actual Total Time": 52020.947,                          
                           "Actual Rows": 20572389,                                 
                           "Actual Loops": 1,                                       
                           "Sort Key": ["ci.role_id"],                              
                           "Sort Method": "quicksort",                              
                           "Sort Space Used": 2386596,                              
                           "Sort Space Type": "Memory",                             
                           "Shared Hit Blocks": 11,                                 
                           "Shared Read Blocks": 356098,                            
                           "Shared Dirtied Blocks": 0,                              
                           "Shared Written Blocks": 0,                              
                           "Local Hit Blocks": 0,                                   
                           "Local Read Blocks": 0,                                  
                           "Local Dirtied Blocks": 0,                               
                           "Local Written Blocks": 0,                               
                           "Temp Read Blocks": 0,                                   
                           "Temp Written Blocks": 0,                                
                           "Plans": [                                               
                             {                                                      
                               "Node Type": "Merge Join",                           
                               "Parent Relationship": "Outer",                      
                               "Parallel Aware": false,                             
                               "Join Type": "Inner",                                
                               "Startup Cost": 253193.41,                           
                               "Total Cost": 257080.88,                             
                               "Plan Rows": 15223663,                               
                               "Plan Width": 23,                                    
                               "Actual Startup Time": 38308.611,                    
                               "Actual Total Time": 46853.855,                      
                               "Actual Rows": 20572389,                             
                               "Actual Loops": 1,                                   
                               "Inner Unique": false,                               
                               "Merge Cond": "(n.id = ci.person_id)",               
                               "Shared Hit Blocks": 11,                             
                               "Shared Read Blocks": 356098,                        
                               "Shared Dirtied Blocks": 0,                          
                               "Shared Written Blocks": 0,                          
                               "Local Hit Blocks": 0,                               
                               "Local Read Blocks": 0,                              
                               "Local Dirtied Blocks": 0,                           
                               "Local Written Blocks": 0,                           
                               "Temp Read Blocks": 0,                               
                               "Temp Written Blocks": 0,                            
                               "Plans": [                                           
                                 {                                                  
                                   "Node Type": "Merge Join",                       
                                   "Parent Relationship": "Outer",                  
                                   "Parallel Aware": false,                         
                                   "Join Type": "Inner",                            
                                   "Startup Cost": 19451.73,                        
                                   "Total Cost": 20301.14,                          
                                   "Plan Rows": 901343,                             
                                   "Plan Width": 23,                                
                                   "Actual Startup Time": 4365.606,                 
                                   "Actual Total Time": 5356.114,                   
                                   "Actual Rows": 578866,                           
                                   "Actual Loops": 1,                               
                                   "Inner Unique": true,                            
                                   "Merge Cond": "(an.person_id = n.id)",           
                                   "Shared Hit Blocks": 4,                          
                                   "Shared Read Blocks": 67004,                     
                                   "Shared Dirtied Blocks": 0,                      
                                   "Shared Written Blocks": 0,                      
                                   "Local Hit Blocks": 0,                           
                                   "Local Read Blocks": 0,                          
                                   "Local Dirtied Blocks": 0,                       
                                   "Local Written Blocks": 0,                       
                                   "Temp Read Blocks": 0,                           
                                   "Temp Written Blocks": 0,                        
                                   "Plans": [                                       
                                     {                                              
                                       "Node Type": "Sort",                         
                                       "Parent Relationship": "Outer",              
                                       "Parallel Aware": false,                     
                                       "Startup Cost": 3188.40,                     
                                       "Total Cost": 3258.38,                       
                                       "Plan Rows": 901343,                         
                                       "Plan Width": 4,                             
                                       "Actual Startup Time": 812.647,              
                                       "Actual Total Time": 884.359,                
                                       "Actual Rows": 578866,                       
                                       "Actual Loops": 1,                           
                                       "Sort Key": ["an.person_id"],                
                                       "Sort Method": "quicksort",                  
                                       "Sort Space Used": 66827,                    
                                       "Sort Space Type": "Memory",                 
                                       "Shared Hit Blocks": 2,                      
                                       "Shared Read Blocks": 11393,                 
                                       "Shared Dirtied Blocks": 0,                  
                                       "Shared Written Blocks": 0,                  
                                       "Local Hit Blocks": 0,                       
                                       "Local Read Blocks": 0,                      
                                       "Local Dirtied Blocks": 0,                   
                                       "Local Written Blocks": 0,                   
                                       "Temp Read Blocks": 0,                       
                                       "Temp Written Blocks": 0,                    
                                       "Plans": [                                   
                                         {                                          
                                           "Node Type": "Seq Scan",                 
                                           "Parent Relationship": "Outer",          
                                           "Parallel Aware": false,                 
                                           "Relation Name": "aka_name",             
                                           "Alias": "an",                           
                                           "Startup Cost": 0.00,                    
                                           "Total Cost": 419.75,                    
                                           "Plan Rows": 901343,                     
                                           "Plan Width": 4,                         
                                           "Actual Startup Time": 0.021,            
                                           "Actual Total Time": 392.190,            
                                           "Actual Rows": 901343,                   
                                           "Actual Loops": 1,                       
                                           "Shared Hit Blocks": 2,                  
                                           "Shared Read Blocks": 11393,             
                                           "Shared Dirtied Blocks": 0,              
                                           "Shared Written Blocks": 0,              
                                           "Local Hit Blocks": 0,                   
                                           "Local Read Blocks": 0,                  
                                           "Local Dirtied Blocks": 0,               
                                           "Local Written Blocks": 0,               
                                           "Temp Read Blocks": 0,                   
                                           "Temp Written Blocks": 0                 
                                         }                                          
                                       ]                                            
                                     },                                             
                                     {                                              
                                       "Node Type": "Sort",                         
                                       "Parent Relationship": "Inner",              
                                       "Parallel Aware": false,                     
                                       "Startup Cost": 16263.33,                    
                                       "Total Cost": 16586.90,                      
                                       "Plan Rows": 4167491,                        
                                       "Plan Width": 19,                            
                                       "Actual Startup Time": 3552.946,             
                                       "Actual Total Time": 3901.068,               
                                       "Actual Rows": 2701136,                      
                                       "Actual Loops": 1,                           
                                       "Sort Key": ["n.id"],                        
                                       "Sort Method": "quicksort",                  
                                       "Sort Space Used": 405945,                   
                                       "Sort Space Type": "Memory",                 
                                       "Shared Hit Blocks": 2,                      
                                       "Shared Read Blocks": 55611,                 
                                       "Shared Dirtied Blocks": 0,                  
                                       "Shared Written Blocks": 0,                  
                                       "Local Hit Blocks": 0,                       
                                       "Local Read Blocks": 0,                      
                                       "Local Dirtied Blocks": 0,                   
                                       "Local Written Blocks": 0,                   
                                       "Temp Read Blocks": 0,                       
                                       "Temp Written Blocks": 0,                    
                                       "Plans": [                                   
                                         {                                          
                                           "Node Type": "Seq Scan",                 
                                           "Parent Relationship": "Outer",          
                                           "Parallel Aware": false,                 
                                           "Relation Name": "name",                 
                                           "Alias": "n",                            
                                           "Startup Cost": 0.00,                    
                                           "Total Cost": 2032.56,                   
                                           "Plan Rows": 4167491,                    
                                           "Plan Width": 19,                        
                                           "Actual Startup Time": 10.244,           
                                           "Actual Total Time": 1551.704,           
                                           "Actual Rows": 4167491,                  
                                           "Actual Loops": 1,                       
                                           "Shared Hit Blocks": 2,                  
                                           "Shared Read Blocks": 55611,             
                                           "Shared Dirtied Blocks": 0,              
                                           "Shared Written Blocks": 0,              
                                           "Local Hit Blocks": 0,                   
                                           "Local Read Blocks": 0,                  
                                           "Local Dirtied Blocks": 0,               
                                           "Local Written Blocks": 0,               
                                           "Temp Read Blocks": 0,                   
                                           "Temp Written Blocks": 0                 
                                         }                                          
                                       ]                                            
                                     }                                              
                                   ]                                                
                                 },                                                 
                                 {                                                  
                                   "Node Type": "Sort",                             
                                   "Parent Relationship": "Inner",                  
                                   "Parallel Aware": false,                         
                                   "Startup Cost": 233741.68,                       
                                   "Total Cost": 235105.98,                         
                                   "Plan Rows": 17572212,                           
                                   "Plan Width": 12,                                
                                   "Actual Startup Time": 33942.995,                
                                   "Actual Total Time": 36304.903,                  
                                   "Actual Rows": 28982661,                         
                                   "Actual Loops": 1,                               
                                   "Sort Key": ["ci.person_id"],                    
                                   "Sort Method": "quicksort",                      
                                   "Sort Space Used": 1610097,                      
                                   "Sort Space Type": "Memory",                     
                                   "Shared Hit Blocks": 7,                          
                                   "Shared Read Blocks": 289094,                    
                                   "Shared Dirtied Blocks": 0,                      
                                   "Shared Written Blocks": 0,                      
                                   "Local Hit Blocks": 0,                           
                                   "Local Read Blocks": 0,                          
                                   "Local Dirtied Blocks": 0,                       
                                   "Local Written Blocks": 0,                       
                                   "Temp Read Blocks": 0,                           
                                   "Temp Written Blocks": 0,                        
                                   "Plans": [                                       
                                     {                                              
                                       "Node Type": "Merge Join",                   
                                       "Parent Relationship": "Outer",              
                                       "Parallel Aware": false,                     
                                       "Join Type": "Inner",                        
                                       "Startup Cost": 163641.76,                   
                                       "Total Cost": 168072.97,                     
                                       "Plan Rows": 17572212,                       
                                       "Plan Width": 12,                            
                                       "Actual Startup Time": 20625.621,            
                                       "Actual Total Time": 27412.675,              
                                       "Actual Rows": 17571519,                     
                                       "Actual Loops": 1,                           
                                       "Inner Unique": false,                       
                                       "Merge Cond": "(chn.id = ci.person_role_id)",
                                       "Shared Hit Blocks": 7,                      
                                       "Shared Read Blocks": 289094,                
                                       "Shared Dirtied Blocks": 0,                  
                                       "Shared Written Blocks": 0,                  
                                       "Local Hit Blocks": 0,                       
                                       "Local Read Blocks": 0,                      
                                       "Local Dirtied Blocks": 0,                   
                                       "Local Written Blocks": 0,                   
                                       "Temp Read Blocks": 0,                       
                                       "Temp Written Blocks": 0,                    
                                       "Plans": [                                   
                                         {                                          
                                           "Node Type": "Sort",                     
                                           "Parent Relationship": "Outer",          
                                           "Parallel Aware": false,                 
                                           "Startup Cost": 11884.63,                
                                           "Total Cost": 12128.45,                  
                                           "Plan Rows": 3140339,                    
                                           "Plan Width": 4,                         
                                           "Actual Startup Time": 2456.320,         
                                           "Actual Total Time": 2916.276,           
                                           "Actual Rows": 3140339,                  
                                           "Actual Loops": 1,                       
                                           "Sort Key": ["chn.id"],                  
                                           "Sort Method": "quicksort",              
                                           "Sort Space Used": 245508,               
                                           "Sort Space Type": "Memory",             
                                           "Shared Hit Blocks": 2,                  
                                           "Shared Read Blocks": 36445,             
                                           "Shared Dirtied Blocks": 0,              
                                           "Shared Written Blocks": 0,              
                                           "Local Hit Blocks": 0,                   
                                           "Local Read Blocks": 0,                  
                                           "Local Dirtied Blocks": 0,               
                                           "Local Written Blocks": 0,               
                                           "Temp Read Blocks": 0,                   
                                           "Temp Written Blocks": 0,                
                                           "Plans": [                               
                                             {                                      
                                               "Node Type": "Seq Scan",             
                                               "Parent Relationship": "Outer",      
                                               "Parallel Aware": false,             
                                               "Relation Name": "char_name",        
                                               "Alias": "chn",                      
                                               "Startup Cost": 0.00,                
                                               "Total Cost": 1360.36,               
                                               "Plan Rows": 3140339,                
                                               "Plan Width": 4,                     
                                               "Actual Startup Time": 8.719,        
                                               "Actual Total Time": 1039.540,       
                                               "Actual Rows": 3140339,              
                                               "Actual Loops": 1,                   
                                               "Shared Hit Blocks": 2,              
                                               "Shared Read Blocks": 36445,         
                                               "Shared Dirtied Blocks": 0,          
                                               "Shared Written Blocks": 0,          
                                               "Local Hit Blocks": 0,               
                                               "Local Read Blocks": 0,              
                                               "Local Dirtied Blocks": 0,           
                                               "Local Written Blocks": 0,           
                                               "Temp Read Blocks": 0,               
                                               "Temp Written Blocks": 0             
                                             }                                      
                                           ]                                        
                                         },                                         
                                         {                                          
                                           "Node Type": "Sort",                     
                                           "Parent Relationship": "Inner",          
                                           "Parallel Aware": false,                 
                                           "Startup Cost": 151757.13,               
                                           "Total Cost": 154571.13,                 
                                           "Plan Rows": 36244344,                   
                                           "Plan Width": 16,                        
                                           "Actual Startup Time": 18169.289,        
                                           "Actual Total Time": 19928.492,          
                                           "Actual Rows": 17571520,                 
                                           "Actual Loops": 1,                       
                                           "Sort Key": ["ci.person_role_id"],       
                                           "Sort Method": "quicksort",              
                                           "Sort Space Used": 3271818,              
                                           "Sort Space Type": "Memory",             
                                           "Shared Hit Blocks": 5,                  
                                           "Shared Read Blocks": 252649,            
                                           "Shared Dirtied Blocks": 0,              
                                           "Shared Written Blocks": 0,              
                                           "Local Hit Blocks": 0,                   
                                           "Local Read Blocks": 0,                  
                                           "Local Dirtied Blocks": 0,               
                                           "Local Written Blocks": 0,               
                                           "Temp Read Blocks": 0,                   
                                           "Temp Written Blocks": 0,                
                                           "Plans": [                               
                                             {                                      
                                               "Node Type": "Seq Scan",             
                                               "Parent Relationship": "Outer",      
                                               "Parallel Aware": false,             
                                               "Relation Name": "cast_info",        
                                               "Alias": "ci",                       
                                               "Startup Cost": 0.00,                
                                               "Total Cost": 10431.00,              
                                               "Plan Rows": 36244344,               
                                               "Plan Width": 16,                    
                                               "Actual Startup Time": 0.016,        
                                               "Actual Total Time": 7820.397,       
                                               "Actual Rows": 36244344,             
                                               "Actual Loops": 1,                   
                                               "Shared Hit Blocks": 5,              
                                               "Shared Read Blocks": 252649,        
                                               "Shared Dirtied Blocks": 0,          
                                               "Shared Written Blocks": 0,          
                                               "Local Hit Blocks": 0,               
                                               "Local Read Blocks": 0,              
                                               "Local Dirtied Blocks": 0,           
                                               "Local Written Blocks": 0,           
                                               "Temp Read Blocks": 0,               
                                               "Temp Written Blocks": 0             
                                             }                                      
                                           ]                                        
                                         }                                          
                                       ]                                            
                                     }                                              
                                   ]                                                
                                 }                                                  
                               ]                                                    
                             }                                                      
                           ]                                                        
                         },                                                         
                         {                                                          
                           "Node Type": "Sort",                                     
                           "Parent Relationship": "Inner",                          
                           "Parallel Aware": false,                                 
                           "Startup Cost": 0.04,                                    
                           "Total Cost": 0.04,                                      
                           "Plan Rows": 12,                                         
                           "Plan Width": 4,                                         
                           "Actual Startup Time": 0.030,                            
                           "Actual Total Time": 0.030,                              
                           "Actual Rows": 2,                                        
                           "Actual Loops": 1,                                       
                           "Sort Key": ["rt.id"],                                   
                           "Sort Method": "quicksort",                              
                           "Sort Space Used": 25,                                   
                           "Sort Space Type": "Memory",                             
                           "Shared Hit Blocks": 1,                                  
                           "Shared Read Blocks": 0,                                 
                           "Shared Dirtied Blocks": 0,                              
                           "Shared Written Blocks": 0,                              
                           "Local Hit Blocks": 0,                                   
                           "Local Read Blocks": 0,                                  
                           "Local Dirtied Blocks": 0,                               
                           "Local Written Blocks": 0,                               
                           "Temp Read Blocks": 0,                                   
                           "Temp Written Blocks": 0,                                
                           "Plans": [                                               
                             {                                                      
                               "Node Type": "Seq Scan",                             
                               "Parent Relationship": "Outer",                      
                               "Parallel Aware": false,                             
                               "Relation Name": "role_type",                        
                               "Alias": "rt",                                       
                               "Startup Cost": 0.00,                                
                               "Total Cost": 0.03,                                  
                               "Plan Rows": 12,                                     
                               "Plan Width": 4,                                     
                               "Actual Startup Time": 0.014,                        
                               "Actual Total Time": 0.016,                          
                               "Actual Rows": 12,                                   
                               "Actual Loops": 1,                                   
                               "Shared Hit Blocks": 1,                              
                               "Shared Read Blocks": 0,                             
                               "Shared Dirtied Blocks": 0,                          
                               "Shared Written Blocks": 0,                          
                               "Local Hit Blocks": 0,                               
                               "Local Read Blocks": 0,                              
                               "Local Dirtied Blocks": 0,                           
                               "Local Written Blocks": 0,                           
                               "Temp Read Blocks": 0,                               
                               "Temp Written Blocks": 0                             
                             }                                                      
                           ]                                                        
                         }                                                          
                       ]                                                            
                     }                                                              
                   ]                                                                
                 }                                                                  
               ]                                                                    
             },                                                                     
             {                                                                      
               "Node Type": "Sort",                                                 
               "Parent Relationship": "Inner",                                      
               "Parallel Aware": false,                                             
               "Startup Cost": 119192.71,                                           
               "Total Cost": 120344.55,                                             
               "Plan Rows": 14835720,                                               
               "Plan Width": 4,                                                     
               "Actual Startup Time": 17150.116,                                    
               "Actual Total Time": 159821.251,                                     
               "Actual Rows": 3135748779,                                           
               "Actual Loops": 1,                                                   
               "Sort Key": ["mi.movie_id"],                                         
               "Sort Method": "quicksort",                                          
               "Sort Space Used": 1088641,                                          
               "Sort Space Type": "Memory",                                         
               "Shared Hit Blocks": 3,                                              
               "Shared Read Blocks": 161890,                                        
               "Shared Dirtied Blocks": 0,                                          
               "Shared Written Blocks": 0,                                          
               "Local Hit Blocks": 0,                                               
               "Local Read Blocks": 0,                                              
               "Local Dirtied Blocks": 0,                                           
               "Local Written Blocks": 0,                                           
               "Temp Read Blocks": 0,                                               
               "Temp Written Blocks": 0,                                            
               "Plans": [                                                           
                 {                                                                  
                   "Node Type": "Merge Join",                                       
                   "Parent Relationship": "Outer",                                  
                   "Parallel Aware": false,                                         
                   "Join Type": "Inner",                                            
                   "Startup Cost": 60983.62,                                        
                   "Total Cost": 64313.09,                                          
                   "Plan Rows": 14835720,                                           
                   "Plan Width": 4,                                                 
                   "Actual Startup Time": 9003.657,                                 
                   "Actual Total Time": 12181.723,                                  
                   "Actual Rows": 14835720,                                         
                   "Actual Loops": 1,                                               
                   "Inner Unique": false,                                           
                   "Merge Cond": "(it.id = mi.info_type_id)",                       
                   "Shared Hit Blocks": 3,                                          
                   "Shared Read Blocks": 161890,                                    
                   "Shared Dirtied Blocks": 0,                                      
                   "Shared Written Blocks": 0,                                      
                   "Local Hit Blocks": 0,                                           
                   "Local Read Blocks": 0,                                          
                   "Local Dirtied Blocks": 0,                                       
                   "Local Written Blocks": 0,                                       
                   "Temp Read Blocks": 0,                                           
                   "Temp Written Blocks": 0,                                        
                   "Plans": [                                                       
                     {                                                              
                       "Node Type": "Sort",                                         
                       "Parent Relationship": "Outer",                              
                       "Parallel Aware": false,                                     
                       "Startup Cost": 0.16,                                        
                       "Total Cost": 0.17,                                          
                       "Plan Rows": 113,                                            
                       "Plan Width": 4,                                             
                       "Actual Startup Time": 0.049,                                
                       "Actual Total Time": 0.074,                                  
                       "Actual Rows": 111,                                          
                       "Actual Loops": 1,                                           
                       "Sort Key": ["it.id"],                                       
                       "Sort Method": "quicksort",                                  
                       "Sort Space Used": 30,                                       
                       "Sort Space Type": "Memory",                                 
                       "Shared Hit Blocks": 1,                                      
                       "Shared Read Blocks": 0,                                     
                       "Shared Dirtied Blocks": 0,                                  
                       "Shared Written Blocks": 0,                                  
                       "Local Hit Blocks": 0,                                       
                       "Local Read Blocks": 0,                                      
                       "Local Dirtied Blocks": 0,                                   
                       "Local Written Blocks": 0,                                   
                       "Temp Read Blocks": 0,                                       
                       "Temp Written Blocks": 0,                                    
                       "Plans": [                                                   
                         {                                                          
                           "Node Type": "Seq Scan",                                 
                           "Parent Relationship": "Outer",                          
                           "Parallel Aware": false,                                 
                           "Relation Name": "info_type",                            
                           "Alias": "it",                                           
                           "Startup Cost": 0.00,                                    
                           "Total Cost": 0.04,                                      
                           "Plan Rows": 113,                                        
                           "Plan Width": 4,                                         
                           "Actual Startup Time": 0.015,                            
                           "Actual Total Time": 0.029,                              
                           "Actual Rows": 113,                                      
                           "Actual Loops": 1,                                       
                           "Shared Hit Blocks": 1,                                  
                           "Shared Read Blocks": 0,                                 
                           "Shared Dirtied Blocks": 0,                              
                           "Shared Written Blocks": 0,                              
                           "Local Hit Blocks": 0,                                   
                           "Local Read Blocks": 0,                                  
                           "Local Dirtied Blocks": 0,                               
                           "Local Written Blocks": 0,                               
                           "Temp Read Blocks": 0,                                   
                           "Temp Written Blocks": 0                                 
                         }                                                          
                       ]                                                            
                     },                                                             
                     {                                                              
                       "Node Type": "Sort",                                         
                       "Parent Relationship": "Inner",                              
                       "Parallel Aware": false,                                     
                       "Startup Cost": 60983.46,                                    
                       "Total Cost": 62135.30,                                      
                       "Plan Rows": 14835720,                                       
                       "Plan Width": 8,                                             
                       "Actual Startup Time": 9003.600,                             
                       "Actual Total Time": 9733.633,                               
                       "Actual Rows": 14835720,                                     
                       "Actual Loops": 1,                                           
                       "Sort Key": ["mi.info_type_id"],                             
                       "Sort Method": "quicksort",                                  
                       "Sort Space Used": 1088641,                                  
                       "Sort Space Type": "Memory",                                 
                       "Shared Hit Blocks": 2,                                      
                       "Shared Read Blocks": 161890,                                
                       "Shared Dirtied Blocks": 0,                                  
                       "Shared Written Blocks": 0,                                  
                       "Local Hit Blocks": 0,                                       
                       "Local Read Blocks": 0,                                      
                       "Local Dirtied Blocks": 0,                                   
                       "Local Written Blocks": 0,                                   
                       "Temp Read Blocks": 0,                                       
                       "Temp Written Blocks": 0,                                    
                       "Plans": [                                                   
                         {                                                          
                           "Node Type": "Seq Scan",                                 
                           "Parent Relationship": "Outer",                          
                           "Parallel Aware": false,                                 
                           "Relation Name": "movie_info",                           
                           "Alias": "mi",                                           
                           "Startup Cost": 0.00,                                    
                           "Total Cost": 6103.84,                                   
                           "Plan Rows": 14835720,                                   
                           "Plan Width": 8,                                         
                           "Actual Startup Time": 10.728,                           
                           "Actual Total Time": 5582.822,                           
                           "Actual Rows": 14835720,                                 
                           "Actual Loops": 1,                                       
                           "Filter": "(info IS NOT NULL)",                          
                           "Rows Removed by Filter": 0,                             
                           "Shared Hit Blocks": 2,                                  
                           "Shared Read Blocks": 161890,                            
                           "Shared Dirtied Blocks": 0,                              
                           "Shared Written Blocks": 0,                              
                           "Local Hit Blocks": 0,                                   
                           "Local Read Blocks": 0,                                  
                           "Local Dirtied Blocks": 0,                               
                           "Local Written Blocks": 0,                               
                           "Temp Read Blocks": 0,                                   
                           "Temp Written Blocks": 0                                 
                         }                                                          
                       ]                                                            
                     }                                                              
                   ]                                                                
                 }                                                                  
               ]                                                                    
             }                                                                      
           ]                                                                        
         }                                                                          
       ]                                                                            
     },                                                                             
     "Planning Time": 7344.358,                                                     
     "Triggers": [                                                                  
     ],                                                                             
     "Execution Time": 1398970.840                                                  
