     "Plan": {                                                       
       "Node Type": "Aggregate",                                     
       "Strategy": "Plain",                                          
       "Partial Mode": "Simple",                                     
       "Parallel Aware": false,                                      
       "Startup Cost": 39780.29,                                     
       "Total Cost": 39780.29,                                       
       "Plan Rows": 1,                                               
       "Plan Width": 68,                                             
       "Actual Startup Time": 10450.459,                             
       "Actual Total Time": 10450.459,                               
       "Actual Rows": 1,                                             
       "Actual Loops": 1,                                            
       "Shared Hit Blocks": 11,                                      
       "Shared Read Blocks": 63235,                                  
       "Shared Dirtied Blocks": 0,                                   
       "Shared Written Blocks": 0,                                   
       "Local Hit Blocks": 0,                                        
       "Local Read Blocks": 0,                                       
       "Local Dirtied Blocks": 0,                                    
       "Local Written Blocks": 0,                                    
       "Temp Read Blocks": 0,                                        
       "Temp Written Blocks": 0,                                     
       "Plans": [                                                    
         {                                                           
           "Node Type": "Merge Join",                                
           "Parent Relationship": "Outer",                           
           "Parallel Aware": false,                                  
           "Join Type": "Inner",                                     
           "Startup Cost": 37693.01,                                 
           "Total Cost": 39004.86,                                   
           "Plan Rows": 3329177,                                     
           "Plan Width": 45,                                         
           "Actual Startup Time": 6686.243,                          
           "Actual Total Time": 9390.722,                            
           "Actual Rows": 4073078,                                   
           "Actual Loops": 1,                                        
           "Inner Unique": false,                                    
           "Merge Cond": "(t.id = mc.movie_id)",                     
           "Shared Hit Blocks": 11,                                  
           "Shared Read Blocks": 63235,                              
           "Shared Dirtied Blocks": 0,                               
           "Shared Written Blocks": 0,                               
           "Local Hit Blocks": 0,                                    
           "Local Read Blocks": 0,                                   
           "Local Dirtied Blocks": 0,                                
           "Local Written Blocks": 0,                                
           "Temp Read Blocks": 0,                                    
           "Temp Written Blocks": 0,                                 
           "Plans": [                                                
             {                                                       
               "Node Type": "Merge Join",                            
               "Parent Relationship": "Outer",                       
               "Parallel Aware": false,                              
               "Join Type": "Inner",                                 
               "Startup Cost": 19066.28,                             
               "Total Cost": 19768.19,                               
               "Plan Rows": 1380035,                                 
               "Plan Width": 29,                                     
               "Actual Startup Time": 4051.238,                      
               "Actual Total Time": 5311.889,                        
               "Actual Rows": 1380012,                               
               "Actual Loops": 1,                                    
               "Inner Unique": true,                                 
               "Merge Cond": "(mi_idx.movie_id = t.id)",             
               "Shared Hit Blocks": 8,                               
               "Shared Read Blocks": 44448,                          
               "Shared Dirtied Blocks": 0,                           
               "Shared Written Blocks": 0,                           
               "Local Hit Blocks": 0,                                
               "Local Read Blocks": 0,                               
               "Local Dirtied Blocks": 0,                            
               "Local Written Blocks": 0,                            
               "Temp Read Blocks": 0,                                
               "Temp Written Blocks": 0,                             
               "Plans": [                                            
                 {                                                   
                   "Node Type": "Sort",                              
                   "Parent Relationship": "Outer",                   
                   "Parallel Aware": false,                          
                   "Startup Cost": 9411.92,                          
                   "Total Cost": 9519.07,                            
                   "Plan Rows": 1380035,                             
                   "Plan Width": 4,                                  
                   "Actual Startup Time": 1440.331,                  
                   "Actual Total Time": 1593.397,                    
                   "Actual Rows": 1380012,                           
                   "Actual Loops": 1,                                
                   "Sort Key": ["mi_idx.movie_id"],                  
                   "Sort Method": "quicksort",                       
                   "Sort Space Used": 113842,                        
                   "Sort Space Type": "Memory",                      
                   "Shared Hit Blocks": 7,                           
                   "Shared Read Blocks": 8451,                       
                   "Shared Dirtied Blocks": 0,                       
                   "Shared Written Blocks": 0,                       
                   "Local Hit Blocks": 0,                            
                   "Local Read Blocks": 0,                           
                   "Local Dirtied Blocks": 0,                        
                   "Local Written Blocks": 0,                        
                   "Temp Read Blocks": 0,                            
                   "Temp Written Blocks": 0,                         
                   "Plans": [                                        
                     {                                               
                       "Node Type": "Merge Join",                    
                       "Parent Relationship": "Outer",               
                       "Parallel Aware": false,                      
                       "Join Type": "Inner",                         
                       "Startup Cost": 4731.48,                      
                       "Total Cost": 5041.19,                        
                       "Plan Rows": 1380035,                         
                       "Plan Width": 4,                              
                       "Actual Startup Time": 640.433,               
                       "Actual Total Time": 947.996,                 
                       "Actual Rows": 1380035,                       
                       "Actual Loops": 1,                            
                       "Inner Unique": false,                        
                       "Merge Cond": "(it.id = mi_idx.info_type_id)",
                       "Shared Hit Blocks": 3,                       
                       "Shared Read Blocks": 8451,                   
                       "Shared Dirtied Blocks": 0,                   
                       "Shared Written Blocks": 0,                   
                       "Local Hit Blocks": 0,                        
                       "Local Read Blocks": 0,                       
                       "Local Dirtied Blocks": 0,                    
                       "Local Written Blocks": 0,                    
                       "Temp Read Blocks": 0,                        
                       "Temp Written Blocks": 0,                     
                       "Plans": [                                    
                         {                                           
                           "Node Type": "Sort",                      
                           "Parent Relationship": "Outer",           
                           "Parallel Aware": false,                  
                           "Startup Cost": 0.16,                     
                           "Total Cost": 0.17,                       
                           "Plan Rows": 113,                         
                           "Plan Width": 4,                          
                           "Actual Startup Time": 0.128,             
                           "Actual Total Time": 0.137,               
                           "Actual Rows": 113,                       
                           "Actual Loops": 1,                        
                           "Sort Key": ["it.id"],                    
                           "Sort Method": "quicksort",               
                           "Sort Space Used": 30,                    
                           "Sort Space Type": "Memory",              
                           "Shared Hit Blocks": 1,                   
                           "Shared Read Blocks": 0,                  
                           "Shared Dirtied Blocks": 0,               
                           "Shared Written Blocks": 0,               
                           "Local Hit Blocks": 0,                    
                           "Local Read Blocks": 0,                   
                           "Local Dirtied Blocks": 0,                
                           "Local Written Blocks": 0,                
                           "Temp Read Blocks": 0,                    
                           "Temp Written Blocks": 0,                 
                           "Plans": [                                
                             {                                       
                               "Node Type": "Seq Scan",              
                               "Parent Relationship": "Outer",       
                               "Parallel Aware": false,              
                               "Relation Name": "info_type",         
                               "Alias": "it",                        
                               "Startup Cost": 0.00,                 
                               "Total Cost": 0.04,                   
                               "Plan Rows": 113,                     
                               "Plan Width": 4,                      
                               "Actual Startup Time": 0.016,         
                               "Actual Total Time": 0.060,           
                               "Actual Rows": 113,                   
                               "Actual Loops": 1,                    
                               "Shared Hit Blocks": 1,               
                               "Shared Read Blocks": 0,              
                               "Shared Dirtied Blocks": 0,           
                               "Shared Written Blocks": 0,           
                               "Local Hit Blocks": 0,                
                               "Local Read Blocks": 0,               
                               "Local Dirtied Blocks": 0,            
                               "Local Written Blocks": 0,            
                               "Temp Read Blocks": 0,                
                               "Temp Written Blocks": 0              
                             }                                       
                           ]                                         
                         },                                          
                         {                                           
                           "Node Type": "Sort",                      
                           "Parent Relationship": "Inner",           
                           "Parallel Aware": false,                  
                           "Startup Cost": 4731.30,                  
                           "Total Cost": 4838.45,                    
                           "Plan Rows": 1380035,                     
                           "Plan Width": 8,                          
                           "Actual Startup Time": 640.280,           
                           "Actual Total Time": 719.577,             
                           "Actual Rows": 1380035,                   
                           "Actual Loops": 1,                        
                           "Sort Key": ["mi_idx.info_type_id"],      
                           "Sort Method": "quicksort",               
                           "Sort Space Used": 113842,                
                           "Sort Space Type": "Memory",              
                           "Shared Hit Blocks": 2,                   
                           "Shared Read Blocks": 8451,               
                           "Shared Dirtied Blocks": 0,               
                           "Shared Written Blocks": 0,               
                           "Local Hit Blocks": 0,                    
                           "Local Read Blocks": 0,                   
                           "Local Dirtied Blocks": 0,                
                           "Local Written Blocks": 0,                
                           "Temp Read Blocks": 0,                    
                           "Temp Written Blocks": 0,                 
                           "Plans": [                                
                             {                                       
                               "Node Type": "Seq Scan",              
                               "Parent Relationship": "Outer",       
                               "Parallel Aware": false,              
                               "Relation Name": "movie_info_idx",    
                               "Alias": "mi_idx",                    
                               "Startup Cost": 0.00,                 
                               "Total Cost": 360.56,                 
                               "Plan Rows": 1380035,                 
                               "Plan Width": 8,                      
                               "Actual Startup Time": 0.013,         
                               "Actual Total Time": 343.760,         
                               "Actual Rows": 1380035,               
                               "Actual Loops": 1,                    
                               "Shared Hit Blocks": 2,               
                               "Shared Read Blocks": 8451,           
                               "Shared Dirtied Blocks": 0,           
                               "Shared Written Blocks": 0,           
                               "Local Hit Blocks": 0,                
                               "Local Read Blocks": 0,               
                               "Local Dirtied Blocks": 0,            
                               "Local Written Blocks": 0,            
                               "Temp Read Blocks": 0,                
                               "Temp Written Blocks": 0              
                             }                                       
                           ]                                         
                         }                                           
                       ]                                             
                     }                                               
                   ]                                                 
                 },                                                  
                 {                                                   
                   "Node Type": "Sort",                              
                   "Parent Relationship": "Inner",                   
                   "Parallel Aware": false,                          
                   "Startup Cost": 9654.35,                          
                   "Total Cost": 9850.65,                            
                   "Plan Rows": 2528312,                             
                   "Plan Width": 25,                                 
                   "Actual Startup Time": 2610.896,                  
                   "Actual Total Time": 2936.120,                    
                   "Actual Rows": 2525757,                           
                   "Actual Loops": 1,                                
                   "Sort Key": ["t.id"],                             
                   "Sort Method": "quicksort",                       
                   "Sort Space Used": 289432,                        
                   "Sort Space Type": "Memory",                      
                   "Shared Hit Blocks": 1,                           
                   "Shared Read Blocks": 35997,                      
                   "Shared Dirtied Blocks": 0,                       
                   "Shared Written Blocks": 0,                       
                   "Local Hit Blocks": 0,                            
                   "Local Read Blocks": 0,                           
                   "Local Dirtied Blocks": 0,                        
                   "Local Written Blocks": 0,                        
                   "Temp Read Blocks": 0,                            
                   "Temp Written Blocks": 0,                         
                   "Plans": [                                        
                     {                                               
                       "Node Type": "Seq Scan",                      
                       "Parent Relationship": "Outer",               
                       "Parallel Aware": false,                      
                       "Relation Name": "title",                     
                       "Alias": "t",                                 
                       "Startup Cost": 0.00,                         
                       "Total Cost": 1303.96,                        
                       "Plan Rows": 2528312,                         
                       "Plan Width": 25,                             
                       "Actual Startup Time": 19.477,                
                       "Actual Total Time": 1278.489,                
                       "Actual Rows": 2528312,                       
                       "Actual Loops": 1,                            
                       "Shared Hit Blocks": 1,                       
                       "Shared Read Blocks": 35997,                  
                       "Shared Dirtied Blocks": 0,                   
                       "Shared Written Blocks": 0,                   
                       "Local Hit Blocks": 0,                        
                       "Local Read Blocks": 0,                       
                       "Local Dirtied Blocks": 0,                    
                       "Local Written Blocks": 0,                    
                       "Temp Read Blocks": 0,                        
                       "Temp Written Blocks": 0                      
                     }                                               
                   ]                                                 
                 }                                                   
               ]                                                     
             },                                                      
             {                                                       
               "Node Type": "Sort",                                  
               "Parent Relationship": "Inner",                       
               "Parallel Aware": false,                              
               "Startup Cost": 18626.73,                             
               "Total Cost": 18829.30,                               
               "Plan Rows": 2609129,                                 
               "Plan Width": 28,                                     
               "Actual Startup Time": 2634.996,                      
               "Actual Total Time": 2931.538,                        
               "Actual Rows": 5327324,                               
               "Actual Loops": 1,                                    
               "Sort Key": ["mc.movie_id"],                          
               "Sort Method": "quicksort",                           
               "Sort Space Used": 262625,                            
               "Sort Space Type": "Memory",                          
               "Shared Hit Blocks": 3,                               
               "Shared Read Blocks": 18787,                          
               "Shared Dirtied Blocks": 0,                           
               "Shared Written Blocks": 0,                           
               "Local Hit Blocks": 0,                                
               "Local Read Blocks": 0,                               
               "Local Dirtied Blocks": 0,                            
               "Local Written Blocks": 0,                            
               "Temp Read Blocks": 0,                                
               "Temp Written Blocks": 0,                             
               "Plans": [                                            
                 {                                                   
                   "Node Type": "Merge Join",                        
                   "Parent Relationship": "Outer",                   
                   "Parallel Aware": false,                          
                   "Join Type": "Inner",                             
                   "Startup Cost": 9405.49,                          
                   "Total Cost": 9991.03,                            
                   "Plan Rows": 2609129,                             
                   "Plan Width": 28,                                 
                   "Actual Startup Time": 1073.445,                  
                   "Actual Total Time": 1686.075,                    
                   "Actual Rows": 2609129,                           
                   "Actual Loops": 1,                                
                   "Inner Unique": false,                            
                   "Merge Cond": "(ct.id = mc.company_type_id)",     
                   "Shared Hit Blocks": 3,                           
                   "Shared Read Blocks": 18787,                      
                   "Shared Dirtied Blocks": 0,                       
                   "Shared Written Blocks": 0,                       
                   "Local Hit Blocks": 0,                            
                   "Local Read Blocks": 0,                           
                   "Local Dirtied Blocks": 0,                        
                   "Local Written Blocks": 0,                        
                   "Temp Read Blocks": 0,                            
                   "Temp Written Blocks": 0,                         
                   "Plans": [                                        
                     {                                               
                       "Node Type": "Sort",                          
                       "Parent Relationship": "Outer",               
                       "Parallel Aware": false,                      
                       "Startup Cost": 0.03,                         
                       "Total Cost": 0.03,                           
                       "Plan Rows": 4,                               
                       "Plan Width": 4,                              
                       "Actual Startup Time": 0.017,                 
                       "Actual Total Time": 0.019,                   
                       "Actual Rows": 3,                             
                       "Actual Loops": 1,                            
                       "Sort Key": ["ct.id"],                        
                       "Sort Method": "quicksort",                   
                       "Sort Space Used": 25,                        
                       "Sort Space Type": "Memory",                  
                       "Shared Hit Blocks": 1,                       
                       "Shared Read Blocks": 0,                      
                       "Shared Dirtied Blocks": 0,                   
                       "Shared Written Blocks": 0,                   
                       "Local Hit Blocks": 0,                        
                       "Local Read Blocks": 0,                       
                       "Local Dirtied Blocks": 0,                    
                       "Local Written Blocks": 0,                    
                       "Temp Read Blocks": 0,                        
                       "Temp Written Blocks": 0,                     
                       "Plans": [                                    
                         {                                           
                           "Node Type": "Seq Scan",                  
                           "Parent Relationship": "Outer",           
                           "Parallel Aware": false,                  
                           "Relation Name": "company_type",          
                           "Alias": "ct",                            
                           "Startup Cost": 0.00,                     
                           "Total Cost": 0.03,                       
                           "Plan Rows": 4,                           
                           "Plan Width": 4,                          
                           "Actual Startup Time": 0.012,             
                           "Actual Total Time": 0.013,               
                           "Actual Rows": 4,                         
                           "Actual Loops": 1,                        
                           "Shared Hit Blocks": 1,                   
                           "Shared Read Blocks": 0,                  
                           "Shared Dirtied Blocks": 0,               
                           "Shared Written Blocks": 0,               
                           "Local Hit Blocks": 0,                    
                           "Local Read Blocks": 0,                   
                           "Local Dirtied Blocks": 0,                
                           "Local Written Blocks": 0,                
                           "Temp Read Blocks": 0,                    
                           "Temp Written Blocks": 0                  
                         }                                           
                       ]                                             
                     },                                              
                     {                                               
                       "Node Type": "Sort",                          
                       "Parent Relationship": "Inner",               
                       "Parallel Aware": false,                      
                       "Startup Cost": 9405.45,                      
                       "Total Cost": 9608.03,                        
                       "Plan Rows": 2609129,                         
                       "Plan Width": 32,                             
                       "Actual Startup Time": 1073.422,              
                       "Actual Total Time": 1193.391,                
                       "Actual Rows": 2609129,                       
                       "Actual Loops": 1,                            
                       "Sort Key": ["mc.company_type_id"],           
                       "Sort Method": "quicksort",                   
                       "Sort Space Used": 264573,                    
                       "Sort Space Type": "Memory",                  
                       "Shared Hit Blocks": 2,                       
                       "Shared Read Blocks": 18787,                  
                       "Shared Dirtied Blocks": 0,                   
                       "Shared Written Blocks": 0,                   
                       "Local Hit Blocks": 0,                        
                       "Local Read Blocks": 0,                       
                       "Local Dirtied Blocks": 0,                    
                       "Local Written Blocks": 0,                    
                       "Temp Read Blocks": 0,                        
                       "Temp Written Blocks": 0,                     
                       "Plans": [                                    
                         {                                           
                           "Node Type": "Seq Scan",                  
                           "Parent Relationship": "Outer",           
                           "Parallel Aware": false,                  
                           "Relation Name": "movie_companies",       
                           "Alias": "mc",                            
                           "Startup Cost": 0.00,                     
                           "Total Cost": 769.75,                     
                           "Plan Rows": 2609129,                     
                           "Plan Width": 32,                         
                           "Actual Startup Time": 0.005,             
                           "Actual Total Time": 520.150,             
                           "Actual Rows": 2609129,                   
                           "Actual Loops": 1,                        
                           "Shared Hit Blocks": 2,                   
                           "Shared Read Blocks": 18787,              
                           "Shared Dirtied Blocks": 0,               
                           "Shared Written Blocks": 0,               
                           "Local Hit Blocks": 0,                    
                           "Local Read Blocks": 0,                   
                           "Local Dirtied Blocks": 0,                
                           "Local Written Blocks": 0,                
                           "Temp Read Blocks": 0,                    
                           "Temp Written Blocks": 0                  
                         }                                           
                       ]                                             
                     }                                               
                   ]                                                 
                 }                                                   
               ]                                                     
             }                                                       
           ]                                                         
         }                                                           
       ]                                                             
     },                                                              
     "Planning Time": 2406.256,                                      
     "Triggers": [                                                   
     ],                                                              
     "Execution Time": 10497.255                                     
