     "Plan": {                                                                                               
       "Node Type": "Aggregate",                                                                             
       "Strategy": "Plain",                                                                                  
       "Partial Mode": "Simple",                                                                             
       "Parallel Aware": false,                                                                              
       "Startup Cost": 254540.31,                                                                            
       "Total Cost": 254540.31,                                                                              
       "Plan Rows": 1,                                                                                       
       "Plan Width": 32,                                                                                     
       "Actual Startup Time": 83217.454,                                                                     
       "Actual Total Time": 83217.455,                                                                       
       "Actual Rows": 1,                                                                                     
       "Actual Loops": 1,                                                                                    
       "Shared Hit Blocks": 24,                                                                              
       "Shared Read Blocks": 406829,                                                                         
       "Shared Dirtied Blocks": 0,                                                                           
       "Shared Written Blocks": 0,                                                                           
       "Local Hit Blocks": 0,                                                                                
       "Local Read Blocks": 0,                                                                               
       "Local Dirtied Blocks": 0,                                                                            
       "Local Written Blocks": 0,                                                                            
       "Temp Read Blocks": 0,                                                                                
       "Temp Written Blocks": 0,                                                                             
       "Plans": [                                                                                            
         {                                                                                                   
           "Node Type": "Merge Join",                                                                        
           "Parent Relationship": "Outer",                                                                   
           "Parallel Aware": false,                                                                          
           "Join Type": "Inner",                                                                             
           "Startup Cost": 252932.98,                                                                        
           "Total Cost": 254053.30,                                                                          
           "Plan Rows": 6272686,                                                                             
           "Plan Width": 17,                                                                                 
           "Actual Startup Time": 54193.466,                                                                 
           "Actual Total Time": 72409.217,                                                                   
           "Actual Rows": 82254916,                                                                          
           "Actual Loops": 1,                                                                                
           "Inner Unique": false,                                                                            
           "Merge Cond": "(t.id = mk.movie_id)",                                                             
           "Shared Hit Blocks": 24,                                                                          
           "Shared Read Blocks": 406829,                                                                     
           "Shared Dirtied Blocks": 0,                                                                       
           "Shared Written Blocks": 0,                                                                       
           "Local Hit Blocks": 0,                                                                            
           "Local Read Blocks": 0,                                                                           
           "Local Dirtied Blocks": 0,                                                                        
           "Local Written Blocks": 0,                                                                        
           "Temp Read Blocks": 0,                                                                            
           "Temp Written Blocks": 0,                                                                         
           "Plans": [                                                                                        
             {                                                                                               
               "Node Type": "Sort",                                                                          
               "Parent Relationship": "Outer",                                                               
               "Parallel Aware": false,                                                                      
               "Startup Cost": 219360.96,                                                                    
               "Total Cost": 219477.30,                                                                      
               "Plan Rows": 1498470,                                                                         
               "Plan Width": 29,                                                                             
               "Actual Startup Time": 48693.684,                                                             
               "Actual Total Time": 49090.873,                                                               
               "Actual Rows": 2679508,                                                                       
               "Actual Loops": 1,                                                                            
               "Sort Key": ["cc.movie_id"],                                                                  
               "Sort Method": "quicksort",                                                                   
               "Sort Space Used": 312484,                                                                    
               "Sort Space Type": "Memory",                                                                  
               "Shared Hit Blocks": 19,                                                                      
               "Shared Read Blocks": 381431,                                                                 
               "Shared Dirtied Blocks": 0,                                                                   
               "Shared Written Blocks": 0,                                                                   
               "Local Hit Blocks": 0,                                                                        
               "Local Read Blocks": 0,                                                                       
               "Local Dirtied Blocks": 0,                                                                    
               "Local Written Blocks": 0,                                                                    
               "Temp Read Blocks": 0,                                                                        
               "Temp Written Blocks": 0,                                                                     
               "Plans": [                                                                                    
                 {                                                                                           
                   "Node Type": "Merge Join",                                                                
                   "Parent Relationship": "Outer",                                                           
                   "Parallel Aware": false,                                                                  
                   "Join Type": "Inner",                                                                     
                   "Startup Cost": 213620.46,                                                                
                   "Total Cost": 214587.48,                                                                  
                   "Plan Rows": 1498470,                                                                     
                   "Plan Width": 29,                                                                         
                   "Actual Startup Time": 45912.476,                                                         
                   "Actual Total Time": 47608.934,                                                           
                   "Actual Rows": 2679508,                                                                   
                   "Actual Loops": 1,                                                                        
                   "Inner Unique": true,                                                                     
                   "Merge Cond": "(ci.person_id = n.id)",                                                    
                   "Shared Hit Blocks": 15,                                                                  
                   "Shared Read Blocks": 381431,                                                             
                   "Shared Dirtied Blocks": 0,                                                               
                   "Shared Written Blocks": 0,                                                               
                   "Local Hit Blocks": 0,                                                                    
                   "Local Read Blocks": 0,                                                                   
                   "Local Dirtied Blocks": 0,                                                                
                   "Local Written Blocks": 0,                                                                
                   "Temp Read Blocks": 0,                                                                    
                   "Temp Written Blocks": 0,                                                                 
                   "Plans": [                                                                                
                     {                                                                                       
                       "Node Type": "Sort",                                                                  
                       "Parent Relationship": "Outer",                                                       
                       "Parallel Aware": false,                                                              
                       "Startup Cost": 197357.13,                                                            
                       "Total Cost": 197473.47,                                                              
                       "Plan Rows": 1498470,                                                                 
                       "Plan Width": 33,                                                                     
                       "Actual Startup Time": 42438.337,                                                     
                       "Actual Total Time": 42764.244,                                                       
                       "Actual Rows": 2679508,                                                               
                       "Actual Loops": 1,                                                                    
                       "Sort Key": ["ci.person_id"],                                                         
                       "Sort Method": "quicksort",                                                           
                       "Sort Space Used": 316425,                                                            
                       "Sort Space Type": "Memory",                                                          
                       "Shared Hit Blocks": 14,                                                              
                       "Shared Read Blocks": 325819,                                                         
                       "Shared Dirtied Blocks": 0,                                                           
                       "Shared Written Blocks": 0,                                                           
                       "Local Hit Blocks": 0,                                                                
                       "Local Read Blocks": 0,                                                               
                       "Local Dirtied Blocks": 0,                                                            
                       "Local Written Blocks": 0,                                                            
                       "Temp Read Blocks": 0,                                                                
                       "Temp Written Blocks": 0,                                                             
                       "Plans": [                                                                            
                         {                                                                                   
                           "Node Type": "Merge Join",                                                        
                           "Parent Relationship": "Outer",                                                   
                           "Parallel Aware": false,                                                          
                           "Join Type": "Inner",                                                             
                           "Startup Cost": 191759.73,                                                        
                           "Total Cost": 192583.65,                                                          
                           "Plan Rows": 1498470,                                                             
                           "Plan Width": 33,                                                                 
                           "Actual Startup Time": 39209.559,                                                 
                           "Actual Total Time": 41310.660,                                                   
                           "Actual Rows": 2679508,                                                           
                           "Actual Loops": 1,                                                                
                           "Inner Unique": true,                                                             
                           "Merge Cond": "(ci.person_role_id = chn.id)",                                     
                           "Shared Hit Blocks": 14,                                                          
                           "Shared Read Blocks": 325819,                                                     
                           "Shared Dirtied Blocks": 0,                                                       
                           "Shared Written Blocks": 0,                                                       
                           "Local Hit Blocks": 0,                                                            
                           "Local Read Blocks": 0,                                                           
                           "Local Dirtied Blocks": 0,                                                        
                           "Local Written Blocks": 0,                                                        
                           "Temp Read Blocks": 0,                                                            
                           "Temp Written Blocks": 0,                                                         
                           "Plans": [                                                                        
                             {                                                                               
                               "Node Type": "Sort",                                                          
                               "Parent Relationship": "Outer",                                               
                               "Parallel Aware": false,                                                      
                               "Startup Cost": 179875.10,                                                    
                               "Total Cost": 180115.07,                                                      
                               "Plan Rows": 3090736,                                                         
                               "Plan Width": 37,                                                             
                               "Actual Startup Time": 36743.591,                                             
                               "Actual Total Time": 37168.308,                                               
                               "Actual Rows": 2679509,                                                       
                               "Actual Loops": 1,                                                            
                               "Sort Key": ["ci.person_role_id"],                                            
                               "Sort Method": "quicksort",                                                   
                               "Sort Space Used": 628575,                                                    
                               "Sort Space Type": "Memory",                                                  
                               "Shared Hit Blocks": 12,                                                      
                               "Shared Read Blocks": 289374,                                                 
                               "Shared Dirtied Blocks": 0,                                                   
                               "Shared Written Blocks": 0,                                                   
                               "Local Hit Blocks": 0,                                                        
                               "Local Read Blocks": 0,                                                       
                               "Local Dirtied Blocks": 0,                                                    
                               "Local Written Blocks": 0,                                                    
                               "Temp Read Blocks": 0,                                                        
                               "Temp Written Blocks": 0,                                                     
                               "Plans": [                                                                    
                                 {                                                                           
                                   "Node Type": "Merge Join",                                                
                                   "Parent Relationship": "Outer",                                           
                                   "Parallel Aware": false,                                                  
                                   "Join Type": "Inner",                                                     
                                   "Startup Cost": 163745.24,                                                
                                   "Total Cost": 169528.09,                                                  
                                   "Plan Rows": 3090736,                                                     
                                   "Plan Width": 37,                                                         
                                   "Actual Startup Time": 25280.980,                                         
                                   "Actual Total Time": 34882.166,                                           
                                   "Actual Rows": 5212164,                                                   
                                   "Actual Loops": 1,                                                        
                                   "Inner Unique": false,                                                    
                                   "Merge Cond": "(t.id = ci.movie_id)",                                     
                                   "Shared Hit Blocks": 12,                                                  
                                   "Shared Read Blocks": 289374,                                             
                                   "Shared Dirtied Blocks": 0,                                               
                                   "Shared Written Blocks": 0,                                               
                                   "Local Hit Blocks": 0,                                                    
                                   "Local Read Blocks": 0,                                                   
                                   "Local Dirtied Blocks": 0,                                                
                                   "Local Written Blocks": 0,                                                
                                   "Temp Read Blocks": 0,                                                    
                                   "Temp Written Blocks": 0,                                                 
                                   "Plans": [                                                                
                                     {                                                                       
                                       "Node Type": "Sort",                                                  
                                       "Parent Relationship": "Outer",                                       
                                       "Parallel Aware": false,                                              
                                       "Startup Cost": 11988.11,                                             
                                       "Total Cost": 11998.60,                                               
                                       "Plan Rows": 135086,                                                  
                                       "Plan Width": 25,                                                     
                                       "Actual Startup Time": 3443.491,                                      
                                       "Actual Total Time": 3462.834,                                        
                                       "Actual Rows": 132440,                                                
                                       "Actual Loops": 1,                                                    
                                       "Sort Key": ["cc.movie_id"],                                          
                                       "Sort Method": "quicksort",                                           
                                       "Sort Space Used": 16403,                                             
                                       "Sort Space Type": "Memory",                                          
                                       "Shared Hit Blocks": 7,                                               
                                       "Shared Read Blocks": 36725,                                          
                                       "Shared Dirtied Blocks": 0,                                           
                                       "Shared Written Blocks": 0,                                           
                                       "Local Hit Blocks": 0,                                                
                                       "Local Read Blocks": 0,                                               
                                       "Local Dirtied Blocks": 0,                                            
                                       "Local Written Blocks": 0,                                            
                                       "Temp Read Blocks": 0,                                                
                                       "Temp Written Blocks": 0,                                             
                                       "Plans": [                                                            
                                         {                                                                   
                                           "Node Type": "Merge Join",                                        
                                           "Parent Relationship": "Outer",                                   
                                           "Parallel Aware": false,                                          
                                           "Join Type": "Inner",                                             
                                           "Startup Cost": 11600.29,                                         
                                           "Total Cost": 11630.61,                                           
                                           "Plan Rows": 135086,                                              
                                           "Plan Width": 25,                                                 
                                           "Actual Startup Time": 3355.647,                                  
                                           "Actual Total Time": 3393.356,                                    
                                           "Actual Rows": 135086,                                            
                                           "Actual Loops": 1,                                                
                                           "Inner Unique": true,                                             
                                           "Merge Cond": "(t.kind_id = kt.id)",                              
                                           "Shared Hit Blocks": 7,                                           
                                           "Shared Read Blocks": 36725,                                      
                                           "Shared Dirtied Blocks": 0,                                       
                                           "Shared Written Blocks": 0,                                       
                                           "Local Hit Blocks": 0,                                            
                                           "Local Read Blocks": 0,                                           
                                           "Local Dirtied Blocks": 0,                                        
                                           "Local Written Blocks": 0,                                        
                                           "Temp Read Blocks": 0,                                            
                                           "Temp Written Blocks": 0,                                         
                                           "Plans": [                                                        
                                             {                                                               
                                               "Node Type": "Sort",                                          
                                               "Parent Relationship": "Outer",                               
                                               "Parallel Aware": false,                                      
                                               "Startup Cost": 11600.26,                                     
                                               "Total Cost": 11610.74,                                       
                                               "Plan Rows": 135086,                                          
                                               "Plan Width": 29,                                             
                                               "Actual Startup Time": 3355.617,                              
                                               "Actual Total Time": 3363.017,                                
                                               "Actual Rows": 135086,                                        
                                               "Actual Loops": 1,                                            
                                               "Sort Key": ["t.kind_id"],                                    
                                               "Sort Method": "quicksort",                                   
                                               "Sort Space Used": 17004,                                     
                                               "Sort Space Type": "Memory",                                  
                                               "Shared Hit Blocks": 6,                                       
                                               "Shared Read Blocks": 36725,                                  
                                               "Shared Dirtied Blocks": 0,                                   
                                               "Shared Written Blocks": 0,                                   
                                               "Local Hit Blocks": 0,                                        
                                               "Local Read Blocks": 0,                                       
                                               "Local Dirtied Blocks": 0,                                    
                                               "Local Written Blocks": 0,                                    
                                               "Temp Read Blocks": 0,                                        
                                               "Temp Written Blocks": 0,                                     
                                               "Plans": [                                                    
                                                 {                                                           
                                                   "Node Type": "Merge Join",                                
                                                   "Parent Relationship": "Outer",                           
                                                   "Parallel Aware": false,                                  
                                                   "Join Type": "Inner",                                     
                                                   "Startup Cost": 10819.88,                                 
                                                   "Total Cost": 11242.75,                                   
                                                   "Plan Rows": 135086,                                      
                                                   "Plan Width": 29,                                         
                                                   "Actual Startup Time": 2555.593,                          
                                                   "Actual Total Time": 3317.987,                            
                                                   "Actual Rows": 135086,                                    
                                                   "Actual Loops": 1,                                        
                                                   "Inner Unique": true,                                     
                                                   "Merge Cond": "(cc.movie_id = t.id)",                     
                                                   "Shared Hit Blocks": 6,                                   
                                                   "Shared Read Blocks": 36725,                              
                                                   "Shared Dirtied Blocks": 0,                               
                                                   "Shared Written Blocks": 0,                               
                                                   "Local Hit Blocks": 0,                                    
                                                   "Local Read Blocks": 0,                                   
                                                   "Local Dirtied Blocks": 0,                                
                                                   "Local Written Blocks": 0,                                
                                                   "Temp Read Blocks": 0,                                    
                                                   "Temp Written Blocks": 0,                                 
                                                   "Plans": [                                                
                                                     {                                                       
                                                       "Node Type": "Sort",                                  
                                                       "Parent Relationship": "Outer",                       
                                                       "Parallel Aware": false,                              
                                                       "Startup Cost": 1165.49,                              
                                                       "Total Cost": 1175.98,                                
                                                       "Plan Rows": 135086,                                  
                                                       "Plan Width": 4,                                      
                                                       "Actual Startup Time": 224.394,                       
                                                       "Actual Total Time": 238.565,                         
                                                       "Actual Rows": 135086,                                
                                                       "Actual Loops": 1,                                    
                                                       "Sort Key": ["cc.movie_id"],                          
                                                       "Sort Method": "quicksort",                           
                                                       "Sort Space Used": 12477,                             
                                                       "Sort Space Type": "Memory",                          
                                                       "Shared Hit Blocks": 4,                               
                                                       "Shared Read Blocks": 729,                            
                                                       "Shared Dirtied Blocks": 0,                           
                                                       "Shared Written Blocks": 0,                           
                                                       "Local Hit Blocks": 0,                                
                                                       "Local Read Blocks": 0,                               
                                                       "Local Dirtied Blocks": 0,                            
                                                       "Local Written Blocks": 0,                            
                                                       "Temp Read Blocks": 0,                                
                                                       "Temp Written Blocks": 0,                             
                                                       "Plans": [                                            
                                                         {                                                   
                                                           "Node Type": "Merge Join",                        
                                                           "Parent Relationship": "Outer",                   
                                                           "Parallel Aware": false,                          
                                                           "Join Type": "Inner",                             
                                                           "Startup Cost": 777.66,                           
                                                           "Total Cost": 807.98,                             
                                                           "Plan Rows": 135086,                              
                                                           "Plan Width": 4,                                  
                                                           "Actual Startup Time": 148.173,                   
                                                           "Actual Total Time": 180.070,                     
                                                           "Actual Rows": 135086,                            
                                                           "Actual Loops": 1,                                
                                                           "Inner Unique": true,                             
                                                           "Merge Cond": "(cc.subject_id = cct.id)",        
                                                           "Shared Hit Blocks": 4,                           
                                                           "Shared Read Blocks": 729,                        
                                                           "Shared Dirtied Blocks": 0,                       
                                                           "Shared Written Blocks": 0,                       
                                                           "Local Hit Blocks": 0,                            
                                                           "Local Read Blocks": 0,                           
                                                           "Local Dirtied Blocks": 0,                        
                                                           "Local Written Blocks": 0,                        
                                                           "Temp Read Blocks": 0,                            
                                                           "Temp Written Blocks": 0,                         
                                                           "Plans": [                                        
                                                             {                                               
                                                               "Node Type": "Sort",                          
                                                               "Parent Relationship": "Outer",               
                                                               "Parallel Aware": false,                      
                                                               "Startup Cost": 777.63,                       
                                                               "Total Cost": 788.12,                         
                                                               "Plan Rows": 135086,                          
                                                               "Plan Width": 8,                              
                                                               "Actual Startup Time": 148.155,               
                                                               "Actual Total Time": 154.616,                 
                                                               "Actual Rows": 135086,                        
                                                               "Actual Loops": 1,                            
                                                               "Sort Key": ["cc.subject_id"],                
                                                               "Sort Method": "quicksort",                   
                                                               "Sort Space Used": 12477,                     
                                                               "Sort Space Type": "Memory",                  
                                                               "Shared Hit Blocks": 3,                       
                                                               "Shared Read Blocks": 729,                    
                                                               "Shared Dirtied Blocks": 0,                   
                                                               "Shared Written Blocks": 0,                   
                                                               "Local Hit Blocks": 0,                        
                                                               "Local Read Blocks": 0,                       
                                                               "Local Dirtied Blocks": 0,                    
                                                               "Local Written Blocks": 0,                    
                                                               "Temp Read Blocks": 0,                        
                                                               "Temp Written Blocks": 0,                     
                                                               "Plans": [                                    
                                                                 {                                           
                                                                   "Node Type": "Merge Join",                
                                                                   "Parent Relationship": "Outer",           
                                                                   "Parallel Aware": false,                  
                                                                   "Join Type": "Inner",                     
                                                                   "Startup Cost": 389.81,                   
                                                                   "Total Cost": 420.13,                     
                                                                   "Plan Rows": 135086,                      
                                                                   "Plan Width": 8,                          
                                                                   "Actual Startup Time": 89.794,            
                                                                   "Actual Total Time": 123.628,             
                                                                   "Actual Rows": 135086,                    
                                                                   "Actual Loops": 1,                        
                                                                   "Inner Unique": true,                     
                                                                   "Merge Cond": "(cc.status_id = cct.id)", 
                                                                   "Shared Hit Blocks": 3,                   
                                                                   "Shared Read Blocks": 729,                
                                                                   "Shared Dirtied Blocks": 0,               
                                                                   "Shared Written Blocks": 0,               
                                                                   "Local Hit Blocks": 0,                    
                                                                   "Local Read Blocks": 0,                   
                                                                   "Local Dirtied Blocks": 0,                
                                                                   "Local Written Blocks": 0,                
                                                                   "Temp Read Blocks": 0,                    
                                                                   "Temp Written Blocks": 0,                 
                                                                   "Plans": [                                
                                                                     {                                       
                                                                       "Node Type": "Sort",                  
                                                                       "Parent Relationship": "Outer",       
                                                                       "Parallel Aware": false,              
                                                                       "Startup Cost": 389.78,               
                                                                       "Total Cost": 400.26,                 
                                                                       "Plan Rows": 135086,                  
                                                                       "Plan Width": 12,                     
                                                                       "Actual Startup Time": 89.774,        
                                                                       "Actual Total Time": 96.413,          
                                                                       "Actual Rows": 135086,                
                                                                       "Actual Loops": 1,                    
                                                                       "Sort Key": ["cc.status_id"],         
                                                                       "Sort Method": "quicksort",           
                                                                       "Sort Space Used": 12477,             
                                                                       "Sort Space Type": "Memory",          
                                                                       "Shared Hit Blocks": 2,               
                                                                       "Shared Read Blocks": 729,            
                                                                       "Shared Dirtied Blocks": 0,           
                                                                       "Shared Written Blocks": 0,           
                                                                       "Local Hit Blocks": 0,                
                                                                       "Local Read Blocks": 0,               
                                                                       "Local Dirtied Blocks": 0,            
                                                                       "Local Written Blocks": 0,            
                                                                       "Temp Read Blocks": 0,                
                                                                       "Temp Written Blocks": 0,             
                                                                       "Plans": [                            
                                                                         {                                   
                                                                           "Node Type": "Seq Scan",          
                                                                           "Parent Relationship": "Outer",   
                                                                           "Parallel Aware": false,          
                                                                           "Relation Name": "complete_cast", 
                                                                           "Alias": "cc",                    
                                                                           "Startup Cost": 0.00,             
                                                                           "Total Cost": 32.27,              
                                                                           "Plan Rows": 135086,              
                                                                           "Plan Width": 12,                 
                                                                           "Actual Startup Time": 0.198,     
                                                                           "Actual Total Time": 50.395,      
                                                                           "Actual Rows": 135086,            
                                                                           "Actual Loops": 1,                
                                                                           "Shared Hit Blocks": 2,           
                                                                           "Shared Read Blocks": 729,        
                                                                           "Shared Dirtied Blocks": 0,       
                                                                           "Shared Written Blocks": 0,       
                                                                           "Local Hit Blocks": 0,            
                                                                           "Local Read Blocks": 0,           
                                                                           "Local Dirtied Blocks": 0,        
                                                                           "Local Written Blocks": 0,        
                                                                           "Temp Read Blocks": 0,            
                                                                           "Temp Written Blocks": 0          
                                                                         }                                   
                                                                       ]                                     
                                                                     },                                      
                                                                     {                                       
                                                                       "Node Type": "Sort",                  
                                                                       "Parent Relationship": "Inner",       
                                                                       "Parallel Aware": false,              
                                                                       "Startup Cost": 0.03,                 
                                                                       "Total Cost": 0.03,                   
                                                                       "Plan Rows": 4,                       
                                                                       "Plan Width": 4,                      
                                                                       "Actual Startup Time": 0.013,         
                                                                       "Actual Total Time": 0.014,           
                                                                       "Actual Rows": 4,                     
                                                                       "Actual Loops": 1,                    
                                                                       "Sort Key": ["cct.id"],              
                                                                       "Sort Method": "quicksort",           
                                                                       "Sort Space Used": 25,                
                                                                       "Sort Space Type": "Memory",          
                                                                       "Shared Hit Blocks": 1,               
                                                                       "Shared Read Blocks": 0,              
                                                                       "Shared Dirtied Blocks": 0,           
                                                                       "Shared Written Blocks": 0,           
                                                                       "Local Hit Blocks": 0,                
                                                                       "Local Read Blocks": 0,               
                                                                       "Local Dirtied Blocks": 0,            
                                                                       "Local Written Blocks": 0,            
                                                                       "Temp Read Blocks": 0,                
                                                                       "Temp Written Blocks": 0,             
                                                                       "Plans": [                            
                                                                         {                                   
                                                                           "Node Type": "Seq Scan",          
                                                                           "Parent Relationship": "Outer",   
                                                                           "Parallel Aware": false,          
                                                                           "Relation Name": "comp_cast_type",
                                                                           "Alias": "cct",                  
                                                                           "Startup Cost": 0.00,             
                                                                           "Total Cost": 0.03,               
                                                                           "Plan Rows": 4,                   
                                                                           "Plan Width": 4,                  
                                                                           "Actual Startup Time": 0.005,     
                                                                           "Actual Total Time": 0.006,       
                                                                           "Actual Rows": 4,                 
                                                                           "Actual Loops": 1,                
                                                                           "Shared Hit Blocks": 1,           
                                                                           "Shared Read Blocks": 0,          
                                                                           "Shared Dirtied Blocks": 0,       
                                                                           "Shared Written Blocks": 0,       
                                                                           "Local Hit Blocks": 0,            
                                                                           "Local Read Blocks": 0,           
                                                                           "Local Dirtied Blocks": 0,        
                                                                           "Local Written Blocks": 0,        
                                                                           "Temp Read Blocks": 0,            
                                                                           "Temp Written Blocks": 0          
                                                                         }                                   
                                                                       ]                                     
                                                                     }                                       
                                                                   ]                                         
                                                                 }                                           
                                                               ]                                             
                                                             },                                              
                                                             {                                               
                                                               "Node Type": "Sort",                          
                                                               "Parent Relationship": "Inner",               
                                                               "Parallel Aware": false,                      
                                                               "Startup Cost": 0.03,                         
                                                               "Total Cost": 0.03,                           
                                                               "Plan Rows": 4,                               
                                                               "Plan Width": 4,                              
                                                               "Actual Startup Time": 0.016,                 
                                                               "Actual Total Time": 0.016,                   
                                                               "Actual Rows": 2,                             
                                                               "Actual Loops": 1,                            
                                                               "Sort Key": ["cct.id"],                      
                                                               "Sort Method": "quicksort",                   
                                                               "Sort Space Used": 25,                        
                                                               "Sort Space Type": "Memory",                  
                                                               "Shared Hit Blocks": 1,                       
                                                               "Shared Read Blocks": 0,                      
                                                               "Shared Dirtied Blocks": 0,                   
                                                               "Shared Written Blocks": 0,                   
                                                               "Local Hit Blocks": 0,                        
                                                               "Local Read Blocks": 0,                       
                                                               "Local Dirtied Blocks": 0,                    
                                                               "Local Written Blocks": 0,                    
                                                               "Temp Read Blocks": 0,                        
                                                               "Temp Written Blocks": 0,                     
                                                               "Plans": [                                    
                                                                 {                                           
                                                                   "Node Type": "Seq Scan",                  
                                                                   "Parent Relationship": "Outer",           
                                                                   "Parallel Aware": false,                  
                                                                   "Relation Name": "comp_cast_type",        
                                                                   "Alias": "cct",                          
                                                                   "Startup Cost": 0.00,                     
                                                                   "Total Cost": 0.03,                       
                                                                   "Plan Rows": 4,                           
                                                                   "Plan Width": 4,                          
                                                                   "Actual Startup Time": 0.008,             
                                                                   "Actual Total Time": 0.008,               
                                                                   "Actual Rows": 4,                         
                                                                   "Actual Loops": 1,                        
                                                                   "Shared Hit Blocks": 1,                   
                                                                   "Shared Read Blocks": 0,                  
                                                                   "Shared Dirtied Blocks": 0,               
                                                                   "Shared Written Blocks": 0,               
                                                                   "Local Hit Blocks": 0,                    
                                                                   "Local Read Blocks": 0,                   
                                                                   "Local Dirtied Blocks": 0,                
                                                                   "Local Written Blocks": 0,                
                                                                   "Temp Read Blocks": 0,                    
                                                                   "Temp Written Blocks": 0                  
                                                                 }                                           
                                                               ]                                             
                                                             }                                               
                                                           ]                                                 
                                                         }                                                   
                                                       ]                                                     
                                                     },                                                      
                                                     {                                                       
                                                       "Node Type": "Sort",                                  
                                                       "Parent Relationship": "Inner",                       
                                                       "Parallel Aware": false,                              
                                                       "Startup Cost": 9654.35,                              
                                                       "Total Cost": 9850.65,                                
                                                       "Plan Rows": 2528312,                                 
                                                       "Plan Width": 25,                                     
                                                       "Actual Startup Time": 2331.085,                      
                                                       "Actual Total Time": 2638.694,                        
                                                       "Actual Rows": 2528312,                               
                                                       "Actual Loops": 1,                                    
                                                       "Sort Key": ["t.id"],                                 
                                                       "Sort Method": "quicksort",                           
                                                       "Sort Space Used": 290000,                            
                                                       "Sort Space Type": "Memory",                          
                                                       "Shared Hit Blocks": 2,                               
                                                       "Shared Read Blocks": 35996,                          
                                                       "Shared Dirtied Blocks": 0,                           
                                                       "Shared Written Blocks": 0,                           
                                                       "Local Hit Blocks": 0,                                
                                                       "Local Read Blocks": 0,                               
                                                       "Local Dirtied Blocks": 0,                            
                                                       "Local Written Blocks": 0,                            
                                                       "Temp Read Blocks": 0,                                
                                                       "Temp Written Blocks": 0,                             
                                                       "Plans": [                                            
                                                         {                                                   
                                                           "Node Type": "Seq Scan",                          
                                                           "Parent Relationship": "Outer",                   
                                                           "Parallel Aware": false,                          
                                                           "Relation Name": "title",                         
                                                           "Alias": "t",                                     
                                                           "Startup Cost": 0.00,                             
                                                           "Total Cost": 1303.96,                            
                                                           "Plan Rows": 2528312,                             
                                                           "Plan Width": 25,                                 
                                                           "Actual Startup Time": 21.459,                    
                                                           "Actual Total Time": 995.013,                     
                                                           "Actual Rows": 2528312,                           
                                                           "Actual Loops": 1,                                
                                                           "Shared Hit Blocks": 2,                           
                                                           "Shared Read Blocks": 35996,                      
                                                           "Shared Dirtied Blocks": 0,                       
                                                           "Shared Written Blocks": 0,                       
                                                           "Local Hit Blocks": 0,                            
                                                           "Local Read Blocks": 0,                           
                                                           "Local Dirtied Blocks": 0,                        
                                                           "Local Written Blocks": 0,                        
                                                           "Temp Read Blocks": 0,                            
                                                           "Temp Written Blocks": 0                          
                                                         }                                                   
                                                       ]                                                     
                                                     }                                                       
                                                   ]                                                         
                                                 }                                                           
                                               ]                                                             
                                             },                                                              
                                             {                                                               
                                               "Node Type": "Sort",                                          
                                               "Parent Relationship": "Inner",                               
                                               "Parallel Aware": false,                                      
                                               "Startup Cost": 0.03,                                         
                                               "Total Cost": 0.04,                                           
                                               "Plan Rows": 7,                                               
                                               "Plan Width": 4,                                              
                                               "Actual Startup Time": 0.026,                                 
                                               "Actual Total Time": 0.027,                                   
                                               "Actual Rows": 7,                                             
                                               "Actual Loops": 1,                                            
                                               "Sort Key": ["kt.id"],                                        
                                               "Sort Method": "quicksort",                                   
                                               "Sort Space Used": 25,                                        
                                               "Sort Space Type": "Memory",                                  
                                               "Shared Hit Blocks": 1,                                       
                                               "Shared Read Blocks": 0,                                      
                                               "Shared Dirtied Blocks": 0,                                   
                                               "Shared Written Blocks": 0,                                   
                                               "Local Hit Blocks": 0,                                        
                                               "Local Read Blocks": 0,                                       
                                               "Local Dirtied Blocks": 0,                                    
                                               "Local Written Blocks": 0,                                    
                                               "Temp Read Blocks": 0,                                        
                                               "Temp Written Blocks": 0,                                     
                                               "Plans": [                                                    
                                                 {                                                           
                                                   "Node Type": "Seq Scan",                                  
                                                   "Parent Relationship": "Outer",                           
                                                   "Parallel Aware": false,                                  
                                                   "Relation Name": "kind_type",                             
                                                   "Alias": "kt",                                            
                                                   "Startup Cost": 0.00,                                     
                                                   "Total Cost": 0.03,                                       
                                                   "Plan Rows": 7,                                           
                                                   "Plan Width": 4,                                          
                                                   "Actual Startup Time": 0.015,                             
                                                   "Actual Total Time": 0.017,                               
                                                   "Actual Rows": 7,                                         
                                                   "Actual Loops": 1,                                        
                                                   "Shared Hit Blocks": 1,                                   
                                                   "Shared Read Blocks": 0,                                  
                                                   "Shared Dirtied Blocks": 0,                               
                                                   "Shared Written Blocks": 0,                               
                                                   "Local Hit Blocks": 0,                                    
                                                   "Local Read Blocks": 0,                                   
                                                   "Local Dirtied Blocks": 0,                                
                                                   "Local Written Blocks": 0,                                
                                                   "Temp Read Blocks": 0,                                    
                                                   "Temp Written Blocks": 0                                  
                                                 }                                                           
                                               ]                                                             
                                             }                                                               
                                           ]                                                                 
                                         }                                                                   
                                       ]                                                                     
                                     },                                                                      
                                     {                                                                       
                                       "Node Type": "Sort",                                                  
                                       "Parent Relationship": "Inner",                                       
                                       "Parallel Aware": false,                                              
                                       "Startup Cost": 151757.13,                                            
                                       "Total Cost": 154571.13,                                              
                                       "Plan Rows": 36244344,                                                
                                       "Plan Width": 12,                                                     
                                       "Actual Startup Time": 21836.855,                                     
                                       "Actual Total Time": 26335.216,                                       
                                       "Actual Rows": 37874029,                                              
                                       "Actual Loops": 1,                                                    
                                       "Sort Key": ["ci.movie_id"],                                          
                                       "Sort Method": "quicksort",                                           
                                       "Sort Space Used": 3271818,                                           
                                       "Sort Space Type": "Memory",                                          
                                       "Shared Hit Blocks": 5,                                               
                                       "Shared Read Blocks": 252649,                                         
                                       "Shared Dirtied Blocks": 0,                                           
                                       "Shared Written Blocks": 0,                                           
                                       "Local Hit Blocks": 0,                                                
                                       "Local Read Blocks": 0,                                               
                                       "Local Dirtied Blocks": 0,                                            
                                       "Local Written Blocks": 0,                                            
                                       "Temp Read Blocks": 0,                                                
                                       "Temp Written Blocks": 0,                                             
                                       "Plans": [                                                            
                                         {                                                                   
                                           "Node Type": "Seq Scan",                                          
                                           "Parent Relationship": "Outer",                                   
                                           "Parallel Aware": false,                                          
                                           "Relation Name": "cast_info",                                     
                                           "Alias": "ci",                                                    
                                           "Startup Cost": 0.00,                                             
                                           "Total Cost": 10431.00,                                           
                                           "Plan Rows": 36244344,                                            
                                           "Plan Width": 12,                                                 
                                           "Actual Startup Time": 0.014,                                     
                                           "Actual Total Time": 7127.147,                                    
                                           "Actual Rows": 36244344,                                          
                                           "Actual Loops": 1,                                                
                                           "Shared Hit Blocks": 5,                                           
                                           "Shared Read Blocks": 252649,                                     
                                           "Shared Dirtied Blocks": 0,                                       
                                           "Shared Written Blocks": 0,                                       
                                           "Local Hit Blocks": 0,                                            
                                           "Local Read Blocks": 0,                                           
                                           "Local Dirtied Blocks": 0,                                        
                                           "Local Written Blocks": 0,                                        
                                           "Temp Read Blocks": 0,                                            
                                           "Temp Written Blocks": 0                                          
                                         }                                                                   
                                       ]                                                                     
                                     }                                                                       
                                   ]                                                                         
                                 }                                                                           
                               ]                                                                             
                             },                                                                              
                             {                                                                               
                               "Node Type": "Sort",                                                          
                               "Parent Relationship": "Inner",                                               
                               "Parallel Aware": false,                                                      
                               "Startup Cost": 11884.63,                                                     
                               "Total Cost": 12128.45,                                                       
                               "Plan Rows": 3140339,                                                         
                               "Plan Width": 4,                                                              
                               "Actual Startup Time": 2465.958,                                              
                               "Actual Total Time": 2857.887,                                                
                               "Actual Rows": 3140267,                                                       
                               "Actual Loops": 1,                                                            
                               "Sort Key": ["chn.id"],                                                       
                               "Sort Method": "quicksort",                                                   
                               "Sort Space Used": 245508,                                                    
                               "Sort Space Type": "Memory",                                                  
                               "Shared Hit Blocks": 2,                                                       
                               "Shared Read Blocks": 36445,                                                  
                               "Shared Dirtied Blocks": 0,                                                   
                               "Shared Written Blocks": 0,                                                   
                               "Local Hit Blocks": 0,                                                        
                               "Local Read Blocks": 0,                                                       
                               "Local Dirtied Blocks": 0,                                                    
                               "Local Written Blocks": 0,                                                    
                               "Temp Read Blocks": 0,                                                        
                               "Temp Written Blocks": 0,                                                     
                               "Plans": [                                                                    
                                 {                                                                           
                                   "Node Type": "Seq Scan",                                                  
                                   "Parent Relationship": "Outer",                                           
                                   "Parallel Aware": false,                                                  
                                   "Relation Name": "char_name",                                             
                                   "Alias": "chn",                                                           
                                   "Startup Cost": 0.00,                                                     
                                   "Total Cost": 1360.36,                                                    
                                   "Plan Rows": 3140339,                                                     
                                   "Plan Width": 4,                                                          
                                   "Actual Startup Time": 12.068,                                            
                                   "Actual Total Time": 1046.844,                                            
                                   "Actual Rows": 3140339,                                                   
                                   "Actual Loops": 1,                                                        
                                   "Shared Hit Blocks": 2,                                                   
                                   "Shared Read Blocks": 36445,                                              
                                   "Shared Dirtied Blocks": 0,                                               
                                   "Shared Written Blocks": 0,                                               
                                   "Local Hit Blocks": 0,                                                    
                                   "Local Read Blocks": 0,                                                   
                                   "Local Dirtied Blocks": 0,                                                
                                   "Local Written Blocks": 0,                                                
                                   "Temp Read Blocks": 0,                                                    
                                   "Temp Written Blocks": 0                                                  
                                 }                                                                           
                               ]                                                                             
                             }                                                                               
                           ]                                                                                 
                         }                                                                                   
                       ]                                                                                     
                     },                                                                                      
                     {                                                                                       
                       "Node Type": "Sort",                                                                  
                       "Parent Relationship": "Inner",                                                       
                       "Parallel Aware": false,                                                              
                       "Startup Cost": 16263.33,                                                             
                       "Total Cost": 16586.90,                                                               
                       "Plan Rows": 4167491,                                                                 
                       "Plan Width": 4,                                                                      
                       "Actual Startup Time": 3474.127,                                                      
                       "Actual Total Time": 3750.583,                                                        
                       "Actual Rows": 2701090,                                                               
                       "Actual Loops": 1,                                                                    
                       "Sort Key": ["n.id"],                                                                 
                       "Sort Method": "quicksort",                                                           
                       "Sort Space Used": 293656,                                                            
                       "Sort Space Type": "Memory",                                                          
                       "Shared Hit Blocks": 1,                                                               
                       "Shared Read Blocks": 55612,                                                          
                       "Shared Dirtied Blocks": 0,                                                           
                       "Shared Written Blocks": 0,                                                           
                       "Local Hit Blocks": 0,                                                                
                       "Local Read Blocks": 0,                                                               
                       "Local Dirtied Blocks": 0,                                                            
                       "Local Written Blocks": 0,                                                            
                       "Temp Read Blocks": 0,                                                                
                       "Temp Written Blocks": 0,                                                             
                       "Plans": [                                                                            
                         {                                                                                   
                           "Node Type": "Seq Scan",                                                          
                           "Parent Relationship": "Outer",                                                   
                           "Parallel Aware": false,                                                          
                           "Relation Name": "name",                                                          
                           "Alias": "n",                                                                     
                           "Startup Cost": 0.00,                                                             
                           "Total Cost": 2032.56,                                                            
                           "Plan Rows": 4167491,                                                             
                           "Plan Width": 4,                                                                  
                           "Actual Startup Time": 7.054,                                                     
                           "Actual Total Time": 1650.170,                                                    
                           "Actual Rows": 4167491,                                                           
                           "Actual Loops": 1,                                                                
                           "Shared Hit Blocks": 1,                                                           
                           "Shared Read Blocks": 55612,                                                      
                           "Shared Dirtied Blocks": 0,                                                       
                           "Shared Written Blocks": 0,                                                       
                           "Local Hit Blocks": 0,                                                            
                           "Local Read Blocks": 0,                                                           
                           "Local Dirtied Blocks": 0,                                                        
                           "Local Written Blocks": 0,                                                        
                           "Temp Read Blocks": 0,                                                            
                           "Temp Written Blocks": 0                                                          
                         }                                                                                   
                       ]                                                                                     
                     }                                                                                       
                   ]                                                                                         
                 }                                                                                           
               ]                                                                                             
             },                                                                                              
             {                                                                                               
               "Node Type": "Sort",                                                                          
               "Parent Relationship": "Inner",                                                               
               "Parallel Aware": false,                                                                      
               "Startup Cost": 33572.02,                                                                     
               "Total Cost": 33923.26,                                                                       
               "Plan Rows": 4523930,                                                                         
               "Plan Width": 4,                                                                              
               "Actual Startup Time": 5499.363,                                                              
               "Actual Total Time": 9823.055,                                                                
               "Actual Rows": 85322725,                                                                      
               "Actual Loops": 1,                                                                            
               "Sort Key": ["mk.movie_id"],                                                                  
               "Sort Method": "quicksort",                                                                   
               "Sort Space Used": 408668,                                                                    
               "Sort Space Type": "Memory",                                                                  
               "Shared Hit Blocks": 5,                                                                       
               "Shared Read Blocks": 25398,                                                                  
               "Shared Dirtied Blocks": 0,                                                                   
               "Shared Written Blocks": 0,                                                                   
               "Local Hit Blocks": 0,                                                                        
               "Local Read Blocks": 0,                                                                       
               "Local Dirtied Blocks": 0,                                                                    
               "Local Written Blocks": 0,                                                                    
               "Temp Read Blocks": 0,                                                                        
               "Temp Written Blocks": 0,                                                                     
               "Plans": [                                                                                    
                 {                                                                                           
                   "Node Type": "Merge Join",                                                                
                   "Parent Relationship": "Outer",                                                           
                   "Parallel Aware": false,                                                                  
                   "Join Type": "Inner",                                                                     
                   "Startup Cost": 17004.84,                                                                 
                   "Total Cost": 18040.94,                                                                   
                   "Plan Rows": 4523930,                                                                     
                   "Plan Width": 4,                                                                          
                   "Actual Startup Time": 2327.423,                                                          
                   "Actual Total Time": 3910.915,                                                            
                   "Actual Rows": 4523930,                                                                   
                   "Actual Loops": 1,                                                                        
                   "Inner Unique": false,                                                                    
                   "Merge Cond": "(k.id = mk.keyword_id)",                                                   
                   "Shared Hit Blocks": 5,                                                                   
                   "Shared Read Blocks": 25398,                                                              
                   "Shared Dirtied Blocks": 0,                                                               
                   "Shared Written Blocks": 0,                                                               
                   "Local Hit Blocks": 0,                                                                    
                   "Local Read Blocks": 0,                                                                   
                   "Local Dirtied Blocks": 0,                                                                
                   "Local Written Blocks": 0,                                                                
                   "Temp Read Blocks": 0,                                                                    
                   "Temp Written Blocks": 0,                                                                 
                   "Plans": [                                                                                
                     {                                                                                       
                       "Node Type": "Sort",                                                                  
                       "Parent Relationship": "Outer",                                                       
                       "Parallel Aware": false,                                                              
                       "Startup Cost": 393.92,                                                               
                       "Total Cost": 404.34,                                                                 
                       "Plan Rows": 134170,                                                                  
                       "Plan Width": 4,                                                                      
                       "Actual Startup Time": 112.840,                                                       
                       "Actual Total Time": 131.706,                                                         
                       "Actual Rows": 134170,                                                                
                       "Actual Loops": 1,                                                                    
                       "Sort Key": ["k.id"],                                                                 
                       "Sort Method": "quicksort",                                                           
                       "Sort Space Used": 12434,                                                             
                       "Sort Space Type": "Memory",                                                          
                       "Shared Hit Blocks": 2,                                                               
                       "Shared Read Blocks": 947,                                                            
                       "Shared Dirtied Blocks": 0,                                                           
                       "Shared Written Blocks": 0,                                                           
                       "Local Hit Blocks": 0,                                                                
                       "Local Read Blocks": 0,                                                               
                       "Local Dirtied Blocks": 0,                                                            
                       "Local Written Blocks": 0,                                                            
                       "Temp Read Blocks": 0,                                                                
                       "Temp Written Blocks": 0,                                                             
                       "Plans": [                                                                            
                         {                                                                                   
                           "Node Type": "Seq Scan",                                                          
                           "Parent Relationship": "Outer",                                                   
                           "Parallel Aware": false,                                                          
                           "Relation Name": "keyword",                                                       
                           "Alias": "k",                                                                     
                           "Startup Cost": 0.00,                                                             
                           "Total Cost": 39.04,                                                              
                           "Plan Rows": 134170,                                                              
                           "Plan Width": 4,                                                                  
                           "Actual Startup Time": 23.135,                                                    
                           "Actual Total Time": 56.279,                                                      
                           "Actual Rows": 134170,                                                            
                           "Actual Loops": 1,                                                                
                           "Shared Hit Blocks": 2,                                                           
                           "Shared Read Blocks": 947,                                                        
                           "Shared Dirtied Blocks": 0,                                                       
                           "Shared Written Blocks": 0,                                                       
                           "Local Hit Blocks": 0,                                                            
                           "Local Read Blocks": 0,                                                           
                           "Local Dirtied Blocks": 0,                                                        
                           "Local Written Blocks": 0,                                                        
                           "Temp Read Blocks": 0,                                                            
                           "Temp Written Blocks": 0                                                          
                         }                                                                                   
                       ]                                                                                     
                     },                                                                                      
                     {                                                                                       
                       "Node Type": "Sort",                                                                  
                       "Parent Relationship": "Inner",                                                       
                       "Parallel Aware": false,                                                              
                       "Startup Cost": 16610.92,                                                             
                       "Total Cost": 16962.16,                                                               
                       "Plan Rows": 4523930,                                                                 
                       "Plan Width": 8,                                                                      
                       "Actual Startup Time": 2214.575,                                                      
                       "Actual Total Time": 2905.868,                                                        
                       "Actual Rows": 4523930,                                                               
                       "Actual Loops": 1,                                                                    
                       "Sort Key": ["mk.keyword_id"],                                                        
                       "Sort Method": "quicksort",                                                           
                       "Sort Space Used": 408668,                                                            
                       "Sort Space Type": "Memory",                                                          
                       "Shared Hit Blocks": 3,                                                               
                       "Shared Read Blocks": 24451,                                                          
                       "Shared Dirtied Blocks": 0,                                                           
                       "Shared Written Blocks": 0,                                                           
                       "Local Hit Blocks": 0,                                                                
                       "Local Read Blocks": 0,                                                               
                       "Local Dirtied Blocks": 0,                                                            
                       "Local Written Blocks": 0,                                                            
                       "Temp Read Blocks": 0,                                                                
                       "Temp Written Blocks": 0,                                                             
                       "Plans": [                                                                            
                         {                                                                                   
                           "Node Type": "Seq Scan",                                                          
                           "Parent Relationship": "Outer",                                                   
                           "Parallel Aware": false,                                                          
                           "Relation Name": "movie_keyword",                                                 
                           "Alias": "mk",                                                                    
                           "Startup Cost": 0.00,                                                             
                           "Total Cost": 1079.84,                                                            
                           "Plan Rows": 4523930,                                                             
                           "Plan Width": 8,                                                                  
                           "Actual Startup Time": 0.008,                                                     
                           "Actual Total Time": 779.221,                                                     
                           "Actual Rows": 4523930,                                                           
                           "Actual Loops": 1,                                                                
                           "Shared Hit Blocks": 3,                                                           
                           "Shared Read Blocks": 24451,                                                      
                           "Shared Dirtied Blocks": 0,                                                       
                           "Shared Written Blocks": 0,                                                       
                           "Local Hit Blocks": 0,                                                            
                           "Local Read Blocks": 0,                                                           
                           "Local Dirtied Blocks": 0,                                                        
                           "Local Written Blocks": 0,                                                        
                           "Temp Read Blocks": 0,                                                            
                           "Temp Written Blocks": 0                                                          
                         }                                                                                   
                       ]                                                                                     
                     }                                                                                       
                   ]                                                                                         
                 }                                                                                           
               ]                                                                                             
             }                                                                                               
           ]                                                                                                 
         }                                                                                                   
       ]                                                                                                     
     },                                                                                                      
     "Planning Time": 6057.669,                                                                              
     "Triggers": [                                                                                           
     ],                                                                                                      
     "Execution Time": 83401.337                                                                             
