     "Plan": {                                                                                               
       "Node Type": "Aggregate",                                                                             
       "Strategy": "Plain",                                                                                  
       "Partial Mode": "Simple",                                                                             
       "Parallel Aware": false,                                                                              
       "Startup Cost": 254540.31,                                                                            
       "Total Cost": 254540.31,                                                                              
       "Plan Rows": 1,                                                                                       
       "Plan Width": 32,                                                                                     
       "Actual Startup Time": 83300.146,                                                                     
       "Actual Total Time": 83300.147,                                                                       
       "Actual Rows": 1,                                                                                     
       "Actual Loops": 1,                                                                                    
       "Shared Hit Blocks": 24,                                                                              
       "Shared Read Blocks": 406829,                                                                         
       "Shared Dirtied Blocks": 0,                                                                           
       "Shared Written Blocks": 0,                                                                           
       "Local Hit Blocks": 0,                                                                                
       "Local Read Blocks": 0,                                                                               
       "Local Dirtied Blocks": 0,                                                                            
       "Local Written Blocks": 0,                                                                            
       "Temp Read Blocks": 0,                                                                                
       "Temp Written Blocks": 0,                                                                             
       "Plans": [                                                                                            
         {                                                                                                   
           "Node Type": "Merge Join",                                                                        
           "Parent Relationship": "Outer",                                                                   
           "Parallel Aware": false,                                                                          
           "Join Type": "Inner",                                                                             
           "Startup Cost": 252932.98,                                                                        
           "Total Cost": 254053.30,                                                                          
           "Plan Rows": 6272686,                                                                             
           "Plan Width": 17,                                                                                 
           "Actual Startup Time": 54081.729,                                                                 
           "Actual Total Time": 72284.027,                                                                   
           "Actual Rows": 82254916,                                                                          
           "Actual Loops": 1,                                                                                
           "Inner Unique": false,                                                                            
           "Merge Cond": "(t.id = mk.movie_id)",                                                             
           "Shared Hit Blocks": 24,                                                                          
           "Shared Read Blocks": 406829,                                                                     
           "Shared Dirtied Blocks": 0,                                                                       
           "Shared Written Blocks": 0,                                                                       
           "Local Hit Blocks": 0,                                                                            
           "Local Read Blocks": 0,                                                                           
           "Local Dirtied Blocks": 0,                                                                        
           "Local Written Blocks": 0,                                                                        
           "Temp Read Blocks": 0,                                                                            
           "Temp Written Blocks": 0,                                                                         
           "Plans": [                                                                                        
             {                                                                                               
               "Node Type": "Sort",                                                                          
               "Parent Relationship": "Outer",                                                               
               "Parallel Aware": false,                                                                      
               "Startup Cost": 219360.96,                                                                    
               "Total Cost": 219477.30,                                                                      
               "Plan Rows": 1498470,                                                                         
               "Plan Width": 29,                                                                             
               "Actual Startup Time": 48569.608,                                                             
               "Actual Total Time": 48969.769,                                                               
               "Actual Rows": 2679508,                                                                       
               "Actual Loops": 1,                                                                            
               "Sort Key": ["cc.movie_id"],                                                                  
               "Sort Method": "quicksort",                                                                   
               "Sort Space Used": 312484,                                                                    
               "Sort Space Type": "Memory",                                                                  
               "Shared Hit Blocks": 19,                                                                      
               "Shared Read Blocks": 381431,                                                                 
               "Shared Dirtied Blocks": 0,                                                                   
               "Shared Written Blocks": 0,                                                                   
               "Local Hit Blocks": 0,                                                                        
               "Local Read Blocks": 0,                                                                       
               "Local Dirtied Blocks": 0,                                                                    
               "Local Written Blocks": 0,                                                                    
               "Temp Read Blocks": 0,                                                                        
               "Temp Written Blocks": 0,                                                                     
               "Plans": [                                                                                    
                 {                                                                                           
                   "Node Type": "Merge Join",                                                                
                   "Parent Relationship": "Outer",                                                           
                   "Parallel Aware": false,                                                                  
                   "Join Type": "Inner",                                                                     
                   "Startup Cost": 213620.46,                                                                
                   "Total Cost": 214587.48,                                                                  
                   "Plan Rows": 1498470,                                                                     
                   "Plan Width": 29,                                                                         
                   "Actual Startup Time": 45785.425,                                                         
                   "Actual Total Time": 47500.327,                                                           
                   "Actual Rows": 2679508,                                                                   
                   "Actual Loops": 1,                                                                        
                   "Inner Unique": true,                                                                     
                   "Merge Cond": "(ci.person_id = n.id)",                                                    
                   "Shared Hit Blocks": 15,                                                                  
                   "Shared Read Blocks": 381431,                                                             
                   "Shared Dirtied Blocks": 0,                                                               
                   "Shared Written Blocks": 0,                                                               
                   "Local Hit Blocks": 0,                                                                    
                   "Local Read Blocks": 0,                                                                   
                   "Local Dirtied Blocks": 0,                                                                
                   "Local Written Blocks": 0,                                                                
                   "Temp Read Blocks": 0,                                                                    
                   "Temp Written Blocks": 0,                                                                 
                   "Plans": [                                                                                
                     {                                                                                       
                       "Node Type": "Sort",                                                                  
                       "Parent Relationship": "Outer",                                                       
                       "Parallel Aware": false,                                                              
                       "Startup Cost": 197357.13,                                                            
                       "Total Cost": 197473.47,                                                              
                       "Plan Rows": 1498470,                                                                 
                       "Plan Width": 33,                                                                     
                       "Actual Startup Time": 42293.849,                                                     
                       "Actual Total Time": 42628.145,                                                       
                       "Actual Rows": 2679508,                                                               
                       "Actual Loops": 1,                                                                    
                       "Sort Key": ["ci.person_id"],                                                         
                       "Sort Method": "quicksort",                                                           
                       "Sort Space Used": 316425,                                                            
                       "Sort Space Type": "Memory",                                                          
                       "Shared Hit Blocks": 14,                                                              
                       "Shared Read Blocks": 325819,                                                         
                       "Shared Dirtied Blocks": 0,                                                           
                       "Shared Written Blocks": 0,                                                           
                       "Local Hit Blocks": 0,                                                                
                       "Local Read Blocks": 0,                                                               
                       "Local Dirtied Blocks": 0,                                                            
                       "Local Written Blocks": 0,                                                            
                       "Temp Read Blocks": 0,                                                                
                       "Temp Written Blocks": 0,                                                             
                       "Plans": [                                                                            
                         {                                                                                   
                           "Node Type": "Merge Join",                                                        
                           "Parent Relationship": "Outer",                                                   
                           "Parallel Aware": false,                                                          
                           "Join Type": "Inner",                                                             
                           "Startup Cost": 191759.73,                                                        
                           "Total Cost": 192583.65,                                                          
                           "Plan Rows": 1498470,                                                             
                           "Plan Width": 33,                                                                 
                           "Actual Startup Time": 39001.898,                                                 
                           "Actual Total Time": 41154.922,                                                   
                           "Actual Rows": 2679508,                                                           
                           "Actual Loops": 1,                                                                
                           "Inner Unique": true,                                                             
                           "Merge Cond": "(ci.person_role_id = chn.id)",                                     
                           "Shared Hit Blocks": 14,                                                          
                           "Shared Read Blocks": 325819,                                                     
                           "Shared Dirtied Blocks": 0,                                                       
                           "Shared Written Blocks": 0,                                                       
                           "Local Hit Blocks": 0,                                                            
                           "Local Read Blocks": 0,                                                           
                           "Local Dirtied Blocks": 0,                                                        
                           "Local Written Blocks": 0,                                                        
                           "Temp Read Blocks": 0,                                                            
                           "Temp Written Blocks": 0,                                                         
                           "Plans": [                                                                        
                             {                                                                               
                               "Node Type": "Sort",                                                          
                               "Parent Relationship": "Outer",                                               
                               "Parallel Aware": false,                                                      
                               "Startup Cost": 179875.10,                                                    
                               "Total Cost": 180115.07,                                                      
                               "Plan Rows": 3090736,                                                         
                               "Plan Width": 37,                                                             
                               "Actual Startup Time": 36521.364,                                             
                               "Actual Total Time": 36948.385,                                               
                               "Actual Rows": 2679509,                                                       
                               "Actual Loops": 1,                                                            
                               "Sort Key": ["ci.person_role_id"],                                            
                               "Sort Method": "quicksort",                                                   
                               "Sort Space Used": 628575,                                                    
                               "Sort Space Type": "Memory",                                                  
                               "Shared Hit Blocks": 12,                                                      
                               "Shared Read Blocks": 289374,                                                 
                               "Shared Dirtied Blocks": 0,                                                   
                               "Shared Written Blocks": 0,                                                   
                               "Local Hit Blocks": 0,                                                        
                               "Local Read Blocks": 0,                                                       
                               "Local Dirtied Blocks": 0,                                                    
                               "Local Written Blocks": 0,                                                    
                               "Temp Read Blocks": 0,                                                        
                               "Temp Written Blocks": 0,                                                     
                               "Plans": [                                                                    
                                 {                                                                           
                                   "Node Type": "Merge Join",                                                
                                   "Parent Relationship": "Outer",                                           
                                   "Parallel Aware": false,                                                  
                                   "Join Type": "Inner",                                                     
                                   "Startup Cost": 163745.24,                                                
                                   "Total Cost": 169528.09,                                                  
                                   "Plan Rows": 3090736,                                                     
                                   "Plan Width": 37,                                                         
                                   "Actual Startup Time": 25007.044,                                         
                                   "Actual Total Time": 34683.378,                                           
                                   "Actual Rows": 5212164,                                                   
                                   "Actual Loops": 1,                                                        
                                   "Inner Unique": false,                                                    
                                   "Merge Cond": "(t.id = ci.movie_id)",                                     
                                   "Shared Hit Blocks": 12,                                                  
                                   "Shared Read Blocks": 289374,                                             
                                   "Shared Dirtied Blocks": 0,                                               
                                   "Shared Written Blocks": 0,                                               
                                   "Local Hit Blocks": 0,                                                    
                                   "Local Read Blocks": 0,                                                   
                                   "Local Dirtied Blocks": 0,                                                
                                   "Local Written Blocks": 0,                                                
                                   "Temp Read Blocks": 0,                                                    
                                   "Temp Written Blocks": 0,                                                 
                                   "Plans": [                                                                
                                     {                                                                       
                                       "Node Type": "Sort",                                                  
                                       "Parent Relationship": "Outer",                                       
                                       "Parallel Aware": false,                                              
                                       "Startup Cost": 11988.11,                                             
                                       "Total Cost": 11998.60,                                               
                                       "Plan Rows": 135086,                                                  
                                       "Plan Width": 25,                                                     
                                       "Actual Startup Time": 3444.727,                                      
                                       "Actual Total Time": 3464.062,                                        
                                       "Actual Rows": 132440,                                                
                                       "Actual Loops": 1,                                                    
                                       "Sort Key": ["cc.movie_id"],                                          
                                       "Sort Method": "quicksort",                                           
                                       "Sort Space Used": 16403,                                             
                                       "Sort Space Type": "Memory",                                          
                                       "Shared Hit Blocks": 7,                                               
                                       "Shared Read Blocks": 36725,                                          
                                       "Shared Dirtied Blocks": 0,                                           
                                       "Shared Written Blocks": 0,                                           
                                       "Local Hit Blocks": 0,                                                
                                       "Local Read Blocks": 0,                                               
                                       "Local Dirtied Blocks": 0,                                            
                                       "Local Written Blocks": 0,                                            
                                       "Temp Read Blocks": 0,                                                
                                       "Temp Written Blocks": 0,                                             
                                       "Plans": [                                                            
                                         {                                                                   
                                           "Node Type": "Merge Join",                                        
                                           "Parent Relationship": "Outer",                                   
                                           "Parallel Aware": false,                                          
                                           "Join Type": "Inner",                                             
                                           "Startup Cost": 11600.29,                                         
                                           "Total Cost": 11630.61,                                           
                                           "Plan Rows": 135086,                                              
                                           "Plan Width": 25,                                                 
                                           "Actual Startup Time": 3358.018,                                  
                                           "Actual Total Time": 3395.582,                                    
                                           "Actual Rows": 135086,                                            
                                           "Actual Loops": 1,                                                
                                           "Inner Unique": true,                                             
                                           "Merge Cond": "(t.kind_id = kt.id)",                              
                                           "Shared Hit Blocks": 7,                                           
                                           "Shared Read Blocks": 36725,                                      
                                           "Shared Dirtied Blocks": 0,                                       
                                           "Shared Written Blocks": 0,                                       
                                           "Local Hit Blocks": 0,                                            
                                           "Local Read Blocks": 0,                                           
                                           "Local Dirtied Blocks": 0,                                        
                                           "Local Written Blocks": 0,                                        
                                           "Temp Read Blocks": 0,                                            
                                           "Temp Written Blocks": 0,                                         
                                           "Plans": [                                                        
                                             {                                                               
                                               "Node Type": "Sort",                                          
                                               "Parent Relationship": "Outer",                               
                                               "Parallel Aware": false,                                      
                                               "Startup Cost": 11600.26,                                     
                                               "Total Cost": 11610.74,                                       
                                               "Plan Rows": 135086,                                          
                                               "Plan Width": 29,                                             
                                               "Actual Startup Time": 3357.990,                              
                                               "Actual Total Time": 3365.305,                                
                                               "Actual Rows": 135086,                                        
                                               "Actual Loops": 1,                                            
                                               "Sort Key": ["t.kind_id"],                                    
                                               "Sort Method": "quicksort",                                   
                                               "Sort Space Used": 17004,                                     
                                               "Sort Space Type": "Memory",                                  
                                               "Shared Hit Blocks": 6,                                       
                                               "Shared Read Blocks": 36725,                                  
                                               "Shared Dirtied Blocks": 0,                                   
                                               "Shared Written Blocks": 0,                                   
                                               "Local Hit Blocks": 0,                                        
                                               "Local Read Blocks": 0,                                       
                                               "Local Dirtied Blocks": 0,                                    
                                               "Local Written Blocks": 0,                                    
                                               "Temp Read Blocks": 0,                                        
                                               "Temp Written Blocks": 0,                                     
                                               "Plans": [                                                    
                                                 {                                                           
                                                   "Node Type": "Merge Join",                                
                                                   "Parent Relationship": "Outer",                           
                                                   "Parallel Aware": false,                                  
                                                   "Join Type": "Inner",                                     
                                                   "Startup Cost": 10819.88,                                 
                                                   "Total Cost": 11242.75,                                   
                                                   "Plan Rows": 135086,                                      
                                                   "Plan Width": 29,                                         
                                                   "Actual Startup Time": 2568.610,                          
                                                   "Actual Total Time": 3321.716,                            
                                                   "Actual Rows": 135086,                                    
                                                   "Actual Loops": 1,                                        
                                                   "Inner Unique": true,                                     
                                                   "Merge Cond": "(cc.movie_id = t.id)",                     
                                                   "Shared Hit Blocks": 6,                                   
                                                   "Shared Read Blocks": 36725,                              
                                                   "Shared Dirtied Blocks": 0,                               
                                                   "Shared Written Blocks": 0,                               
                                                   "Local Hit Blocks": 0,                                    
                                                   "Local Read Blocks": 0,                                   
                                                   "Local Dirtied Blocks": 0,                                
                                                   "Local Written Blocks": 0,                                
                                                   "Temp Read Blocks": 0,                                    
                                                   "Temp Written Blocks": 0,                                 
                                                   "Plans": [                                                
                                                     {                                                       
                                                       "Node Type": "Sort",                                  
                                                       "Parent Relationship": "Outer",                       
                                                       "Parallel Aware": false,                              
                                                       "Startup Cost": 1165.49,                              
                                                       "Total Cost": 1175.98,                                
                                                       "Plan Rows": 135086,                                  
                                                       "Plan Width": 4,                                      
                                                       "Actual Startup Time": 219.601,                       
                                                       "Actual Total Time": 233.686,                         
                                                       "Actual Rows": 135086,                                
                                                       "Actual Loops": 1,                                    
                                                       "Sort Key": ["cc.movie_id"],                          
                                                       "Sort Method": "quicksort",                           
                                                       "Sort Space Used": 12477,                             
                                                       "Sort Space Type": "Memory",                          
                                                       "Shared Hit Blocks": 4,                               
                                                       "Shared Read Blocks": 729,                            
                                                       "Shared Dirtied Blocks": 0,                           
                                                       "Shared Written Blocks": 0,                           
                                                       "Local Hit Blocks": 0,                                
                                                       "Local Read Blocks": 0,                               
                                                       "Local Dirtied Blocks": 0,                            
                                                       "Local Written Blocks": 0,                            
                                                       "Temp Read Blocks": 0,                                
                                                       "Temp Written Blocks": 0,                             
                                                       "Plans": [                                            
                                                         {                                                   
                                                           "Node Type": "Merge Join",                        
                                                           "Parent Relationship": "Outer",                   
                                                           "Parallel Aware": false,                          
                                                           "Join Type": "Inner",                             
                                                           "Startup Cost": 777.66,                           
                                                           "Total Cost": 807.98,                             
                                                           "Plan Rows": 135086,                              
                                                           "Plan Width": 4,                                  
                                                           "Actual Startup Time": 144.554,                   
                                                           "Actual Total Time": 175.856,                     
                                                           "Actual Rows": 135086,                            
                                                           "Actual Loops": 1,                                
                                                           "Inner Unique": true,                             
                                                           "Merge Cond": "(cc.subject_id = cct1.id)",        
                                                           "Shared Hit Blocks": 4,                           
                                                           "Shared Read Blocks": 729,                        
                                                           "Shared Dirtied Blocks": 0,                       
                                                           "Shared Written Blocks": 0,                       
                                                           "Local Hit Blocks": 0,                            
                                                           "Local Read Blocks": 0,                           
                                                           "Local Dirtied Blocks": 0,                        
                                                           "Local Written Blocks": 0,                        
                                                           "Temp Read Blocks": 0,                            
                                                           "Temp Written Blocks": 0,                         
                                                           "Plans": [                                        
                                                             {                                               
                                                               "Node Type": "Sort",                          
                                                               "Parent Relationship": "Outer",               
                                                               "Parallel Aware": false,                      
                                                               "Startup Cost": 777.63,                       
                                                               "Total Cost": 788.12,                         
                                                               "Plan Rows": 135086,                          
                                                               "Plan Width": 8,                              
                                                               "Actual Startup Time": 144.535,               
                                                               "Actual Total Time": 150.996,                 
                                                               "Actual Rows": 135086,                        
                                                               "Actual Loops": 1,                            
                                                               "Sort Key": ["cc.subject_id"],                
                                                               "Sort Method": "quicksort",                   
                                                               "Sort Space Used": 12477,                     
                                                               "Sort Space Type": "Memory",                  
                                                               "Shared Hit Blocks": 3,                       
                                                               "Shared Read Blocks": 729,                    
                                                               "Shared Dirtied Blocks": 0,                   
                                                               "Shared Written Blocks": 0,                   
                                                               "Local Hit Blocks": 0,                        
                                                               "Local Read Blocks": 0,                       
                                                               "Local Dirtied Blocks": 0,                    
                                                               "Local Written Blocks": 0,                    
                                                               "Temp Read Blocks": 0,                        
                                                               "Temp Written Blocks": 0,                     
                                                               "Plans": [                                    
                                                                 {                                           
                                                                   "Node Type": "Merge Join",                
                                                                   "Parent Relationship": "Outer",           
                                                                   "Parallel Aware": false,                  
                                                                   "Join Type": "Inner",                     
                                                                   "Startup Cost": 389.81,                   
                                                                   "Total Cost": 420.13,                     
                                                                   "Plan Rows": 135086,                      
                                                                   "Plan Width": 8,                          
                                                                   "Actual Startup Time": 85.533,            
                                                                   "Actual Total Time": 119.561,             
                                                                   "Actual Rows": 135086,                    
                                                                   "Actual Loops": 1,                        
                                                                   "Inner Unique": true,                     
                                                                   "Merge Cond": "(cc.status_id = cct2.id)", 
                                                                   "Shared Hit Blocks": 3,                   
                                                                   "Shared Read Blocks": 729,                
                                                                   "Shared Dirtied Blocks": 0,               
                                                                   "Shared Written Blocks": 0,               
                                                                   "Local Hit Blocks": 0,                    
                                                                   "Local Read Blocks": 0,                   
                                                                   "Local Dirtied Blocks": 0,                
                                                                   "Local Written Blocks": 0,                
                                                                   "Temp Read Blocks": 0,                    
                                                                   "Temp Written Blocks": 0,                 
                                                                   "Plans": [                                
                                                                     {                                       
                                                                       "Node Type": "Sort",                  
                                                                       "Parent Relationship": "Outer",       
                                                                       "Parallel Aware": false,              
                                                                       "Startup Cost": 389.78,               
                                                                       "Total Cost": 400.26,                 
                                                                       "Plan Rows": 135086,                  
                                                                       "Plan Width": 12,                     
                                                                       "Actual Startup Time": 85.513,        
                                                                       "Actual Total Time": 92.183,          
                                                                       "Actual Rows": 135086,                
                                                                       "Actual Loops": 1,                    
                                                                       "Sort Key": ["cc.status_id"],         
                                                                       "Sort Method": "quicksort",           
                                                                       "Sort Space Used": 12477,             
                                                                       "Sort Space Type": "Memory",          
                                                                       "Shared Hit Blocks": 2,               
                                                                       "Shared Read Blocks": 729,            
                                                                       "Shared Dirtied Blocks": 0,           
                                                                       "Shared Written Blocks": 0,           
                                                                       "Local Hit Blocks": 0,                
                                                                       "Local Read Blocks": 0,               
                                                                       "Local Dirtied Blocks": 0,            
                                                                       "Local Written Blocks": 0,            
                                                                       "Temp Read Blocks": 0,                
                                                                       "Temp Written Blocks": 0,             
                                                                       "Plans": [                            
                                                                         {                                   
                                                                           "Node Type": "Seq Scan",          
                                                                           "Parent Relationship": "Outer",   
                                                                           "Parallel Aware": false,          
                                                                           "Relation Name": "complete_cast", 
                                                                           "Alias": "cc",                    
                                                                           "Startup Cost": 0.00,             
                                                                           "Total Cost": 32.27,              
                                                                           "Plan Rows": 135086,              
                                                                           "Plan Width": 12,                 
                                                                           "Actual Startup Time": 0.082,     
                                                                           "Actual Total Time": 48.618,      
                                                                           "Actual Rows": 135086,            
                                                                           "Actual Loops": 1,                
                                                                           "Shared Hit Blocks": 2,           
                                                                           "Shared Read Blocks": 729,        
                                                                           "Shared Dirtied Blocks": 0,       
                                                                           "Shared Written Blocks": 0,       
                                                                           "Local Hit Blocks": 0,            
                                                                           "Local Read Blocks": 0,           
                                                                           "Local Dirtied Blocks": 0,        
                                                                           "Local Written Blocks": 0,        
                                                                           "Temp Read Blocks": 0,            
                                                                           "Temp Written Blocks": 0          
                                                                         }                                   
                                                                       ]                                     
                                                                     },                                      
                                                                     {                                       
                                                                       "Node Type": "Sort",                  
                                                                       "Parent Relationship": "Inner",       
                                                                       "Parallel Aware": false,              
                                                                       "Startup Cost": 0.03,                 
                                                                       "Total Cost": 0.03,                   
                                                                       "Plan Rows": 4,                       
                                                                       "Plan Width": 4,                      
                                                                       "Actual Startup Time": 0.015,         
                                                                       "Actual Total Time": 0.015,           
                                                                       "Actual Rows": 4,                     
                                                                       "Actual Loops": 1,                    
                                                                       "Sort Key": ["cct2.id"],              
                                                                       "Sort Method": "quicksort",           
                                                                       "Sort Space Used": 25,                
                                                                       "Sort Space Type": "Memory",          
                                                                       "Shared Hit Blocks": 1,               
                                                                       "Shared Read Blocks": 0,              
                                                                       "Shared Dirtied Blocks": 0,           
                                                                       "Shared Written Blocks": 0,           
                                                                       "Local Hit Blocks": 0,                
                                                                       "Local Read Blocks": 0,               
                                                                       "Local Dirtied Blocks": 0,            
                                                                       "Local Written Blocks": 0,            
                                                                       "Temp Read Blocks": 0,                
                                                                       "Temp Written Blocks": 0,             
                                                                       "Plans": [                            
                                                                         {                                   
                                                                           "Node Type": "Seq Scan",          
                                                                           "Parent Relationship": "Outer",   
                                                                           "Parallel Aware": false,          
                                                                           "Relation Name": "comp_cast_type",
                                                                           "Alias": "cct2",                  
                                                                           "Startup Cost": 0.00,             
                                                                           "Total Cost": 0.03,               
                                                                           "Plan Rows": 4,                   
                                                                           "Plan Width": 4,                  
                                                                           "Actual Startup Time": 0.006,     
                                                                           "Actual Total Time": 0.007,       
                                                                           "Actual Rows": 4,                 
                                                                           "Actual Loops": 1,                
                                                                           "Shared Hit Blocks": 1,           
                                                                           "Shared Read Blocks": 0,          
                                                                           "Shared Dirtied Blocks": 0,       
                                                                           "Shared Written Blocks": 0,       
                                                                           "Local Hit Blocks": 0,            
                                                                           "Local Read Blocks": 0,           
                                                                           "Local Dirtied Blocks": 0,        
                                                                           "Local Written Blocks": 0,        
                                                                           "Temp Read Blocks": 0,            
                                                                           "Temp Written Blocks": 0          
                                                                         }                                   
                                                                       ]                                     
                                                                     }                                       
                                                                   ]                                         
                                                                 }                                           
                                                               ]                                             
                                                             },                                              
                                                             {                                               
                                                               "Node Type": "Sort",                          
                                                               "Parent Relationship": "Inner",               
                                                               "Parallel Aware": false,                      
                                                               "Startup Cost": 0.03,                         
                                                               "Total Cost": 0.03,                           
                                                               "Plan Rows": 4,                               
                                                               "Plan Width": 4,                              
                                                               "Actual Startup Time": 0.016,                 
                                                               "Actual Total Time": 0.016,                   
                                                               "Actual Rows": 2,                             
                                                               "Actual Loops": 1,                            
                                                               "Sort Key": ["cct1.id"],                      
                                                               "Sort Method": "quicksort",                   
                                                               "Sort Space Used": 25,                        
                                                               "Sort Space Type": "Memory",                  
                                                               "Shared Hit Blocks": 1,                       
                                                               "Shared Read Blocks": 0,                      
                                                               "Shared Dirtied Blocks": 0,                   
                                                               "Shared Written Blocks": 0,                   
                                                               "Local Hit Blocks": 0,                        
                                                               "Local Read Blocks": 0,                       
                                                               "Local Dirtied Blocks": 0,                    
                                                               "Local Written Blocks": 0,                    
                                                               "Temp Read Blocks": 0,                        
                                                               "Temp Written Blocks": 0,                     
                                                               "Plans": [                                    
                                                                 {                                           
                                                                   "Node Type": "Seq Scan",                  
                                                                   "Parent Relationship": "Outer",           
                                                                   "Parallel Aware": false,                  
                                                                   "Relation Name": "comp_cast_type",        
                                                                   "Alias": "cct1",                          
                                                                   "Startup Cost": 0.00,                     
                                                                   "Total Cost": 0.03,                       
                                                                   "Plan Rows": 4,                           
                                                                   "Plan Width": 4,                          
                                                                   "Actual Startup Time": 0.008,             
                                                                   "Actual Total Time": 0.009,               
                                                                   "Actual Rows": 4,                         
                                                                   "Actual Loops": 1,                        
                                                                   "Shared Hit Blocks": 1,                   
                                                                   "Shared Read Blocks": 0,                  
                                                                   "Shared Dirtied Blocks": 0,               
                                                                   "Shared Written Blocks": 0,               
                                                                   "Local Hit Blocks": 0,                    
                                                                   "Local Read Blocks": 0,                   
                                                                   "Local Dirtied Blocks": 0,                
                                                                   "Local Written Blocks": 0,                
                                                                   "Temp Read Blocks": 0,                    
                                                                   "Temp Written Blocks": 0                  
                                                                 }                                           
                                                               ]                                             
                                                             }                                               
                                                           ]                                                 
                                                         }                                                   
                                                       ]                                                     
                                                     },                                                      
                                                     {                                                       
                                                       "Node Type": "Sort",                                  
                                                       "Parent Relationship": "Inner",                       
                                                       "Parallel Aware": false,                              
                                                       "Startup Cost": 9654.35,                              
                                                       "Total Cost": 9850.65,                                
                                                       "Plan Rows": 2528312,                                 
                                                       "Plan Width": 25,                                     
                                                       "Actual Startup Time": 2348.896,                      
                                                       "Actual Total Time": 2662.768,                        
                                                       "Actual Rows": 2528312,                               
                                                       "Actual Loops": 1,                                    
                                                       "Sort Key": ["t.id"],                                 
                                                       "Sort Method": "quicksort",                           
                                                       "Sort Space Used": 290000,                            
                                                       "Sort Space Type": "Memory",                          
                                                       "Shared Hit Blocks": 2,                               
                                                       "Shared Read Blocks": 35996,                          
                                                       "Shared Dirtied Blocks": 0,                           
                                                       "Shared Written Blocks": 0,                           
                                                       "Local Hit Blocks": 0,                                
                                                       "Local Read Blocks": 0,                               
                                                       "Local Dirtied Blocks": 0,                            
                                                       "Local Written Blocks": 0,                            
                                                       "Temp Read Blocks": 0,                                
                                                       "Temp Written Blocks": 0,                             
                                                       "Plans": [                                            
                                                         {                                                   
                                                           "Node Type": "Seq Scan",                          
                                                           "Parent Relationship": "Outer",                   
                                                           "Parallel Aware": false,                          
                                                           "Relation Name": "title",                         
                                                           "Alias": "t",                                     
                                                           "Startup Cost": 0.00,                             
                                                           "Total Cost": 1303.96,                            
                                                           "Plan Rows": 2528312,                             
                                                           "Plan Width": 25,                                 
                                                           "Actual Startup Time": 21.357,                    
                                                           "Actual Total Time": 1014.477,                    
                                                           "Actual Rows": 2528312,                           
                                                           "Actual Loops": 1,                                
                                                           "Shared Hit Blocks": 2,                           
                                                           "Shared Read Blocks": 35996,                      
                                                           "Shared Dirtied Blocks": 0,                       
                                                           "Shared Written Blocks": 0,                       
                                                           "Local Hit Blocks": 0,                            
                                                           "Local Read Blocks": 0,                           
                                                           "Local Dirtied Blocks": 0,                        
                                                           "Local Written Blocks": 0,                        
                                                           "Temp Read Blocks": 0,                            
                                                           "Temp Written Blocks": 0                          
                                                         }                                                   
                                                       ]                                                     
                                                     }                                                       
                                                   ]                                                         
                                                 }                                                           
                                               ]                                                             
                                             },                                                              
                                             {                                                               
                                               "Node Type": "Sort",                                          
                                               "Parent Relationship": "Inner",                               
                                               "Parallel Aware": false,                                      
                                               "Startup Cost": 0.03,                                         
                                               "Total Cost": 0.04,                                           
                                               "Plan Rows": 7,                                               
                                               "Plan Width": 4,                                              
                                               "Actual Startup Time": 0.024,                                 
                                               "Actual Total Time": 0.025,                                   
                                               "Actual Rows": 7,                                             
                                               "Actual Loops": 1,                                            
                                               "Sort Key": ["kt.id"],                                        
                                               "Sort Method": "quicksort",                                   
                                               "Sort Space Used": 25,                                        
                                               "Sort Space Type": "Memory",                                  
                                               "Shared Hit Blocks": 1,                                       
                                               "Shared Read Blocks": 0,                                      
                                               "Shared Dirtied Blocks": 0,                                   
                                               "Shared Written Blocks": 0,                                   
                                               "Local Hit Blocks": 0,                                        
                                               "Local Read Blocks": 0,                                       
                                               "Local Dirtied Blocks": 0,                                    
                                               "Local Written Blocks": 0,                                    
                                               "Temp Read Blocks": 0,                                        
                                               "Temp Written Blocks": 0,                                     
                                               "Plans": [                                                    
                                                 {                                                           
                                                   "Node Type": "Seq Scan",                                  
                                                   "Parent Relationship": "Outer",                           
                                                   "Parallel Aware": false,                                  
                                                   "Relation Name": "kind_type",                             
                                                   "Alias": "kt",                                            
                                                   "Startup Cost": 0.00,                                     
                                                   "Total Cost": 0.03,                                       
                                                   "Plan Rows": 7,                                           
                                                   "Plan Width": 4,                                          
                                                   "Actual Startup Time": 0.013,                             
                                                   "Actual Total Time": 0.014,                               
                                                   "Actual Rows": 7,                                         
                                                   "Actual Loops": 1,                                        
                                                   "Shared Hit Blocks": 1,                                   
                                                   "Shared Read Blocks": 0,                                  
                                                   "Shared Dirtied Blocks": 0,                               
                                                   "Shared Written Blocks": 0,                               
                                                   "Local Hit Blocks": 0,                                    
                                                   "Local Read Blocks": 0,                                   
                                                   "Local Dirtied Blocks": 0,                                
                                                   "Local Written Blocks": 0,                                
                                                   "Temp Read Blocks": 0,                                    
                                                   "Temp Written Blocks": 0                                  
                                                 }                                                           
                                               ]                                                             
                                             }                                                               
                                           ]                                                                 
                                         }                                                                   
                                       ]                                                                     
                                     },                                                                      
                                     {                                                                       
                                       "Node Type": "Sort",                                                  
                                       "Parent Relationship": "Inner",                                       
                                       "Parallel Aware": false,                                              
                                       "Startup Cost": 151757.13,                                            
                                       "Total Cost": 154571.13,                                              
                                       "Plan Rows": 36244344,                                                
                                       "Plan Width": 12,                                                     
                                       "Actual Startup Time": 21561.683,                                     
                                       "Actual Total Time": 26105.315,                                       
                                       "Actual Rows": 37874029,                                              
                                       "Actual Loops": 1,                                                    
                                       "Sort Key": ["ci.movie_id"],                                          
                                       "Sort Method": "quicksort",                                           
                                       "Sort Space Used": 3271818,                                           
                                       "Sort Space Type": "Memory",                                          
                                       "Shared Hit Blocks": 5,                                               
                                       "Shared Read Blocks": 252649,                                         
                                       "Shared Dirtied Blocks": 0,                                           
                                       "Shared Written Blocks": 0,                                           
                                       "Local Hit Blocks": 0,                                                
                                       "Local Read Blocks": 0,                                               
                                       "Local Dirtied Blocks": 0,                                            
                                       "Local Written Blocks": 0,                                            
                                       "Temp Read Blocks": 0,                                                
                                       "Temp Written Blocks": 0,                                             
                                       "Plans": [                                                            
                                         {                                                                   
                                           "Node Type": "Seq Scan",                                          
                                           "Parent Relationship": "Outer",                                   
                                           "Parallel Aware": false,                                          
                                           "Relation Name": "cast_info",                                     
                                           "Alias": "ci",                                                    
                                           "Startup Cost": 0.00,                                             
                                           "Total Cost": 10431.00,                                           
                                           "Plan Rows": 36244344,                                            
                                           "Plan Width": 12,                                                 
                                           "Actual Startup Time": 0.012,                                     
                                           "Actual Total Time": 6996.300,                                    
                                           "Actual Rows": 36244344,                                          
                                           "Actual Loops": 1,                                                
                                           "Shared Hit Blocks": 5,                                           
                                           "Shared Read Blocks": 252649,                                     
                                           "Shared Dirtied Blocks": 0,                                       
                                           "Shared Written Blocks": 0,                                       
                                           "Local Hit Blocks": 0,                                            
                                           "Local Read Blocks": 0,                                           
                                           "Local Dirtied Blocks": 0,                                        
                                           "Local Written Blocks": 0,                                        
                                           "Temp Read Blocks": 0,                                            
                                           "Temp Written Blocks": 0                                          
                                         }                                                                   
                                       ]                                                                     
                                     }                                                                       
                                   ]                                                                         
                                 }                                                                           
                               ]                                                                             
                             },                                                                              
                             {                                                                               
                               "Node Type": "Sort",                                                          
                               "Parent Relationship": "Inner",                                               
                               "Parallel Aware": false,                                                      
                               "Startup Cost": 11884.63,                                                     
                               "Total Cost": 12128.45,                                                       
                               "Plan Rows": 3140339,                                                         
                               "Plan Width": 4,                                                              
                               "Actual Startup Time": 2480.524,                                              
                               "Actual Total Time": 2895.771,                                                
                               "Actual Rows": 3140267,                                                       
                               "Actual Loops": 1,                                                            
                               "Sort Key": ["chn.id"],                                                       
                               "Sort Method": "quicksort",                                                   
                               "Sort Space Used": 245508,                                                    
                               "Sort Space Type": "Memory",                                                  
                               "Shared Hit Blocks": 2,                                                       
                               "Shared Read Blocks": 36445,                                                  
                               "Shared Dirtied Blocks": 0,                                                   
                               "Shared Written Blocks": 0,                                                   
                               "Local Hit Blocks": 0,                                                        
                               "Local Read Blocks": 0,                                                       
                               "Local Dirtied Blocks": 0,                                                    
                               "Local Written Blocks": 0,                                                    
                               "Temp Read Blocks": 0,                                                        
                               "Temp Written Blocks": 0,                                                     
                               "Plans": [                                                                    
                                 {                                                                           
                                   "Node Type": "Seq Scan",                                                  
                                   "Parent Relationship": "Outer",                                           
                                   "Parallel Aware": false,                                                  
                                   "Relation Name": "char_name",                                             
                                   "Alias": "chn",                                                           
                                   "Startup Cost": 0.00,                                                     
                                   "Total Cost": 1360.36,                                                    
                                   "Plan Rows": 3140339,                                                     
                                   "Plan Width": 4,                                                          
                                   "Actual Startup Time": 21.049,                                            
                                   "Actual Total Time": 1064.673,                                            
                                   "Actual Rows": 3140339,                                                   
                                   "Actual Loops": 1,                                                        
                                   "Shared Hit Blocks": 2,                                                   
                                   "Shared Read Blocks": 36445,                                              
                                   "Shared Dirtied Blocks": 0,                                               
                                   "Shared Written Blocks": 0,                                               
                                   "Local Hit Blocks": 0,                                                    
                                   "Local Read Blocks": 0,                                                   
                                   "Local Dirtied Blocks": 0,                                                
                                   "Local Written Blocks": 0,                                                
                                   "Temp Read Blocks": 0,                                                    
                                   "Temp Written Blocks": 0                                                  
                                 }                                                                           
                               ]                                                                             
                             }                                                                               
                           ]                                                                                 
                         }                                                                                   
                       ]                                                                                     
                     },                                                                                      
                     {                                                                                       
                       "Node Type": "Sort",                                                                  
                       "Parent Relationship": "Inner",                                                       
                       "Parallel Aware": false,                                                              
                       "Startup Cost": 16263.33,                                                             
                       "Total Cost": 16586.90,                                                               
                       "Plan Rows": 4167491,                                                                 
                       "Plan Width": 4,                                                                      
                       "Actual Startup Time": 3491.564,                                                      
                       "Actual Total Time": 3773.967,                                                        
                       "Actual Rows": 2701090,                                                               
                       "Actual Loops": 1,                                                                    
                       "Sort Key": ["n.id"],                                                                 
                       "Sort Method": "quicksort",                                                           
                       "Sort Space Used": 293656,                                                            
                       "Sort Space Type": "Memory",                                                          
                       "Shared Hit Blocks": 1,                                                               
                       "Shared Read Blocks": 55612,                                                          
                       "Shared Dirtied Blocks": 0,                                                           
                       "Shared Written Blocks": 0,                                                           
                       "Local Hit Blocks": 0,                                                                
                       "Local Read Blocks": 0,                                                               
                       "Local Dirtied Blocks": 0,                                                            
                       "Local Written Blocks": 0,                                                            
                       "Temp Read Blocks": 0,                                                                
                       "Temp Written Blocks": 0,                                                             
                       "Plans": [                                                                            
                         {                                                                                   
                           "Node Type": "Seq Scan",                                                          
                           "Parent Relationship": "Outer",                                                   
                           "Parallel Aware": false,                                                          
                           "Relation Name": "name",                                                          
                           "Alias": "n",                                                                     
                           "Startup Cost": 0.00,                                                             
                           "Total Cost": 2032.56,                                                            
                           "Plan Rows": 4167491,                                                             
                           "Plan Width": 4,                                                                  
                           "Actual Startup Time": 4.941,                                                     
                           "Actual Total Time": 1648.233,                                                    
                           "Actual Rows": 4167491,                                                           
                           "Actual Loops": 1,                                                                
                           "Shared Hit Blocks": 1,                                                           
                           "Shared Read Blocks": 55612,                                                      
                           "Shared Dirtied Blocks": 0,                                                       
                           "Shared Written Blocks": 0,                                                       
                           "Local Hit Blocks": 0,                                                            
                           "Local Read Blocks": 0,                                                           
                           "Local Dirtied Blocks": 0,                                                        
                           "Local Written Blocks": 0,                                                        
                           "Temp Read Blocks": 0,                                                            
                           "Temp Written Blocks": 0                                                          
                         }                                                                                   
                       ]                                                                                     
                     }                                                                                       
                   ]                                                                                         
                 }                                                                                           
               ]                                                                                             
             },                                                                                              
             {                                                                                               
               "Node Type": "Sort",                                                                          
               "Parent Relationship": "Inner",                                                               
               "Parallel Aware": false,                                                                      
               "Startup Cost": 33572.02,                                                                     
               "Total Cost": 33923.26,                                                                       
               "Plan Rows": 4523930,                                                                         
               "Plan Width": 4,                                                                              
               "Actual Startup Time": 5511.701,                                                              
               "Actual Total Time": 9852.878,                                                                
               "Actual Rows": 85322725,                                                                      
               "Actual Loops": 1,                                                                            
               "Sort Key": ["mk.movie_id"],                                                                  
               "Sort Method": "quicksort",                                                                   
               "Sort Space Used": 408668,                                                                    
               "Sort Space Type": "Memory",                                                                  
               "Shared Hit Blocks": 5,                                                                       
               "Shared Read Blocks": 25398,                                                                  
               "Shared Dirtied Blocks": 0,                                                                   
               "Shared Written Blocks": 0,                                                                   
               "Local Hit Blocks": 0,                                                                        
               "Local Read Blocks": 0,                                                                       
               "Local Dirtied Blocks": 0,                                                                    
               "Local Written Blocks": 0,                                                                    
               "Temp Read Blocks": 0,                                                                        
               "Temp Written Blocks": 0,                                                                     
               "Plans": [                                                                                    
                 {                                                                                           
                   "Node Type": "Merge Join",                                                                
                   "Parent Relationship": "Outer",                                                           
                   "Parallel Aware": false,                                                                  
                   "Join Type": "Inner",                                                                     
                   "Startup Cost": 17004.84,                                                                 
                   "Total Cost": 18040.94,                                                                   
                   "Plan Rows": 4523930,                                                                     
                   "Plan Width": 4,                                                                          
                   "Actual Startup Time": 2340.623,                                                          
                   "Actual Total Time": 3916.771,                                                            
                   "Actual Rows": 4523930,                                                                   
                   "Actual Loops": 1,                                                                        
                   "Inner Unique": false,                                                                    
                   "Merge Cond": "(k.id = mk.keyword_id)",                                                   
                   "Shared Hit Blocks": 5,                                                                   
                   "Shared Read Blocks": 25398,                                                              
                   "Shared Dirtied Blocks": 0,                                                               
                   "Shared Written Blocks": 0,                                                               
                   "Local Hit Blocks": 0,                                                                    
                   "Local Read Blocks": 0,                                                                   
                   "Local Dirtied Blocks": 0,                                                                
                   "Local Written Blocks": 0,                                                                
                   "Temp Read Blocks": 0,                                                                    
                   "Temp Written Blocks": 0,                                                                 
                   "Plans": [                                                                                
                     {                                                                                       
                       "Node Type": "Sort",                                                                  
                       "Parent Relationship": "Outer",                                                       
                       "Parallel Aware": false,                                                              
                       "Startup Cost": 393.92,                                                               
                       "Total Cost": 404.34,                                                                 
                       "Plan Rows": 134170,                                                                  
                       "Plan Width": 4,                                                                      
                       "Actual Startup Time": 115.118,                                                       
                       "Actual Total Time": 134.111,                                                         
                       "Actual Rows": 134170,                                                                
                       "Actual Loops": 1,                                                                    
                       "Sort Key": ["k.id"],                                                                 
                       "Sort Method": "quicksort",                                                           
                       "Sort Space Used": 12434,                                                             
                       "Sort Space Type": "Memory",                                                          
                       "Shared Hit Blocks": 2,                                                               
                       "Shared Read Blocks": 947,                                                            
                       "Shared Dirtied Blocks": 0,                                                           
                       "Shared Written Blocks": 0,                                                           
                       "Local Hit Blocks": 0,                                                                
                       "Local Read Blocks": 0,                                                               
                       "Local Dirtied Blocks": 0,                                                            
                       "Local Written Blocks": 0,                                                            
                       "Temp Read Blocks": 0,                                                                
                       "Temp Written Blocks": 0,                                                             
                       "Plans": [                                                                            
                         {                                                                                   
                           "Node Type": "Seq Scan",                                                          
                           "Parent Relationship": "Outer",                                                   
                           "Parallel Aware": false,                                                          
                           "Relation Name": "keyword",                                                       
                           "Alias": "k",                                                                     
                           "Startup Cost": 0.00,                                                             
                           "Total Cost": 39.04,                                                              
                           "Plan Rows": 134170,                                                              
                           "Plan Width": 4,                                                                  
                           "Actual Startup Time": 25.086,                                                    
                           "Actual Total Time": 58.534,                                                      
                           "Actual Rows": 134170,                                                            
                           "Actual Loops": 1,                                                                
                           "Shared Hit Blocks": 2,                                                           
                           "Shared Read Blocks": 947,                                                        
                           "Shared Dirtied Blocks": 0,                                                       
                           "Shared Written Blocks": 0,                                                       
                           "Local Hit Blocks": 0,                                                            
                           "Local Read Blocks": 0,                                                           
                           "Local Dirtied Blocks": 0,                                                        
                           "Local Written Blocks": 0,                                                        
                           "Temp Read Blocks": 0,                                                            
                           "Temp Written Blocks": 0                                                          
                         }                                                                                   
                       ]                                                                                     
                     },                                                                                      
                     {                                                                                       
                       "Node Type": "Sort",                                                                  
                       "Parent Relationship": "Inner",                                                       
                       "Parallel Aware": false,                                                              
                       "Startup Cost": 16610.92,                                                             
                       "Total Cost": 16962.16,                                                               
                       "Plan Rows": 4523930,                                                                 
                       "Plan Width": 8,                                                                      
                       "Actual Startup Time": 2225.496,                                                      
                       "Actual Total Time": 2917.981,                                                        
                       "Actual Rows": 4523930,                                                               
                       "Actual Loops": 1,                                                                    
                       "Sort Key": ["mk.keyword_id"],                                                        
                       "Sort Method": "quicksort",                                                           
                       "Sort Space Used": 408668,                                                            
                       "Sort Space Type": "Memory",                                                          
                       "Shared Hit Blocks": 3,                                                               
                       "Shared Read Blocks": 24451,                                                          
                       "Shared Dirtied Blocks": 0,                                                           
                       "Shared Written Blocks": 0,                                                           
                       "Local Hit Blocks": 0,                                                                
                       "Local Read Blocks": 0,                                                               
                       "Local Dirtied Blocks": 0,                                                            
                       "Local Written Blocks": 0,                                                            
                       "Temp Read Blocks": 0,                                                                
                       "Temp Written Blocks": 0,                                                             
                       "Plans": [                                                                            
                         {                                                                                   
                           "Node Type": "Seq Scan",                                                          
                           "Parent Relationship": "Outer",                                                   
                           "Parallel Aware": false,                                                          
                           "Relation Name": "movie_keyword",                                                 
                           "Alias": "mk",                                                                    
                           "Startup Cost": 0.00,                                                             
                           "Total Cost": 1079.84,                                                            
                           "Plan Rows": 4523930,                                                             
                           "Plan Width": 8,                                                                  
                           "Actual Startup Time": 0.009,                                                     
                           "Actual Total Time": 783.911,                                                     
                           "Actual Rows": 4523930,                                                           
                           "Actual Loops": 1,                                                                
                           "Shared Hit Blocks": 3,                                                           
                           "Shared Read Blocks": 24451,                                                      
                           "Shared Dirtied Blocks": 0,                                                       
                           "Shared Written Blocks": 0,                                                       
                           "Local Hit Blocks": 0,                                                            
                           "Local Read Blocks": 0,                                                           
                           "Local Dirtied Blocks": 0,                                                        
                           "Local Written Blocks": 0,                                                        
                           "Temp Read Blocks": 0,                                                            
                           "Temp Written Blocks": 0                                                          
                         }                                                                                   
                       ]                                                                                     
                     }                                                                                       
                   ]                                                                                         
                 }                                                                                           
               ]                                                                                             
             }                                                                                               
           ]                                                                                                 
         }                                                                                                   
       ]                                                                                                     
     },                                                                                                      
     "Planning Time": 6166.124,                                                                              
     "Triggers": [                                                                                           
     ],                                                                                                      
     "Execution Time": 83461.483                                                                             
