     "Plan": {                                                                                       
       "Node Type": "Aggregate",                                                                     
       "Strategy": "Plain",                                                                          
       "Partial Mode": "Simple",                                                                     
       "Parallel Aware": false,                                                                      
       "Startup Cost": 104838.74,                                                                    
       "Total Cost": 104838.74,                                                                      
       "Plan Rows": 1,                                                                               
       "Plan Width": 96,                                                                             
       "Actual Startup Time": 64774.216,                                                             
       "Actual Total Time": 64774.216,                                                               
       "Actual Rows": 1,                                                                             
       "Actual Loops": 1,                                                                            
       "Shared Hit Blocks": 21,                                                                      
       "Shared Read Blocks": 245224,                                                                 
       "Shared Dirtied Blocks": 0,                                                                   
       "Shared Written Blocks": 0,                                                                   
       "Local Hit Blocks": 0,                                                                        
       "Local Read Blocks": 0,                                                                       
       "Local Dirtied Blocks": 0,                                                                    
       "Local Written Blocks": 0,                                                                    
       "Temp Read Blocks": 0,                                                                        
       "Temp Written Blocks": 0,                                                                     
       "Plans": [                                                                                    
         {                                                                                           
           "Node Type": "Merge Join",                                                                
           "Parent Relationship": "Outer",                                                           
           "Parallel Aware": false,                                                                  
           "Join Type": "Inner",                                                                     
           "Startup Cost": 99667.17,                                                                 
           "Total Cost": 100610.28,                                                                  
           "Plan Rows": 18154218,                                                                    
           "Plan Width": 48,                                                                         
           "Actual Startup Time": 18399.783,                                                         
           "Actual Total Time": 40729.302,                                                           
           "Actual Rows": 92605962,                                                                  
           "Actual Loops": 1,                                                                        
           "Inner Unique": false,                                                                    
           "Merge Cond": "(ml.movie_id = t.id)",                                                     
           "Shared Hit Blocks": 21,                                                                  
           "Shared Read Blocks": 245224,                                                             
           "Shared Dirtied Blocks": 0,                                                               
           "Shared Written Blocks": 0,                                                               
           "Local Hit Blocks": 0,                                                                    
           "Local Read Blocks": 0,                                                                   
           "Local Dirtied Blocks": 0,                                                                
           "Local Written Blocks": 0,                                                                
           "Temp Read Blocks": 0,                                                                    
           "Temp Written Blocks": 0,                                                                 
           "Plans": [                                                                                
             {                                                                                       
               "Node Type": "Sort",                                                                  
               "Parent Relationship": "Outer",                                                       
               "Parallel Aware": false,                                                              
               "Startup Cost": 29029.36,                                                             
               "Total Cost": 29098.48,                                                               
               "Plan Rows": 890251,                                                                  
               "Plan Width": 43,                                                                     
               "Actual Startup Time": 4957.439,                                                      
               "Actual Total Time": 5018.482,                                                        
               "Actual Rows": 732182,                                                                
               "Actual Loops": 1,                                                                    
               "Sort Key": ["mc.movie_id"],                                                          
               "Sort Method": "quicksort",                                                           
               "Sort Space Used": 106988,                                                            
               "Sort Space Type": "Memory",                                                          
               "Shared Hit Blocks": 18,                                                              
               "Shared Read Blocks": 47337,                                                          
               "Shared Dirtied Blocks": 0,                                                           
               "Shared Written Blocks": 0,                                                           
               "Local Hit Blocks": 0,                                                                
               "Local Read Blocks": 0,                                                               
               "Local Dirtied Blocks": 0,                                                            
               "Local Written Blocks": 0,                                                            
               "Temp Read Blocks": 0,                                                                
               "Temp Written Blocks": 0,                                                             
               "Plans": [                                                                            
                 {                                                                                   
                   "Node Type": "Merge Join",                                                        
                   "Parent Relationship": "Outer",                                                   
                   "Parallel Aware": false,                                                          
                   "Join Type": "Inner",                                                             
                   "Startup Cost": 26076.62,                                                         
                   "Total Cost": 26297.25,                                                           
                   "Plan Rows": 890251,                                                              
                   "Plan Width": 43,                                                                 
                   "Actual Startup Time": 4375.272,                                                  
                   "Actual Total Time": 4710.669,                                                    
                   "Actual Rows": 732182,                                                            
                   "Actual Loops": 1,                                                                
                   "Inner Unique": true,                                                             
                   "Merge Cond": "(mk.keyword_id = k.id)",                                           
                   "Shared Hit Blocks": 14,                                                          
                   "Shared Read Blocks": 47337,                                                      
                   "Shared Dirtied Blocks": 0,                                                       
                   "Shared Written Blocks": 0,                                                       
                   "Local Hit Blocks": 0,                                                            
                   "Local Read Blocks": 0,                                                           
                   "Local Dirtied Blocks": 0,                                                        
                   "Local Written Blocks": 0,                                                        
                   "Temp Read Blocks": 0,                                                            
                   "Temp Written Blocks": 0,                                                         
                   "Plans": [                                                                        
                     {                                                                               
                       "Node Type": "Sort",                                                          
                       "Parent Relationship": "Outer",                                               
                       "Parallel Aware": false,                                                      
                       "Startup Cost": 25682.70,                                                     
                       "Total Cost": 25751.82,                                                       
                       "Plan Rows": 890251,                                                          
                       "Plan Width": 47,                                                             
                       "Actual Startup Time": 4264.642,                                              
                       "Actual Total Time": 4364.121,                                                
                       "Actual Rows": 732182,                                                        
                       "Actual Loops": 1,                                                            
                       "Sort Key": ["mk.keyword_id"],                                                
                       "Sort Method": "quicksort",                                                   
                       "Sort Space Used": 115077,                                                    
                       "Sort Space Type": "Memory",                                                  
                       "Shared Hit Blocks": 12,                                                      
                       "Shared Read Blocks": 46390,                                                  
                       "Shared Dirtied Blocks": 0,                                                   
                       "Shared Written Blocks": 0,                                                   
                       "Local Hit Blocks": 0,                                                        
                       "Local Read Blocks": 0,                                                       
                       "Local Dirtied Blocks": 0,                                                    
                       "Local Written Blocks": 0,                                                    
                       "Temp Read Blocks": 0,                                                        
                       "Temp Written Blocks": 0,                                                     
                       "Plans": [                                                                    
                         {                                                                           
                           "Node Type": "Merge Join",                                                
                           "Parent Relationship": "Outer",                                           
                           "Parallel Aware": false,                                                  
                           "Join Type": "Inner",                                                     
                           "Startup Cost": 22875.38,                                                 
                           "Total Cost": 22950.59,                                                   
                           "Plan Rows": 890251,                                                      
                           "Plan Width": 47,                                                         
                           "Actual Startup Time": 3788.654,                                          
                           "Actual Total Time": 3989.197,                                            
                           "Actual Rows": 732182,                                                    
                           "Actual Loops": 1,                                                        
                           "Inner Unique": false,                                                    
                           "Merge Cond": "(ml.movie_id = mk.movie_id)",                              
                           "Shared Hit Blocks": 12,                                                  
                           "Shared Read Blocks": 46390,                                              
                           "Shared Dirtied Blocks": 0,                                               
                           "Shared Written Blocks": 0,                                               
                           "Local Hit Blocks": 0,                                                    
                           "Local Read Blocks": 0,                                                   
                           "Local Dirtied Blocks": 0,                                                
                           "Local Written Blocks": 0,                                                
                           "Temp Read Blocks": 0,                                                    
                           "Temp Written Blocks": 0,                                                 
                           "Plans": [                                                                
                             {                                                                       
                               "Node Type": "Sort",                                                  
                               "Parent Relationship": "Outer",                                       
                               "Parallel Aware": false,                                              
                               "Startup Cost": 6264.46,                                              
                               "Total Cost": 6269.59,                                                
                               "Plan Rows": 66055,                                                   
                               "Plan Width": 39,                                                     
                               "Actual Startup Time": 1655.864,                                      
                               "Actual Total Time": 1659.140,                                        
                               "Actual Rows": 43026,                                                 
                               "Actual Loops": 1,                                                    
                               "Sort Key": ["mc.movie_id"],                                          
                               "Sort Method": "quicksort",                                           
                               "Sort Space Used": 5633,                                              
                               "Sort Space Type": "Memory",                                          
                               "Shared Hit Blocks": 9,                                               
                               "Shared Read Blocks": 21939,                                          
                               "Shared Dirtied Blocks": 0,                                           
                               "Shared Written Blocks": 0,                                           
                               "Local Hit Blocks": 0,                                                
                               "Local Read Blocks": 0,                                               
                               "Local Dirtied Blocks": 0,                                            
                               "Local Written Blocks": 0,                                            
                               "Temp Read Blocks": 0,                                                
                               "Temp Written Blocks": 0,                                             
                               "Plans": [                                                            
                                 {                                                                   
                                   "Node Type": "Merge Join",                                        
                                   "Parent Relationship": "Outer",                                   
                                   "Parallel Aware": false,                                          
                                   "Join Type": "Inner",                                             
                                   "Startup Cost": 6048.91,                                          
                                   "Total Cost": 6100.23,                                            
                                   "Plan Rows": 66055,                                               
                                   "Plan Width": 39,                                                 
                                   "Actual Startup Time": 1609.029,                                  
                                   "Actual Total Time": 1642.244,                                    
                                   "Actual Rows": 43026,                                             
                                   "Actual Loops": 1,                                                
                                   "Inner Unique": true,                                             
                                   "Merge Cond": "(mc.company_id = cn.id)",                          
                                   "Shared Hit Blocks": 9,                                           
                                   "Shared Read Blocks": 21939,                                      
                                   "Shared Dirtied Blocks": 0,                                       
                                   "Shared Written Blocks": 0,                                       
                                   "Local Hit Blocks": 0,                                            
                                   "Local Read Blocks": 0,                                           
                                   "Local Dirtied Blocks": 0,                                        
                                   "Local Written Blocks": 0,                                        
                                   "Temp Read Blocks": 0,                                            
                                   "Temp Written Blocks": 0,                                         
                                   "Plans": [                                                        
                                     {                                                               
                                       "Node Type": "Sort",                                          
                                       "Parent Relationship": "Outer",                               
                                       "Parallel Aware": false,                                      
                                       "Startup Cost": 5287.68,                                      
                                       "Total Cost": 5292.81,                                        
                                       "Plan Rows": 66055,                                           
                                       "Plan Width": 24,                                             
                                       "Actual Startup Time": 1410.147,                              
                                       "Actual Total Time": 1414.139,                                
                                       "Actual Rows": 43026,                                         
                                       "Actual Loops": 1,                                            
                                       "Sort Key": ["mc.company_id"],                                
                                       "Sort Method": "quicksort",                                   
                                       "Sort Space Used": 4898,                                      
                                       "Sort Space Type": "Memory",                                  
                                       "Shared Hit Blocks": 7,                                       
                                       "Shared Read Blocks": 18947,                                  
                                       "Shared Dirtied Blocks": 0,                                   
                                       "Shared Written Blocks": 0,                                   
                                       "Local Hit Blocks": 0,                                        
                                       "Local Read Blocks": 0,                                       
                                       "Local Dirtied Blocks": 0,                                    
                                       "Local Written Blocks": 0,                                    
                                       "Temp Read Blocks": 0,                                        
                                       "Temp Written Blocks": 0,                                     
                                       "Plans": [                                                    
                                         {                                                           
                                           "Node Type": "Merge Join",                                
                                           "Parent Relationship": "Outer",                           
                                           "Parallel Aware": false,                                  
                                           "Join Type": "Inner",                                     
                                           "Startup Cost": 5108.63,                                  
                                           "Total Cost": 5123.46,                                    
                                           "Plan Rows": 66055,                                       
                                           "Plan Width": 24,                                         
                                           "Actual Startup Time": 1385.576,                          
                                           "Actual Total Time": 1397.703,                            
                                           "Actual Rows": 43026,                                     
                                           "Actual Loops": 1,                                        
                                           "Inner Unique": true,                                     
                                           "Merge Cond": "(mc.company_type_id = ct.id)",             
                                           "Shared Hit Blocks": 7,                                   
                                           "Shared Read Blocks": 18947,                              
                                           "Shared Dirtied Blocks": 0,                               
                                           "Shared Written Blocks": 0,                               
                                           "Local Hit Blocks": 0,                                    
                                           "Local Read Blocks": 0,                                   
                                           "Local Dirtied Blocks": 0,                                
                                           "Local Written Blocks": 0,                                
                                           "Temp Read Blocks": 0,                                    
                                           "Temp Written Blocks": 0,                                 
                                           "Plans": [                                                
                                             {                                                       
                                               "Node Type": "Sort",                                  
                                               "Parent Relationship": "Outer",                       
                                               "Parallel Aware": false,                              
                                               "Startup Cost": 5108.60,                              
                                               "Total Cost": 5113.73,                                
                                               "Plan Rows": 66055,                                   
                                               "Plan Width": 28,                                     
                                               "Actual Startup Time": 1385.551,                      
                                               "Actual Total Time": 1387.698,                        
                                               "Actual Rows": 43026,                                 
                                               "Actual Loops": 1,                                    
                                               "Sort Key": ["mc.company_type_id"],                   
                                               "Sort Method": "quicksort",                           
                                               "Sort Space Used": 4898,                              
                                               "Sort Space Type": "Memory",                          
                                               "Shared Hit Blocks": 6,                               
                                               "Shared Read Blocks": 18947,                          
                                               "Shared Dirtied Blocks": 0,                           
                                               "Shared Written Blocks": 0,                           
                                               "Local Hit Blocks": 0,                                
                                               "Local Read Blocks": 0,                               
                                               "Local Dirtied Blocks": 0,                            
                                               "Local Written Blocks": 0,                            
                                               "Temp Read Blocks": 0,                                
                                               "Temp Written Blocks": 0,                             
                                               "Plans": [                                            
                                                 {                                                   
                                                   "Node Type": "Merge Join",                        
                                                   "Parent Relationship": "Outer",                   
                                                   "Parallel Aware": false,                          
                                                   "Join Type": "Inner",                             
                                                   "Startup Cost": 4927.58,                          
                                                   "Total Cost": 4944.37,                            
                                                   "Plan Rows": 66055,                               
                                                   "Plan Width": 28,                                 
                                                   "Actual Startup Time": 1351.507,                  
                                                   "Actual Total Time": 1374.556,                    
                                                   "Actual Rows": 43026,                             
                                                   "Actual Loops": 1,                                
                                                   "Inner Unique": false,                            
                                                   "Merge Cond": "(ml.movie_id = mc.movie_id)",      
                                                   "Shared Hit Blocks": 6,                           
                                                   "Shared Read Blocks": 18947,                      
                                                   "Shared Dirtied Blocks": 0,                       
                                                   "Shared Written Blocks": 0,                       
                                                   "Local Hit Blocks": 0,                            
                                                   "Local Read Blocks": 0,                           
                                                   "Local Dirtied Blocks": 0,                        
                                                   "Local Written Blocks": 0,                        
                                                   "Temp Read Blocks": 0,                            
                                                   "Temp Written Blocks": 0,                         
                                                   "Plans": [                                        
                                                     {                                               
                                                       "Node Type": "Sort",                          
                                                       "Parent Relationship": "Outer",               
                                                       "Parallel Aware": false,                      
                                                       "Startup Cost": 152.52,                       
                                                       "Total Cost": 154.84,                         
                                                       "Plan Rows": 29997,                           
                                                       "Plan Width": 16,                             
                                                       "Actual Startup Time": 65.927,                
                                                       "Actual Total Time": 67.880,                  
                                                       "Actual Rows": 29997,                         
                                                       "Actual Loops": 1,                            
                                                       "Sort Key": ["ml.movie_id"],                  
                                                       "Sort Method": "quicksort",                   
                                                       "Sort Space Used": 2356,                      
                                                       "Sort Space Type": "Memory",                  
                                                       "Shared Hit Blocks": 3,                       
                                                       "Shared Read Blocks": 161,                    
                                                       "Shared Dirtied Blocks": 0,                   
                                                       "Shared Written Blocks": 0,                   
                                                       "Local Hit Blocks": 0,                        
                                                       "Local Read Blocks": 0,                       
                                                       "Local Dirtied Blocks": 0,                    
                                                       "Local Written Blocks": 0,                    
                                                       "Temp Read Blocks": 0,                        
                                                       "Temp Written Blocks": 0,                     
                                                       "Plans": [                                    
                                                         {                                           
                                                           "Node Type": "Merge Join",                
                                                           "Parent Relationship": "Outer",           
                                                           "Parallel Aware": false,                  
                                                           "Join Type": "Inner",                     
                                                           "Startup Cost": 76.51,                    
                                                           "Total Cost": 83.24,                      
                                                           "Plan Rows": 29997,                       
                                                           "Plan Width": 16,                         
                                                           "Actual Startup Time": 46.856,            
                                                           "Actual Total Time": 55.559,              
                                                           "Actual Rows": 29997,                     
                                                           "Actual Loops": 1,                        
                                                           "Inner Unique": false,                    
                                                           "Merge Cond": "(lt.id = ml.link_type_id)",
                                                           "Shared Hit Blocks": 3,                   
                                                           "Shared Read Blocks": 161,                
                                                           "Shared Dirtied Blocks": 0,               
                                                           "Shared Written Blocks": 0,               
                                                           "Local Hit Blocks": 0,                    
                                                           "Local Read Blocks": 0,                   
                                                           "Local Dirtied Blocks": 0,                
                                                           "Local Written Blocks": 0,                
                                                           "Temp Read Blocks": 0,                    
                                                           "Temp Written Blocks": 0,                 
                                                           "Plans": [                                
                                                             {                                       
                                                               "Node Type": "Sort",                  
                                                               "Parent Relationship": "Outer",       
                                                               "Parallel Aware": false,              
                                                               "Startup Cost": 0.04,                 
                                                               "Total Cost": 0.05,                   
                                                               "Plan Rows": 18,                      
                                                               "Plan Width": 16,                     
                                                               "Actual Startup Time": 0.058,         
                                                               "Actual Total Time": 0.060,           
                                                               "Actual Rows": 18,                    
                                                               "Actual Loops": 1,                    
                                                               "Sort Key": ["lt.id"],                
                                                               "Sort Method": "quicksort",           
                                                               "Sort Space Used": 25,                
                                                               "Sort Space Type": "Memory",          
                                                               "Shared Hit Blocks": 1,               
                                                               "Shared Read Blocks": 0,              
                                                               "Shared Dirtied Blocks": 0,           
                                                               "Shared Written Blocks": 0,           
                                                               "Local Hit Blocks": 0,                
                                                               "Local Read Blocks": 0,               
                                                               "Local Dirtied Blocks": 0,            
                                                               "Local Written Blocks": 0,            
                                                               "Temp Read Blocks": 0,                
                                                               "Temp Written Blocks": 0,             
                                                               "Plans": [                            
                                                                 {                                   
                                                                   "Node Type": "Seq Scan",          
                                                                   "Parent Relationship": "Outer",   
                                                                   "Parallel Aware": false,          
                                                                   "Relation Name": "link_type",     
                                                                   "Alias": "lt",                    
                                                                   "Startup Cost": 0.00,             
                                                                   "Total Cost": 0.03,               
                                                                   "Plan Rows": 18,                  
                                                                   "Plan Width": 16,                 
                                                                   "Actual Startup Time": 0.015,     
                                                                   "Actual Total Time": 0.026,       
                                                                   "Actual Rows": 18,                
                                                                   "Actual Loops": 1,                
                                                                   "Shared Hit Blocks": 1,           
                                                                   "Shared Read Blocks": 0,          
                                                                   "Shared Dirtied Blocks": 0,       
                                                                   "Shared Written Blocks": 0,       
                                                                   "Local Hit Blocks": 0,            
                                                                   "Local Read Blocks": 0,           
                                                                   "Local Dirtied Blocks": 0,        
                                                                   "Local Written Blocks": 0,        
                                                                   "Temp Read Blocks": 0,            
                                                                   "Temp Written Blocks": 0          
                                                                 }                                   
                                                               ]                                     
                                                             },                                      
                                                             {                                       
                                                               "Node Type": "Sort",                  
                                                               "Parent Relationship": "Inner",       
                                                               "Parallel Aware": false,              
                                                               "Startup Cost": 76.46,                
                                                               "Total Cost": 78.79,                  
                                                               "Plan Rows": 29997,                   
                                                               "Plan Width": 8,                      
                                                               "Actual Startup Time": 46.790,        
                                                               "Actual Total Time": 48.698,          
                                                               "Actual Rows": 29997,                 
                                                               "Actual Loops": 1,                    
                                                               "Sort Key": ["ml.link_type_id"],      
                                                               "Sort Method": "quicksort",           
                                                               "Sort Space Used": 2175,              
                                                               "Sort Space Type": "Memory",          
                                                               "Shared Hit Blocks": 2,               
                                                               "Shared Read Blocks": 161,            
                                                               "Shared Dirtied Blocks": 0,           
                                                               "Shared Written Blocks": 0,           
                                                               "Local Hit Blocks": 0,                
                                                               "Local Read Blocks": 0,               
                                                               "Local Dirtied Blocks": 0,            
                                                               "Local Written Blocks": 0,            
                                                               "Temp Read Blocks": 0,                
                                                               "Temp Written Blocks": 0,             
                                                               "Plans": [                            
                                                                 {                                   
                                                                   "Node Type": "Seq Scan",          
                                                                   "Parent Relationship": "Outer",   
                                                                   "Parallel Aware": false,          
                                                                   "Relation Name": "movie_link",    
                                                                   "Alias": "ml",                    
                                                                   "Startup Cost": 0.00,             
                                                                   "Total Cost": 7.19,               
                                                                   "Plan Rows": 29997,               
                                                                   "Plan Width": 8,                  
                                                                   "Actual Startup Time": 0.012,     
                                                                   "Actual Total Time": 31.060,      
                                                                   "Actual Rows": 29997,             
                                                                   "Actual Loops": 1,                
                                                                   "Shared Hit Blocks": 2,           
                                                                   "Shared Read Blocks": 161,        
                                                                   "Shared Dirtied Blocks": 0,       
                                                                   "Shared Written Blocks": 0,       
                                                                   "Local Hit Blocks": 0,            
                                                                   "Local Read Blocks": 0,           
                                                                   "Local Dirtied Blocks": 0,        
                                                                   "Local Written Blocks": 0,        
                                                                   "Temp Read Blocks": 0,            
                                                                   "Temp Written Blocks": 0          
                                                                 }                                   
                                                               ]                                     
                                                             }                                       
                                                           ]                                         
                                                         }                                           
                                                       ]                                             
                                                     },                                              
                                                     {                                               
                                                       "Node Type": "Sort",                          
                                                       "Parent Relationship": "Inner",               
                                                       "Parallel Aware": false,                      
                                                       "Startup Cost": 4775.07,                      
                                                       "Total Cost": 4873.82,                        
                                                       "Plan Rows": 1271989,                         
                                                       "Plan Width": 12,                             
                                                       "Actual Startup Time": 1285.571,              
                                                       "Actual Total Time": 1289.562,                
                                                       "Actual Rows": 85936,                         
                                                       "Actual Loops": 1,                            
                                                       "Sort Key": ["mc.movie_id"],                  
                                                       "Sort Method": "quicksort",                   
                                                       "Sort Space Used": 108777,                    
                                                       "Sort Space Type": "Memory",                  
                                                       "Shared Hit Blocks": 3,                       
                                                       "Shared Read Blocks": 18786,                  
                                                       "Shared Dirtied Blocks": 0,                   
                                                       "Shared Written Blocks": 0,                   
                                                       "Local Hit Blocks": 0,                        
                                                       "Local Read Blocks": 0,                       
                                                       "Local Dirtied Blocks": 0,                    
                                                       "Local Written Blocks": 0,                    
                                                       "Temp Read Blocks": 0,                        
                                                       "Temp Written Blocks": 0,                     
                                                       "Plans": [                                    
                                                         {                                           
                                                           "Node Type": "Seq Scan",                  
                                                           "Parent Relationship": "Outer",           
                                                           "Parallel Aware": false,                  
                                                           "Relation Name": "movie_companies",       
                                                           "Alias": "mc",                            
                                                           "Startup Cost": 0.00,                     
                                                           "Total Cost": 769.75,                     
                                                           "Plan Rows": 1271989,                     
                                                           "Plan Width": 12,                         
                                                           "Actual Startup Time": 0.037,             
                                                           "Actual Total Time": 803.521,             
                                                           "Actual Rows": 1271989,                   
                                                           "Actual Loops": 1,                        
                                                           "Filter": "(note IS NULL)",               
                                                           "Rows Removed by Filter": 1337140,        
                                                           "Shared Hit Blocks": 3,                   
                                                           "Shared Read Blocks": 18786,              
                                                           "Shared Dirtied Blocks": 0,               
                                                           "Shared Written Blocks": 0,               
                                                           "Local Hit Blocks": 0,                    
                                                           "Local Read Blocks": 0,                   
                                                           "Local Dirtied Blocks": 0,                
                                                           "Local Written Blocks": 0,                
                                                           "Temp Read Blocks": 0,                    
                                                           "Temp Written Blocks": 0                  
                                                         }                                           
                                                       ]                                             
                                                     }                                               
                                                   ]                                                 
                                                 }                                                   
                                               ]                                                     
                                             },                                                      
                                             {                                                       
                                               "Node Type": "Sort",                                  
                                               "Parent Relationship": "Inner",                       
                                               "Parallel Aware": false,                              
                                               "Startup Cost": 0.03,                                 
                                               "Total Cost": 0.03,                                   
                                               "Plan Rows": 4,                                       
                                               "Plan Width": 4,                                      
                                               "Actual Startup Time": 0.021,                         
                                               "Actual Total Time": 0.021,                           
                                               "Actual Rows": 2,                                     
                                               "Actual Loops": 1,                                    
                                               "Sort Key": ["ct.id"],                                
                                               "Sort Method": "quicksort",                           
                                               "Sort Space Used": 25,                                
                                               "Sort Space Type": "Memory",                          
                                               "Shared Hit Blocks": 1,                               
                                               "Shared Read Blocks": 0,                              
                                               "Shared Dirtied Blocks": 0,                           
                                               "Shared Written Blocks": 0,                           
                                               "Local Hit Blocks": 0,                                
                                               "Local Read Blocks": 0,                               
                                               "Local Dirtied Blocks": 0,                            
                                               "Local Written Blocks": 0,                            
                                               "Temp Read Blocks": 0,                                
                                               "Temp Written Blocks": 0,                             
                                               "Plans": [                                            
                                                 {                                                   
                                                   "Node Type": "Seq Scan",                          
                                                   "Parent Relationship": "Outer",                   
                                                   "Parallel Aware": false,                          
                                                   "Relation Name": "company_type",                  
                                                   "Alias": "ct",                                    
                                                   "Startup Cost": 0.00,                             
                                                   "Total Cost": 0.03,                               
                                                   "Plan Rows": 4,                                   
                                                   "Plan Width": 4,                                  
                                                   "Actual Startup Time": 0.012,                     
                                                   "Actual Total Time": 0.013,                       
                                                   "Actual Rows": 4,                                 
                                                   "Actual Loops": 1,                                
                                                   "Shared Hit Blocks": 1,                           
                                                   "Shared Read Blocks": 0,                          
                                                   "Shared Dirtied Blocks": 0,                       
                                                   "Shared Written Blocks": 0,                       
                                                   "Local Hit Blocks": 0,                            
                                                   "Local Read Blocks": 0,                           
                                                   "Local Dirtied Blocks": 0,                        
                                                   "Local Written Blocks": 0,                        
                                                   "Temp Read Blocks": 0,                            
                                                   "Temp Written Blocks": 0                          
                                                 }                                                   
                                               ]                                                     
                                             }                                                       
                                           ]                                                         
                                         }                                                           
                                       ]                                                             
                                     },                                                              
                                     {                                                               
                                       "Node Type": "Sort",                                          
                                       "Parent Relationship": "Inner",                               
                                       "Parallel Aware": false,                                      
                                       "Startup Cost": 761.23,                                       
                                       "Total Cost": 779.47,                                         
                                       "Plan Rows": 234997,                                          
                                       "Plan Width": 23,                                             
                                       "Actual Startup Time": 198.873,                               
                                       "Actual Total Time": 207.326,                                 
                                       "Actual Rows": 74154,                                         
                                       "Actual Loops": 1,                                            
                                       "Sort Key": ["cn.id"],                                        
                                       "Sort Method": "quicksort",                                   
                                       "Sort Space Used": 23201,                                     
                                       "Sort Space Type": "Memory",                                  
                                       "Shared Hit Blocks": 2,                                       
                                       "Shared Read Blocks": 2992,                                   
                                       "Shared Dirtied Blocks": 0,                                   
                                       "Shared Written Blocks": 0,                                   
                                       "Local Hit Blocks": 0,                                        
                                       "Local Read Blocks": 0,                                       
                                       "Local Dirtied Blocks": 0,                                    
                                       "Local Written Blocks": 0,                                    
                                       "Temp Read Blocks": 0,                                        
                                       "Temp Written Blocks": 0,                                     
                                       "Plans": [                                                    
                                         {                                                           
                                           "Node Type": "Seq Scan",                                  
                                           "Parent Relationship": "Outer",                           
                                           "Parallel Aware": false,                                  
                                           "Relation Name": "company_name",                          
                                           "Alias": "cn",                                            
                                           "Startup Cost": 0.00,                                     
                                           "Total Cost": 110.16,                                     
                                           "Plan Rows": 234997,                                      
                                           "Plan Width": 23,                                         
                                           "Actual Startup Time": 2.084,                             
                                           "Actual Total Time": 79.999,                              
                                           "Actual Rows": 234997,                                    
                                           "Actual Loops": 1,                                        
                                           "Shared Hit Blocks": 2,                                   
                                           "Shared Read Blocks": 2992,                               
                                           "Shared Dirtied Blocks": 0,                               
                                           "Shared Written Blocks": 0,                               
                                           "Local Hit Blocks": 0,                                    
                                           "Local Read Blocks": 0,                                   
                                           "Local Dirtied Blocks": 0,                                
                                           "Local Written Blocks": 0,                                
                                           "Temp Read Blocks": 0,                                    
                                           "Temp Written Blocks": 0                                  
                                         }                                                           
                                       ]                                                             
                                     }                                                               
                                   ]                                                                 
                                 }                                                                   
                               ]                                                                     
                             },                                                                      
                             {                                                                       
                               "Node Type": "Sort",                                                  
                               "Parent Relationship": "Inner",                                       
                               "Parallel Aware": false,                                              
                               "Startup Cost": 16610.92,                                             
                               "Total Cost": 16962.16,                                               
                               "Plan Rows": 4523930,                                                 
                               "Plan Width": 8,                                                      
                               "Actual Startup Time": 2132.780,                                      
                               "Actual Total Time": 2170.168,                                        
                               "Actual Rows": 796711,                                                
                               "Actual Loops": 1,                                                    
                               "Sort Key": ["mk.movie_id"],                                          
                               "Sort Method": "quicksort",                                           
                               "Sort Space Used": 408668,                                            
                               "Sort Space Type": "Memory",                                          
                               "Shared Hit Blocks": 3,                                               
                               "Shared Read Blocks": 24451,                                          
                               "Shared Dirtied Blocks": 0,                                           
                               "Shared Written Blocks": 0,                                           
                               "Local Hit Blocks": 0,                                                
                               "Local Read Blocks": 0,                                               
                               "Local Dirtied Blocks": 0,                                            
                               "Local Written Blocks": 0,                                            
                               "Temp Read Blocks": 0,                                                
                               "Temp Written Blocks": 0,                                             
                               "Plans": [                                                            
                                 {                                                                   
                                   "Node Type": "Seq Scan",                                          
                                   "Parent Relationship": "Outer",                                   
                                   "Parallel Aware": false,                                          
                                   "Relation Name": "movie_keyword",                                 
                                   "Alias": "mk",                                                    
                                   "Startup Cost": 0.00,                                             
                                   "Total Cost": 1079.84,                                            
                                   "Plan Rows": 4523930,                                             
                                   "Plan Width": 8,                                                  
                                   "Actual Startup Time": 0.014,                                     
                                   "Actual Total Time": 768.495,                                     
                                   "Actual Rows": 4523930,                                           
                                   "Actual Loops": 1,                                                
                                   "Shared Hit Blocks": 3,                                           
                                   "Shared Read Blocks": 24451,                                      
                                   "Shared Dirtied Blocks": 0,                                       
                                   "Shared Written Blocks": 0,                                       
                                   "Local Hit Blocks": 0,                                            
                                   "Local Read Blocks": 0,                                           
                                   "Local Dirtied Blocks": 0,                                        
                                   "Local Written Blocks": 0,                                        
                                   "Temp Read Blocks": 0,                                            
                                   "Temp Written Blocks": 0                                          
                                 }                                                                   
                               ]                                                                     
                             }                                                                       
                           ]                                                                         
                         }                                                                           
                       ]                                                                             
                     },                                                                              
                     {                                                                               
                       "Node Type": "Sort",                                                          
                       "Parent Relationship": "Inner",                                               
                       "Parallel Aware": false,                                                      
                       "Startup Cost": 393.92,                                                       
                       "Total Cost": 404.34,                                                         
                       "Plan Rows": 134170,                                                          
                       "Plan Width": 4,                                                              
                       "Actual Startup Time": 110.622,                                               
                       "Actual Total Time": 113.616,                                                 
                       "Actual Rows": 21360,                                                         
                       "Actual Loops": 1,                                                            
                       "Sort Key": ["k.id"],                                                         
                       "Sort Method": "quicksort",                                                   
                       "Sort Space Used": 12434,                                                     
                       "Sort Space Type": "Memory",                                                  
                       "Shared Hit Blocks": 2,                                                       
                       "Shared Read Blocks": 947,                                                    
                       "Shared Dirtied Blocks": 0,                                                   
                       "Shared Written Blocks": 0,                                                   
                       "Local Hit Blocks": 0,                                                        
                       "Local Read Blocks": 0,                                                       
                       "Local Dirtied Blocks": 0,                                                    
                       "Local Written Blocks": 0,                                                    
                       "Temp Read Blocks": 0,                                                        
                       "Temp Written Blocks": 0,                                                     
                       "Plans": [                                                                    
                         {                                                                           
                           "Node Type": "Seq Scan",                                                  
                           "Parent Relationship": "Outer",                                           
                           "Parallel Aware": false,                                                  
                           "Relation Name": "keyword",                                               
                           "Alias": "k",                                                             
                           "Startup Cost": 0.00,                                                     
                           "Total Cost": 39.04,                                                      
                           "Plan Rows": 134170,                                                      
                           "Plan Width": 4,                                                          
                           "Actual Startup Time": 20.724,                                            
                           "Actual Total Time": 54.481,                                              
                           "Actual Rows": 134170,                                                    
                           "Actual Loops": 1,                                                        
                           "Shared Hit Blocks": 2,                                                   
                           "Shared Read Blocks": 947,                                                
                           "Shared Dirtied Blocks": 0,                                               
                           "Shared Written Blocks": 0,                                               
                           "Local Hit Blocks": 0,                                                    
                           "Local Read Blocks": 0,                                                   
                           "Local Dirtied Blocks": 0,                                                
                           "Local Written Blocks": 0,                                                
                           "Temp Read Blocks": 0,                                                    
                           "Temp Written Blocks": 0                                                  
                         }                                                                           
                       ]                                                                             
                     }                                                                               
                   ]                                                                                 
                 }                                                                                   
               ]                                                                                     
             },                                                                                      
             {                                                                                       
               "Node Type": "Materialize",                                                           
               "Parent Relationship": "Inner",                                                       
               "Parallel Aware": false,                                                              
               "Startup Cost": 70637.81,                                                             
               "Total Cost": 75511.40,                                                               
               "Plan Rows": 14835720,                                                                
               "Plan Width": 25,                                                                     
               "Actual Startup Time": 13442.328,                                                     
               "Actual Total Time": 18190.133,                                                       
               "Actual Rows": 93015302,                                                              
               "Actual Loops": 1,                                                                    
               "Shared Hit Blocks": 3,                                                               
               "Shared Read Blocks": 197887,                                                         
               "Shared Dirtied Blocks": 0,                                                           
               "Shared Written Blocks": 0,                                                           
               "Local Hit Blocks": 0,                                                                
               "Local Read Blocks": 0,                                                               
               "Local Dirtied Blocks": 0,                                                            
               "Local Written Blocks": 0,                                                            
               "Temp Read Blocks": 0,                                                                
               "Temp Written Blocks": 0,                                                             
               "Plans": [                                                                            
                 {                                                                                   
                   "Node Type": "Merge Join",                                                        
                   "Parent Relationship": "Outer",                                                   
                   "Parallel Aware": false,                                                          
                   "Join Type": "Inner",                                                             
                   "Startup Cost": 70637.81,                                                         
                   "Total Cost": 74359.56,                                                           
                   "Plan Rows": 14835720,                                                            
                   "Plan Width": 25,                                                                 
                   "Actual Startup Time": 13442.323,                                                 
                   "Actual Total Time": 13643.474,                                                   
                   "Actual Rows": 442610,                                                            
                   "Actual Loops": 1,                                                                
                   "Inner Unique": true,                                                             
                   "Merge Cond": "(mi.movie_id = t.id)",                                             
                   "Shared Hit Blocks": 3,                                                           
                   "Shared Read Blocks": 197887,                                                     
                   "Shared Dirtied Blocks": 0,                                                       
                   "Shared Written Blocks": 0,                                                       
                   "Local Hit Blocks": 0,                                                            
                   "Local Read Blocks": 0,                                                           
                   "Local Dirtied Blocks": 0,                                                        
                   "Local Written Blocks": 0,                                                        
                   "Temp Read Blocks": 0,                                                            
                   "Temp Written Blocks": 0,                                                         
                   "Plans": [                                                                        
                     {                                                                               
                       "Node Type": "Sort",                                                          
                       "Parent Relationship": "Outer",                                               
                       "Parallel Aware": false,                                                      
                       "Startup Cost": 60983.46,                                                     
                       "Total Cost": 62135.30,                                                       
                       "Plan Rows": 14835720,                                                        
                       "Plan Width": 4,                                                              
                       "Actual Startup Time": 11130.379,                                             
                       "Actual Total Time": 11163.079,                                               
                       "Actual Rows": 442610,                                                        
                       "Actual Loops": 1,                                                            
                       "Sort Key": ["mi.movie_id"],                                                  
                       "Sort Method": "quicksort",                                                   
                       "Sort Space Used": 1088641,                                                   
                       "Sort Space Type": "Memory",                                                  
                       "Shared Hit Blocks": 2,                                                       
                       "Shared Read Blocks": 161890,                                                 
                       "Shared Dirtied Blocks": 0,                                                   
                       "Shared Written Blocks": 0,                                                   
                       "Local Hit Blocks": 0,                                                        
                       "Local Read Blocks": 0,                                                       
                       "Local Dirtied Blocks": 0,                                                    
                       "Local Written Blocks": 0,                                                    
                       "Temp Read Blocks": 0,                                                        
                       "Temp Written Blocks": 0,                                                     
                       "Plans": [                                                                    
                         {                                                                           
                           "Node Type": "Seq Scan",                                                  
                           "Parent Relationship": "Outer",                                           
                           "Parallel Aware": false,                                                  
                           "Relation Name": "movie_info",                                            
                           "Alias": "mi",                                                            
                           "Startup Cost": 0.00,                                                     
                           "Total Cost": 6103.84,                                                    
                           "Plan Rows": 14835720,                                                    
                           "Plan Width": 4,                                                          
                           "Actual Startup Time": 19.104,                                            
                           "Actual Total Time": 5513.925,                                            
                           "Actual Rows": 14835720,                                                  
                           "Actual Loops": 1,                                                        
                           "Shared Hit Blocks": 2,                                                   
                           "Shared Read Blocks": 161890,                                             
                           "Shared Dirtied Blocks": 0,                                               
                           "Shared Written Blocks": 0,                                               
                           "Local Hit Blocks": 0,                                                    
                           "Local Read Blocks": 0,                                                   
                           "Local Dirtied Blocks": 0,                                                
                           "Local Written Blocks": 0,                                                
                           "Temp Read Blocks": 0,                                                    
                           "Temp Written Blocks": 0                                                  
                         }                                                                           
                       ]                                                                             
                     },                                                                              
                     {                                                                               
                       "Node Type": "Sort",                                                          
                       "Parent Relationship": "Inner",                                               
                       "Parallel Aware": false,                                                      
                       "Startup Cost": 9654.35,                                                      
                       "Total Cost": 9850.65,                                                        
                       "Plan Rows": 2528312,                                                         
                       "Plan Width": 21,                                                             
                       "Actual Startup Time": 2311.933,                                              
                       "Actual Total Time": 2338.080,                                                
                       "Actual Rows": 164755,                                                        
                       "Actual Loops": 1,                                                            
                       "Sort Key": ["t.id"],                                                         
                       "Sort Method": "quicksort",                                                   
                       "Sort Space Used": 275055,                                                    
                       "Sort Space Type": "Memory",                                                  
                       "Shared Hit Blocks": 1,                                                       
                       "Shared Read Blocks": 35997,                                                  
                       "Shared Dirtied Blocks": 0,                                                   
                       "Shared Written Blocks": 0,                                                   
                       "Local Hit Blocks": 0,                                                        
                       "Local Read Blocks": 0,                                                       
                       "Local Dirtied Blocks": 0,                                                    
                       "Local Written Blocks": 0,                                                    
                       "Temp Read Blocks": 0,                                                        
                       "Temp Written Blocks": 0,                                                     
                       "Plans": [                                                                    
                         {                                                                           
                           "Node Type": "Seq Scan",                                                  
                           "Parent Relationship": "Outer",                                           
                           "Parallel Aware": false,                                                  
                           "Relation Name": "title",                                                 
                           "Alias": "t",                                                             
                           "Startup Cost": 0.00,                                                     
                           "Total Cost": 1303.96,                                                    
                           "Plan Rows": 2528312,                                                     
                           "Plan Width": 21,                                                         
                           "Actual Startup Time": 18.073,                                            
                           "Actual Total Time": 1004.798,                                            
                           "Actual Rows": 2528312,                                                   
                           "Actual Loops": 1,                                                        
                           "Shared Hit Blocks": 1,                                                   
                           "Shared Read Blocks": 35997,                                              
                           "Shared Dirtied Blocks": 0,                                               
                           "Shared Written Blocks": 0,                                               
                           "Local Hit Blocks": 0,                                                    
                           "Local Read Blocks": 0,                                                   
                           "Local Dirtied Blocks": 0,                                                
                           "Local Written Blocks": 0,                                                
                           "Temp Read Blocks": 0,                                                    
                           "Temp Written Blocks": 0                                                  
                         }                                                                           
                       ]                                                                             
                     }                                                                               
                   ]                                                                                 
                 }                                                                                   
               ]                                                                                     
             }                                                                                       
           ]                                                                                         
         }                                                                                           
       ]                                                                                             
     },                                                                                              
     "Planning Time": 5792.460,                                                                      
     "Triggers": [                                                                                   
     ],                                                                                              
     "Execution Time": 64857.699                                                                     
