     "Plan": {                                                                                       
       "Node Type": "Aggregate",                                                                     
       "Strategy": "Plain",                                                                          
       "Partial Mode": "Simple",                                                                     
       "Parallel Aware": false,                                                                      
       "Startup Cost": 121671.42,                                                                    
       "Total Cost": 121671.42,                                                                      
       "Plan Rows": 1,                                                                               
       "Plan Width": 96,                                                                             
       "Actual Startup Time": 456286.501,                                                            
       "Actual Total Time": 456286.501,                                                              
       "Actual Rows": 1,                                                                             
       "Actual Loops": 1,                                                                            
       "Shared Hit Blocks": 21,                                                                      
       "Shared Read Blocks": 245224,                                                                 
       "Shared Dirtied Blocks": 0,                                                                   
       "Shared Written Blocks": 0,                                                                   
       "Local Hit Blocks": 0,                                                                        
       "Local Read Blocks": 0,                                                                       
       "Local Dirtied Blocks": 0,                                                                    
       "Local Written Blocks": 0,                                                                    
       "Temp Read Blocks": 0,                                                                        
       "Temp Written Blocks": 0,                                                                     
       "Plans": [                                                                                    
         {                                                                                           
           "Node Type": "Merge Join",                                                                
           "Parent Relationship": "Outer",                                                           
           "Parallel Aware": false,                                                                  
           "Join Type": "Inner",                                                                     
           "Startup Cost": 111529.80,                                                                
           "Total Cost": 112997.91,                                                                  
           "Plan Rows": 37238290,                                                                    
           "Plan Width": 48,                                                                         
           "Actual Startup Time": 23522.145,                                                         
           "Actual Total Time": 227744.092,                                                          
           "Actual Rows": 882246380,                                                                 
           "Actual Loops": 1,                                                                        
           "Inner Unique": false,                                                                    
           "Merge Cond": "(ml.movie_id = t.id)",                                                     
           "Shared Hit Blocks": 21,                                                                  
           "Shared Read Blocks": 245224,                                                             
           "Shared Dirtied Blocks": 0,                                                               
           "Shared Written Blocks": 0,                                                               
           "Local Hit Blocks": 0,                                                                    
           "Local Read Blocks": 0,                                                                   
           "Local Dirtied Blocks": 0,                                                                
           "Local Written Blocks": 0,                                                                
           "Temp Read Blocks": 0,                                                                    
           "Temp Written Blocks": 0,                                                                 
           "Plans": [                                                                                
             {                                                                                       
               "Node Type": "Sort",                                                                  
               "Parent Relationship": "Outer",                                                       
               "Parallel Aware": false,                                                              
               "Startup Cost": 40891.98,                                                             
               "Total Cost": 41033.76,                                                               
               "Plan Rows": 1826101,                                                                 
               "Plan Width": 43,                                                                     
               "Actual Startup Time": 10100.774,                                                     
               "Actual Total Time": 10412.012,                                                       
               "Actual Rows": 4139776,                                                               
               "Actual Loops": 1,                                                                    
               "Sort Key": ["mc.movie_id"],                                                          
               "Sort Method": "quicksort",                                                           
               "Sort Space Used": 570433,                                                            
               "Sort Space Type": "Memory",                                                          
               "Shared Hit Blocks": 18,                                                              
               "Shared Read Blocks": 47337,                                                          
               "Shared Dirtied Blocks": 0,                                                           
               "Shared Written Blocks": 0,                                                           
               "Local Hit Blocks": 0,                                                                
               "Local Read Blocks": 0,                                                               
               "Local Dirtied Blocks": 0,                                                            
               "Local Written Blocks": 0,                                                            
               "Temp Read Blocks": 0,                                                                
               "Temp Written Blocks": 0,                                                             
               "Plans": [                                                                            
                 {                                                                                   
                   "Node Type": "Merge Join",                                                        
                   "Parent Relationship": "Outer",                                                   
                   "Parallel Aware": false,                                                          
                   "Join Type": "Inner",                                                             
                   "Startup Cost": 34563.28,                                                         
                   "Total Cost": 34993.93,                                                           
                   "Plan Rows": 1826101,                                                             
                   "Plan Width": 43,                                                                 
                   "Actual Startup Time": 6936.195,                                                  
                   "Actual Total Time": 8844.409,                                                    
                   "Actual Rows": 4139776,                                                           
                   "Actual Loops": 1,                                                                
                   "Inner Unique": true,                                                             
                   "Merge Cond": "(mk.keyword_id = k.id)",                                           
                   "Shared Hit Blocks": 14,                                                          
                   "Shared Read Blocks": 47337,                                                      
                   "Shared Dirtied Blocks": 0,                                                       
                   "Shared Written Blocks": 0,                                                       
                   "Local Hit Blocks": 0,                                                            
                   "Local Read Blocks": 0,                                                           
                   "Local Dirtied Blocks": 0,                                                        
                   "Local Written Blocks": 0,                                                        
                   "Temp Read Blocks": 0,                                                            
                   "Temp Written Blocks": 0,                                                         
                   "Plans": [                                                                        
                     {                                                                               
                       "Node Type": "Sort",                                                          
                       "Parent Relationship": "Outer",                                               
                       "Parallel Aware": false,                                                      
                       "Startup Cost": 34169.36,                                                     
                       "Total Cost": 34311.13,                                                       
                       "Plan Rows": 1826101,                                                         
                       "Plan Width": 47,                                                             
                       "Actual Startup Time": 6818.371,                                              
                       "Actual Total Time": 7429.483,                                                
                       "Actual Rows": 4139776,                                                       
                       "Actual Loops": 1,                                                            
                       "Sort Key": ["mk.keyword_id"],                                                
                       "Sort Method": "quicksort",                                                   
                       "Sort Space Used": 595678,                                                    
                       "Sort Space Type": "Memory",                                                  
                       "Shared Hit Blocks": 12,                                                      
                       "Shared Read Blocks": 46390,                                                  
                       "Shared Dirtied Blocks": 0,                                                   
                       "Shared Written Blocks": 0,                                                   
                       "Local Hit Blocks": 0,                                                        
                       "Local Read Blocks": 0,                                                       
                       "Local Dirtied Blocks": 0,                                                    
                       "Local Written Blocks": 0,                                                    
                       "Temp Read Blocks": 0,                                                        
                       "Temp Written Blocks": 0,                                                     
                       "Plans": [                                                                    
                         {                                                                           
                           "Node Type": "Merge Join",                                                
                           "Parent Relationship": "Outer",                                           
                           "Parallel Aware": false,                                                  
                           "Join Type": "Inner",                                                     
                           "Startup Cost": 28133.03,                                                 
                           "Total Cost": 28271.30,                                                   
                           "Plan Rows": 1826101,                                                     
                           "Plan Width": 47,                                                         
                           "Actual Startup Time": 4226.482,                                          
                           "Actual Total Time": 5294.510,                                            
                           "Actual Rows": 4139776,                                                   
                           "Actual Loops": 1,                                                        
                           "Inner Unique": false,                                                    
                           "Merge Cond": "(ml.movie_id = mk.movie_id)",                              
                           "Shared Hit Blocks": 12,                                                  
                           "Shared Read Blocks": 46390,                                              
                           "Shared Dirtied Blocks": 0,                                               
                           "Shared Written Blocks": 0,                                               
                           "Local Hit Blocks": 0,                                                    
                           "Local Read Blocks": 0,                                                   
                           "Local Dirtied Blocks": 0,                                                
                           "Local Written Blocks": 0,                                                
                           "Temp Read Blocks": 0,                                                    
                           "Temp Written Blocks": 0,                                                 
                           "Plans": [                                                                
                             {                                                                       
                               "Node Type": "Sort",                                                  
                               "Parent Relationship": "Outer",                                       
                               "Parallel Aware": false,                                              
                               "Startup Cost": 11522.11,                                             
                               "Total Cost": 11532.63,                                               
                               "Plan Rows": 135494,                                                  
                               "Plan Width": 39,                                                     
                               "Actual Startup Time": 2106.792,                                      
                               "Actual Total Time": 2118.888,                                        
                               "Actual Rows": 148115,                                                
                               "Actual Loops": 1,                                                    
                               "Sort Key": ["mc.movie_id"],                                          
                               "Sort Method": "quicksort",                                           
                               "Sort Space Used": 21045,                                             
                               "Sort Space Type": "Memory",                                          
                               "Shared Hit Blocks": 9,                                               
                               "Shared Read Blocks": 21939,                                          
                               "Shared Dirtied Blocks": 0,                                           
                               "Shared Written Blocks": 0,                                           
                               "Local Hit Blocks": 0,                                                
                               "Local Read Blocks": 0,                                               
                               "Local Dirtied Blocks": 0,                                            
                               "Local Written Blocks": 0,                                            
                               "Temp Read Blocks": 0,                                                
                               "Temp Written Blocks": 0,                                             
                               "Plans": [                                                            
                                 {                                                                   
                                   "Node Type": "Merge Join",                                        
                                   "Parent Relationship": "Outer",                                   
                                   "Parallel Aware": false,                                          
                                   "Join Type": "Inner",                                             
                                   "Startup Cost": 11096.53,                                         
                                   "Total Cost": 11163.43,                                           
                                   "Plan Rows": 135494,                                              
                                   "Plan Width": 39,                                                 
                                   "Actual Startup Time": 1988.914,                                  
                                   "Actual Total Time": 2062.112,                                    
                                   "Actual Rows": 148115,                                            
                                   "Actual Loops": 1,                                                
                                   "Inner Unique": true,                                             
                                   "Merge Cond": "(mc.company_id = cn.id)",                          
                                   "Shared Hit Blocks": 9,                                           
                                   "Shared Read Blocks": 21939,                                      
                                   "Shared Dirtied Blocks": 0,                                       
                                   "Shared Written Blocks": 0,                                       
                                   "Local Hit Blocks": 0,                                            
                                   "Local Read Blocks": 0,                                           
                                   "Local Dirtied Blocks": 0,                                        
                                   "Local Written Blocks": 0,                                        
                                   "Temp Read Blocks": 0,                                            
                                   "Temp Written Blocks": 0,                                         
                                   "Plans": [                                                        
                                     {                                                               
                                       "Node Type": "Sort",                                          
                                       "Parent Relationship": "Outer",                               
                                       "Parallel Aware": false,                                      
                                       "Startup Cost": 10335.31,                                     
                                       "Total Cost": 10345.82,                                       
                                       "Plan Rows": 135494,                                          
                                       "Plan Width": 24,                                             
                                       "Actual Startup Time": 1778.639,                              
                                       "Actual Total Time": 1795.291,                                
                                       "Actual Rows": 148115,                                        
                                       "Actual Loops": 1,                                            
                                       "Sort Key": ["mc.company_id"],                                
                                       "Sort Method": "quicksort",                                   
                                       "Sort Space Used": 17716,                                     
                                       "Sort Space Type": "Memory",                                  
                                       "Shared Hit Blocks": 7,                                       
                                       "Shared Read Blocks": 18947,                                  
                                       "Shared Dirtied Blocks": 0,                                   
                                       "Shared Written Blocks": 0,                                   
                                       "Local Hit Blocks": 0,                                        
                                       "Local Read Blocks": 0,                                       
                                       "Local Dirtied Blocks": 0,                                    
                                       "Local Written Blocks": 0,                                    
                                       "Temp Read Blocks": 0,                                        
                                       "Temp Written Blocks": 0,                                     
                                       "Plans": [                                                    
                                         {                                                           
                                           "Node Type": "Merge Join",                                
                                           "Parent Relationship": "Outer",                           
                                           "Parallel Aware": false,                                  
                                           "Join Type": "Inner",                                     
                                           "Startup Cost": 9946.22,                                  
                                           "Total Cost": 9976.63,                                    
                                           "Plan Rows": 135494,                                      
                                           "Plan Width": 24,                                         
                                           "Actual Startup Time": 1691.760,                          
                                           "Actual Total Time": 1734.148,                            
                                           "Actual Rows": 148115,                                    
                                           "Actual Loops": 1,                                        
                                           "Inner Unique": true,                                     
                                           "Merge Cond": "(mc.company_type_id = ct.id)",             
                                           "Shared Hit Blocks": 7,                                   
                                           "Shared Read Blocks": 18947,                              
                                           "Shared Dirtied Blocks": 0,                               
                                           "Shared Written Blocks": 0,                               
                                           "Local Hit Blocks": 0,                                    
                                           "Local Read Blocks": 0,                                   
                                           "Local Dirtied Blocks": 0,                                
                                           "Local Written Blocks": 0,                                
                                           "Temp Read Blocks": 0,                                    
                                           "Temp Written Blocks": 0,                                 
                                           "Plans": [                                                
                                             {                                                       
                                               "Node Type": "Sort",                                  
                                               "Parent Relationship": "Outer",                       
                                               "Parallel Aware": false,                              
                                               "Startup Cost": 9946.19,                              
                                               "Total Cost": 9956.71,                                
                                               "Plan Rows": 135494,                                  
                                               "Plan Width": 28,                                     
                                               "Actual Startup Time": 1691.733,                      
                                               "Actual Total Time": 1699.225,                        
                                               "Actual Rows": 148115,                                
                                               "Actual Loops": 1,                                    
                                               "Sort Key": ["mc.company_type_id"],                   
                                               "Sort Method": "quicksort",                           
                                               "Sort Space Used": 17716,                             
                                               "Sort Space Type": "Memory",                          
                                               "Shared Hit Blocks": 6,                               
                                               "Shared Read Blocks": 18947,                          
                                               "Shared Dirtied Blocks": 0,                           
                                               "Shared Written Blocks": 0,                           
                                               "Local Hit Blocks": 0,                                
                                               "Local Read Blocks": 0,                               
                                               "Local Dirtied Blocks": 0,                            
                                               "Local Written Blocks": 0,                            
                                               "Temp Read Blocks": 0,                                
                                               "Temp Written Blocks": 0,                             
                                               "Plans": [                                            
                                                 {                                                   
                                                   "Node Type": "Merge Join",                        
                                                   "Parent Relationship": "Outer",                   
                                                   "Parallel Aware": false,                          
                                                   "Join Type": "Inner",                             
                                                   "Startup Cost": 9557.97,                          
                                                   "Total Cost": 9587.51,                            
                                                   "Plan Rows": 135494,                              
                                                   "Plan Width": 28,                                 
                                                   "Actual Startup Time": 1598.157,                  
                                                   "Actual Total Time": 1653.842,                    
                                                   "Actual Rows": 148115,                            
                                                   "Actual Loops": 1,                                
                                                   "Inner Unique": false,                            
                                                   "Merge Cond": "(ml.movie_id = mc.movie_id)",      
                                                   "Shared Hit Blocks": 6,                           
                                                   "Shared Read Blocks": 18947,                      
                                                   "Shared Dirtied Blocks": 0,                       
                                                   "Shared Written Blocks": 0,                       
                                                   "Local Hit Blocks": 0,                            
                                                   "Local Read Blocks": 0,                           
                                                   "Local Dirtied Blocks": 0,                        
                                                   "Local Written Blocks": 0,                        
                                                   "Temp Read Blocks": 0,                            
                                                   "Temp Written Blocks": 0,                         
                                                   "Plans": [                                        
                                                     {                                               
                                                       "Node Type": "Sort",                          
                                                       "Parent Relationship": "Outer",               
                                                       "Parallel Aware": false,                      
                                                       "Startup Cost": 152.52,                       
                                                       "Total Cost": 154.84,                         
                                                       "Plan Rows": 29997,                           
                                                       "Plan Width": 16,                             
                                                       "Actual Startup Time": 67.859,                
                                                       "Actual Total Time": 69.880,                  
                                                       "Actual Rows": 29997,                         
                                                       "Actual Loops": 1,                            
                                                       "Sort Key": ["ml.movie_id"],                  
                                                       "Sort Method": "quicksort",                   
                                                       "Sort Space Used": 2356,                      
                                                       "Sort Space Type": "Memory",                  
                                                       "Shared Hit Blocks": 3,                       
                                                       "Shared Read Blocks": 161,                    
                                                       "Shared Dirtied Blocks": 0,                   
                                                       "Shared Written Blocks": 0,                   
                                                       "Local Hit Blocks": 0,                        
                                                       "Local Read Blocks": 0,                       
                                                       "Local Dirtied Blocks": 0,                    
                                                       "Local Written Blocks": 0,                    
                                                       "Temp Read Blocks": 0,                        
                                                       "Temp Written Blocks": 0,                     
                                                       "Plans": [                                    
                                                         {                                           
                                                           "Node Type": "Merge Join",                
                                                           "Parent Relationship": "Outer",           
                                                           "Parallel Aware": false,                  
                                                           "Join Type": "Inner",                     
                                                           "Startup Cost": 76.51,                    
                                                           "Total Cost": 83.24,                      
                                                           "Plan Rows": 29997,                       
                                                           "Plan Width": 16,                         
                                                           "Actual Startup Time": 48.142,            
                                                           "Actual Total Time": 57.237,              
                                                           "Actual Rows": 29997,                     
                                                           "Actual Loops": 1,                        
                                                           "Inner Unique": false,                    
                                                           "Merge Cond": "(lt.id = ml.link_type_id)",
                                                           "Shared Hit Blocks": 3,                   
                                                           "Shared Read Blocks": 161,                
                                                           "Shared Dirtied Blocks": 0,               
                                                           "Shared Written Blocks": 0,               
                                                           "Local Hit Blocks": 0,                    
                                                           "Local Read Blocks": 0,                   
                                                           "Local Dirtied Blocks": 0,                
                                                           "Local Written Blocks": 0,                
                                                           "Temp Read Blocks": 0,                    
                                                           "Temp Written Blocks": 0,                 
                                                           "Plans": [                                
                                                             {                                       
                                                               "Node Type": "Sort",                  
                                                               "Parent Relationship": "Outer",       
                                                               "Parallel Aware": false,              
                                                               "Startup Cost": 0.04,                 
                                                               "Total Cost": 0.05,                   
                                                               "Plan Rows": 18,                      
                                                               "Plan Width": 16,                     
                                                               "Actual Startup Time": 0.064,         
                                                               "Actual Total Time": 0.066,           
                                                               "Actual Rows": 18,                    
                                                               "Actual Loops": 1,                    
                                                               "Sort Key": ["lt.id"],                
                                                               "Sort Method": "quicksort",           
                                                               "Sort Space Used": 25,                
                                                               "Sort Space Type": "Memory",          
                                                               "Shared Hit Blocks": 1,               
                                                               "Shared Read Blocks": 0,              
                                                               "Shared Dirtied Blocks": 0,           
                                                               "Shared Written Blocks": 0,           
                                                               "Local Hit Blocks": 0,                
                                                               "Local Read Blocks": 0,               
                                                               "Local Dirtied Blocks": 0,            
                                                               "Local Written Blocks": 0,            
                                                               "Temp Read Blocks": 0,                
                                                               "Temp Written Blocks": 0,             
                                                               "Plans": [                            
                                                                 {                                   
                                                                   "Node Type": "Seq Scan",          
                                                                   "Parent Relationship": "Outer",   
                                                                   "Parallel Aware": false,          
                                                                   "Relation Name": "link_type",     
                                                                   "Alias": "lt",                    
                                                                   "Startup Cost": 0.00,             
                                                                   "Total Cost": 0.03,               
                                                                   "Plan Rows": 18,                  
                                                                   "Plan Width": 16,                 
                                                                   "Actual Startup Time": 0.012,     
                                                                   "Actual Total Time": 0.023,       
                                                                   "Actual Rows": 18,                
                                                                   "Actual Loops": 1,                
                                                                   "Shared Hit Blocks": 1,           
                                                                   "Shared Read Blocks": 0,          
                                                                   "Shared Dirtied Blocks": 0,       
                                                                   "Shared Written Blocks": 0,       
                                                                   "Local Hit Blocks": 0,            
                                                                   "Local Read Blocks": 0,           
                                                                   "Local Dirtied Blocks": 0,        
                                                                   "Local Written Blocks": 0,        
                                                                   "Temp Read Blocks": 0,            
                                                                   "Temp Written Blocks": 0          
                                                                 }                                   
                                                               ]                                     
                                                             },                                      
                                                             {                                       
                                                               "Node Type": "Sort",                  
                                                               "Parent Relationship": "Inner",       
                                                               "Parallel Aware": false,              
                                                               "Startup Cost": 76.46,                
                                                               "Total Cost": 78.79,                  
                                                               "Plan Rows": 29997,                   
                                                               "Plan Width": 8,                      
                                                               "Actual Startup Time": 48.072,        
                                                               "Actual Total Time": 50.039,          
                                                               "Actual Rows": 29997,                 
                                                               "Actual Loops": 1,                    
                                                               "Sort Key": ["ml.link_type_id"],      
                                                               "Sort Method": "quicksort",           
                                                               "Sort Space Used": 2175,              
                                                               "Sort Space Type": "Memory",          
                                                               "Shared Hit Blocks": 2,               
                                                               "Shared Read Blocks": 161,            
                                                               "Shared Dirtied Blocks": 0,           
                                                               "Shared Written Blocks": 0,           
                                                               "Local Hit Blocks": 0,                
                                                               "Local Read Blocks": 0,               
                                                               "Local Dirtied Blocks": 0,            
                                                               "Local Written Blocks": 0,            
                                                               "Temp Read Blocks": 0,                
                                                               "Temp Written Blocks": 0,             
                                                               "Plans": [                            
                                                                 {                                   
                                                                   "Node Type": "Seq Scan",          
                                                                   "Parent Relationship": "Outer",   
                                                                   "Parallel Aware": false,          
                                                                   "Relation Name": "movie_link",    
                                                                   "Alias": "ml",                    
                                                                   "Startup Cost": 0.00,             
                                                                   "Total Cost": 7.19,               
                                                                   "Plan Rows": 29997,               
                                                                   "Plan Width": 8,                  
                                                                   "Actual Startup Time": 0.004,     
                                                                   "Actual Total Time": 32.243,      
                                                                   "Actual Rows": 29997,             
                                                                   "Actual Loops": 1,                
                                                                   "Shared Hit Blocks": 2,           
                                                                   "Shared Read Blocks": 161,        
                                                                   "Shared Dirtied Blocks": 0,       
                                                                   "Shared Written Blocks": 0,       
                                                                   "Local Hit Blocks": 0,            
                                                                   "Local Read Blocks": 0,           
                                                                   "Local Dirtied Blocks": 0,        
                                                                   "Local Written Blocks": 0,        
                                                                   "Temp Read Blocks": 0,            
                                                                   "Temp Written Blocks": 0          
                                                                 }                                   
                                                               ]                                     
                                                             }                                       
                                                           ]                                         
                                                         }                                           
                                                       ]                                             
                                                     },                                              
                                                     {                                               
                                                       "Node Type": "Sort",                          
                                                       "Parent Relationship": "Inner",               
                                                       "Parallel Aware": false,                      
                                                       "Startup Cost": 9405.45,                      
                                                       "Total Cost": 9608.03,                        
                                                       "Plan Rows": 2609129,                         
                                                       "Plan Width": 12,                             
                                                       "Actual Startup Time": 1530.290,              
                                                       "Actual Total Time": 1541.033,                
                                                       "Actual Rows": 234027,                        
                                                       "Actual Loops": 1,                            
                                                       "Sort Key": ["mc.movie_id"],                  
                                                       "Sort Method": "quicksort",                   
                                                       "Sort Space Used": 220607,                    
                                                       "Sort Space Type": "Memory",                  
                                                       "Shared Hit Blocks": 3,                       
                                                       "Shared Read Blocks": 18786,                  
                                                       "Shared Dirtied Blocks": 0,                   
                                                       "Shared Written Blocks": 0,                   
                                                       "Local Hit Blocks": 0,                        
                                                       "Local Read Blocks": 0,                       
                                                       "Local Dirtied Blocks": 0,                    
                                                       "Local Written Blocks": 0,                    
                                                       "Temp Read Blocks": 0,                        
                                                       "Temp Written Blocks": 0,                     
                                                       "Plans": [                                    
                                                         {                                           
                                                           "Node Type": "Seq Scan",                  
                                                           "Parent Relationship": "Outer",           
                                                           "Parallel Aware": false,                  
                                                           "Relation Name": "movie_companies",       
                                                           "Alias": "mc",                            
                                                           "Startup Cost": 0.00,                     
                                                           "Total Cost": 769.75,                     
                                                           "Plan Rows": 2609129,                     
                                                           "Plan Width": 12,                         
                                                           "Actual Startup Time": 0.010,             
                                                           "Actual Total Time": 559.242,             
                                                           "Actual Rows": 2609129,                   
                                                           "Actual Loops": 1,                        
                                                           "Shared Hit Blocks": 3,                   
                                                           "Shared Read Blocks": 18786,              
                                                           "Shared Dirtied Blocks": 0,               
                                                           "Shared Written Blocks": 0,               
                                                           "Local Hit Blocks": 0,                    
                                                           "Local Read Blocks": 0,                   
                                                           "Local Dirtied Blocks": 0,                
                                                           "Local Written Blocks": 0,                
                                                           "Temp Read Blocks": 0,                    
                                                           "Temp Written Blocks": 0                  
                                                         }                                           
                                                       ]                                             
                                                     }                                               
                                                   ]                                                 
                                                 }                                                   
                                               ]                                                     
                                             },                                                      
                                             {                                                       
                                               "Node Type": "Sort",                                  
                                               "Parent Relationship": "Inner",                       
                                               "Parallel Aware": false,                              
                                               "Startup Cost": 0.03,                                 
                                               "Total Cost": 0.03,                                   
                                               "Plan Rows": 4,                                       
                                               "Plan Width": 4,                                      
                                               "Actual Startup Time": 0.022,                         
                                               "Actual Total Time": 0.022,                           
                                               "Actual Rows": 2,                                     
                                               "Actual Loops": 1,                                    
                                               "Sort Key": ["ct.id"],                                
                                               "Sort Method": "quicksort",                           
                                               "Sort Space Used": 25,                                
                                               "Sort Space Type": "Memory",                          
                                               "Shared Hit Blocks": 1,                               
                                               "Shared Read Blocks": 0,                              
                                               "Shared Dirtied Blocks": 0,                           
                                               "Shared Written Blocks": 0,                           
                                               "Local Hit Blocks": 0,                                
                                               "Local Read Blocks": 0,                               
                                               "Local Dirtied Blocks": 0,                            
                                               "Local Written Blocks": 0,                            
                                               "Temp Read Blocks": 0,                                
                                               "Temp Written Blocks": 0,                             
                                               "Plans": [                                            
                                                 {                                                   
                                                   "Node Type": "Seq Scan",                          
                                                   "Parent Relationship": "Outer",                   
                                                   "Parallel Aware": false,                          
                                                   "Relation Name": "company_type",                  
                                                   "Alias": "ct",                                    
                                                   "Startup Cost": 0.00,                             
                                                   "Total Cost": 0.03,                               
                                                   "Plan Rows": 4,                                   
                                                   "Plan Width": 4,                                  
                                                   "Actual Startup Time": 0.012,                     
                                                   "Actual Total Time": 0.013,                       
                                                   "Actual Rows": 4,                                 
                                                   "Actual Loops": 1,                                
                                                   "Shared Hit Blocks": 1,                           
                                                   "Shared Read Blocks": 0,                          
                                                   "Shared Dirtied Blocks": 0,                       
                                                   "Shared Written Blocks": 0,                       
                                                   "Local Hit Blocks": 0,                            
                                                   "Local Read Blocks": 0,                           
                                                   "Local Dirtied Blocks": 0,                        
                                                   "Local Written Blocks": 0,                        
                                                   "Temp Read Blocks": 0,                            
                                                   "Temp Written Blocks": 0                          
                                                 }                                                   
                                               ]                                                     
                                             }                                                       
                                           ]                                                         
                                         }                                                           
                                       ]                                                             
                                     },                                                              
                                     {                                                               
                                       "Node Type": "Sort",                                          
                                       "Parent Relationship": "Inner",                               
                                       "Parallel Aware": false,                                      
                                       "Startup Cost": 761.23,                                       
                                       "Total Cost": 779.47,                                         
                                       "Plan Rows": 234997,                                          
                                       "Plan Width": 23,                                             
                                       "Actual Startup Time": 210.269,                               
                                       "Actual Total Time": 219.205,                                 
                                       "Actual Rows": 74154,                                         
                                       "Actual Loops": 1,                                            
                                       "Sort Key": ["cn.id"],                                        
                                       "Sort Method": "quicksort",                                   
                                       "Sort Space Used": 23201,                                     
                                       "Sort Space Type": "Memory",                                  
                                       "Shared Hit Blocks": 2,                                       
                                       "Shared Read Blocks": 2992,                                   
                                       "Shared Dirtied Blocks": 0,                                   
                                       "Shared Written Blocks": 0,                                   
                                       "Local Hit Blocks": 0,                                        
                                       "Local Read Blocks": 0,                                       
                                       "Local Dirtied Blocks": 0,                                    
                                       "Local Written Blocks": 0,                                    
                                       "Temp Read Blocks": 0,                                        
                                       "Temp Written Blocks": 0,                                     
                                       "Plans": [                                                    
                                         {                                                           
                                           "Node Type": "Seq Scan",                                  
                                           "Parent Relationship": "Outer",                           
                                           "Parallel Aware": false,                                  
                                           "Relation Name": "company_name",                          
                                           "Alias": "cn",                                            
                                           "Startup Cost": 0.00,                                     
                                           "Total Cost": 110.16,                                     
                                           "Plan Rows": 234997,                                      
                                           "Plan Width": 23,                                         
                                           "Actual Startup Time": 16.892,                            
                                           "Actual Total Time": 98.190,                              
                                           "Actual Rows": 234997,                                    
                                           "Actual Loops": 1,                                        
                                           "Shared Hit Blocks": 2,                                   
                                           "Shared Read Blocks": 2992,                               
                                           "Shared Dirtied Blocks": 0,                               
                                           "Shared Written Blocks": 0,                               
                                           "Local Hit Blocks": 0,                                    
                                           "Local Read Blocks": 0,                                   
                                           "Local Dirtied Blocks": 0,                                
                                           "Local Written Blocks": 0,                                
                                           "Temp Read Blocks": 0,                                    
                                           "Temp Written Blocks": 0                                  
                                         }                                                           
                                       ]                                                             
                                     }                                                               
                                   ]                                                                 
                                 }                                                                   
                               ]                                                                     
                             },                                                                      
                             {                                                                       
                               "Node Type": "Sort",                                                  
                               "Parent Relationship": "Inner",                                       
                               "Parallel Aware": false,                                              
                               "Startup Cost": 16610.92,                                             
                               "Total Cost": 16962.16,                                               
                               "Plan Rows": 4523930,                                                 
                               "Plan Width": 8,                                                      
                               "Actual Startup Time": 2119.679,                                      
                               "Actual Total Time": 2316.040,                                        
                               "Actual Rows": 4216305,                                               
                               "Actual Loops": 1,                                                    
                               "Sort Key": ["mk.movie_id"],                                          
                               "Sort Method": "quicksort",                                           
                               "Sort Space Used": 408668,                                            
                               "Sort Space Type": "Memory",                                          
                               "Shared Hit Blocks": 3,                                               
                               "Shared Read Blocks": 24451,                                          
                               "Shared Dirtied Blocks": 0,                                           
                               "Shared Written Blocks": 0,                                           
                               "Local Hit Blocks": 0,                                                
                               "Local Read Blocks": 0,                                               
                               "Local Dirtied Blocks": 0,                                            
                               "Local Written Blocks": 0,                                            
                               "Temp Read Blocks": 0,                                                
                               "Temp Written Blocks": 0,                                             
                               "Plans": [                                                            
                                 {                                                                   
                                   "Node Type": "Seq Scan",                                          
                                   "Parent Relationship": "Outer",                                   
                                   "Parallel Aware": false,                                          
                                   "Relation Name": "movie_keyword",                                 
                                   "Alias": "mk",                                                    
                                   "Startup Cost": 0.00,                                             
                                   "Total Cost": 1079.84,                                            
                                   "Plan Rows": 4523930,                                             
                                   "Plan Width": 8,                                                  
                                   "Actual Startup Time": 0.014,                                     
                                   "Actual Total Time": 761.238,                                     
                                   "Actual Rows": 4523930,                                           
                                   "Actual Loops": 1,                                                
                                   "Shared Hit Blocks": 3,                                           
                                   "Shared Read Blocks": 24451,                                      
                                   "Shared Dirtied Blocks": 0,                                       
                                   "Shared Written Blocks": 0,                                       
                                   "Local Hit Blocks": 0,                                            
                                   "Local Read Blocks": 0,                                           
                                   "Local Dirtied Blocks": 0,                                        
                                   "Local Written Blocks": 0,                                        
                                   "Temp Read Blocks": 0,                                            
                                   "Temp Written Blocks": 0                                          
                                 }                                                                   
                               ]                                                                     
                             }                                                                       
                           ]                                                                         
                         }                                                                           
                       ]                                                                             
                     },                                                                              
                     {                                                                               
                       "Node Type": "Sort",                                                          
                       "Parent Relationship": "Inner",                                               
                       "Parallel Aware": false,                                                      
                       "Startup Cost": 393.92,                                                       
                       "Total Cost": 404.34,                                                         
                       "Plan Rows": 134170,                                                          
                       "Plan Width": 4,                                                              
                       "Actual Startup Time": 117.815,                                               
                       "Actual Total Time": 121.146,                                                 
                       "Actual Rows": 21360,                                                         
                       "Actual Loops": 1,                                                            
                       "Sort Key": ["k.id"],                                                         
                       "Sort Method": "quicksort",                                                   
                       "Sort Space Used": 12434,                                                     
                       "Sort Space Type": "Memory",                                                  
                       "Shared Hit Blocks": 2,                                                       
                       "Shared Read Blocks": 947,                                                    
                       "Shared Dirtied Blocks": 0,                                                   
                       "Shared Written Blocks": 0,                                                   
                       "Local Hit Blocks": 0,                                                        
                       "Local Read Blocks": 0,                                                       
                       "Local Dirtied Blocks": 0,                                                    
                       "Local Written Blocks": 0,                                                    
                       "Temp Read Blocks": 0,                                                        
                       "Temp Written Blocks": 0,                                                     
                       "Plans": [                                                                    
                         {                                                                           
                           "Node Type": "Seq Scan",                                                  
                           "Parent Relationship": "Outer",                                           
                           "Parallel Aware": false,                                                  
                           "Relation Name": "keyword",                                               
                           "Alias": "k",                                                             
                           "Startup Cost": 0.00,                                                     
                           "Total Cost": 39.04,                                                      
                           "Plan Rows": 134170,                                                      
                           "Plan Width": 4,                                                          
                           "Actual Startup Time": 16.824,                                            
                           "Actual Total Time": 51.560,                                              
                           "Actual Rows": 134170,                                                    
                           "Actual Loops": 1,                                                        
                           "Shared Hit Blocks": 2,                                                   
                           "Shared Read Blocks": 947,                                                
                           "Shared Dirtied Blocks": 0,                                               
                           "Shared Written Blocks": 0,                                               
                           "Local Hit Blocks": 0,                                                    
                           "Local Read Blocks": 0,                                                   
                           "Local Dirtied Blocks": 0,                                                
                           "Local Written Blocks": 0,                                                
                           "Temp Read Blocks": 0,                                                    
                           "Temp Written Blocks": 0                                                  
                         }                                                                           
                       ]                                                                             
                     }                                                                               
                   ]                                                                                 
                 }                                                                                   
               ]                                                                                     
             },                                                                                      
             {                                                                                       
               "Node Type": "Materialize",                                                           
               "Parent Relationship": "Inner",                                                       
               "Parallel Aware": false,                                                              
               "Startup Cost": 70637.81,                                                             
               "Total Cost": 75511.40,                                                               
               "Plan Rows": 14835720,                                                                
               "Plan Width": 25,                                                                     
               "Actual Startup Time": 13421.356,                                                     
               "Actual Total Time": 53691.723,                                                       
               "Actual Rows": 882660276,                                                             
               "Actual Loops": 1,                                                                    
               "Shared Hit Blocks": 3,                                                               
               "Shared Read Blocks": 197887,                                                         
               "Shared Dirtied Blocks": 0,                                                           
               "Shared Written Blocks": 0,                                                           
               "Local Hit Blocks": 0,                                                                
               "Local Read Blocks": 0,                                                               
               "Local Dirtied Blocks": 0,                                                            
               "Local Written Blocks": 0,                                                            
               "Temp Read Blocks": 0,                                                                
               "Temp Written Blocks": 0,                                                             
               "Plans": [                                                                            
                 {                                                                                   
                   "Node Type": "Merge Join",                                                        
                   "Parent Relationship": "Outer",                                                   
                   "Parallel Aware": false,                                                          
                   "Join Type": "Inner",                                                             
                   "Startup Cost": 70637.81,                                                         
                   "Total Cost": 74359.56,                                                           
                   "Plan Rows": 14835720,                                                            
                   "Plan Width": 25,                                                                 
                   "Actual Startup Time": 13421.350,                                                 
                   "Actual Total Time": 13630.320,                                                   
                   "Actual Rows": 452061,                                                            
                   "Actual Loops": 1,                                                                
                   "Inner Unique": true,                                                             
                   "Merge Cond": "(mi.movie_id = t.id)",                                             
                   "Shared Hit Blocks": 3,                                                           
                   "Shared Read Blocks": 197887,                                                     
                   "Shared Dirtied Blocks": 0,                                                       
                   "Shared Written Blocks": 0,                                                       
                   "Local Hit Blocks": 0,                                                            
                   "Local Read Blocks": 0,                                                           
                   "Local Dirtied Blocks": 0,                                                        
                   "Local Written Blocks": 0,                                                        
                   "Temp Read Blocks": 0,                                                            
                   "Temp Written Blocks": 0,                                                         
                   "Plans": [                                                                        
                     {                                                                               
                       "Node Type": "Sort",                                                          
                       "Parent Relationship": "Outer",                                               
                       "Parallel Aware": false,                                                      
                       "Startup Cost": 60983.46,                                                     
                       "Total Cost": 62135.30,                                                       
                       "Plan Rows": 14835720,                                                        
                       "Plan Width": 4,                                                              
                       "Actual Startup Time": 11112.148,                                             
                       "Actual Total Time": 11147.340,                                               
                       "Actual Rows": 452061,                                                        
                       "Actual Loops": 1,                                                            
                       "Sort Key": ["mi.movie_id"],                                                  
                       "Sort Method": "quicksort",                                                   
                       "Sort Space Used": 1088641,                                                   
                       "Sort Space Type": "Memory",                                                  
                       "Shared Hit Blocks": 2,                                                       
                       "Shared Read Blocks": 161890,                                                 
                       "Shared Dirtied Blocks": 0,                                                   
                       "Shared Written Blocks": 0,                                                   
                       "Local Hit Blocks": 0,                                                        
                       "Local Read Blocks": 0,                                                       
                       "Local Dirtied Blocks": 0,                                                    
                       "Local Written Blocks": 0,                                                    
                       "Temp Read Blocks": 0,                                                        
                       "Temp Written Blocks": 0,                                                     
                       "Plans": [                                                                    
                         {                                                                           
                           "Node Type": "Seq Scan",                                                  
                           "Parent Relationship": "Outer",                                           
                           "Parallel Aware": false,                                                  
                           "Relation Name": "movie_info",                                            
                           "Alias": "mi",                                                            
                           "Startup Cost": 0.00,                                                     
                           "Total Cost": 6103.84,                                                    
                           "Plan Rows": 14835720,                                                    
                           "Plan Width": 4,                                                          
                           "Actual Startup Time": 14.805,                                            
                           "Actual Total Time": 5499.230,                                            
                           "Actual Rows": 14835720,                                                  
                           "Actual Loops": 1,                                                        
                           "Shared Hit Blocks": 2,                                                   
                           "Shared Read Blocks": 161890,                                             
                           "Shared Dirtied Blocks": 0,                                               
                           "Shared Written Blocks": 0,                                               
                           "Local Hit Blocks": 0,                                                    
                           "Local Read Blocks": 0,                                                   
                           "Local Dirtied Blocks": 0,                                                
                           "Local Written Blocks": 0,                                                
                           "Temp Read Blocks": 0,                                                    
                           "Temp Written Blocks": 0                                                  
                         }                                                                           
                       ]                                                                             
                     },                                                                              
                     {                                                                               
                       "Node Type": "Sort",                                                          
                       "Parent Relationship": "Inner",                                               
                       "Parallel Aware": false,                                                      
                       "Startup Cost": 9654.35,                                                      
                       "Total Cost": 9850.65,                                                        
                       "Plan Rows": 2528312,                                                         
                       "Plan Width": 21,                                                             
                       "Actual Startup Time": 2309.190,                                              
                       "Actual Total Time": 2336.779,                                                
                       "Actual Rows": 167590,                                                        
                       "Actual Loops": 1,                                                            
                       "Sort Key": ["t.id"],                                                         
                       "Sort Method": "quicksort",                                                   
                       "Sort Space Used": 275055,                                                    
                       "Sort Space Type": "Memory",                                                  
                       "Shared Hit Blocks": 1,                                                       
                       "Shared Read Blocks": 35997,                                                  
                       "Shared Dirtied Blocks": 0,                                                   
                       "Shared Written Blocks": 0,                                                   
                       "Local Hit Blocks": 0,                                                        
                       "Local Read Blocks": 0,                                                       
                       "Local Dirtied Blocks": 0,                                                    
                       "Local Written Blocks": 0,                                                    
                       "Temp Read Blocks": 0,                                                        
                       "Temp Written Blocks": 0,                                                     
                       "Plans": [                                                                    
                         {                                                                           
                           "Node Type": "Seq Scan",                                                  
                           "Parent Relationship": "Outer",                                           
                           "Parallel Aware": false,                                                  
                           "Relation Name": "title",                                                 
                           "Alias": "t",                                                             
                           "Startup Cost": 0.00,                                                     
                           "Total Cost": 1303.96,                                                    
                           "Plan Rows": 2528312,                                                     
                           "Plan Width": 21,                                                         
                           "Actual Startup Time": 15.319,                                            
                           "Actual Total Time": 999.783,                                             
                           "Actual Rows": 2528312,                                                   
                           "Actual Loops": 1,                                                        
                           "Shared Hit Blocks": 1,                                                   
                           "Shared Read Blocks": 35997,                                              
                           "Shared Dirtied Blocks": 0,                                               
                           "Shared Written Blocks": 0,                                               
                           "Local Hit Blocks": 0,                                                    
                           "Local Read Blocks": 0,                                                   
                           "Local Dirtied Blocks": 0,                                                
                           "Local Written Blocks": 0,                                                
                           "Temp Read Blocks": 0,                                                    
                           "Temp Written Blocks": 0                                                  
                         }                                                                           
                       ]                                                                             
                     }                                                                               
                   ]                                                                                 
                 }                                                                                   
               ]                                                                                     
             }                                                                                       
           ]                                                                                         
         }                                                                                           
       ]                                                                                             
     },                                                                                              
     "Planning Time": 5894.464,                                                                      
     "Triggers": [                                                                                   
     ],                                                                                              
     "Execution Time": 456397.891                                                                    
