     "Plan": {                                                                      
       "Node Type": "Aggregate",                                                    
       "Strategy": "Plain",                                                         
       "Partial Mode": "Simple",                                                    
       "Parallel Aware": false,                                                     
       "Startup Cost": 364320.87,                                                   
       "Total Cost": 364320.87,                                                     
       "Plan Rows": 1,                                                              
       "Plan Width": 96,                                                            
       "Actual Startup Time": 9435798.124,                                          
       "Actual Total Time": 9435798.125,                                            
       "Actual Rows": 1,                                                            
       "Actual Loops": 1,                                                           
       "Shared Hit Blocks": 23,                                                     
       "Shared Read Blocks": 253514,                                                
       "Shared Dirtied Blocks": 0,                                                  
       "Shared Written Blocks": 0,                                                  
       "Local Hit Blocks": 0,                                                       
       "Local Read Blocks": 0,                                                      
       "Local Dirtied Blocks": 0,                                                   
       "Local Written Blocks": 0,                                                   
       "Temp Read Blocks": 0,                                                       
       "Temp Written Blocks": 0,                                                    
       "Plans": [                                                                   
         {                                                                          
           "Node Type": "Merge Join",                                               
           "Parent Relationship": "Outer",                                          
           "Parallel Aware": false,                                                 
           "Join Type": "Inner",                                                    
           "Startup Cost": 209394.54,                                               
           "Total Cost": 234898.63,                                                 
           "Plan Rows": 555653197,                                                  
           "Plan Width": 42,                                                        
           "Actual Startup Time": 32457.661,                                        
           "Actual Total Time": 4357000.910,                                        
           "Actual Rows": 15099690486,                                              
           "Actual Loops": 1,                                                       
           "Inner Unique": false,                                                   
           "Merge Cond": "(mk.movie_id = t.id)",                                    
           "Shared Hit Blocks": 23,                                                 
           "Shared Read Blocks": 253514,                                            
           "Shared Dirtied Blocks": 0,                                              
           "Shared Written Blocks": 0,                                              
           "Local Hit Blocks": 0,                                                   
           "Local Read Blocks": 0,                                                  
           "Local Dirtied Blocks": 0,                                               
           "Local Written Blocks": 0,                                               
           "Temp Read Blocks": 0,                                                   
           "Temp Written Blocks": 0,                                                
           "Plans": [                                                               
             {                                                                      
               "Node Type": "Sort",                                                 
               "Parent Relationship": "Outer",                                      
               "Parallel Aware": false,                                             
               "Startup Cost": 33572.02,                                            
               "Total Cost": 33923.26,                                              
               "Plan Rows": 4523930,                                                
               "Plan Width": 4,                                                     
               "Actual Startup Time": 5518.124,                                     
               "Actual Total Time": 6595.775,                                       
               "Actual Rows": 4523908,                                              
               "Actual Loops": 1,                                                   
               "Sort Key": ["mk.movie_id"],                                         
               "Sort Method": "quicksort",                                          
               "Sort Space Used": 408668,                                           
               "Sort Space Type": "Memory",                                         
               "Shared Hit Blocks": 9,                                              
               "Shared Read Blocks": 25398,                                         
               "Shared Dirtied Blocks": 0,                                          
               "Shared Written Blocks": 0,                                          
               "Local Hit Blocks": 0,                                               
               "Local Read Blocks": 0,                                              
               "Local Dirtied Blocks": 0,                                           
               "Local Written Blocks": 0,                                           
               "Temp Read Blocks": 0,                                               
               "Temp Written Blocks": 0,                                            
               "Plans": [                                                           
                 {                                                                  
                   "Node Type": "Merge Join",                                       
                   "Parent Relationship": "Outer",                                  
                   "Parallel Aware": false,                                         
                   "Join Type": "Inner",                                            
                   "Startup Cost": 17004.84,                                        
                   "Total Cost": 18040.94,                                          
                   "Plan Rows": 4523930,                                            
                   "Plan Width": 4,                                                 
                   "Actual Startup Time": 2334.368,                                 
                   "Actual Total Time": 3908.623,                                   
                   "Actual Rows": 4523930,                                          
                   "Actual Loops": 1,                                               
                   "Inner Unique": false,                                           
                   "Merge Cond": "(k.id = mk.keyword_id)",                          
                   "Shared Hit Blocks": 5,                                          
                   "Shared Read Blocks": 25398,                                     
                   "Shared Dirtied Blocks": 0,                                      
                   "Shared Written Blocks": 0,                                      
                   "Local Hit Blocks": 0,                                           
                   "Local Read Blocks": 0,                                          
                   "Local Dirtied Blocks": 0,                                       
                   "Local Written Blocks": 0,                                       
                   "Temp Read Blocks": 0,                                           
                   "Temp Written Blocks": 0,                                        
                   "Plans": [                                                       
                     {                                                              
                       "Node Type": "Sort",                                         
                       "Parent Relationship": "Outer",                              
                       "Parallel Aware": false,                                     
                       "Startup Cost": 393.92,                                      
                       "Total Cost": 404.34,                                        
                       "Plan Rows": 134170,                                         
                       "Plan Width": 4,                                             
                       "Actual Startup Time": 109.394,                              
                       "Actual Total Time": 128.312,                                
                       "Actual Rows": 134170,                                       
                       "Actual Loops": 1,                                           
                       "Sort Key": ["k.id"],                                        
                       "Sort Method": "quicksort",                                  
                       "Sort Space Used": 12434,                                    
                       "Sort Space Type": "Memory",                                 
                       "Shared Hit Blocks": 2,                                      
                       "Shared Read Blocks": 947,                                   
                       "Shared Dirtied Blocks": 0,                                  
                       "Shared Written Blocks": 0,                                  
                       "Local Hit Blocks": 0,                                       
                       "Local Read Blocks": 0,                                      
                       "Local Dirtied Blocks": 0,                                   
                       "Local Written Blocks": 0,                                   
                       "Temp Read Blocks": 0,                                       
                       "Temp Written Blocks": 0,                                    
                       "Plans": [                                                   
                         {                                                          
                           "Node Type": "Seq Scan",                                 
                           "Parent Relationship": "Outer",                          
                           "Parallel Aware": false,                                 
                           "Relation Name": "keyword",                              
                           "Alias": "k",                                            
                           "Startup Cost": 0.00,                                    
                           "Total Cost": 39.04,                                     
                           "Plan Rows": 134170,                                     
                           "Plan Width": 4,                                         
                           "Actual Startup Time": 18.873,                           
                           "Actual Total Time": 52.015,                             
                           "Actual Rows": 134170,                                   
                           "Actual Loops": 1,                                       
                           "Shared Hit Blocks": 2,                                  
                           "Shared Read Blocks": 947,                               
                           "Shared Dirtied Blocks": 0,                              
                           "Shared Written Blocks": 0,                              
                           "Local Hit Blocks": 0,                                   
                           "Local Read Blocks": 0,                                  
                           "Local Dirtied Blocks": 0,                               
                           "Local Written Blocks": 0,                               
                           "Temp Read Blocks": 0,                                   
                           "Temp Written Blocks": 0                                 
                         }                                                          
                       ]                                                            
                     },                                                             
                     {                                                              
                       "Node Type": "Sort",                                         
                       "Parent Relationship": "Inner",                              
                       "Parallel Aware": false,                                     
                       "Startup Cost": 16610.92,                                    
                       "Total Cost": 16962.16,                                      
                       "Plan Rows": 4523930,                                        
                       "Plan Width": 8,                                             
                       "Actual Startup Time": 2224.965,                             
                       "Actual Total Time": 2913.433,                               
                       "Actual Rows": 4523930,                                      
                       "Actual Loops": 1,                                           
                       "Sort Key": ["mk.keyword_id"],                               
                       "Sort Method": "quicksort",                                  
                       "Sort Space Used": 408668,                                   
                       "Sort Space Type": "Memory",                                 
                       "Shared Hit Blocks": 3,                                      
                       "Shared Read Blocks": 24451,                                 
                       "Shared Dirtied Blocks": 0,                                  
                       "Shared Written Blocks": 0,                                  
                       "Local Hit Blocks": 0,                                       
                       "Local Read Blocks": 0,                                      
                       "Local Dirtied Blocks": 0,                                   
                       "Local Written Blocks": 0,                                   
                       "Temp Read Blocks": 0,                                       
                       "Temp Written Blocks": 0,                                    
                       "Plans": [                                                   
                         {                                                          
                           "Node Type": "Seq Scan",                                 
                           "Parent Relationship": "Outer",                          
                           "Parallel Aware": false,                                 
                           "Relation Name": "movie_keyword",                        
                           "Alias": "mk",                                           
                           "Startup Cost": 0.00,                                    
                           "Total Cost": 1079.84,                                   
                           "Plan Rows": 4523930,                                    
                           "Plan Width": 8,                                         
                           "Actual Startup Time": 0.009,                            
                           "Actual Total Time": 784.113,                            
                           "Actual Rows": 4523930,                                  
                           "Actual Loops": 1,                                       
                           "Shared Hit Blocks": 3,                                  
                           "Shared Read Blocks": 24451,                             
                           "Shared Dirtied Blocks": 0,                              
                           "Shared Written Blocks": 0,                              
                           "Local Hit Blocks": 0,                                   
                           "Local Read Blocks": 0,                                  
                           "Local Dirtied Blocks": 0,                               
                           "Local Written Blocks": 0,                               
                           "Temp Read Blocks": 0,                                   
                           "Temp Written Blocks": 0                                 
                         }                                                          
                       ]                                                            
                     }                                                              
                   ]                                                                
                 }                                                                  
               ]                                                                    
             },                                                                     
             {                                                                      
               "Node Type": "Materialize",                                          
               "Parent Relationship": "Inner",                                      
               "Parallel Aware": false,                                             
               "Startup Cost": 175822.51,                                           
               "Total Cost": 185422.37,                                             
               "Plan Rows": 46968578,                                               
               "Plan Width": 58,                                                    
               "Actual Startup Time": 26939.531,                                    
               "Actual Total Time": 1032196.026,                                    
               "Actual Rows": 15113628207,                                          
               "Actual Loops": 1,                                                   
               "Shared Hit Blocks": 14,                                             
               "Shared Read Blocks": 228116,                                        
               "Shared Dirtied Blocks": 0,                                          
               "Shared Written Blocks": 0,                                          
               "Local Hit Blocks": 0,                                               
               "Local Read Blocks": 0,                                              
               "Local Dirtied Blocks": 0,                                           
               "Local Written Blocks": 0,                                           
               "Temp Read Blocks": 0,                                               
               "Temp Written Blocks": 0,                                            
               "Plans": [                                                           
                 {                                                                  
                   "Node Type": "Merge Join",                                       
                   "Parent Relationship": "Outer",                                  
                   "Parallel Aware": false,                                         
                   "Join Type": "Inner",                                            
                   "Startup Cost": 175822.51,                                       
                   "Total Cost": 181775.75,                                         
                   "Plan Rows": 46968578,                                           
                   "Plan Width": 58,                                                
                   "Actual Startup Time": 26939.525,                                
                   "Actual Total Time": 77370.553,                                  
                   "Actual Rows": 177388547,                                        
                   "Actual Loops": 1,                                               
                   "Inner Unique": false,                                           
                   "Merge Cond": "(t.id = mi.movie_id)",                            
                   "Shared Hit Blocks": 14,                                         
                   "Shared Read Blocks": 228116,                                    
                   "Shared Dirtied Blocks": 0,                                      
                   "Shared Written Blocks": 0,                                      
                   "Local Hit Blocks": 0,                                           
                   "Local Read Blocks": 0,                                          
                   "Local Dirtied Blocks": 0,                                       
                   "Local Written Blocks": 0,                                       
                   "Temp Read Blocks": 0,                                           
                   "Temp Written Blocks": 0,                                        
                   "Plans": [                                                       
                     {                                                              
                       "Node Type": "Merge Join",                                   
                       "Parent Relationship": "Outer",                              
                       "Parallel Aware": false,                                     
                       "Join Type": "Inner",                                        
                       "Startup Cost": 56629.80,                                    
                       "Total Cost": 57941.65,                                      
                       "Plan Rows": 3329177,                                        
                       "Plan Width": 54,                                            
                       "Actual Startup Time": 9842.121,                             
                       "Actual Total Time": 13475.974,                              
                       "Actual Rows": 4073078,                                      
                       "Actual Loops": 1,                                           
                       "Inner Unique": false,                                       
                       "Merge Cond": "(t.id = mc.movie_id)",                        
                       "Shared Hit Blocks": 11,                                     
                       "Shared Read Blocks": 66226,                                 
                       "Shared Dirtied Blocks": 0,                                  
                       "Shared Written Blocks": 0,                                  
                       "Local Hit Blocks": 0,                                       
                       "Local Read Blocks": 0,                                      
                       "Local Dirtied Blocks": 0,                                   
                       "Local Written Blocks": 0,                                   
                       "Temp Read Blocks": 0,                                       
                       "Temp Written Blocks": 0,                                    
                       "Plans": [                                                   
                         {                                                          
                           "Node Type": "Merge Join",                               
                           "Parent Relationship": "Outer",                          
                           "Parallel Aware": false,                                 
                           "Join Type": "Inner",                                    
                           "Startup Cost": 27984.11,                                
                           "Total Cost": 28686.02,                                  
                           "Plan Rows": 1380035,                                    
                           "Plan Width": 31,                                        
                           "Actual Startup Time": 5035.735,                         
                           "Actual Total Time": 6660.871,                           
                           "Actual Rows": 1380012,                                  
                           "Actual Loops": 1,                                       
                           "Inner Unique": false,                                   
                           "Merge Cond": "(mi_idx.movie_id = t.id)",                
                           "Shared Hit Blocks": 5,                                  
                           "Shared Read Blocks": 44448,                             
                           "Shared Dirtied Blocks": 0,                              
                           "Shared Written Blocks": 0,                              
                           "Local Hit Blocks": 0,                                   
                           "Local Read Blocks": 0,                                  
                           "Local Dirtied Blocks": 0,                               
                           "Local Written Blocks": 0,                               
                           "Temp Read Blocks": 0,                                   
                           "Temp Written Blocks": 0,                                
                           "Plans": [                                               
                             {                                                      
                               "Node Type": "Sort",                                 
                               "Parent Relationship": "Outer",                      
                               "Parallel Aware": false,                             
                               "Startup Cost": 9411.92,                             
                               "Total Cost": 9519.07,                               
                               "Plan Rows": 1380035,                                
                               "Plan Width": 10,                                    
                               "Actual Startup Time": 1501.422,                     
                               "Actual Total Time": 1687.129,                       
                               "Actual Rows": 1380012,                              
                               "Actual Loops": 1,                                   
                               "Sort Key": ["mi_idx.movie_id"],                     
                               "Sort Method": "quicksort",                          
                               "Sort Space Used": 113842,                           
                               "Sort Space Type": "Memory",                         
                               "Shared Hit Blocks": 3,                              
                               "Shared Read Blocks": 8451,                          
                               "Shared Dirtied Blocks": 0,                          
                               "Shared Written Blocks": 0,                          
                               "Local Hit Blocks": 0,                               
                               "Local Read Blocks": 0,                              
                               "Local Dirtied Blocks": 0,                           
                               "Local Written Blocks": 0,                           
                               "Temp Read Blocks": 0,                               
                               "Temp Written Blocks": 0,                            
                               "Plans": [                                           
                                 {                                                  
                                   "Node Type": "Merge Join",                       
                                   "Parent Relationship": "Outer",                  
                                   "Parallel Aware": false,                         
                                   "Join Type": "Inner",                            
                                   "Startup Cost": 4731.48,                         
                                   "Total Cost": 5041.19,                           
                                   "Plan Rows": 1380035,                            
                                   "Plan Width": 10,                                
                                   "Actual Startup Time": 654.222,                  
                                   "Actual Total Time": 979.097,                    
                                   "Actual Rows": 1380035,                          
                                   "Actual Loops": 1,                               
                                   "Inner Unique": false,                           
                                   "Merge Cond": "(it2.id = mi_idx.info_type_id)",  
                                   "Shared Hit Blocks": 3,                          
                                   "Shared Read Blocks": 8451,                      
                                   "Shared Dirtied Blocks": 0,                      
                                   "Shared Written Blocks": 0,                      
                                   "Local Hit Blocks": 0,                           
                                   "Local Read Blocks": 0,                          
                                   "Local Dirtied Blocks": 0,                       
                                   "Local Written Blocks": 0,                       
                                   "Temp Read Blocks": 0,                           
                                   "Temp Written Blocks": 0,                        
                                   "Plans": [                                       
                                     {                                              
                                       "Node Type": "Sort",                         
                                       "Parent Relationship": "Outer",              
                                       "Parallel Aware": false,                     
                                       "Startup Cost": 0.16,                        
                                       "Total Cost": 0.17,                          
                                       "Plan Rows": 113,                            
                                       "Plan Width": 4,                             
                                       "Actual Startup Time": 0.046,                
                                       "Actual Total Time": 0.056,                  
                                       "Actual Rows": 113,                          
                                       "Actual Loops": 1,                           
                                       "Sort Key": ["it2.id"],                      
                                       "Sort Method": "quicksort",                  
                                       "Sort Space Used": 30,                       
                                       "Sort Space Type": "Memory",                 
                                       "Shared Hit Blocks": 1,                      
                                       "Shared Read Blocks": 0,                     
                                       "Shared Dirtied Blocks": 0,                  
                                       "Shared Written Blocks": 0,                  
                                       "Local Hit Blocks": 0,                       
                                       "Local Read Blocks": 0,                      
                                       "Local Dirtied Blocks": 0,                   
                                       "Local Written Blocks": 0,                   
                                       "Temp Read Blocks": 0,                       
                                       "Temp Written Blocks": 0,                    
                                       "Plans": [                                   
                                         {                                          
                                           "Node Type": "Seq Scan",                 
                                           "Parent Relationship": "Outer",          
                                           "Parallel Aware": false,                 
                                           "Relation Name": "info_type",            
                                           "Alias": "it2",                          
                                           "Startup Cost": 0.00,                    
                                           "Total Cost": 0.04,                      
                                           "Plan Rows": 113,                        
                                           "Plan Width": 4,                         
                                           "Actual Startup Time": 0.014,            
                                           "Actual Total Time": 0.028,              
                                           "Actual Rows": 113,                      
                                           "Actual Loops": 1,                       
                                           "Shared Hit Blocks": 1,                  
                                           "Shared Read Blocks": 0,                 
                                           "Shared Dirtied Blocks": 0,              
                                           "Shared Written Blocks": 0,              
                                           "Local Hit Blocks": 0,                   
                                           "Local Read Blocks": 0,                  
                                           "Local Dirtied Blocks": 0,               
                                           "Local Written Blocks": 0,               
                                           "Temp Read Blocks": 0,                   
                                           "Temp Written Blocks": 0                 
                                         }                                          
                                       ]                                            
                                     },                                             
                                     {                                              
                                       "Node Type": "Sort",                         
                                       "Parent Relationship": "Inner",              
                                       "Parallel Aware": false,                     
                                       "Startup Cost": 4731.30,                     
                                       "Total Cost": 4838.45,                       
                                       "Plan Rows": 1380035,                        
                                       "Plan Width": 14,                            
                                       "Actual Startup Time": 654.148,              
                                       "Actual Total Time": 728.791,                
                                       "Actual Rows": 1380035,                      
                                       "Actual Loops": 1,                           
                                       "Sort Key": ["mi_idx.info_type_id"],         
                                       "Sort Method": "quicksort",                  
                                       "Sort Space Used": 128214,                   
                                       "Sort Space Type": "Memory",                 
                                       "Shared Hit Blocks": 2,                      
                                       "Shared Read Blocks": 8451,                  
                                       "Shared Dirtied Blocks": 0,                  
                                       "Shared Written Blocks": 0,                  
                                       "Local Hit Blocks": 0,                       
                                       "Local Read Blocks": 0,                      
                                       "Local Dirtied Blocks": 0,                   
                                       "Local Written Blocks": 0,                   
                                       "Temp Read Blocks": 0,                       
                                       "Temp Written Blocks": 0,                    
                                       "Plans": [                                   
                                         {                                          
                                           "Node Type": "Seq Scan",                 
                                           "Parent Relationship": "Outer",          
                                           "Parallel Aware": false,                 
                                           "Relation Name": "movie_info_idx",       
                                           "Alias": "mi_idx",                       
                                           "Startup Cost": 0.00,                    
                                           "Total Cost": 360.56,                    
                                           "Plan Rows": 1380035,                    
                                           "Plan Width": 14,                        
                                           "Actual Startup Time": 0.007,            
                                           "Actual Total Time": 309.911,            
                                           "Actual Rows": 1380035,                  
                                           "Actual Loops": 1,                       
                                           "Shared Hit Blocks": 2,                  
                                           "Shared Read Blocks": 8451,              
                                           "Shared Dirtied Blocks": 0,              
                                           "Shared Written Blocks": 0,              
                                           "Local Hit Blocks": 0,                   
                                           "Local Read Blocks": 0,                  
                                           "Local Dirtied Blocks": 0,               
                                           "Local Written Blocks": 0,               
                                           "Temp Read Blocks": 0,                   
                                           "Temp Written Blocks": 0                 
                                         }                                          
                                       ]                                            
                                     }                                              
                                   ]                                                
                                 }                                                  
                               ]                                                    
                             },                                                     
                             {                                                      
                               "Node Type": "Sort",                                 
                               "Parent Relationship": "Inner",                      
                               "Parallel Aware": false,                             
                               "Startup Cost": 18572.18,                            
                               "Total Cost": 18768.48,                              
                               "Plan Rows": 2528312,                                
                               "Plan Width": 21,                                    
                               "Actual Startup Time": 3534.302,                     
                               "Actual Total Time": 4002.433,                       
                               "Actual Rows": 3445851,                              
                               "Actual Loops": 1,                                   
                               "Sort Key": ["t.id"],                                
                               "Sort Method": "quicksort",                          
                               "Sort Space Used": 275055,                           
                               "Sort Space Type": "Memory",                         
                               "Shared Hit Blocks": 2,                              
                               "Shared Read Blocks": 35997,                         
                               "Shared Dirtied Blocks": 0,                          
                               "Shared Written Blocks": 0,                          
                               "Local Hit Blocks": 0,                               
                               "Local Read Blocks": 0,                              
                               "Local Dirtied Blocks": 0,                           
                               "Local Written Blocks": 0,                           
                               "Temp Read Blocks": 0,                               
                               "Temp Written Blocks": 0,                            
                               "Plans": [                                           
                                 {                                                  
                                   "Node Type": "Merge Join",                       
                                   "Parent Relationship": "Outer",                  
                                   "Parallel Aware": false,                         
                                   "Join Type": "Inner",                            
                                   "Startup Cost": 9654.39,                         
                                   "Total Cost": 10221.79,                          
                                   "Plan Rows": 2528312,                            
                                   "Plan Width": 21,                                
                                   "Actual Startup Time": 1782.032,                 
                                   "Actual Total Time": 2422.515,                   
                                   "Actual Rows": 2528312,                          
                                   "Actual Loops": 1,                               
                                   "Inner Unique": false,                           
                                   "Merge Cond": "(kt.id = t.kind_id)",             
                                   "Shared Hit Blocks": 2,                          
                                   "Shared Read Blocks": 35997,                     
                                   "Shared Dirtied Blocks": 0,                      
                                   "Shared Written Blocks": 0,                      
                                   "Local Hit Blocks": 0,                           
                                   "Local Read Blocks": 0,                          
                                   "Local Dirtied Blocks": 0,                       
                                   "Local Written Blocks": 0,                       
                                   "Temp Read Blocks": 0,                           
                                   "Temp Written Blocks": 0,                        
                                   "Plans": [                                       
                                     {                                              
                                       "Node Type": "Sort",                         
                                       "Parent Relationship": "Outer",              
                                       "Parallel Aware": false,                     
                                       "Startup Cost": 0.03,                        
                                       "Total Cost": 0.04,                          
                                       "Plan Rows": 7,                              
                                       "Plan Width": 4,                             
                                       "Actual Startup Time": 0.019,                
                                       "Actual Total Time": 0.022,                  
                                       "Actual Rows": 7,                            
                                       "Actual Loops": 1,                           
                                       "Sort Key": ["kt.id"],                       
                                       "Sort Method": "quicksort",                  
                                       "Sort Space Used": 25,                       
                                       "Sort Space Type": "Memory",                 
                                       "Shared Hit Blocks": 1,                      
                                       "Shared Read Blocks": 0,                     
                                       "Shared Dirtied Blocks": 0,                  
                                       "Shared Written Blocks": 0,                  
                                       "Local Hit Blocks": 0,                       
                                       "Local Read Blocks": 0,                      
                                       "Local Dirtied Blocks": 0,                   
                                       "Local Written Blocks": 0,                   
                                       "Temp Read Blocks": 0,                       
                                       "Temp Written Blocks": 0,                    
                                       "Plans": [                                   
                                         {                                          
                                           "Node Type": "Seq Scan",                 
                                           "Parent Relationship": "Outer",          
                                           "Parallel Aware": false,                 
                                           "Relation Name": "kind_type",            
                                           "Alias": "kt",                           
                                           "Startup Cost": 0.00,                    
                                           "Total Cost": 0.03,                      
                                           "Plan Rows": 7,                          
                                           "Plan Width": 4,                         
                                           "Actual Startup Time": 0.012,            
                                           "Actual Total Time": 0.014,              
                                           "Actual Rows": 7,                        
                                           "Actual Loops": 1,                       
                                           "Shared Hit Blocks": 1,                  
                                           "Shared Read Blocks": 0,                 
                                           "Shared Dirtied Blocks": 0,              
                                           "Shared Written Blocks": 0,              
                                           "Local Hit Blocks": 0,                   
                                           "Local Read Blocks": 0,                  
                                           "Local Dirtied Blocks": 0,               
                                           "Local Written Blocks": 0,               
                                           "Temp Read Blocks": 0,                   
                                           "Temp Written Blocks": 0                 
                                         }                                          
                                       ]                                            
                                     },                                             
                                     {                                              
                                       "Node Type": "Sort",                         
                                       "Parent Relationship": "Inner",              
                                       "Parallel Aware": false,                     
                                       "Startup Cost": 9654.35,                     
                                       "Total Cost": 9850.65,                       
                                       "Plan Rows": 2528312,                        
                                       "Plan Width": 25,                            
                                       "Actual Startup Time": 1782.005,             
                                       "Actual Total Time": 1928.503,               
                                       "Actual Rows": 2528312,                      
                                       "Actual Loops": 1,                           
                                       "Sort Key": ["t.kind_id"],                   
                                       "Sort Method": "quicksort",                  
                                       "Sort Space Used": 290000,                   
                                       "Sort Space Type": "Memory",                 
                                       "Shared Hit Blocks": 1,                      
                                       "Shared Read Blocks": 35997,                 
                                       "Shared Dirtied Blocks": 0,                  
                                       "Shared Written Blocks": 0,                  
                                       "Local Hit Blocks": 0,                       
                                       "Local Read Blocks": 0,                      
                                       "Local Dirtied Blocks": 0,                   
                                       "Local Written Blocks": 0,                   
                                       "Temp Read Blocks": 0,                       
                                       "Temp Written Blocks": 0,                    
                                       "Plans": [                                   
                                         {                                          
                                           "Node Type": "Seq Scan",                 
                                           "Parent Relationship": "Outer",          
                                           "Parallel Aware": false,                 
                                           "Relation Name": "title",                
                                           "Alias": "t",                            
                                           "Startup Cost": 0.00,                    
                                           "Total Cost": 1303.96,                   
                                           "Plan Rows": 2528312,                    
                                           "Plan Width": 25,                        
                                           "Actual Startup Time": 26.603,           
                                           "Actual Total Time": 977.617,            
                                           "Actual Rows": 2528312,                  
                                           "Actual Loops": 1,                       
                                           "Shared Hit Blocks": 1,                  
                                           "Shared Read Blocks": 35997,             
                                           "Shared Dirtied Blocks": 0,              
                                           "Shared Written Blocks": 0,              
                                           "Local Hit Blocks": 0,                   
                                           "Local Read Blocks": 0,                  
                                           "Local Dirtied Blocks": 0,               
                                           "Local Written Blocks": 0,               
                                           "Temp Read Blocks": 0,                   
                                           "Temp Written Blocks": 0                 
                                         }                                          
                                       ]                                            
                                     }                                              
                                   ]                                                
                                 }                                                  
                               ]                                                    
                             }                                                      
                           ]                                                        
                         },                                                         
                         {                                                          
                           "Node Type": "Sort",                                     
                           "Parent Relationship": "Inner",                          
                           "Parallel Aware": false,                                 
                           "Startup Cost": 28645.69,                                
                           "Total Cost": 28848.27,                                  
                           "Plan Rows": 2609129,                                    
                           "Plan Width": 23,                                        
                           "Actual Startup Time": 4806.378,                         
                           "Actual Total Time": 5408.494,                           
                           "Actual Rows": 5327324,                                  
                           "Actual Loops": 1,                                       
                           "Sort Key": ["mc.movie_id"],                             
                           "Sort Method": "quicksort",                              
                           "Sort Space Used": 288417,                               
                           "Sort Space Type": "Memory",                             
                           "Shared Hit Blocks": 6,                                  
                           "Shared Read Blocks": 21778,                             
                           "Shared Dirtied Blocks": 0,                              
                           "Shared Written Blocks": 0,                              
                           "Local Hit Blocks": 0,                                   
                           "Local Read Blocks": 0,                                  
                           "Local Dirtied Blocks": 0,                               
                           "Local Written Blocks": 0,                               
                           "Temp Read Blocks": 0,                                   
                           "Temp Written Blocks": 0,                                
                           "Plans": [                                               
                             {                                                      
                               "Node Type": "Merge Join",                           
                               "Parent Relationship": "Outer",                      
                               "Parallel Aware": false,                             
                               "Join Type": "Inner",                                
                               "Startup Cost": 19387.96,                            
                               "Total Cost": 20009.99,                              
                               "Plan Rows": 2609129,                                
                               "Plan Width": 23,                                    
                               "Actual Startup Time": 2725.347,                     
                               "Actual Total Time": 3704.306,                       
                               "Actual Rows": 2609129,                              
                               "Actual Loops": 1,                                   
                               "Inner Unique": true,                                
                               "Merge Cond": "(mc.company_id = cn.id)",             
                               "Shared Hit Blocks": 6,                              
                               "Shared Read Blocks": 21778,                         
                               "Shared Dirtied Blocks": 0,                          
                               "Shared Written Blocks": 0,                          
                               "Local Hit Blocks": 0,                               
                               "Local Read Blocks": 0,                              
                               "Local Dirtied Blocks": 0,                           
                               "Local Written Blocks": 0,                           
                               "Temp Read Blocks": 0,                               
                               "Temp Written Blocks": 0,                            
                               "Plans": [                                           
                                 {                                                  
                                   "Node Type": "Sort",                             
                                   "Parent Relationship": "Outer",                  
                                   "Parallel Aware": false,                         
                                   "Startup Cost": 18626.73,                        
                                   "Total Cost": 18829.30,                          
                                   "Plan Rows": 2609129,                            
                                   "Plan Width": 8,                                 
                                   "Actual Startup Time": 2524.627,                 
                                   "Actual Total Time": 2849.696,                   
                                   "Actual Rows": 2609129,                          
                                   "Actual Loops": 1,                               
                                   "Sort Key": ["mc.company_id"],                   
                                   "Sort Method": "quicksort",                      
                                   "Sort Space Used": 220607,                       
                                   "Sort Space Type": "Memory",                     
                                   "Shared Hit Blocks": 4,                          
                                   "Shared Read Blocks": 18786,                     
                                   "Shared Dirtied Blocks": 0,                      
                                   "Shared Written Blocks": 0,                      
                                   "Local Hit Blocks": 0,                           
                                   "Local Read Blocks": 0,                          
                                   "Local Dirtied Blocks": 0,                       
                                   "Local Written Blocks": 0,                       
                                   "Temp Read Blocks": 0,                           
                                   "Temp Written Blocks": 0,                        
                                   "Plans": [                                       
                                     {                                              
                                       "Node Type": "Merge Join",                   
                                       "Parent Relationship": "Outer",              
                                       "Parallel Aware": false,                     
                                       "Join Type": "Inner",                        
                                       "Startup Cost": 9405.49,                     
                                       "Total Cost": 9991.03,                       
                                       "Plan Rows": 2609129,                        
                                       "Plan Width": 8,                             
                                       "Actual Startup Time": 1084.298,             
                                       "Actual Total Time": 1692.925,               
                                       "Actual Rows": 2609129,                      
                                       "Actual Loops": 1,                           
                                       "Inner Unique": false,                       
                                       "Merge Cond": "(ct.id = mc.company_type_id)",
                                       "Shared Hit Blocks": 4,                      
                                       "Shared Read Blocks": 18786,                 
                                       "Shared Dirtied Blocks": 0,                  
                                       "Shared Written Blocks": 0,                  
                                       "Local Hit Blocks": 0,                       
                                       "Local Read Blocks": 0,                      
                                       "Local Dirtied Blocks": 0,                   
                                       "Local Written Blocks": 0,                   
                                       "Temp Read Blocks": 0,                       
                                       "Temp Written Blocks": 0,                    
                                       "Plans": [                                   
                                         {                                          
                                           "Node Type": "Sort",                     
                                           "Parent Relationship": "Outer",          
                                           "Parallel Aware": false,                 
                                           "Startup Cost": 0.03,                    
                                           "Total Cost": 0.03,                      
                                           "Plan Rows": 4,                          
                                           "Plan Width": 4,                         
                                           "Actual Startup Time": 0.018,            
                                           "Actual Total Time": 0.019,              
                                           "Actual Rows": 3,                        
                                           "Actual Loops": 1,                       
                                           "Sort Key": ["ct.id"],                   
                                           "Sort Method": "quicksort",              
                                           "Sort Space Used": 25,                   
                                           "Sort Space Type": "Memory",             
                                           "Shared Hit Blocks": 1,                  
                                           "Shared Read Blocks": 0,                 
                                           "Shared Dirtied Blocks": 0,              
                                           "Shared Written Blocks": 0,              
                                           "Local Hit Blocks": 0,                   
                                           "Local Read Blocks": 0,                  
                                           "Local Dirtied Blocks": 0,               
                                           "Local Written Blocks": 0,               
                                           "Temp Read Blocks": 0,                   
                                           "Temp Written Blocks": 0,                
                                           "Plans": [                               
                                             {                                      
                                               "Node Type": "Seq Scan",             
                                               "Parent Relationship": "Outer",      
                                               "Parallel Aware": false,             
                                               "Relation Name": "company_type",     
                                               "Alias": "ct",                       
                                               "Startup Cost": 0.00,                
                                               "Total Cost": 0.03,                  
                                               "Plan Rows": 4,                      
                                               "Plan Width": 4,                     
                                               "Actual Startup Time": 0.012,        
                                               "Actual Total Time": 0.013,          
                                               "Actual Rows": 4,                    
                                               "Actual Loops": 1,                   
                                               "Shared Hit Blocks": 1,              
                                               "Shared Read Blocks": 0,             
                                               "Shared Dirtied Blocks": 0,          
                                               "Shared Written Blocks": 0,          
                                               "Local Hit Blocks": 0,               
                                               "Local Read Blocks": 0,              
                                               "Local Dirtied Blocks": 0,           
                                               "Local Written Blocks": 0,           
                                               "Temp Read Blocks": 0,               
                                               "Temp Written Blocks": 0             
                                             }                                      
                                           ]                                        
                                         },                                         
                                         {                                          
                                           "Node Type": "Sort",                     
                                           "Parent Relationship": "Inner",          
                                           "Parallel Aware": false,                 
                                           "Startup Cost": 9405.45,                 
                                           "Total Cost": 9608.03,                   
                                           "Plan Rows": 2609129,                    
                                           "Plan Width": 12,                        
                                           "Actual Startup Time": 1084.273,         
                                           "Actual Total Time": 1205.740,           
                                           "Actual Rows": 2609129,                  
                                           "Actual Loops": 1,                       
                                           "Sort Key": ["mc.company_type_id"],      
                                           "Sort Method": "quicksort",              
                                           "Sort Space Used": 220607,               
                                           "Sort Space Type": "Memory",             
                                           "Shared Hit Blocks": 3,                  
                                           "Shared Read Blocks": 18786,             
                                           "Shared Dirtied Blocks": 0,              
                                           "Shared Written Blocks": 0,              
                                           "Local Hit Blocks": 0,                   
                                           "Local Read Blocks": 0,                  
                                           "Local Dirtied Blocks": 0,               
                                           "Local Written Blocks": 0,               
                                           "Temp Read Blocks": 0,                   
                                           "Temp Written Blocks": 0,                
                                           "Plans": [                               
                                             {                                      
                                               "Node Type": "Seq Scan",             
                                               "Parent Relationship": "Outer",      
                                               "Parallel Aware": false,             
                                               "Relation Name": "movie_companies",  
                                               "Alias": "mc",                       
                                               "Startup Cost": 0.00,                
                                               "Total Cost": 769.75,                
                                               "Plan Rows": 2609129,                
                                               "Plan Width": 12,                    
                                               "Actual Startup Time": 0.005,        
                                               "Actual Total Time": 563.856,        
                                               "Actual Rows": 2609129,              
                                               "Actual Loops": 1,                   
                                               "Shared Hit Blocks": 3,              
                                               "Shared Read Blocks": 18786,         
                                               "Shared Dirtied Blocks": 0,          
                                               "Shared Written Blocks": 0,          
                                               "Local Hit Blocks": 0,               
                                               "Local Read Blocks": 0,              
                                               "Local Dirtied Blocks": 0,           
                                               "Local Written Blocks": 0,           
                                               "Temp Read Blocks": 0,               
                                               "Temp Written Blocks": 0             
                                             }                                      
                                           ]                                        
                                         }                                          
                                       ]                                            
                                     }                                              
                                   ]                                                
                                 },                                                 
                                 {                                                  
                                   "Node Type": "Sort",                             
                                   "Parent Relationship": "Inner",                  
                                   "Parallel Aware": false,                         
                                   "Startup Cost": 761.23,                          
                                   "Total Cost": 779.47,                            
                                   "Plan Rows": 234997,                             
                                   "Plan Width": 23,                                
                                   "Actual Startup Time": 200.710,                  
                                   "Actual Total Time": 235.662,                    
                                   "Actual Rows": 234997,                           
                                   "Actual Loops": 1,                               
                                   "Sort Key": ["cn.id"],                           
                                   "Sort Method": "quicksort",                      
                                   "Sort Space Used": 23201,                        
                                   "Sort Space Type": "Memory",                     
                                   "Shared Hit Blocks": 2,                          
                                   "Shared Read Blocks": 2992,                      
                                   "Shared Dirtied Blocks": 0,                      
                                   "Shared Written Blocks": 0,                      
                                   "Local Hit Blocks": 0,                           
                                   "Local Read Blocks": 0,                          
                                   "Local Dirtied Blocks": 0,                       
                                   "Local Written Blocks": 0,                       
                                   "Temp Read Blocks": 0,                           
                                   "Temp Written Blocks": 0,                        
                                   "Plans": [                                       
                                     {                                              
                                       "Node Type": "Seq Scan",                     
                                       "Parent Relationship": "Outer",              
                                       "Parallel Aware": false,                     
                                       "Relation Name": "company_name",             
                                       "Alias": "cn",                               
                                       "Startup Cost": 0.00,                        
                                       "Total Cost": 110.16,                        
                                       "Plan Rows": 234997,                         
                                       "Plan Width": 23,                            
                                       "Actual Startup Time": 17.026,               
                                       "Actual Total Time": 89.549,                 
                                       "Actual Rows": 234997,                       
                                       "Actual Loops": 1,                           
                                       "Shared Hit Blocks": 2,                      
                                       "Shared Read Blocks": 2992,                  
                                       "Shared Dirtied Blocks": 0,                  
                                       "Shared Written Blocks": 0,                  
                                       "Local Hit Blocks": 0,                       
                                       "Local Read Blocks": 0,                      
                                       "Local Dirtied Blocks": 0,                   
                                       "Local Written Blocks": 0,                   
                                       "Temp Read Blocks": 0,                       
                                       "Temp Written Blocks": 0                     
                                     }                                              
                                   ]                                                
                                 }                                                  
                               ]                                                    
                             }                                                      
                           ]                                                        
                         }                                                          
                       ]                                                            
                     },                                                             
                     {                                                              
                       "Node Type": "Sort",                                         
                       "Parent Relationship": "Inner",                              
                       "Parallel Aware": false,                                     
                       "Startup Cost": 119192.71,                                   
                       "Total Cost": 120344.55,                                     
                       "Plan Rows": 14835720,                                       
                       "Plan Width": 4,                                             
                       "Actual Startup Time": 17097.392,                            
                       "Actual Total Time": 27940.987,                              
                       "Actual Rows": 185777409,                                    
                       "Actual Loops": 1,                                           
                       "Sort Key": ["mi.movie_id"],                                 
                       "Sort Method": "quicksort",                                  
                       "Sort Space Used": 1088641,                                  
                       "Sort Space Type": "Memory",                                 
                       "Shared Hit Blocks": 3,                                      
                       "Shared Read Blocks": 161890,                                
                       "Shared Dirtied Blocks": 0,                                  
                       "Shared Written Blocks": 0,                                  
                       "Local Hit Blocks": 0,                                       
                       "Local Read Blocks": 0,                                      
                       "Local Dirtied Blocks": 0,                                   
                       "Local Written Blocks": 0,                                   
                       "Temp Read Blocks": 0,                                       
                       "Temp Written Blocks": 0,                                    
                       "Plans": [                                                   
                         {                                                          
                           "Node Type": "Merge Join",                               
                           "Parent Relationship": "Outer",                          
                           "Parallel Aware": false,                                 
                           "Join Type": "Inner",                                    
                           "Startup Cost": 60983.62,                                
                           "Total Cost": 64313.09,                                  
                           "Plan Rows": 14835720,                                   
                           "Plan Width": 4,                                         
                           "Actual Startup Time": 9040.771,                         
                           "Actual Total Time": 12173.982,                          
                           "Actual Rows": 14835720,                                 
                           "Actual Loops": 1,                                       
                           "Inner Unique": false,                                   
                           "Merge Cond": "(it1.id = mi.info_type_id)",              
                           "Shared Hit Blocks": 3,                                  
                           "Shared Read Blocks": 161890,                            
                           "Shared Dirtied Blocks": 0,                              
                           "Shared Written Blocks": 0,                              
                           "Local Hit Blocks": 0,                                   
                           "Local Read Blocks": 0,                                  
                           "Local Dirtied Blocks": 0,                               
                           "Local Written Blocks": 0,                               
                           "Temp Read Blocks": 0,                                   
                           "Temp Written Blocks": 0,                                
                           "Plans": [                                               
                             {                                                      
                               "Node Type": "Sort",                                 
                               "Parent Relationship": "Outer",                      
                               "Parallel Aware": false,                             
                               "Startup Cost": 0.16,                                
                               "Total Cost": 0.17,                                  
                               "Plan Rows": 113,                                    
                               "Plan Width": 4,                                     
                               "Actual Startup Time": 0.048,                        
                               "Actual Total Time": 0.071,                          
                               "Actual Rows": 111,                                  
                               "Actual Loops": 1,                                   
                               "Sort Key": ["it1.id"],                              
                               "Sort Method": "quicksort",                          
                               "Sort Space Used": 30,                               
                               "Sort Space Type": "Memory",                         
                               "Shared Hit Blocks": 1,                              
                               "Shared Read Blocks": 0,                             
                               "Shared Dirtied Blocks": 0,                          
                               "Shared Written Blocks": 0,                          
                               "Local Hit Blocks": 0,                               
                               "Local Read Blocks": 0,                              
                               "Local Dirtied Blocks": 0,                           
                               "Local Written Blocks": 0,                           
                               "Temp Read Blocks": 0,                               
                               "Temp Written Blocks": 0,                            
                               "Plans": [                                           
                                 {                                                  
                                   "Node Type": "Seq Scan",                         
                                   "Parent Relationship": "Outer",                  
                                   "Parallel Aware": false,                         
                                   "Relation Name": "info_type",                    
                                   "Alias": "it1",                                  
                                   "Startup Cost": 0.00,                            
                                   "Total Cost": 0.04,                              
                                   "Plan Rows": 113,                                
                                   "Plan Width": 4,                                 
                                   "Actual Startup Time": 0.013,                    
                                   "Actual Total Time": 0.028,                      
                                   "Actual Rows": 113,                              
                                   "Actual Loops": 1,                               
                                   "Shared Hit Blocks": 1,                          
                                   "Shared Read Blocks": 0,                         
                                   "Shared Dirtied Blocks": 0,                      
                                   "Shared Written Blocks": 0,                      
                                   "Local Hit Blocks": 0,                           
                                   "Local Read Blocks": 0,                          
                                   "Local Dirtied Blocks": 0,                       
                                   "Local Written Blocks": 0,                       
                                   "Temp Read Blocks": 0,                           
                                   "Temp Written Blocks": 0                         
                                 }                                                  
                               ]                                                    
                             },                                                     
                             {                                                      
                               "Node Type": "Sort",                                 
                               "Parent Relationship": "Inner",                      
                               "Parallel Aware": false,                             
                               "Startup Cost": 60983.46,                            
                               "Total Cost": 62135.30,                              
                               "Plan Rows": 14835720,                               
                               "Plan Width": 8,                                     
                               "Actual Startup Time": 9040.717,                     
                               "Actual Total Time": 9766.929,                       
                               "Actual Rows": 14835720,                             
                               "Actual Loops": 1,                                   
                               "Sort Key": ["mi.info_type_id"],                     
                               "Sort Method": "quicksort",                          
                               "Sort Space Used": 1088641,                          
                               "Sort Space Type": "Memory",                         
                               "Shared Hit Blocks": 2,                              
                               "Shared Read Blocks": 161890,                        
                               "Shared Dirtied Blocks": 0,                          
                               "Shared Written Blocks": 0,                          
                               "Local Hit Blocks": 0,                               
                               "Local Read Blocks": 0,                              
                               "Local Dirtied Blocks": 0,                           
                               "Local Written Blocks": 0,                           
                               "Temp Read Blocks": 0,                               
                               "Temp Written Blocks": 0,                            
                               "Plans": [                                           
                                 {                                                  
                                   "Node Type": "Seq Scan",                         
                                   "Parent Relationship": "Outer",                  
                                   "Parallel Aware": false,                         
                                   "Relation Name": "movie_info",                   
                                   "Alias": "mi",                                   
                                   "Startup Cost": 0.00,                            
                                   "Total Cost": 6103.84,                           
                                   "Plan Rows": 14835720,                           
                                   "Plan Width": 8,                                 
                                   "Actual Startup Time": 5.424,                    
                                   "Actual Total Time": 5496.159,                   
                                   "Actual Rows": 14835720,                         
                                   "Actual Loops": 1,                               
                                   "Shared Hit Blocks": 2,                          
                                   "Shared Read Blocks": 161890,                    
                                   "Shared Dirtied Blocks": 0,                      
                                   "Shared Written Blocks": 0,                      
                                   "Local Hit Blocks": 0,                           
                                   "Local Read Blocks": 0,                          
                                   "Local Dirtied Blocks": 0,                       
                                   "Local Written Blocks": 0,                       
                                   "Temp Read Blocks": 0,                           
                                   "Temp Written Blocks": 0                         
                                 }                                                  
                               ]                                                    
                             }                                                      
                           ]                                                        
                         }                                                          
                       ]                                                            
                     }                                                              
                   ]                                                                
                 }                                                                  
               ]                                                                    
             }                                                                      
           ]                                                                        
         }                                                                          
       ]                                                                            
     },                                                                             
     "Planning Time": 9250.754,                                                     
     "Triggers": [                                                                  
     ],                                                                             
     "Execution Time": 9435966.474                                                  
