     "Plan": {                                                                                   
       "Node Type": "Aggregate",                                                                 
       "Strategy": "Plain",                                                                      
       "Partial Mode": "Simple",                                                                 
       "Parallel Aware": false,                                                                  
       "Startup Cost": 161140.58,                                                                
       "Total Cost": 161140.58,                                                                  
       "Plan Rows": 1,                                                                           
       "Plan Width": 64,                                                                         
       "Actual Startup Time": 2290971.695,                                                       
       "Actual Total Time": 2290971.695,                                                         
       "Actual Rows": 1,                                                                         
       "Actual Loops": 1,                                                                        
       "Shared Hit Blocks": 24,                                                                  
       "Shared Read Blocks": 245791,                                                             
       "Shared Dirtied Blocks": 0,                                                               
       "Shared Written Blocks": 0,                                                               
       "Local Hit Blocks": 0,                                                                    
       "Local Read Blocks": 0,                                                                   
       "Local Dirtied Blocks": 0,                                                                
       "Local Written Blocks": 0,                                                                
       "Temp Read Blocks": 0,                                                                    
       "Temp Written Blocks": 0,                                                                 
       "Plans": [                                                                                
         {                                                                                       
           "Node Type": "Merge Join",                                                            
           "Parent Relationship": "Outer",                                                       
           "Parallel Aware": false,                                                              
           "Join Type": "Inner",                                                                 
           "Startup Cost": 145260.79,                                                            
           "Total Cost": 149089.50,                                                              
           "Plan Rows": 77609049,                                                                
           "Plan Width": 27,                                                                     
           "Actual Startup Time": 31594.226,                                                     
           "Actual Total Time": 1201151.551,                                                     
           "Actual Rows": 5527061593,                                                            
           "Actual Loops": 1,                                                                    
           "Inner Unique": false,                                                                
           "Merge Cond": "(t.id = mk.movie_id)",                                                 
           "Shared Hit Blocks": 24,                                                              
           "Shared Read Blocks": 245791,                                                         
           "Shared Dirtied Blocks": 0,                                                           
           "Shared Written Blocks": 0,                                                           
           "Local Hit Blocks": 0,                                                                
           "Local Read Blocks": 0,                                                               
           "Local Dirtied Blocks": 0,                                                            
           "Local Written Blocks": 0,                                                            
           "Temp Read Blocks": 0,                                                                
           "Temp Written Blocks": 0,                                                             
           "Plans": [                                                                            
             {                                                                                   
               "Node Type": "Merge Join",                                                        
               "Parent Relationship": "Outer",                                                   
               "Parallel Aware": false,                                                          
               "Join Type": "Inner",                                                             
               "Startup Cost": 111688.77,                                                        
               "Total Cost": 112374.95,                                                          
               "Plan Rows": 6560183,                                                             
               "Plan Width": 43,                                                                 
               "Actual Startup Time": 26088.644,                                                 
               "Actual Total Time": 40838.035,                                                   
               "Actual Rows": 51751860,                                                          
               "Actual Loops": 1,                                                                
               "Inner Unique": false,                                                            
               "Merge Cond": "(t.id = mc.movie_id)",                                             
               "Shared Hit Blocks": 19,                                                          
               "Shared Read Blocks": 220393,                                                     
               "Shared Dirtied Blocks": 0,                                                       
               "Shared Written Blocks": 0,                                                       
               "Local Hit Blocks": 0,                                                            
               "Local Read Blocks": 0,                                                           
               "Local Dirtied Blocks": 0,                                                        
               "Local Written Blocks": 0,                                                        
               "Temp Read Blocks": 0,                                                            
               "Temp Written Blocks": 0,                                                         
               "Plans": [                                                                        
                 {                                                                               
                   "Node Type": "Sort",                                                          
                   "Parent Relationship": "Outer",                                               
                   "Parallel Aware": false,                                                      
                   "Startup Cost": 83043.08,                                                     
                   "Total Cost": 83139.42,                                                       
                   "Plan Rows": 1240925,                                                         
                   "Plan Width": 39,                                                             
                   "Actual Startup Time": 21480.729,                                             
                   "Actual Total Time": 21991.240,                                               
                   "Actual Rows": 3688733,                                                       
                   "Actual Loops": 1,                                                            
                   "Sort Key": ["cc.movie_id"],                                                  
                   "Sort Method": "quicksort",                                                   
                   "Sort Space Used": 408214,                                                    
                   "Sort Space Type": "Memory",                                                  
                   "Shared Hit Blocks": 13,                                                      
                   "Shared Read Blocks": 198615,                                                 
                   "Shared Dirtied Blocks": 0,                                                   
                   "Shared Written Blocks": 0,                                                   
                   "Local Hit Blocks": 0,                                                        
                   "Local Read Blocks": 0,                                                       
                   "Local Dirtied Blocks": 0,                                                    
                   "Local Written Blocks": 0,                                                    
                   "Temp Read Blocks": 0,                                                        
                   "Temp Written Blocks": 0,                                                     
                   "Plans": [                                                                    
                     {                                                                           
                       "Node Type": "Merge Join",                                                
                       "Parent Relationship": "Outer",                                           
                       "Parallel Aware": false,                                                  
                       "Join Type": "Inner",                                                     
                       "Startup Cost": 78863.95,                                                 
                       "Total Cost": 79142.45,                                                   
                       "Plan Rows": 1240925,                                                     
                       "Plan Width": 39,                                                         
                       "Actual Startup Time": 18553.373,                                         
                       "Actual Total Time": 20014.643,                                           
                       "Actual Rows": 3688793,                                                   
                       "Actual Loops": 1,                                                        
                       "Inner Unique": true,                                                     
                       "Merge Cond": "(mi.info_type_id = it.id)",                               
                       "Shared Hit Blocks": 9,                                                   
                       "Shared Read Blocks": 198615,                                             
                       "Shared Dirtied Blocks": 0,                                               
                       "Shared Written Blocks": 0,                                               
                       "Local Hit Blocks": 0,                                                    
                       "Local Read Blocks": 0,                                                   
                       "Local Dirtied Blocks": 0,                                                
                       "Local Written Blocks": 0,                                                
                       "Temp Read Blocks": 0,                                                    
                       "Temp Written Blocks": 0,                                                 
                       "Plans": [                                                                
                         {                                                                       
                           "Node Type": "Sort",                                                  
                           "Parent Relationship": "Outer",                                       
                           "Parallel Aware": false,                                              
                           "Startup Cost": 78863.79,                                             
                           "Total Cost": 78960.13,                                               
                           "Plan Rows": 1240925,                                                 
                           "Plan Width": 43,                                                     
                           "Actual Startup Time": 18553.305,                                     
                           "Actual Total Time": 18981.823,                                       
                           "Actual Rows": 3688793,                                               
                           "Actual Loops": 1,                                                    
                           "Sort Key": ["mi.info_type_id"],                                      
                           "Sort Method": "quicksort",                                           
                           "Sort Space Used": 423484,                                            
                           "Sort Space Type": "Memory",                                          
                           "Shared Hit Blocks": 8,                                               
                           "Shared Read Blocks": 198615,                                         
                           "Shared Dirtied Blocks": 0,                                           
                           "Shared Written Blocks": 0,                                           
                           "Local Hit Blocks": 0,                                                
                           "Local Read Blocks": 0,                                               
                           "Local Dirtied Blocks": 0,                                            
                           "Local Written Blocks": 0,                                            
                           "Temp Read Blocks": 0,                                                
                           "Temp Written Blocks": 0,                                             
                           "Plans": [                                                            
                             {                                                                   
                               "Node Type": "Merge Join",                                        
                               "Parent Relationship": "Outer",                                   
                               "Parallel Aware": false,                                          
                               "Join Type": "Inner",                                             
                               "Startup Cost": 72583.72,                                         
                               "Total Cost": 74963.16,                                           
                               "Plan Rows": 1240925,                                             
                               "Plan Width": 43,                                                 
                               "Actual Startup Time": 14704.186,                                 
                               "Actual Total Time": 17493.279,                                   
                               "Actual Rows": 3688793,                                           
                               "Actual Loops": 1,                                                
                               "Inner Unique": false,                                            
                               "Merge Cond": "(t.id = mi.movie_id)",                             
                               "Shared Hit Blocks": 8,                                           
                               "Shared Read Blocks": 198615,                                     
                               "Shared Dirtied Blocks": 0,                                       
                               "Shared Written Blocks": 0,                                       
                               "Local Hit Blocks": 0,                                            
                               "Local Read Blocks": 0,                                           
                               "Local Dirtied Blocks": 0,                                        
                               "Local Written Blocks": 0,                                        
                               "Temp Read Blocks": 0,                                            
                               "Temp Written Blocks": 0,                                         
                               "Plans": [                                                        
                                 {                                                               
                                   "Node Type": "Sort",                                          
                                   "Parent Relationship": "Outer",                               
                                   "Parallel Aware": false,                                      
                                   "Startup Cost": 11600.26,                                     
                                   "Total Cost": 11610.75,                                       
                                   "Plan Rows": 135086,                                          
                                   "Plan Width": 35,                                             
                                   "Actual Startup Time": 3375.999,                              
                                   "Actual Total Time": 3387.442,                                
                                   "Actual Rows": 132501,                                        
                                   "Actual Loops": 1,                                            
                                   "Sort Key": ["cc.movie_id"],                                  
                                   "Sort Method": "quicksort",                                   
                                   "Sort Space Used": 17270,                                     
                                   "Sort Space Type": "Memory",                                  
                                   "Shared Hit Blocks": 6,                                       
                                   "Shared Read Blocks": 36725,                                  
                                   "Shared Dirtied Blocks": 0,                                   
                                   "Shared Written Blocks": 0,                                   
                                   "Local Hit Blocks": 0,                                        
                                   "Local Read Blocks": 0,                                       
                                   "Local Dirtied Blocks": 0,                                    
                                   "Local Written Blocks": 0,                                    
                                   "Temp Read Blocks": 0,                                        
                                   "Temp Written Blocks": 0,                                     
                                   "Plans": [                                                    
                                     {                                                           
                                       "Node Type": "Merge Join",                                
                                       "Parent Relationship": "Outer",                           
                                       "Parallel Aware": false,                                  
                                       "Join Type": "Inner",                                     
                                       "Startup Cost": 11212.43,                                 
                                       "Total Cost": 11242.75,                                   
                                       "Plan Rows": 135086,                                      
                                       "Plan Width": 35,                                         
                                       "Actual Startup Time": 3285.808,                          
                                       "Actual Total Time": 3324.357,                            
                                       "Actual Rows": 135086,                                    
                                       "Actual Loops": 1,                                        
                                       "Inner Unique": true,                                     
                                       "Merge Cond": "(t.kind_id = kt.id)",                      
                                       "Shared Hit Blocks": 6,                                   
                                       "Shared Read Blocks": 36725,                              
                                       "Shared Dirtied Blocks": 0,                               
                                       "Shared Written Blocks": 0,                               
                                       "Local Hit Blocks": 0,                                    
                                       "Local Read Blocks": 0,                                   
                                       "Local Dirtied Blocks": 0,                                
                                       "Local Written Blocks": 0,                                
                                       "Temp Read Blocks": 0,                                    
                                       "Temp Written Blocks": 0,                                 
                                       "Plans": [                                                
                                         {                                                       
                                           "Node Type": "Sort",                                  
                                           "Parent Relationship": "Outer",                       
                                           "Parallel Aware": false,                              
                                           "Startup Cost": 11212.40,                             
                                           "Total Cost": 11222.89,                               
                                           "Plan Rows": 135086,                                  
                                           "Plan Width": 29,                                     
                                           "Actual Startup Time": 3285.775,                      
                                           "Actual Total Time": 3293.104,                        
                                           "Actual Rows": 135086,                                
                                           "Actual Loops": 1,                                    
                                           "Sort Key": ["t.kind_id"],                            
                                           "Sort Method": "quicksort",                           
                                           "Sort Space Used": 17004,                             
                                           "Sort Space Type": "Memory",                          
                                           "Shared Hit Blocks": 5,                               
                                           "Shared Read Blocks": 36725,                          
                                           "Shared Dirtied Blocks": 0,                           
                                           "Shared Written Blocks": 0,                           
                                           "Local Hit Blocks": 0,                                
                                           "Local Read Blocks": 0,                               
                                           "Local Dirtied Blocks": 0,                            
                                           "Local Written Blocks": 0,                            
                                           "Temp Read Blocks": 0,                                
                                           "Temp Written Blocks": 0,                             
                                           "Plans": [                                            
                                             {                                                   
                                               "Node Type": "Merge Join",                        
                                               "Parent Relationship": "Outer",                   
                                               "Parallel Aware": false,                          
                                               "Join Type": "Inner",                             
                                               "Startup Cost": 10432.03,                         
                                               "Total Cost": 10854.89,                           
                                               "Plan Rows": 135086,                              
                                               "Plan Width": 29,                                 
                                               "Actual Startup Time": 2490.938,                  
                                               "Actual Total Time": 3249.535,                    
                                               "Actual Rows": 135086,                            
                                               "Actual Loops": 1,                                
                                               "Inner Unique": true,                             
                                               "Merge Cond": "(cc.movie_id = t.id)",             
                                               "Shared Hit Blocks": 5,                           
                                               "Shared Read Blocks": 36725,                      
                                               "Shared Dirtied Blocks": 0,                       
                                               "Shared Written Blocks": 0,                       
                                               "Local Hit Blocks": 0,                            
                                               "Local Read Blocks": 0,                           
                                               "Local Dirtied Blocks": 0,                        
                                               "Local Written Blocks": 0,                        
                                               "Temp Read Blocks": 0,                            
                                               "Temp Written Blocks": 0,                         
                                               "Plans": [                                        
                                                 {                                               
                                                   "Node Type": "Sort",                          
                                                   "Parent Relationship": "Outer",               
                                                   "Parallel Aware": false,                      
                                                   "Startup Cost": 777.63,                       
                                                   "Total Cost": 788.12,                         
                                                   "Plan Rows": 135086,                          
                                                   "Plan Width": 4,                              
                                                   "Actual Startup Time": 163.175,               
                                                   "Actual Total Time": 177.187,                 
                                                   "Actual Rows": 135086,                        
                                                   "Actual Loops": 1,                            
                                                   "Sort Key": ["cc.movie_id"],                  
                                                   "Sort Method": "quicksort",                   
                                                   "Sort Space Used": 12477,                     
                                                   "Sort Space Type": "Memory",                  
                                                   "Shared Hit Blocks": 3,                       
                                                   "Shared Read Blocks": 729,                    
                                                   "Shared Dirtied Blocks": 0,                   
                                                   "Shared Written Blocks": 0,                   
                                                   "Local Hit Blocks": 0,                        
                                                   "Local Read Blocks": 0,                       
                                                   "Local Dirtied Blocks": 0,                    
                                                   "Local Written Blocks": 0,                    
                                                   "Temp Read Blocks": 0,                        
                                                   "Temp Written Blocks": 0,                     
                                                   "Plans": [                                    
                                                     {                                           
                                                       "Node Type": "Merge Join",                
                                                       "Parent Relationship": "Outer",           
                                                       "Parallel Aware": false,                  
                                                       "Join Type": "Inner",                     
                                                       "Startup Cost": 389.81,                   
                                                       "Total Cost": 420.13,                     
                                                       "Plan Rows": 135086,                      
                                                       "Plan Width": 4,                          
                                                       "Actual Startup Time": 87.515,            
                                                       "Actual Total Time": 119.599,             
                                                       "Actual Rows": 135086,                    
                                                       "Actual Loops": 1,                        
                                                       "Inner Unique": true,                     
                                                       "Merge Cond": "(cc.status_id = cct.id)", 
                                                       "Shared Hit Blocks": 3,                   
                                                       "Shared Read Blocks": 729,                
                                                       "Shared Dirtied Blocks": 0,               
                                                       "Shared Written Blocks": 0,               
                                                       "Local Hit Blocks": 0,                    
                                                       "Local Read Blocks": 0,                   
                                                       "Local Dirtied Blocks": 0,                
                                                       "Local Written Blocks": 0,                
                                                       "Temp Read Blocks": 0,                    
                                                       "Temp Written Blocks": 0,                 
                                                       "Plans": [                                
                                                         {                                       
                                                           "Node Type": "Sort",                  
                                                           "Parent Relationship": "Outer",       
                                                           "Parallel Aware": false,              
                                                           "Startup Cost": 389.78,               
                                                           "Total Cost": 400.26,                 
                                                           "Plan Rows": 135086,                  
                                                           "Plan Width": 8,                      
                                                           "Actual Startup Time": 87.496,        
                                                           "Actual Total Time": 94.370,          
                                                           "Actual Rows": 135086,                
                                                           "Actual Loops": 1,                    
                                                           "Sort Key": ["cc.status_id"],         
                                                           "Sort Method": "quicksort",           
                                                           "Sort Space Used": 12477,             
                                                           "Sort Space Type": "Memory",          
                                                           "Shared Hit Blocks": 2,               
                                                           "Shared Read Blocks": 729,            
                                                           "Shared Dirtied Blocks": 0,           
                                                           "Shared Written Blocks": 0,           
                                                           "Local Hit Blocks": 0,                
                                                           "Local Read Blocks": 0,               
                                                           "Local Dirtied Blocks": 0,            
                                                           "Local Written Blocks": 0,            
                                                           "Temp Read Blocks": 0,                
                                                           "Temp Written Blocks": 0,             
                                                           "Plans": [                            
                                                             {                                   
                                                               "Node Type": "Seq Scan",          
                                                               "Parent Relationship": "Outer",   
                                                               "Parallel Aware": false,          
                                                               "Relation Name": "complete_cast", 
                                                               "Alias": "cc",                    
                                                               "Startup Cost": 0.00,             
                                                               "Total Cost": 32.27,              
                                                               "Plan Rows": 135086,              
                                                               "Plan Width": 8,                  
                                                               "Actual Startup Time": 0.148,     
                                                               "Actual Total Time": 51.356,      
                                                               "Actual Rows": 135086,            
                                                               "Actual Loops": 1,                
                                                               "Shared Hit Blocks": 2,           
                                                               "Shared Read Blocks": 729,        
                                                               "Shared Dirtied Blocks": 0,       
                                                               "Shared Written Blocks": 0,       
                                                               "Local Hit Blocks": 0,            
                                                               "Local Read Blocks": 0,           
                                                               "Local Dirtied Blocks": 0,        
                                                               "Local Written Blocks": 0,        
                                                               "Temp Read Blocks": 0,            
                                                               "Temp Written Blocks": 0          
                                                             }                                   
                                                           ]                                     
                                                         },                                      
                                                         {                                       
                                                           "Node Type": "Sort",                  
                                                           "Parent Relationship": "Inner",       
                                                           "Parallel Aware": false,              
                                                           "Startup Cost": 0.03,                 
                                                           "Total Cost": 0.03,                   
                                                           "Plan Rows": 4,                       
                                                           "Plan Width": 4,                      
                                                           "Actual Startup Time": 0.014,         
                                                           "Actual Total Time": 0.015,           
                                                           "Actual Rows": 4,                     
                                                           "Actual Loops": 1,                    
                                                           "Sort Key": ["cct.id"],              
                                                           "Sort Method": "quicksort",           
                                                           "Sort Space Used": 25,                
                                                           "Sort Space Type": "Memory",          
                                                           "Shared Hit Blocks": 1,               
                                                           "Shared Read Blocks": 0,              
                                                           "Shared Dirtied Blocks": 0,           
                                                           "Shared Written Blocks": 0,           
                                                           "Local Hit Blocks": 0,                
                                                           "Local Read Blocks": 0,               
                                                           "Local Dirtied Blocks": 0,            
                                                           "Local Written Blocks": 0,            
                                                           "Temp Read Blocks": 0,                
                                                           "Temp Written Blocks": 0,             
                                                           "Plans": [                            
                                                             {                                   
                                                               "Node Type": "Seq Scan",          
                                                               "Parent Relationship": "Outer",   
                                                               "Parallel Aware": false,          
                                                               "Relation Name": "comp_cast_type",
                                                               "Alias": "cct",                  
                                                               "Startup Cost": 0.00,             
                                                               "Total Cost": 0.03,               
                                                               "Plan Rows": 4,                   
                                                               "Plan Width": 4,                  
                                                               "Actual Startup Time": 0.006,     
                                                               "Actual Total Time": 0.007,       
                                                               "Actual Rows": 4,                 
                                                               "Actual Loops": 1,                
                                                               "Shared Hit Blocks": 1,           
                                                               "Shared Read Blocks": 0,          
                                                               "Shared Dirtied Blocks": 0,       
                                                               "Shared Written Blocks": 0,       
                                                               "Local Hit Blocks": 0,            
                                                               "Local Read Blocks": 0,           
                                                               "Local Dirtied Blocks": 0,        
                                                               "Local Written Blocks": 0,        
                                                               "Temp Read Blocks": 0,            
                                                               "Temp Written Blocks": 0          
                                                             }                                   
                                                           ]                                     
                                                         }                                       
                                                       ]                                         
                                                     }                                           
                                                   ]                                             
                                                 },                                              
                                                 {                                               
                                                   "Node Type": "Sort",                          
                                                   "Parent Relationship": "Inner",               
                                                   "Parallel Aware": false,                      
                                                   "Startup Cost": 9654.35,                      
                                                   "Total Cost": 9850.65,                        
                                                   "Plan Rows": 2528312,                         
                                                   "Plan Width": 25,                             
                                                   "Actual Startup Time": 2327.648,              
                                                   "Actual Total Time": 2649.973,                
                                                   "Actual Rows": 2528312,                       
                                                   "Actual Loops": 1,                            
                                                   "Sort Key": ["t.id"],                         
                                                   "Sort Method": "quicksort",                   
                                                   "Sort Space Used": 290000,                    
                                                   "Sort Space Type": "Memory",                  
                                                   "Shared Hit Blocks": 2,                       
                                                   "Shared Read Blocks": 35996,                  
                                                   "Shared Dirtied Blocks": 0,                   
                                                   "Shared Written Blocks": 0,                   
                                                   "Local Hit Blocks": 0,                        
                                                   "Local Read Blocks": 0,                       
                                                   "Local Dirtied Blocks": 0,                    
                                                   "Local Written Blocks": 0,                    
                                                   "Temp Read Blocks": 0,                        
                                                   "Temp Written Blocks": 0,                     
                                                   "Plans": [                                    
                                                     {                                           
                                                       "Node Type": "Seq Scan",                  
                                                       "Parent Relationship": "Outer",           
                                                       "Parallel Aware": false,                  
                                                       "Relation Name": "title",                 
                                                       "Alias": "t",                             
                                                       "Startup Cost": 0.00,                     
                                                       "Total Cost": 1303.96,                    
                                                       "Plan Rows": 2528312,                     
                                                       "Plan Width": 25,                         
                                                       "Actual Startup Time": 24.352,            
                                                       "Actual Total Time": 974.798,             
                                                       "Actual Rows": 2528312,                   
                                                       "Actual Loops": 1,                        
                                                       "Shared Hit Blocks": 2,                   
                                                       "Shared Read Blocks": 35996,              
                                                       "Shared Dirtied Blocks": 0,               
                                                       "Shared Written Blocks": 0,               
                                                       "Local Hit Blocks": 0,                    
                                                       "Local Read Blocks": 0,                   
                                                       "Local Dirtied Blocks": 0,                
                                                       "Local Written Blocks": 0,                
                                                       "Temp Read Blocks": 0,                    
                                                       "Temp Written Blocks": 0                  
                                                     }                                           
                                                   ]                                             
                                                 }                                               
                                               ]                                                 
                                             }                                                   
                                           ]                                                     
                                         },                                                      
                                         {                                                       
                                           "Node Type": "Sort",                                  
                                           "Parent Relationship": "Inner",                       
                                           "Parallel Aware": false,                              
                                           "Startup Cost": 0.03,                                 
                                           "Total Cost": 0.04,                                   
                                           "Plan Rows": 7,                                       
                                           "Plan Width": 14,                                     
                                           "Actual Startup Time": 0.028,                         
                                           "Actual Total Time": 0.030,                           
                                           "Actual Rows": 7,                                     
                                           "Actual Loops": 1,                                    
                                           "Sort Key": ["kt.id"],                                
                                           "Sort Method": "quicksort",                           
                                           "Sort Space Used": 25,                                
                                           "Sort Space Type": "Memory",                          
                                           "Shared Hit Blocks": 1,                               
                                           "Shared Read Blocks": 0,                              
                                           "Shared Dirtied Blocks": 0,                           
                                           "Shared Written Blocks": 0,                           
                                           "Local Hit Blocks": 0,                                
                                           "Local Read Blocks": 0,                               
                                           "Local Dirtied Blocks": 0,                            
                                           "Local Written Blocks": 0,                            
                                           "Temp Read Blocks": 0,                                
                                           "Temp Written Blocks": 0,                             
                                           "Plans": [                                            
                                             {                                                   
                                               "Node Type": "Seq Scan",                          
                                               "Parent Relationship": "Outer",                   
                                               "Parallel Aware": false,                          
                                               "Relation Name": "kind_type",                     
                                               "Alias": "kt",                                    
                                               "Startup Cost": 0.00,                             
                                               "Total Cost": 0.03,                               
                                               "Plan Rows": 7,                                   
                                               "Plan Width": 14,                                 
                                               "Actual Startup Time": 0.016,                     
                                               "Actual Total Time": 0.018,                       
                                               "Actual Rows": 7,                                 
                                               "Actual Loops": 1,                                
                                               "Shared Hit Blocks": 1,                           
                                               "Shared Read Blocks": 0,                          
                                               "Shared Dirtied Blocks": 0,                       
                                               "Shared Written Blocks": 0,                       
                                               "Local Hit Blocks": 0,                            
                                               "Local Read Blocks": 0,                           
                                               "Local Dirtied Blocks": 0,                        
                                               "Local Written Blocks": 0,                        
                                               "Temp Read Blocks": 0,                            
                                               "Temp Written Blocks": 0                          
                                             }                                                   
                                           ]                                                     
                                         }                                                       
                                       ]                                                         
                                     }                                                           
                                   ]                                                             
                                 },                                                              
                                 {                                                               
                                   "Node Type": "Sort",                                          
                                   "Parent Relationship": "Inner",                               
                                   "Parallel Aware": false,                                      
                                   "Startup Cost": 60983.46,                                     
                                   "Total Cost": 62135.30,                                       
                                   "Plan Rows": 14835720,                                        
                                   "Plan Width": 8,                                              
                                   "Actual Startup Time": 11328.026,                             
                                   "Actual Total Time": 12151.293,                               
                                   "Actual Rows": 16026827,                                      
                                   "Actual Loops": 1,                                            
                                   "Sort Key": ["mi.movie_id"],                                  
                                   "Sort Method": "quicksort",                                   
                                   "Sort Space Used": 1088641,                                   
                                   "Sort Space Type": "Memory",                                  
                                   "Shared Hit Blocks": 2,                                       
                                   "Shared Read Blocks": 161890,                                 
                                   "Shared Dirtied Blocks": 0,                                   
                                   "Shared Written Blocks": 0,                                   
                                   "Local Hit Blocks": 0,                                        
                                   "Local Read Blocks": 0,                                       
                                   "Local Dirtied Blocks": 0,                                    
                                   "Local Written Blocks": 0,                                    
                                   "Temp Read Blocks": 0,                                        
                                   "Temp Written Blocks": 0,                                     
                                   "Plans": [                                                    
                                     {                                                           
                                       "Node Type": "Seq Scan",                                  
                                       "Parent Relationship": "Outer",                           
                                       "Parallel Aware": false,                                  
                                       "Relation Name": "movie_info",                            
                                       "Alias": "mi",                                            
                                       "Startup Cost": 0.00,                                     
                                       "Total Cost": 6103.84,                                    
                                       "Plan Rows": 14835720,                                    
                                       "Plan Width": 8,                                          
                                       "Actual Startup Time": 6.391,                             
                                       "Actual Total Time": 5556.536,                            
                                       "Actual Rows": 14835720,                                  
                                       "Actual Loops": 1,                                        
                                       "Shared Hit Blocks": 2,                                   
                                       "Shared Read Blocks": 161890,                             
                                       "Shared Dirtied Blocks": 0,                               
                                       "Shared Written Blocks": 0,                               
                                       "Local Hit Blocks": 0,                                    
                                       "Local Read Blocks": 0,                                   
                                       "Local Dirtied Blocks": 0,                                
                                       "Local Written Blocks": 0,                                
                                       "Temp Read Blocks": 0,                                    
                                       "Temp Written Blocks": 0                                  
                                     }                                                           
                                   ]                                                             
                                 }                                                               
                               ]                                                                 
                             }                                                                   
                           ]                                                                     
                         },                                                                      
                         {                                                                       
                           "Node Type": "Sort",                                                  
                           "Parent Relationship": "Inner",                                       
                           "Parallel Aware": false,                                              
                           "Startup Cost": 0.16,                                                 
                           "Total Cost": 0.17,                                                   
                           "Plan Rows": 113,                                                     
                           "Plan Width": 4,                                                      
                           "Actual Startup Time": 0.060,                                         
                           "Actual Total Time": 0.088,                                           
                           "Actual Rows": 110,                                                   
                           "Actual Loops": 1,                                                    
                           "Sort Key": ["it.id"],                                               
                           "Sort Method": "quicksort",                                           
                           "Sort Space Used": 30,                                                
                           "Sort Space Type": "Memory",                                          
                           "Shared Hit Blocks": 1,                                               
                           "Shared Read Blocks": 0,                                              
                           "Shared Dirtied Blocks": 0,                                           
                           "Shared Written Blocks": 0,                                           
                           "Local Hit Blocks": 0,                                                
                           "Local Read Blocks": 0,                                               
                           "Local Dirtied Blocks": 0,                                            
                           "Local Written Blocks": 0,                                            
                           "Temp Read Blocks": 0,                                                
                           "Temp Written Blocks": 0,                                             
                           "Plans": [                                                            
                             {                                                                   
                               "Node Type": "Seq Scan",                                          
                               "Parent Relationship": "Outer",                                   
                               "Parallel Aware": false,                                          
                               "Relation Name": "info_type",                                     
                               "Alias": "it",                                                   
                               "Startup Cost": 0.00,                                             
                               "Total Cost": 0.04,                                               
                               "Plan Rows": 113,                                                 
                               "Plan Width": 4,                                                  
                               "Actual Startup Time": 0.019,                                     
                               "Actual Total Time": 0.032,                                       
                               "Actual Rows": 113,                                               
                               "Actual Loops": 1,                                                
                               "Shared Hit Blocks": 1,                                           
                               "Shared Read Blocks": 0,                                          
                               "Shared Dirtied Blocks": 0,                                       
                               "Shared Written Blocks": 0,                                       
                               "Local Hit Blocks": 0,                                            
                               "Local Read Blocks": 0,                                           
                               "Local Dirtied Blocks": 0,                                        
                               "Local Written Blocks": 0,                                        
                               "Temp Read Blocks": 0,                                            
                               "Temp Written Blocks": 0                                          
                             }                                                                   
                           ]                                                                     
                         }                                                                       
                       ]                                                                         
                     }                                                                           
                   ]                                                                             
                 },                                                                              
                 {                                                                               
                   "Node Type": "Sort",                                                          
                   "Parent Relationship": "Inner",                                               
                   "Parallel Aware": false,                                                      
                   "Startup Cost": 28645.69,                                                     
                   "Total Cost": 28848.27,                                                       
                   "Plan Rows": 2609129,                                                         
                   "Plan Width": 4,                                                              
                   "Actual Startup Time": 4607.839,                                              
                   "Actual Total Time": 7574.070,                                                
                   "Actual Rows": 53946324,                                                      
                   "Actual Loops": 1,                                                            
                   "Sort Key": ["mc.movie_id"],                                                  
                   "Sort Method": "quicksort",                                                   
                   "Sort Space Used": 220607,                                                    
                   "Sort Space Type": "Memory",                                                  
                   "Shared Hit Blocks": 6,                                                       
                   "Shared Read Blocks": 21778,                                                  
                   "Shared Dirtied Blocks": 0,                                                   
                   "Shared Written Blocks": 0,                                                   
                   "Local Hit Blocks": 0,                                                        
                   "Local Read Blocks": 0,                                                       
                   "Local Dirtied Blocks": 0,                                                    
                   "Local Written Blocks": 0,                                                    
                   "Temp Read Blocks": 0,                                                        
                   "Temp Written Blocks": 0,                                                     
                   "Plans": [                                                                    
                     {                                                                           
                       "Node Type": "Merge Join",                                                
                       "Parent Relationship": "Outer",                                           
                       "Parallel Aware": false,                                                  
                       "Join Type": "Inner",                                                     
                       "Startup Cost": 19387.96,                                                 
                       "Total Cost": 20009.99,                                                   
                       "Plan Rows": 2609129,                                                     
                       "Plan Width": 4,                                                          
                       "Actual Startup Time": 2668.899,                                          
                       "Actual Total Time": 3613.137,                                            
                       "Actual Rows": 2609129,                                                   
                       "Actual Loops": 1,                                                        
                       "Inner Unique": true,                                                     
                       "Merge Cond": "(mc.company_id = cn.id)",                                  
                       "Shared Hit Blocks": 6,                                                   
                       "Shared Read Blocks": 21778,                                              
                       "Shared Dirtied Blocks": 0,                                               
                       "Shared Written Blocks": 0,                                               
                       "Local Hit Blocks": 0,                                                    
                       "Local Read Blocks": 0,                                                   
                       "Local Dirtied Blocks": 0,                                                
                       "Local Written Blocks": 0,                                                
                       "Temp Read Blocks": 0,                                                    
                       "Temp Written Blocks": 0,                                                 
                       "Plans": [                                                                
                         {                                                                       
                           "Node Type": "Sort",                                                  
                           "Parent Relationship": "Outer",                                       
                           "Parallel Aware": false,                                              
                           "Startup Cost": 18626.73,                                             
                           "Total Cost": 18829.30,                                               
                           "Plan Rows": 2609129,                                                 
                           "Plan Width": 8,                                                      
                           "Actual Startup Time": 2458.452,                                      
                           "Actual Total Time": 2788.415,                                        
                           "Actual Rows": 2609129,                                               
                           "Actual Loops": 1,                                                    
                           "Sort Key": ["mc.company_id"],                                        
                           "Sort Method": "quicksort",                                           
                           "Sort Space Used": 220607,                                            
                           "Sort Space Type": "Memory",                                          
                           "Shared Hit Blocks": 4,                                               
                           "Shared Read Blocks": 18786,                                          
                           "Shared Dirtied Blocks": 0,                                           
                           "Shared Written Blocks": 0,                                           
                           "Local Hit Blocks": 0,                                                
                           "Local Read Blocks": 0,                                               
                           "Local Dirtied Blocks": 0,                                            
                           "Local Written Blocks": 0,                                            
                           "Temp Read Blocks": 0,                                                
                           "Temp Written Blocks": 0,                                             
                           "Plans": [                                                            
                             {                                                                   
                               "Node Type": "Merge Join",                                        
                               "Parent Relationship": "Outer",                                   
                               "Parallel Aware": false,                                          
                               "Join Type": "Inner",                                             
                               "Startup Cost": 9405.49,                                          
                               "Total Cost": 9991.03,                                            
                               "Plan Rows": 2609129,                                             
                               "Plan Width": 8,                                                  
                               "Actual Startup Time": 1054.575,                                  
                               "Actual Total Time": 1636.615,                                    
                               "Actual Rows": 2609129,                                           
                               "Actual Loops": 1,                                                
                               "Inner Unique": false,                                            
                               "Merge Cond": "(ct.id = mc.company_type_id)",                     
                               "Shared Hit Blocks": 4,                                           
                               "Shared Read Blocks": 18786,                                      
                               "Shared Dirtied Blocks": 0,                                       
                               "Shared Written Blocks": 0,                                       
                               "Local Hit Blocks": 0,                                            
                               "Local Read Blocks": 0,                                           
                               "Local Dirtied Blocks": 0,                                        
                               "Local Written Blocks": 0,                                        
                               "Temp Read Blocks": 0,                                            
                               "Temp Written Blocks": 0,                                         
                               "Plans": [                                                        
                                 {                                                               
                                   "Node Type": "Sort",                                          
                                   "Parent Relationship": "Outer",                               
                                   "Parallel Aware": false,                                      
                                   "Startup Cost": 0.03,                                         
                                   "Total Cost": 0.03,                                           
                                   "Plan Rows": 4,                                               
                                   "Plan Width": 4,                                              
                                   "Actual Startup Time": 0.026,                                 
                                   "Actual Total Time": 0.028,                                   
                                   "Actual Rows": 3,                                             
                                   "Actual Loops": 1,                                            
                                   "Sort Key": ["ct.id"],                                        
                                   "Sort Method": "quicksort",                                   
                                   "Sort Space Used": 25,                                        
                                   "Sort Space Type": "Memory",                                  
                                   "Shared Hit Blocks": 1,                                       
                                   "Shared Read Blocks": 0,                                      
                                   "Shared Dirtied Blocks": 0,                                   
                                   "Shared Written Blocks": 0,                                   
                                   "Local Hit Blocks": 0,                                        
                                   "Local Read Blocks": 0,                                       
                                   "Local Dirtied Blocks": 0,                                    
                                   "Local Written Blocks": 0,                                    
                                   "Temp Read Blocks": 0,                                        
                                   "Temp Written Blocks": 0,                                     
                                   "Plans": [                                                    
                                     {                                                           
                                       "Node Type": "Seq Scan",                                  
                                       "Parent Relationship": "Outer",                           
                                       "Parallel Aware": false,                                  
                                       "Relation Name": "company_type",                          
                                       "Alias": "ct",                                            
                                       "Startup Cost": 0.00,                                     
                                       "Total Cost": 0.03,                                       
                                       "Plan Rows": 4,                                           
                                       "Plan Width": 4,                                          
                                       "Actual Startup Time": 0.021,                             
                                       "Actual Total Time": 0.022,                               
                                       "Actual Rows": 4,                                         
                                       "Actual Loops": 1,                                        
                                       "Shared Hit Blocks": 1,                                   
                                       "Shared Read Blocks": 0,                                  
                                       "Shared Dirtied Blocks": 0,                               
                                       "Shared Written Blocks": 0,                               
                                       "Local Hit Blocks": 0,                                    
                                       "Local Read Blocks": 0,                                   
                                       "Local Dirtied Blocks": 0,                                
                                       "Local Written Blocks": 0,                                
                                       "Temp Read Blocks": 0,                                    
                                       "Temp Written Blocks": 0                                  
                                     }                                                           
                                   ]                                                             
                                 },                                                              
                                 {                                                               
                                   "Node Type": "Sort",                                          
                                   "Parent Relationship": "Inner",                               
                                   "Parallel Aware": false,                                      
                                   "Startup Cost": 9405.45,                                      
                                   "Total Cost": 9608.03,                                        
                                   "Plan Rows": 2609129,                                         
                                   "Plan Width": 12,                                             
                                   "Actual Startup Time": 1054.542,                              
                                   "Actual Total Time": 1174.081,                                
                                   "Actual Rows": 2609129,                                       
                                   "Actual Loops": 1,                                            
                                   "Sort Key": ["mc.company_type_id"],                           
                                   "Sort Method": "quicksort",                                   
                                   "Sort Space Used": 220607,                                    
                                   "Sort Space Type": "Memory",                                  
                                   "Shared Hit Blocks": 3,                                       
                                   "Shared Read Blocks": 18786,                                  
                                   "Shared Dirtied Blocks": 0,                                   
                                   "Shared Written Blocks": 0,                                   
                                   "Local Hit Blocks": 0,                                        
                                   "Local Read Blocks": 0,                                       
                                   "Local Dirtied Blocks": 0,                                    
                                   "Local Written Blocks": 0,                                    
                                   "Temp Read Blocks": 0,                                        
                                   "Temp Written Blocks": 0,                                     
                                   "Plans": [                                                    
                                     {                                                           
                                       "Node Type": "Seq Scan",                                  
                                       "Parent Relationship": "Outer",                           
                                       "Parallel Aware": false,                                  
                                       "Relation Name": "movie_companies",                       
                                       "Alias": "mc",                                            
                                       "Startup Cost": 0.00,                                     
                                       "Total Cost": 769.75,                                     
                                       "Plan Rows": 2609129,                                     
                                       "Plan Width": 12,                                         
                                       "Actual Startup Time": 0.007,                             
                                       "Actual Total Time": 544.555,                             
                                       "Actual Rows": 2609129,                                   
                                       "Actual Loops": 1,                                        
                                       "Shared Hit Blocks": 3,                                   
                                       "Shared Read Blocks": 18786,                              
                                       "Shared Dirtied Blocks": 0,                               
                                       "Shared Written Blocks": 0,                               
                                       "Local Hit Blocks": 0,                                    
                                       "Local Read Blocks": 0,                                   
                                       "Local Dirtied Blocks": 0,                                
                                       "Local Written Blocks": 0,                                
                                       "Temp Read Blocks": 0,                                    
                                       "Temp Written Blocks": 0                                  
                                     }                                                           
                                   ]                                                             
                                 }                                                               
                               ]                                                                 
                             }                                                                   
                           ]                                                                     
                         },                                                                      
                         {                                                                       
                           "Node Type": "Sort",                                                  
                           "Parent Relationship": "Inner",                                       
                           "Parallel Aware": false,                                              
                           "Startup Cost": 761.23,                                               
                           "Total Cost": 779.47,                                                 
                           "Plan Rows": 234997,                                                  
                           "Plan Width": 4,                                                      
                           "Actual Startup Time": 210.439,                                       
                           "Actual Total Time": 244.722,                                         
                           "Actual Rows": 234997,                                                
                           "Actual Loops": 1,                                                    
                           "Sort Key": ["cn.id"],                                                
                           "Sort Method": "quicksort",                                           
                           "Sort Space Used": 17160,                                             
                           "Sort Space Type": "Memory",                                          
                           "Shared Hit Blocks": 2,                                               
                           "Shared Read Blocks": 2992,                                           
                           "Shared Dirtied Blocks": 0,                                           
                           "Shared Written Blocks": 0,                                           
                           "Local Hit Blocks": 0,                                                
                           "Local Read Blocks": 0,                                               
                           "Local Dirtied Blocks": 0,                                            
                           "Local Written Blocks": 0,                                            
                           "Temp Read Blocks": 0,                                                
                           "Temp Written Blocks": 0,                                             
                           "Plans": [                                                            
                             {                                                                   
                               "Node Type": "Seq Scan",                                          
                               "Parent Relationship": "Outer",                                   
                               "Parallel Aware": false,                                          
                               "Relation Name": "company_name",                                  
                               "Alias": "cn",                                                    
                               "Startup Cost": 0.00,                                             
                               "Total Cost": 110.16,                                             
                               "Plan Rows": 234997,                                              
                               "Plan Width": 4,                                                  
                               "Actual Startup Time": 14.067,                                    
                               "Actual Total Time": 99.743,                                      
                               "Actual Rows": 234997,                                            
                               "Actual Loops": 1,                                                
                               "Shared Hit Blocks": 2,                                           
                               "Shared Read Blocks": 2992,                                       
                               "Shared Dirtied Blocks": 0,                                       
                               "Shared Written Blocks": 0,                                       
                               "Local Hit Blocks": 0,                                            
                               "Local Read Blocks": 0,                                           
                               "Local Dirtied Blocks": 0,                                        
                               "Local Written Blocks": 0,                                        
                               "Temp Read Blocks": 0,                                            
                               "Temp Written Blocks": 0                                          
                             }                                                                   
                           ]                                                                     
                         }                                                                       
                       ]                                                                         
                     }                                                                           
                   ]                                                                             
                 }                                                                               
               ]                                                                                 
             },                                                                                  
             {                                                                                   
               "Node Type": "Sort",                                                              
               "Parent Relationship": "Inner",                                                   
               "Parallel Aware": false,                                                          
               "Startup Cost": 33572.02,                                                         
               "Total Cost": 33923.26,                                                           
               "Plan Rows": 4523930,                                                             
               "Plan Width": 4,                                                                  
               "Actual Startup Time": 5504.634,                                                  
               "Actual Total Time": 257679.801,                                                  
               "Actual Rows": 5530127773,                                                        
               "Actual Loops": 1,                                                                
               "Sort Key": ["mk.movie_id"],                                                      
               "Sort Method": "quicksort",                                                       
               "Sort Space Used": 408668,                                                        
               "Sort Space Type": "Memory",                                                      
               "Shared Hit Blocks": 5,                                                           
               "Shared Read Blocks": 25398,                                                      
               "Shared Dirtied Blocks": 0,                                                       
               "Shared Written Blocks": 0,                                                       
               "Local Hit Blocks": 0,                                                            
               "Local Read Blocks": 0,                                                           
               "Local Dirtied Blocks": 0,                                                        
               "Local Written Blocks": 0,                                                        
               "Temp Read Blocks": 0,                                                            
               "Temp Written Blocks": 0,                                                         
               "Plans": [                                                                        
                 {                                                                               
                   "Node Type": "Merge Join",                                                    
                   "Parent Relationship": "Outer",                                               
                   "Parallel Aware": false,                                                      
                   "Join Type": "Inner",                                                         
                   "Startup Cost": 17004.84,                                                     
                   "Total Cost": 18040.94,                                                       
                   "Plan Rows": 4523930,                                                         
                   "Plan Width": 4,                                                              
                   "Actual Startup Time": 2322.895,                                              
                   "Actual Total Time": 3910.633,                                                
                   "Actual Rows": 4523930,                                                       
                   "Actual Loops": 1,                                                            
                   "Inner Unique": false,                                                        
                   "Merge Cond": "(k.id = mk.keyword_id)",                                       
                   "Shared Hit Blocks": 5,                                                       
                   "Shared Read Blocks": 25398,                                                  
                   "Shared Dirtied Blocks": 0,                                                   
                   "Shared Written Blocks": 0,                                                   
                   "Local Hit Blocks": 0,                                                        
                   "Local Read Blocks": 0,                                                       
                   "Local Dirtied Blocks": 0,                                                    
                   "Local Written Blocks": 0,                                                    
                   "Temp Read Blocks": 0,                                                        
                   "Temp Written Blocks": 0,                                                     
                   "Plans": [                                                                    
                     {                                                                           
                       "Node Type": "Sort",                                                      
                       "Parent Relationship": "Outer",                                           
                       "Parallel Aware": false,                                                  
                       "Startup Cost": 393.92,                                                   
                       "Total Cost": 404.34,                                                     
                       "Plan Rows": 134170,                                                      
                       "Plan Width": 4,                                                          
                       "Actual Startup Time": 116.363,                                           
                       "Actual Total Time": 135.369,                                             
                       "Actual Rows": 134170,                                                    
                       "Actual Loops": 1,                                                        
                       "Sort Key": ["k.id"],                                                     
                       "Sort Method": "quicksort",                                               
                       "Sort Space Used": 12434,                                                 
                       "Sort Space Type": "Memory",                                              
                       "Shared Hit Blocks": 2,                                                   
                       "Shared Read Blocks": 947,                                                
                       "Shared Dirtied Blocks": 0,                                               
                       "Shared Written Blocks": 0,                                               
                       "Local Hit Blocks": 0,                                                    
                       "Local Read Blocks": 0,                                                   
                       "Local Dirtied Blocks": 0,                                                
                       "Local Written Blocks": 0,                                                
                       "Temp Read Blocks": 0,                                                    
                       "Temp Written Blocks": 0,                                                 
                       "Plans": [                                                                
                         {                                                                       
                           "Node Type": "Seq Scan",                                              
                           "Parent Relationship": "Outer",                                       
                           "Parallel Aware": false,                                              
                           "Relation Name": "keyword",                                           
                           "Alias": "k",                                                         
                           "Startup Cost": 0.00,                                                 
                           "Total Cost": 39.04,                                                  
                           "Plan Rows": 134170,                                                  
                           "Plan Width": 4,                                                      
                           "Actual Startup Time": 21.086,                                        
                           "Actual Total Time": 55.193,                                          
                           "Actual Rows": 134170,                                                
                           "Actual Loops": 1,                                                    
                           "Shared Hit Blocks": 2,                                               
                           "Shared Read Blocks": 947,                                            
                           "Shared Dirtied Blocks": 0,                                           
                           "Shared Written Blocks": 0,                                           
                           "Local Hit Blocks": 0,                                                
                           "Local Read Blocks": 0,                                               
                           "Local Dirtied Blocks": 0,                                            
                           "Local Written Blocks": 0,                                            
                           "Temp Read Blocks": 0,                                                
                           "Temp Written Blocks": 0                                              
                         }                                                                       
                       ]                                                                         
                     },                                                                          
                     {                                                                           
                       "Node Type": "Sort",                                                      
                       "Parent Relationship": "Inner",                                           
                       "Parallel Aware": false,                                                  
                       "Startup Cost": 16610.92,                                                 
                       "Total Cost": 16962.16,                                                   
                       "Plan Rows": 4523930,                                                     
                       "Plan Width": 8,                                                          
                       "Actual Startup Time": 2206.523,                                          
                       "Actual Total Time": 2909.161,                                            
                       "Actual Rows": 4523930,                                                   
                       "Actual Loops": 1,                                                        
                       "Sort Key": ["mk.keyword_id"],                                            
                       "Sort Method": "quicksort",                                               
                       "Sort Space Used": 408668,                                                
                       "Sort Space Type": "Memory",                                              
                       "Shared Hit Blocks": 3,                                                   
                       "Shared Read Blocks": 24451,                                              
                       "Shared Dirtied Blocks": 0,                                               
                       "Shared Written Blocks": 0,                                               
                       "Local Hit Blocks": 0,                                                    
                       "Local Read Blocks": 0,                                                   
                       "Local Dirtied Blocks": 0,                                                
                       "Local Written Blocks": 0,                                                
                       "Temp Read Blocks": 0,                                                    
                       "Temp Written Blocks": 0,                                                 
                       "Plans": [                                                                
                         {                                                                       
                           "Node Type": "Seq Scan",                                              
                           "Parent Relationship": "Outer",                                       
                           "Parallel Aware": false,                                              
                           "Relation Name": "movie_keyword",                                     
                           "Alias": "mk",                                                        
                           "Startup Cost": 0.00,                                                 
                           "Total Cost": 1079.84,                                                
                           "Plan Rows": 4523930,                                                 
                           "Plan Width": 8,                                                      
                           "Actual Startup Time": 0.013,                                         
                           "Actual Total Time": 774.608,                                         
                           "Actual Rows": 4523930,                                               
                           "Actual Loops": 1,                                                    
                           "Shared Hit Blocks": 3,                                               
                           "Shared Read Blocks": 24451,                                          
                           "Shared Dirtied Blocks": 0,                                           
                           "Shared Written Blocks": 0,                                           
                           "Local Hit Blocks": 0,                                                
                           "Local Read Blocks": 0,                                               
                           "Local Dirtied Blocks": 0,                                            
                           "Local Written Blocks": 0,                                            
                           "Temp Read Blocks": 0,                                                
                           "Temp Written Blocks": 0                                              
                         }                                                                       
                       ]                                                                         
                     }                                                                           
                   ]                                                                             
                 }                                                                               
               ]                                                                                 
             }                                                                                   
           ]                                                                                     
         }                                                                                       
       ]                                                                                         
     },                                                                                          
     "Planning Time": 9419.536,                                                                  
     "Triggers": [                                                                               
     ],                                                                                          
     "Execution Time": 2291112.438                                                               
