 [                                                                                                                                   
   {                                                                                                                                 
     "Plan": {                                                                                                                       
       "Node Type": "Aggregate",                                                                                                     
       "Strategy": "Plain",                                                                                                          
       "Partial Mode": "Simple",                                                                                                     
       "Parallel Aware": false,                                                                                                      
       "Startup Cost": 618.83,                                                                                                       
       "Total Cost": 618.83,                                                                                                         
       "Plan Rows": 1,                                                                                                               
       "Plan Width": 96,                                                                                                             
       "Actual Startup Time": 2275.594,                                                                                              
       "Actual Total Time": 2275.595,                                                                                                
       "Actual Rows": 1,                                                                                                             
       "Actual Loops": 1,                                                                                                            
       "Shared Hit Blocks": 26625,                                                                                                   
       "Shared Read Blocks": 5773,                                                                                                   
       "Shared Dirtied Blocks": 0,                                                                                                   
       "Shared Written Blocks": 0,                                                                                                   
       "Local Hit Blocks": 0,                                                                                                        
       "Local Read Blocks": 0,                                                                                                       
       "Local Dirtied Blocks": 0,                                                                                                    
       "Local Written Blocks": 0,                                                                                                    
       "Temp Read Blocks": 0,                                                                                                        
       "Temp Written Blocks": 0,                                                                                                     
       "Plans": [                                                                                                                    
         {                                                                                                                           
           "Node Type": "Nested Loop",                                                                                               
           "Parent Relationship": "Outer",                                                                                           
           "Parallel Aware": false,                                                                                                  
           "Join Type": "Inner",                                                                                                     
           "Startup Cost": 0.08,                                                                                                     
           "Total Cost": 618.83,                                                                                                     
           "Plan Rows": 1,                                                                                                           
           "Plan Width": 48,                                                                                                         
           "Actual Startup Time": 836.237,                                                                                           
           "Actual Total Time": 2275.529,                                                                                            
           "Actual Rows": 14,                                                                                                        
           "Actual Loops": 1,                                                                                                        
           "Inner Unique": true,                                                                                                     
           "Join Filter": "(ml.link_type_id = lt.id)",                                                                               
           "Rows Removed by Join Filter": 24,                                                                                        
           "Shared Hit Blocks": 26625,                                                                                               
           "Shared Read Blocks": 5773,                                                                                               
           "Shared Dirtied Blocks": 0,                                                                                               
           "Shared Written Blocks": 0,                                                                                               
           "Local Hit Blocks": 0,                                                                                                    
           "Local Read Blocks": 0,                                                                                                   
           "Local Dirtied Blocks": 0,                                                                                                
           "Local Written Blocks": 0,                                                                                                
           "Temp Read Blocks": 0,                                                                                                    
           "Temp Written Blocks": 0,                                                                                                 
           "Plans": [                                                                                                                
             {                                                                                                                       
               "Node Type": "Nested Loop",                                                                                           
               "Parent Relationship": "Outer",                                                                                       
               "Parallel Aware": false,                                                                                              
               "Join Type": "Inner",                                                                                                 
               "Startup Cost": 0.08,                                                                                                 
               "Total Cost": 618.80,                                                                                                 
               "Plan Rows": 1,                                                                                                       
               "Plan Width": 40,                                                                                                     
               "Actual Startup Time": 817.455,                                                                                       
               "Actual Total Time": 2275.341,                                                                                        
               "Actual Rows": 38,                                                                                                    
               "Actual Loops": 1,                                                                                                    
               "Inner Unique": true,                                                                                                 
               "Shared Hit Blocks": 26625,                                                                                           
               "Shared Read Blocks": 5772,                                                                                           
               "Shared Dirtied Blocks": 0,                                                                                           
               "Shared Written Blocks": 0,                                                                                           
               "Local Hit Blocks": 0,                                                                                                
               "Local Read Blocks": 0,                                                                                               
               "Local Dirtied Blocks": 0,                                                                                            
               "Local Written Blocks": 0,                                                                                            
               "Temp Read Blocks": 0,                                                                                                
               "Temp Written Blocks": 0,                                                                                             
               "Plans": [                                                                                                            
                 {                                                                                                                   
                   "Node Type": "Nested Loop",                                                                                       
                   "Parent Relationship": "Outer",                                                                                   
                   "Parallel Aware": false,                                                                                          
                   "Join Type": "Inner",                                                                                             
                   "Startup Cost": 0.06,                                                                                             
                   "Total Cost": 618.69,                                                                                             
                   "Plan Rows": 1,                                                                                                   
                   "Plan Width": 25,                                                                                                 
                   "Actual Startup Time": 764.826,                                                                                   
                   "Actual Total Time": 2204.284,                                                                                    
                   "Actual Rows": 57,                                                                                                
                   "Actual Loops": 1,                                                                                                
                   "Inner Unique": true,                                                                                             
                   "Join Filter": "(ml.movie_id = t.id)",                                                                            
                   "Rows Removed by Join Filter": 0,                                                                                 
                   "Shared Hit Blocks": 26404,                                                                                       
                   "Shared Read Blocks": 5765,                                                                                       
                   "Shared Dirtied Blocks": 0,                                                                                       
                   "Shared Written Blocks": 0,                                                                                       
                   "Local Hit Blocks": 0,                                                                                            
                   "Local Read Blocks": 0,                                                                                           
                   "Local Dirtied Blocks": 0,                                                                                        
                   "Local Written Blocks": 0,                                                                                        
                   "Temp Read Blocks": 0,                                                                                            
                   "Temp Written Blocks": 0,                                                                                         
                   "Plans": [                                                                                                        
                     {                                                                                                               
                       "Node Type": "Nested Loop",                                                                                   
                       "Parent Relationship": "Outer",                                                                               
                       "Parallel Aware": false,                                                                                      
                       "Join Type": "Inner",                                                                                         
                       "Startup Cost": 0.05,                                                                                         
                       "Total Cost": 618.60,                                                                                         
                       "Plan Rows": 2,                                                                                               
                       "Plan Width": 20,                                                                                             
                       "Actual Startup Time": 140.738,                                                                               
                       "Actual Total Time": 1762.530,                                                                                
                       "Actual Rows": 1052,                                                                                          
                       "Actual Loops": 1,                                                                                            
                       "Inner Unique": true,                                                                                         
                       "Join Filter": "(mc.company_type_id = ct.id)",                                                                
                       "Rows Removed by Join Filter": 121,                                                                           
                       "Shared Hit Blocks": 22247,                                                                                   
                       "Shared Read Blocks": 5714,                                                                                   
                       "Shared Dirtied Blocks": 0,                                                                                   
                       "Shared Written Blocks": 0,                                                                                   
                       "Local Hit Blocks": 0,                                                                                        
                       "Local Read Blocks": 0,                                                                                       
                       "Local Dirtied Blocks": 0,                                                                                    
                       "Local Written Blocks": 0,                                                                                    
                       "Temp Read Blocks": 0,                                                                                        
                       "Temp Written Blocks": 0,                                                                                     
                       "Plans": [                                                                                                    
                         {                                                                                                           
                           "Node Type": "Nested Loop",                                                                               
                           "Parent Relationship": "Outer",                                                                           
                           "Parallel Aware": false,                                                                                  
                           "Join Type": "Inner",                                                                                     
                           "Startup Cost": 0.05,                                                                                     
                           "Total Cost": 618.57,                                                                                     
                           "Plan Rows": 6,                                                                                           
                           "Plan Width": 24,                                                                                         
                           "Actual Startup Time": 140.592,                                                                           
                           "Actual Total Time": 1760.999,                                                                            
                           "Actual Rows": 1173,                                                                                      
                           "Actual Loops": 1,                                                                                        
                           "Inner Unique": false,                                                                                    
                           "Join Filter": "(ml.movie_id = mc.movie_id)",                                                             
                           "Rows Removed by Join Filter": 0,                                                                         
                           "Shared Hit Blocks": 22247,                                                                               
                           "Shared Read Blocks": 5713,                                                                               
                           "Shared Dirtied Blocks": 0,                                                                               
                           "Shared Written Blocks": 0,                                                                               
                           "Local Hit Blocks": 0,                                                                                    
                           "Local Read Blocks": 0,                                                                                   
                           "Local Dirtied Blocks": 0,                                                                                
                           "Local Written Blocks": 0,                                                                                
                           "Temp Read Blocks": 0,                                                                                    
                           "Temp Written Blocks": 0,                                                                                 
                           "Plans": [                                                                                                
                             {                                                                                                       
                               "Node Type": "Nested Loop",                                                                           
                               "Parent Relationship": "Outer",                                                                       
                               "Parallel Aware": false,                                                                              
                               "Join Type": "Inner",                                                                                 
                               "Startup Cost": 0.04,                                                                                 
                               "Total Cost": 618.50,                                                                                 
                               "Plan Rows": 2,                                                                                       
                               "Plan Width": 12,                                                                                     
                               "Actual Startup Time": 100.784,                                                                       
                               "Actual Total Time": 1560.529,                                                                        
                               "Actual Rows": 251,                                                                                   
                               "Actual Loops": 1,                                                                                    
                               "Inner Unique": false,                                                                                
                               "Shared Hit Blocks": 21080,                                                                           
                               "Shared Read Blocks": 5650,                                                                           
                               "Shared Dirtied Blocks": 0,                                                                           
                               "Shared Written Blocks": 0,                                                                           
                               "Local Hit Blocks": 0,                                                                                
                               "Local Read Blocks": 0,                                                                               
                               "Local Dirtied Blocks": 0,                                                                            
                               "Local Written Blocks": 0,                                                                            
                               "Temp Read Blocks": 0,                                                                                
                               "Temp Written Blocks": 0,                                                                             
                               "Plans": [                                                                                            
                                 {                                                                                                   
                                   "Node Type": "Nested Loop",                                                                       
                                   "Parent Relationship": "Outer",                                                                   
                                   "Parallel Aware": false,                                                                          
                                   "Join Type": "Inner",                                                                             
                                   "Startup Cost": 0.03,                                                                             
                                   "Total Cost": 618.15,                                                                             
                                   "Plan Rows": 34,                                                                                  
                                   "Plan Width": 4,                                                                                  
                                   "Actual Startup Time": 76.007,                                                                    
                                   "Actual Total Time": 1423.324,                                                                    
                                   "Actual Rows": 10544,                                                                             
                                   "Actual Loops": 1,                                                                                
                                   "Inner Unique": false,                                                                            
                                   "Shared Hit Blocks": 0,                                                                           
                                   "Shared Read Blocks": 5606,                                                                       
                                   "Shared Dirtied Blocks": 0,                                                                       
                                   "Shared Written Blocks": 0,                                                                       
                                   "Local Hit Blocks": 0,                                                                            
                                   "Local Read Blocks": 0,                                                                           
                                   "Local Dirtied Blocks": 0,                                                                        
                                   "Local Written Blocks": 0,                                                                        
                                   "Temp Read Blocks": 0,                                                                            
                                   "Temp Written Blocks": 0,                                                                         
                                   "Plans": [                                                                                        
                                     {                                                                                               
                                       "Node Type": "Index Scan",                                                                    
                                       "Parent Relationship": "Outer",                                                               
                                       "Parallel Aware": false,                                                                      
                                       "Scan Direction": "Forward",                                                                  
                                       "Index Name": "keyword_idx_keyword",                                                          
                                       "Relation Name": "keyword",                                                                   
                                       "Alias": "k",                                                                                 
                                       "Startup Cost": 0.01,                                                                         
                                       "Total Cost": 6.13,                                                                           
                                       "Plan Rows": 1,                                                                               
                                       "Plan Width": 4,                                                                              
                                       "Actual Startup Time": 31.631,                                                                
                                       "Actual Total Time": 31.633,                                                                  
                                       "Actual Rows": 1,                                                                             
                                       "Actual Loops": 1,                                                                            
                                       "Index Cond": "(keyword = 'sequel'::text)",                                                   
                                       "Rows Removed by Index Recheck": 0,                                                           
                                       "Shared Hit Blocks": 0,                                                                       
                                       "Shared Read Blocks": 4,                                                                      
                                       "Shared Dirtied Blocks": 0,                                                                   
                                       "Shared Written Blocks": 0,                                                                   
                                       "Local Hit Blocks": 0,                                                                        
                                       "Local Read Blocks": 0,                                                                       
                                       "Local Dirtied Blocks": 0,                                                                    
                                       "Local Written Blocks": 0,                                                                    
                                       "Temp Read Blocks": 0,                                                                        
                                       "Temp Written Blocks": 0                                                                      
                                     },                                                                                              
                                     {                                                                                               
                                       "Node Type": "Index Scan",                                                                    
                                       "Parent Relationship": "Inner",                                                               
                                       "Parallel Aware": false,                                                                      
                                       "Scan Direction": "Forward",                                                                  
                                       "Index Name": "keyword_id_movie_keyword",                                                     
                                       "Relation Name": "movie_keyword",                                                             
                                       "Alias": "mk",                                                                                
                                       "Startup Cost": 0.01,                                                                         
                                       "Total Cost": 122.40,                                                                         
                                       "Plan Rows": 39,                                                                              
                                       "Plan Width": 8,                                                                              
                                       "Actual Startup Time": 44.353,                                                                
                                       "Actual Total Time": 1385.980,                                                                
                                       "Actual Rows": 10544,                                                                         
                                       "Actual Loops": 1,                                                                            
                                       "Index Cond": "(keyword_id = k.id)",                                                          
                                       "Rows Removed by Index Recheck": 0,                                                           
                                       "Shared Hit Blocks": 0,                                                                       
                                       "Shared Read Blocks": 5602,                                                                   
                                       "Shared Dirtied Blocks": 0,                                                                   
                                       "Shared Written Blocks": 0,                                                                   
                                       "Local Hit Blocks": 0,                                                                        
                                       "Local Read Blocks": 0,                                                                       
                                       "Local Dirtied Blocks": 0,                                                                    
                                       "Local Written Blocks": 0,                                                                    
                                       "Temp Read Blocks": 0,                                                                        
                                       "Temp Written Blocks": 0                                                                      
                                     }                                                                                               
                                   ]                                                                                                 
                                 },                                                                                                  
                                 {                                                                                                   
                                   "Node Type": "Index Scan",                                                                        
                                   "Parent Relationship": "Inner",                                                                   
                                   "Parallel Aware": false,                                                                          
                                   "Scan Direction": "Forward",                                                                      
                                   "Index Name": "movie_id_movie_link",                                                              
                                   "Relation Name": "movie_link",                                                                    
                                   "Alias": "ml",                                                                                    
                                   "Startup Cost": 0.01,                                                                             
                                   "Total Cost": 0.01,                                                                               
                                   "Plan Rows": 5,                                                                                   
                                   "Plan Width": 8,                                                                                  
                                   "Actual Startup Time": 0.012,                                                                     
                                   "Actual Total Time": 0.012,                                                                       
                                   "Actual Rows": 0,                                                                                 
                                   "Actual Loops": 10544,                                                                            
                                   "Index Cond": "(movie_id = mk.movie_id)",                                                         
                                   "Rows Removed by Index Recheck": 0,                                                               
                                   "Shared Hit Blocks": 21080,                                                                       
                                   "Shared Read Blocks": 44,                                                                         
                                   "Shared Dirtied Blocks": 0,                                                                       
                                   "Shared Written Blocks": 0,                                                                       
                                   "Local Hit Blocks": 0,                                                                            
                                   "Local Read Blocks": 0,                                                                           
                                   "Local Dirtied Blocks": 0,                                                                        
                                   "Local Written Blocks": 0,                                                                        
                                   "Temp Read Blocks": 0,                                                                            
                                   "Temp Written Blocks": 0                                                                          
                                 }                                                                                                   
                               ]                                                                                                     
                             },                                                                                                      
                             {                                                                                                       
                               "Node Type": "Index Scan",                                                                            
                               "Parent Relationship": "Inner",                                                                       
                               "Parallel Aware": false,                                                                              
                               "Scan Direction": "Forward",                                                                          
                               "Index Name": "movie_id_movie_companies",                                                             
                               "Relation Name": "movie_companies",                                                                   
                               "Alias": "mc",                                                                                        
                               "Startup Cost": 0.01,                                                                                 
                               "Total Cost": 0.03,                                                                                   
                               "Plan Rows": 1,                                                                                       
                               "Plan Width": 12,                                                                                     
                               "Actual Startup Time": 0.776,                                                                         
                               "Actual Total Time": 0.794,                                                                           
                               "Actual Rows": 5,                                                                                     
                               "Actual Loops": 251,                                                                                  
                               "Index Cond": "(movie_id = mk.movie_id)",                                                             
                               "Rows Removed by Index Recheck": 0,                                                                   
                               "Filter": "(note IS NULL)",                                                                           
                               "Rows Removed by Filter": 2,                                                                          
                               "Shared Hit Blocks": 1167,                                                                            
                               "Shared Read Blocks": 63,                                                                             
                               "Shared Dirtied Blocks": 0,                                                                           
                               "Shared Written Blocks": 0,                                                                           
                               "Local Hit Blocks": 0,                                                                                
                               "Local Read Blocks": 0,                                                                               
                               "Local Dirtied Blocks": 0,                                                                            
                               "Local Written Blocks": 0,                                                                            
                               "Temp Read Blocks": 0,                                                                                
                               "Temp Written Blocks": 0                                                                              
                             }                                                                                                       
                           ]                                                                                                         
                         },                                                                                                          
                         {                                                                                                           
                           "Node Type": "Materialize",                                                                               
                           "Parent Relationship": "Inner",                                                                           
                           "Parallel Aware": false,                                                                                  
                           "Startup Cost": 0.00,                                                                                     
                           "Total Cost": 0.03,                                                                                       
                           "Plan Rows": 1,                                                                                           
                           "Plan Width": 4,                                                                                          
                           "Actual Startup Time": 0.000,                                                                             
                           "Actual Total Time": 0.000,                                                                               
                           "Actual Rows": 1,                                                                                         
                           "Actual Loops": 1173,                                                                                     
                           "Shared Hit Blocks": 0,                                                                                   
                           "Shared Read Blocks": 1,                                                                                  
                           "Shared Dirtied Blocks": 0,                                                                               
                           "Shared Written Blocks": 0,                                                                               
                           "Local Hit Blocks": 0,                                                                                    
                           "Local Read Blocks": 0,                                                                                   
                           "Local Dirtied Blocks": 0,                                                                                
                           "Local Written Blocks": 0,                                                                                
                           "Temp Read Blocks": 0,                                                                                    
                           "Temp Written Blocks": 0,                                                                                 
                           "Plans": [                                                                                                
                             {                                                                                                       
                               "Node Type": "Seq Scan",                                                                              
                               "Parent Relationship": "Outer",                                                                       
                               "Parallel Aware": false,                                                                              
                               "Relation Name": "company_type",                                                                      
                               "Alias": "ct",                                                                                        
                               "Startup Cost": 0.00,                                                                                 
                               "Total Cost": 0.03,                                                                                   
                               "Plan Rows": 1,                                                                                       
                               "Plan Width": 4,                                                                                      
                               "Actual Startup Time": 0.128,                                                                         
                               "Actual Total Time": 0.134,                                                                           
                               "Actual Rows": 1,                                                                                     
                               "Actual Loops": 1,                                                                                    
                               "Filter": "((kind)::text = 'production companies'::text)",                                            
                               "Rows Removed by Filter": 3,                                                                          
                               "Shared Hit Blocks": 0,                                                                               
                               "Shared Read Blocks": 1,                                                                              
                               "Shared Dirtied Blocks": 0,                                                                           
                               "Shared Written Blocks": 0,                                                                           
                               "Local Hit Blocks": 0,                                                                                
                               "Local Read Blocks": 0,                                                                               
                               "Local Dirtied Blocks": 0,                                                                            
                               "Local Written Blocks": 0,                                                                            
                               "Temp Read Blocks": 0,                                                                                
                               "Temp Written Blocks": 0                                                                              
                             }                                                                                                       
                           ]                                                                                                         
                         }                                                                                                           
                       ]                                                                                                             
                     },                                                                                                              
                     {                                                                                                               
                       "Node Type": "Index Scan",                                                                                    
                       "Parent Relationship": "Inner",                                                                               
                       "Parallel Aware": false,                                                                                      
                       "Scan Direction": "Forward",                                                                                  
                       "Index Name": "title_idx_id",                                                                                 
                       "Relation Name": "title",                                                                                     
                       "Alias": "t",                                                                                                 
                       "Startup Cost": 0.01,                                                                                         
                       "Total Cost": 0.04,                                                                                           
                       "Plan Rows": 1,                                                                                               
                       "Plan Width": 21,                                                                                             
                       "Actual Startup Time": 0.419,                                                                                 
                       "Actual Total Time": 0.419,                                                                                   
                       "Actual Rows": 0,                                                                                             
                       "Actual Loops": 1052,                                                                                         
                       "Index Cond": "(id = mk.movie_id)",                                                                           
                       "Rows Removed by Index Recheck": 0,                                                                           
                       "Filter": "((title ~~ '%Money%'::text) AND (production_year = 1998))",                                        
                       "Rows Removed by Filter": 1,                                                                                  
                       "Shared Hit Blocks": 4157,                                                                                    
                       "Shared Read Blocks": 51,                                                                                     
                       "Shared Dirtied Blocks": 0,                                                                                   
                       "Shared Written Blocks": 0,                                                                                   
                       "Local Hit Blocks": 0,                                                                                        
                       "Local Read Blocks": 0,                                                                                       
                       "Local Dirtied Blocks": 0,                                                                                    
                       "Local Written Blocks": 0,                                                                                    
                       "Temp Read Blocks": 0,                                                                                        
                       "Temp Written Blocks": 0                                                                                      
                     }                                                                                                               
                   ]                                                                                                                 
                 },                                                                                                                  
                 {                                                                                                                   
                   "Node Type": "Index Scan",                                                                                        
                   "Parent Relationship": "Inner",                                                                                   
                   "Parallel Aware": false,                                                                                          
                   "Scan Direction": "Forward",                                                                                      
                   "Index Name": "company_name_pkey",                                                                                
                   "Relation Name": "company_name",                                                                                  
                   "Alias": "cn",                                                                                                    
                   "Startup Cost": 0.01,                                                                                             
                   "Total Cost": 0.02,                                                                                               
                   "Plan Rows": 1,                                                                                                   
                   "Plan Width": 23,                                                                                                 
                   "Actual Startup Time": 1.246,                                                                                     
                   "Actual Total Time": 1.246,                                                                                       
                   "Actual Rows": 1,                                                                                                 
                   "Actual Loops": 57,                                                                                               
                   "Index Cond": "(id = mc.company_id)",                                                                             
                   "Rows Removed by Index Recheck": 0,                                                                               
                   "Filter": "(((country_code)::text <> '[pl]'::text) AND ((name ~~ '%Film%'::text) OR (name ~~ '%Warner%'::text)))",
                   "Rows Removed by Filter": 0,                                                                                      
                   "Shared Hit Blocks": 221,                                                                                         
                   "Shared Read Blocks": 7,                                                                                          
                   "Shared Dirtied Blocks": 0,                                                                                       
                   "Shared Written Blocks": 0,                                                                                       
                   "Local Hit Blocks": 0,                                                                                            
                   "Local Read Blocks": 0,                                                                                           
                   "Local Dirtied Blocks": 0,                                                                                        
                   "Local Written Blocks": 0,                                                                                        
                   "Temp Read Blocks": 0,                                                                                            
                   "Temp Written Blocks": 0                                                                                          
                 }                                                                                                                   
               ]                                                                                                                     
             },                                                                                                                      
             {                                                                                                                       
               "Node Type": "Materialize",                                                                                           
               "Parent Relationship": "Inner",                                                                                       
               "Parallel Aware": false,                                                                                              
               "Startup Cost": 0.00,                                                                                                 
               "Total Cost": 0.03,                                                                                                   
               "Plan Rows": 1,                                                                                                       
               "Plan Width": 16,                                                                                                     
               "Actual Startup Time": 0.004,                                                                                         
               "Actual Total Time": 0.004,                                                                                           
               "Actual Rows": 1,                                                                                                     
               "Actual Loops": 38,                                                                                                   
               "Shared Hit Blocks": 0,                                                                                               
               "Shared Read Blocks": 1,                                                                                              
               "Shared Dirtied Blocks": 0,                                                                                           
               "Shared Written Blocks": 0,                                                                                           
               "Local Hit Blocks": 0,                                                                                                
               "Local Read Blocks": 0,                                                                                               
               "Local Dirtied Blocks": 0,                                                                                            
               "Local Written Blocks": 0,                                                                                            
               "Temp Read Blocks": 0,                                                                                                
               "Temp Written Blocks": 0,                                                                                             
               "Plans": [                                                                                                            
                 {                                                                                                                   
                   "Node Type": "Seq Scan",                                                                                          
                   "Parent Relationship": "Outer",                                                                                   
                   "Parallel Aware": false,                                                                                          
                   "Relation Name": "link_type",                                                                                     
                   "Alias": "lt",                                                                                                    
                   "Startup Cost": 0.00,                                                                                             
                   "Total Cost": 0.03,                                                                                               
                   "Plan Rows": 1,                                                                                                   
                   "Plan Width": 16,                                                                                                 
                   "Actual Startup Time": 0.146,                                                                                     
                   "Actual Total Time": 0.150,                                                                                       
                   "Actual Rows": 1,                                                                                                 
                   "Actual Loops": 1,                                                                                                
                   "Filter": "((link)::text ~~ '%follows%'::text)",                                                                  
                   "Rows Removed by Filter": 17,                                                                                     
                   "Shared Hit Blocks": 0,                                                                                           
                   "Shared Read Blocks": 1,                                                                                          
                   "Shared Dirtied Blocks": 0,                                                                                       
                   "Shared Written Blocks": 0,                                                                                       
                   "Local Hit Blocks": 0,                                                                                            
                   "Local Read Blocks": 0,                                                                                           
                   "Local Dirtied Blocks": 0,                                                                                        
                   "Local Written Blocks": 0,                                                                                        
                   "Temp Read Blocks": 0,                                                                                            
                   "Temp Written Blocks": 0                                                                                          
                 }                                                                                                                   
               ]                                                                                                                     
             }                                                                                                                       
           ]                                                                                                                         
         }                                                                                                                           
       ]                                                                                                                             
     },                                                                                                                              
     "Planning Time": 3194.260,                                                                                                      
     "Triggers": [                                                                                                                   
     ],                                                                                                                              
     "Execution Time": 2293.598                                                                                                      
   }                                                                                                                                 
 ]
