 [                                                                                                                     
   {                                                                                                                   
     "Plan": {                                                                                                         
       "Node Type": "Aggregate",                                                                                       
       "Strategy": "Plain",                                                                                            
       "Partial Mode": "Simple",                                                                                       
       "Parallel Aware": false,                                                                                        
       "Startup Cost": 387.53,                                                                                         
       "Total Cost": 387.53,                                                                                           
       "Plan Rows": 1,                                                                                                 
       "Plan Width": 96,                                                                                               
       "Actual Startup Time": 6334.551,                                                                                
       "Actual Total Time": 6334.551,                                                                                  
       "Actual Rows": 1,                                                                                               
       "Actual Loops": 1,                                                                                              
       "Shared Hit Blocks": 173799,                                                                                    
       "Shared Read Blocks": 17739,                                                                                    
       "Shared Dirtied Blocks": 0,                                                                                     
       "Shared Written Blocks": 0,                                                                                     
       "Local Hit Blocks": 0,                                                                                          
       "Local Read Blocks": 0,                                                                                         
       "Local Dirtied Blocks": 0,                                                                                      
       "Local Written Blocks": 0,                                                                                      
       "Temp Read Blocks": 0,                                                                                          
       "Temp Written Blocks": 0,                                                                                       
       "Plans": [                                                                                                      
         {                                                                                                             
           "Node Type": "Nested Loop",                                                                                 
           "Parent Relationship": "Outer",                                                                             
           "Parallel Aware": false,                                                                                    
           "Join Type": "Inner",                                                                                       
           "Startup Cost": 0.08,                                                                                       
           "Total Cost": 387.53,                                                                                       
           "Plan Rows": 12,                                                                                            
           "Plan Width": 60,                                                                                           
           "Actual Startup Time": 304.177,                                                                             
           "Actual Total Time": 6312.800,                                                                              
           "Actual Rows": 14899,                                                                                       
           "Actual Loops": 1,                                                                                          
           "Inner Unique": true,                                                                                       
           "Shared Hit Blocks": 173799,                                                                                
           "Shared Read Blocks": 17739,                                                                                
           "Shared Dirtied Blocks": 0,                                                                                 
           "Shared Written Blocks": 0,                                                                                 
           "Local Hit Blocks": 0,                                                                                      
           "Local Read Blocks": 0,                                                                                     
           "Local Dirtied Blocks": 0,                                                                                  
           "Local Written Blocks": 0,                                                                                  
           "Temp Read Blocks": 0,                                                                                      
           "Temp Written Blocks": 0,                                                                                   
           "Plans": [                                                                                                  
             {                                                                                                         
               "Node Type": "Nested Loop",                                                                             
               "Parent Relationship": "Outer",                                                                         
               "Parallel Aware": false,                                                                                
               "Join Type": "Inner",                                                                                   
               "Startup Cost": 0.06,                                                                                   
               "Total Cost": 387.24,                                                                                   
               "Plan Rows": 13,                                                                                        
               "Plan Width": 45,                                                                                       
               "Actual Startup Time": 267.059,                                                                         
               "Actual Total Time": 5673.993,                                                                          
               "Actual Rows": 14916,                                                                                   
               "Actual Loops": 1,                                                                                      
               "Inner Unique": true,                                                                                   
               "Join Filter": "(mc.company_type_id = ct.id)",                                                          
               "Rows Removed by Join Filter": 1782,                                                                    
               "Shared Hit Blocks": 114337,                                                                            
               "Shared Read Blocks": 17524,                                                                            
               "Shared Dirtied Blocks": 0,                                                                             
               "Shared Written Blocks": 0,                                                                             
               "Local Hit Blocks": 0,                                                                                  
               "Local Read Blocks": 0,                                                                                 
               "Local Dirtied Blocks": 0,                                                                              
               "Local Written Blocks": 0,                                                                              
               "Temp Read Blocks": 0,                                                                                  
               "Temp Written Blocks": 0,                                                                               
               "Plans": [                                                                                              
                 {                                                                                                     
                   "Node Type": "Nested Loop",                                                                         
                   "Parent Relationship": "Outer",                                                                     
                   "Parallel Aware": false,                                                                            
                   "Join Type": "Inner",                                                                               
                   "Startup Cost": 0.06,                                                                               
                   "Total Cost": 387.20,                                                                               
                   "Plan Rows": 17,                                                                                    
                   "Plan Width": 49,                                                                                   
                   "Actual Startup Time": 245.934,                                                                     
                   "Actual Total Time": 5642.842,                                                                      
                   "Actual Rows": 15510,                                                                               
                   "Actual Loops": 1,                                                                                  
                   "Inner Unique": false,                                                                              
                   "Join Filter": "(ml.movie_id = mc.movie_id)",                                                       
                   "Rows Removed by Join Filter": 0,                                                                   
                   "Shared Hit Blocks": 114337,                                                                        
                   "Shared Read Blocks": 17523,                                                                        
                   "Shared Dirtied Blocks": 0,                                                                         
                   "Shared Written Blocks": 0,                                                                         
                   "Local Hit Blocks": 0,                                                                              
                   "Local Read Blocks": 0,                                                                             
                   "Local Dirtied Blocks": 0,                                                                          
                   "Local Written Blocks": 0,                                                                          
                   "Temp Read Blocks": 0,                                                                              
                   "Temp Written Blocks": 0,                                                                           
                   "Plans": [                                                                                          
                     {                                                                                                 
                       "Node Type": "Nested Loop",                                                                     
                       "Parent Relationship": "Outer",                                                                 
                       "Parallel Aware": false,                                                                        
                       "Join Type": "Inner",                                                                           
                       "Startup Cost": 0.05,                                                                           
                       "Total Cost": 387.01,                                                                           
                       "Plan Rows": 6,                                                                                 
                       "Plan Width": 29,                                                                               
                       "Actual Startup Time": 212.934,                                                                 
                       "Actual Total Time": 5028.857,                                                                  
                       "Actual Rows": 1460,                                                                            
                       "Actual Loops": 1,                                                                              
                       "Inner Unique": false,                                                                          
                       "Join Filter": "(ml.link_type_id = lt.id)",                                                     
                       "Rows Removed by Join Filter": 24820,                                                           
                       "Shared Hit Blocks": 107663,                                                                    
                       "Shared Read Blocks": 17300,                                                                    
                       "Shared Dirtied Blocks": 0,                                                                     
                       "Shared Written Blocks": 0,                                                                     
                       "Local Hit Blocks": 0,                                                                          
                       "Local Read Blocks": 0,                                                                         
                       "Local Dirtied Blocks": 0,                                                                      
                       "Local Written Blocks": 0,                                                                      
                       "Temp Read Blocks": 0,                                                                          
                       "Temp Written Blocks": 0,                                                                       
                       "Plans": [                                                                                      
                         {                                                                                             
                           "Node Type": "Seq Scan",                                                                    
                           "Parent Relationship": "Outer",                                                             
                           "Parallel Aware": false,                                                                    
                           "Relation Name": "link_type",                                                               
                           "Alias": "lt",                                                                              
                           "Startup Cost": 0.00,                                                                       
                           "Total Cost": 0.03,                                                                         
                           "Plan Rows": 18,                                                                            
                           "Plan Width": 4,                                                                            
                           "Actual Startup Time": 0.146,                                                               
                           "Actual Total Time": 0.158,                                                                 
                           "Actual Rows": 18,                                                                          
                           "Actual Loops": 1,                                                                          
                           "Shared Hit Blocks": 0,                                                                     
                           "Shared Read Blocks": 1,                                                                    
                           "Shared Dirtied Blocks": 0,                                                                 
                           "Shared Written Blocks": 0,                                                                 
                           "Local Hit Blocks": 0,                                                                      
                           "Local Read Blocks": 0,                                                                     
                           "Local Dirtied Blocks": 0,                                                                  
                           "Local Written Blocks": 0,                                                                  
                           "Temp Read Blocks": 0,                                                                      
                           "Temp Written Blocks": 0                                                                    
                         },                                                                                            
                         {                                                                                             
                           "Node Type": "Materialize",                                                                 
                           "Parent Relationship": "Inner",                                                             
                           "Parallel Aware": false,                                                                    
                           "Startup Cost": 0.05,                                                                       
                           "Total Cost": 386.96,                                                                       
                           "Plan Rows": 6,                                                                             
                           "Plan Width": 33,                                                                           
                           "Actual Startup Time": 7.170,                                                               
                           "Actual Total Time": 279.053,                                                               
                           "Actual Rows": 1460,                                                                        
                           "Actual Loops": 18,                                                                         
                           "Shared Hit Blocks": 107663,                                                                
                           "Shared Read Blocks": 17299,                                                                
                           "Shared Dirtied Blocks": 0,                                                                 
                           "Shared Written Blocks": 0,                                                                 
                           "Local Hit Blocks": 0,                                                                      
                           "Local Read Blocks": 0,                                                                     
                           "Local Dirtied Blocks": 0,                                                                  
                           "Local Written Blocks": 0,                                                                  
                           "Temp Read Blocks": 0,                                                                      
                           "Temp Written Blocks": 0,                                                                   
                           "Plans": [                                                                                  
                             {                                                                                         
                               "Node Type": "Nested Loop",                                                             
                               "Parent Relationship": "Outer",                                                         
                               "Parallel Aware": false,                                                                
                               "Join Type": "Inner",                                                                   
                               "Startup Cost": 0.05,                                                                   
                               "Total Cost": 386.96,                                                                   
                               "Plan Rows": 6,                                                                         
                               "Plan Width": 33,                                                                       
                               "Actual Startup Time": 129.045,                                                         
                               "Actual Total Time": 5018.633,                                                          
                               "Actual Rows": 1460,                                                                    
                               "Actual Loops": 1,                                                                      
                               "Inner Unique": true,                                                                   
                               "Join Filter": "(ml.movie_id = t.id)",                                                  
                               "Rows Removed by Join Filter": 0,                                                       
                               "Shared Hit Blocks": 107663,                                                            
                               "Shared Read Blocks": 17299,                                                            
                               "Shared Dirtied Blocks": 0,                                                             
                               "Shared Written Blocks": 0,                                                             
                               "Local Hit Blocks": 0,                                                                  
                               "Local Read Blocks": 0,                                                                 
                               "Local Dirtied Blocks": 0,                                                              
                               "Local Written Blocks": 0,                                                              
                               "Temp Read Blocks": 0,                                                                  
                               "Temp Written Blocks": 0,                                                               
                               "Plans": [                                                                              
                                 {                                                                                     
                                   "Node Type": "Nested Loop",                                                         
                                   "Parent Relationship": "Outer",                                                     
                                   "Parallel Aware": false,                                                            
                                   "Join Type": "Inner",                                                               
                                   "Startup Cost": 0.04,                                                               
                                   "Total Cost": 386.66,                                                               
                                   "Plan Rows": 7,                                                                     
                                   "Plan Width": 12,                                                                   
                                   "Actual Startup Time": 85.292,                                                      
                                   "Actual Total Time": 3552.814,                                                      
                                   "Actual Rows": 1460,                                                                
                                   "Actual Loops": 1,                                                                  
                                   "Inner Unique": false,                                                              
                                   "Shared Hit Blocks": 102086,                                                        
                                   "Shared Read Blocks": 17034,                                                        
                                   "Shared Dirtied Blocks": 0,                                                         
                                   "Shared Written Blocks": 0,                                                         
                                   "Local Hit Blocks": 0,                                                              
                                   "Local Read Blocks": 0,                                                             
                                   "Local Dirtied Blocks": 0,                                                          
                                   "Local Written Blocks": 0,                                                          
                                   "Temp Read Blocks": 0,                                                              
                                   "Temp Written Blocks": 0,                                                           
                                   "Plans": [                                                                          
                                     {                                                                                 
                                       "Node Type": "Nested Loop",                                                     
                                       "Parent Relationship": "Outer",                                                 
                                       "Parallel Aware": false,                                                        
                                       "Join Type": "Inner",                                                           
                                       "Startup Cost": 0.03,                                                           
                                       "Total Cost": 385.61,                                                           
                                       "Plan Rows": 101,                                                               
                                       "Plan Width": 4,                                                                
                                       "Actual Startup Time": 84.562,                                                  
                                       "Actual Total Time": 3162.043,                                                  
                                       "Actual Rows": 47403,                                                           
                                       "Actual Loops": 1,                                                              
                                       "Inner Unique": false,                                                          
                                       "Shared Hit Blocks": 7189,                                                      
                                       "Shared Read Blocks": 16917,                                                    
                                       "Shared Dirtied Blocks": 0,                                                     
                                       "Shared Written Blocks": 0,                                                     
                                       "Local Hit Blocks": 0,                                                          
                                       "Local Read Blocks": 0,                                                         
                                       "Local Dirtied Blocks": 0,                                                      
                                       "Local Written Blocks": 0,                                                      
                                       "Temp Read Blocks": 0,                                                          
                                       "Temp Written Blocks": 0,                                                       
                                       "Plans": [                                                                      
                                         {                                                                             
                                           "Node Type": "Index Scan",                                                  
                                           "Parent Relationship": "Outer",                                             
                                           "Parallel Aware": false,                                                    
                                           "Scan Direction": "Forward",                                                
                                           "Index Name": "keyword_idx_keyword",                                        
                                           "Relation Name": "keyword",                                                 
                                           "Alias": "k",                                                               
                                           "Startup Cost": 0.01,                                                       
                                           "Total Cost": 18.40,                                                        
                                           "Plan Rows": 3,                                                             
                                           "Plan Width": 4,                                                            
                                           "Actual Startup Time": 30.210,                                              
                                           "Actual Total Time": 101.664,                                               
                                           "Actual Rows": 3,                                                           
                                           "Actual Loops": 1,                                                          
                                           "Index Cond": "(keyword = ANY ('{sequel,revenge,based-on-novel}'::text[]))",
                                           "Rows Removed by Index Recheck": 0,                                         
                                           "Shared Hit Blocks": 6,                                                     
                                           "Shared Read Blocks": 9,                                                    
                                           "Shared Dirtied Blocks": 0,                                                 
                                           "Shared Written Blocks": 0,                                                 
                                           "Local Hit Blocks": 0,                                                      
                                           "Local Read Blocks": 0,                                                     
                                           "Local Dirtied Blocks": 0,                                                  
                                           "Local Written Blocks": 0,                                                  
                                           "Temp Read Blocks": 0,                                                      
                                           "Temp Written Blocks": 0                                                    
                                         },                                                                            
                                         {                                                                             
                                           "Node Type": "Index Scan",                                                  
                                           "Parent Relationship": "Inner",                                             
                                           "Parallel Aware": false,                                                    
                                           "Scan Direction": "Forward",                                                
                                           "Index Name": "keyword_id_movie_keyword",                                   
                                           "Relation Name": "movie_keyword",                                           
                                           "Alias": "mk",                                                              
                                           "Startup Cost": 0.01,                                                       
                                           "Total Cost": 122.40,                                                       
                                           "Plan Rows": 39,                                                            
                                           "Plan Width": 8,                                                            
                                           "Actual Startup Time": 30.152,                                              
                                           "Actual Total Time": 1012.965,                                              
                                           "Actual Rows": 15801,                                                       
                                           "Actual Loops": 3,                                                          
                                           "Index Cond": "(keyword_id = k.id)",                                        
                                           "Rows Removed by Index Recheck": 0,                                         
                                           "Shared Hit Blocks": 7183,                                                  
                                           "Shared Read Blocks": 16908,                                                
                                           "Shared Dirtied Blocks": 0,                                                 
                                           "Shared Written Blocks": 0,                                                 
                                           "Local Hit Blocks": 0,                                                      
                                           "Local Read Blocks": 0,                                                     
                                           "Local Dirtied Blocks": 0,                                                  
                                           "Local Written Blocks": 0,                                                  
                                           "Temp Read Blocks": 0,                                                      
                                           "Temp Written Blocks": 0                                                    
                                         }                                                                             
                                       ]                                                                               
                                     },                                                                                
                                     {                                                                                 
                                       "Node Type": "Index Scan",                                                      
                                       "Parent Relationship": "Inner",                                                 
                                       "Parallel Aware": false,                                                        
                                       "Scan Direction": "Forward",                                                    
                                       "Index Name": "movie_id_movie_link",                                            
                                       "Relation Name": "movie_link",                                                  
                                       "Alias": "ml",                                                                  
                                       "Startup Cost": 0.01,                                                           
                                       "Total Cost": 0.01,                                                             
                                       "Plan Rows": 5,                                                                 
                                       "Plan Width": 8,                                                                
                                       "Actual Startup Time": 0.007,                                                   
                                       "Actual Total Time": 0.007,                                                     
                                       "Actual Rows": 0,                                                               
                                       "Actual Loops": 47403,                                                          
                                       "Index Cond": "(movie_id = mk.movie_id)",                                       
                                       "Rows Removed by Index Recheck": 0,                                             
                                       "Shared Hit Blocks": 94897,                                                     
                                       "Shared Read Blocks": 117,                                                      
                                       "Shared Dirtied Blocks": 0,                                                     
                                       "Shared Written Blocks": 0,                                                     
                                       "Local Hit Blocks": 0,                                                          
                                       "Local Read Blocks": 0,                                                         
                                       "Local Dirtied Blocks": 0,                                                      
                                       "Local Written Blocks": 0,                                                      
                                       "Temp Read Blocks": 0,                                                          
                                       "Temp Written Blocks": 0                                                        
                                     }                                                                                 
                                   ]                                                                                   
                                 },                                                                                    
                                 {                                                                                     
                                   "Node Type": "Index Scan",                                                          
                                   "Parent Relationship": "Inner",                                                     
                                   "Parallel Aware": false,                                                            
                                   "Scan Direction": "Forward",                                                        
                                   "Index Name": "title_idx_id",                                                       
                                   "Relation Name": "title",                                                           
                                   "Alias": "t",                                                                       
                                   "Startup Cost": 0.01,                                                               
                                   "Total Cost": 0.04,                                                                 
                                   "Plan Rows": 1,                                                                     
                                   "Plan Width": 21,                                                                   
                                   "Actual Startup Time": 1.002,                                                       
                                   "Actual Total Time": 1.002,                                                         
                                   "Actual Rows": 1,                                                                   
                                   "Actual Loops": 1460,                                                               
                                   "Index Cond": "(id = mk.movie_id)",                                                 
                                   "Rows Removed by Index Recheck": 0,                                                 
                                   "Filter": "(production_year > 1950)",                                               
                                   "Rows Removed by Filter": 0,                                                        
                                   "Shared Hit Blocks": 5577,                                                          
                                   "Shared Read Blocks": 265,                                                          
                                   "Shared Dirtied Blocks": 0,                                                         
                                   "Shared Written Blocks": 0,                                                         
                                   "Local Hit Blocks": 0,                                                              
                                   "Local Read Blocks": 0,                                                             
                                   "Local Dirtied Blocks": 0,                                                          
                                   "Local Written Blocks": 0,                                                          
                                   "Temp Read Blocks": 0,                                                              
                                   "Temp Written Blocks": 0                                                            
                                 }                                                                                     
                               ]                                                                                       
                             }                                                                                         
                           ]                                                                                           
                         }                                                                                             
                       ]                                                                                               
                     },                                                                                                
                     {                                                                                                 
                       "Node Type": "Index Scan",                                                                      
                       "Parent Relationship": "Inner",                                                                 
                       "Parallel Aware": false,                                                                        
                       "Scan Direction": "Forward",                                                                    
                       "Index Name": "movie_id_movie_companies",                                                       
                       "Relation Name": "movie_companies",                                                             
                       "Alias": "mc",                                                                                  
                       "Startup Cost": 0.01,                                                                           
                       "Total Cost": 0.03,                                                                             
                       "Plan Rows": 1,                                                                                 
                       "Plan Width": 36,                                                                               
                       "Actual Startup Time": 0.369,                                                                   
                       "Actual Total Time": 0.416,                                                                     
                       "Actual Rows": 11,                                                                              
                       "Actual Loops": 1460,                                                                           
                       "Index Cond": "(movie_id = mk.movie_id)",                                                       
                       "Rows Removed by Index Recheck": 0,                                                             
                       "Filter": "(note IS NOT NULL)",                                                                 
                       "Rows Removed by Filter": 2,                                                                    
                       "Shared Hit Blocks": 6674,                                                                      
                       "Shared Read Blocks": 223,                                                                      
                       "Shared Dirtied Blocks": 0,                                                                     
                       "Shared Written Blocks": 0,                                                                     
                       "Local Hit Blocks": 0,                                                                          
                       "Local Read Blocks": 0,                                                                         
                       "Local Dirtied Blocks": 0,                                                                      
                       "Local Written Blocks": 0,                                                                      
                       "Temp Read Blocks": 0,                                                                          
                       "Temp Written Blocks": 0                                                                        
                     }                                                                                                 
                   ]                                                                                                   
                 },                                                                                                    
                 {                                                                                                     
                   "Node Type": "Materialize",                                                                         
                   "Parent Relationship": "Inner",                                                                     
                   "Parallel Aware": false,                                                                            
                   "Startup Cost": 0.00,                                                                               
                   "Total Cost": 0.03,                                                                                 
                   "Plan Rows": 3,                                                                                     
                   "Plan Width": 4,                                                                                    
                   "Actual Startup Time": 0.001,                                                                       
                   "Actual Total Time": 0.001,                                                                         
                   "Actual Rows": 1,                                                                                   
                   "Actual Loops": 15510,                                                                              
                   "Shared Hit Blocks": 0,                                                                             
                   "Shared Read Blocks": 1,                                                                            
                   "Shared Dirtied Blocks": 0,                                                                         
                   "Shared Written Blocks": 0,                                                                         
                   "Local Hit Blocks": 0,                                                                              
                   "Local Read Blocks": 0,                                                                             
                   "Local Dirtied Blocks": 0,                                                                          
                   "Local Written Blocks": 0,                                                                          
                   "Temp Read Blocks": 0,                                                                              
                   "Temp Written Blocks": 0,                                                                           
                   "Plans": [                                                                                          
                     {                                                                                                 
                       "Node Type": "Seq Scan",                                                                        
                       "Parent Relationship": "Outer",                                                                 
                       "Parallel Aware": false,                                                                        
                       "Relation Name": "company_type",                                                                
                       "Alias": "ct",                                                                                  
                       "Startup Cost": 0.00,                                                                           
                       "Total Cost": 0.03,                                                                             
                       "Plan Rows": 3,                                                                                 
                       "Plan Width": 4,                                                                                
                       "Actual Startup Time": 21.104,                                                                  
                       "Actual Total Time": 21.111,                                                                    
                       "Actual Rows": 3,                                                                               
                       "Actual Loops": 1,                                                                              
                       "Filter": "((kind IS NOT NULL) AND ((kind)::text <> 'production companies'::text))",            
                       "Rows Removed by Filter": 1,                                                                    
                       "Shared Hit Blocks": 0,                                                                         
                       "Shared Read Blocks": 1,                                                                        
                       "Shared Dirtied Blocks": 0,                                                                     
                       "Shared Written Blocks": 0,                                                                     
                       "Local Hit Blocks": 0,                                                                          
                       "Local Read Blocks": 0,                                                                         
                       "Local Dirtied Blocks": 0,                                                                      
                       "Local Written Blocks": 0,                                                                      
                       "Temp Read Blocks": 0,                                                                          
                       "Temp Written Blocks": 0                                                                        
                     }                                                                                                 
                   ]                                                                                                   
                 }                                                                                                     
               ]                                                                                                       
             },                                                                                                        
             {                                                                                                         
               "Node Type": "Index Scan",                                                                              
               "Parent Relationship": "Inner",                                                                         
               "Parallel Aware": false,                                                                                
               "Scan Direction": "Forward",                                                                            
               "Index Name": "company_name_pkey",                                                                      
               "Relation Name": "company_name",                                                                        
               "Alias": "cn",                                                                                          
               "Startup Cost": 0.01,                                                                                   
               "Total Cost": 0.02,                                                                                     
               "Plan Rows": 1,                                                                                         
               "Plan Width": 23,                                                                                       
               "Actual Startup Time": 0.042,                                                                           
               "Actual Total Time": 0.042,                                                                             
               "Actual Rows": 1,                                                                                       
               "Actual Loops": 14916,                                                                                  
               "Index Cond": "(id = mc.company_id)",                                                                   
               "Rows Removed by Index Recheck": 0,                                                                     
               "Filter": "((country_code)::text <> '[pl]'::text)",                                                     
               "Rows Removed by Filter": 0,                                                                            
               "Shared Hit Blocks": 59462,                                                                             
               "Shared Read Blocks": 215,                                                                              
               "Shared Dirtied Blocks": 0,                                                                             
               "Shared Written Blocks": 0,                                                                             
               "Local Hit Blocks": 0,                                                                                  
               "Local Read Blocks": 0,                                                                                 
               "Local Dirtied Blocks": 0,                                                                              
               "Local Written Blocks": 0,                                                                              
               "Temp Read Blocks": 0,                                                                                  
               "Temp Written Blocks": 0                                                                                
             }                                                                                                         
           ]                                                                                                           
         }                                                                                                             
       ]                                                                                                               
     },                                                                                                                
     "Planning Time": 3017.466,                                                                                        
     "Triggers": [                                                                                                     
     ],                                                                                                                
     "Execution Time": 6354.066                                                                                        
   }                                                                                                                   
 ]
