 [                                                                                                                                                           
   {                                                                                                                                                         
     "Plan": {                                                                                                                                               
       "Node Type": "Aggregate",                                                                                                                             
       "Strategy": "Plain",                                                                                                                                  
       "Partial Mode": "Simple",                                                                                                                             
       "Parallel Aware": false,                                                                                                                              
       "Startup Cost": 2002.78,                                                                                                                              
       "Total Cost": 2002.78,                                                                                                                                
       "Plan Rows": 1,                                                                                                                                       
       "Plan Width": 64,                                                                                                                                     
       "Actual Startup Time": 2136.288,                                                                                                                      
       "Actual Total Time": 2136.288,                                                                                                                        
       "Actual Rows": 1,                                                                                                                                     
       "Actual Loops": 1,                                                                                                                                    
       "Shared Hit Blocks": 292,                                                                                                                             
       "Shared Read Blocks": 8582,                                                                                                                           
       "Shared Dirtied Blocks": 0,                                                                                                                           
       "Shared Written Blocks": 0,                                                                                                                           
       "Local Hit Blocks": 0,                                                                                                                                
       "Local Read Blocks": 0,                                                                                                                               
       "Local Dirtied Blocks": 0,                                                                                                                            
       "Local Written Blocks": 0,                                                                                                                            
       "Temp Read Blocks": 0,                                                                                                                                
       "Temp Written Blocks": 0,                                                                                                                             
       "Plans": [                                                                                                                                            
         {                                                                                                                                                   
           "Node Type": "Nested Loop",                                                                                                                       
           "Parent Relationship": "Outer",                                                                                                                   
           "Parallel Aware": false,                                                                                                                          
           "Join Type": "Inner",                                                                                                                             
           "Startup Cost": 0.05,                                                                                                                             
           "Total Cost": 2002.78,                                                                                                                            
           "Plan Rows": 1,                                                                                                                                   
           "Plan Width": 59,                                                                                                                                 
           "Actual Startup Time": 1481.152,                                                                                                                  
           "Actual Total Time": 2136.166,                                                                                                                    
           "Actual Rows": 10,                                                                                                                                
           "Actual Loops": 1,                                                                                                                                
           "Inner Unique": true,                                                                                                                             
           "Join Filter": "(mi.info_type_id = it1.id)",                                                                                                      
           "Rows Removed by Join Filter": 1200,                                                                                                              
           "Shared Hit Blocks": 292,                                                                                                                         
           "Shared Read Blocks": 8582,                                                                                                                       
           "Shared Dirtied Blocks": 0,                                                                                                                       
           "Shared Written Blocks": 0,                                                                                                                       
           "Local Hit Blocks": 0,                                                                                                                            
           "Local Read Blocks": 0,                                                                                                                           
           "Local Dirtied Blocks": 0,                                                                                                                        
           "Local Written Blocks": 0,                                                                                                                        
           "Temp Read Blocks": 0,                                                                                                                            
           "Temp Written Blocks": 0,                                                                                                                         
           "Plans": [                                                                                                                                        
             {                                                                                                                                               
               "Node Type": "Nested Loop",                                                                                                                   
               "Parent Relationship": "Outer",                                                                                                               
               "Parallel Aware": false,                                                                                                                      
               "Join Type": "Inner",                                                                                                                         
               "Startup Cost": 0.05,                                                                                                                         
               "Total Cost": 2002.72,                                                                                                                        
               "Plan Rows": 40,                                                                                                                              
               "Plan Width": 63,                                                                                                                             
               "Actual Startup Time": 1424.662,                                                                                                              
               "Actual Total Time": 2134.394,                                                                                                                
               "Actual Rows": 1210,                                                                                                                          
               "Actual Loops": 1,                                                                                                                            
               "Inner Unique": false,                                                                                                                        
               "Join Filter": "(t.id = mi.movie_id)",                                                                                                        
               "Rows Removed by Join Filter": 0,                                                                                                             
               "Shared Hit Blocks": 291,                                                                                                                     
               "Shared Read Blocks": 8582,                                                                                                                   
               "Shared Dirtied Blocks": 0,                                                                                                                   
               "Shared Written Blocks": 0,                                                                                                                   
               "Local Hit Blocks": 0,                                                                                                                        
               "Local Read Blocks": 0,                                                                                                                       
               "Local Dirtied Blocks": 0,                                                                                                                    
               "Local Written Blocks": 0,                                                                                                                    
               "Temp Read Blocks": 0,                                                                                                                        
               "Temp Written Blocks": 0,                                                                                                                     
               "Plans": [                                                                                                                                    
                 {                                                                                                                                           
                   "Node Type": "Nested Loop",                                                                                                               
                   "Parent Relationship": "Outer",                                                                                                           
                   "Parallel Aware": false,                                                                                                                  
                   "Join Type": "Inner",                                                                                                                     
                   "Startup Cost": 0.04,                                                                                                                     
                   "Total Cost": 2001.96,                                                                                                                    
                   "Plan Rows": 3,                                                                                                                           
                   "Plan Width": 29,                                                                                                                         
                   "Actual Startup Time": 1393.070,                                                                                                          
                   "Actual Total Time": 1841.631,                                                                                                            
                   "Actual Rows": 10,                                                                                                                        
                   "Actual Loops": 1,                                                                                                                        
                   "Inner Unique": true,                                                                                                                     
                   "Shared Hit Blocks": 100,                                                                                                                 
                   "Shared Read Blocks": 8537,                                                                                                               
                   "Shared Dirtied Blocks": 0,                                                                                                               
                   "Shared Written Blocks": 0,                                                                                                               
                   "Local Hit Blocks": 0,                                                                                                                    
                   "Local Read Blocks": 0,                                                                                                                   
                   "Local Dirtied Blocks": 0,                                                                                                                
                   "Local Written Blocks": 0,                                                                                                                
                   "Temp Read Blocks": 0,                                                                                                                    
                   "Temp Written Blocks": 0,                                                                                                                 
                   "Plans": [                                                                                                                                
                     {                                                                                                                                       
                       "Node Type": "Nested Loop",                                                                                                           
                       "Parent Relationship": "Outer",                                                                                                       
                       "Parallel Aware": false,                                                                                                              
                       "Join Type": "Inner",                                                                                                                 
                       "Startup Cost": 0.03,                                                                                                                 
                       "Total Cost": 2001.81,                                                                                                                
                       "Plan Rows": 8,                                                                                                                       
                       "Plan Width": 33,                                                                                                                     
                       "Actual Startup Time": 1349.922,                                                                                                      
                       "Actual Total Time": 1523.855,                                                                                                        
                       "Actual Rows": 33,                                                                                                                    
                       "Actual Loops": 1,                                                                                                                    
                       "Inner Unique": true,                                                                                                                 
                       "Join Filter": "(mc.company_type_id = ct.id)",                                                                                        
                       "Rows Removed by Join Filter": 5,                                                                                                     
                       "Shared Hit Blocks": 13,                                                                                                              
                       "Shared Read Blocks": 8492,                                                                                                           
                       "Shared Dirtied Blocks": 0,                                                                                                           
                       "Shared Written Blocks": 0,                                                                                                           
                       "Local Hit Blocks": 0,                                                                                                                
                       "Local Read Blocks": 0,                                                                                                               
                       "Local Dirtied Blocks": 0,                                                                                                            
                       "Local Written Blocks": 0,                                                                                                            
                       "Temp Read Blocks": 0,                                                                                                                
                       "Temp Written Blocks": 0,                                                                                                             
                       "Plans": [                                                                                                                            
                         {                                                                                                                                   
                           "Node Type": "Nested Loop",                                                                                                       
                           "Parent Relationship": "Outer",                                                                                                   
                           "Parallel Aware": false,                                                                                                          
                           "Join Type": "Inner",                                                                                                             
                           "Startup Cost": 0.03,                                                                                                             
                           "Total Cost": 2001.78,                                                                                                            
                           "Plan Rows": 16,                                                                                                                  
                           "Plan Width": 37,                                                                                                                 
                           "Actual Startup Time": 1327.954,                                                                                                  
                           "Actual Total Time": 1501.797,                                                                                                    
                           "Actual Rows": 33,                                                                                                                
                           "Actual Loops": 1,                                                                                                                
                           "Inner Unique": false,                                                                                                            
                           "Join Filter": "(t.id = mc.movie_id)",                                                                                            
                           "Rows Removed by Join Filter": 0,                                                                                                 
                           "Shared Hit Blocks": 13,                                                                                                          
                           "Shared Read Blocks": 8491,                                                                                                       
                           "Shared Dirtied Blocks": 0,                                                                                                       
                           "Shared Written Blocks": 0,                                                                                                       
                           "Local Hit Blocks": 0,                                                                                                            
                           "Local Read Blocks": 0,                                                                                                           
                           "Local Dirtied Blocks": 0,                                                                                                        
                           "Local Written Blocks": 0,                                                                                                        
                           "Temp Read Blocks": 0,                                                                                                            
                           "Temp Written Blocks": 0,                                                                                                         
                           "Plans": [                                                                                                                        
                             {                                                                                                                               
                               "Node Type": "Nested Loop",                                                                                                   
                               "Parent Relationship": "Outer",                                                                                               
                               "Parallel Aware": false,                                                                                                      
                               "Join Type": "Inner",                                                                                                         
                               "Startup Cost": 0.01,                                                                                                         
                               "Total Cost": 2001.27,                                                                                                        
                               "Plan Rows": 7,                                                                                                               
                               "Plan Width": 25,                                                                                                             
                               "Actual Startup Time": 1284.005,                                                                                              
                               "Actual Total Time": 1375.986,                                                                                                
                               "Actual Rows": 2,                                                                                                             
                               "Actual Loops": 1,                                                                                                            
                               "Inner Unique": true,                                                                                                         
                               "Shared Hit Blocks": 12,                                                                                                      
                               "Shared Read Blocks": 8482,                                                                                                   
                               "Shared Dirtied Blocks": 0,                                                                                                   
                               "Shared Written Blocks": 0,                                                                                                   
                               "Local Hit Blocks": 0,                                                                                                        
                               "Local Read Blocks": 0,                                                                                                       
                               "Local Dirtied Blocks": 0,                                                                                                    
                               "Local Written Blocks": 0,                                                                                                    
                               "Temp Read Blocks": 0,                                                                                                        
                               "Temp Written Blocks": 0,                                                                                                     
                               "Plans": [                                                                                                                    
                                 {                                                                                                                           
                                   "Node Type": "Nested Loop",                                                                                               
                                   "Parent Relationship": "Outer",                                                                                           
                                   "Parallel Aware": false,                                                                                                  
                                   "Join Type": "Inner",                                                                                                     
                                   "Startup Cost": 0.00,                                                                                                     
                                   "Total Cost": 670.32,                                                                                                     
                                   "Plan Rows": 12213,                                                                                                       
                                   "Plan Width": 4,                                                                                                          
                                   "Actual Startup Time": 939.572,                                                                                           
                                   "Actual Total Time": 939.635,                                                                                             
                                   "Actual Rows": 10,                                                                                                        
                                   "Actual Loops": 1,                                                                                                        
                                   "Inner Unique": true,                                                                                                     
                                   "Join Filter": "(it2.id = mi_idx.info_type_id)",                                                                          
                                   "Rows Removed by Join Filter": 1380025,                                                                                   
                                   "Shared Hit Blocks": 0,                                                                                                   
                                   "Shared Read Blocks": 8454,                                                                                               
                                   "Shared Dirtied Blocks": 0,                                                                                               
                                   "Shared Written Blocks": 0,                                                                                               
                                   "Local Hit Blocks": 0,                                                                                                    
                                   "Local Read Blocks": 0,                                                                                                   
                                   "Local Dirtied Blocks": 0,                                                                                                
                                   "Local Written Blocks": 0,                                                                                                
                                   "Temp Read Blocks": 0,                                                                                                    
                                   "Temp Written Blocks": 0,                                                                                                 
                                   "Plans": [                                                                                                                
                                     {                                                                                                                       
                                       "Node Type": "Seq Scan",                                                                                              
                                       "Parent Relationship": "Outer",                                                                                       
                                       "Parallel Aware": false,                                                                                              
                                       "Relation Name": "movie_info_idx",                                                                                    
                                       "Alias": "mi_idx",                                                                                                    
                                       "Startup Cost": 0.00,                                                                                                 
                                       "Total Cost": 360.56,                                                                                                 
                                       "Plan Rows": 1380035,                                                                                                 
                                       "Plan Width": 8,                                                                                                      
                                       "Actual Startup Time": 86.919,                                                                                        
                                       "Actual Total Time": 319.216,                                                                                         
                                       "Actual Rows": 1380035,                                                                                               
                                       "Actual Loops": 1,                                                                                                    
                                       "Shared Hit Blocks": 0,                                                                                               
                                       "Shared Read Blocks": 8453,                                                                                           
                                       "Shared Dirtied Blocks": 0,                                                                                           
                                       "Shared Written Blocks": 0,                                                                                           
                                       "Local Hit Blocks": 0,                                                                                                
                                       "Local Read Blocks": 0,                                                                                               
                                       "Local Dirtied Blocks": 0,                                                                                            
                                       "Local Written Blocks": 0,                                                                                            
                                       "Temp Read Blocks": 0,                                                                                                
                                       "Temp Written Blocks": 0                                                                                              
                                     },                                                                                                                      
                                     {                                                                                                                       
                                       "Node Type": "Materialize",                                                                                           
                                       "Parent Relationship": "Inner",                                                                                       
                                       "Parallel Aware": false,                                                                                              
                                       "Startup Cost": 0.00,                                                                                                 
                                       "Total Cost": 0.05,                                                                                                   
                                       "Plan Rows": 1,                                                                                                       
                                       "Plan Width": 4,                                                                                                      
                                       "Actual Startup Time": 0.000,                                                                                         
                                       "Actual Total Time": 0.000,                                                                                           
                                       "Actual Rows": 1,                                                                                                     
                                       "Actual Loops": 1380035,                                                                                              
                                       "Shared Hit Blocks": 0,                                                                                               
                                       "Shared Read Blocks": 1,                                                                                              
                                       "Shared Dirtied Blocks": 0,                                                                                           
                                       "Shared Written Blocks": 0,                                                                                           
                                       "Local Hit Blocks": 0,                                                                                                
                                       "Local Read Blocks": 0,                                                                                               
                                       "Local Dirtied Blocks": 0,                                                                                            
                                       "Local Written Blocks": 0,                                                                                            
                                       "Temp Read Blocks": 0,                                                                                                
                                       "Temp Written Blocks": 0,                                                                                             
                                       "Plans": [                                                                                                            
                                         {                                                                                                                   
                                           "Node Type": "Seq Scan",                                                                                          
                                           "Parent Relationship": "Outer",                                                                                   
                                           "Parallel Aware": false,                                                                                          
                                           "Relation Name": "info_type",                                                                                     
                                           "Alias": "it2",                                                                                                   
                                           "Startup Cost": 0.00,                                                                                             
                                           "Total Cost": 0.05,                                                                                               
                                           "Plan Rows": 1,                                                                                                   
                                           "Plan Width": 4,                                                                                                  
                                           "Actual Startup Time": 82.525,                                                                                    
                                           "Actual Total Time": 82.527,                                                                                      
                                           "Actual Rows": 1,                                                                                                 
                                           "Actual Loops": 1,                                                                                                
                                           "Filter": "((info)::text = 'bottom 10 rank'::text)",                                                              
                                           "Rows Removed by Filter": 112,                                                                                    
                                           "Shared Hit Blocks": 0,                                                                                           
                                           "Shared Read Blocks": 1,                                                                                          
                                           "Shared Dirtied Blocks": 0,                                                                                       
                                           "Shared Written Blocks": 0,                                                                                       
                                           "Local Hit Blocks": 0,                                                                                            
                                           "Local Read Blocks": 0,                                                                                           
                                           "Local Dirtied Blocks": 0,                                                                                        
                                           "Local Written Blocks": 0,                                                                                        
                                           "Temp Read Blocks": 0,                                                                                            
                                           "Temp Written Blocks": 0                                                                                          
                                         }                                                                                                                   
                                       ]                                                                                                                     
                                     }                                                                                                                       
                                   ]                                                                                                                         
                                 },                                                                                                                          
                                 {                                                                                                                           
                                   "Node Type": "Index Scan",                                                                                                
                                   "Parent Relationship": "Inner",                                                                                           
                                   "Parallel Aware": false,                                                                                                  
                                   "Scan Direction": "Forward",                                                                                              
                                   "Index Name": "title_idx_id",                                                                                             
                                   "Relation Name": "title",                                                                                                 
                                   "Alias": "t",                                                                                                             
                                   "Startup Cost": 0.01,                                                                                                     
                                   "Total Cost": 0.11,                                                                                                       
                                   "Plan Rows": 1,                                                                                                           
                                   "Plan Width": 21,                                                                                                         
                                   "Actual Startup Time": 43.629,                                                                                            
                                   "Actual Total Time": 43.629,                                                                                              
                                   "Actual Rows": 0,                                                                                                         
                                   "Actual Loops": 10,                                                                                                       
                                   "Index Cond": "(id = mi_idx.movie_id)",                                                                                   
                                   "Rows Removed by Index Recheck": 0,                                                                                       
                                   "Filter": "((production_year > 2000) AND ((title ~~ 'Birdemic%'::text) OR (title ~~ '%Movie%'::text)))",                  
                                   "Rows Removed by Filter": 1,                                                                                              
                                   "Shared Hit Blocks": 12,                                                                                                  
                                   "Shared Read Blocks": 28,                                                                                                 
                                   "Shared Dirtied Blocks": 0,                                                                                               
                                   "Shared Written Blocks": 0,                                                                                               
                                   "Local Hit Blocks": 0,                                                                                                    
                                   "Local Read Blocks": 0,                                                                                                   
                                   "Local Dirtied Blocks": 0,                                                                                                
                                   "Local Written Blocks": 0,                                                                                                
                                   "Temp Read Blocks": 0,                                                                                                    
                                   "Temp Written Blocks": 0                                                                                                  
                                 }                                                                                                                           
                               ]                                                                                                                             
                             },                                                                                                                              
                             {                                                                                                                               
                               "Node Type": "Index Scan",                                                                                                    
                               "Parent Relationship": "Inner",                                                                                               
                               "Parallel Aware": false,                                                                                                      
                               "Scan Direction": "Forward",                                                                                                  
                               "Index Name": "movie_id_movie_companies",                                                                                     
                               "Relation Name": "movie_companies",                                                                                           
                               "Alias": "mc",                                                                                                                
                               "Startup Cost": 0.01,                                                                                                         
                               "Total Cost": 0.07,                                                                                                           
                               "Plan Rows": 2,                                                                                                               
                               "Plan Width": 12,                                                                                                             
                               "Actual Startup Time": 40.196,                                                                                                
                               "Actual Total Time": 62.862,                                                                                                  
                               "Actual Rows": 16,                                                                                                            
                               "Actual Loops": 2,                                                                                                            
                               "Index Cond": "(movie_id = mi_idx.movie_id)",                                                                                 
                               "Rows Removed by Index Recheck": 0,                                                                                           
                               "Shared Hit Blocks": 1,                                                                                                       
                               "Shared Read Blocks": 9,                                                                                                      
                               "Shared Dirtied Blocks": 0,                                                                                                   
                               "Shared Written Blocks": 0,                                                                                                   
                               "Local Hit Blocks": 0,                                                                                                        
                               "Local Read Blocks": 0,                                                                                                       
                               "Local Dirtied Blocks": 0,                                                                                                    
                               "Local Written Blocks": 0,                                                                                                    
                               "Temp Read Blocks": 0,                                                                                                        
                               "Temp Written Blocks": 0                                                                                                      
                             }                                                                                                                               
                           ]                                                                                                                                 
                         },                                                                                                                                  
                         {                                                                                                                                   
                           "Node Type": "Materialize",                                                                                                       
                           "Parent Relationship": "Inner",                                                                                                   
                           "Parallel Aware": false,                                                                                                          
                           "Startup Cost": 0.00,                                                                                                             
                           "Total Cost": 0.03,                                                                                                               
                           "Plan Rows": 2,                                                                                                                   
                           "Plan Width": 4,                                                                                                                  
                           "Actual Startup Time": 0.666,                                                                                                     
                           "Actual Total Time": 0.666,                                                                                                       
                           "Actual Rows": 1,                                                                                                                 
                           "Actual Loops": 33,                                                                                                               
                           "Shared Hit Blocks": 0,                                                                                                           
                           "Shared Read Blocks": 1,                                                                                                          
                           "Shared Dirtied Blocks": 0,                                                                                                       
                           "Shared Written Blocks": 0,                                                                                                       
                           "Local Hit Blocks": 0,                                                                                                            
                           "Local Read Blocks": 0,                                                                                                           
                           "Local Dirtied Blocks": 0,                                                                                                        
                           "Local Written Blocks": 0,                                                                                                        
                           "Temp Read Blocks": 0,                                                                                                            
                           "Temp Written Blocks": 0,                                                                                                         
                           "Plans": [                                                                                                                        
                             {                                                                                                                               
                               "Node Type": "Seq Scan",                                                                                                      
                               "Parent Relationship": "Outer",                                                                                               
                               "Parallel Aware": false,                                                                                                      
                               "Relation Name": "company_type",                                                                                              
                               "Alias": "ct",                                                                                                                
                               "Startup Cost": 0.00,                                                                                                         
                               "Total Cost": 0.03,                                                                                                           
                               "Plan Rows": 2,                                                                                                               
                               "Plan Width": 4,                                                                                                              
                               "Actual Startup Time": 21.945,                                                                                                
                               "Actual Total Time": 21.950,                                                                                                  
                               "Actual Rows": 2,                                                                                                             
                               "Actual Loops": 1,                                                                                                            
                               "Filter": "((kind IS NOT NULL) AND (((kind)::text = 'production companies'::text) OR ((kind)::text = 'distributors'::text)))",
                               "Rows Removed by Filter": 0,                                                                                                  
                               "Shared Hit Blocks": 0,                                                                                                       
                               "Shared Read Blocks": 1,                                                                                                      
                               "Shared Dirtied Blocks": 0,                                                                                                   
                               "Shared Written Blocks": 0,                                                                                                   
                               "Local Hit Blocks": 0,                                                                                                        
                               "Local Read Blocks": 0,                                                                                                       
                               "Local Dirtied Blocks": 0,                                                                                                    
                               "Local Written Blocks": 0,                                                                                                    
                               "Temp Read Blocks": 0,                                                                                                        
                               "Temp Written Blocks": 0                                                                                                      
                             }                                                                                                                               
                           ]                                                                                                                                 
                         }                                                                                                                                   
                       ]                                                                                                                                     
                     },                                                                                                                                      
                     {                                                                                                                                       
                       "Node Type": "Index Scan",                                                                                                            
                       "Parent Relationship": "Inner",                                                                                                       
                       "Parallel Aware": false,                                                                                                              
                       "Scan Direction": "Forward",                                                                                                          
                       "Index Name": "company_name_pkey",                                                                                                    
                       "Relation Name": "company_name",                                                                                                      
                       "Alias": "cn",                                                                                                                        
                       "Startup Cost": 0.01,                                                                                                                 
                       "Total Cost": 0.02,                                                                                                                   
                       "Plan Rows": 1,                                                                                                                       
                       "Plan Width": 4,                                                                                                                      
                       "Actual Startup Time": 9.625,                                                                                                         
                       "Actual Total Time": 9.625,                                                                                                           
                       "Actual Rows": 0,                                                                                                                     
                       "Actual Loops": 33,                                                                                                                   
                       "Index Cond": "(id = mc.company_id)",                                                                                                 
                       "Rows Removed by Index Recheck": 0,                                                                                                   
                       "Filter": "((country_code)::text = '[us]'::text)",                                                                                    
                       "Rows Removed by Filter": 1,                                                                                                          
                       "Shared Hit Blocks": 87,                                                                                                              
                       "Shared Read Blocks": 45,                                                                                                             
                       "Shared Dirtied Blocks": 0,                                                                                                           
                       "Shared Written Blocks": 0,                                                                                                           
                       "Local Hit Blocks": 0,                                                                                                                
                       "Local Read Blocks": 0,                                                                                                               
                       "Local Dirtied Blocks": 0,                                                                                                            
                       "Local Written Blocks": 0,                                                                                                            
                       "Temp Read Blocks": 0,                                                                                                                
                       "Temp Written Blocks": 0                                                                                                              
                     }                                                                                                                                       
                   ]                                                                                                                                         
                 },                                                                                                                                          
                 {                                                                                                                                           
                   "Node Type": "Index Scan",                                                                                                                
                   "Parent Relationship": "Inner",                                                                                                           
                   "Parallel Aware": false,                                                                                                                  
                   "Scan Direction": "Forward",                                                                                                              
                   "Index Name": "movie_id_movie_info",                                                                                                      
                   "Relation Name": "movie_info",                                                                                                            
                   "Alias": "mi",                                                                                                                            
                   "Startup Cost": 0.01,                                                                                                                     
                   "Total Cost": 0.25,                                                                                                                       
                   "Plan Rows": 9,                                                                                                                           
                   "Plan Width": 50,                                                                                                                         
                   "Actual Startup Time": 7.066,                                                                                                             
                   "Actual Total Time": 29.153,                                                                                                              
                   "Actual Rows": 121,                                                                                                                       
                   "Actual Loops": 10,                                                                                                                       
                   "Index Cond": "(movie_id = mc.movie_id)",                                                                                                 
                   "Rows Removed by Index Recheck": 0,                                                                                                       
                   "Shared Hit Blocks": 191,                                                                                                                 
                   "Shared Read Blocks": 45,                                                                                                                 
                   "Shared Dirtied Blocks": 0,                                                                                                               
                   "Shared Written Blocks": 0,                                                                                                               
                   "Local Hit Blocks": 0,                                                                                                                    
                   "Local Read Blocks": 0,                                                                                                                   
                   "Local Dirtied Blocks": 0,                                                                                                                
                   "Local Written Blocks": 0,                                                                                                                
                   "Temp Read Blocks": 0,                                                                                                                    
                   "Temp Written Blocks": 0                                                                                                                  
                 }                                                                                                                                           
               ]                                                                                                                                             
             },                                                                                                                                              
             {                                                                                                                                               
               "Node Type": "Materialize",                                                                                                                   
               "Parent Relationship": "Inner",                                                                                                               
               "Parallel Aware": false,                                                                                                                      
               "Startup Cost": 0.00,                                                                                                                         
               "Total Cost": 0.05,                                                                                                                           
               "Plan Rows": 1,                                                                                                                               
               "Plan Width": 4,                                                                                                                              
               "Actual Startup Time": 0.000,                                                                                                                 
               "Actual Total Time": 0.000,                                                                                                                   
               "Actual Rows": 1,                                                                                                                             
               "Actual Loops": 1210,                                                                                                                         
               "Shared Hit Blocks": 1,                                                                                                                       
               "Shared Read Blocks": 0,                                                                                                                      
               "Shared Dirtied Blocks": 0,                                                                                                                   
               "Shared Written Blocks": 0,                                                                                                                   
               "Local Hit Blocks": 0,                                                                                                                        
               "Local Read Blocks": 0,                                                                                                                       
               "Local Dirtied Blocks": 0,                                                                                                                    
               "Local Written Blocks": 0,                                                                                                                    
               "Temp Read Blocks": 0,                                                                                                                        
               "Temp Written Blocks": 0,                                                                                                                     
               "Plans": [                                                                                                                                    
                 {                                                                                                                                           
                   "Node Type": "Seq Scan",                                                                                                                  
                   "Parent Relationship": "Outer",                                                                                                           
                   "Parallel Aware": false,                                                                                                                  
                   "Relation Name": "info_type",                                                                                                             
                   "Alias": "it1",                                                                                                                           
                   "Startup Cost": 0.00,                                                                                                                     
                   "Total Cost": 0.05,                                                                                                                       
                   "Plan Rows": 1,                                                                                                                           
                   "Plan Width": 4,                                                                                                                          
                   "Actual Startup Time": 0.061,                                                                                                             
                   "Actual Total Time": 0.066,                                                                                                               
                   "Actual Rows": 1,                                                                                                                         
                   "Actual Loops": 1,                                                                                                                        
                   "Filter": "((info)::text = 'budget'::text)",                                                                                              
                   "Rows Removed by Filter": 112,                                                                                                            
                   "Shared Hit Blocks": 1,                                                                                                                   
                   "Shared Read Blocks": 0,                                                                                                                  
                   "Shared Dirtied Blocks": 0,                                                                                                               
                   "Shared Written Blocks": 0,                                                                                                               
                   "Local Hit Blocks": 0,                                                                                                                    
                   "Local Read Blocks": 0,                                                                                                                   
                   "Local Dirtied Blocks": 0,                                                                                                                
                   "Local Written Blocks": 0,                                                                                                                
                   "Temp Read Blocks": 0,                                                                                                                    
                   "Temp Written Blocks": 0                                                                                                                  
                 }                                                                                                                                           
               ]                                                                                                                                             
             }                                                                                                                                               
           ]                                                                                                                                                 
         }                                                                                                                                                   
       ]                                                                                                                                                     
     },                                                                                                                                                      
     "Planning Time": 4730.318,                                                                                                                              
     "Triggers": [                                                                                                                                           
     ],                                                                                                                                                      
     "Execution Time": 2159.850                                                                                                                              
   }                                                                                                                                                         
 ]
