 [                                                                                           
   {                                                                                         
     "Plan": {                                                                               
       "Node Type": "Aggregate",                                                             
       "Strategy": "Plain",                                                                  
       "Partial Mode": "Simple",                                                             
       "Parallel Aware": false,                                                              
       "Startup Cost": 1319.75,                                                              
       "Total Cost": 1319.75,                                                                
       "Plan Rows": 1,                                                                       
       "Plan Width": 96,                                                                     
       "Actual Startup Time": 146123.889,                                                    
       "Actual Total Time": 146123.889,                                                      
       "Actual Rows": 1,                                                                     
       "Actual Loops": 1,                                                                    
       "Shared Hit Blocks": 1933272,                                                         
       "Shared Read Blocks": 135077,                                                         
       "Shared Dirtied Blocks": 0,                                                           
       "Shared Written Blocks": 0,                                                           
       "Local Hit Blocks": 0,                                                                
       "Local Read Blocks": 0,                                                               
       "Local Dirtied Blocks": 0,                                                            
       "Local Written Blocks": 0,                                                            
       "Temp Read Blocks": 0,                                                                
       "Temp Written Blocks": 0,                                                             
       "Plans": [                                                                            
         {                                                                                   
           "Node Type": "Nested Loop",                                                       
           "Parent Relationship": "Outer",                                                   
           "Parallel Aware": false,                                                          
           "Join Type": "Inner",                                                             
           "Startup Cost": 0.05,                                                             
           "Total Cost": 1319.75,                                                            
           "Plan Rows": 1,                                                                   
           "Plan Width": 42,                                                                 
           "Actual Startup Time": 602.644,                                                   
           "Actual Total Time": 146099.550,                                                  
           "Actual Rows": 4711,                                                              
           "Actual Loops": 1,                                                                
           "Inner Unique": true,                                                             
           "Join Filter": "(mi.info_type_id = it1.id)",                                      
           "Rows Removed by Join Filter": 0,                                                 
           "Shared Hit Blocks": 1933272,                                                     
           "Shared Read Blocks": 135077,                                                     
           "Shared Dirtied Blocks": 0,                                                       
           "Shared Written Blocks": 0,                                                       
           "Local Hit Blocks": 0,                                                            
           "Local Read Blocks": 0,                                                           
           "Local Dirtied Blocks": 0,                                                        
           "Local Written Blocks": 0,                                                        
           "Temp Read Blocks": 0,                                                            
           "Temp Written Blocks": 0,                                                         
           "Plans": [                                                                        
             {                                                                               
               "Node Type": "Nested Loop",                                                   
               "Parent Relationship": "Outer",                                               
               "Parallel Aware": false,                                                      
               "Join Type": "Inner",                                                         
               "Startup Cost": 0.05,                                                         
               "Total Cost": 1319.69,                                                        
               "Plan Rows": 47,                                                              
               "Plan Width": 46,                                                             
               "Actual Startup Time": 602.623,                                               
               "Actual Total Time": 146088.835,                                              
               "Actual Rows": 4711,                                                          
               "Actual Loops": 1,                                                            
               "Inner Unique": false,                                                        
               "Join Filter": "(t.id = mi.movie_id)",                                        
               "Rows Removed by Join Filter": 0,                                             
               "Shared Hit Blocks": 1933271,                                                 
               "Shared Read Blocks": 135077,                                                 
               "Shared Dirtied Blocks": 0,                                                   
               "Shared Written Blocks": 0,                                                   
               "Local Hit Blocks": 0,                                                        
               "Local Read Blocks": 0,                                                       
               "Local Dirtied Blocks": 0,                                                    
               "Local Written Blocks": 0,                                                    
               "Temp Read Blocks": 0,                                                        
               "Temp Written Blocks": 0,                                                     
               "Plans": [                                                                    
                 {                                                                           
                   "Node Type": "Nested Loop",                                               
                   "Parent Relationship": "Outer",                                           
                   "Parallel Aware": false,                                                  
                   "Join Type": "Inner",                                                     
                   "Startup Cost": 0.04,                                                     
                   "Total Cost": 1280.78,                                                    
                   "Plan Rows": 153,                                                         
                   "Plan Width": 54,                                                         
                   "Actual Startup Time": 192.914,                                           
                   "Actual Total Time": 67875.299,                                           
                   "Actual Rows": 42332,                                                     
                   "Actual Loops": 1,                                                        
                   "Inner Unique": true,                                                     
                   "Join Filter": "(mi_idx.movie_id = t.id)",                                
                   "Rows Removed by Join Filter": 0,                                         
                   "Shared Hit Blocks": 1451497,                                             
                   "Shared Read Blocks": 67986,                                              
                   "Shared Dirtied Blocks": 0,                                               
                   "Shared Written Blocks": 0,                                               
                   "Local Hit Blocks": 0,                                                    
                   "Local Read Blocks": 0,                                                   
                   "Local Dirtied Blocks": 0,                                                
                   "Local Written Blocks": 0,                                                
                   "Temp Read Blocks": 0,                                                    
                   "Temp Written Blocks": 0,                                                 
                   "Plans": [                                                                
                     {                                                                       
                       "Node Type": "Nested Loop",                                           
                       "Parent Relationship": "Outer",                                       
                       "Parallel Aware": false,                                              
                       "Join Type": "Inner",                                                 
                       "Startup Cost": 0.03,                                                 
                       "Total Cost": 1256.90,                                                
                       "Plan Rows": 372,                                                     
                       "Plan Width": 33,                                                     
                       "Actual Startup Time": 145.793,                                       
                       "Actual Total Time": 20757.777,                                       
                       "Actual Rows": 91314,                                                 
                       "Actual Loops": 1,                                                    
                       "Inner Unique": true,                                                 
                       "Shared Hit Blocks": 1117125,                                         
                       "Shared Read Blocks": 36735,                                          
                       "Shared Dirtied Blocks": 0,                                           
                       "Shared Written Blocks": 0,                                           
                       "Local Hit Blocks": 0,                                                
                       "Local Read Blocks": 0,                                               
                       "Local Dirtied Blocks": 0,                                            
                       "Local Written Blocks": 0,                                            
                       "Temp Read Blocks": 0,                                                
                       "Temp Written Blocks": 0,                                             
                       "Plans": [                                                            
                         {                                                                   
                           "Node Type": "Nested Loop",                                       
                           "Parent Relationship": "Outer",                                   
                           "Parallel Aware": false,                                          
                           "Join Type": "Inner",                                             
                           "Startup Cost": 0.01,                                             
                           "Total Cost": 1238.55,                                            
                           "Plan Rows": 1030,                                                
                           "Plan Width": 18,                                                 
                           "Actual Startup Time": 99.233,                                    
                           "Actual Total Time": 5084.492,                                    
                           "Actual Rows": 154495,                                            
                           "Actual Loops": 1,                                                
                           "Inner Unique": true,                                             
                           "Join Filter": "(mc.company_type_id = ct.id)",                    
                           "Rows Removed by Join Filter": 228521,                            
                           "Shared Hit Blocks": 500911,                                      
                           "Shared Read Blocks": 32894,                                      
                           "Shared Dirtied Blocks": 0,                                       
                           "Shared Written Blocks": 0,                                       
                           "Local Hit Blocks": 0,                                            
                           "Local Read Blocks": 0,                                           
                           "Local Dirtied Blocks": 0,                                        
                           "Local Written Blocks": 0,                                        
                           "Temp Read Blocks": 0,                                            
                           "Temp Written Blocks": 0,                                         
                           "Plans": [                                                        
                             {                                                               
                               "Node Type": "Nested Loop",                                   
                               "Parent Relationship": "Outer",                               
                               "Parallel Aware": false,                                      
                               "Join Type": "Inner",                                         
                               "Startup Cost": 0.01,                                         
                               "Total Cost": 1237.59,                                        
                               "Plan Rows": 4120,                                            
                               "Plan Width": 22,                                             
                               "Actual Startup Time": 51.751,                                
                               "Actual Total Time": 4681.593,                                
                               "Actual Rows": 383016,                                        
                               "Actual Loops": 1,                                            
                               "Inner Unique": false,                                        
                               "Shared Hit Blocks": 500911,                                  
                               "Shared Read Blocks": 32893,                                  
                               "Shared Dirtied Blocks": 0,                                   
                               "Shared Written Blocks": 0,                                   
                               "Local Hit Blocks": 0,                                        
                               "Local Read Blocks": 0,                                       
                               "Local Dirtied Blocks": 0,                                    
                               "Local Written Blocks": 0,                                    
                               "Temp Read Blocks": 0,                                        
                               "Temp Written Blocks": 0,                                     
                               "Plans": [                                                    
                                 {                                                           
                                   "Node Type": "Nested Loop",                               
                                   "Parent Relationship": "Outer",                           
                                   "Parallel Aware": false,                                  
                                   "Join Type": "Inner",                                     
                                   "Startup Cost": 0.00,                                     
                                   "Total Cost": 511.06,                                     
                                   "Plan Rows": 1708,                                        
                                   "Plan Width": 10,                                         
                                   "Actual Startup Time": 19.832,                            
                                   "Actual Total Time": 1019.359,                            
                                   "Actual Rows": 121572,                                    
                                   "Actual Loops": 1,                                        
                                   "Inner Unique": true,                                     
                                   "Join Filter": "(it2.id = mi_idx.info_type_id)",          
                                   "Rows Removed by Join Filter": 71395,                     
                                   "Shared Hit Blocks": 0,                                   
                                   "Shared Read Blocks": 8454,                               
                                   "Shared Dirtied Blocks": 0,                               
                                   "Shared Written Blocks": 0,                               
                                   "Local Hit Blocks": 0,                                    
                                   "Local Read Blocks": 0,                                   
                                   "Local Dirtied Blocks": 0,                                
                                   "Local Written Blocks": 0,                                
                                   "Temp Read Blocks": 0,                                    
                                   "Temp Written Blocks": 0,                                 
                                   "Plans": [                                                
                                     {                                                       
                                       "Node Type": "Seq Scan",                              
                                       "Parent Relationship": "Outer",                       
                                       "Parallel Aware": false,                              
                                       "Relation Name": "movie_info_idx",                    
                                       "Alias": "mi_idx",                                    
                                       "Startup Cost": 0.00,                                 
                                       "Total Cost": 467.71,                                 
                                       "Plan Rows": 192955,                                  
                                       "Plan Width": 14,                                     
                                       "Actual Startup Time": 12.370,                        
                                       "Actual Total Time": 816.270,                         
                                       "Actual Rows": 192967,                                
                                       "Actual Loops": 1,                                    
                                       "Filter": "(info > '7.0'::text)",                     
                                       "Rows Removed by Filter": 1187068,                    
                                       "Shared Hit Blocks": 0,                               
                                       "Shared Read Blocks": 8453,                           
                                       "Shared Dirtied Blocks": 0,                           
                                       "Shared Written Blocks": 0,                           
                                       "Local Hit Blocks": 0,                                
                                       "Local Read Blocks": 0,                               
                                       "Local Dirtied Blocks": 0,                            
                                       "Local Written Blocks": 0,                            
                                       "Temp Read Blocks": 0,                                
                                       "Temp Written Blocks": 0                              
                                     },                                                      
                                     {                                                       
                                       "Node Type": "Materialize",                           
                                       "Parent Relationship": "Inner",                       
                                       "Parallel Aware": false,                              
                                       "Startup Cost": 0.00,                                 
                                       "Total Cost": 0.05,                                   
                                       "Plan Rows": 1,                                       
                                       "Plan Width": 4,                                      
                                       "Actual Startup Time": 0.000,                         
                                       "Actual Total Time": 0.000,                           
                                       "Actual Rows": 1,                                     
                                       "Actual Loops": 192967,                               
                                       "Shared Hit Blocks": 0,                               
                                       "Shared Read Blocks": 1,                              
                                       "Shared Dirtied Blocks": 0,                           
                                       "Shared Written Blocks": 0,                           
                                       "Local Hit Blocks": 0,                                
                                       "Local Read Blocks": 0,                               
                                       "Local Dirtied Blocks": 0,                            
                                       "Local Written Blocks": 0,                            
                                       "Temp Read Blocks": 0,                                
                                       "Temp Written Blocks": 0,                             
                                       "Plans": [                                            
                                         {                                                   
                                           "Node Type": "Seq Scan",                          
                                           "Parent Relationship": "Outer",                   
                                           "Parallel Aware": false,                          
                                           "Relation Name": "info_type",                     
                                           "Alias": "it2",                                   
                                           "Startup Cost": 0.00,                             
                                           "Total Cost": 0.05,                               
                                           "Plan Rows": 1,                                   
                                           "Plan Width": 4,                                  
                                           "Actual Startup Time": 7.443,                     
                                           "Actual Total Time": 7.450,                       
                                           "Actual Rows": 1,                                 
                                           "Actual Loops": 1,                                
                                           "Filter": "((info)::text = 'rating'::text)",      
                                           "Rows Removed by Filter": 112,                    
                                           "Shared Hit Blocks": 0,                           
                                           "Shared Read Blocks": 1,                          
                                           "Shared Dirtied Blocks": 0,                       
                                           "Shared Written Blocks": 0,                       
                                           "Local Hit Blocks": 0,                            
                                           "Local Read Blocks": 0,                           
                                           "Local Dirtied Blocks": 0,                        
                                           "Local Written Blocks": 0,                        
                                           "Temp Read Blocks": 0,                            
                                           "Temp Written Blocks": 0                          
                                         }                                                   
                                       ]                                                     
                                     }                                                       
                                   ]                                                         
                                 },                                                          
                                 {                                                           
                                   "Node Type": "Index Scan",                                
                                   "Parent Relationship": "Inner",                           
                                   "Parallel Aware": false,                                  
                                   "Scan Direction": "Forward",                              
                                   "Index Name": "movie_id_movie_companies",                 
                                   "Relation Name": "movie_companies",                       
                                   "Alias": "mc",                                            
                                   "Startup Cost": 0.01,                                     
                                   "Total Cost": 0.43,                                       
                                   "Plan Rows": 2,                                           
                                   "Plan Width": 12,                                         
                                   "Actual Startup Time": 0.022,                             
                                   "Actual Total Time": 0.027,                               
                                   "Actual Rows": 3,                                         
                                   "Actual Loops": 121572,                                   
                                   "Index Cond": "(movie_id = mi_idx.movie_id)",             
                                   "Rows Removed by Index Recheck": 0,                       
                                   "Shared Hit Blocks": 500911,                              
                                   "Shared Read Blocks": 24439,                              
                                   "Shared Dirtied Blocks": 0,                               
                                   "Shared Written Blocks": 0,                               
                                   "Local Hit Blocks": 0,                                    
                                   "Local Read Blocks": 0,                                   
                                   "Local Dirtied Blocks": 0,                                
                                   "Local Written Blocks": 0,                                
                                   "Temp Read Blocks": 0,                                    
                                   "Temp Written Blocks": 0                                  
                                 }                                                           
                               ]                                                             
                             },                                                              
                             {                                                               
                               "Node Type": "Materialize",                                   
                               "Parent Relationship": "Inner",                               
                               "Parallel Aware": false,                                      
                               "Startup Cost": 0.00,                                         
                               "Total Cost": 0.03,                                           
                               "Plan Rows": 1,                                               
                               "Plan Width": 4,                                              
                               "Actual Startup Time": 0.000,                                 
                               "Actual Total Time": 0.000,                                   
                               "Actual Rows": 1,                                             
                               "Actual Loops": 383016,                                       
                               "Shared Hit Blocks": 0,                                       
                               "Shared Read Blocks": 1,                                      
                               "Shared Dirtied Blocks": 0,                                   
                               "Shared Written Blocks": 0,                                   
                               "Local Hit Blocks": 0,                                        
                               "Local Read Blocks": 0,                                       
                               "Local Dirtied Blocks": 0,                                    
                               "Local Written Blocks": 0,                                    
                               "Temp Read Blocks": 0,                                        
                               "Temp Written Blocks": 0,                                     
                               "Plans": [                                                    
                                 {                                                           
                                   "Node Type": "Seq Scan",                                  
                                   "Parent Relationship": "Outer",                           
                                   "Parallel Aware": false,                                  
                                   "Relation Name": "company_type",                          
                                   "Alias": "ct",                                            
                                   "Startup Cost": 0.00,                                     
                                   "Total Cost": 0.03,                                       
                                   "Plan Rows": 1,                                           
                                   "Plan Width": 4,                                          
                                   "Actual Startup Time": 23.583,                            
                                   "Actual Total Time": 23.586,                              
                                   "Actual Rows": 1,                                         
                                   "Actual Loops": 1,                                        
                                   "Filter": "((kind)::text = 'production companies'::text)",
                                   "Rows Removed by Filter": 3,                              
                                   "Shared Hit Blocks": 0,                                   
                                   "Shared Read Blocks": 1,                                  
                                   "Shared Dirtied Blocks": 0,                               
                                   "Shared Written Blocks": 0,                               
                                   "Local Hit Blocks": 0,                                    
                                   "Local Read Blocks": 0,                                   
                                   "Local Dirtied Blocks": 0,                                
                                   "Local Written Blocks": 0,                                
                                   "Temp Read Blocks": 0,                                    
                                   "Temp Written Blocks": 0                                  
                                 }                                                           
                               ]                                                             
                             }                                                               
                           ]                                                                 
                         },                                                                  
                         {                                                                   
                           "Node Type": "Index Scan",                                        
                           "Parent Relationship": "Inner",                                   
                           "Parallel Aware": false,                                          
                           "Scan Direction": "Forward",                                      
                           "Index Name": "company_name_pkey",                                
                           "Relation Name": "company_name",                                  
                           "Alias": "cn",                                                    
                           "Startup Cost": 0.01,                                             
                           "Total Cost": 0.02,                                               
                           "Plan Rows": 1,                                                   
                           "Plan Width": 23,                                                 
                           "Actual Startup Time": 0.100,                                     
                           "Actual Total Time": 0.100,                                       
                           "Actual Rows": 1,                                                 
                           "Actual Loops": 154495,                                           
                           "Index Cond": "(id = mc.company_id)",                             
                           "Rows Removed by Index Recheck": 0,                               
                           "Filter": "((country_code)::text = '[us]'::text)",                
                           "Rows Removed by Filter": 0,                                      
                           "Shared Hit Blocks": 616214,                                      
                           "Shared Read Blocks": 3841,                                       
                           "Shared Dirtied Blocks": 0,                                       
                           "Shared Written Blocks": 0,                                       
                           "Local Hit Blocks": 0,                                            
                           "Local Read Blocks": 0,                                           
                           "Local Dirtied Blocks": 0,                                        
                           "Local Written Blocks": 0,                                        
                           "Temp Read Blocks": 0,                                            
                           "Temp Written Blocks": 0                                          
                         }                                                                   
                       ]                                                                     
                     },                                                                      
                     {                                                                       
                       "Node Type": "Index Scan",                                            
                       "Parent Relationship": "Inner",                                       
                       "Parallel Aware": false,                                              
                       "Scan Direction": "Forward",                                          
                       "Index Name": "title_idx_id",                                         
                       "Relation Name": "title",                                             
                       "Alias": "t",                                                         
                       "Startup Cost": 0.01,                                                 
                       "Total Cost": 0.06,                                                   
                       "Plan Rows": 1,                                                       
                       "Plan Width": 21,                                                     
                       "Actual Startup Time": 0.515,                                         
                       "Actual Total Time": 0.515,                                           
                       "Actual Rows": 0,                                                     
                       "Actual Loops": 91314,                                                
                       "Index Cond": "(id = mc.movie_id)",                                   
                       "Rows Removed by Index Recheck": 0,                                   
                       "Filter": "((production_year >= 2000) AND (production_year <= 2010))",
                       "Rows Removed by Filter": 1,                                          
                       "Shared Hit Blocks": 334372,                                          
                       "Shared Read Blocks": 31251,                                          
                       "Shared Dirtied Blocks": 0,                                           
                       "Shared Written Blocks": 0,                                           
                       "Local Hit Blocks": 0,                                                
                       "Local Read Blocks": 0,                                               
                       "Local Dirtied Blocks": 0,                                            
                       "Local Written Blocks": 0,                                            
                       "Temp Read Blocks": 0,                                                
                       "Temp Written Blocks": 0                                              
                     }                                                                       
                   ]                                                                         
                 },                                                                          
                 {                                                                           
                   "Node Type": "Index Scan",                                                
                   "Parent Relationship": "Inner",                                           
                   "Parallel Aware": false,                                                  
                   "Scan Direction": "Forward",                                              
                   "Index Name": "movie_id_movie_info",                                      
                   "Relation Name": "movie_info",                                            
                   "Alias": "mi",                                                            
                   "Startup Cost": 0.01,                                                     
                   "Total Cost": 0.25,                                                       
                   "Plan Rows": 1,                                                           
                   "Plan Width": 8,                                                          
                   "Actual Startup Time": 1.840,                                             
                   "Actual Total Time": 1.846,                                               
                   "Actual Rows": 0,                                                         
                   "Actual Loops": 42332,                                                    
                   "Index Cond": "(movie_id = mc.movie_id)",                                 
                   "Rows Removed by Index Recheck": 0,                                       
                   "Filter": "(info = ANY ('{Drama,Horror,Western,Family}'::text[]))",       
                   "Rows Removed by Filter": 29,                                             
                   "Shared Hit Blocks": 481774,                                              
                   "Shared Read Blocks": 67091,                                              
                   "Shared Dirtied Blocks": 0,                                               
                   "Shared Written Blocks": 0,                                               
                   "Local Hit Blocks": 0,                                                    
                   "Local Read Blocks": 0,                                                   
                   "Local Dirtied Blocks": 0,                                                
                   "Local Written Blocks": 0,                                                
                   "Temp Read Blocks": 0,                                                    
                   "Temp Written Blocks": 0                                                  
                 }                                                                           
               ]                                                                             
             },                                                                              
             {                                                                               
               "Node Type": "Materialize",                                                   
               "Parent Relationship": "Inner",                                               
               "Parallel Aware": false,                                                      
               "Startup Cost": 0.00,                                                         
               "Total Cost": 0.05,                                                           
               "Plan Rows": 1,                                                               
               "Plan Width": 4,                                                              
               "Actual Startup Time": 0.000,                                                 
               "Actual Total Time": 0.000,                                                   
               "Actual Rows": 1,                                                             
               "Actual Loops": 4711,                                                         
               "Shared Hit Blocks": 1,                                                       
               "Shared Read Blocks": 0,                                                      
               "Shared Dirtied Blocks": 0,                                                   
               "Shared Written Blocks": 0,                                                   
               "Local Hit Blocks": 0,                                                        
               "Local Read Blocks": 0,                                                       
               "Local Dirtied Blocks": 0,                                                    
               "Local Written Blocks": 0,                                                    
               "Temp Read Blocks": 0,                                                        
               "Temp Written Blocks": 0,                                                     
               "Plans": [                                                                    
                 {                                                                           
                   "Node Type": "Seq Scan",                                                  
                   "Parent Relationship": "Outer",                                           
                   "Parallel Aware": false,                                                  
                   "Relation Name": "info_type",                                             
                   "Alias": "it1",                                                           
                   "Startup Cost": 0.00,                                                     
                   "Total Cost": 0.05,                                                       
                   "Plan Rows": 1,                                                           
                   "Plan Width": 4,                                                          
                   "Actual Startup Time": 0.009,                                             
                   "Actual Total Time": 0.010,                                               
                   "Actual Rows": 1,                                                         
                   "Actual Loops": 1,                                                        
                   "Filter": "((info)::text = 'genres'::text)",                              
                   "Rows Removed by Filter": 2,                                              
                   "Shared Hit Blocks": 1,                                                   
                   "Shared Read Blocks": 0,                                                  
                   "Shared Dirtied Blocks": 0,                                               
                   "Shared Written Blocks": 0,                                               
                   "Local Hit Blocks": 0,                                                    
                   "Local Read Blocks": 0,                                                   
                   "Local Dirtied Blocks": 0,                                                
                   "Local Written Blocks": 0,                                                
                   "Temp Read Blocks": 0,                                                    
                   "Temp Written Blocks": 0                                                  
                 }                                                                           
               ]                                                                             
             }                                                                               
           ]                                                                                 
         }                                                                                   
       ]                                                                                     
     },                                                                                      
     "Planning Time": 4641.429,                                                              
     "Triggers": [                                                                           
     ],                                                                                      
     "Execution Time": 146144.274                                                            
   }                                                                                         
 ]
