 [                                                                                               
   {                                                                                             
     "Plan": {                                                                                   
       "Node Type": "Aggregate",                                                                 
       "Strategy": "Plain",                                                                      
       "Partial Mode": "Simple",                                                                 
       "Parallel Aware": false,                                                                  
       "Startup Cost": 1711.20,                                                                  
       "Total Cost": 1711.20,                                                                    
       "Plan Rows": 1,                                                                           
       "Plan Width": 96,                                                                         
       "Actual Startup Time": 110563.385,                                                        
       "Actual Total Time": 110563.385,                                                          
       "Actual Rows": 1,                                                                         
       "Actual Loops": 1,                                                                        
       "Shared Hit Blocks": 4607082,                                                             
       "Shared Read Blocks": 105885,                                                             
       "Shared Dirtied Blocks": 0,                                                               
       "Shared Written Blocks": 0,                                                               
       "Local Hit Blocks": 0,                                                                    
       "Local Read Blocks": 0,                                                                   
       "Local Dirtied Blocks": 0,                                                                
       "Local Written Blocks": 0,                                                                
       "Temp Read Blocks": 0,                                                                    
       "Temp Written Blocks": 0,                                                                 
       "Plans": [                                                                                
         {                                                                                       
           "Node Type": "Nested Loop",                                                           
           "Parent Relationship": "Outer",                                                       
           "Parallel Aware": false,                                                              
           "Join Type": "Inner",                                                                 
           "Startup Cost": 0.05,                                                                 
           "Total Cost": 1711.20,                                                                
           "Plan Rows": 5,                                                                       
           "Plan Width": 65,                                                                     
           "Actual Startup Time": 13648.742,                                                     
           "Actual Total Time": 110440.155,                                                      
           "Actual Rows": 111101,                                                                
           "Actual Loops": 1,                                                                    
           "Inner Unique": true,                                                                 
           "Join Filter": "(mi.info_type_id = it.id)",                                          
           "Rows Removed by Join Filter": 405226,                                                
           "Shared Hit Blocks": 4607082,                                                         
           "Shared Read Blocks": 105885,                                                         
           "Shared Dirtied Blocks": 0,                                                           
           "Shared Written Blocks": 0,                                                           
           "Local Hit Blocks": 0,                                                                
           "Local Read Blocks": 0,                                                               
           "Local Dirtied Blocks": 0,                                                            
           "Local Written Blocks": 0,                                                            
           "Temp Read Blocks": 0,                                                                
           "Temp Written Blocks": 0,                                                             
           "Plans": [                                                                            
             {                                                                                   
               "Node Type": "Nested Loop",                                                       
               "Parent Relationship": "Outer",                                                   
               "Parallel Aware": false,                                                          
               "Join Type": "Inner",                                                             
               "Startup Cost": 0.05,                                                             
               "Total Cost": 1711.02,                                                            
               "Plan Rows": 617,                                                                 
               "Plan Width": 69,                                                                 
               "Actual Startup Time": 13637.038,                                                 
               "Actual Total Time": 109955.599,                                                  
               "Actual Rows": 516327,                                                            
               "Actual Loops": 1,                                                                
               "Inner Unique": false,                                                            
               "Join Filter": "(t.id = mi.movie_id)",                                            
               "Rows Removed by Join Filter": 0,                                                 
               "Shared Hit Blocks": 4607081,                                                     
               "Shared Read Blocks": 105885,                                                     
               "Shared Dirtied Blocks": 0,                                                       
               "Shared Written Blocks": 0,                                                       
               "Local Hit Blocks": 0,                                                            
               "Local Read Blocks": 0,                                                           
               "Local Dirtied Blocks": 0,                                                        
               "Local Written Blocks": 0,                                                        
               "Temp Read Blocks": 0,                                                            
               "Temp Written Blocks": 0,                                                         
               "Plans": [                                                                        
                 {                                                                               
                   "Node Type": "Nested Loop",                                                   
                   "Parent Relationship": "Outer",                                               
                   "Parallel Aware": false,                                                      
                   "Join Type": "Inner",                                                         
                   "Startup Cost": 0.04,                                                         
                   "Total Cost": 1699.84,                                                        
                   "Plan Rows": 44,                                                              
                   "Plan Width": 35,                                                             
                   "Actual Startup Time": 13573.199,                                             
                   "Actual Total Time": 53991.141,                                               
                   "Actual Rows": 16470,                                                         
                   "Actual Loops": 1,                                                            
                   "Inner Unique": true,                                                         
                   "Join Filter": "(t.kind_id = kt.id)",                                         
                   "Rows Removed by Join Filter": 15040,                                         
                   "Shared Hit Blocks": 4432504,                                                 
                   "Shared Read Blocks": 53155,                                                  
                   "Shared Dirtied Blocks": 0,                                                   
                   "Shared Written Blocks": 0,                                                   
                   "Local Hit Blocks": 0,                                                        
                   "Local Read Blocks": 0,                                                       
                   "Local Dirtied Blocks": 0,                                                    
                   "Local Written Blocks": 0,                                                    
                   "Temp Read Blocks": 0,                                                        
                   "Temp Written Blocks": 0,                                                     
                   "Plans": [                                                                    
                     {                                                                           
                       "Node Type": "Nested Loop",                                               
                       "Parent Relationship": "Outer",                                           
                       "Parallel Aware": false,                                                  
                       "Join Type": "Inner",                                                     
                       "Startup Cost": 0.04,                                                     
                       "Total Cost": 1699.74,                                                    
                       "Plan Rows": 306,                                                         
                       "Plan Width": 39,                                                         
                       "Actual Startup Time": 613.034,                                           
                       "Actual Total Time": 53921.065,                                           
                       "Actual Rows": 31510,                                                     
                       "Actual Loops": 1,                                                        
                       "Inner Unique": true,                                                     
                       "Shared Hit Blocks": 4432504,                                             
                       "Shared Read Blocks": 53154,                                              
                       "Shared Dirtied Blocks": 0,                                               
                       "Shared Written Blocks": 0,                                               
                       "Local Hit Blocks": 0,                                                    
                       "Local Read Blocks": 0,                                                   
                       "Local Dirtied Blocks": 0,                                                
                       "Local Written Blocks": 0,                                                
                       "Temp Read Blocks": 0,                                                    
                       "Temp Written Blocks": 0,                                                 
                       "Plans": [                                                                
                         {                                                                       
                           "Node Type": "Nested Loop",                                           
                           "Parent Relationship": "Outer",                                       
                           "Parallel Aware": false,                                              
                           "Join Type": "Inner",                                                 
                           "Startup Cost": 0.03,                                                 
                           "Total Cost": 1680.18,                                                
                           "Plan Rows": 306,                                                     
                           "Plan Width": 14,                                                     
                           "Actual Startup Time": 563.302,                                       
                           "Actual Total Time": 20750.684,                                       
                           "Actual Rows": 31510,                                                 
                           "Actual Loops": 1,                                                    
                           "Inner Unique": true,                                                 
                           "Shared Hit Blocks": 4321858,                                         
                           "Shared Read Blocks": 37685,                                          
                           "Shared Dirtied Blocks": 0,                                           
                           "Shared Written Blocks": 0,                                           
                           "Local Hit Blocks": 0,                                                
                           "Local Read Blocks": 0,                                               
                           "Local Dirtied Blocks": 0,                                            
                           "Local Written Blocks": 0,                                            
                           "Temp Read Blocks": 0,                                                
                           "Temp Written Blocks": 0,                                             
                           "Plans": [                                                            
                             {                                                                   
                               "Node Type": "Nested Loop",                                       
                               "Parent Relationship": "Outer",                                   
                               "Parallel Aware": false,                                          
                               "Join Type": "Inner",                                             
                               "Startup Cost": 0.01,                                             
                               "Total Cost": 1548.98,                                            
                               "Plan Rows": 7365,                                                
                               "Plan Width": 18,                                                 
                               "Actual Startup Time": 182.157,                                   
                               "Actual Total Time": 9537.816,                                    
                               "Actual Rows": 584222,                                            
                               "Actual Loops": 1,                                                
                               "Inner Unique": true,                                             
                               "Join Filter": "(mc.company_type_id = ct.id)",                    
                               "Rows Removed by Join Filter": 770661,                            
                               "Shared Hit Blocks": 1983341,                                     
                               "Shared Read Blocks": 33843,                                      
                               "Shared Dirtied Blocks": 0,                                       
                               "Shared Written Blocks": 0,                                       
                               "Local Hit Blocks": 0,                                            
                               "Local Read Blocks": 0,                                           
                               "Local Dirtied Blocks": 0,                                        
                               "Local Written Blocks": 0,                                        
                               "Temp Read Blocks": 0,                                            
                               "Temp Written Blocks": 0,                                         
                               "Plans": [                                                        
                                 {                                                               
                                   "Node Type": "Nested Loop",                                   
                                   "Parent Relationship": "Outer",                               
                                   "Parallel Aware": false,                                      
                                   "Join Type": "Inner",                                         
                                   "Startup Cost": 0.01,                                         
                                   "Total Cost": 1542.33,                                        
                                   "Plan Rows": 29462,                                           
                                   "Plan Width": 22,                                             
                                   "Actual Startup Time": 134.715,                               
                                   "Actual Total Time": 8393.900,                                
                                   "Actual Rows": 1354883,                                       
                                   "Actual Loops": 1,                                            
                                   "Inner Unique": false,                                        
                                   "Shared Hit Blocks": 1983341,                                 
                                   "Shared Read Blocks": 33842,                                  
                                   "Shared Dirtied Blocks": 0,                                   
                                   "Shared Written Blocks": 0,                                   
                                   "Local Hit Blocks": 0,                                        
                                   "Local Read Blocks": 0,                                       
                                   "Local Dirtied Blocks": 0,                                    
                                   "Local Written Blocks": 0,                                    
                                   "Temp Read Blocks": 0,                                        
                                   "Temp Written Blocks": 0,                                     
                                   "Plans": [                                                    
                                     {                                                           
                                       "Node Type": "Nested Loop",                               
                                       "Parent Relationship": "Outer",                           
                                       "Parallel Aware": false,                                  
                                       "Join Type": "Inner",                                     
                                       "Startup Cost": 0.00,                                     
                                       "Total Cost": 670.32,                                     
                                       "Plan Rows": 12213,                                       
                                       "Plan Width": 10,                                         
                                       "Actual Startup Time": 19.493,                            
                                       "Actual Total Time": 1644.159,                            
                                       "Actual Rows": 459925,                                    
                                       "Actual Loops": 1,                                        
                                       "Inner Unique": true,                                     
                                       "Join Filter": "(it.id = miidx.info_type_id)",            
                                       "Rows Removed by Join Filter": 920110,                    
                                       "Shared Hit Blocks": 0,                                   
                                       "Shared Read Blocks": 8454,                               
                                       "Shared Dirtied Blocks": 0,                               
                                       "Shared Written Blocks": 0,                               
                                       "Local Hit Blocks": 0,                                    
                                       "Local Read Blocks": 0,                                   
                                       "Local Dirtied Blocks": 0,                                
                                       "Local Written Blocks": 0,                                
                                       "Temp Read Blocks": 0,                                    
                                       "Temp Written Blocks": 0,                                 
                                       "Plans": [                                                
                                         {                                                       
                                           "Node Type": "Seq Scan",                              
                                           "Parent Relationship": "Outer",                       
                                           "Parallel Aware": false,                              
                                           "Relation Name": "movie_info_idx",                    
                                           "Alias": "miidx",                                     
                                           "Startup Cost": 0.00,                                 
                                           "Total Cost": 360.56,                                 
                                           "Plan Rows": 1380035,                                 
                                           "Plan Width": 14,                                     
                                           "Actual Startup Time": 11.944,                        
                                           "Actual Total Time": 387.781,                         
                                           "Actual Rows": 1380035,                               
                                           "Actual Loops": 1,                                    
                                           "Shared Hit Blocks": 0,                               
                                           "Shared Read Blocks": 8453,                           
                                           "Shared Dirtied Blocks": 0,                           
                                           "Shared Written Blocks": 0,                           
                                           "Local Hit Blocks": 0,                                
                                           "Local Read Blocks": 0,                               
                                           "Local Dirtied Blocks": 0,                            
                                           "Local Written Blocks": 0,                            
                                           "Temp Read Blocks": 0,                                
                                           "Temp Written Blocks": 0                              
                                         },                                                      
                                         {                                                       
                                           "Node Type": "Materialize",                           
                                           "Parent Relationship": "Inner",                       
                                           "Parallel Aware": false,                              
                                           "Startup Cost": 0.00,                                 
                                           "Total Cost": 0.05,                                   
                                           "Plan Rows": 1,                                       
                                           "Plan Width": 4,                                      
                                           "Actual Startup Time": 0.000,                         
                                           "Actual Total Time": 0.000,                           
                                           "Actual Rows": 1,                                     
                                           "Actual Loops": 1380035,                              
                                           "Shared Hit Blocks": 0,                               
                                           "Shared Read Blocks": 1,                              
                                           "Shared Dirtied Blocks": 0,                           
                                           "Shared Written Blocks": 0,                           
                                           "Local Hit Blocks": 0,                                
                                           "Local Read Blocks": 0,                               
                                           "Local Dirtied Blocks": 0,                            
                                           "Local Written Blocks": 0,                            
                                           "Temp Read Blocks": 0,                                
                                           "Temp Written Blocks": 0,                             
                                           "Plans": [                                            
                                             {                                                   
                                               "Node Type": "Seq Scan",                          
                                               "Parent Relationship": "Outer",                   
                                               "Parallel Aware": false,                          
                                               "Relation Name": "info_type",                     
                                               "Alias": "it",                                    
                                               "Startup Cost": 0.00,                             
                                               "Total Cost": 0.05,                               
                                               "Plan Rows": 1,                                   
                                               "Plan Width": 4,                                  
                                               "Actual Startup Time": 7.517,                     
                                               "Actual Total Time": 7.522,                       
                                               "Actual Rows": 1,                                 
                                               "Actual Loops": 1,                                
                                               "Filter": "((info)::text = 'rating'::text)",      
                                               "Rows Removed by Filter": 112,                    
                                               "Shared Hit Blocks": 0,                           
                                               "Shared Read Blocks": 1,                          
                                               "Shared Dirtied Blocks": 0,                       
                                               "Shared Written Blocks": 0,                       
                                               "Local Hit Blocks": 0,                            
                                               "Local Read Blocks": 0,                           
                                               "Local Dirtied Blocks": 0,                        
                                               "Local Written Blocks": 0,                        
                                               "Temp Read Blocks": 0,                            
                                               "Temp Written Blocks": 0                          
                                             }                                                   
                                           ]                                                     
                                         }                                                       
                                       ]                                                         
                                     },                                                          
                                     {                                                           
                                       "Node Type": "Index Scan",                                
                                       "Parent Relationship": "Inner",                           
                                       "Parallel Aware": false,                                  
                                       "Scan Direction": "Forward",                              
                                       "Index Name": "movie_id_movie_companies",                 
                                       "Relation Name": "movie_companies",                       
                                       "Alias": "mc",                                            
                                       "Startup Cost": 0.01,                                     
                                       "Total Cost": 0.07,                                       
                                       "Plan Rows": 2,                                           
                                       "Plan Width": 12,                                         
                                       "Actual Startup Time": 0.009,                             
                                       "Actual Total Time": 0.013,                               
                                       "Actual Rows": 3,                                         
                                       "Actual Loops": 459925,                                   
                                       "Index Cond": "(movie_id = miidx.movie_id)",              
                                       "Rows Removed by Index Recheck": 0,                       
                                       "Shared Hit Blocks": 1983341,                             
                                       "Shared Read Blocks": 25388,                              
                                       "Shared Dirtied Blocks": 0,                               
                                       "Shared Written Blocks": 0,                               
                                       "Local Hit Blocks": 0,                                    
                                       "Local Read Blocks": 0,                                   
                                       "Local Dirtied Blocks": 0,                                
                                       "Local Written Blocks": 0,                                
                                       "Temp Read Blocks": 0,                                    
                                       "Temp Written Blocks": 0                                  
                                     }                                                           
                                   ]                                                             
                                 },                                                              
                                 {                                                               
                                   "Node Type": "Materialize",                                   
                                   "Parent Relationship": "Inner",                               
                                   "Parallel Aware": false,                                      
                                   "Startup Cost": 0.00,                                         
                                   "Total Cost": 0.03,                                           
                                   "Plan Rows": 1,                                               
                                   "Plan Width": 4,                                              
                                   "Actual Startup Time": 0.000,                                 
                                   "Actual Total Time": 0.000,                                   
                                   "Actual Rows": 1,                                             
                                   "Actual Loops": 1354883,                                      
                                   "Shared Hit Blocks": 0,                                       
                                   "Shared Read Blocks": 1,                                      
                                   "Shared Dirtied Blocks": 0,                                   
                                   "Shared Written Blocks": 0,                                   
                                   "Local Hit Blocks": 0,                                        
                                   "Local Read Blocks": 0,                                       
                                   "Local Dirtied Blocks": 0,                                    
                                   "Local Written Blocks": 0,                                    
                                   "Temp Read Blocks": 0,                                        
                                   "Temp Written Blocks": 0,                                     
                                   "Plans": [                                                    
                                     {                                                           
                                       "Node Type": "Seq Scan",                                  
                                       "Parent Relationship": "Outer",                           
                                       "Parallel Aware": false,                                  
                                       "Relation Name": "company_type",                          
                                       "Alias": "ct",                                            
                                       "Startup Cost": 0.00,                                     
                                       "Total Cost": 0.03,                                       
                                       "Plan Rows": 1,                                           
                                       "Plan Width": 4,                                          
                                       "Actual Startup Time": 23.587,                            
                                       "Actual Total Time": 23.590,                              
                                       "Actual Rows": 1,                                         
                                       "Actual Loops": 1,                                        
                                       "Filter": "((kind)::text = 'production companies'::text)",
                                       "Rows Removed by Filter": 3,                              
                                       "Shared Hit Blocks": 0,                                   
                                       "Shared Read Blocks": 1,                                  
                                       "Shared Dirtied Blocks": 0,                               
                                       "Shared Written Blocks": 0,                               
                                       "Local Hit Blocks": 0,                                    
                                       "Local Read Blocks": 0,                                   
                                       "Local Dirtied Blocks": 0,                                
                                       "Local Written Blocks": 0,                                
                                       "Temp Read Blocks": 0,                                    
                                       "Temp Written Blocks": 0                                  
                                     }                                                           
                                   ]                                                             
                                 }                                                               
                               ]                                                                 
                             },                                                                  
                             {                                                                   
                               "Node Type": "Index Scan",                                        
                               "Parent Relationship": "Inner",                                   
                               "Parallel Aware": false,                                          
                               "Scan Direction": "Forward",                                      
                               "Index Name": "company_name_pkey",                                
                               "Relation Name": "company_name",                                  
                               "Alias": "cn",                                                    
                               "Startup Cost": 0.01,                                             
                               "Total Cost": 0.02,                                               
                               "Plan Rows": 1,                                                   
                               "Plan Width": 4,                                                  
                               "Actual Startup Time": 0.018,                                     
                               "Actual Total Time": 0.018,                                       
                               "Actual Rows": 0,                                                 
                               "Actual Loops": 584222,                                           
                               "Index Cond": "(id = mc.company_id)",                             
                               "Rows Removed by Index Recheck": 0,                               
                               "Filter": "((country_code)::text = '[de]'::text)",                
                               "Rows Removed by Filter": 1,                                      
                               "Shared Hit Blocks": 2338517,                                     
                               "Shared Read Blocks": 3842,                                       
                               "Shared Dirtied Blocks": 0,                                       
                               "Shared Written Blocks": 0,                                       
                               "Local Hit Blocks": 0,                                            
                               "Local Read Blocks": 0,                                           
                               "Local Dirtied Blocks": 0,                                        
                               "Local Written Blocks": 0,                                        
                               "Temp Read Blocks": 0,                                            
                               "Temp Written Blocks": 0                                          
                             }                                                                   
                           ]                                                                     
                         },                                                                      
                         {                                                                       
                           "Node Type": "Index Scan",                                            
                           "Parent Relationship": "Inner",                                       
                           "Parallel Aware": false,                                              
                           "Scan Direction": "Forward",                                          
                           "Index Name": "title_idx_id",                                         
                           "Relation Name": "title",                                             
                           "Alias": "t",                                                         
                           "Startup Cost": 0.01,                                                 
                           "Total Cost": 0.06,                                                   
                           "Plan Rows": 1,                                                       
                           "Plan Width": 25,                                                     
                           "Actual Startup Time": 1.051,                                         
                           "Actual Total Time": 1.051,                                           
                           "Actual Rows": 1,                                                     
                           "Actual Loops": 31510,                                                
                           "Index Cond": "(id = mc.movie_id)",                                   
                           "Rows Removed by Index Recheck": 0,                                   
                           "Shared Hit Blocks": 110646,                                          
                           "Shared Read Blocks": 15469,                                          
                           "Shared Dirtied Blocks": 0,                                           
                           "Shared Written Blocks": 0,                                           
                           "Local Hit Blocks": 0,                                                
                           "Local Read Blocks": 0,                                               
                           "Local Dirtied Blocks": 0,                                            
                           "Local Written Blocks": 0,                                            
                           "Temp Read Blocks": 0,                                                
                           "Temp Written Blocks": 0                                              
                         }                                                                       
                       ]                                                                         
                     },                                                                          
                     {                                                                           
                       "Node Type": "Materialize",                                               
                       "Parent Relationship": "Inner",                                           
                       "Parallel Aware": false,                                                  
                       "Startup Cost": 0.00,                                                     
                       "Total Cost": 0.03,                                                       
                       "Plan Rows": 1,                                                           
                       "Plan Width": 4,                                                          
                       "Actual Startup Time": 0.001,                                             
                       "Actual Total Time": 0.001,                                               
                       "Actual Rows": 1,                                                         
                       "Actual Loops": 31510,                                                    
                       "Shared Hit Blocks": 0,                                                   
                       "Shared Read Blocks": 1,                                                  
                       "Shared Dirtied Blocks": 0,                                               
                       "Shared Written Blocks": 0,                                               
                       "Local Hit Blocks": 0,                                                    
                       "Local Read Blocks": 0,                                                   
                       "Local Dirtied Blocks": 0,                                                
                       "Local Written Blocks": 0,                                                
                       "Temp Read Blocks": 0,                                                    
                       "Temp Written Blocks": 0,                                                 
                       "Plans": [                                                                
                         {                                                                       
                           "Node Type": "Seq Scan",                                              
                           "Parent Relationship": "Outer",                                       
                           "Parallel Aware": false,                                              
                           "Relation Name": "kind_type",                                         
                           "Alias": "kt",                                                        
                           "Startup Cost": 0.00,                                                 
                           "Total Cost": 0.03,                                                   
                           "Plan Rows": 1,                                                       
                           "Plan Width": 4,                                                      
                           "Actual Startup Time": 21.457,                                        
                           "Actual Total Time": 21.463,                                          
                           "Actual Rows": 1,                                                     
                           "Actual Loops": 1,                                                    
                           "Filter": "((kind)::text = 'movie'::text)",                           
                           "Rows Removed by Filter": 6,                                          
                           "Shared Hit Blocks": 0,                                               
                           "Shared Read Blocks": 1,                                              
                           "Shared Dirtied Blocks": 0,                                           
                           "Shared Written Blocks": 0,                                           
                           "Local Hit Blocks": 0,                                                
                           "Local Read Blocks": 0,                                               
                           "Local Dirtied Blocks": 0,                                            
                           "Local Written Blocks": 0,                                            
                           "Temp Read Blocks": 0,                                                
                           "Temp Written Blocks": 0                                              
                         }                                                                       
                       ]                                                                         
                     }                                                                           
                   ]                                                                             
                 },                                                                              
                 {                                                                               
                   "Node Type": "Index Scan",                                                    
                   "Parent Relationship": "Inner",                                               
                   "Parallel Aware": false,                                                      
                   "Scan Direction": "Forward",                                                  
                   "Index Name": "movie_id_movie_info",                                          
                   "Relation Name": "movie_info",                                                
                   "Alias": "mi",                                                                
                   "Startup Cost": 0.01,                                                         
                   "Total Cost": 0.25,                                                           
                   "Plan Rows": 9,                                                               
                   "Plan Width": 50,                                                             
                   "Actual Startup Time": 0.802,                                                 
                   "Actual Total Time": 3.375,                                                   
                   "Actual Rows": 31,                                                            
                   "Actual Loops": 16470,                                                        
                   "Index Cond": "(movie_id = mc.movie_id)",                                     
                   "Rows Removed by Index Recheck": 0,                                           
                   "Shared Hit Blocks": 174577,                                                  
                   "Shared Read Blocks": 52730,                                                  
                   "Shared Dirtied Blocks": 0,                                                   
                   "Shared Written Blocks": 0,                                                   
                   "Local Hit Blocks": 0,                                                        
                   "Local Read Blocks": 0,                                                       
                   "Local Dirtied Blocks": 0,                                                    
                   "Local Written Blocks": 0,                                                    
                   "Temp Read Blocks": 0,                                                        
                   "Temp Written Blocks": 0                                                      
                 }                                                                               
               ]                                                                                 
             },                                                                                  
             {                                                                                   
               "Node Type": "Materialize",                                                       
               "Parent Relationship": "Inner",                                                   
               "Parallel Aware": false,                                                          
               "Startup Cost": 0.00,                                                             
               "Total Cost": 0.05,                                                               
               "Plan Rows": 1,                                                                   
               "Plan Width": 4,                                                                  
               "Actual Startup Time": 0.000,                                                     
               "Actual Total Time": 0.000,                                                       
               "Actual Rows": 1,                                                                 
               "Actual Loops": 516327,                                                           
               "Shared Hit Blocks": 1,                                                           
               "Shared Read Blocks": 0,                                                          
               "Shared Dirtied Blocks": 0,                                                       
               "Shared Written Blocks": 0,                                                       
               "Local Hit Blocks": 0,                                                            
               "Local Read Blocks": 0,                                                           
               "Local Dirtied Blocks": 0,                                                        
               "Local Written Blocks": 0,                                                        
               "Temp Read Blocks": 0,                                                            
               "Temp Written Blocks": 0,                                                         
               "Plans": [                                                                        
                 {                                                                               
                   "Node Type": "Seq Scan",                                                      
                   "Parent Relationship": "Outer",                                               
                   "Parallel Aware": false,                                                      
                   "Relation Name": "info_type",                                                 
                   "Alias": "it",                                                               
                   "Startup Cost": 0.00,                                                         
                   "Total Cost": 0.05,                                                           
                   "Plan Rows": 1,                                                               
                   "Plan Width": 4,                                                              
                   "Actual Startup Time": 0.029,                                                 
                   "Actual Total Time": 0.064,                                                   
                   "Actual Rows": 1,                                                             
                   "Actual Loops": 1,                                                            
                   "Filter": "((info)::text = 'release dates'::text)",                           
                   "Rows Removed by Filter": 112,                                                
                   "Shared Hit Blocks": 1,                                                       
                   "Shared Read Blocks": 0,                                                      
                   "Shared Dirtied Blocks": 0,                                                   
                   "Shared Written Blocks": 0,                                                   
                   "Local Hit Blocks": 0,                                                        
                   "Local Read Blocks": 0,                                                       
                   "Local Dirtied Blocks": 0,                                                    
                   "Local Written Blocks": 0,                                                    
                   "Temp Read Blocks": 0,                                                        
                   "Temp Written Blocks": 0                                                      
                 }                                                                               
               ]                                                                                 
             }                                                                                   
           ]                                                                                     
         }                                                                                       
       ]                                                                                         
     },                                                                                          
     "Planning Time": 4573.990,                                                                  
     "Triggers": [                                                                               
     ],                                                                                          
     "Execution Time": 110576.597                                                                
   }                                                                                             
 ]
