 [                                                                                                                           
   {                                                                                                                         
     "Plan": {                                                                                                               
       "Node Type": "Aggregate",                                                                                             
       "Strategy": "Plain",                                                                                                  
       "Partial Mode": "Simple",                                                                                             
       "Parallel Aware": false,                                                                                              
       "Startup Cost": 1852.06,                                                                                              
       "Total Cost": 1852.06,                                                                                                
       "Plan Rows": 1,                                                                                                       
       "Plan Width": 96,                                                                                                     
       "Actual Startup Time": 34025.681,                                                                                     
       "Actual Total Time": 34025.681,                                                                                       
       "Actual Rows": 1,                                                                                                     
       "Actual Loops": 1,                                                                                                    
       "Shared Hit Blocks": 5276249,                                                                                         
       "Shared Read Blocks": 77969,                                                                                          
       "Shared Dirtied Blocks": 0,                                                                                           
       "Shared Written Blocks": 0,                                                                                           
       "Local Hit Blocks": 0,                                                                                                
       "Local Read Blocks": 0,                                                                                               
       "Local Dirtied Blocks": 0,                                                                                            
       "Local Written Blocks": 0,                                                                                            
       "Temp Read Blocks": 0,                                                                                                
       "Temp Written Blocks": 0,                                                                                             
       "Plans": [                                                                                                            
         {                                                                                                                   
           "Node Type": "Nested Loop",                                                                                       
           "Parent Relationship": "Outer",                                                                                   
           "Parallel Aware": false,                                                                                          
           "Join Type": "Inner",                                                                                             
           "Startup Cost": 0.05,                                                                                             
           "Total Cost": 1852.06,                                                                                            
           "Plan Rows": 1,                                                                                                   
           "Plan Width": 42,                                                                                                 
           "Actual Startup Time": 22812.963,                                                                                 
           "Actual Total Time": 34025.503,                                                                                   
           "Actual Rows": 53,                                                                                                
           "Actual Loops": 1,                                                                                                
           "Inner Unique": true,                                                                                             
           "Join Filter": "(mi.info_type_id = it2.id)",                                                                      
           "Rows Removed by Join Filter": 165,                                                                               
           "Shared Hit Blocks": 5276249,                                                                                     
           "Shared Read Blocks": 77969,                                                                                      
           "Shared Dirtied Blocks": 0,                                                                                       
           "Shared Written Blocks": 0,                                                                                       
           "Local Hit Blocks": 0,                                                                                            
           "Local Read Blocks": 0,                                                                                           
           "Local Dirtied Blocks": 0,                                                                                        
           "Local Written Blocks": 0,                                                                                        
           "Temp Read Blocks": 0,                                                                                            
           "Temp Written Blocks": 0,                                                                                         
           "Plans": [                                                                                                        
             {                                                                                                               
               "Node Type": "Nested Loop",                                                                                   
               "Parent Relationship": "Outer",                                                                               
               "Parallel Aware": false,                                                                                      
               "Join Type": "Inner",                                                                                         
               "Startup Cost": 0.05,                                                                                         
               "Total Cost": 1852.01,                                                                                        
               "Plan Rows": 1,                                                                                               
               "Plan Width": 46,                                                                                             
               "Actual Startup Time": 22792.305,                                                                             
               "Actual Total Time": 34025.046,                                                                               
               "Actual Rows": 218,                                                                                           
               "Actual Loops": 1,                                                                                            
               "Inner Unique": false,                                                                                        
               "Join Filter": "(t.id = mi.movie_id)",                                                                        
               "Rows Removed by Join Filter": 0,                                                                             
               "Shared Hit Blocks": 5276248,                                                                                 
               "Shared Read Blocks": 77969,                                                                                  
               "Shared Dirtied Blocks": 0,                                                                                   
               "Shared Written Blocks": 0,                                                                                   
               "Local Hit Blocks": 0,                                                                                        
               "Local Read Blocks": 0,                                                                                       
               "Local Dirtied Blocks": 0,                                                                                    
               "Local Written Blocks": 0,                                                                                    
               "Temp Read Blocks": 0,                                                                                        
               "Temp Written Blocks": 0,                                                                                     
               "Plans": [                                                                                                    
                 {                                                                                                           
                   "Node Type": "Nested Loop",                                                                               
                   "Parent Relationship": "Outer",                                                                           
                   "Parallel Aware": false,                                                                                  
                   "Join Type": "Inner",                                                                                     
                   "Startup Cost": 0.04,                                                                                     
                   "Total Cost": 1850.74,                                                                                    
                   "Plan Rows": 1,                                                                                           
                   "Plan Width": 54,                                                                                         
                   "Actual Startup Time": 22753.665,                                                                         
                   "Actual Total Time": 33592.300,                                                                           
                   "Actual Rows": 14,                                                                                        
                   "Actual Loops": 1,                                                                                        
                   "Inner Unique": true,                                                                                     
                   "Join Filter": "(t.kind_id = kt.id)",                                                                     
                   "Rows Removed by Join Filter": 18,                                                                        
                   "Shared Hit Blocks": 5276130,                                                                             
                   "Shared Read Blocks": 77920,                                                                              
                   "Shared Dirtied Blocks": 0,                                                                               
                   "Shared Written Blocks": 0,                                                                               
                   "Local Hit Blocks": 0,                                                                                    
                   "Local Read Blocks": 0,                                                                                   
                   "Local Dirtied Blocks": 0,                                                                                
                   "Local Written Blocks": 0,                                                                                
                   "Temp Read Blocks": 0,                                                                                    
                   "Temp Written Blocks": 0,                                                                                 
                   "Plans": [                                                                                                
                     {                                                                                                       
                       "Node Type": "Nested Loop",                                                                           
                       "Parent Relationship": "Outer",                                                                       
                       "Parallel Aware": false,                                                                              
                       "Join Type": "Inner",                                                                                 
                       "Startup Cost": 0.04,                                                                                 
                       "Total Cost": 1850.70,                                                                                
                       "Plan Rows": 1,                                                                                       
                       "Plan Width": 58,                                                                                     
                       "Actual Startup Time": 2616.153,                                                                      
                       "Actual Total Time": 33565.694,                                                                       
                       "Actual Rows": 32,                                                                                    
                       "Actual Loops": 1,                                                                                    
                       "Inner Unique": true,                                                                                 
                       "Shared Hit Blocks": 5276130,                                                                         
                       "Shared Read Blocks": 77919,                                                                          
                       "Shared Dirtied Blocks": 0,                                                                           
                       "Shared Written Blocks": 0,                                                                           
                       "Local Hit Blocks": 0,                                                                                
                       "Local Read Blocks": 0,                                                                               
                       "Local Dirtied Blocks": 0,                                                                            
                       "Local Written Blocks": 0,                                                                            
                       "Temp Read Blocks": 0,                                                                                
                       "Temp Written Blocks": 0,                                                                             
                       "Plans": [                                                                                            
                         {                                                                                                   
                           "Node Type": "Nested Loop",                                                                       
                           "Parent Relationship": "Outer",                                                                   
                           "Parallel Aware": false,                                                                          
                           "Join Type": "Inner",                                                                             
                           "Startup Cost": 0.03,                                                                             
                           "Total Cost": 1680.18,                                                                            
                           "Plan Rows": 2659,                                                                                
                           "Plan Width": 33,                                                                                 
                           "Actual Startup Time": 313.984,                                                                   
                           "Actual Total Time": 15127.124,                                                                   
                           "Actual Rows": 248554,                                                                            
                           "Actual Loops": 1,                                                                                
                           "Inner Unique": true,                                                                             
                           "Shared Hit Blocks": 4320860,                                                                     
                           "Shared Read Blocks": 37685,                                                                      
                           "Shared Dirtied Blocks": 0,                                                                       
                           "Shared Written Blocks": 0,                                                                       
                           "Local Hit Blocks": 0,                                                                            
                           "Local Read Blocks": 0,                                                                           
                           "Local Dirtied Blocks": 0,                                                                        
                           "Local Written Blocks": 0,                                                                        
                           "Temp Read Blocks": 0,                                                                            
                           "Temp Written Blocks": 0,                                                                         
                           "Plans": [                                                                                        
                             {                                                                                               
                               "Node Type": "Nested Loop",                                                                   
                               "Parent Relationship": "Outer",                                                               
                               "Parallel Aware": false,                                                                      
                               "Join Type": "Inner",                                                                         
                               "Startup Cost": 0.01,                                                                         
                               "Total Cost": 1548.98,                                                                        
                               "Plan Rows": 7365,                                                                            
                               "Plan Width": 18,                                                                             
                               "Actual Startup Time": 132.128,                                                               
                               "Actual Total Time": 6987.594,                                                                
                               "Actual Rows": 584222,                                                                        
                               "Actual Loops": 1,                                                                            
                               "Inner Unique": true,                                                                         
                               "Join Filter": "(mc.company_type_id = ct.id)",                                                
                               "Rows Removed by Join Filter": 770661,                                                        
                               "Shared Hit Blocks": 1983341,                                                                 
                               "Shared Read Blocks": 33843,                                                                  
                               "Shared Dirtied Blocks": 0,                                                                   
                               "Shared Written Blocks": 0,                                                                   
                               "Local Hit Blocks": 0,                                                                        
                               "Local Read Blocks": 0,                                                                       
                               "Local Dirtied Blocks": 0,                                                                    
                               "Local Written Blocks": 0,                                                                    
                               "Temp Read Blocks": 0,                                                                        
                               "Temp Written Blocks": 0,                                                                     
                               "Plans": [                                                                                    
                                 {                                                                                           
                                   "Node Type": "Nested Loop",                                                               
                                   "Parent Relationship": "Outer",                                                           
                                   "Parallel Aware": false,                                                                  
                                   "Join Type": "Inner",                                                                     
                                   "Startup Cost": 0.01,                                                                     
                                   "Total Cost": 1542.33,                                                                    
                                   "Plan Rows": 29462,                                                                       
                                   "Plan Width": 22,                                                                         
                                   "Actual Startup Time": 51.345,                                                            
                                   "Actual Total Time": 6154.202,                                                            
                                   "Actual Rows": 1354883,                                                                   
                                   "Actual Loops": 1,                                                                        
                                   "Inner Unique": false,                                                                    
                                   "Shared Hit Blocks": 1983341,                                                             
                                   "Shared Read Blocks": 33842,                                                              
                                   "Shared Dirtied Blocks": 0,                                                               
                                   "Shared Written Blocks": 0,                                                               
                                   "Local Hit Blocks": 0,                                                                    
                                   "Local Read Blocks": 0,                                                                   
                                   "Local Dirtied Blocks": 0,                                                                
                                   "Local Written Blocks": 0,                                                                
                                   "Temp Read Blocks": 0,                                                                    
                                   "Temp Written Blocks": 0,                                                                 
                                   "Plans": [                                                                                
                                     {                                                                                       
                                       "Node Type": "Nested Loop",                                                           
                                       "Parent Relationship": "Outer",                                                       
                                       "Parallel Aware": false,                                                              
                                       "Join Type": "Inner",                                                                 
                                       "Startup Cost": 0.00,                                                                 
                                       "Total Cost": 670.32,                                                                 
                                       "Plan Rows": 12213,                                                                   
                                       "Plan Width": 10,                                                                     
                                       "Actual Startup Time": 19.482,                                                        
                                       "Actual Total Time": 1233.022,                                                        
                                       "Actual Rows": 459925,                                                                
                                       "Actual Loops": 1,                                                                    
                                       "Inner Unique": true,                                                                 
                                       "Join Filter": "(it.id = miidx.info_type_id)",                                        
                                       "Rows Removed by Join Filter": 920110,                                                
                                       "Shared Hit Blocks": 0,                                                               
                                       "Shared Read Blocks": 8454,                                                           
                                       "Shared Dirtied Blocks": 0,                                                           
                                       "Shared Written Blocks": 0,                                                           
                                       "Local Hit Blocks": 0,                                                                
                                       "Local Read Blocks": 0,                                                               
                                       "Local Dirtied Blocks": 0,                                                            
                                       "Local Written Blocks": 0,                                                            
                                       "Temp Read Blocks": 0,                                                                
                                       "Temp Written Blocks": 0,                                                             
                                       "Plans": [                                                                            
                                         {                                                                                   
                                           "Node Type": "Seq Scan",                                                          
                                           "Parent Relationship": "Outer",                                                   
                                           "Parallel Aware": false,                                                          
                                           "Relation Name": "movie_info_idx",                                                
                                           "Alias": "miidx",                                                                 
                                           "Startup Cost": 0.00,                                                             
                                           "Total Cost": 360.56,                                                             
                                           "Plan Rows": 1380035,                                                             
                                           "Plan Width": 14,                                                                 
                                           "Actual Startup Time": 11.909,                                                    
                                           "Actual Total Time": 315.168,                                                     
                                           "Actual Rows": 1380035,                                                           
                                           "Actual Loops": 1,                                                                
                                           "Shared Hit Blocks": 0,                                                           
                                           "Shared Read Blocks": 8453,                                                       
                                           "Shared Dirtied Blocks": 0,                                                       
                                           "Shared Written Blocks": 0,                                                       
                                           "Local Hit Blocks": 0,                                                            
                                           "Local Read Blocks": 0,                                                           
                                           "Local Dirtied Blocks": 0,                                                        
                                           "Local Written Blocks": 0,                                                        
                                           "Temp Read Blocks": 0,                                                            
                                           "Temp Written Blocks": 0                                                          
                                         },                                                                                  
                                         {                                                                                   
                                           "Node Type": "Materialize",                                                       
                                           "Parent Relationship": "Inner",                                                   
                                           "Parallel Aware": false,                                                          
                                           "Startup Cost": 0.00,                                                             
                                           "Total Cost": 0.05,                                                               
                                           "Plan Rows": 1,                                                                   
                                           "Plan Width": 4,                                                                  
                                           "Actual Startup Time": 0.000,                                                     
                                           "Actual Total Time": 0.000,                                                       
                                           "Actual Rows": 1,                                                                 
                                           "Actual Loops": 1380035,                                                          
                                           "Shared Hit Blocks": 0,                                                           
                                           "Shared Read Blocks": 1,                                                          
                                           "Shared Dirtied Blocks": 0,                                                       
                                           "Shared Written Blocks": 0,                                                       
                                           "Local Hit Blocks": 0,                                                            
                                           "Local Read Blocks": 0,                                                           
                                           "Local Dirtied Blocks": 0,                                                        
                                           "Local Written Blocks": 0,                                                        
                                           "Temp Read Blocks": 0,                                                            
                                           "Temp Written Blocks": 0,                                                         
                                           "Plans": [                                                                        
                                             {                                                                               
                                               "Node Type": "Seq Scan",                                                      
                                               "Parent Relationship": "Outer",                                               
                                               "Parallel Aware": false,                                                      
                                               "Relation Name": "info_type",                                                 
                                               "Alias": "it",                                                                
                                               "Startup Cost": 0.00,                                                         
                                               "Total Cost": 0.05,                                                           
                                               "Plan Rows": 1,                                                               
                                               "Plan Width": 4,                                                              
                                               "Actual Startup Time": 7.540,                                                 
                                               "Actual Total Time": 7.546,                                                   
                                               "Actual Rows": 1,                                                             
                                               "Actual Loops": 1,                                                            
                                               "Filter": "((info)::text = 'rating'::text)",                                  
                                               "Rows Removed by Filter": 112,                                                
                                               "Shared Hit Blocks": 0,                                                       
                                               "Shared Read Blocks": 1,                                                      
                                               "Shared Dirtied Blocks": 0,                                                   
                                               "Shared Written Blocks": 0,                                                   
                                               "Local Hit Blocks": 0,                                                        
                                               "Local Read Blocks": 0,                                                       
                                               "Local Dirtied Blocks": 0,                                                    
                                               "Local Written Blocks": 0,                                                    
                                               "Temp Read Blocks": 0,                                                        
                                               "Temp Written Blocks": 0                                                      
                                             }                                                                               
                                           ]                                                                                 
                                         }                                                                                   
                                       ]                                                                                     
                                     },                                                                                      
                                     {                                                                                       
                                       "Node Type": "Index Scan",                                                            
                                       "Parent Relationship": "Inner",                                                       
                                       "Parallel Aware": false,                                                              
                                       "Scan Direction": "Forward",                                                          
                                       "Index Name": "movie_id_movie_companies",                                             
                                       "Relation Name": "movie_companies",                                                   
                                       "Alias": "mc",                                                                        
                                       "Startup Cost": 0.01,                                                                 
                                       "Total Cost": 0.07,                                                                   
                                       "Plan Rows": 2,                                                                       
                                       "Plan Width": 12,                                                                     
                                       "Actual Startup Time": 0.006,                                                         
                                       "Actual Total Time": 0.009,                                                           
                                       "Actual Rows": 3,                                                                     
                                       "Actual Loops": 459925,                                                               
                                       "Index Cond": "(movie_id = miidx.movie_id)",                                          
                                       "Rows Removed by Index Recheck": 0,                                                   
                                       "Shared Hit Blocks": 1983341,                                                         
                                       "Shared Read Blocks": 25388,                                                          
                                       "Shared Dirtied Blocks": 0,                                                           
                                       "Shared Written Blocks": 0,                                                           
                                       "Local Hit Blocks": 0,                                                                
                                       "Local Read Blocks": 0,                                                               
                                       "Local Dirtied Blocks": 0,                                                            
                                       "Local Written Blocks": 0,                                                            
                                       "Temp Read Blocks": 0,                                                                
                                       "Temp Written Blocks": 0                                                              
                                     }                                                                                       
                                   ]                                                                                         
                                 },                                                                                          
                                 {                                                                                           
                                   "Node Type": "Materialize",                                                               
                                   "Parent Relationship": "Inner",                                                           
                                   "Parallel Aware": false,                                                                  
                                   "Startup Cost": 0.00,                                                                     
                                   "Total Cost": 0.03,                                                                       
                                   "Plan Rows": 1,                                                                           
                                   "Plan Width": 4,                                                                          
                                   "Actual Startup Time": 0.000,                                                             
                                   "Actual Total Time": 0.000,                                                               
                                   "Actual Rows": 1,                                                                         
                                   "Actual Loops": 1354883,                                                                  
                                   "Shared Hit Blocks": 0,                                                                   
                                   "Shared Read Blocks": 1,                                                                  
                                   "Shared Dirtied Blocks": 0,                                                               
                                   "Shared Written Blocks": 0,                                                               
                                   "Local Hit Blocks": 0,                                                                    
                                   "Local Read Blocks": 0,                                                                   
                                   "Local Dirtied Blocks": 0,                                                                
                                   "Local Written Blocks": 0,                                                                
                                   "Temp Read Blocks": 0,                                                                    
                                   "Temp Written Blocks": 0,                                                                 
                                   "Plans": [                                                                                
                                     {                                                                                       
                                       "Node Type": "Seq Scan",                                                              
                                       "Parent Relationship": "Outer",                                                       
                                       "Parallel Aware": false,                                                              
                                       "Relation Name": "company_type",                                                      
                                       "Alias": "ct",                                                                        
                                       "Startup Cost": 0.00,                                                                 
                                       "Total Cost": 0.03,                                                                   
                                       "Plan Rows": 1,                                                                       
                                       "Plan Width": 4,                                                                      
                                       "Actual Startup Time": 23.590,                                                        
                                       "Actual Total Time": 23.593,                                                          
                                       "Actual Rows": 1,                                                                     
                                       "Actual Loops": 1,                                                                    
                                       "Filter": "((kind)::text = 'production companies'::text)",                            
                                       "Rows Removed by Filter": 3,                                                          
                                       "Shared Hit Blocks": 0,                                                               
                                       "Shared Read Blocks": 1,                                                              
                                       "Shared Dirtied Blocks": 0,                                                           
                                       "Shared Written Blocks": 0,                                                           
                                       "Local Hit Blocks": 0,                                                                
                                       "Local Read Blocks": 0,                                                               
                                       "Local Dirtied Blocks": 0,                                                            
                                       "Local Written Blocks": 0,                                                            
                                       "Temp Read Blocks": 0,                                                                
                                       "Temp Written Blocks": 0                                                              
                                     }                                                                                       
                                   ]                                                                                         
                                 }                                                                                           
                               ]                                                                                             
                             },                                                                                              
                             {                                                                                               
                               "Node Type": "Index Scan",                                                                    
                               "Parent Relationship": "Inner",                                                               
                               "Parallel Aware": false,                                                                      
                               "Scan Direction": "Forward",                                                                  
                               "Index Name": "company_name_pkey",                                                            
                               "Relation Name": "company_name",                                                              
                               "Alias": "cn",                                                                                
                               "Startup Cost": 0.01,                                                                         
                               "Total Cost": 0.02,                                                                           
                               "Plan Rows": 1,                                                                               
                               "Plan Width": 23,                                                                             
                               "Actual Startup Time": 0.013,                                                                 
                               "Actual Total Time": 0.013,                                                                   
                               "Actual Rows": 0,                                                                             
                               "Actual Loops": 584222,                                                                       
                               "Index Cond": "(id = mc.company_id)",                                                         
                               "Rows Removed by Index Recheck": 0,                                                           
                               "Filter": "((country_code)::text = '[us]'::text)",                                            
                               "Rows Removed by Filter": 1,                                                                  
                               "Shared Hit Blocks": 2337519,                                                                 
                               "Shared Read Blocks": 3842,                                                                   
                               "Shared Dirtied Blocks": 0,                                                                   
                               "Shared Written Blocks": 0,                                                                   
                               "Local Hit Blocks": 0,                                                                        
                               "Local Read Blocks": 0,                                                                       
                               "Local Dirtied Blocks": 0,                                                                    
                               "Local Written Blocks": 0,                                                                    
                               "Temp Read Blocks": 0,                                                                        
                               "Temp Written Blocks": 0                                                                      
                             }                                                                                               
                           ]                                                                                                 
                         },                                                                                                  
                         {                                                                                                   
                           "Node Type": "Index Scan",                                                                        
                           "Parent Relationship": "Inner",                                                                   
                           "Parallel Aware": false,                                                                          
                           "Scan Direction": "Forward",                                                                      
                           "Index Name": "title_idx_id",                                                                     
                           "Relation Name": "title",                                                                         
                           "Alias": "t",                                                                                     
                           "Startup Cost": 0.01,                                                                             
                           "Total Cost": 0.06,                                                                               
                           "Plan Rows": 1,                                                                                   
                           "Plan Width": 25,                                                                                 
                           "Actual Startup Time": 0.074,                                                                     
                           "Actual Total Time": 0.074,                                                                       
                           "Actual Rows": 0,                                                                                 
                           "Actual Loops": 248554,                                                                           
                           "Index Cond": "(id = mc.movie_id)",                                                               
                           "Rows Removed by Index Recheck": 0,                                                               
                           "Filter": "((title <> ''::text) AND ((title ~~ 'Champion%'::text) OR (title ~~ 'Loser%'::text)))",
                           "Rows Removed by Filter": 1,                                                                      
                           "Shared Hit Blocks": 955270,                                                                      
                           "Shared Read Blocks": 40234,                                                                      
                           "Shared Dirtied Blocks": 0,                                                                       
                           "Shared Written Blocks": 0,                                                                       
                           "Local Hit Blocks": 0,                                                                            
                           "Local Read Blocks": 0,                                                                           
                           "Local Dirtied Blocks": 0,                                                                        
                           "Local Written Blocks": 0,                                                                        
                           "Temp Read Blocks": 0,                                                                            
                           "Temp Written Blocks": 0                                                                          
                         }                                                                                                   
                       ]                                                                                                     
                     },                                                                                                      
                     {                                                                                                       
                       "Node Type": "Materialize",                                                                           
                       "Parent Relationship": "Inner",                                                                       
                       "Parallel Aware": false,                                                                              
                       "Startup Cost": 0.00,                                                                                 
                       "Total Cost": 0.03,                                                                                   
                       "Plan Rows": 1,                                                                                       
                       "Plan Width": 4,                                                                                      
                       "Actual Startup Time": 0.830,                                                                         
                       "Actual Total Time": 0.830,                                                                           
                       "Actual Rows": 1,                                                                                     
                       "Actual Loops": 32,                                                                                   
                       "Shared Hit Blocks": 0,                                                                               
                       "Shared Read Blocks": 1,                                                                              
                       "Shared Dirtied Blocks": 0,                                                                           
                       "Shared Written Blocks": 0,                                                                           
                       "Local Hit Blocks": 0,                                                                                
                       "Local Read Blocks": 0,                                                                               
                       "Local Dirtied Blocks": 0,                                                                            
                       "Local Written Blocks": 0,                                                                            
                       "Temp Read Blocks": 0,                                                                                
                       "Temp Written Blocks": 0,                                                                             
                       "Plans": [                                                                                            
                         {                                                                                                   
                           "Node Type": "Seq Scan",                                                                          
                           "Parent Relationship": "Outer",                                                                   
                           "Parallel Aware": false,                                                                          
                           "Relation Name": "kind_type",                                                                     
                           "Alias": "kt",                                                                                    
                           "Startup Cost": 0.00,                                                                             
                           "Total Cost": 0.03,                                                                               
                           "Plan Rows": 1,                                                                                   
                           "Plan Width": 4,                                                                                  
                           "Actual Startup Time": 26.530,                                                                    
                           "Actual Total Time": 26.536,                                                                      
                           "Actual Rows": 1,                                                                                 
                           "Actual Loops": 1,                                                                                
                           "Filter": "((kind)::text = 'movie'::text)",                                                       
                           "Rows Removed by Filter": 6,                                                                      
                           "Shared Hit Blocks": 0,                                                                           
                           "Shared Read Blocks": 1,                                                                          
                           "Shared Dirtied Blocks": 0,                                                                       
                           "Shared Written Blocks": 0,                                                                       
                           "Local Hit Blocks": 0,                                                                            
                           "Local Read Blocks": 0,                                                                           
                           "Local Dirtied Blocks": 0,                                                                        
                           "Local Written Blocks": 0,                                                                        
                           "Temp Read Blocks": 0,                                                                            
                           "Temp Written Blocks": 0                                                                          
                         }                                                                                                   
                       ]                                                                                                     
                     }                                                                                                       
                   ]                                                                                                         
                 },                                                                                                          
                 {                                                                                                           
                   "Node Type": "Index Scan",                                                                                
                   "Parent Relationship": "Inner",                                                                           
                   "Parallel Aware": false,                                                                                  
                   "Scan Direction": "Forward",                                                                              
                   "Index Name": "movie_id_movie_info",                                                                      
                   "Relation Name": "movie_info",                                                                            
                   "Alias": "mi",                                                                                            
                   "Startup Cost": 0.01,                                                                                     
                   "Total Cost": 0.25,                                                                                       
                   "Plan Rows": 9,                                                                                           
                   "Plan Width": 8,                                                                                          
                   "Actual Startup Time": 7.315,                                                                             
                   "Actual Total Time": 30.886,                                                                              
                   "Actual Rows": 16,                                                                                        
                   "Actual Loops": 14,                                                                                       
                   "Index Cond": "(movie_id = mc.movie_id)",                                                                 
                   "Rows Removed by Index Recheck": 0,                                                                       
                   "Shared Hit Blocks": 118,                                                                                 
                   "Shared Read Blocks": 49,                                                                                 
                   "Shared Dirtied Blocks": 0,                                                                               
                   "Shared Written Blocks": 0,                                                                               
                   "Local Hit Blocks": 0,                                                                                    
                   "Local Read Blocks": 0,                                                                                   
                   "Local Dirtied Blocks": 0,                                                                                
                   "Local Written Blocks": 0,                                                                                
                   "Temp Read Blocks": 0,                                                                                    
                   "Temp Written Blocks": 0                                                                                  
                 }                                                                                                           
               ]                                                                                                             
             },                                                                                                              
             {                                                                                                               
               "Node Type": "Materialize",                                                                                   
               "Parent Relationship": "Inner",                                                                               
               "Parallel Aware": false,                                                                                      
               "Startup Cost": 0.00,                                                                                         
               "Total Cost": 0.05,                                                                                           
               "Plan Rows": 1,                                                                                               
               "Plan Width": 4,                                                                                              
               "Actual Startup Time": 0.000,                                                                                 
               "Actual Total Time": 0.001,                                                                                   
               "Actual Rows": 1,                                                                                             
               "Actual Loops": 218,                                                                                          
               "Shared Hit Blocks": 1,                                                                                       
               "Shared Read Blocks": 0,                                                                                      
               "Shared Dirtied Blocks": 0,                                                                                   
               "Shared Written Blocks": 0,                                                                                   
               "Local Hit Blocks": 0,                                                                                        
               "Local Read Blocks": 0,                                                                                       
               "Local Dirtied Blocks": 0,                                                                                    
               "Local Written Blocks": 0,                                                                                    
               "Temp Read Blocks": 0,                                                                                        
               "Temp Written Blocks": 0,                                                                                     
               "Plans": [                                                                                                    
                 {                                                                                                           
                   "Node Type": "Seq Scan",                                                                                  
                   "Parent Relationship": "Outer",                                                                           
                   "Parallel Aware": false,                                                                                  
                   "Relation Name": "info_type",                                                                             
                   "Alias": "it2",                                                                                           
                   "Startup Cost": 0.00,                                                                                     
                   "Total Cost": 0.05,                                                                                       
                   "Plan Rows": 1,                                                                                           
                   "Plan Width": 4,                                                                                          
                   "Actual Startup Time": 0.026,                                                                             
                   "Actual Total Time": 0.061,                                                                               
                   "Actual Rows": 1,                                                                                         
                   "Actual Loops": 1,                                                                                        
                   "Filter": "((info)::text = 'release dates'::text)",                                                       
                   "Rows Removed by Filter": 112,                                                                            
                   "Shared Hit Blocks": 1,                                                                                   
                   "Shared Read Blocks": 0,                                                                                  
                   "Shared Dirtied Blocks": 0,                                                                               
                   "Shared Written Blocks": 0,                                                                               
                   "Local Hit Blocks": 0,                                                                                    
                   "Local Read Blocks": 0,                                                                                   
                   "Local Dirtied Blocks": 0,                                                                                
                   "Local Written Blocks": 0,                                                                                
                   "Temp Read Blocks": 0,                                                                                    
                   "Temp Written Blocks": 0                                                                                  
                 }                                                                                                           
               ]                                                                                                             
             }                                                                                                               
           ]                                                                                                                 
         }                                                                                                                   
       ]                                                                                                                     
     },                                                                                                                      
     "Planning Time": 4599.609,                                                                                              
     "Triggers": [                                                                                                           
     ],                                                                                                                      
     "Execution Time": 34063.228                                                                                             
   }                                                                                                                         
 ]
