 [                                                                                                                         
   {                                                                                                                       
     "Plan": {                                                                                                             
       "Node Type": "Aggregate",                                                                                           
       "Strategy": "Plain",                                                                                                
       "Partial Mode": "Simple",                                                                                           
       "Parallel Aware": false,                                                                                            
       "Startup Cost": 8424.36,                                                                                            
       "Total Cost": 8424.36,                                                                                              
       "Plan Rows": 1,                                                                                                     
       "Plan Width": 64,                                                                                                   
       "Actual Startup Time": 40919.966,                                                                                   
       "Actual Total Time": 40919.966,                                                                                     
       "Actual Rows": 1,                                                                                                   
       "Actual Loops": 1,                                                                                                  
       "Shared Hit Blocks": 21751,                                                                                         
       "Shared Read Blocks": 169842,                                                                                       
       "Shared Dirtied Blocks": 0,                                                                                         
       "Shared Written Blocks": 0,                                                                                         
       "Local Hit Blocks": 0,                                                                                              
       "Local Read Blocks": 0,                                                                                             
       "Local Dirtied Blocks": 0,                                                                                          
       "Local Written Blocks": 0,                                                                                          
       "Temp Read Blocks": 0,                                                                                              
       "Temp Written Blocks": 0,                                                                                           
       "Plans": [                                                                                                          
         {                                                                                                                 
           "Node Type": "Nested Loop",                                                                                     
           "Parent Relationship": "Outer",                                                                                 
           "Parallel Aware": false,                                                                                        
           "Join Type": "Inner",                                                                                           
           "Startup Cost": 0.08,                                                                                           
           "Total Cost": 8424.36,                                                                                          
           "Plan Rows": 8,                                                                                                 
           "Plan Width": 59,                                                                                               
           "Actual Startup Time": 2820.539,                                                                                
           "Actual Total Time": 40919.332,                                                                                 
           "Actual Rows": 328,                                                                                             
           "Actual Loops": 1,                                                                                              
           "Inner Unique": false,                                                                                          
           "Join Filter": "(t.id = at.movie_id)",                                                                          
           "Rows Removed by Join Filter": 0,                                                                               
           "Shared Hit Blocks": 21751,                                                                                     
           "Shared Read Blocks": 169842,                                                                                   
           "Shared Dirtied Blocks": 0,                                                                                     
           "Shared Written Blocks": 0,                                                                                     
           "Local Hit Blocks": 0,                                                                                          
           "Local Read Blocks": 0,                                                                                         
           "Local Dirtied Blocks": 0,                                                                                      
           "Local Written Blocks": 0,                                                                                      
           "Temp Read Blocks": 0,                                                                                          
           "Temp Written Blocks": 0,                                                                                       
           "Plans": [                                                                                                      
             {                                                                                                             
               "Node Type": "Nested Loop",                                                                                 
               "Parent Relationship": "Outer",                                                                             
               "Parallel Aware": false,                                                                                    
               "Join Type": "Inner",                                                                                       
               "Startup Cost": 0.07,                                                                                       
               "Total Cost": 8424.23,                                                                                      
               "Plan Rows": 7,                                                                                             
               "Plan Width": 75,                                                                                           
               "Actual Startup Time": 1737.200,                                                                            
               "Actual Total Time": 40284.289,                                                                             
               "Actual Rows": 1398,                                                                                        
               "Actual Loops": 1,                                                                                          
               "Inner Unique": true,                                                                                       
               "Shared Hit Blocks": 17386,                                                                                 
               "Shared Read Blocks": 169685,                                                                               
               "Shared Dirtied Blocks": 0,                                                                                 
               "Shared Written Blocks": 0,                                                                                 
               "Local Hit Blocks": 0,                                                                                      
               "Local Read Blocks": 0,                                                                                     
               "Local Dirtied Blocks": 0,                                                                                  
               "Local Written Blocks": 0,                                                                                  
               "Temp Read Blocks": 0,                                                                                      
               "Temp Written Blocks": 0,                                                                                   
               "Plans": [                                                                                                  
                 {                                                                                                         
                   "Node Type": "Nested Loop",                                                                             
                   "Parent Relationship": "Outer",                                                                         
                   "Parallel Aware": false,                                                                                
                   "Join Type": "Inner",                                                                                   
                   "Startup Cost": 0.05,                                                                                   
                   "Total Cost": 8424.13,                                                                                  
                   "Plan Rows": 7,                                                                                         
                   "Plan Width": 79,                                                                                       
                   "Actual Startup Time": 1709.215,                                                                        
                   "Actual Total Time": 37701.081,                                                                         
                   "Actual Rows": 1398,                                                                                    
                   "Actual Loops": 1,                                                                                      
                   "Inner Unique": false,                                                                                  
                   "Shared Hit Blocks": 12302,                                                                             
                   "Shared Read Blocks": 169177,                                                                           
                   "Shared Dirtied Blocks": 0,                                                                             
                   "Shared Written Blocks": 0,                                                                             
                   "Local Hit Blocks": 0,                                                                                  
                   "Local Read Blocks": 0,                                                                                 
                   "Local Dirtied Blocks": 0,                                                                              
                   "Local Written Blocks": 0,                                                                              
                   "Temp Read Blocks": 0,                                                                                  
                   "Temp Written Blocks": 0,                                                                               
                   "Plans": [                                                                                              
                     {                                                                                                     
                       "Node Type": "Nested Loop",                                                                         
                       "Parent Relationship": "Outer",                                                                     
                       "Parallel Aware": false,                                                                            
                       "Join Type": "Inner",                                                                               
                       "Startup Cost": 0.04,                                                                               
                       "Total Cost": 8423.64,                                                                              
                       "Plan Rows": 1,                                                                                     
                       "Plan Width": 71,                                                                                   
                       "Actual Startup Time": 1678.922,                                                                    
                       "Actual Total Time": 33333.734,                                                                     
                       "Actual Rows": 659,                                                                                 
                       "Actual Loops": 1,                                                                                  
                       "Inner Unique": false,                                                                              
                       "Join Filter": "(mc.company_type_id = ct.id)",                                                      
                       "Rows Removed by Join Filter": 1977,                                                                
                       "Shared Hit Blocks": 10822,                                                                         
                       "Shared Read Blocks": 168458,                                                                       
                       "Shared Dirtied Blocks": 0,                                                                         
                       "Shared Written Blocks": 0,                                                                         
                       "Local Hit Blocks": 0,                                                                              
                       "Local Read Blocks": 0,                                                                             
                       "Local Dirtied Blocks": 0,                                                                          
                       "Local Written Blocks": 0,                                                                          
                       "Temp Read Blocks": 0,                                                                              
                       "Temp Written Blocks": 0,                                                                           
                       "Plans": [                                                                                          
                         {                                                                                                 
                           "Node Type": "Seq Scan",                                                                        
                           "Parent Relationship": "Outer",                                                                 
                           "Parallel Aware": false,                                                                        
                           "Relation Name": "company_type",                                                                
                           "Alias": "ct",                                                                                  
                           "Startup Cost": 0.00,                                                                           
                           "Total Cost": 0.03,                                                                             
                           "Plan Rows": 4,                                                                                 
                           "Plan Width": 4,                                                                                
                           "Actual Startup Time": 8.286,                                                                   
                           "Actual Total Time": 8.289,                                                                     
                           "Actual Rows": 4,                                                                               
                           "Actual Loops": 1,                                                                              
                           "Shared Hit Blocks": 0,                                                                         
                           "Shared Read Blocks": 1,                                                                        
                           "Shared Dirtied Blocks": 0,                                                                     
                           "Shared Written Blocks": 0,                                                                     
                           "Local Hit Blocks": 0,                                                                          
                           "Local Read Blocks": 0,                                                                         
                           "Local Dirtied Blocks": 0,                                                                      
                           "Local Written Blocks": 0,                                                                      
                           "Temp Read Blocks": 0,                                                                          
                           "Temp Written Blocks": 0                                                                        
                         },                                                                                                
                         {                                                                                                 
                           "Node Type": "Materialize",                                                                     
                           "Parent Relationship": "Inner",                                                                 
                           "Parallel Aware": false,                                                                        
                           "Startup Cost": 0.04,                                                                           
                           "Total Cost": 8423.60,                                                                          
                           "Plan Rows": 1,                                                                                 
                           "Plan Width": 75,                                                                               
                           "Actual Startup Time": 417.657,                                                                 
                           "Actual Total Time": 8331.010,                                                                  
                           "Actual Rows": 659,                                                                             
                           "Actual Loops": 4,                                                                              
                           "Shared Hit Blocks": 10822,                                                                     
                           "Shared Read Blocks": 168457,                                                                   
                           "Shared Dirtied Blocks": 0,                                                                     
                           "Shared Written Blocks": 0,                                                                     
                           "Local Hit Blocks": 0,                                                                          
                           "Local Read Blocks": 0,                                                                         
                           "Local Dirtied Blocks": 0,                                                                      
                           "Local Written Blocks": 0,                                                                      
                           "Temp Read Blocks": 0,                                                                          
                           "Temp Written Blocks": 0,                                                                       
                           "Plans": [                                                                                      
                             {                                                                                             
                               "Node Type": "Nested Loop",                                                                 
                               "Parent Relationship": "Outer",                                                             
                               "Parallel Aware": false,                                                                    
                               "Join Type": "Inner",                                                                       
                               "Startup Cost": 0.04,                                                                       
                               "Total Cost": 8423.60,                                                                      
                               "Plan Rows": 1,                                                                             
                               "Plan Width": 75,                                                                           
                               "Actual Startup Time": 1670.604,                                                            
                               "Actual Total Time": 33320.965,                                                             
                               "Actual Rows": 659,                                                                         
                               "Actual Loops": 1,                                                                          
                               "Inner Unique": true,                                                                       
                               "Shared Hit Blocks": 10822,                                                                 
                               "Shared Read Blocks": 168457,                                                               
                               "Shared Dirtied Blocks": 0,                                                                 
                               "Shared Written Blocks": 0,                                                                 
                               "Local Hit Blocks": 0,                                                                      
                               "Local Read Blocks": 0,                                                                     
                               "Local Dirtied Blocks": 0,                                                                  
                               "Local Written Blocks": 0,                                                                  
                               "Temp Read Blocks": 0,                                                                      
                               "Temp Written Blocks": 0,                                                                   
                               "Plans": [                                                                                  
                                 {                                                                                         
                                   "Node Type": "Nested Loop",                                                             
                                   "Parent Relationship": "Outer",                                                         
                                   "Parallel Aware": false,                                                                
                                   "Join Type": "Inner",                                                                   
                                   "Startup Cost": 0.03,                                                                   
                                   "Total Cost": 8420.16,                                                                  
                                   "Plan Rows": 1,                                                                         
                                   "Plan Width": 79,                                                                       
                                   "Actual Startup Time": 1618.010,                                                        
                                   "Actual Total Time": 29647.985,                                                         
                                   "Actual Rows": 688,                                                                     
                                   "Actual Loops": 1,                                                                      
                                   "Inner Unique": false,                                                                  
                                   "Shared Hit Blocks": 8443,                                                              
                                   "Shared Read Blocks": 168082,                                                           
                                   "Shared Dirtied Blocks": 0,                                                             
                                   "Shared Written Blocks": 0,                                                             
                                   "Local Hit Blocks": 0,                                                                  
                                   "Local Read Blocks": 0,                                                                 
                                   "Local Dirtied Blocks": 0,                                                              
                                   "Local Written Blocks": 0,                                                              
                                   "Temp Read Blocks": 0,                                                                  
                                   "Temp Written Blocks": 0,                                                               
                                   "Plans": [                                                                              
                                     {                                                                                     
                                       "Node Type": "Nested Loop",                                                         
                                       "Parent Relationship": "Outer",                                                     
                                       "Parallel Aware": false,                                                            
                                       "Join Type": "Inner",                                                               
                                       "Startup Cost": 0.01,                                                               
                                       "Total Cost": 8419.80,                                                              
                                       "Plan Rows": 1,                                                                     
                                       "Plan Width": 67,                                                                   
                                       "Actual Startup Time": 1584.853,                                                    
                                       "Actual Total Time": 22679.911,                                                     
                                       "Actual Rows": 1749,                                                                
                                       "Actual Loops": 1,                                                                  
                                       "Inner Unique": true,                                                               
                                       "Shared Hit Blocks": 4139,                                                          
                                       "Shared Read Blocks": 164843,                                                       
                                       "Shared Dirtied Blocks": 0,                                                         
                                       "Shared Written Blocks": 0,                                                         
                                       "Local Hit Blocks": 0,                                                              
                                       "Local Read Blocks": 0,                                                             
                                       "Local Dirtied Blocks": 0,                                                          
                                       "Local Written Blocks": 0,                                                          
                                       "Temp Read Blocks": 0,                                                              
                                       "Temp Written Blocks": 0,                                                           
                                       "Plans": [                                                                          
                                         {                                                                                 
                                           "Node Type": "Nested Loop",                                                     
                                           "Parent Relationship": "Outer",                                                 
                                           "Parallel Aware": false,                                                        
                                           "Join Type": "Inner",                                                           
                                           "Startup Cost": 0.00,                                                           
                                           "Total Cost": 8407.62,                                                          
                                           "Plan Rows": 2,                                                                 
                                           "Plan Width": 46,                                                               
                                           "Actual Startup Time": 1544.378,                                                
                                           "Actual Total Time": 10268.210,                                                 
                                           "Actual Rows": 1771,                                                            
                                           "Actual Loops": 1,                                                              
                                           "Inner Unique": true,                                                           
                                           "Join Filter": "(it1.id = mi.info_type_id)",                                    
                                           "Rows Removed by Join Filter": 0,                                               
                                           "Shared Hit Blocks": 0,                                                         
                                           "Shared Read Blocks": 161893,                                                   
                                           "Shared Dirtied Blocks": 0,                                                     
                                           "Shared Written Blocks": 0,                                                     
                                           "Local Hit Blocks": 0,                                                          
                                           "Local Read Blocks": 0,                                                         
                                           "Local Dirtied Blocks": 0,                                                      
                                           "Local Written Blocks": 0,                                                      
                                           "Temp Read Blocks": 0,                                                          
                                           "Temp Written Blocks": 0,                                                       
                                           "Plans": [                                                                      
                                             {                                                                             
                                               "Node Type": "Seq Scan",                                                    
                                               "Parent Relationship": "Outer",                                             
                                               "Parallel Aware": false,                                                    
                                               "Relation Name": "movie_info",                                              
                                               "Alias": "mi",                                                              
                                               "Startup Cost": 0.00,                                                       
                                               "Total Cost": 8407.52,                                                      
                                               "Plan Rows": 260,                                                           
                                               "Plan Width": 50,                                                           
                                               "Actual Startup Time": 1523.045,                                            
                                               "Actual Total Time": 10241.510,                                             
                                               "Actual Rows": 1771,                                                        
                                               "Actual Loops": 1,                                                          
                                               "Filter": "((note ~~ '%internet%'::text) AND (info ~~ 'USA:% 200%'::text))",
                                               "Rows Removed by Filter": 14833949,                                         
                                               "Shared Hit Blocks": 0,                                                     
                                               "Shared Read Blocks": 161892,                                               
                                               "Shared Dirtied Blocks": 0,                                                 
                                               "Shared Written Blocks": 0,                                                 
                                               "Local Hit Blocks": 0,                                                      
                                               "Local Read Blocks": 0,                                                     
                                               "Local Dirtied Blocks": 0,                                                  
                                               "Local Written Blocks": 0,                                                  
                                               "Temp Read Blocks": 0,                                                      
                                               "Temp Written Blocks": 0                                                    
                                             },                                                                            
                                             {                                                                             
                                               "Node Type": "Materialize",                                                 
                                               "Parent Relationship": "Inner",                                             
                                               "Parallel Aware": false,                                                    
                                               "Startup Cost": 0.00,                                                       
                                               "Total Cost": 0.05,                                                         
                                               "Plan Rows": 1,                                                             
                                               "Plan Width": 4,                                                            
                                               "Actual Startup Time": 0.013,                                               
                                               "Actual Total Time": 0.013,                                                 
                                               "Actual Rows": 1,                                                           
                                               "Actual Loops": 1771,                                                       
                                               "Shared Hit Blocks": 0,                                                     
                                               "Shared Read Blocks": 1,                                                    
                                               "Shared Dirtied Blocks": 0,                                                 
                                               "Shared Written Blocks": 0,                                                 
                                               "Local Hit Blocks": 0,                                                      
                                               "Local Read Blocks": 0,                                                     
                                               "Local Dirtied Blocks": 0,                                                  
                                               "Local Written Blocks": 0,                                                  
                                               "Temp Read Blocks": 0,                                                      
                                               "Temp Written Blocks": 0,                                                   
                                               "Plans": [                                                                  
                                                 {                                                                         
                                                   "Node Type": "Seq Scan",                                                
                                                   "Parent Relationship": "Outer",                                         
                                                   "Parallel Aware": false,                                                
                                                   "Relation Name": "info_type",                                           
                                                   "Alias": "it1",                                                         
                                                   "Startup Cost": 0.00,                                                   
                                                   "Total Cost": 0.05,                                                     
                                                   "Plan Rows": 1,                                                         
                                                   "Plan Width": 4,                                                        
                                                   "Actual Startup Time": 21.313,                                          
                                                   "Actual Total Time": 21.313,                                            
                                                   "Actual Rows": 1,                                                       
                                                   "Actual Loops": 1,                                                      
                                                   "Filter": "((info)::text = 'release dates'::text)",                     
                                                   "Rows Removed by Filter": 15,                                           
                                                   "Shared Hit Blocks": 0,                                                 
                                                   "Shared Read Blocks": 1,                                                
                                                   "Shared Dirtied Blocks": 0,                                             
                                                   "Shared Written Blocks": 0,                                             
                                                   "Local Hit Blocks": 0,                                                  
                                                   "Local Read Blocks": 0,                                                 
                                                   "Local Dirtied Blocks": 0,                                              
                                                   "Local Written Blocks": 0,                                              
                                                   "Temp Read Blocks": 0,                                                  
                                                   "Temp Written Blocks": 0                                                
                                                 }                                                                         
                                               ]                                                                           
                                             }                                                                             
                                           ]                                                                               
                                         },                                                                                
                                         {                                                                                 
                                           "Node Type": "Index Scan",                                                      
                                           "Parent Relationship": "Inner",                                                 
                                           "Parallel Aware": false,                                                        
                                           "Scan Direction": "Forward",                                                    
                                           "Index Name": "title_idx_id",                                                   
                                           "Relation Name": "title",                                                       
                                           "Alias": "t",                                                                   
                                           "Startup Cost": 0.01,                                                           
                                           "Total Cost": 6.09,                                                             
                                           "Plan Rows": 1,                                                                 
                                           "Plan Width": 21,                                                               
                                           "Actual Startup Time": 7.004,                                                   
                                           "Actual Total Time": 7.004,                                                     
                                           "Actual Rows": 1,                                                               
                                           "Actual Loops": 1771,                                                           
                                           "Index Cond": "(id = mi.movie_id)",                                             
                                           "Rows Removed by Index Recheck": 0,                                             
                                           "Filter": "(production_year > 2000)",                                           
                                           "Rows Removed by Filter": 0,                                                    
                                           "Shared Hit Blocks": 4139,                                                      
                                           "Shared Read Blocks": 2950,                                                     
                                           "Shared Dirtied Blocks": 0,                                                     
                                           "Shared Written Blocks": 0,                                                     
                                           "Local Hit Blocks": 0,                                                          
                                           "Local Read Blocks": 0,                                                         
                                           "Local Dirtied Blocks": 0,                                                      
                                           "Local Written Blocks": 0,                                                      
                                           "Temp Read Blocks": 0,                                                          
                                           "Temp Written Blocks": 0                                                        
                                         }                                                                                 
                                       ]                                                                                   
                                     },                                                                                    
                                     {                                                                                     
                                       "Node Type": "Index Scan",                                                          
                                       "Parent Relationship": "Inner",                                                     
                                       "Parallel Aware": false,                                                            
                                       "Scan Direction": "Forward",                                                        
                                       "Index Name": "movie_id_movie_companies",                                           
                                       "Relation Name": "movie_companies",                                                 
                                       "Alias": "mc",                                                                      
                                       "Startup Cost": 0.01,                                                               
                                       "Total Cost": 0.07,                                                                 
                                       "Plan Rows": 1,                                                                     
                                       "Plan Width": 12,                                                                   
                                       "Actual Startup Time": 3.604,                                                       
                                       "Actual Total Time": 3.979,                                                         
                                       "Actual Rows": 0,                                                                   
                                       "Actual Loops": 1749,                                                               
                                       "Index Cond": "(movie_id = t.id)",                                                  
                                       "Rows Removed by Index Recheck": 0,                                                 
                                       "Filter": "((note ~~ '%(200%)%'::text) AND (note ~~ '%(worldwide)%'::text))",       
                                       "Rows Removed by Filter": 1,                                                        
                                       "Shared Hit Blocks": 4304,                                                          
                                       "Shared Read Blocks": 3239,                                                         
                                       "Shared Dirtied Blocks": 0,                                                         
                                       "Shared Written Blocks": 0,                                                         
                                       "Local Hit Blocks": 0,                                                              
                                       "Local Read Blocks": 0,                                                             
                                       "Local Dirtied Blocks": 0,                                                          
                                       "Local Written Blocks": 0,                                                          
                                       "Temp Read Blocks": 0,                                                              
                                       "Temp Written Blocks": 0                                                            
                                     }                                                                                     
                                   ]                                                                                       
                                 },                                                                                        
                                 {                                                                                         
                                   "Node Type": "Index Scan",                                                              
                                   "Parent Relationship": "Inner",                                                         
                                   "Parallel Aware": false,                                                                
                                   "Scan Direction": "Forward",                                                            
                                   "Index Name": "company_name_pkey",                                                      
                                   "Relation Name": "company_name",                                                        
                                   "Alias": "cn",                                                                          
                                   "Startup Cost": 0.01,                                                                   
                                   "Total Cost": 0.69,                                                                     
                                   "Plan Rows": 1,                                                                         
                                   "Plan Width": 4,                                                                        
                                   "Actual Startup Time": 5.333,                                                           
                                   "Actual Total Time": 5.333,                                                             
                                   "Actual Rows": 1,                                                                       
                                   "Actual Loops": 688,                                                                    
                                   "Index Cond": "(id = mc.company_id)",                                                   
                                   "Rows Removed by Index Recheck": 0,                                                     
                                   "Filter": "((country_code)::text = '[us]'::text)",                                      
                                   "Rows Removed by Filter": 0,                                                            
                                   "Shared Hit Blocks": 2379,                                                              
                                   "Shared Read Blocks": 375,                                                              
                                   "Shared Dirtied Blocks": 0,                                                             
                                   "Shared Written Blocks": 0,                                                             
                                   "Local Hit Blocks": 0,                                                                  
                                   "Local Read Blocks": 0,                                                                 
                                   "Local Dirtied Blocks": 0,                                                              
                                   "Local Written Blocks": 0,                                                              
                                   "Temp Read Blocks": 0,                                                                  
                                   "Temp Written Blocks": 0                                                                
                                 }                                                                                         
                               ]                                                                                           
                             }                                                                                             
                           ]                                                                                               
                         }                                                                                                 
                       ]                                                                                                   
                     },                                                                                                    
                     {                                                                                                     
                       "Node Type": "Index Scan",                                                                          
                       "Parent Relationship": "Inner",                                                                     
                       "Parallel Aware": false,                                                                            
                       "Scan Direction": "Forward",                                                                        
                       "Index Name": "movie_id_movie_keyword",                                                             
                       "Relation Name": "movie_keyword",                                                                   
                       "Alias": "mk",                                                                                      
                       "Startup Cost": 0.01,                                                                               
                       "Total Cost": 0.10,                                                                                 
                       "Plan Rows": 11,                                                                                    
                       "Plan Width": 8,                                                                                    
                       "Actual Startup Time": 6.618,                                                                       
                       "Actual Total Time": 6.622,                                                                         
                       "Actual Rows": 2,                                                                                   
                       "Actual Loops": 659,                                                                                
                       "Index Cond": "(movie_id = t.id)",                                                                  
                       "Rows Removed by Index Recheck": 0,                                                                 
                       "Shared Hit Blocks": 1480,                                                                          
                       "Shared Read Blocks": 719,                                                                          
                       "Shared Dirtied Blocks": 0,                                                                         
                       "Shared Written Blocks": 0,                                                                         
                       "Local Hit Blocks": 0,                                                                              
                       "Local Read Blocks": 0,                                                                             
                       "Local Dirtied Blocks": 0,                                                                          
                       "Local Written Blocks": 0,                                                                          
                       "Temp Read Blocks": 0,                                                                              
                       "Temp Written Blocks": 0                                                                            
                     }                                                                                                     
                   ]                                                                                                       
                 },                                                                                                        
                 {                                                                                                         
                   "Node Type": "Index Scan",                                                                              
                   "Parent Relationship": "Inner",                                                                         
                   "Parallel Aware": false,                                                                                
                   "Scan Direction": "Forward",                                                                            
                   "Index Name": "keyword_pkey",                                                                           
                   "Relation Name": "keyword",                                                                             
                   "Alias": "k",                                                                                           
                   "Startup Cost": 0.01,                                                                                   
                   "Total Cost": 0.01,                                                                                     
                   "Plan Rows": 1,                                                                                         
                   "Plan Width": 4,                                                                                        
                   "Actual Startup Time": 1.845,                                                                           
                   "Actual Total Time": 1.845,                                                                             
                   "Actual Rows": 1,                                                                                       
                   "Actual Loops": 1398,                                                                                   
                   "Index Cond": "(id = mk.keyword_id)",                                                                   
                   "Rows Removed by Index Recheck": 0,                                                                     
                   "Shared Hit Blocks": 5084,                                                                              
                   "Shared Read Blocks": 508,                                                                              
                   "Shared Dirtied Blocks": 0,                                                                             
                   "Shared Written Blocks": 0,                                                                             
                   "Local Hit Blocks": 0,                                                                                  
                   "Local Read Blocks": 0,                                                                                 
                   "Local Dirtied Blocks": 0,                                                                              
                   "Local Written Blocks": 0,                                                                              
                   "Temp Read Blocks": 0,                                                                                  
                   "Temp Written Blocks": 0                                                                                
                 }                                                                                                         
               ]                                                                                                           
             },                                                                                                            
             {                                                                                                             
               "Node Type": "Index Scan",                                                                                  
               "Parent Relationship": "Inner",                                                                             
               "Parallel Aware": false,                                                                                    
               "Scan Direction": "Forward",                                                                                
               "Index Name": "movie_id_aka_title",                                                                         
               "Relation Name": "aka_title",                                                                               
               "Alias": "at",                                                                                              
               "Startup Cost": 0.01,                                                                                       
               "Total Cost": 0.02,                                                                                         
               "Plan Rows": 2,                                                                                             
               "Plan Width": 4,                                                                                            
               "Actual Startup Time": 0.432,                                                                               
               "Actual Total Time": 0.452,                                                                                 
               "Actual Rows": 0,                                                                                           
               "Actual Loops": 1398,                                                                                       
               "Index Cond": "(movie_id = mk.movie_id)",                                                                   
               "Rows Removed by Index Recheck": 0,                                                                         
               "Shared Hit Blocks": 4365,                                                                                  
               "Shared Read Blocks": 157,                                                                                  
               "Shared Dirtied Blocks": 0,                                                                                 
               "Shared Written Blocks": 0,                                                                                 
               "Local Hit Blocks": 0,                                                                                      
               "Local Read Blocks": 0,                                                                                     
               "Local Dirtied Blocks": 0,                                                                                  
               "Local Written Blocks": 0,                                                                                  
               "Temp Read Blocks": 0,                                                                                      
               "Temp Written Blocks": 0                                                                                    
             }                                                                                                             
           ]                                                                                                               
         }                                                                                                                 
       ]                                                                                                                   
     },                                                                                                                    
     "Planning Time": 6643.869,                                                                                            
     "Triggers": [                                                                                                         
     ],                                                                                                                    
     "Execution Time": 40938.143                                                                                           
   }                                                                                                                       
 ]
