 [                                                                                                
   {                                                                                              
     "Plan": {                                                                                    
       "Node Type": "Aggregate",                                                                  
       "Strategy": "Plain",                                                                       
       "Partial Mode": "Simple",                                                                  
       "Parallel Aware": false,                                                                   
       "Startup Cost": 7468.47,                                                                   
       "Total Cost": 7468.47,                                                                     
       "Plan Rows": 1,                                                                            
       "Plan Width": 64,                                                                          
       "Actual Startup Time": 39520.494,                                                          
       "Actual Total Time": 39520.494,                                                            
       "Actual Rows": 1,                                                                          
       "Actual Loops": 1,                                                                         
       "Shared Hit Blocks": 91083,                                                                
       "Shared Read Blocks": 167091,                                                              
       "Shared Dirtied Blocks": 0,                                                                
       "Shared Written Blocks": 0,                                                                
       "Local Hit Blocks": 0,                                                                     
       "Local Read Blocks": 0,                                                                    
       "Local Dirtied Blocks": 0,                                                                 
       "Local Written Blocks": 0,                                                                 
       "Temp Read Blocks": 0,                                                                     
       "Temp Written Blocks": 0,                                                                  
       "Plans": [                                                                                 
         {                                                                                        
           "Node Type": "Nested Loop",                                                            
           "Parent Relationship": "Outer",                                                        
           "Parallel Aware": false,                                                               
           "Join Type": "Inner",                                                                  
           "Startup Cost": 0.08,                                                                  
           "Total Cost": 7468.40,                                                                 
           "Plan Rows": 414,                                                                      
           "Plan Width": 38,                                                                      
           "Actual Startup Time": 1872.611,                                                       
           "Actual Total Time": 39485.878,                                                        
           "Actual Rows": 11347,                                                                  
           "Actual Loops": 1,                                                                     
           "Inner Unique": true,                                                                  
           "Shared Hit Blocks": 91083,                                                            
           "Shared Read Blocks": 167091,                                                          
           "Shared Dirtied Blocks": 0,                                                            
           "Shared Written Blocks": 0,                                                            
           "Local Hit Blocks": 0,                                                                 
           "Local Read Blocks": 0,                                                                
           "Local Dirtied Blocks": 0,                                                             
           "Local Written Blocks": 0,                                                             
           "Temp Read Blocks": 0,                                                                 
           "Temp Written Blocks": 0,                                                              
           "Plans": [                                                                             
             {                                                                                    
               "Node Type": "Nested Loop",                                                        
               "Parent Relationship": "Outer",                                                    
               "Parallel Aware": false,                                                           
               "Join Type": "Inner",                                                              
               "Startup Cost": 0.07,                                                              
               "Total Cost": 7462.52,                                                             
               "Plan Rows": 414,                                                                  
               "Plan Width": 42,                                                                  
               "Actual Startup Time": 1836.068,                                                   
               "Actual Total Time": 36561.683,                                                    
               "Actual Rows": 11347,                                                              
               "Actual Loops": 1,                                                                 
               "Inner Unique": false,                                                             
               "Join Filter": "(t.id = mk.movie_id)",                                             
               "Rows Removed by Join Filter": 0,                                                  
               "Shared Hit Blocks": 46420,                                                        
               "Shared Read Blocks": 166344,                                                      
               "Shared Dirtied Blocks": 0,                                                        
               "Shared Written Blocks": 0,                                                        
               "Local Hit Blocks": 0,                                                             
               "Local Read Blocks": 0,                                                            
               "Local Dirtied Blocks": 0,                                                         
               "Local Written Blocks": 0,                                                         
               "Temp Read Blocks": 0,                                                             
               "Temp Written Blocks": 0,                                                          
               "Plans": [                                                                         
                 {                                                                                
                   "Node Type": "Nested Loop",                                                    
                   "Parent Relationship": "Outer",                                                
                   "Parallel Aware": false,                                                       
                   "Join Type": "Inner",                                                          
                   "Startup Cost": 0.05,                                                          
                   "Total Cost": 7460.71,                                                         
                   "Plan Rows": 30,                                                               
                   "Plan Width": 54,                                                              
                   "Actual Startup Time": 1799.896,                                               
                   "Actual Total Time": 32958.221,                                                
                   "Actual Rows": 875,                                                            
                   "Actual Loops": 1,                                                             
                   "Inner Unique": true,                                                          
                   "Join Filter": "(mc.company_type_id = ct.id)",                                 
                   "Rows Removed by Join Filter": 382,                                            
                   "Shared Hit Blocks": 43487,                                                    
                   "Shared Read Blocks": 165909,                                                  
                   "Shared Dirtied Blocks": 0,                                                    
                   "Shared Written Blocks": 0,                                                    
                   "Local Hit Blocks": 0,                                                         
                   "Local Read Blocks": 0,                                                        
                   "Local Dirtied Blocks": 0,                                                     
                   "Local Written Blocks": 0,                                                     
                   "Temp Read Blocks": 0,                                                         
                   "Temp Written Blocks": 0,                                                      
                   "Plans": [                                                                     
                     {                                                                            
                       "Node Type": "Nested Loop",                                                
                       "Parent Relationship": "Outer",                                            
                       "Parallel Aware": false,                                                   
                       "Join Type": "Inner",                                                      
                       "Startup Cost": 0.05,                                                      
                       "Total Cost": 7460.66,                                                     
                       "Plan Rows": 30,                                                           
                       "Plan Width": 58,                                                          
                       "Actual Startup Time": 1775.930,                                           
                       "Actual Total Time": 32931.258,                                            
                       "Actual Rows": 875,                                                        
                       "Actual Loops": 1,                                                         
                       "Inner Unique": true,                                                      
                       "Join Filter": "(at.movie_id = t.id)",                                     
                       "Rows Removed by Join Filter": 0,                                          
                       "Shared Hit Blocks": 43487,                                                
                       "Shared Read Blocks": 165908,                                              
                       "Shared Dirtied Blocks": 0,                                                
                       "Shared Written Blocks": 0,                                                
                       "Local Hit Blocks": 0,                                                     
                       "Local Read Blocks": 0,                                                    
                       "Local Dirtied Blocks": 0,                                                 
                       "Local Written Blocks": 0,                                                 
                       "Temp Read Blocks": 0,                                                     
                       "Temp Written Blocks": 0,                                                  
                       "Plans": [                                                                 
                         {                                                                        
                           "Node Type": "Nested Loop",                                            
                           "Parent Relationship": "Outer",                                        
                           "Parallel Aware": false,                                               
                           "Join Type": "Inner",                                                  
                           "Startup Cost": 0.04,                                                  
                           "Total Cost": 7457.84,                                                 
                           "Plan Rows": 44,                                                       
                           "Plan Width": 37,                                                      
                           "Actual Startup Time": 1724.212,                                       
                           "Actual Total Time": 27483.066,                                        
                           "Actual Rows": 896,                                                    
                           "Actual Loops": 1,                                                     
                           "Inner Unique": true,                                                  
                           "Shared Hit Blocks": 40387,                                            
                           "Shared Read Blocks": 165422,                                          
                           "Shared Dirtied Blocks": 0,                                            
                           "Shared Written Blocks": 0,                                            
                           "Local Hit Blocks": 0,                                                 
                           "Local Read Blocks": 0,                                                
                           "Local Dirtied Blocks": 0,                                             
                           "Local Written Blocks": 0,                                             
                           "Temp Read Blocks": 0,                                                 
                           "Temp Written Blocks": 0,                                              
                           "Plans": [                                                             
                             {                                                                    
                               "Node Type": "Nested Loop",                                        
                               "Parent Relationship": "Outer",                                    
                               "Parallel Aware": false,                                           
                               "Join Type": "Inner",                                              
                               "Startup Cost": 0.03,                                              
                               "Total Cost": 7455.66,                                             
                               "Plan Rows": 122,                                                  
                               "Plan Width": 41,                                                  
                               "Actual Startup Time": 1669.430,                                   
                               "Actual Total Time": 18450.815,                                    
                               "Actual Rows": 2130,                                               
                               "Actual Loops": 1,                                                 
                               "Inner Unique": false,                                             
                               "Shared Hit Blocks": 32893,                                        
                               "Shared Read Blocks": 164384,                                      
                               "Shared Dirtied Blocks": 0,                                        
                               "Shared Written Blocks": 0,                                        
                               "Local Hit Blocks": 0,                                             
                               "Local Read Blocks": 0,                                            
                               "Local Dirtied Blocks": 0,                                         
                               "Local Written Blocks": 0,                                         
                               "Temp Read Blocks": 0,                                             
                               "Temp Written Blocks": 0,                                          
                               "Plans": [                                                         
                                 {                                                                
                                   "Node Type": "Nested Loop",                                    
                                   "Parent Relationship": "Outer",                                
                                   "Parallel Aware": false,                                       
                                   "Join Type": "Inner",                                          
                                   "Startup Cost": 0.01,                                          
                                   "Total Cost": 7446.55,                                         
                                   "Plan Rows": 39,                                               
                                   "Plan Width": 29,                                              
                                   "Actual Startup Time": 1616.895,                               
                                   "Actual Total Time": 13661.989,                                
                                   "Actual Rows": 591,                                            
                                   "Actual Loops": 1,                                             
                                   "Inner Unique": false,                                         
                                   "Shared Hit Blocks": 31167,                                    
                                   "Shared Read Blocks": 163377,                                  
                                   "Shared Dirtied Blocks": 0,                                    
                                   "Shared Written Blocks": 0,                                    
                                   "Local Hit Blocks": 0,                                         
                                   "Local Read Blocks": 0,                                        
                                   "Local Dirtied Blocks": 0,                                     
                                   "Local Written Blocks": 0,                                     
                                   "Temp Read Blocks": 0,                                         
                                   "Temp Written Blocks": 0,                                      
                                   "Plans": [                                                     
                                     {                                                            
                                       "Node Type": "Nested Loop",                                
                                       "Parent Relationship": "Outer",                            
                                       "Parallel Aware": false,                                   
                                       "Join Type": "Inner",                                      
                                       "Startup Cost": 0.00,                                      
                                       "Total Cost": 7258.22,                                     
                                       "Plan Rows": 98,                                           
                                       "Plan Width": 4,                                           
                                       "Actual Startup Time": 1581.920,                           
                                       "Actual Total Time": 10330.238,                            
                                       "Actual Rows": 10679,                                      
                                       "Actual Loops": 1,                                         
                                       "Inner Unique": true,                                      
                                       "Join Filter": "(it.id = mi.info_type_id)",               
                                       "Rows Removed by Join Filter": 131,                        
                                       "Shared Hit Blocks": 0,                                    
                                       "Shared Read Blocks": 161893,                              
                                       "Shared Dirtied Blocks": 0,                                
                                       "Shared Written Blocks": 0,                                
                                       "Local Hit Blocks": 0,                                     
                                       "Local Read Blocks": 0,                                    
                                       "Local Dirtied Blocks": 0,                                 
                                       "Local Written Blocks": 0,                                 
                                       "Temp Read Blocks": 0,                                     
                                       "Temp Written Blocks": 0,                                  
                                       "Plans": [                                                 
                                         {                                                        
                                           "Node Type": "Seq Scan",                               
                                           "Parent Relationship": "Outer",                        
                                           "Parallel Aware": false,                               
                                           "Relation Name": "movie_info",                         
                                           "Alias": "mi",                                         
                                           "Startup Cost": 0.00,                                  
                                           "Total Cost": 7255.68,                                 
                                           "Plan Rows": 11124,                                    
                                           "Plan Width": 8,                                       
                                           "Actual Startup Time": 135.574,                        
                                           "Actual Total Time": 10291.307,                        
                                           "Actual Rows": 10810,                                  
                                           "Actual Loops": 1,                                     
                                           "Filter": "(note ~~ '%internet%'::text)",              
                                           "Rows Removed by Filter": 14824910,                    
                                           "Shared Hit Blocks": 0,                                
                                           "Shared Read Blocks": 161892,                          
                                           "Shared Dirtied Blocks": 0,                            
                                           "Shared Written Blocks": 0,                            
                                           "Local Hit Blocks": 0,                                 
                                           "Local Read Blocks": 0,                                
                                           "Local Dirtied Blocks": 0,                             
                                           "Local Written Blocks": 0,                             
                                           "Temp Read Blocks": 0,                                 
                                           "Temp Written Blocks": 0                               
                                         },                                                       
                                         {                                                        
                                           "Node Type": "Materialize",                            
                                           "Parent Relationship": "Inner",                        
                                           "Parallel Aware": false,                               
                                           "Startup Cost": 0.00,                                  
                                           "Total Cost": 0.05,                                    
                                           "Plan Rows": 1,                                        
                                           "Plan Width": 4,                                       
                                           "Actual Startup Time": 0.003,                          
                                           "Actual Total Time": 0.003,                            
                                           "Actual Rows": 1,                                      
                                           "Actual Loops": 10810,                                 
                                           "Shared Hit Blocks": 0,                                
                                           "Shared Read Blocks": 1,                               
                                           "Shared Dirtied Blocks": 0,                            
                                           "Shared Written Blocks": 0,                            
                                           "Local Hit Blocks": 0,                                 
                                           "Local Read Blocks": 0,                                
                                           "Local Dirtied Blocks": 0,                             
                                           "Local Written Blocks": 0,                             
                                           "Temp Read Blocks": 0,                                 
                                           "Temp Written Blocks": 0,                              
                                           "Plans": [                                             
                                             {                                                    
                                               "Node Type": "Seq Scan",                           
                                               "Parent Relationship": "Outer",                    
                                               "Parallel Aware": false,                           
                                               "Relation Name": "info_type",                      
                                               "Alias": "it",                                    
                                               "Startup Cost": 0.00,                              
                                               "Total Cost": 0.05,                                
                                               "Plan Rows": 1,                                    
                                               "Plan Width": 4,                                   
                                               "Actual Startup Time": 25.504,                     
                                               "Actual Total Time": 25.538,                       
                                               "Actual Rows": 1,                                  
                                               "Actual Loops": 1,                                 
                                               "Filter": "((info)::text = 'release dates'::text)",
                                               "Rows Removed by Filter": 112,                     
                                               "Shared Hit Blocks": 0,                            
                                               "Shared Read Blocks": 1,                           
                                               "Shared Dirtied Blocks": 0,                        
                                               "Shared Written Blocks": 0,                        
                                               "Local Hit Blocks": 0,                             
                                               "Local Read Blocks": 0,                            
                                               "Local Dirtied Blocks": 0,                         
                                               "Local Written Blocks": 0,                         
                                               "Temp Read Blocks": 0,                             
                                               "Temp Written Blocks": 0                           
                                             }                                                    
                                           ]                                                      
                                         }                                                        
                                       ]                                                          
                                     },                                                           
                                     {                                                            
                                       "Node Type": "Index Scan",                                 
                                       "Parent Relationship": "Inner",                            
                                       "Parallel Aware": false,                                   
                                       "Scan Direction": "Forward",                               
                                       "Index Name": "movie_id_aka_title",                        
                                       "Relation Name": "aka_title",                              
                                       "Alias": "at",                                             
                                       "Startup Cost": 0.01,                                      
                                       "Total Cost": 1.92,                                        
                                       "Plan Rows": 2,                                            
                                       "Plan Width": 25,                                          
                                       "Actual Startup Time": 0.248,                              
                                       "Actual Total Time": 0.311,                                
                                       "Actual Rows": 0,                                          
                                       "Actual Loops": 10679,                                     
                                       "Index Cond": "(movie_id = mi.movie_id)",                  
                                       "Rows Removed by Index Recheck": 0,                        
                                       "Shared Hit Blocks": 31167,                                
                                       "Shared Read Blocks": 1484,                                
                                       "Shared Dirtied Blocks": 0,                                
                                       "Shared Written Blocks": 0,                                
                                       "Local Hit Blocks": 0,                                     
                                       "Local Read Blocks": 0,                                    
                                       "Local Dirtied Blocks": 0,                                 
                                       "Local Written Blocks": 0,                                 
                                       "Temp Read Blocks": 0,                                     
                                       "Temp Written Blocks": 0                                   
                                     }                                                            
                                   ]                                                              
                                 },                                                               
                                 {                                                                
                                   "Node Type": "Index Scan",                                     
                                   "Parent Relationship": "Inner",                                
                                   "Parallel Aware": false,                                       
                                   "Scan Direction": "Forward",                                   
                                   "Index Name": "movie_id_movie_companies",                      
                                   "Relation Name": "movie_companies",                            
                                   "Alias": "mc",                                                 
                                   "Startup Cost": 0.01,                                          
                                   "Total Cost": 0.23,                                            
                                   "Plan Rows": 2,                                                
                                   "Plan Width": 12,                                              
                                   "Actual Startup Time": 6.630,                                  
                                   "Actual Total Time": 8.093,                                    
                                   "Actual Rows": 4,                                              
                                   "Actual Loops": 591,                                           
                                   "Index Cond": "(movie_id = at.movie_id)",                      
                                   "Rows Removed by Index Recheck": 0,                            
                                   "Shared Hit Blocks": 1726,                                     
                                   "Shared Read Blocks": 1007,                                    
                                   "Shared Dirtied Blocks": 0,                                    
                                   "Shared Written Blocks": 0,                                    
                                   "Local Hit Blocks": 0,                                         
                                   "Local Read Blocks": 0,                                        
                                   "Local Dirtied Blocks": 0,                                     
                                   "Local Written Blocks": 0,                                     
                                   "Temp Read Blocks": 0,                                         
                                   "Temp Written Blocks": 0                                       
                                 }                                                                
                               ]                                                                  
                             },                                                                   
                             {                                                                    
                               "Node Type": "Index Scan",                                         
                               "Parent Relationship": "Inner",                                    
                               "Parallel Aware": false,                                           
                               "Scan Direction": "Forward",                                       
                               "Index Name": "company_name_pkey",                                 
                               "Relation Name": "company_name",                                   
                               "Alias": "cn",                                                     
                               "Startup Cost": 0.01,                                              
                               "Total Cost": 0.02,                                                
                               "Plan Rows": 1,                                                    
                               "Plan Width": 4,                                                   
                               "Actual Startup Time": 4.237,                                      
                               "Actual Total Time": 4.237,                                        
                               "Actual Rows": 0,                                                  
                               "Actual Loops": 2130,                                              
                               "Index Cond": "(id = mc.company_id)",                              
                               "Rows Removed by Index Recheck": 0,                                
                               "Filter": "((country_code)::text = '[us]'::text)",                 
                               "Rows Removed by Filter": 1,                                       
                               "Shared Hit Blocks": 7494,                                         
                               "Shared Read Blocks": 1038,                                        
                               "Shared Dirtied Blocks": 0,                                        
                               "Shared Written Blocks": 0,                                        
                               "Local Hit Blocks": 0,                                             
                               "Local Read Blocks": 0,                                            
                               "Local Dirtied Blocks": 0,                                         
                               "Local Written Blocks": 0,                                         
                               "Temp Read Blocks": 0,                                             
                               "Temp Written Blocks": 0                                           
                             }                                                                    
                           ]                                                                      
                         },                                                                       
                         {                                                                        
                           "Node Type": "Index Scan",                                             
                           "Parent Relationship": "Inner",                                        
                           "Parallel Aware": false,                                               
                           "Scan Direction": "Forward",                                           
                           "Index Name": "title_idx_id",                                          
                           "Relation Name": "title",                                              
                           "Alias": "t",                                                          
                           "Startup Cost": 0.01,                                                  
                           "Total Cost": 0.06,                                                    
                           "Plan Rows": 1,                                                        
                           "Plan Width": 21,                                                      
                           "Actual Startup Time": 6.076,                                          
                           "Actual Total Time": 6.076,                                            
                           "Actual Rows": 1,                                                      
                           "Actual Loops": 896,                                                   
                           "Index Cond": "(id = mc.movie_id)",                                    
                           "Rows Removed by Index Recheck": 0,                                    
                           "Filter": "(production_year > 1990)",                                  
                           "Rows Removed by Filter": 0,                                           
                           "Shared Hit Blocks": 3100,                                             
                           "Shared Read Blocks": 486,                                             
                           "Shared Dirtied Blocks": 0,                                            
                           "Shared Written Blocks": 0,                                            
                           "Local Hit Blocks": 0,                                                 
                           "Local Read Blocks": 0,                                                
                           "Local Dirtied Blocks": 0,                                             
                           "Local Written Blocks": 0,                                             
                           "Temp Read Blocks": 0,                                                 
                           "Temp Written Blocks": 0                                               
                         }                                                                        
                       ]                                                                          
                     },                                                                           
                     {                                                                            
                       "Node Type": "Materialize",                                                
                       "Parent Relationship": "Inner",                                            
                       "Parallel Aware": false,                                                   
                       "Startup Cost": 0.00,                                                      
                       "Total Cost": 0.03,                                                        
                       "Plan Rows": 4,                                                            
                       "Plan Width": 4,                                                           
                       "Actual Startup Time": 0.028,                                              
                       "Actual Total Time": 0.028,                                                
                       "Actual Rows": 1,                                                          
                       "Actual Loops": 875,                                                       
                       "Shared Hit Blocks": 0,                                                    
                       "Shared Read Blocks": 1,                                                   
                       "Shared Dirtied Blocks": 0,                                                
                       "Shared Written Blocks": 0,                                                
                       "Local Hit Blocks": 0,                                                     
                       "Local Read Blocks": 0,                                                    
                       "Local Dirtied Blocks": 0,                                                 
                       "Local Written Blocks": 0,                                                 
                       "Temp Read Blocks": 0,                                                     
                       "Temp Written Blocks": 0,                                                  
                       "Plans": [                                                                 
                         {                                                                        
                           "Node Type": "Seq Scan",                                               
                           "Parent Relationship": "Outer",                                        
                           "Parallel Aware": false,                                               
                           "Relation Name": "company_type",                                       
                           "Alias": "ct",                                                         
                           "Startup Cost": 0.00,                                                  
                           "Total Cost": 0.03,                                                    
                           "Plan Rows": 4,                                                        
                           "Plan Width": 4,                                                       
                           "Actual Startup Time": 23.939,                                         
                           "Actual Total Time": 23.940,                                           
                           "Actual Rows": 2,                                                      
                           "Actual Loops": 1,                                                     
                           "Shared Hit Blocks": 0,                                                
                           "Shared Read Blocks": 1,                                               
                           "Shared Dirtied Blocks": 0,                                            
                           "Shared Written Blocks": 0,                                            
                           "Local Hit Blocks": 0,                                                 
                           "Local Read Blocks": 0,                                                
                           "Local Dirtied Blocks": 0,                                             
                           "Local Written Blocks": 0,                                             
                           "Temp Read Blocks": 0,                                                 
                           "Temp Written Blocks": 0                                               
                         }                                                                        
                       ]                                                                          
                     }                                                                            
                   ]                                                                              
                 },                                                                               
                 {                                                                                
                   "Node Type": "Index Scan",                                                     
                   "Parent Relationship": "Inner",                                                
                   "Parallel Aware": false,                                                       
                   "Scan Direction": "Forward",                                                   
                   "Index Name": "movie_id_movie_keyword",                                        
                   "Relation Name": "movie_keyword",                                              
                   "Alias": "mk",                                                                 
                   "Startup Cost": 0.01,                                                          
                   "Total Cost": 0.06,                                                            
                   "Plan Rows": 11,                                                               
                   "Plan Width": 8,                                                               
                   "Actual Startup Time": 4.094,                                                  
                   "Actual Total Time": 4.104,                                                    
                   "Actual Rows": 13,                                                             
                   "Actual Loops": 875,                                                           
                   "Index Cond": "(movie_id = mc.movie_id)",                                      
                   "Rows Removed by Index Recheck": 0,                                            
                   "Shared Hit Blocks": 2933,                                                     
                   "Shared Read Blocks": 435,                                                     
                   "Shared Dirtied Blocks": 0,                                                    
                   "Shared Written Blocks": 0,                                                    
                   "Local Hit Blocks": 0,                                                         
                   "Local Read Blocks": 0,                                                        
                   "Local Dirtied Blocks": 0,                                                     
                   "Local Written Blocks": 0,                                                     
                   "Temp Read Blocks": 0,                                                         
                   "Temp Written Blocks": 0                                                       
                 }                                                                                
               ]                                                                                  
             },                                                                                   
             {                                                                                    
               "Node Type": "Index Scan",                                                         
               "Parent Relationship": "Inner",                                                    
               "Parallel Aware": false,                                                           
               "Scan Direction": "Forward",                                                       
               "Index Name": "keyword_pkey",                                                      
               "Relation Name": "keyword",                                                        
               "Alias": "k",                                                                      
               "Startup Cost": 0.01,                                                              
               "Total Cost": 0.01,                                                                
               "Plan Rows": 1,                                                                    
               "Plan Width": 4,                                                                   
               "Actual Startup Time": 0.256,                                                      
               "Actual Total Time": 0.256,                                                        
               "Actual Rows": 1,                                                                  
               "Actual Loops": 11347,                                                             
               "Index Cond": "(id = mk.keyword_id)",                                              
               "Rows Removed by Index Recheck": 0,                                                
               "Shared Hit Blocks": 44663,                                                        
               "Shared Read Blocks": 747,                                                         
               "Shared Dirtied Blocks": 0,                                                        
               "Shared Written Blocks": 0,                                                        
               "Local Hit Blocks": 0,                                                             
               "Local Read Blocks": 0,                                                            
               "Local Dirtied Blocks": 0,                                                         
               "Local Written Blocks": 0,                                                         
               "Temp Read Blocks": 0,                                                             
               "Temp Written Blocks": 0                                                           
             }                                                                                    
           ]                                                                                      
         }                                                                                        
       ]                                                                                          
     },                                                                                           
     "Planning Time": 6494.281,                                                                   
     "Triggers": [                                                                                
     ],                                                                                           
     "Execution Time": 39596.585                                                                  
   }                                                                                              
 ]
