 [                                                                                                 
   {                                                                                               
     "Plan": {                                                                                     
       "Node Type": "Aggregate",                                                                   
       "Strategy": "Plain",                                                                        
       "Partial Mode": "Simple",                                                                   
       "Parallel Aware": false,                                                                    
       "Startup Cost": 621.07,                                                                     
       "Total Cost": 621.07,                                                                       
       "Plan Rows": 1,                                                                             
       "Plan Width": 64,                                                                           
       "Actual Startup Time": 25865.069,                                                           
       "Actual Total Time": 25865.069,                                                             
       "Actual Rows": 1,                                                                           
       "Actual Loops": 1,                                                                          
       "Shared Hit Blocks": 144732,                                                                
       "Shared Read Blocks": 38366,                                                                
       "Shared Dirtied Blocks": 0,                                                                 
       "Shared Written Blocks": 0,                                                                 
       "Local Hit Blocks": 0,                                                                      
       "Local Read Blocks": 0,                                                                     
       "Local Dirtied Blocks": 0,                                                                  
       "Local Written Blocks": 0,                                                                  
       "Temp Read Blocks": 0,                                                                      
       "Temp Written Blocks": 0,                                                                   
       "Plans": [                                                                                  
         {                                                                                         
           "Node Type": "Nested Loop",                                                             
           "Parent Relationship": "Outer",                                                         
           "Parallel Aware": false,                                                                
           "Join Type": "Inner",                                                                   
           "Startup Cost": 0.11,                                                                   
           "Total Cost": 621.06,                                                                   
           "Plan Rows": 19,                                                                        
           "Plan Width": 33,                                                                       
           "Actual Startup Time": 1305.932,                                                        
           "Actual Total Time": 25863.899,                                                         
           "Actual Rows": 385,                                                                     
           "Actual Loops": 1,                                                                      
           "Inner Unique": true,                                                                   
           "Join Filter": "(an.person_id = n.id)",                                                 
           "Rows Removed by Join Filter": 0,                                                       
           "Shared Hit Blocks": 144732,                                                            
           "Shared Read Blocks": 38366,                                                            
           "Shared Dirtied Blocks": 0,                                                             
           "Shared Written Blocks": 0,                                                             
           "Local Hit Blocks": 0,                                                                  
           "Local Read Blocks": 0,                                                                 
           "Local Dirtied Blocks": 0,                                                              
           "Local Written Blocks": 0,                                                              
           "Temp Read Blocks": 0,                                                                  
           "Temp Written Blocks": 0,                                                               
           "Plans": [                                                                              
             {                                                                                     
               "Node Type": "Nested Loop",                                                         
               "Parent Relationship": "Outer",                                                     
               "Parallel Aware": false,                                                            
               "Join Type": "Inner",                                                               
               "Startup Cost": 0.10,                                                               
               "Total Cost": 620.69,                                                               
               "Plan Rows": 19,                                                                    
               "Plan Width": 41,                                                                   
               "Actual Startup Time": 1237.315,                                                    
               "Actual Total Time": 24450.479,                                                     
               "Actual Rows": 385,                                                                 
               "Actual Loops": 1,                                                                  
               "Inner Unique": false,                                                              
               "Shared Hit Blocks": 143403,                                                        
               "Shared Read Blocks": 38155,                                                        
               "Shared Dirtied Blocks": 0,                                                         
               "Shared Written Blocks": 0,                                                         
               "Local Hit Blocks": 0,                                                              
               "Local Read Blocks": 0,                                                             
               "Local Dirtied Blocks": 0,                                                          
               "Local Written Blocks": 0,                                                          
               "Temp Read Blocks": 0,                                                              
               "Temp Written Blocks": 0,                                                           
               "Plans": [                                                                          
                 {                                                                                 
                   "Node Type": "Nested Loop",                                                     
                   "Parent Relationship": "Outer",                                                 
                   "Parallel Aware": false,                                                        
                   "Join Type": "Inner",                                                           
                   "Startup Cost": 0.08,                                                           
                   "Total Cost": 620.38,                                                           
                   "Plan Rows": 21,                                                                
                   "Plan Width": 21,                                                               
                   "Actual Startup Time": 1205.198,                                                
                   "Actual Total Time": 21302.369,                                                 
                   "Actual Rows": 323,                                                             
                   "Actual Loops": 1,                                                              
                   "Inner Unique": false,                                                          
                   "Join Filter": "(t.id = ci.movie_id)",                                          
                   "Rows Removed by Join Filter": 0,                                               
                   "Shared Hit Blocks": 142453,                                                    
                   "Shared Read Blocks": 37868,                                                    
                   "Shared Dirtied Blocks": 0,                                                     
                   "Shared Written Blocks": 0,                                                     
                   "Local Hit Blocks": 0,                                                          
                   "Local Read Blocks": 0,                                                         
                   "Local Dirtied Blocks": 0,                                                      
                   "Local Written Blocks": 0,                                                      
                   "Temp Read Blocks": 0,                                                          
                   "Temp Written Blocks": 0,                                                       
                   "Plans": [                                                                      
                     {                                                                             
                       "Node Type": "Nested Loop",                                                 
                       "Parent Relationship": "Outer",                                             
                       "Parallel Aware": false,                                                    
                       "Join Type": "Inner",                                                       
                       "Startup Cost": 0.07,                                                       
                       "Total Cost": 619.85,                                                       
                       "Plan Rows": 2,                                                             
                       "Plan Width": 29,                                                           
                       "Actual Startup Time": 1150.755,                                            
                       "Actual Total Time": 19372.900,                                             
                       "Actual Rows": 25,                                                          
                       "Actual Loops": 1,                                                          
                       "Inner Unique": true,                                                       
                       "Shared Hit Blocks": 142297,                                                
                       "Shared Read Blocks": 37648,                                                
                       "Shared Dirtied Blocks": 0,                                                 
                       "Shared Written Blocks": 0,                                                 
                       "Local Hit Blocks": 0,                                                      
                       "Local Read Blocks": 0,                                                     
                       "Local Dirtied Blocks": 0,                                                  
                       "Local Written Blocks": 0,                                                  
                       "Temp Read Blocks": 0,                                                      
                       "Temp Written Blocks": 0,                                                   
                       "Plans": [                                                                  
                         {                                                                         
                           "Node Type": "Nested Loop",                                             
                           "Parent Relationship": "Outer",                                         
                           "Parallel Aware": false,                                                
                           "Join Type": "Inner",                                                   
                           "Startup Cost": 0.05,                                                   
                           "Total Cost": 619.76,                                                   
                           "Plan Rows": 5,                                                         
                           "Plan Width": 33,                                                       
                           "Actual Startup Time": 1018.483,                                        
                           "Actual Total Time": 18614.970,                                         
                           "Actual Rows": 54,                                                      
                           "Actual Loops": 1,                                                      
                           "Inner Unique": false,                                                  
                           "Join Filter": "(t.id = mc.movie_id)",                                  
                           "Rows Removed by Join Filter": 0,                                       
                           "Shared Hit Blocks": 142127,                                            
                           "Shared Read Blocks": 37602,                                            
                           "Shared Dirtied Blocks": 0,                                             
                           "Shared Written Blocks": 0,                                             
                           "Local Hit Blocks": 0,                                                  
                           "Local Read Blocks": 0,                                                 
                           "Local Dirtied Blocks": 0,                                              
                           "Local Written Blocks": 0,                                              
                           "Temp Read Blocks": 0,                                                  
                           "Temp Written Blocks": 0,                                               
                           "Plans": [                                                              
                             {                                                                     
                               "Node Type": "Nested Loop",                                         
                               "Parent Relationship": "Outer",                                     
                               "Parallel Aware": false,                                            
                               "Join Type": "Inner",                                               
                               "Startup Cost": 0.04,                                               
                               "Total Cost": 619.60,                                               
                               "Plan Rows": 1,                                                     
                               "Plan Width": 25,                                                   
                               "Actual Startup Time": 811.883,                                     
                               "Actual Total Time": 17865.477,                                     
                               "Actual Rows": 146,                                                 
                               "Actual Loops": 1,                                                  
                               "Inner Unique": true,                                               
                               "Shared Hit Blocks": 141709,                                        
                               "Shared Read Blocks": 37537,                                        
                               "Shared Dirtied Blocks": 0,                                         
                               "Shared Written Blocks": 0,                                         
                               "Local Hit Blocks": 0,                                              
                               "Local Read Blocks": 0,                                             
                               "Local Dirtied Blocks": 0,                                          
                               "Local Written Blocks": 0,                                          
                               "Temp Read Blocks": 0,                                              
                               "Temp Written Blocks": 0,                                           
                               "Plans": [                                                          
                                 {                                                                 
                                   "Node Type": "Nested Loop",                                     
                                   "Parent Relationship": "Outer",                                 
                                   "Parallel Aware": false,                                        
                                   "Join Type": "Inner",                                           
                                   "Startup Cost": 0.03,                                           
                                   "Total Cost": 618.15,                                           
                                   "Plan Rows": 34,                                                
                                   "Plan Width": 4,                                                
                                   "Actual Startup Time": 67.609,                                  
                                   "Actual Total Time": 2299.317,                                  
                                   "Actual Rows": 41840,                                           
                                   "Actual Loops": 1,                                              
                                   "Inner Unique": false,                                          
                                   "Shared Hit Blocks": 0,                                         
                                   "Shared Read Blocks": 11662,                                    
                                   "Shared Dirtied Blocks": 0,                                     
                                   "Shared Written Blocks": 0,                                     
                                   "Local Hit Blocks": 0,                                          
                                   "Local Read Blocks": 0,                                         
                                   "Local Dirtied Blocks": 0,                                      
                                   "Local Written Blocks": 0,                                      
                                   "Temp Read Blocks": 0,                                          
                                   "Temp Written Blocks": 0,                                       
                                   "Plans": [                                                      
                                     {                                                             
                                       "Node Type": "Index Scan",                                  
                                       "Parent Relationship": "Outer",                             
                                       "Parallel Aware": false,                                    
                                       "Scan Direction": "Forward",                                
                                       "Index Name": "keyword_idx_keyword",                        
                                       "Relation Name": "keyword",                                 
                                       "Alias": "k",                                               
                                       "Startup Cost": 0.01,                                       
                                       "Total Cost": 6.13,                                         
                                       "Plan Rows": 1,                                             
                                       "Plan Width": 4,                                            
                                       "Actual Startup Time": 30.948,                              
                                       "Actual Total Time": 30.951,                                
                                       "Actual Rows": 1,                                           
                                       "Actual Loops": 1,                                          
                                       "Index Cond": "(keyword = 'character-name-in-title'::text)",
                                       "Rows Removed by Index Recheck": 0,                         
                                       "Shared Hit Blocks": 0,                                     
                                       "Shared Read Blocks": 4,                                    
                                       "Shared Dirtied Blocks": 0,                                 
                                       "Shared Written Blocks": 0,                                 
                                       "Local Hit Blocks": 0,                                      
                                       "Local Read Blocks": 0,                                     
                                       "Local Dirtied Blocks": 0,                                  
                                       "Local Written Blocks": 0,                                  
                                       "Temp Read Blocks": 0,                                      
                                       "Temp Written Blocks": 0                                    
                                     },                                                            
                                     {                                                             
                                       "Node Type": "Index Scan",                                  
                                       "Parent Relationship": "Inner",                             
                                       "Parallel Aware": false,                                    
                                       "Scan Direction": "Forward",                                
                                       "Index Name": "keyword_id_movie_keyword",                   
                                       "Relation Name": "movie_keyword",                           
                                       "Alias": "mk",                                              
                                       "Startup Cost": 0.01,                                       
                                       "Total Cost": 122.40,                                       
                                       "Plan Rows": 39,                                            
                                       "Plan Width": 8,                                            
                                       "Actual Startup Time": 36.613,                              
                                       "Actual Total Time": 2250.025,                              
                                       "Actual Rows": 41840,                                       
                                       "Actual Loops": 1,                                          
                                       "Index Cond": "(keyword_id = k.id)",                        
                                       "Rows Removed by Index Recheck": 0,                         
                                       "Shared Hit Blocks": 0,                                     
                                       "Shared Read Blocks": 11658,                                
                                       "Shared Dirtied Blocks": 0,                                 
                                       "Shared Written Blocks": 0,                                 
                                       "Local Hit Blocks": 0,                                      
                                       "Local Read Blocks": 0,                                     
                                       "Local Dirtied Blocks": 0,                                  
                                       "Local Written Blocks": 0,                                  
                                       "Temp Read Blocks": 0,                                      
                                       "Temp Written Blocks": 0                                    
                                     }                                                             
                                   ]                                                               
                                 },                                                                
                                 {                                                                 
                                   "Node Type": "Index Scan",                                      
                                   "Parent Relationship": "Inner",                                 
                                   "Parallel Aware": false,                                        
                                   "Scan Direction": "Forward",                                    
                                   "Index Name": "title_idx_id",                                   
                                   "Relation Name": "title",                                       
                                   "Alias": "t",                                                   
                                   "Startup Cost": 0.01,                                           
                                   "Total Cost": 0.04,                                             
                                   "Plan Rows": 1,                                                 
                                   "Plan Width": 21,                                               
                                   "Actual Startup Time": 0.371,                                   
                                   "Actual Total Time": 0.371,                                     
                                   "Actual Rows": 0,                                               
                                   "Actual Loops": 41840,                                          
                                   "Index Cond": "(id = mk.movie_id)",                             
                                   "Rows Removed by Index Recheck": 0,                             
                                   "Filter": "((episode_nr >= 50) AND (episode_nr < 100))",        
                                   "Rows Removed by Filter": 1,                                    
                                   "Shared Hit Blocks": 141709,                                    
                                   "Shared Read Blocks": 25875,                                    
                                   "Shared Dirtied Blocks": 0,                                     
                                   "Shared Written Blocks": 0,                                     
                                   "Local Hit Blocks": 0,                                          
                                   "Local Read Blocks": 0,                                         
                                   "Local Dirtied Blocks": 0,                                      
                                   "Local Written Blocks": 0,                                      
                                   "Temp Read Blocks": 0,                                          
                                   "Temp Written Blocks": 0                                        
                                 }                                                                 
                               ]                                                                   
                             },                                                                    
                             {                                                                     
                               "Node Type": "Index Scan",                                          
                               "Parent Relationship": "Inner",                                     
                               "Parallel Aware": false,                                            
                               "Scan Direction": "Forward",                                        
                               "Index Name": "movie_id_movie_companies",                           
                               "Relation Name": "movie_companies",                                 
                               "Alias": "mc",                                                      
                               "Startup Cost": 0.01,                                               
                               "Total Cost": 0.03,                                                 
                               "Plan Rows": 2,                                                     
                               "Plan Width": 8,                                                    
                               "Actual Startup Time": 4.515,                                       
                               "Actual Total Time": 5.130,                                         
                               "Actual Rows": 0,                                                   
                               "Actual Loops": 146,                                                
                               "Index Cond": "(movie_id = mk.movie_id)",                           
                               "Rows Removed by Index Recheck": 0,                                 
                               "Shared Hit Blocks": 418,                                           
                               "Shared Read Blocks": 65,                                           
                               "Shared Dirtied Blocks": 0,                                         
                               "Shared Written Blocks": 0,                                         
                               "Local Hit Blocks": 0,                                              
                               "Local Read Blocks": 0,                                             
                               "Local Dirtied Blocks": 0,                                          
                               "Local Written Blocks": 0,                                          
                               "Temp Read Blocks": 0,                                              
                               "Temp Written Blocks": 0                                            
                             }                                                                     
                           ]                                                                       
                         },                                                                        
                         {                                                                         
                           "Node Type": "Index Scan",                                              
                           "Parent Relationship": "Inner",                                         
                           "Parallel Aware": false,                                                
                           "Scan Direction": "Forward",                                            
                           "Index Name": "company_name_pkey",                                      
                           "Relation Name": "company_name",                                        
                           "Alias": "cn",                                                          
                           "Startup Cost": 0.01,                                                   
                           "Total Cost": 0.02,                                                     
                           "Plan Rows": 1,                                                         
                           "Plan Width": 4,                                                        
                           "Actual Startup Time": 14.029,                                          
                           "Actual Total Time": 14.029,                                            
                           "Actual Rows": 0,                                                       
                           "Actual Loops": 54,                                                     
                           "Index Cond": "(id = mc.company_id)",                                   
                           "Rows Removed by Index Recheck": 0,                                     
                           "Filter": "((country_code)::text = '[us]'::text)",                      
                           "Rows Removed by Filter": 1,                                            
                           "Shared Hit Blocks": 170,                                               
                           "Shared Read Blocks": 46,                                               
                           "Shared Dirtied Blocks": 0,                                             
                           "Shared Written Blocks": 0,                                             
                           "Local Hit Blocks": 0,                                                  
                           "Local Read Blocks": 0,                                                 
                           "Local Dirtied Blocks": 0,                                              
                           "Local Written Blocks": 0,                                              
                           "Temp Read Blocks": 0,                                                  
                           "Temp Written Blocks": 0                                                
                         }                                                                         
                       ]                                                                           
                     },                                                                            
                     {                                                                             
                       "Node Type": "Index Scan",                                                  
                       "Parent Relationship": "Inner",                                             
                       "Parallel Aware": false,                                                    
                       "Scan Direction": "Forward",                                                
                       "Index Name": "movie_id_cast_info",                                         
                       "Relation Name": "cast_info",                                               
                       "Alias": "ci",                                                              
                       "Startup Cost": 0.02,                                                       
                       "Total Cost": 0.26,                                                         
                       "Plan Rows": 23,                                                            
                       "Plan Width": 8,                                                            
                       "Actual Startup Time": 18.017,                                              
                       "Actual Total Time": 77.134,                                                
                       "Actual Rows": 13,                                                          
                       "Actual Loops": 25,                                                         
                       "Index Cond": "(movie_id = mk.movie_id)",                                   
                       "Rows Removed by Index Recheck": 0,                                         
                       "Shared Hit Blocks": 156,                                                   
                       "Shared Read Blocks": 220,                                                  
                       "Shared Dirtied Blocks": 0,                                                 
                       "Shared Written Blocks": 0,                                                 
                       "Local Hit Blocks": 0,                                                      
                       "Local Read Blocks": 0,                                                     
                       "Local Dirtied Blocks": 0,                                                  
                       "Local Written Blocks": 0,                                                  
                       "Temp Read Blocks": 0,                                                      
                       "Temp Written Blocks": 0                                                    
                     }                                                                             
                   ]                                                                               
                 },                                                                                
                 {                                                                                 
                   "Node Type": "Index Scan",                                                      
                   "Parent Relationship": "Inner",                                                 
                   "Parallel Aware": false,                                                        
                   "Scan Direction": "Forward",                                                    
                   "Index Name": "person_id_aka_name",                                             
                   "Relation Name": "aka_name",                                                    
                   "Alias": "an",                                                                  
                   "Startup Cost": 0.01,                                                           
                   "Total Cost": 0.01,                                                             
                   "Plan Rows": 2,                                                                 
                   "Plan Width": 20,                                                               
                   "Actual Startup Time": 9.033,                                                   
                   "Actual Total Time": 9.740,                                                     
                   "Actual Rows": 1,                                                               
                   "Actual Loops": 323,                                                            
                   "Index Cond": "(person_id = ci.person_id)",                                     
                   "Rows Removed by Index Recheck": 0,                                             
                   "Shared Hit Blocks": 950,                                                       
                   "Shared Read Blocks": 287,                                                      
                   "Shared Dirtied Blocks": 0,                                                     
                   "Shared Written Blocks": 0,                                                     
                   "Local Hit Blocks": 0,                                                          
                   "Local Read Blocks": 0,                                                         
                   "Local Dirtied Blocks": 0,                                                      
                   "Local Written Blocks": 0,                                                      
                   "Temp Read Blocks": 0,                                                          
                   "Temp Written Blocks": 0                                                        
                 }                                                                                 
               ]                                                                                   
             },                                                                                    
             {                                                                                     
               "Node Type": "Index Scan",                                                          
               "Parent Relationship": "Inner",                                                     
               "Parallel Aware": false,                                                            
               "Scan Direction": "Forward",                                                        
               "Index Name": "name_pkey",                                                          
               "Relation Name": "name",                                                            
               "Alias": "n",                                                                       
               "Startup Cost": 0.01,                                                               
               "Total Cost": 0.02,                                                                 
               "Plan Rows": 1,                                                                     
               "Plan Width": 4,                                                                    
               "Actual Startup Time": 3.666,                                                       
               "Actual Total Time": 3.666,                                                         
               "Actual Rows": 1,                                                                   
               "Actual Loops": 385,                                                                
               "Index Cond": "(id = ci.person_id)",                                                
               "Rows Removed by Index Recheck": 0,                                                 
               "Shared Hit Blocks": 1329,                                                          
               "Shared Read Blocks": 211,                                                          
               "Shared Dirtied Blocks": 0,                                                         
               "Shared Written Blocks": 0,                                                         
               "Local Hit Blocks": 0,                                                              
               "Local Read Blocks": 0,                                                             
               "Local Dirtied Blocks": 0,                                                          
               "Local Written Blocks": 0,                                                          
               "Temp Read Blocks": 0,                                                              
               "Temp Written Blocks": 0                                                            
             }                                                                                     
           ]                                                                                       
         }                                                                                         
       ]                                                                                           
     },                                                                                            
     "Planning Time": 4843.074,                                                                    
     "Triggers": [                                                                                 
     ],                                                                                            
     "Execution Time": 25892.496                                                                   
   }                                                                                               
 ]
