 [                                                                                             
   {                                                                                           
     "Plan": {                                                                                 
       "Node Type": "Aggregate",                                                               
       "Strategy": "Plain",                                                                    
       "Partial Mode": "Simple",                                                               
       "Parallel Aware": false,                                                                
       "Startup Cost": 650.01,                                                                 
       "Total Cost": 650.01,                                                                   
       "Plan Rows": 1,                                                                         
       "Plan Width": 64,                                                                       
       "Actual Startup Time": 1548634.876,                                                     
       "Actual Total Time": 1548634.876,                                                       
       "Actual Rows": 1,                                                                       
       "Actual Loops": 1,                                                                      
       "Shared Hit Blocks": 5302912,                                                           
       "Shared Read Blocks": 313615,                                                           
       "Shared Dirtied Blocks": 0,                                                             
       "Shared Written Blocks": 0,                                                             
       "Local Hit Blocks": 0,                                                                  
       "Local Read Blocks": 0,                                                                 
       "Local Dirtied Blocks": 0,                                                              
       "Local Written Blocks": 0,                                                              
       "Temp Read Blocks": 0,                                                                  
       "Temp Written Blocks": 0,                                                               
       "Plans": [                                                                              
         {                                                                                     
           "Node Type": "Nested Loop",                                                         
           "Parent Relationship": "Outer",                                                     
           "Parallel Aware": false,                                                            
           "Join Type": "Inner",                                                               
           "Startup Cost": 0.10,                                                               
           "Total Cost": 650.01,                                                               
           "Plan Rows": 19,                                                                    
           "Plan Width": 15,                                                                   
           "Actual Startup Time": 5607.639,                                                    
           "Actual Total Time": 1548551.121,                                                   
           "Actual Rows": 52306,                                                               
           "Actual Loops": 1,                                                                  
           "Inner Unique": true,                                                               
           "Shared Hit Blocks": 5302912,                                                       
           "Shared Read Blocks": 313615,                                                       
           "Shared Dirtied Blocks": 0,                                                         
           "Shared Written Blocks": 0,                                                         
           "Local Hit Blocks": 0,                                                              
           "Local Read Blocks": 0,                                                             
           "Local Dirtied Blocks": 0,                                                          
           "Local Written Blocks": 0,                                                          
           "Temp Read Blocks": 0,                                                              
           "Temp Written Blocks": 0,                                                           
           "Plans": [                                                                          
             {                                                                                 
               "Node Type": "Nested Loop",                                                     
               "Parent Relationship": "Outer",                                                 
               "Parallel Aware": false,                                                        
               "Join Type": "Inner",                                                           
               "Startup Cost": 0.08,                                                           
               "Total Cost": 649.67,                                                           
               "Plan Rows": 19,                                                                
               "Plan Width": 19,                                                               
               "Actual Startup Time": 5560.104,                                                
               "Actual Total Time": 1518057.904,                                               
               "Actual Rows": 52306,                                                           
               "Actual Loops": 1,                                                              
               "Inner Unique": false,                                                          
               "Shared Hit Blocks": 5096780,                                                   
               "Shared Read Blocks": 310336,                                                   
               "Shared Dirtied Blocks": 0,                                                     
               "Shared Written Blocks": 0,                                                     
               "Local Hit Blocks": 0,                                                          
               "Local Read Blocks": 0,                                                         
               "Local Dirtied Blocks": 0,                                                      
               "Local Written Blocks": 0,                                                      
               "Temp Read Blocks": 0,                                                          
               "Temp Written Blocks": 0,                                                       
               "Plans": [                                                                      
                 {                                                                             
                   "Node Type": "Nested Loop",                                                 
                   "Parent Relationship": "Outer",                                             
                   "Parallel Aware": false,                                                    
                   "Join Type": "Inner",                                                       
                   "Startup Cost": 0.07,                                                       
                   "Total Cost": 649.51,                                                       
                   "Plan Rows": 10,                                                            
                   "Plan Width": 27,                                                           
                   "Actual Startup Time": 5529.851,                                            
                   "Actual Total Time": 1494048.564,                                           
                   "Actual Rows": 6642,                                                        
                   "Actual Loops": 1,                                                          
                   "Inner Unique": true,                                                       
                   "Shared Hit Blocks": 5072584,                                               
                   "Shared Read Blocks": 302903,                                               
                   "Shared Dirtied Blocks": 0,                                                 
                   "Shared Written Blocks": 0,                                                 
                   "Local Hit Blocks": 0,                                                      
                   "Local Read Blocks": 0,                                                     
                   "Local Dirtied Blocks": 0,                                                  
                   "Local Written Blocks": 0,                                                  
                   "Temp Read Blocks": 0,                                                      
                   "Temp Written Blocks": 0,                                                   
                   "Plans": [                                                                  
                     {                                                                         
                       "Node Type": "Nested Loop",                                             
                       "Parent Relationship": "Outer",                                         
                       "Parallel Aware": false,                                                
                       "Join Type": "Inner",                                                   
                       "Startup Cost": 0.06,                                                   
                       "Total Cost": 649.34,                                                   
                       "Plan Rows": 10,                                                        
                       "Plan Width": 23,                                                       
                       "Actual Startup Time": 5479.822,                                        
                       "Actual Total Time": 1448438.064,                                       
                       "Actual Rows": 6642,                                                    
                       "Actual Loops": 1,                                                      
                       "Inner Unique": true,                                                   
                       "Shared Hit Blocks": 5052299,                                           
                       "Shared Read Blocks": 296596,                                           
                       "Shared Dirtied Blocks": 0,                                             
                       "Shared Written Blocks": 0,                                             
                       "Local Hit Blocks": 0,                                                  
                       "Local Read Blocks": 0,                                                 
                       "Local Dirtied Blocks": 0,                                              
                       "Local Written Blocks": 0,                                              
                       "Temp Read Blocks": 0,                                                  
                       "Temp Written Blocks": 0,                                               
                       "Plans": [                                                              
                         {                                                                     
                           "Node Type": "Nested Loop",                                         
                           "Parent Relationship": "Outer",                                     
                           "Parallel Aware": false,                                            
                           "Join Type": "Inner",                                               
                           "Startup Cost": 0.04,                                               
                           "Total Cost": 627.04,                                               
                           "Plan Rows": 1138,                                                  
                           "Plan Width": 12,                                                   
                           "Actual Startup Time": 178.932,                                     
                           "Actual Total Time": 1111036.391,                                   
                           "Actual Rows": 1038393,                                             
                           "Actual Loops": 1,                                                  
                           "Inner Unique": false,                                              
                           "Shared Hit Blocks": 960419,                                        
                           "Shared Read Blocks": 227688,                                       
                           "Shared Dirtied Blocks": 0,                                         
                           "Shared Written Blocks": 0,                                         
                           "Local Hit Blocks": 0,                                              
                           "Local Read Blocks": 0,                                             
                           "Local Dirtied Blocks": 0,                                          
                           "Local Written Blocks": 0,                                          
                           "Temp Read Blocks": 0,                                              
                           "Temp Written Blocks": 0,                                           
                           "Plans": [                                                          
                             {                                                                 
                               "Node Type": "Nested Loop",                                     
                               "Parent Relationship": "Outer",                                 
                               "Parallel Aware": false,                                        
                               "Join Type": "Inner",                                           
                               "Startup Cost": 0.03,                                           
                               "Total Cost": 618.15,                                           
                               "Plan Rows": 34,                                                
                               "Plan Width": 4,                                                
                               "Actual Startup Time": 67.567,                                  
                               "Actual Total Time": 5669.408,                                  
                               "Actual Rows": 41840,                                           
                               "Actual Loops": 1,                                              
                               "Inner Unique": false,                                          
                               "Shared Hit Blocks": 0,                                         
                               "Shared Read Blocks": 11662,                                    
                               "Shared Dirtied Blocks": 0,                                     
                               "Shared Written Blocks": 0,                                     
                               "Local Hit Blocks": 0,                                          
                               "Local Read Blocks": 0,                                         
                               "Local Dirtied Blocks": 0,                                      
                               "Local Written Blocks": 0,                                      
                               "Temp Read Blocks": 0,                                          
                               "Temp Written Blocks": 0,                                       
                               "Plans": [                                                      
                                 {                                                             
                                   "Node Type": "Index Scan",                                  
                                   "Parent Relationship": "Outer",                             
                                   "Parallel Aware": false,                                    
                                   "Scan Direction": "Forward",                                
                                   "Index Name": "keyword_idx_keyword",                        
                                   "Relation Name": "keyword",                                 
                                   "Alias": "k",                                               
                                   "Startup Cost": 0.01,                                       
                                   "Total Cost": 6.13,                                         
                                   "Plan Rows": 1,                                             
                                   "Plan Width": 4,                                            
                                   "Actual Startup Time": 30.964,                              
                                   "Actual Total Time": 30.966,                                
                                   "Actual Rows": 1,                                           
                                   "Actual Loops": 1,                                          
                                   "Index Cond": "(keyword = 'character-name-in-title'::text)",
                                   "Rows Removed by Index Recheck": 0,                         
                                   "Shared Hit Blocks": 0,                                     
                                   "Shared Read Blocks": 4,                                    
                                   "Shared Dirtied Blocks": 0,                                 
                                   "Shared Written Blocks": 0,                                 
                                   "Local Hit Blocks": 0,                                      
                                   "Local Read Blocks": 0,                                     
                                   "Local Dirtied Blocks": 0,                                  
                                   "Local Written Blocks": 0,                                  
                                   "Temp Read Blocks": 0,                                      
                                   "Temp Written Blocks": 0                                    
                                 },                                                            
                                 {                                                             
                                   "Node Type": "Index Scan",                                  
                                   "Parent Relationship": "Inner",                             
                                   "Parallel Aware": false,                                    
                                   "Scan Direction": "Forward",                                
                                   "Index Name": "keyword_id_movie_keyword",                   
                                   "Relation Name": "movie_keyword",                           
                                   "Alias": "mk",                                              
                                   "Startup Cost": 0.01,                                       
                                   "Total Cost": 122.40,                                       
                                   "Plan Rows": 39,                                            
                                   "Plan Width": 8,                                            
                                   "Actual Startup Time": 36.579,                              
                                   "Actual Total Time": 5592.761,                              
                                   "Actual Rows": 41840,                                       
                                   "Actual Loops": 1,                                          
                                   "Index Cond": "(keyword_id = k.id)",                        
                                   "Rows Removed by Index Recheck": 0,                         
                                   "Shared Hit Blocks": 0,                                     
                                   "Shared Read Blocks": 11658,                                
                                   "Shared Dirtied Blocks": 0,                                 
                                   "Shared Written Blocks": 0,                                 
                                   "Local Hit Blocks": 0,                                      
                                   "Local Read Blocks": 0,                                     
                                   "Local Dirtied Blocks": 0,                                  
                                   "Local Written Blocks": 0,                                  
                                   "Temp Read Blocks": 0,                                      
                                   "Temp Written Blocks": 0                                    
                                 }                                                             
                               ]                                                               
                             },                                                                
                             {                                                                 
                               "Node Type": "Index Scan",                                      
                               "Parent Relationship": "Inner",                                 
                               "Parallel Aware": false,                                        
                               "Scan Direction": "Forward",                                    
                               "Index Name": "movie_id_cast_info",                             
                               "Relation Name": "cast_info",                                   
                               "Alias": "ci",                                                  
                               "Startup Cost": 0.02,                                           
                               "Total Cost": 0.26,                                             
                               "Plan Rows": 23,                                                
                               "Plan Width": 8,                                                
                               "Actual Startup Time": 2.459,                                   
                               "Actual Total Time": 26.391,                                    
                               "Actual Rows": 25,                                              
                               "Actual Loops": 41840,                                          
                               "Index Cond": "(movie_id = mk.movie_id)",                       
                               "Rows Removed by Index Recheck": 0,                             
                               "Shared Hit Blocks": 960419,                                    
                               "Shared Read Blocks": 216026,                                   
                               "Shared Dirtied Blocks": 0,                                     
                               "Shared Written Blocks": 0,                                     
                               "Local Hit Blocks": 0,                                          
                               "Local Read Blocks": 0,                                         
                               "Local Dirtied Blocks": 0,                                      
                               "Local Written Blocks": 0,                                      
                               "Temp Read Blocks": 0,                                          
                               "Temp Written Blocks": 0                                        
                             }                                                                 
                           ]                                                                   
                         },                                                                    
                         {                                                                     
                           "Node Type": "Index Scan",                                          
                           "Parent Relationship": "Inner",                                     
                           "Parallel Aware": false,                                            
                           "Scan Direction": "Forward",                                        
                           "Index Name": "name_pkey",                                          
                           "Relation Name": "name",                                            
                           "Alias": "n",                                                       
                           "Startup Cost": 0.01,                                               
                           "Total Cost": 0.02,                                                 
                           "Plan Rows": 1,                                                     
                           "Plan Width": 19,                                                   
                           "Actual Startup Time": 0.323,                                       
                           "Actual Total Time": 0.323,                                         
                           "Actual Rows": 0,                                                   
                           "Actual Loops": 1038393,                                            
                           "Index Cond": "(id = ci.person_id)",                                
                           "Rows Removed by Index Recheck": 0,                                 
                           "Filter": "(name ~~ 'Z%'::text)",                                   
                           "Rows Removed by Filter": 1,                                        
                           "Shared Hit Blocks": 4091880,                                       
                           "Shared Read Blocks": 68908,                                        
                           "Shared Dirtied Blocks": 0,                                         
                           "Shared Written Blocks": 0,                                         
                           "Local Hit Blocks": 0,                                              
                           "Local Read Blocks": 0,                                             
                           "Local Dirtied Blocks": 0,                                          
                           "Local Written Blocks": 0,                                          
                           "Temp Read Blocks": 0,                                              
                           "Temp Written Blocks": 0                                            
                         }                                                                     
                       ]                                                                       
                     },                                                                        
                     {                                                                         
                       "Node Type": "Index Scan",                                              
                       "Parent Relationship": "Inner",                                         
                       "Parallel Aware": false,                                                
                       "Scan Direction": "Forward",                                            
                       "Index Name": "title_idx_id",                                           
                       "Relation Name": "title",                                               
                       "Alias": "t",                                                           
                       "Startup Cost": 0.01,                                                   
                       "Total Cost": 0.02,                                                     
                       "Plan Rows": 1,                                                         
                       "Plan Width": 4,                                                        
                       "Actual Startup Time": 6.862,                                           
                       "Actual Total Time": 6.862,                                             
                       "Actual Rows": 1,                                                       
                       "Actual Loops": 6642,                                                   
                       "Index Cond": "(id = ci.movie_id)",                                     
                       "Rows Removed by Index Recheck": 0,                                     
                       "Shared Hit Blocks": 20285,                                             
                       "Shared Read Blocks": 6307,                                             
                       "Shared Dirtied Blocks": 0,                                             
                       "Shared Written Blocks": 0,                                             
                       "Local Hit Blocks": 0,                                                  
                       "Local Read Blocks": 0,                                                 
                       "Local Dirtied Blocks": 0,                                              
                       "Local Written Blocks": 0,                                              
                       "Temp Read Blocks": 0,                                                  
                       "Temp Written Blocks": 0                                                
                     }                                                                         
                   ]                                                                           
                 },                                                                            
                 {                                                                             
                   "Node Type": "Index Scan",                                                  
                   "Parent Relationship": "Inner",                                             
                   "Parallel Aware": false,                                                    
                   "Scan Direction": "Forward",                                                
                   "Index Name": "movie_id_movie_companies",                                   
                   "Relation Name": "movie_companies",                                         
                   "Alias": "mc",                                                              
                   "Startup Cost": 0.01,                                                       
                   "Total Cost": 0.02,                                                         
                   "Plan Rows": 2,                                                             
                   "Plan Width": 8,                                                            
                   "Actual Startup Time": 2.884,                                               
                   "Actual Total Time": 3.604,                                                 
                   "Actual Rows": 8,                                                           
                   "Actual Loops": 6642,                                                       
                   "Index Cond": "(movie_id = ci.movie_id)",                                   
                   "Rows Removed by Index Recheck": 0,                                         
                   "Shared Hit Blocks": 24196,                                                 
                   "Shared Read Blocks": 7433,                                                 
                   "Shared Dirtied Blocks": 0,                                                 
                   "Shared Written Blocks": 0,                                                 
                   "Local Hit Blocks": 0,                                                      
                   "Local Read Blocks": 0,                                                     
                   "Local Dirtied Blocks": 0,                                                  
                   "Local Written Blocks": 0,                                                  
                   "Temp Read Blocks": 0,                                                      
                   "Temp Written Blocks": 0                                                    
                 }                                                                             
               ]                                                                               
             },                                                                                
             {                                                                                 
               "Node Type": "Index Scan",                                                      
               "Parent Relationship": "Inner",                                                 
               "Parallel Aware": false,                                                        
               "Scan Direction": "Forward",                                                    
               "Index Name": "company_name_pkey",                                              
               "Relation Name": "company_name",                                                
               "Alias": "cn",                                                                  
               "Startup Cost": 0.01,                                                           
               "Total Cost": 0.02,                                                             
               "Plan Rows": 1,                                                                 
               "Plan Width": 4,                                                                
               "Actual Startup Time": 0.581,                                                   
               "Actual Total Time": 0.581,                                                     
               "Actual Rows": 1,                                                               
               "Actual Loops": 52306,                                                          
               "Index Cond": "(id = mc.company_id)",                                           
               "Rows Removed by Index Recheck": 0,                                             
               "Shared Hit Blocks": 206132,                                                    
               "Shared Read Blocks": 3279,                                                     
               "Shared Dirtied Blocks": 0,                                                     
               "Shared Written Blocks": 0,                                                     
               "Local Hit Blocks": 0,                                                          
               "Local Read Blocks": 0,                                                         
               "Local Dirtied Blocks": 0,                                                      
               "Local Written Blocks": 0,                                                      
               "Temp Read Blocks": 0,                                                          
               "Temp Written Blocks": 0                                                        
             }                                                                                 
           ]                                                                                   
         }                                                                                     
       ]                                                                                       
     },                                                                                        
     "Planning Time": 3679.006,                                                                
     "Triggers": [                                                                             
     ],                                                                                        
     "Execution Time": 1548651.001                                                             
   }                                                                                           
 ]
