 [                                                                                             
   {                                                                                           
     "Plan": {                                                                                 
       "Node Type": "Aggregate",                                                               
       "Strategy": "Plain",                                                                    
       "Partial Mode": "Simple",                                                               
       "Parallel Aware": false,                                                                
       "Startup Cost": 657.42,                                                                 
       "Total Cost": 657.42,                                                                   
       "Plan Rows": 1,                                                                         
       "Plan Width": 32,                                                                       
       "Actual Startup Time": 1517794.170,                                                     
       "Actual Total Time": 1517794.170,                                                       
       "Actual Rows": 1,                                                                       
       "Actual Loops": 1,                                                                      
       "Shared Hit Blocks": 15013211,                                                          
       "Shared Read Blocks": 314382,                                                           
       "Shared Dirtied Blocks": 0,                                                             
       "Shared Written Blocks": 0,                                                             
       "Local Hit Blocks": 0,                                                                  
       "Local Read Blocks": 0,                                                                 
       "Local Dirtied Blocks": 0,                                                              
       "Local Written Blocks": 0,                                                              
       "Temp Read Blocks": 0,                                                                  
       "Temp Written Blocks": 0,                                                               
       "Plans": [                                                                              
         {                                                                                     
           "Node Type": "Nested Loop",                                                         
           "Parent Relationship": "Outer",                                                     
           "Parallel Aware": false,                                                            
           "Join Type": "Inner",                                                               
           "Startup Cost": 0.10,                                                               
           "Total Cost": 657.36,                                                               
           "Plan Rows": 789,                                                                   
           "Plan Width": 15,                                                                   
           "Actual Startup Time": 467.032,                                                     
           "Actual Total Time": 1515613.153,                                                   
           "Actual Rows": 2832555,                                                             
           "Actual Loops": 1,                                                                  
           "Inner Unique": true,                                                               
           "Shared Hit Blocks": 15013211,                                                      
           "Shared Read Blocks": 314382,                                                       
           "Shared Dirtied Blocks": 0,                                                         
           "Shared Written Blocks": 0,                                                         
           "Local Hit Blocks": 0,                                                              
           "Local Read Blocks": 0,                                                             
           "Local Dirtied Blocks": 0,                                                          
           "Local Written Blocks": 0,                                                          
           "Temp Read Blocks": 0,                                                              
           "Temp Written Blocks": 0,                                                           
           "Plans": [                                                                          
             {                                                                                 
               "Node Type": "Nested Loop",                                                     
               "Parent Relationship": "Outer",                                                 
               "Parallel Aware": false,                                                        
               "Join Type": "Inner",                                                           
               "Startup Cost": 0.08,                                                           
               "Total Cost": 641.96,                                                           
               "Plan Rows": 789,                                                               
               "Plan Width": 4,                                                                
               "Actual Startup Time": 410.125,                                                 
               "Actual Total Time": 1166241.039,                                               
               "Actual Rows": 2832555,                                                         
               "Actual Loops": 1,                                                              
               "Inner Unique": false,                                                          
               "Join Filter": "(t.id = ci.movie_id)",                                          
               "Rows Removed by Join Filter": 0,                                               
               "Shared Hit Blocks": 3741583,                                                   
               "Shared Read Blocks": 245917,                                                   
               "Shared Dirtied Blocks": 0,                                                     
               "Shared Written Blocks": 0,                                                     
               "Local Hit Blocks": 0,                                                          
               "Local Read Blocks": 0,                                                         
               "Local Dirtied Blocks": 0,                                                      
               "Local Written Blocks": 0,                                                      
               "Temp Read Blocks": 0,                                                          
               "Temp Written Blocks": 0,                                                       
               "Plans": [                                                                      
                 {                                                                             
                   "Node Type": "Nested Loop",                                                 
                   "Parent Relationship": "Outer",                                             
                   "Parallel Aware": false,                                                    
                   "Join Type": "Inner",                                                       
                   "Startup Cost": 0.07,                                                       
                   "Total Cost": 624.06,                                                       
                   "Plan Rows": 68,                                                            
                   "Plan Width": 12,                                                           
                   "Actual Startup Time": 223.105,                                             
                   "Actual Total Time": 138466.158,                                            
                   "Actual Rows": 68316,                                                       
                   "Actual Loops": 1,                                                          
                   "Inner Unique": true,                                                       
                   "Shared Hit Blocks": 902335,                                                
                   "Shared Read Blocks": 60420,                                                
                   "Shared Dirtied Blocks": 0,                                                 
                   "Shared Written Blocks": 0,                                                 
                   "Local Hit Blocks": 0,                                                      
                   "Local Read Blocks": 0,                                                     
                   "Local Dirtied Blocks": 0,                                                  
                   "Local Written Blocks": 0,                                                  
                   "Temp Read Blocks": 0,                                                      
                   "Temp Written Blocks": 0,                                                   
                   "Plans": [                                                                  
                     {                                                                         
                       "Node Type": "Nested Loop",                                             
                       "Parent Relationship": "Outer",                                         
                       "Parallel Aware": false,                                                
                       "Join Type": "Inner",                                                   
                       "Startup Cost": 0.05,                                                   
                       "Total Cost": 620.67,                                                   
                       "Plan Rows": 190,                                                       
                       "Plan Width": 16,                                                       
                       "Actual Startup Time": 159.780,                                         
                       "Actual Total Time": 108963.660,                                        
                       "Actual Rows": 148552,                                                  
                       "Actual Loops": 1,                                                      
                       "Inner Unique": false,                                                  
                       "Join Filter": "(t.id = mc.movie_id)",                                  
                       "Rows Removed by Join Filter": 0,                                       
                       "Shared Hit Blocks": 311340,                                            
                       "Shared Read Blocks": 56607,                                            
                       "Shared Dirtied Blocks": 0,                                             
                       "Shared Written Blocks": 0,                                             
                       "Local Hit Blocks": 0,                                                  
                       "Local Read Blocks": 0,                                                 
                       "Local Dirtied Blocks": 0,                                              
                       "Local Written Blocks": 0,                                              
                       "Temp Read Blocks": 0,                                                  
                       "Temp Written Blocks": 0,                                               
                       "Plans": [                                                              
                         {                                                                     
                           "Node Type": "Nested Loop",                                         
                           "Parent Relationship": "Outer",                                     
                           "Parallel Aware": false,                                            
                           "Join Type": "Inner",                                               
                           "Startup Cost": 0.04,                                               
                           "Total Cost": 619.60,                                               
                           "Plan Rows": 34,                                                    
                           "Plan Width": 8,                                                    
                           "Actual Startup Time": 108.091,                                     
                           "Actual Total Time": 99979.604,                                     
                           "Actual Rows": 41840,                                               
                           "Actual Loops": 1,                                                  
                           "Inner Unique": true,                                               
                           "Shared Hit Blocks": 141595,                                        
                           "Shared Read Blocks": 37534,                                        
                           "Shared Dirtied Blocks": 0,                                         
                           "Shared Written Blocks": 0,                                         
                           "Local Hit Blocks": 0,                                              
                           "Local Read Blocks": 0,                                             
                           "Local Dirtied Blocks": 0,                                          
                           "Local Written Blocks": 0,                                          
                           "Temp Read Blocks": 0,                                              
                           "Temp Written Blocks": 0,                                           
                           "Plans": [                                                          
                             {                                                                 
                               "Node Type": "Nested Loop",                                     
                               "Parent Relationship": "Outer",                                 
                               "Parallel Aware": false,                                        
                               "Join Type": "Inner",                                           
                               "Startup Cost": 0.03,                                           
                               "Total Cost": 618.15,                                           
                               "Plan Rows": 34,                                                
                               "Plan Width": 4,                                                
                               "Actual Startup Time": 67.632,                                  
                               "Actual Total Time": 6442.007,                                  
                               "Actual Rows": 41840,                                           
                               "Actual Loops": 1,                                              
                               "Inner Unique": false,                                          
                               "Shared Hit Blocks": 0,                                         
                               "Shared Read Blocks": 11662,                                    
                               "Shared Dirtied Blocks": 0,                                     
                               "Shared Written Blocks": 0,                                     
                               "Local Hit Blocks": 0,                                          
                               "Local Read Blocks": 0,                                         
                               "Local Dirtied Blocks": 0,                                      
                               "Local Written Blocks": 0,                                      
                               "Temp Read Blocks": 0,                                          
                               "Temp Written Blocks": 0,                                       
                               "Plans": [                                                      
                                 {                                                             
                                   "Node Type": "Index Scan",                                  
                                   "Parent Relationship": "Outer",                             
                                   "Parallel Aware": false,                                    
                                   "Scan Direction": "Forward",                                
                                   "Index Name": "keyword_idx_keyword",                        
                                   "Relation Name": "keyword",                                 
                                   "Alias": "k",                                               
                                   "Startup Cost": 0.01,                                       
                                   "Total Cost": 6.13,                                         
                                   "Plan Rows": 1,                                             
                                   "Plan Width": 4,                                            
                                   "Actual Startup Time": 30.964,                              
                                   "Actual Total Time": 30.966,                                
                                   "Actual Rows": 1,                                           
                                   "Actual Loops": 1,                                          
                                   "Index Cond": "(keyword = 'character-name-in-title'::text)",
                                   "Rows Removed by Index Recheck": 0,                         
                                   "Shared Hit Blocks": 0,                                     
                                   "Shared Read Blocks": 4,                                    
                                   "Shared Dirtied Blocks": 0,                                 
                                   "Shared Written Blocks": 0,                                 
                                   "Local Hit Blocks": 0,                                      
                                   "Local Read Blocks": 0,                                     
                                   "Local Dirtied Blocks": 0,                                  
                                   "Local Written Blocks": 0,                                  
                                   "Temp Read Blocks": 0,                                      
                                   "Temp Written Blocks": 0                                    
                                 },                                                            
                                 {                                                             
                                   "Node Type": "Index Scan",                                  
                                   "Parent Relationship": "Inner",                             
                                   "Parallel Aware": false,                                    
                                   "Scan Direction": "Forward",                                
                                   "Index Name": "keyword_id_movie_keyword",                   
                                   "Relation Name": "movie_keyword",                           
                                   "Alias": "mk",                                              
                                   "Startup Cost": 0.01,                                       
                                   "Total Cost": 122.40,                                       
                                   "Plan Rows": 39,                                            
                                   "Plan Width": 8,                                            
                                   "Actual Startup Time": 36.644,                              
                                   "Actual Total Time": 6371.485,                              
                                   "Actual Rows": 41840,                                       
                                   "Actual Loops": 1,                                          
                                   "Index Cond": "(keyword_id = k.id)",                        
                                   "Rows Removed by Index Recheck": 0,                         
                                   "Shared Hit Blocks": 0,                                     
                                   "Shared Read Blocks": 11658,                                
                                   "Shared Dirtied Blocks": 0,                                 
                                   "Shared Written Blocks": 0,                                 
                                   "Local Hit Blocks": 0,                                      
                                   "Local Read Blocks": 0,                                     
                                   "Local Dirtied Blocks": 0,                                  
                                   "Local Written Blocks": 0,                                  
                                   "Temp Read Blocks": 0,                                      
                                   "Temp Written Blocks": 0                                    
                                 }                                                             
                               ]                                                               
                             },                                                                
                             {                                                                 
                               "Node Type": "Index Scan",                                      
                               "Parent Relationship": "Inner",                                 
                               "Parallel Aware": false,                                        
                               "Scan Direction": "Forward",                                    
                               "Index Name": "title_idx_id",                                   
                               "Relation Name": "title",                                       
                               "Alias": "t",                                                   
                               "Startup Cost": 0.01,                                           
                               "Total Cost": 0.04,                                             
                               "Plan Rows": 1,                                                 
                               "Plan Width": 4,                                                
                               "Actual Startup Time": 2.232,                                   
                               "Actual Total Time": 2.232,                                     
                               "Actual Rows": 1,                                               
                               "Actual Loops": 41840,                                          
                               "Index Cond": "(id = mk.movie_id)",                             
                               "Rows Removed by Index Recheck": 0,                             
                               "Shared Hit Blocks": 141595,                                    
                               "Shared Read Blocks": 25872,                                    
                               "Shared Dirtied Blocks": 0,                                     
                               "Shared Written Blocks": 0,                                     
                               "Local Hit Blocks": 0,                                          
                               "Local Read Blocks": 0,                                         
                               "Local Dirtied Blocks": 0,                                      
                               "Local Written Blocks": 0,                                      
                               "Temp Read Blocks": 0,                                          
                               "Temp Written Blocks": 0                                        
                             }                                                                 
                           ]                                                                   
                         },                                                                    
                         {                                                                     
                           "Node Type": "Index Scan",                                          
                           "Parent Relationship": "Inner",                                     
                           "Parallel Aware": false,                                            
                           "Scan Direction": "Forward",                                        
                           "Index Name": "movie_id_movie_companies",                           
                           "Relation Name": "movie_companies",                                 
                           "Alias": "mc",                                                      
                           "Startup Cost": 0.01,                                               
                           "Total Cost": 0.03,                                                 
                           "Plan Rows": 2,                                                     
                           "Plan Width": 8,                                                    
                           "Actual Startup Time": 0.169,                                       
                           "Actual Total Time": 0.208,                                         
                           "Actual Rows": 4,                                                   
                           "Actual Loops": 41840,                                              
                           "Index Cond": "(movie_id = mk.movie_id)",                           
                           "Rows Removed by Index Recheck": 0,                                 
                           "Shared Hit Blocks": 169745,                                        
                           "Shared Read Blocks": 19073,                                        
                           "Shared Dirtied Blocks": 0,                                         
                           "Shared Written Blocks": 0,                                         
                           "Local Hit Blocks": 0,                                              
                           "Local Read Blocks": 0,                                             
                           "Local Dirtied Blocks": 0,                                          
                           "Local Written Blocks": 0,                                          
                           "Temp Read Blocks": 0,                                              
                           "Temp Written Blocks": 0                                            
                         }                                                                     
                       ]                                                                       
                     },                                                                        
                     {                                                                         
                       "Node Type": "Index Scan",                                              
                       "Parent Relationship": "Inner",                                         
                       "Parallel Aware": false,                                                
                       "Scan Direction": "Forward",                                            
                       "Index Name": "company_name_pkey",                                      
                       "Relation Name": "company_name",                                        
                       "Alias": "cn",                                                          
                       "Startup Cost": 0.01,                                                   
                       "Total Cost": 0.02,                                                     
                       "Plan Rows": 1,                                                         
                       "Plan Width": 4,                                                        
                       "Actual Startup Time": 0.197,                                           
                       "Actual Total Time": 0.197,                                             
                       "Actual Rows": 0,                                                       
                       "Actual Loops": 148552,                                                 
                       "Index Cond": "(id = mc.company_id)",                                   
                       "Rows Removed by Index Recheck": 0,                                     
                       "Filter": "((country_code)::text = '[us]'::text)",                      
                       "Rows Removed by Filter": 1,                                            
                       "Shared Hit Blocks": 590995,                                            
                       "Shared Read Blocks": 3813,                                             
                       "Shared Dirtied Blocks": 0,                                             
                       "Shared Written Blocks": 0,                                             
                       "Local Hit Blocks": 0,                                                  
                       "Local Read Blocks": 0,                                                 
                       "Local Dirtied Blocks": 0,                                              
                       "Local Written Blocks": 0,                                              
                       "Temp Read Blocks": 0,                                                  
                       "Temp Written Blocks": 0                                                
                     }                                                                         
                   ]                                                                           
                 },                                                                            
                 {                                                                             
                   "Node Type": "Index Scan",                                                  
                   "Parent Relationship": "Inner",                                             
                   "Parallel Aware": false,                                                    
                   "Scan Direction": "Forward",                                                
                   "Index Name": "movie_id_cast_info",                                         
                   "Relation Name": "cast_info",                                               
                   "Alias": "ci",                                                              
                   "Startup Cost": 0.02,                                                       
                   "Total Cost": 0.26,                                                         
                   "Plan Rows": 23,                                                            
                   "Plan Width": 8,                                                            
                   "Actual Startup Time": 1.318,                                               
                   "Actual Total Time": 15.009,                                                
                   "Actual Rows": 41,                                                          
                   "Actual Loops": 68316,                                                      
                   "Index Cond": "(movie_id = mk.movie_id)",                                   
                   "Rows Removed by Index Recheck": 0,                                         
                   "Shared Hit Blocks": 2839248,                                               
                   "Shared Read Blocks": 185497,                                               
                   "Shared Dirtied Blocks": 0,                                                 
                   "Shared Written Blocks": 0,                                                 
                   "Local Hit Blocks": 0,                                                      
                   "Local Read Blocks": 0,                                                     
                   "Local Dirtied Blocks": 0,                                                  
                   "Local Written Blocks": 0,                                                  
                   "Temp Read Blocks": 0,                                                      
                   "Temp Written Blocks": 0                                                    
                 }                                                                             
               ]                                                                               
             },                                                                                
             {                                                                                 
               "Node Type": "Index Scan",                                                      
               "Parent Relationship": "Inner",                                                 
               "Parallel Aware": false,                                                        
               "Scan Direction": "Forward",                                                    
               "Index Name": "name_pkey",                                                      
               "Relation Name": "name",                                                        
               "Alias": "n",                                                                   
               "Startup Cost": 0.01,                                                           
               "Total Cost": 0.02,                                                             
               "Plan Rows": 1,                                                                 
               "Plan Width": 19,                                                               
               "Actual Startup Time": 0.121,                                                   
               "Actual Total Time": 0.121,                                                     
               "Actual Rows": 1,                                                               
               "Actual Loops": 2832555,                                                        
               "Index Cond": "(id = ci.person_id)",                                            
               "Rows Removed by Index Recheck": 0,                                             
               "Shared Hit Blocks": 11271628,                                                  
               "Shared Read Blocks": 68465,                                                    
               "Shared Dirtied Blocks": 0,                                                     
               "Shared Written Blocks": 0,                                                     
               "Local Hit Blocks": 0,                                                          
               "Local Read Blocks": 0,                                                         
               "Local Dirtied Blocks": 0,                                                      
               "Local Written Blocks": 0,                                                      
               "Temp Read Blocks": 0,                                                          
               "Temp Written Blocks": 0                                                        
             }                                                                                 
           ]                                                                                   
         }                                                                                     
       ]                                                                                       
     },                                                                                        
     "Planning Time": 3716.822,                                                                
     "Triggers": [                                                                             
     ],                                                                                        
     "Execution Time": 1517872.565                                                             
   }                                                                                           
 ]
