 [                                                                                                                                       
   {                                                                                                                                     
     "Plan": {                                                                                                                           
       "Node Type": "Aggregate",                                                                                                         
       "Strategy": "Plain",                                                                                                              
       "Partial Mode": "Simple",                                                                                                         
       "Parallel Aware": false,                                                                                                          
       "Startup Cost": 619.24,                                                                                                           
       "Total Cost": 619.24,                                                                                                             
       "Plan Rows": 1,                                                                                                                   
       "Plan Width": 96,                                                                                                                 
       "Actual Startup Time": 3334.199,                                                                                                  
       "Actual Total Time": 3334.199,                                                                                                    
       "Actual Rows": 1,                                                                                                                 
       "Actual Loops": 1,                                                                                                                
       "Shared Hit Blocks": 57804,                                                                                                       
       "Shared Read Blocks": 5956,                                                                                                       
       "Shared Dirtied Blocks": 0,                                                                                                       
       "Shared Written Blocks": 0,                                                                                                       
       "Local Hit Blocks": 0,                                                                                                            
       "Local Read Blocks": 0,                                                                                                           
       "Local Dirtied Blocks": 0,                                                                                                        
       "Local Written Blocks": 0,                                                                                                        
       "Temp Read Blocks": 0,                                                                                                            
       "Temp Written Blocks": 0,                                                                                                         
       "Plans": [                                                                                                                        
         {                                                                                                                               
           "Node Type": "Nested Loop",                                                                                                   
           "Parent Relationship": "Outer",                                                                                               
           "Parallel Aware": false,                                                                                                      
           "Join Type": "Inner",                                                                                                         
           "Startup Cost": 0.09,                                                                                                         
           "Total Cost": 619.24,                                                                                                         
           "Plan Rows": 1,                                                                                                               
           "Plan Width": 48,                                                                                                             
           "Actual Startup Time": 676.148,                                                                                               
           "Actual Total Time": 3322.865,                                                                                                
           "Actual Rows": 1410,                                                                                                          
           "Actual Loops": 1,                                                                                                            
           "Inner Unique": true,                                                                                                         
           "Join Filter": "(ml.link_type_id = lt.id)",                                                                                   
           "Rows Removed by Join Filter": 1156,                                                                                          
           "Shared Hit Blocks": 57804,                                                                                                   
           "Shared Read Blocks": 5956,                                                                                                   
           "Shared Dirtied Blocks": 0,                                                                                                   
           "Shared Written Blocks": 0,                                                                                                   
           "Local Hit Blocks": 0,                                                                                                        
           "Local Read Blocks": 0,                                                                                                       
           "Local Dirtied Blocks": 0,                                                                                                    
           "Local Written Blocks": 0,                                                                                                    
           "Temp Read Blocks": 0,                                                                                                        
           "Temp Written Blocks": 0,                                                                                                     
           "Plans": [                                                                                                                    
             {                                                                                                                           
               "Node Type": "Nested Loop",                                                                                               
               "Parent Relationship": "Outer",                                                                                           
               "Parallel Aware": false,                                                                                                  
               "Join Type": "Inner",                                                                                                     
               "Startup Cost": 0.09,                                                                                                     
               "Total Cost": 619.20,                                                                                                     
               "Plan Rows": 1,                                                                                                           
               "Plan Width": 40,                                                                                                         
               "Actual Startup Time": 675.999,                                                                                           
               "Actual Total Time": 3320.573,                                                                                            
               "Actual Rows": 1410,                                                                                                      
               "Actual Loops": 1,                                                                                                        
               "Inner Unique": true,                                                                                                     
               "Join Filter": "(mc.company_type_id = ct.id)",                                                                            
               "Rows Removed by Join Filter": 95,                                                                                        
               "Shared Hit Blocks": 57804,                                                                                               
               "Shared Read Blocks": 5955,                                                                                               
               "Shared Dirtied Blocks": 0,                                                                                               
               "Shared Written Blocks": 0,                                                                                               
               "Local Hit Blocks": 0,                                                                                                    
               "Local Read Blocks": 0,                                                                                                   
               "Local Dirtied Blocks": 0,                                                                                                
               "Local Written Blocks": 0,                                                                                                
               "Temp Read Blocks": 0,                                                                                                    
               "Temp Written Blocks": 0,                                                                                                 
               "Plans": [                                                                                                                
                 {                                                                                                                       
                   "Node Type": "Nested Loop",                                                                                           
                   "Parent Relationship": "Outer",                                                                                       
                   "Parallel Aware": false,                                                                                              
                   "Join Type": "Inner",                                                                                                 
                   "Startup Cost": 0.09,                                                                                                 
                   "Total Cost": 619.17,                                                                                                 
                   "Plan Rows": 1,                                                                                                       
                   "Plan Width": 44,                                                                                                     
                   "Actual Startup Time": 675.831,                                                                                       
                   "Actual Total Time": 3318.609,                                                                                        
                   "Actual Rows": 1505,                                                                                                  
                   "Actual Loops": 1,                                                                                                    
                   "Inner Unique": true,                                                                                                 
                   "Shared Hit Blocks": 57804,                                                                                           
                   "Shared Read Blocks": 5954,                                                                                           
                   "Shared Dirtied Blocks": 0,                                                                                           
                   "Shared Written Blocks": 0,                                                                                           
                   "Local Hit Blocks": 0,                                                                                                
                   "Local Read Blocks": 0,                                                                                               
                   "Local Dirtied Blocks": 0,                                                                                            
                   "Local Written Blocks": 0,                                                                                            
                   "Temp Read Blocks": 0,                                                                                                
                   "Temp Written Blocks": 0,                                                                                             
                   "Plans": [                                                                                                            
                     {                                                                                                                   
                       "Node Type": "Nested Loop",                                                                                       
                       "Parent Relationship": "Outer",                                                                                   
                       "Parallel Aware": false,                                                                                          
                       "Join Type": "Inner",                                                                                             
                       "Startup Cost": 0.08,                                                                                             
                       "Total Cost": 619.06,                                                                                             
                       "Plan Rows": 1,                                                                                                   
                       "Plan Width": 29,                                                                                                 
                       "Actual Startup Time": 621.841,                                                                                   
                       "Actual Total Time": 3066.576,                                                                                    
                       "Actual Rows": 3124,                                                                                              
                       "Actual Loops": 1,                                                                                                
                       "Inner Unique": true,                                                                                             
                       "Join Filter": "(ml.movie_id = t.id)",                                                                            
                       "Rows Removed by Join Filter": 0,                                                                                 
                       "Shared Hit Blocks": 45335,                                                                                       
                       "Shared Read Blocks": 5927,                                                                                       
                       "Shared Dirtied Blocks": 0,                                                                                       
                       "Shared Written Blocks": 0,                                                                                       
                       "Local Hit Blocks": 0,                                                                                            
                       "Local Read Blocks": 0,                                                                                           
                       "Local Dirtied Blocks": 0,                                                                                        
                       "Local Written Blocks": 0,                                                                                        
                       "Temp Read Blocks": 0,                                                                                            
                       "Temp Written Blocks": 0,                                                                                         
                       "Plans": [                                                                                                        
                         {                                                                                                               
                           "Node Type": "Nested Loop",                                                                                   
                           "Parent Relationship": "Outer",                                                                               
                           "Parallel Aware": false,                                                                                      
                           "Join Type": "Inner",                                                                                         
                           "Startup Cost": 0.06,                                                                                         
                           "Total Cost": 618.97,                                                                                         
                           "Plan Rows": 2,                                                                                               
                           "Plan Width": 28,                                                                                             
                           "Actual Startup Time": 567.507,                                                                               
                           "Actual Total Time": 2879.250,                                                                                
                           "Actual Rows": 4365,                                                                                          
                           "Actual Loops": 1,                                                                                            
                           "Inner Unique": false,                                                                                        
                           "Join Filter": "(ml.movie_id = mc.movie_id)",                                                                 
                           "Rows Removed by Join Filter": 0,                                                                             
                           "Shared Hit Blocks": 27890,                                                                                   
                           "Shared Read Blocks": 5912,                                                                                   
                           "Shared Dirtied Blocks": 0,                                                                                   
                           "Shared Written Blocks": 0,                                                                                   
                           "Local Hit Blocks": 0,                                                                                        
                           "Local Read Blocks": 0,                                                                                       
                           "Local Dirtied Blocks": 0,                                                                                    
                           "Local Written Blocks": 0,                                                                                    
                           "Temp Read Blocks": 0,                                                                                        
                           "Temp Written Blocks": 0,                                                                                     
                           "Plans": [                                                                                                    
                             {                                                                                                           
                               "Node Type": "Nested Loop",                                                                               
                               "Parent Relationship": "Outer",                                                                           
                               "Parallel Aware": false,                                                                                  
                               "Join Type": "Inner",                                                                                     
                               "Startup Cost": 0.05,                                                                                     
                               "Total Cost": 618.81,                                                                                     
                               "Plan Rows": 1,                                                                                           
                               "Plan Width": 16,                                                                                         
                               "Actual Startup Time": 525.792,                                                                           
                               "Actual Total Time": 2790.501,                                                                            
                               "Actual Rows": 684,                                                                                       
                               "Actual Loops": 1,                                                                                        
                               "Inner Unique": false,                                                                                    
                               "Join Filter": "(ml.movie_id = mi.movie_id)",                                                             
                               "Rows Removed by Join Filter": 0,                                                                         
                               "Shared Hit Blocks": 24483,                                                                               
                               "Shared Read Blocks": 5903,                                                                               
                               "Shared Dirtied Blocks": 0,                                                                               
                               "Shared Written Blocks": 0,                                                                               
                               "Local Hit Blocks": 0,                                                                                    
                               "Local Read Blocks": 0,                                                                                   
                               "Local Dirtied Blocks": 0,                                                                                
                               "Local Written Blocks": 0,                                                                                
                               "Temp Read Blocks": 0,                                                                                    
                               "Temp Written Blocks": 0,                                                                                 
                               "Plans": [                                                                                                
                                 {                                                                                                       
                                   "Node Type": "Nested Loop",                                                                           
                                   "Parent Relationship": "Outer",                                                                       
                                   "Parallel Aware": false,                                                                              
                                   "Join Type": "Inner",                                                                                 
                                   "Startup Cost": 0.04,                                                                                 
                                   "Total Cost": 618.50,                                                                                 
                                   "Plan Rows": 2,                                                                                       
                                   "Plan Width": 12,                                                                                     
                                   "Actual Startup Time": 101.067,                                                                       
                                   "Actual Total Time": 1614.198,                                                                        
                                   "Actual Rows": 251,                                                                                   
                                   "Actual Loops": 1,                                                                                    
                                   "Inner Unique": false,                                                                                
                                   "Shared Hit Blocks": 21080,                                                                           
                                   "Shared Read Blocks": 5650,                                                                           
                                   "Shared Dirtied Blocks": 0,                                                                           
                                   "Shared Written Blocks": 0,                                                                           
                                   "Local Hit Blocks": 0,                                                                                
                                   "Local Read Blocks": 0,                                                                               
                                   "Local Dirtied Blocks": 0,                                                                            
                                   "Local Written Blocks": 0,                                                                            
                                   "Temp Read Blocks": 0,                                                                                
                                   "Temp Written Blocks": 0,                                                                             
                                   "Plans": [                                                                                            
                                     {                                                                                                   
                                       "Node Type": "Nested Loop",                                                                       
                                       "Parent Relationship": "Outer",                                                                   
                                       "Parallel Aware": false,                                                                          
                                       "Join Type": "Inner",                                                                             
                                       "Startup Cost": 0.03,                                                                             
                                       "Total Cost": 618.15,                                                                             
                                       "Plan Rows": 34,                                                                                  
                                       "Plan Width": 4,                                                                                  
                                       "Actual Startup Time": 76.315,                                                                    
                                       "Actual Total Time": 1393.186,                                                                    
                                       "Actual Rows": 10544,                                                                             
                                       "Actual Loops": 1,                                                                                
                                       "Inner Unique": false,                                                                            
                                       "Shared Hit Blocks": 0,                                                                           
                                       "Shared Read Blocks": 5606,                                                                       
                                       "Shared Dirtied Blocks": 0,                                                                       
                                       "Shared Written Blocks": 0,                                                                       
                                       "Local Hit Blocks": 0,                                                                            
                                       "Local Read Blocks": 0,                                                                           
                                       "Local Dirtied Blocks": 0,                                                                        
                                       "Local Written Blocks": 0,                                                                        
                                       "Temp Read Blocks": 0,                                                                            
                                       "Temp Written Blocks": 0,                                                                         
                                       "Plans": [                                                                                        
                                         {                                                                                               
                                           "Node Type": "Index Scan",                                                                    
                                           "Parent Relationship": "Outer",                                                               
                                           "Parallel Aware": false,                                                                      
                                           "Scan Direction": "Forward",                                                                  
                                           "Index Name": "keyword_idx_keyword",                                                          
                                           "Relation Name": "keyword",                                                                   
                                           "Alias": "k",                                                                                 
                                           "Startup Cost": 0.01,                                                                         
                                           "Total Cost": 6.13,                                                                           
                                           "Plan Rows": 1,                                                                               
                                           "Plan Width": 4,                                                                              
                                           "Actual Startup Time": 31.921,                                                                
                                           "Actual Total Time": 31.924,                                                                  
                                           "Actual Rows": 1,                                                                             
                                           "Actual Loops": 1,                                                                            
                                           "Index Cond": "(keyword = 'sequel'::text)",                                                   
                                           "Rows Removed by Index Recheck": 0,                                                           
                                           "Shared Hit Blocks": 0,                                                                       
                                           "Shared Read Blocks": 4,                                                                      
                                           "Shared Dirtied Blocks": 0,                                                                   
                                           "Shared Written Blocks": 0,                                                                   
                                           "Local Hit Blocks": 0,                                                                        
                                           "Local Read Blocks": 0,                                                                       
                                           "Local Dirtied Blocks": 0,                                                                    
                                           "Local Written Blocks": 0,                                                                    
                                           "Temp Read Blocks": 0,                                                                        
                                           "Temp Written Blocks": 0                                                                      
                                         },                                                                                              
                                         {                                                                                               
                                           "Node Type": "Index Scan",                                                                    
                                           "Parent Relationship": "Inner",                                                               
                                           "Parallel Aware": false,                                                                      
                                           "Scan Direction": "Forward",                                                                  
                                           "Index Name": "keyword_id_movie_keyword",                                                     
                                           "Relation Name": "movie_keyword",                                                             
                                           "Alias": "mk",                                                                                
                                           "Startup Cost": 0.01,                                                                         
                                           "Total Cost": 122.40,                                                                         
                                           "Plan Rows": 39,                                                                              
                                           "Plan Width": 8,                                                                              
                                           "Actual Startup Time": 44.384,                                                                
                                           "Actual Total Time": 1355.504,                                                                
                                           "Actual Rows": 10544,                                                                         
                                           "Actual Loops": 1,                                                                            
                                           "Index Cond": "(keyword_id = k.id)",                                                          
                                           "Rows Removed by Index Recheck": 0,                                                           
                                           "Shared Hit Blocks": 0,                                                                       
                                           "Shared Read Blocks": 5602,                                                                   
                                           "Shared Dirtied Blocks": 0,                                                                   
                                           "Shared Written Blocks": 0,                                                                   
                                           "Local Hit Blocks": 0,                                                                        
                                           "Local Read Blocks": 0,                                                                       
                                           "Local Dirtied Blocks": 0,                                                                    
                                           "Local Written Blocks": 0,                                                                    
                                           "Temp Read Blocks": 0,                                                                        
                                           "Temp Written Blocks": 0                                                                      
                                         }                                                                                               
                                       ]                                                                                                 
                                     },                                                                                                  
                                     {                                                                                                   
                                       "Node Type": "Index Scan",                                                                        
                                       "Parent Relationship": "Inner",                                                                   
                                       "Parallel Aware": false,                                                                          
                                       "Scan Direction": "Forward",                                                                      
                                       "Index Name": "movie_id_movie_link",                                                              
                                       "Relation Name": "movie_link",                                                                    
                                       "Alias": "ml",                                                                                    
                                       "Startup Cost": 0.01,                                                                             
                                       "Total Cost": 0.01,                                                                               
                                       "Plan Rows": 5,                                                                                   
                                       "Plan Width": 8,                                                                                  
                                       "Actual Startup Time": 0.019,                                                                     
                                       "Actual Total Time": 0.020,                                                                       
                                       "Actual Rows": 0,                                                                                 
                                       "Actual Loops": 10544,                                                                            
                                       "Index Cond": "(movie_id = mk.movie_id)",                                                         
                                       "Rows Removed by Index Recheck": 0,                                                               
                                       "Shared Hit Blocks": 21080,                                                                       
                                       "Shared Read Blocks": 44,                                                                         
                                       "Shared Dirtied Blocks": 0,                                                                       
                                       "Shared Written Blocks": 0,                                                                       
                                       "Local Hit Blocks": 0,                                                                            
                                       "Local Read Blocks": 0,                                                                           
                                       "Local Dirtied Blocks": 0,                                                                        
                                       "Local Written Blocks": 0,                                                                        
                                       "Temp Read Blocks": 0,                                                                            
                                       "Temp Written Blocks": 0                                                                          
                                     }                                                                                                   
                                   ]                                                                                                     
                                 },                                                                                                      
                                 {                                                                                                       
                                   "Node Type": "Index Scan",                                                                            
                                   "Parent Relationship": "Inner",                                                                       
                                   "Parallel Aware": false,                                                                              
                                   "Scan Direction": "Forward",                                                                          
                                   "Index Name": "movie_id_movie_info",                                                                  
                                   "Relation Name": "movie_info",                                                                        
                                   "Alias": "mi",                                                                                        
                                   "Startup Cost": 0.01,                                                                                 
                                   "Total Cost": 0.16,                                                                                   
                                   "Plan Rows": 1,                                                                                       
                                   "Plan Width": 4,                                                                                      
                                   "Actual Startup Time": 4.602,                                                                         
                                   "Actual Total Time": 4.683,                                                                           
                                   "Actual Rows": 3,                                                                                     
                                   "Actual Loops": 251,                                                                                  
                                   "Index Cond": "(movie_id = mk.movie_id)",                                                             
                                   "Rows Removed by Index Recheck": 0,                                                                   
                                   "Filter": "(info = ANY ('{Sweden,Norway,Germany,Denmark,Swedish,Denish,Norwegian,German}'::text[]))", 
                                   "Rows Removed by Filter": 22,                                                                         
                                   "Shared Hit Blocks": 3403,                                                                            
                                   "Shared Read Blocks": 253,                                                                            
                                   "Shared Dirtied Blocks": 0,                                                                           
                                   "Shared Written Blocks": 0,                                                                           
                                   "Local Hit Blocks": 0,                                                                                
                                   "Local Read Blocks": 0,                                                                               
                                   "Local Dirtied Blocks": 0,                                                                            
                                   "Local Written Blocks": 0,                                                                            
                                   "Temp Read Blocks": 0,                                                                                
                                   "Temp Written Blocks": 0                                                                              
                                 }                                                                                                       
                               ]                                                                                                         
                             },                                                                                                          
                             {                                                                                                           
                               "Node Type": "Index Scan",                                                                                
                               "Parent Relationship": "Inner",                                                                           
                               "Parallel Aware": false,                                                                                  
                               "Scan Direction": "Forward",                                                                              
                               "Index Name": "movie_id_movie_companies",                                                                 
                               "Relation Name": "movie_companies",                                                                       
                               "Alias": "mc",                                                                                            
                               "Startup Cost": 0.01,                                                                                     
                               "Total Cost": 0.03,                                                                                       
                               "Plan Rows": 1,                                                                                           
                               "Plan Width": 12,                                                                                         
                               "Actual Startup Time": 0.120,                                                                             
                               "Actual Total Time": 0.125,                                                                               
                               "Actual Rows": 6,                                                                                         
                               "Actual Loops": 684,                                                                                      
                               "Index Cond": "(movie_id = mk.movie_id)",                                                                 
                               "Rows Removed by Index Recheck": 0,                                                                       
                               "Filter": "(note IS NULL)",                                                                               
                               "Rows Removed by Filter": 2,                                                                              
                               "Shared Hit Blocks": 3407,                                                                                
                               "Shared Read Blocks": 9,                                                                                  
                               "Shared Dirtied Blocks": 0,                                                                               
                               "Shared Written Blocks": 0,                                                                               
                               "Local Hit Blocks": 0,                                                                                    
                               "Local Read Blocks": 0,                                                                                   
                               "Local Dirtied Blocks": 0,                                                                                
                               "Local Written Blocks": 0,                                                                                
                               "Temp Read Blocks": 0,                                                                                    
                               "Temp Written Blocks": 0                                                                                  
                             }                                                                                                           
                           ]                                                                                                             
                         },                                                                                                              
                         {                                                                                                               
                           "Node Type": "Index Scan",                                                                                    
                           "Parent Relationship": "Inner",                                                                               
                           "Parallel Aware": false,                                                                                      
                           "Scan Direction": "Forward",                                                                                  
                           "Index Name": "title_idx_id",                                                                                 
                           "Relation Name": "title",                                                                                     
                           "Alias": "t",                                                                                                 
                           "Startup Cost": 0.01,                                                                                         
                           "Total Cost": 0.04,                                                                                           
                           "Plan Rows": 1,                                                                                               
                           "Plan Width": 21,                                                                                             
                           "Actual Startup Time": 0.042,                                                                                 
                           "Actual Total Time": 0.042,                                                                                   
                           "Actual Rows": 1,                                                                                             
                           "Actual Loops": 4365,                                                                                         
                           "Index Cond": "(id = mk.movie_id)",                                                                           
                           "Rows Removed by Index Recheck": 0,                                                                           
                           "Filter": "((production_year >= 1950) AND (production_year <= 2000))",                                        
                           "Rows Removed by Filter": 0,                                                                                  
                           "Shared Hit Blocks": 17445,                                                                                   
                           "Shared Read Blocks": 15,                                                                                     
                           "Shared Dirtied Blocks": 0,                                                                                   
                           "Shared Written Blocks": 0,                                                                                   
                           "Local Hit Blocks": 0,                                                                                        
                           "Local Read Blocks": 0,                                                                                       
                           "Local Dirtied Blocks": 0,                                                                                    
                           "Local Written Blocks": 0,                                                                                    
                           "Temp Read Blocks": 0,                                                                                        
                           "Temp Written Blocks": 0                                                                                      
                         }                                                                                                               
                       ]                                                                                                                 
                     },                                                                                                                  
                     {                                                                                                                   
                       "Node Type": "Index Scan",                                                                                        
                       "Parent Relationship": "Inner",                                                                                   
                       "Parallel Aware": false,                                                                                          
                       "Scan Direction": "Forward",                                                                                      
                       "Index Name": "company_name_pkey",                                                                                
                       "Relation Name": "company_name",                                                                                  
                       "Alias": "cn",                                                                                                    
                       "Startup Cost": 0.01,                                                                                             
                       "Total Cost": 0.02,                                                                                               
                       "Plan Rows": 1,                                                                                                   
                       "Plan Width": 23,                                                                                                 
                       "Actual Startup Time": 0.079,                                                                                     
                       "Actual Total Time": 0.079,                                                                                       
                       "Actual Rows": 0,                                                                                                 
                       "Actual Loops": 3124,                                                                                             
                       "Index Cond": "(id = mc.company_id)",                                                                             
                       "Rows Removed by Index Recheck": 0,                                                                               
                       "Filter": "(((country_code)::text <> '[pl]'::text) AND ((name ~~ '%Film%'::text) OR (name ~~ '%Warner%'::text)))",
                       "Rows Removed by Filter": 1,                                                                                      
                       "Shared Hit Blocks": 12469,                                                                                       
                       "Shared Read Blocks": 27,                                                                                         
                       "Shared Dirtied Blocks": 0,                                                                                       
                       "Shared Written Blocks": 0,                                                                                       
                       "Local Hit Blocks": 0,                                                                                            
                       "Local Read Blocks": 0,                                                                                           
                       "Local Dirtied Blocks": 0,                                                                                        
                       "Local Written Blocks": 0,                                                                                        
                       "Temp Read Blocks": 0,                                                                                            
                       "Temp Written Blocks": 0                                                                                          
                     }                                                                                                                   
                   ]                                                                                                                     
                 },                                                                                                                      
                 {                                                                                                                       
                   "Node Type": "Materialize",                                                                                           
                   "Parent Relationship": "Inner",                                                                                       
                   "Parallel Aware": false,                                                                                              
                   "Startup Cost": 0.00,                                                                                                 
                   "Total Cost": 0.03,                                                                                                   
                   "Plan Rows": 1,                                                                                                       
                   "Plan Width": 4,                                                                                                      
                   "Actual Startup Time": 0.000,                                                                                         
                   "Actual Total Time": 0.000,                                                                                           
                   "Actual Rows": 1,                                                                                                     
                   "Actual Loops": 1505,                                                                                                 
                   "Shared Hit Blocks": 0,                                                                                               
                   "Shared Read Blocks": 1,                                                                                              
                   "Shared Dirtied Blocks": 0,                                                                                           
                   "Shared Written Blocks": 0,                                                                                           
                   "Local Hit Blocks": 0,                                                                                                
                   "Local Read Blocks": 0,                                                                                               
                   "Local Dirtied Blocks": 0,                                                                                            
                   "Local Written Blocks": 0,                                                                                            
                   "Temp Read Blocks": 0,                                                                                                
                   "Temp Written Blocks": 0,                                                                                             
                   "Plans": [                                                                                                            
                     {                                                                                                                   
                       "Node Type": "Seq Scan",                                                                                          
                       "Parent Relationship": "Outer",                                                                                   
                       "Parallel Aware": false,                                                                                          
                       "Relation Name": "company_type",                                                                                  
                       "Alias": "ct",                                                                                                    
                       "Startup Cost": 0.00,                                                                                             
                       "Total Cost": 0.03,                                                                                               
                       "Plan Rows": 1,                                                                                                   
                       "Plan Width": 4,                                                                                                  
                       "Actual Startup Time": 0.146,                                                                                     
                       "Actual Total Time": 0.153,                                                                                       
                       "Actual Rows": 1,                                                                                                 
                       "Actual Loops": 1,                                                                                                
                       "Filter": "((kind)::text = 'production companies'::text)",                                                        
                       "Rows Removed by Filter": 3,                                                                                      
                       "Shared Hit Blocks": 0,                                                                                           
                       "Shared Read Blocks": 1,                                                                                          
                       "Shared Dirtied Blocks": 0,                                                                                       
                       "Shared Written Blocks": 0,                                                                                       
                       "Local Hit Blocks": 0,                                                                                            
                       "Local Read Blocks": 0,                                                                                           
                       "Local Dirtied Blocks": 0,                                                                                        
                       "Local Written Blocks": 0,                                                                                        
                       "Temp Read Blocks": 0,                                                                                            
                       "Temp Written Blocks": 0                                                                                          
                     }                                                                                                                   
                   ]                                                                                                                     
                 }                                                                                                                       
               ]                                                                                                                         
             },                                                                                                                          
             {                                                                                                                           
               "Node Type": "Materialize",                                                                                               
               "Parent Relationship": "Inner",                                                                                           
               "Parallel Aware": false,                                                                                                  
               "Startup Cost": 0.00,                                                                                                     
               "Total Cost": 0.03,                                                                                                       
               "Plan Rows": 1,                                                                                                           
               "Plan Width": 16,                                                                                                         
               "Actual Startup Time": 0.000,                                                                                             
               "Actual Total Time": 0.000,                                                                                               
               "Actual Rows": 2,                                                                                                         
               "Actual Loops": 1410,                                                                                                     
               "Shared Hit Blocks": 0,                                                                                                   
               "Shared Read Blocks": 1,                                                                                                  
               "Shared Dirtied Blocks": 0,                                                                                               
               "Shared Written Blocks": 0,                                                                                               
               "Local Hit Blocks": 0,                                                                                                    
               "Local Read Blocks": 0,                                                                                                   
               "Local Dirtied Blocks": 0,                                                                                                
               "Local Written Blocks": 0,                                                                                                
               "Temp Read Blocks": 0,                                                                                                    
               "Temp Written Blocks": 0,                                                                                                 
               "Plans": [                                                                                                                
                 {                                                                                                                       
                   "Node Type": "Seq Scan",                                                                                              
                   "Parent Relationship": "Outer",                                                                                       
                   "Parallel Aware": false,                                                                                              
                   "Relation Name": "link_type",                                                                                         
                   "Alias": "lt",                                                                                                        
                   "Startup Cost": 0.00,                                                                                                 
                   "Total Cost": 0.03,                                                                                                   
                   "Plan Rows": 1,                                                                                                       
                   "Plan Width": 16,                                                                                                     
                   "Actual Startup Time": 0.125,                                                                                         
                   "Actual Total Time": 0.128,                                                                                           
                   "Actual Rows": 2,                                                                                                     
                   "Actual Loops": 1,                                                                                                    
                   "Filter": "((link)::text ~~ '%follow%'::text)",                                                                       
                   "Rows Removed by Filter": 0,                                                                                          
                   "Shared Hit Blocks": 0,                                                                                               
                   "Shared Read Blocks": 1,                                                                                              
                   "Shared Dirtied Blocks": 0,                                                                                           
                   "Shared Written Blocks": 0,                                                                                           
                   "Local Hit Blocks": 0,                                                                                                
                   "Local Read Blocks": 0,                                                                                               
                   "Local Dirtied Blocks": 0,                                                                                            
                   "Local Written Blocks": 0,                                                                                            
                   "Temp Read Blocks": 0,                                                                                                
                   "Temp Written Blocks": 0                                                                                              
                 }                                                                                                                       
               ]                                                                                                                         
             }                                                                                                                           
           ]                                                                                                                             
         }                                                                                                                               
       ]                                                                                                                                 
     },                                                                                                                                  
     "Planning Time": 5226.678,                                                                                                          
     "Triggers": [                                                                                                                       
     ],                                                                                                                                  
     "Execution Time": 3357.314                                                                                                          
   }                                                                                                                                     
 ]
