 [                                                                                                                                             
   {                                                                                                                                           
     "Plan": {                                                                                                                                 
       "Node Type": "Aggregate",                                                                                                               
       "Strategy": "Plain",                                                                                                                    
       "Partial Mode": "Simple",                                                                                                               
       "Parallel Aware": false,                                                                                                                
       "Startup Cost": 518.61,                                                                                                                 
       "Total Cost": 518.61,                                                                                                                   
       "Plan Rows": 1,                                                                                                                         
       "Plan Width": 96,                                                                                                                       
       "Actual Startup Time": 202446.043,                                                                                                      
       "Actual Total Time": 202446.043,                                                                                                        
       "Actual Rows": 1,                                                                                                                       
       "Actual Loops": 1,                                                                                                                      
       "Shared Hit Blocks": 562984,                                                                                                            
       "Shared Read Blocks": 135939,                                                                                                           
       "Shared Dirtied Blocks": 0,                                                                                                             
       "Shared Written Blocks": 0,                                                                                                             
       "Local Hit Blocks": 0,                                                                                                                  
       "Local Read Blocks": 0,                                                                                                                 
       "Local Dirtied Blocks": 0,                                                                                                              
       "Local Written Blocks": 0,                                                                                                              
       "Temp Read Blocks": 0,                                                                                                                  
       "Temp Written Blocks": 0,                                                                                                               
       "Plans": [                                                                                                                              
         {                                                                                                                                     
           "Node Type": "Nested Loop",                                                                                                         
           "Parent Relationship": "Outer",                                                                                                     
           "Parallel Aware": false,                                                                                                            
           "Join Type": "Inner",                                                                                                               
           "Startup Cost": 0.09,                                                                                                               
           "Total Cost": 518.61,                                                                                                               
           "Plan Rows": 1,                                                                                                                     
           "Plan Width": 42,                                                                                                                   
           "Actual Startup Time": 11820.195,                                                                                                   
           "Actual Total Time": 202440.477,                                                                                                    
           "Actual Rows": 2851,                                                                                                                
           "Actual Loops": 1,                                                                                                                  
           "Inner Unique": false,                                                                                                              
           "Join Filter": "(t.kind_id = kt.id)",                                                                                               
           "Rows Removed by Join Filter": 3203,                                                                                                
           "Shared Hit Blocks": 562984,                                                                                                        
           "Shared Read Blocks": 135939,                                                                                                       
           "Shared Dirtied Blocks": 0,                                                                                                         
           "Shared Written Blocks": 0,                                                                                                         
           "Local Hit Blocks": 0,                                                                                                              
           "Local Read Blocks": 0,                                                                                                             
           "Local Dirtied Blocks": 0,                                                                                                          
           "Local Written Blocks": 0,                                                                                                          
           "Temp Read Blocks": 0,                                                                                                              
           "Temp Written Blocks": 0,                                                                                                           
           "Plans": [                                                                                                                          
             {                                                                                                                                 
               "Node Type": "Seq Scan",                                                                                                        
               "Parent Relationship": "Outer",                                                                                                 
               "Parallel Aware": false,                                                                                                        
               "Relation Name": "kind_type",                                                                                                   
               "Alias": "kt",                                                                                                                  
               "Startup Cost": 0.00,                                                                                                           
               "Total Cost": 0.03,                                                                                                             
               "Plan Rows": 2,                                                                                                                 
               "Plan Width": 4,                                                                                                                
               "Actual Startup Time": 18.090,                                                                                                  
               "Actual Total Time": 18.094,                                                                                                    
               "Actual Rows": 2,                                                                                                               
               "Actual Loops": 1,                                                                                                              
               "Filter": "((kind)::text = ANY ('{movie,episode}'::text[]))",                                                                   
               "Rows Removed by Filter": 5,                                                                                                    
               "Shared Hit Blocks": 0,                                                                                                         
               "Shared Read Blocks": 1,                                                                                                        
               "Shared Dirtied Blocks": 0,                                                                                                     
               "Shared Written Blocks": 0,                                                                                                     
               "Local Hit Blocks": 0,                                                                                                          
               "Local Read Blocks": 0,                                                                                                         
               "Local Dirtied Blocks": 0,                                                                                                      
               "Local Written Blocks": 0,                                                                                                      
               "Temp Read Blocks": 0,                                                                                                          
               "Temp Written Blocks": 0                                                                                                        
             },                                                                                                                                
             {                                                                                                                                 
               "Node Type": "Materialize",                                                                                                     
               "Parent Relationship": "Inner",                                                                                                 
               "Parallel Aware": false,                                                                                                        
               "Startup Cost": 0.09,                                                                                                           
               "Total Cost": 518.58,                                                                                                           
               "Plan Rows": 1,                                                                                                                 
               "Plan Width": 46,                                                                                                               
               "Actual Startup Time": 1285.511,                                                                                                
               "Actual Total Time": 101209.851,                                                                                                
               "Actual Rows": 3027,                                                                                                            
               "Actual Loops": 2,                                                                                                              
               "Shared Hit Blocks": 562984,                                                                                                    
               "Shared Read Blocks": 135938,                                                                                                   
               "Shared Dirtied Blocks": 0,                                                                                                     
               "Shared Written Blocks": 0,                                                                                                     
               "Local Hit Blocks": 0,                                                                                                          
               "Local Read Blocks": 0,                                                                                                         
               "Local Dirtied Blocks": 0,                                                                                                      
               "Local Written Blocks": 0,                                                                                                      
               "Temp Read Blocks": 0,                                                                                                          
               "Temp Written Blocks": 0,                                                                                                       
               "Plans": [                                                                                                                      
                 {                                                                                                                             
                   "Node Type": "Nested Loop",                                                                                                 
                   "Parent Relationship": "Outer",                                                                                             
                   "Parallel Aware": false,                                                                                                    
                   "Join Type": "Inner",                                                                                                       
                   "Startup Cost": 0.09,                                                                                                       
                   "Total Cost": 518.58,                                                                                                       
                   "Plan Rows": 1,                                                                                                             
                   "Plan Width": 46,                                                                                                           
                   "Actual Startup Time": 2571.011,                                                                                            
                   "Actual Total Time": 202416.058,                                                                                            
                   "Actual Rows": 3027,                                                                                                        
                   "Actual Loops": 1,                                                                                                          
                   "Inner Unique": true,                                                                                                       
                   "Join Filter": "(mi.info_type_id = it.id)",                                                                                
                   "Rows Removed by Join Filter": 194,                                                                                         
                   "Shared Hit Blocks": 562984,                                                                                                
                   "Shared Read Blocks": 135938,                                                                                               
                   "Shared Dirtied Blocks": 0,                                                                                                 
                   "Shared Written Blocks": 0,                                                                                                 
                   "Local Hit Blocks": 0,                                                                                                      
                   "Local Read Blocks": 0,                                                                                                     
                   "Local Dirtied Blocks": 0,                                                                                                  
                   "Local Written Blocks": 0,                                                                                                  
                   "Temp Read Blocks": 0,                                                                                                      
                   "Temp Written Blocks": 0,                                                                                                   
                   "Plans": [                                                                                                                  
                     {                                                                                                                         
                       "Node Type": "Nested Loop",                                                                                             
                       "Parent Relationship": "Outer",                                                                                         
                       "Parallel Aware": false,                                                                                                
                       "Join Type": "Inner",                                                                                                   
                       "Startup Cost": 0.09,                                                                                                   
                       "Total Cost": 518.53,                                                                                                   
                       "Plan Rows": 1,                                                                                                         
                       "Plan Width": 50,                                                                                                       
                       "Actual Startup Time": 2570.953,                                                                                        
                       "Actual Total Time": 202410.491,                                                                                        
                       "Actual Rows": 3221,                                                                                                    
                       "Actual Loops": 1,                                                                                                      
                       "Inner Unique": false,                                                                                                  
                       "Join Filter": "(mc.company_type_id = ct.id)",                                                                          
                       "Rows Removed by Join Filter": 9663,                                                                                    
                       "Shared Hit Blocks": 562983,                                                                                            
                       "Shared Read Blocks": 135938,                                                                                           
                       "Shared Dirtied Blocks": 0,                                                                                             
                       "Shared Written Blocks": 0,                                                                                             
                       "Local Hit Blocks": 0,                                                                                                  
                       "Local Read Blocks": 0,                                                                                                 
                       "Local Dirtied Blocks": 0,                                                                                              
                       "Local Written Blocks": 0,                                                                                              
                       "Temp Read Blocks": 0,                                                                                                  
                       "Temp Written Blocks": 0,                                                                                               
                       "Plans": [                                                                                                              
                         {                                                                                                                     
                           "Node Type": "Seq Scan",                                                                                            
                           "Parent Relationship": "Outer",                                                                                     
                           "Parallel Aware": false,                                                                                            
                           "Relation Name": "company_type",                                                                                    
                           "Alias": "ct",                                                                                                      
                           "Startup Cost": 0.00,                                                                                               
                           "Total Cost": 0.03,                                                                                                 
                           "Plan Rows": 4,                                                                                                     
                           "Plan Width": 4,                                                                                                    
                           "Actual Startup Time": 7.095,                                                                                       
                           "Actual Total Time": 7.100,                                                                                         
                           "Actual Rows": 4,                                                                                                   
                           "Actual Loops": 1,                                                                                                  
                           "Shared Hit Blocks": 0,                                                                                             
                           "Shared Read Blocks": 1,                                                                                            
                           "Shared Dirtied Blocks": 0,                                                                                         
                           "Shared Written Blocks": 0,                                                                                         
                           "Local Hit Blocks": 0,                                                                                              
                           "Local Read Blocks": 0,                                                                                             
                           "Local Dirtied Blocks": 0,                                                                                          
                           "Local Written Blocks": 0,                                                                                          
                           "Temp Read Blocks": 0,                                                                                              
                           "Temp Written Blocks": 0                                                                                            
                         },                                                                                                                    
                         {                                                                                                                     
                           "Node Type": "Materialize",                                                                                         
                           "Parent Relationship": "Inner",                                                                                     
                           "Parallel Aware": false,                                                                                            
                           "Startup Cost": 0.09,                                                                                               
                           "Total Cost": 518.50,                                                                                               
                           "Plan Rows": 1,                                                                                                     
                           "Plan Width": 54,                                                                                                   
                           "Actual Startup Time": 640.962,                                                                                     
                           "Actual Total Time": 50599.821,                                                                                     
                           "Actual Rows": 3221,                                                                                                
                           "Actual Loops": 4,                                                                                                  
                           "Shared Hit Blocks": 562983,                                                                                        
                           "Shared Read Blocks": 135937,                                                                                       
                           "Shared Dirtied Blocks": 0,                                                                                         
                           "Shared Written Blocks": 0,                                                                                         
                           "Local Hit Blocks": 0,                                                                                              
                           "Local Read Blocks": 0,                                                                                             
                           "Local Dirtied Blocks": 0,                                                                                          
                           "Local Written Blocks": 0,                                                                                          
                           "Temp Read Blocks": 0,                                                                                              
                           "Temp Written Blocks": 0,                                                                                           
                           "Plans": [                                                                                                          
                             {                                                                                                                 
                               "Node Type": "Nested Loop",                                                                                     
                               "Parent Relationship": "Outer",                                                                                 
                               "Parallel Aware": false,                                                                                        
                               "Join Type": "Inner",                                                                                           
                               "Startup Cost": 0.09,                                                                                           
                               "Total Cost": 518.50,                                                                                           
                               "Plan Rows": 1,                                                                                                 
                               "Plan Width": 54,                                                                                               
                               "Actual Startup Time": 2563.827,                                                                                
                               "Actual Total Time": 202392.387,                                                                                
                               "Actual Rows": 3221,                                                                                            
                               "Actual Loops": 1,                                                                                              
                               "Inner Unique": true,                                                                                           
                               "Shared Hit Blocks": 562983,                                                                                    
                               "Shared Read Blocks": 135937,                                                                                   
                               "Shared Dirtied Blocks": 0,                                                                                     
                               "Shared Written Blocks": 0,                                                                                     
                               "Local Hit Blocks": 0,                                                                                          
                               "Local Read Blocks": 0,                                                                                         
                               "Local Dirtied Blocks": 0,                                                                                      
                               "Local Written Blocks": 0,                                                                                      
                               "Temp Read Blocks": 0,                                                                                          
                               "Temp Written Blocks": 0,                                                                                       
                               "Plans": [                                                                                                      
                                 {                                                                                                             
                                   "Node Type": "Nested Loop",                                                                                 
                                   "Parent Relationship": "Outer",                                                                             
                                   "Parallel Aware": false,                                                                                    
                                   "Join Type": "Inner",                                                                                       
                                   "Startup Cost": 0.08,                                                                                       
                                   "Total Cost": 518.02,                                                                                       
                                   "Plan Rows": 1,                                                                                             
                                   "Plan Width": 39,                                                                                           
                                   "Actual Startup Time": 2513.660,                                                                            
                                   "Actual Total Time": 197108.353,                                                                            
                                   "Actual Rows": 3655,                                                                                        
                                   "Actual Loops": 1,                                                                                          
                                   "Inner Unique": false,                                                                                      
                                   "Join Filter": "(t.id = mc.movie_id)",                                                                      
                                   "Rows Removed by Join Filter": 0,                                                                           
                                   "Shared Hit Blocks": 548913,                                                                                
                                   "Shared Read Blocks": 135358,                                                                               
                                   "Shared Dirtied Blocks": 0,                                                                                 
                                   "Shared Written Blocks": 0,                                                                                 
                                   "Local Hit Blocks": 0,                                                                                      
                                   "Local Read Blocks": 0,                                                                                     
                                   "Local Dirtied Blocks": 0,                                                                                  
                                   "Local Written Blocks": 0,                                                                                  
                                   "Temp Read Blocks": 0,                                                                                      
                                   "Temp Written Blocks": 0,                                                                                   
                                   "Plans": [                                                                                                  
                                     {                                                                                                         
                                       "Node Type": "Nested Loop",                                                                             
                                       "Parent Relationship": "Outer",                                                                         
                                       "Parallel Aware": false,                                                                                
                                       "Join Type": "Inner",                                                                                   
                                       "Startup Cost": 0.07,                                                                                   
                                       "Total Cost": 517.86,                                                                                   
                                       "Plan Rows": 1,                                                                                         
                                       "Plan Width": 47,                                                                                       
                                       "Actual Startup Time": 541.572,                                                                         
                                       "Actual Total Time": 184538.080,                                                                        
                                       "Actual Rows": 1983,                                                                                    
                                       "Actual Loops": 1,                                                                                      
                                       "Inner Unique": true,                                                                                   
                                       "Join Filter": "(mi.movie_id = t.id)",                                                                  
                                       "Rows Removed by Join Filter": 0,                                                                       
                                       "Shared Hit Blocks": 541945,                                                                            
                                       "Shared Read Blocks": 132480,                                                                           
                                       "Shared Dirtied Blocks": 0,                                                                             
                                       "Shared Written Blocks": 0,                                                                             
                                       "Local Hit Blocks": 0,                                                                                  
                                       "Local Read Blocks": 0,                                                                                 
                                       "Local Dirtied Blocks": 0,                                                                              
                                       "Local Written Blocks": 0,                                                                              
                                       "Temp Read Blocks": 0,                                                                                  
                                       "Temp Written Blocks": 0,                                                                               
                                       "Plans": [                                                                                              
                                         {                                                                                                     
                                           "Node Type": "Nested Loop",                                                                         
                                           "Parent Relationship": "Outer",                                                                     
                                           "Parallel Aware": false,                                                                            
                                           "Join Type": "Inner",                                                                               
                                           "Startup Cost": 0.05,                                                                               
                                           "Total Cost": 517.78,                                                                               
                                           "Plan Rows": 2,                                                                                     
                                           "Plan Width": 22,                                                                                   
                                           "Actual Startup Time": 215.179,                                                                     
                                           "Actual Total Time": 143933.805,                                                                    
                                           "Actual Rows": 21446,                                                                               
                                           "Actual Loops": 1,                                                                                  
                                           "Inner Unique": false,                                                                              
                                           "Shared Hit Blocks": 466177,                                                                        
                                           "Shared Read Blocks": 122388,                                                                       
                                           "Shared Dirtied Blocks": 0,                                                                         
                                           "Shared Written Blocks": 0,                                                                         
                                           "Local Hit Blocks": 0,                                                                              
                                           "Local Read Blocks": 0,                                                                             
                                           "Local Dirtied Blocks": 0,                                                                          
                                           "Local Written Blocks": 0,                                                                          
                                           "Temp Read Blocks": 0,                                                                              
                                           "Temp Written Blocks": 0,                                                                           
                                           "Plans": [                                                                                          
                                             {                                                                                                 
                                               "Node Type": "Nested Loop",                                                                     
                                               "Parent Relationship": "Outer",                                                                 
                                               "Parallel Aware": false,                                                                        
                                               "Join Type": "Inner",                                                                           
                                               "Startup Cost": 0.04,                                                                           
                                               "Total Cost": 517.31,                                                                           
                                               "Plan Rows": 3,                                                                                 
                                               "Plan Width": 14,                                                                               
                                               "Actual Startup Time": 102.843,                                                                 
                                               "Actual Total Time": 19080.986,                                                                 
                                               "Actual Rows": 24800,                                                                           
                                               "Actual Loops": 1,                                                                              
                                               "Inner Unique": true,                                                                           
                                               "Join Filter": "(mi_idx.info_type_id = it.id)",                                                
                                               "Rows Removed by Join Filter": 60258,                                                           
                                               "Shared Hit Blocks": 145679,                                                                    
                                               "Shared Read Blocks": 25413,                                                                    
                                               "Shared Dirtied Blocks": 0,                                                                     
                                               "Shared Written Blocks": 0,                                                                     
                                               "Local Hit Blocks": 0,                                                                          
                                               "Local Read Blocks": 0,                                                                         
                                               "Local Dirtied Blocks": 0,                                                                      
                                               "Local Written Blocks": 0,                                                                      
                                               "Temp Read Blocks": 0,                                                                          
                                               "Temp Written Blocks": 0,                                                                       
                                               "Plans": [                                                                                      
                                                 {                                                                                             
                                                   "Node Type": "Nested Loop",                                                                 
                                                   "Parent Relationship": "Outer",                                                             
                                                   "Parallel Aware": false,                                                                    
                                                   "Join Type": "Inner",                                                                       
                                                   "Startup Cost": 0.04,                                                                       
                                                   "Total Cost": 517.19,                                                                       
                                                   "Plan Rows": 345,                                                                           
                                                   "Plan Width": 18,                                                                           
                                                   "Actual Startup Time": 95.796,                                                              
                                                   "Actual Total Time": 18937.543,                                                             
                                                   "Actual Rows": 85058,                                                                       
                                                   "Actual Loops": 1,                                                                          
                                                   "Inner Unique": false,                                                                      
                                                   "Shared Hit Blocks": 145679,                                                                
                                                   "Shared Read Blocks": 25412,                                                                
                                                   "Shared Dirtied Blocks": 0,                                                                 
                                                   "Shared Written Blocks": 0,                                                                 
                                                   "Local Hit Blocks": 0,                                                                      
                                                   "Local Read Blocks": 0,                                                                     
                                                   "Local Dirtied Blocks": 0,                                                                  
                                                   "Local Written Blocks": 0,                                                                  
                                                   "Temp Read Blocks": 0,                                                                      
                                                   "Temp Written Blocks": 0,                                                                   
                                                   "Plans": [                                                                                  
                                                     {                                                                                         
                                                       "Node Type": "Nested Loop",                                                             
                                                       "Parent Relationship": "Outer",                                                         
                                                       "Parallel Aware": false,                                                                
                                                       "Join Type": "Inner",                                                                   
                                                       "Startup Cost": 0.03,                                                                   
                                                       "Total Cost": 514.14,                                                                   
                                                       "Plan Rows": 135,                                                                       
                                                       "Plan Width": 4,                                                                        
                                                       "Actual Startup Time": 59.500,                                                          
                                                       "Actual Total Time": 11149.544,                                                         
                                                       "Actual Rows": 37091,                                                                   
                                                       "Actual Loops": 1,                                                                      
                                                       "Inner Unique": false,                                                                  
                                                       "Shared Hit Blocks": 10141,                                                             
                                                       "Shared Read Blocks": 16301,                                                            
                                                       "Shared Dirtied Blocks": 0,                                                             
                                                       "Shared Written Blocks": 0,                                                             
                                                       "Local Hit Blocks": 0,                                                                  
                                                       "Local Read Blocks": 0,                                                                 
                                                       "Local Dirtied Blocks": 0,                                                              
                                                       "Local Written Blocks": 0,                                                              
                                                       "Temp Read Blocks": 0,                                                                  
                                                       "Temp Written Blocks": 0,                                                               
                                                       "Plans": [                                                                              
                                                         {                                                                                     
                                                           "Node Type": "Index Scan",                                                          
                                                           "Parent Relationship": "Outer",                                                     
                                                           "Parallel Aware": false,                                                            
                                                           "Scan Direction": "Forward",                                                        
                                                           "Index Name": "keyword_idx_keyword",                                                
                                                           "Relation Name": "keyword",                                                         
                                                           "Alias": "k",                                                                       
                                                           "Startup Cost": 0.01,                                                               
                                                           "Total Cost": 24.53,                                                                
                                                           "Plan Rows": 4,                                                                     
                                                           "Plan Width": 4,                                                                    
                                                           "Actual Startup Time": 14.569,                                                      
                                                           "Actual Total Time": 90.949,                                                        
                                                           "Actual Rows": 3,                                                                   
                                                           "Actual Loops": 1,                                                                  
                                                           "Index Cond": "(keyword = ANY ('{murder,murder-in-title,blood,violence}'::text[]))",
                                                           "Rows Removed by Index Recheck": 0,                                                 
                                                           "Shared Hit Blocks": 8,                                                             
                                                           "Shared Read Blocks": 10,                                                           
                                                           "Shared Dirtied Blocks": 0,                                                         
                                                           "Shared Written Blocks": 0,                                                         
                                                           "Local Hit Blocks": 0,                                                              
                                                           "Local Read Blocks": 0,                                                             
                                                           "Local Dirtied Blocks": 0,                                                          
                                                           "Local Written Blocks": 0,                                                          
                                                           "Temp Read Blocks": 0,                                                              
                                                           "Temp Written Blocks": 0                                                            
                                                         },                                                                                    
                                                         {                                                                                     
                                                           "Node Type": "Index Scan",                                                          
                                                           "Parent Relationship": "Inner",                                                     
                                                           "Parallel Aware": false,                                                            
                                                           "Scan Direction": "Forward",                                                        
                                                           "Index Name": "keyword_id_movie_keyword",                                           
                                                           "Relation Name": "movie_keyword",                                                   
                                                           "Alias": "mk",                                                                      
                                                           "Startup Cost": 0.01,                                                               
                                                           "Total Cost": 122.40,                                                               
                                                           "Plan Rows": 39,                                                                    
                                                           "Plan Width": 8,                                                                    
                                                           "Actual Startup Time": 36.146,                                                      
                                                           "Actual Total Time": 3675.886,                                                      
                                                           "Actual Rows": 12364,                                                               
                                                           "Actual Loops": 3,                                                                  
                                                           "Index Cond": "(keyword_id = k.id)",                                                
                                                           "Rows Removed by Index Recheck": 0,                                                 
                                                           "Shared Hit Blocks": 10133,                                                         
                                                           "Shared Read Blocks": 16291,                                                        
                                                           "Shared Dirtied Blocks": 0,                                                         
                                                           "Shared Written Blocks": 0,                                                         
                                                           "Local Hit Blocks": 0,                                                              
                                                           "Local Read Blocks": 0,                                                             
                                                           "Local Dirtied Blocks": 0,                                                          
                                                           "Local Written Blocks": 0,                                                          
                                                           "Temp Read Blocks": 0,                                                              
                                                           "Temp Written Blocks": 0                                                            
                                                         }                                                                                     
                                                       ]                                                                                       
                                                     },                                                                                        
                                                     {                                                                                         
                                                       "Node Type": "Index Scan",                                                              
                                                       "Parent Relationship": "Inner",                                                         
                                                       "Parallel Aware": false,                                                                
                                                       "Scan Direction": "Forward",                                                            
                                                       "Index Name": "movie_id_movie_info_idx",                                                
                                                       "Relation Name": "movie_info_idx",                                                      
                                                       "Alias": "mi_idx",                                                                      
                                                       "Startup Cost": 0.01,                                                                   
                                                       "Total Cost": 0.02,                                                                     
                                                       "Plan Rows": 3,                                                                         
                                                       "Plan Width": 14,                                                                       
                                                       "Actual Startup Time": 0.201,                                                           
                                                       "Actual Total Time": 0.207,                                                             
                                                       "Actual Rows": 2,                                                                       
                                                       "Actual Loops": 37091,                                                                  
                                                       "Index Cond": "(movie_id = mk.movie_id)",                                               
                                                       "Rows Removed by Index Recheck": 0,                                                     
                                                       "Filter": "(info < '7.0'::text)",                                                       
                                                       "Rows Removed by Filter": 0,                                                            
                                                       "Shared Hit Blocks": 135538,                                                            
                                                       "Shared Read Blocks": 9111,                                                             
                                                       "Shared Dirtied Blocks": 0,                                                             
                                                       "Shared Written Blocks": 0,                                                             
                                                       "Local Hit Blocks": 0,                                                                  
                                                       "Local Read Blocks": 0,                                                                 
                                                       "Local Dirtied Blocks": 0,                                                              
                                                       "Local Written Blocks": 0,                                                              
                                                       "Temp Read Blocks": 0,                                                                  
                                                       "Temp Written Blocks": 0                                                                
                                                     }                                                                                         
                                                   ]                                                                                           
                                                 },                                                                                            
                                                 {                                                                                             
                                                   "Node Type": "Materialize",                                                                 
                                                   "Parent Relationship": "Inner",                                                             
                                                   "Parallel Aware": false,                                                                    
                                                   "Startup Cost": 0.00,                                                                       
                                                   "Total Cost": 0.05,                                                                         
                                                   "Plan Rows": 1,                                                                             
                                                   "Plan Width": 4,                                                                            
                                                   "Actual Startup Time": 0.000,                                                               
                                                   "Actual Total Time": 0.000,                                                                 
                                                   "Actual Rows": 1,                                                                           
                                                   "Actual Loops": 85058,                                                                      
                                                   "Shared Hit Blocks": 0,                                                                     
                                                   "Shared Read Blocks": 1,                                                                    
                                                   "Shared Dirtied Blocks": 0,                                                                 
                                                   "Shared Written Blocks": 0,                                                                 
                                                   "Local Hit Blocks": 0,                                                                      
                                                   "Local Read Blocks": 0,                                                                     
                                                   "Local Dirtied Blocks": 0,                                                                  
                                                   "Local Written Blocks": 0,                                                                  
                                                   "Temp Read Blocks": 0,                                                                      
                                                   "Temp Written Blocks": 0,                                                                   
                                                   "Plans": [                                                                                  
                                                     {                                                                                         
                                                       "Node Type": "Seq Scan",                                                                
                                                       "Parent Relationship": "Outer",                                                         
                                                       "Parallel Aware": false,                                                                
                                                       "Relation Name": "info_type",                                                           
                                                       "Alias": "it",                                                                         
                                                       "Startup Cost": 0.00,                                                                   
                                                       "Total Cost": 0.05,                                                                     
                                                       "Plan Rows": 1,                                                                         
                                                       "Plan Width": 4,                                                                        
                                                       "Actual Startup Time": 7.005,                                                           
                                                       "Actual Total Time": 7.011,                                                             
                                                       "Actual Rows": 1,                                                                       
                                                       "Actual Loops": 1,                                                                      
                                                       "Filter": "((info)::text = 'rating'::text)",                                            
                                                       "Rows Removed by Filter": 112,                                                          
                                                       "Shared Hit Blocks": 0,                                                                 
                                                       "Shared Read Blocks": 1,                                                                
                                                       "Shared Dirtied Blocks": 0,                                                             
                                                       "Shared Written Blocks": 0,                                                             
                                                       "Local Hit Blocks": 0,                                                                  
                                                       "Local Read Blocks": 0,                                                                 
                                                       "Local Dirtied Blocks": 0,                                                              
                                                       "Local Written Blocks": 0,                                                              
                                                       "Temp Read Blocks": 0,                                                                  
                                                       "Temp Written Blocks": 0                                                                
                                                     }                                                                                         
                                                   ]                                                                                           
                                                 }                                                                                             
                                               ]                                                                                               
                                             },                                                                                                
                                             {                                                                                                 
                                               "Node Type": "Index Scan",                                                                      
                                               "Parent Relationship": "Inner",                                                                 
                                               "Parallel Aware": false,                                                                        
                                               "Scan Direction": "Forward",                                                                    
                                               "Index Name": "movie_id_movie_info",                                                            
                                               "Relation Name": "movie_info",                                                                  
                                               "Alias": "mi",                                                                                  
                                               "Startup Cost": 0.01,                                                                           
                                               "Total Cost": 0.15,                                                                             
                                               "Plan Rows": 1,                                                                                 
                                               "Plan Width": 8,                                                                                
                                               "Actual Startup Time": 4.580,                                                                   
                                               "Actual Total Time": 5.032,                                                                     
                                               "Actual Rows": 1,                                                                               
                                               "Actual Loops": 24800,                                                                          
                                               "Index Cond": "(movie_id = mk.movie_id)",                                                       
                                               "Rows Removed by Index Recheck": 0,                                                             
                                               "Filter": "(info = ANY ('{Germany,German,USA,American}'::text[]))",                             
                                               "Rows Removed by Filter": 49,                                                                   
                                               "Shared Hit Blocks": 320498,                                                                    
                                               "Shared Read Blocks": 96975,                                                                    
                                               "Shared Dirtied Blocks": 0,                                                                     
                                               "Shared Written Blocks": 0,                                                                     
                                               "Local Hit Blocks": 0,                                                                          
                                               "Local Read Blocks": 0,                                                                         
                                               "Local Dirtied Blocks": 0,                                                                      
                                               "Local Written Blocks": 0,                                                                      
                                               "Temp Read Blocks": 0,                                                                          
                                               "Temp Written Blocks": 0                                                                        
                                             }                                                                                                 
                                           ]                                                                                                   
                                         },                                                                                                    
                                         {                                                                                                     
                                           "Node Type": "Index Scan",                                                                          
                                           "Parent Relationship": "Inner",                                                                     
                                           "Parallel Aware": false,                                                                            
                                           "Scan Direction": "Forward",                                                                        
                                           "Index Name": "title_idx_id",                                                                       
                                           "Relation Name": "title",                                                                           
                                           "Alias": "t",                                                                                       
                                           "Startup Cost": 0.01,                                                                               
                                           "Total Cost": 0.04,                                                                                 
                                           "Plan Rows": 1,                                                                                     
                                           "Plan Width": 25,                                                                                   
                                           "Actual Startup Time": 1.891,                                                                       
                                           "Actual Total Time": 1.891,                                                                         
                                           "Actual Rows": 0,                                                                                   
                                           "Actual Loops": 21446,                                                                              
                                           "Index Cond": "(id = mk.movie_id)",                                                                 
                                           "Rows Removed by Index Recheck": 0,                                                                 
                                           "Filter": "(production_year > 2008)",                                                               
                                           "Rows Removed by Filter": 1,                                                                        
                                           "Shared Hit Blocks": 75768,                                                                         
                                           "Shared Read Blocks": 10092,                                                                        
                                           "Shared Dirtied Blocks": 0,                                                                         
                                           "Shared Written Blocks": 0,                                                                         
                                           "Local Hit Blocks": 0,                                                                              
                                           "Local Read Blocks": 0,                                                                             
                                           "Local Dirtied Blocks": 0,                                                                          
                                           "Local Written Blocks": 0,                                                                          
                                           "Temp Read Blocks": 0,                                                                              
                                           "Temp Written Blocks": 0                                                                            
                                         }                                                                                                     
                                       ]                                                                                                       
                                     },                                                                                                        
                                     {                                                                                                         
                                       "Node Type": "Index Scan",                                                                              
                                       "Parent Relationship": "Inner",                                                                         
                                       "Parallel Aware": false,                                                                                
                                       "Scan Direction": "Forward",                                                                            
                                       "Index Name": "movie_id_movie_companies",                                                               
                                       "Relation Name": "movie_companies",                                                                     
                                       "Alias": "mc",                                                                                          
                                       "Startup Cost": 0.01,                                                                                   
                                       "Total Cost": 0.03,                                                                                     
                                       "Plan Rows": 1,                                                                                         
                                       "Plan Width": 12,                                                                                       
                                       "Actual Startup Time": 6.077,                                                                           
                                       "Actual Total Time": 6.334,                                                                             
                                       "Actual Rows": 2,                                                                                       
                                       "Actual Loops": 1983,                                                                                   
                                       "Index Cond": "(movie_id = mk.movie_id)",                                                               
                                       "Rows Removed by Index Recheck": 0,                                                                     
                                       "Filter": "((note !~~ '%(USA)%'::text) AND (note ~~ '%(200%)%'::text))",                                
                                       "Rows Removed by Filter": 12,                                                                           
                                       "Shared Hit Blocks": 6968,                                                                              
                                       "Shared Read Blocks": 2878,                                                                             
                                       "Shared Dirtied Blocks": 0,                                                                             
                                       "Shared Written Blocks": 0,                                                                             
                                       "Local Hit Blocks": 0,                                                                                  
                                       "Local Read Blocks": 0,                                                                                 
                                       "Local Dirtied Blocks": 0,                                                                              
                                       "Local Written Blocks": 0,                                                                              
                                       "Temp Read Blocks": 0,                                                                                  
                                       "Temp Written Blocks": 0                                                                                
                                     }                                                                                                         
                                   ]                                                                                                           
                                 },                                                                                                            
                                 {                                                                                                             
                                   "Node Type": "Index Scan",                                                                                  
                                   "Parent Relationship": "Inner",                                                                             
                                   "Parallel Aware": false,                                                                                    
                                   "Scan Direction": "Forward",                                                                                
                                   "Index Name": "company_name_pkey",                                                                          
                                   "Relation Name": "company_name",                                                                            
                                   "Alias": "cn",                                                                                              
                                   "Startup Cost": 0.01,                                                                                       
                                   "Total Cost": 0.10,                                                                                         
                                   "Plan Rows": 1,                                                                                             
                                   "Plan Width": 23,                                                                                           
                                   "Actual Startup Time": 1.443,                                                                               
                                   "Actual Total Time": 1.443,                                                                                 
                                   "Actual Rows": 1,                                                                                           
                                   "Actual Loops": 3655,                                                                                       
                                   "Index Cond": "(id = mc.company_id)",                                                                       
                                   "Rows Removed by Index Recheck": 0,                                                                         
                                   "Filter": "((country_code)::text <> '[us]'::text)",                                                         
                                   "Rows Removed by Filter": 0,                                                                                
                                   "Shared Hit Blocks": 14070,                                                                                 
                                   "Shared Read Blocks": 579,                                                                                  
                                   "Shared Dirtied Blocks": 0,                                                                                 
                                   "Shared Written Blocks": 0,                                                                                 
                                   "Local Hit Blocks": 0,                                                                                      
                                   "Local Read Blocks": 0,                                                                                     
                                   "Local Dirtied Blocks": 0,                                                                                  
                                   "Local Written Blocks": 0,                                                                                  
                                   "Temp Read Blocks": 0,                                                                                      
                                   "Temp Written Blocks": 0                                                                                    
                                 }                                                                                                             
                               ]                                                                                                               
                             }                                                                                                                 
                           ]                                                                                                                   
                         }                                                                                                                     
                       ]                                                                                                                       
                     },                                                                                                                        
                     {                                                                                                                         
                       "Node Type": "Materialize",                                                                                             
                       "Parent Relationship": "Inner",                                                                                         
                       "Parallel Aware": false,                                                                                                
                       "Startup Cost": 0.00,                                                                                                   
                       "Total Cost": 0.05,                                                                                                     
                       "Plan Rows": 1,                                                                                                         
                       "Plan Width": 4,                                                                                                        
                       "Actual Startup Time": 0.000,                                                                                           
                       "Actual Total Time": 0.000,                                                                                             
                       "Actual Rows": 1,                                                                                                       
                       "Actual Loops": 3221,                                                                                                   
                       "Shared Hit Blocks": 1,                                                                                                 
                       "Shared Read Blocks": 0,                                                                                                
                       "Shared Dirtied Blocks": 0,                                                                                             
                       "Shared Written Blocks": 0,                                                                                             
                       "Local Hit Blocks": 0,                                                                                                  
                       "Local Read Blocks": 0,                                                                                                 
                       "Local Dirtied Blocks": 0,                                                                                              
                       "Local Written Blocks": 0,                                                                                              
                       "Temp Read Blocks": 0,                                                                                                  
                       "Temp Written Blocks": 0,                                                                                               
                       "Plans": [                                                                                                              
                         {                                                                                                                     
                           "Node Type": "Seq Scan",                                                                                            
                           "Parent Relationship": "Outer",                                                                                     
                           "Parallel Aware": false,                                                                                            
                           "Relation Name": "info_type",                                                                                       
                           "Alias": "it",                                                                                                     
                           "Startup Cost": 0.00,                                                                                               
                           "Total Cost": 0.05,                                                                                                 
                           "Plan Rows": 1,                                                                                                     
                           "Plan Width": 4,                                                                                                    
                           "Actual Startup Time": 0.027,                                                                                       
                           "Actual Total Time": 0.073,                                                                                         
                           "Actual Rows": 1,                                                                                                   
                           "Actual Loops": 1,                                                                                                  
                           "Filter": "((info)::text = 'countries'::text)",                                                                     
                           "Rows Removed by Filter": 112,                                                                                      
                           "Shared Hit Blocks": 1,                                                                                             
                           "Shared Read Blocks": 0,                                                                                            
                           "Shared Dirtied Blocks": 0,                                                                                         
                           "Shared Written Blocks": 0,                                                                                         
                           "Local Hit Blocks": 0,                                                                                              
                           "Local Read Blocks": 0,                                                                                             
                           "Local Dirtied Blocks": 0,                                                                                          
                           "Local Written Blocks": 0,                                                                                          
                           "Temp Read Blocks": 0,                                                                                              
                           "Temp Written Blocks": 0                                                                                            
                         }                                                                                                                     
                       ]                                                                                                                       
                     }                                                                                                                         
                   ]                                                                                                                           
                 }                                                                                                                             
               ]                                                                                                                               
             }                                                                                                                                 
           ]                                                                                                                                   
         }                                                                                                                                     
       ]                                                                                                                                       
     },                                                                                                                                        
     "Planning Time": 8795.957,                                                                                                                
     "Triggers": [                                                                                                                             
     ],                                                                                                                                        
     "Execution Time": 202467.682                                                                                                              
   }                                                                                                                                           
 ]
