 [                                                                                                                                 
   {                                                                                                                               
     "Plan": {                                                                                                                     
       "Node Type": "Aggregate",                                                                                                   
       "Strategy": "Plain",                                                                                                        
       "Partial Mode": "Simple",                                                                                                   
       "Parallel Aware": false,                                                                                                    
       "Startup Cost": 517.18,                                                                                                     
       "Total Cost": 517.18,                                                                                                       
       "Plan Rows": 1,                                                                                                             
       "Plan Width": 64,                                                                                                           
       "Actual Startup Time": 21843.597,                                                                                           
       "Actual Total Time": 21843.597,                                                                                             
       "Actual Rows": 1,                                                                                                           
       "Actual Loops": 1,                                                                                                          
       "Shared Hit Blocks": 38629,                                                                                                 
       "Shared Read Blocks": 3426,                                                                                                 
       "Shared Dirtied Blocks": 0,                                                                                                 
       "Shared Written Blocks": 0,                                                                                                 
       "Local Hit Blocks": 0,                                                                                                      
       "Local Read Blocks": 0,                                                                                                     
       "Local Dirtied Blocks": 0,                                                                                                  
       "Local Written Blocks": 0,                                                                                                  
       "Temp Read Blocks": 0,                                                                                                      
       "Temp Written Blocks": 0,                                                                                                   
       "Plans": [                                                                                                                  
         {                                                                                                                         
           "Node Type": "Nested Loop",                                                                                             
           "Parent Relationship": "Outer",                                                                                         
           "Parallel Aware": false,                                                                                                
           "Join Type": "Inner",                                                                                                   
           "Startup Cost": 0.09,                                                                                                   
           "Total Cost": 517.18,                                                                                                   
           "Plan Rows": 1,                                                                                                         
           "Plan Width": 27,                                                                                                       
           "Actual Startup Time": 21843.462,                                                                                       
           "Actual Total Time": 21843.524,                                                                                         
           "Actual Rows": 16,                                                                                                      
           "Actual Loops": 1,                                                                                                      
           "Inner Unique": true,                                                                                                   
           "Join Filter": "(mi.info_type_id = it.id)",                                                                            
           "Rows Removed by Join Filter": 0,                                                                                       
           "Shared Hit Blocks": 38629,                                                                                             
           "Shared Read Blocks": 3426,                                                                                             
           "Shared Dirtied Blocks": 0,                                                                                             
           "Shared Written Blocks": 0,                                                                                             
           "Local Hit Blocks": 0,                                                                                                  
           "Local Read Blocks": 0,                                                                                                 
           "Local Dirtied Blocks": 0,                                                                                              
           "Local Written Blocks": 0,                                                                                              
           "Temp Read Blocks": 0,                                                                                                  
           "Temp Written Blocks": 0,                                                                                               
           "Plans": [                                                                                                              
             {                                                                                                                     
               "Node Type": "Nested Loop",                                                                                         
               "Parent Relationship": "Outer",                                                                                     
               "Parallel Aware": false,                                                                                            
               "Join Type": "Inner",                                                                                               
               "Startup Cost": 0.09,                                                                                               
               "Total Cost": 517.13,                                                                                               
               "Plan Rows": 1,                                                                                                     
               "Plan Width": 31,                                                                                                   
               "Actual Startup Time": 21821.419,                                                                                   
               "Actual Total Time": 21821.462,                                                                                     
               "Actual Rows": 16,                                                                                                  
               "Actual Loops": 1,                                                                                                  
               "Inner Unique": false,                                                                                              
               "Join Filter": "(mc.company_type_id = ct.id)",                                                                      
               "Rows Removed by Join Filter": 48,                                                                                  
               "Shared Hit Blocks": 38629,                                                                                         
               "Shared Read Blocks": 3425,                                                                                         
               "Shared Dirtied Blocks": 0,                                                                                         
               "Shared Written Blocks": 0,                                                                                         
               "Local Hit Blocks": 0,                                                                                              
               "Local Read Blocks": 0,                                                                                             
               "Local Dirtied Blocks": 0,                                                                                          
               "Local Written Blocks": 0,                                                                                          
               "Temp Read Blocks": 0,                                                                                              
               "Temp Written Blocks": 0,                                                                                           
               "Plans": [                                                                                                          
                 {                                                                                                                 
                   "Node Type": "Seq Scan",                                                                                        
                   "Parent Relationship": "Outer",                                                                                 
                   "Parallel Aware": false,                                                                                        
                   "Relation Name": "company_type",                                                                                
                   "Alias": "ct",                                                                                                  
                   "Startup Cost": 0.00,                                                                                           
                   "Total Cost": 0.03,                                                                                             
                   "Plan Rows": 4,                                                                                                 
                   "Plan Width": 4,                                                                                                
                   "Actual Startup Time": 16.864,                                                                                  
                   "Actual Total Time": 16.871,                                                                                    
                   "Actual Rows": 4,                                                                                               
                   "Actual Loops": 1,                                                                                              
                   "Shared Hit Blocks": 0,                                                                                         
                   "Shared Read Blocks": 1,                                                                                        
                   "Shared Dirtied Blocks": 0,                                                                                     
                   "Shared Written Blocks": 0,                                                                                     
                   "Local Hit Blocks": 0,                                                                                          
                   "Local Read Blocks": 0,                                                                                         
                   "Local Dirtied Blocks": 0,                                                                                      
                   "Local Written Blocks": 0,                                                                                      
                   "Temp Read Blocks": 0,                                                                                          
                   "Temp Written Blocks": 0                                                                                        
                 },                                                                                                                
                 {                                                                                                                 
                   "Node Type": "Materialize",                                                                                     
                   "Parent Relationship": "Inner",                                                                                 
                   "Parallel Aware": false,                                                                                        
                   "Startup Cost": 0.09,                                                                                           
                   "Total Cost": 517.10,                                                                                           
                   "Plan Rows": 1,                                                                                                 
                   "Plan Width": 35,                                                                                               
                   "Actual Startup Time": 1245.205,                                                                                
                   "Actual Total Time": 5451.134,                                                                                  
                   "Actual Rows": 16,                                                                                              
                   "Actual Loops": 4,                                                                                              
                   "Shared Hit Blocks": 38629,                                                                                     
                   "Shared Read Blocks": 3424,                                                                                     
                   "Shared Dirtied Blocks": 0,                                                                                     
                   "Shared Written Blocks": 0,                                                                                     
                   "Local Hit Blocks": 0,                                                                                          
                   "Local Read Blocks": 0,                                                                                         
                   "Local Dirtied Blocks": 0,                                                                                      
                   "Local Written Blocks": 0,                                                                                      
                   "Temp Read Blocks": 0,                                                                                          
                   "Temp Written Blocks": 0,                                                                                       
                   "Plans": [                                                                                                      
                     {                                                                                                             
                       "Node Type": "Nested Loop",                                                                                 
                       "Parent Relationship": "Outer",                                                                             
                       "Parallel Aware": false,                                                                                    
                       "Join Type": "Inner",                                                                                       
                       "Startup Cost": 0.09,                                                                                       
                       "Total Cost": 517.10,                                                                                       
                       "Plan Rows": 1,                                                                                             
                       "Plan Width": 35,                                                                                           
                       "Actual Startup Time": 4980.806,                                                                            
                       "Actual Total Time": 21804.475,                                                                             
                       "Actual Rows": 16,                                                                                          
                       "Actual Loops": 1,                                                                                          
                       "Inner Unique": true,                                                                                       
                       "Shared Hit Blocks": 38629,                                                                                 
                       "Shared Read Blocks": 3424,                                                                                 
                       "Shared Dirtied Blocks": 0,                                                                                 
                       "Shared Written Blocks": 0,                                                                                 
                       "Local Hit Blocks": 0,                                                                                      
                       "Local Read Blocks": 0,                                                                                     
                       "Local Dirtied Blocks": 0,                                                                                  
                       "Local Written Blocks": 0,                                                                                  
                       "Temp Read Blocks": 0,                                                                                      
                       "Temp Written Blocks": 0,                                                                                   
                       "Plans": [                                                                                                  
                         {                                                                                                         
                           "Node Type": "Nested Loop",                                                                             
                           "Parent Relationship": "Outer",                                                                         
                           "Parallel Aware": false,                                                                                
                           "Join Type": "Inner",                                                                                   
                           "Startup Cost": 0.08,                                                                                   
                           "Total Cost": 517.01,                                                                                   
                           "Plan Rows": 1,                                                                                         
                           "Plan Width": 39,                                                                                       
                           "Actual Startup Time": 4927.362,                                                                        
                           "Actual Total Time": 21750.804,                                                                         
                           "Actual Rows": 16,                                                                                      
                           "Actual Loops": 1,                                                                                      
                           "Inner Unique": false,                                                                                  
                           "Join Filter": "(t.id = mi.movie_id)",                                                                  
                           "Rows Removed by Join Filter": 0,                                                                       
                           "Shared Hit Blocks": 38569,                                                                             
                           "Shared Read Blocks": 3420,                                                                             
                           "Shared Dirtied Blocks": 0,                                                                             
                           "Shared Written Blocks": 0,                                                                             
                           "Local Hit Blocks": 0,                                                                                  
                           "Local Read Blocks": 0,                                                                                 
                           "Local Dirtied Blocks": 0,                                                                              
                           "Local Written Blocks": 0,                                                                              
                           "Temp Read Blocks": 0,                                                                                  
                           "Temp Written Blocks": 0,                                                                               
                           "Plans": [                                                                                              
                             {                                                                                                     
                               "Node Type": "Nested Loop",                                                                         
                               "Parent Relationship": "Outer",                                                                     
                               "Parallel Aware": false,                                                                            
                               "Join Type": "Inner",                                                                               
                               "Startup Cost": 0.07,                                                                               
                               "Total Cost": 516.70,                                                                               
                               "Plan Rows": 2,                                                                                     
                               "Plan Width": 51,                                                                                   
                               "Actual Startup Time": 1052.449,                                                                    
                               "Actual Total Time": 15346.298,                                                                     
                               "Actual Rows": 1218,                                                                                
                               "Actual Loops": 1,                                                                                  
                               "Inner Unique": false,                                                                              
                               "Join Filter": "(t.id = mc.movie_id)",                                                              
                               "Rows Removed by Join Filter": 0,                                                                   
                               "Shared Hit Blocks": 4437,                                                                          
                               "Shared Read Blocks": 2295,                                                                         
                               "Shared Dirtied Blocks": 0,                                                                         
                               "Shared Written Blocks": 0,                                                                         
                               "Local Hit Blocks": 0,                                                                              
                               "Local Read Blocks": 0,                                                                             
                               "Local Dirtied Blocks": 0,                                                                          
                               "Local Written Blocks": 0,                                                                          
                               "Temp Read Blocks": 0,                                                                              
                               "Temp Written Blocks": 0,                                                                           
                               "Plans": [                                                                                          
                                 {                                                                                                 
                                   "Node Type": "Nested Loop",                                                                     
                                   "Parent Relationship": "Outer",                                                                 
                                   "Parallel Aware": false,                                                                        
                                   "Join Type": "Inner",                                                                           
                                   "Startup Cost": 0.05,                                                                           
                                   "Total Cost": 516.54,                                                                           
                                   "Plan Rows": 1,                                                                                 
                                   "Plan Width": 39,                                                                               
                                   "Actual Startup Time": 1009.475,                                                                
                                   "Actual Total Time": 13256.301,                                                                 
                                   "Actual Rows": 60,                                                                              
                                   "Actual Loops": 1,                                                                              
                                   "Inner Unique": true,                                                                           
                                   "Join Filter": "(t.kind_id = kt.id)",                                                           
                                   "Rows Removed by Join Filter": 1,                                                               
                                   "Shared Hit Blocks": 4289,                                                                      
                                   "Shared Read Blocks": 2137,                                                                     
                                   "Shared Dirtied Blocks": 0,                                                                     
                                   "Shared Written Blocks": 0,                                                                     
                                   "Local Hit Blocks": 0,                                                                          
                                   "Local Read Blocks": 0,                                                                         
                                   "Local Dirtied Blocks": 0,                                                                      
                                   "Local Written Blocks": 0,                                                                      
                                   "Temp Read Blocks": 0,                                                                          
                                   "Temp Written Blocks": 0,                                                                       
                                   "Plans": [                                                                                      
                                     {                                                                                             
                                       "Node Type": "Nested Loop",                                                                 
                                       "Parent Relationship": "Outer",                                                             
                                       "Parallel Aware": false,                                                                    
                                       "Join Type": "Inner",                                                                       
                                       "Startup Cost": 0.05,                                                                       
                                       "Total Cost": 516.51,                                                                       
                                       "Plan Rows": 5,                                                                             
                                       "Plan Width": 33,                                                                           
                                       "Actual Startup Time": 988.607,                                                             
                                       "Actual Total Time": 13235.112,                                                             
                                       "Actual Rows": 61,                                                                          
                                       "Actual Loops": 1,                                                                          
                                       "Inner Unique": true,                                                                       
                                       "Shared Hit Blocks": 4289,                                                                  
                                       "Shared Read Blocks": 2136,                                                                 
                                       "Shared Dirtied Blocks": 0,                                                                 
                                       "Shared Written Blocks": 0,                                                                 
                                       "Local Hit Blocks": 0,                                                                      
                                       "Local Read Blocks": 0,                                                                     
                                       "Local Dirtied Blocks": 0,                                                                  
                                       "Local Written Blocks": 0,                                                                  
                                       "Temp Read Blocks": 0,                                                                      
                                       "Temp Written Blocks": 0,                                                                   
                                       "Plans": [                                                                                  
                                         {                                                                                         
                                           "Node Type": "Nested Loop",                                                             
                                           "Parent Relationship": "Outer",                                                         
                                           "Parallel Aware": false,                                                                
                                           "Join Type": "Inner",                                                                   
                                           "Startup Cost": 0.04,                                                                   
                                           "Total Cost": 516.08,                                                                   
                                           "Plan Rows": 10,                                                                        
                                           "Plan Width": 8,                                                                        
                                           "Actual Startup Time": 309.601,                                                         
                                           "Actual Total Time": 7442.897,                                                          
                                           "Actual Rows": 318,                                                                     
                                           "Actual Loops": 1,                                                                      
                                           "Inner Unique": true,                                                                   
                                           "Join Filter": "(cc.status_id = cct.id)",                                              
                                           "Rows Removed by Join Filter": 312,                                                     
                                           "Shared Hit Blocks": 3454,                                                              
                                           "Shared Read Blocks": 1699,                                                             
                                           "Shared Dirtied Blocks": 0,                                                             
                                           "Shared Written Blocks": 0,                                                             
                                           "Local Hit Blocks": 0,                                                                  
                                           "Local Read Blocks": 0,                                                                 
                                           "Local Dirtied Blocks": 0,                                                              
                                           "Local Written Blocks": 0,                                                              
                                           "Temp Read Blocks": 0,                                                                  
                                           "Temp Written Blocks": 0,                                                               
                                           "Plans": [                                                                              
                                             {                                                                                     
                                               "Node Type": "Nested Loop",                                                         
                                               "Parent Relationship": "Outer",                                                     
                                               "Parallel Aware": false,                                                            
                                               "Join Type": "Inner",                                                               
                                               "Startup Cost": 0.04,                                                               
                                               "Total Cost": 516.04,                                                               
                                               "Plan Rows": 41,                                                                    
                                               "Plan Width": 12,                                                                   
                                               "Actual Startup Time": 155.979,                                                     
                                               "Actual Total Time": 7440.209,                                                      
                                               "Actual Rows": 630,                                                                 
                                               "Actual Loops": 1,                                                                  
                                               "Inner Unique": false,                                                              
                                               "Shared Hit Blocks": 3454,                                                          
                                               "Shared Read Blocks": 1698,                                                         
                                               "Shared Dirtied Blocks": 0,                                                         
                                               "Shared Written Blocks": 0,                                                         
                                               "Local Hit Blocks": 0,                                                              
                                               "Local Read Blocks": 0,                                                             
                                               "Local Dirtied Blocks": 0,                                                          
                                               "Local Written Blocks": 0,                                                          
                                               "Temp Read Blocks": 0,                                                              
                                               "Temp Written Blocks": 0,                                                           
                                               "Plans": [                                                                          
                                                 {                                                                                 
                                                   "Node Type": "Nested Loop",                                                     
                                                   "Parent Relationship": "Outer",                                                 
                                                   "Parallel Aware": false,                                                        
                                                   "Join Type": "Inner",                                                           
                                                   "Startup Cost": 0.03,                                                           
                                                   "Total Cost": 514.14,                                                           
                                                   "Plan Rows": 135,                                                               
                                                   "Plan Width": 4,                                                                
                                                   "Actual Startup Time": 68.920,                                                  
                                                   "Actual Total Time": 5229.871,                                                  
                                                   "Actual Rows": 1133,                                                            
                                                   "Actual Loops": 1,                                                              
                                                   "Inner Unique": false,                                                          
                                                   "Shared Hit Blocks": 48,                                                        
                                                   "Shared Read Blocks": 1069,                                                     
                                                   "Shared Dirtied Blocks": 0,                                                     
                                                   "Shared Written Blocks": 0,                                                     
                                                   "Local Hit Blocks": 0,                                                          
                                                   "Local Read Blocks": 0,                                                         
                                                   "Local Dirtied Blocks": 0,                                                      
                                                   "Local Written Blocks": 0,                                                      
                                                   "Temp Read Blocks": 0,                                                          
                                                   "Temp Written Blocks": 0,                                                       
                                                   "Plans": [                                                                      
                                                     {                                                                             
                                                       "Node Type": "Index Scan",                                                  
                                                       "Parent Relationship": "Outer",                                             
                                                       "Parallel Aware": false,                                                    
                                                       "Scan Direction": "Forward",                                                
                                                       "Index Name": "keyword_idx_keyword",                                        
                                                       "Relation Name": "keyword",                                                 
                                                       "Alias": "k",                                                               
                                                       "Startup Cost": 0.01,                                                       
                                                       "Total Cost": 24.53,                                                        
                                                       "Plan Rows": 4,                                                             
                                                       "Plan Width": 4,                                                            
                                                       "Actual Startup Time": 15.980,                                              
                                                       "Actual Total Time": 120.578,                                               
                                                       "Actual Rows": 4,                                                           
                                                       "Actual Loops": 1,                                                          
                                                       "Index Cond": "(keyword = ANY ('{nerd,loner,alienation,dignity}'::text[]))",
                                                       "Rows Removed by Index Recheck": 0,                                         
                                                       "Shared Hit Blocks": 8,                                                     
                                                       "Shared Read Blocks": 11,                                                   
                                                       "Shared Dirtied Blocks": 0,                                                 
                                                       "Shared Written Blocks": 0,                                                 
                                                       "Local Hit Blocks": 0,                                                      
                                                       "Local Read Blocks": 0,                                                     
                                                       "Local Dirtied Blocks": 0,                                                  
                                                       "Local Written Blocks": 0,                                                  
                                                       "Temp Read Blocks": 0,                                                      
                                                       "Temp Written Blocks": 0                                                    
                                                     },                                                                            
                                                     {                                                                             
                                                       "Node Type": "Index Scan",                                                  
                                                       "Parent Relationship": "Inner",                                             
                                                       "Parallel Aware": false,                                                    
                                                       "Scan Direction": "Forward",                                                
                                                       "Index Name": "keyword_id_movie_keyword",                                   
                                                       "Relation Name": "movie_keyword",                                           
                                                       "Alias": "mk",                                                              
                                                       "Startup Cost": 0.01,                                                       
                                                       "Total Cost": 122.40,                                                       
                                                       "Plan Rows": 39,                                                            
                                                       "Plan Width": 8,                                                            
                                                       "Actual Startup Time": 40.587,                                              
                                                       "Actual Total Time": 1276.687,                                              
                                                       "Actual Rows": 283,                                                         
                                                       "Actual Loops": 4,                                                          
                                                       "Index Cond": "(keyword_id = k.id)",                                        
                                                       "Rows Removed by Index Recheck": 0,                                         
                                                       "Shared Hit Blocks": 40,                                                    
                                                       "Shared Read Blocks": 1058,                                                 
                                                       "Shared Dirtied Blocks": 0,                                                 
                                                       "Shared Written Blocks": 0,                                                 
                                                       "Local Hit Blocks": 0,                                                      
                                                       "Local Read Blocks": 0,                                                     
                                                       "Local Dirtied Blocks": 0,                                                  
                                                       "Local Written Blocks": 0,                                                  
                                                       "Temp Read Blocks": 0,                                                      
                                                       "Temp Written Blocks": 0                                                    
                                                     }                                                                             
                                                   ]                                                                               
                                                 },                                                                                
                                                 {                                                                                 
                                                   "Node Type": "Index Scan",                                                      
                                                   "Parent Relationship": "Inner",                                                 
                                                   "Parallel Aware": false,                                                        
                                                   "Scan Direction": "Forward",                                                    
                                                   "Index Name": "movie_id_complete_cast",                                         
                                                   "Relation Name": "complete_cast",                                               
                                                   "Alias": "cc",                                                                  
                                                   "Startup Cost": 0.01,                                                           
                                                   "Total Cost": 0.01,                                                             
                                                   "Plan Rows": 1,                                                                 
                                                   "Plan Width": 8,                                                                
                                                   "Actual Startup Time": 1.387,                                                   
                                                   "Actual Total Time": 1.944,                                                     
                                                   "Actual Rows": 1,                                                               
                                                   "Actual Loops": 1133,                                                           
                                                   "Index Cond": "(movie_id = mk.movie_id)",                                       
                                                   "Rows Removed by Index Recheck": 0,                                             
                                                   "Shared Hit Blocks": 3406,                                                      
                                                   "Shared Read Blocks": 629,                                                      
                                                   "Shared Dirtied Blocks": 0,                                                     
                                                   "Shared Written Blocks": 0,                                                     
                                                   "Local Hit Blocks": 0,                                                          
                                                   "Local Read Blocks": 0,                                                         
                                                   "Local Dirtied Blocks": 0,                                                      
                                                   "Local Written Blocks": 0,                                                      
                                                   "Temp Read Blocks": 0,                                                          
                                                   "Temp Written Blocks": 0                                                        
                                                 }                                                                                 
                                               ]                                                                                   
                                             },                                                                                    
                                             {                                                                                     
                                               "Node Type": "Materialize",                                                         
                                               "Parent Relationship": "Inner",                                                     
                                               "Parallel Aware": false,                                                            
                                               "Startup Cost": 0.00,                                                               
                                               "Total Cost": 0.03,                                                                 
                                               "Plan Rows": 1,                                                                     
                                               "Plan Width": 4,                                                                    
                                               "Actual Startup Time": 0.001,                                                       
                                               "Actual Total Time": 0.001,                                                         
                                               "Actual Rows": 1,                                                                   
                                               "Actual Loops": 630,                                                                
                                               "Shared Hit Blocks": 0,                                                             
                                               "Shared Read Blocks": 1,                                                            
                                               "Shared Dirtied Blocks": 0,                                                         
                                               "Shared Written Blocks": 0,                                                         
                                               "Local Hit Blocks": 0,                                                              
                                               "Local Read Blocks": 0,                                                             
                                               "Local Dirtied Blocks": 0,                                                          
                                               "Local Written Blocks": 0,                                                          
                                               "Temp Read Blocks": 0,                                                              
                                               "Temp Written Blocks": 0,                                                           
                                               "Plans": [                                                                          
                                                 {                                                                                 
                                                   "Node Type": "Seq Scan",                                                        
                                                   "Parent Relationship": "Outer",                                                 
                                                   "Parallel Aware": false,                                                        
                                                   "Relation Name": "comp_cast_type",                                              
                                                   "Alias": "cct",                                                                
                                                   "Startup Cost": 0.00,                                                           
                                                   "Total Cost": 0.03,                                                             
                                                   "Plan Rows": 1,                                                                 
                                                   "Plan Width": 4,                                                                
                                                   "Actual Startup Time": 0.122,                                                   
                                                   "Actual Total Time": 0.124,                                                     
                                                   "Actual Rows": 1,                                                               
                                                   "Actual Loops": 1,                                                              
                                                   "Filter": "((kind)::text = 'completeverified'::text)",                         
                                                   "Rows Removed by Filter": 3,                                                    
                                                   "Shared Hit Blocks": 0,                                                         
                                                   "Shared Read Blocks": 1,                                                        
                                                   "Shared Dirtied Blocks": 0,                                                     
                                                   "Shared Written Blocks": 0,                                                     
                                                   "Local Hit Blocks": 0,                                                          
                                                   "Local Read Blocks": 0,                                                         
                                                   "Local Dirtied Blocks": 0,                                                      
                                                   "Local Written Blocks": 0,                                                      
                                                   "Temp Read Blocks": 0,                                                          
                                                   "Temp Written Blocks": 0                                                        
                                                 }                                                                                 
                                               ]                                                                                   
                                             }                                                                                     
                                           ]                                                                                       
                                         },                                                                                        
                                         {                                                                                         
                                           "Node Type": "Index Scan",                                                              
                                           "Parent Relationship": "Inner",                                                         
                                           "Parallel Aware": false,                                                                
                                           "Scan Direction": "Forward",                                                            
                                           "Index Name": "title_idx_id",                                                           
                                           "Relation Name": "title",                                                               
                                           "Alias": "t",                                                                           
                                           "Startup Cost": 0.01,                                                                   
                                           "Total Cost": 0.04,                                                                     
                                           "Plan Rows": 1,                                                                         
                                           "Plan Width": 25,                                                                       
                                           "Actual Startup Time": 18.210,                                                          
                                           "Actual Total Time": 18.210,                                                            
                                           "Actual Rows": 0,                                                                       
                                           "Actual Loops": 318,                                                                    
                                           "Index Cond": "(id = mk.movie_id)",                                                     
                                           "Rows Removed by Index Recheck": 0,                                                     
                                           "Filter": "(production_year > 2000)",                                                   
                                           "Rows Removed by Filter": 1,                                                            
                                           "Shared Hit Blocks": 835,                                                               
                                           "Shared Read Blocks": 437,                                                              
                                           "Shared Dirtied Blocks": 0,                                                             
                                           "Shared Written Blocks": 0,                                                             
                                           "Local Hit Blocks": 0,                                                                  
                                           "Local Read Blocks": 0,                                                                 
                                           "Local Dirtied Blocks": 0,                                                              
                                           "Local Written Blocks": 0,                                                              
                                           "Temp Read Blocks": 0,                                                                  
                                           "Temp Written Blocks": 0                                                                
                                         }                                                                                         
                                       ]                                                                                           
                                     },                                                                                            
                                     {                                                                                             
                                       "Node Type": "Materialize",                                                                 
                                       "Parent Relationship": "Inner",                                                             
                                       "Parallel Aware": false,                                                                    
                                       "Startup Cost": 0.00,                                                                       
                                       "Total Cost": 0.03,                                                                         
                                       "Plan Rows": 1,                                                                             
                                       "Plan Width": 14,                                                                           
                                       "Actual Startup Time": 0.343,                                                               
                                       "Actual Total Time": 0.343,                                                                 
                                       "Actual Rows": 1,                                                                           
                                       "Actual Loops": 61,                                                                         
                                       "Shared Hit Blocks": 0,                                                                     
                                       "Shared Read Blocks": 1,                                                                    
                                       "Shared Dirtied Blocks": 0,                                                                 
                                       "Shared Written Blocks": 0,                                                                 
                                       "Local Hit Blocks": 0,                                                                      
                                       "Local Read Blocks": 0,                                                                     
                                       "Local Dirtied Blocks": 0,                                                                  
                                       "Local Written Blocks": 0,                                                                  
                                       "Temp Read Blocks": 0,                                                                      
                                       "Temp Written Blocks": 0,                                                                   
                                       "Plans": [                                                                                  
                                         {                                                                                         
                                           "Node Type": "Seq Scan",                                                                
                                           "Parent Relationship": "Outer",                                                         
                                           "Parallel Aware": false,                                                                
                                           "Relation Name": "kind_type",                                                           
                                           "Alias": "kt",                                                                          
                                           "Startup Cost": 0.00,                                                                   
                                           "Total Cost": 0.03,                                                                     
                                           "Plan Rows": 1,                                                                         
                                           "Plan Width": 14,                                                                       
                                           "Actual Startup Time": 20.838,                                                          
                                           "Actual Total Time": 20.848,                                                            
                                           "Actual Rows": 1,                                                                       
                                           "Actual Loops": 1,                                                                      
                                           "Filter": "((kind)::text = 'movie'::text)",                                             
                                           "Rows Removed by Filter": 6,                                                            
                                           "Shared Hit Blocks": 0,                                                                 
                                           "Shared Read Blocks": 1,                                                                
                                           "Shared Dirtied Blocks": 0,                                                             
                                           "Shared Written Blocks": 0,                                                             
                                           "Local Hit Blocks": 0,                                                                  
                                           "Local Read Blocks": 0,                                                                 
                                           "Local Dirtied Blocks": 0,                                                              
                                           "Local Written Blocks": 0,                                                              
                                           "Temp Read Blocks": 0,                                                                  
                                           "Temp Written Blocks": 0                                                                
                                         }                                                                                         
                                       ]                                                                                           
                                     }                                                                                             
                                   ]                                                                                               
                                 },                                                                                                
                                 {                                                                                                 
                                   "Node Type": "Index Scan",                                                                      
                                   "Parent Relationship": "Inner",                                                                 
                                   "Parallel Aware": false,                                                                        
                                   "Scan Direction": "Forward",                                                                    
                                   "Index Name": "movie_id_movie_companies",                                                       
                                   "Relation Name": "movie_companies",                                                             
                                   "Alias": "mc",                                                                                  
                                   "Startup Cost": 0.01,                                                                           
                                   "Total Cost": 0.03,                                                                             
                                   "Plan Rows": 2,                                                                                 
                                   "Plan Width": 12,                                                                               
                                   "Actual Startup Time": 21.490,                                                                  
                                   "Actual Total Time": 34.801,                                                                    
                                   "Actual Rows": 20,                                                                              
                                   "Actual Loops": 60,                                                                             
                                   "Index Cond": "(movie_id = mk.movie_id)",                                                       
                                   "Rows Removed by Index Recheck": 0,                                                             
                                   "Shared Hit Blocks": 148,                                                                       
                                   "Shared Read Blocks": 158,                                                                      
                                   "Shared Dirtied Blocks": 0,                                                                     
                                   "Shared Written Blocks": 0,                                                                     
                                   "Local Hit Blocks": 0,                                                                          
                                   "Local Read Blocks": 0,                                                                         
                                   "Local Dirtied Blocks": 0,                                                                      
                                   "Local Written Blocks": 0,                                                                      
                                   "Temp Read Blocks": 0,                                                                          
                                   "Temp Written Blocks": 0                                                                        
                                 }                                                                                                 
                               ]                                                                                                   
                             },                                                                                                    
                             {                                                                                                     
                               "Node Type": "Index Scan",                                                                          
                               "Parent Relationship": "Inner",                                                                     
                               "Parallel Aware": false,                                                                            
                               "Scan Direction": "Forward",                                                                        
                               "Index Name": "movie_id_movie_info",                                                                
                               "Relation Name": "movie_info",                                                                      
                               "Alias": "mi",                                                                                      
                               "Startup Cost": 0.01,                                                                               
                               "Total Cost": 0.15,                                                                                 
                               "Plan Rows": 1,                                                                                     
                               "Plan Width": 8,                                                                                    
                               "Actual Startup Time": 5.190,                                                                       
                               "Actual Total Time": 5.257,                                                                         
                               "Actual Rows": 0,                                                                                   
                               "Actual Loops": 1218,                                                                               
                               "Index Cond": "(movie_id = mk.movie_id)",                                                           
                               "Rows Removed by Index Recheck": 0,                                                                 
                               "Filter": "((note ~~ '%internet%'::text) AND (info ~~ 'USA:% 200%'::text))",                        
                               "Rows Removed by Filter": 274,                                                                      
                               "Shared Hit Blocks": 34132,                                                                         
                               "Shared Read Blocks": 1125,                                                                         
                               "Shared Dirtied Blocks": 0,                                                                         
                               "Shared Written Blocks": 0,                                                                         
                               "Local Hit Blocks": 0,                                                                              
                               "Local Read Blocks": 0,                                                                             
                               "Local Dirtied Blocks": 0,                                                                          
                               "Local Written Blocks": 0,                                                                          
                               "Temp Read Blocks": 0,                                                                              
                               "Temp Written Blocks": 0                                                                            
                             }                                                                                                     
                           ]                                                                                                       
                         },                                                                                                        
                         {                                                                                                         
                           "Node Type": "Index Scan",                                                                              
                           "Parent Relationship": "Inner",                                                                         
                           "Parallel Aware": false,                                                                                
                           "Scan Direction": "Forward",                                                                            
                           "Index Name": "company_name_pkey",                                                                      
                           "Relation Name": "company_name",                                                                        
                           "Alias": "cn",                                                                                          
                           "Startup Cost": 0.01,                                                                                   
                           "Total Cost": 0.02,                                                                                     
                           "Plan Rows": 1,                                                                                         
                           "Plan Width": 4,                                                                                        
                           "Actual Startup Time": 3.350,                                                                           
                           "Actual Total Time": 3.350,                                                                             
                           "Actual Rows": 1,                                                                                       
                           "Actual Loops": 16,                                                                                     
                           "Index Cond": "(id = mc.company_id)",                                                                   
                           "Rows Removed by Index Recheck": 0,                                                                     
                           "Filter": "((country_code)::text = '[us]'::text)",                                                      
                           "Rows Removed by Filter": 0,                                                                            
                           "Shared Hit Blocks": 60,                                                                                
                           "Shared Read Blocks": 4,                                                                                
                           "Shared Dirtied Blocks": 0,                                                                             
                           "Shared Written Blocks": 0,                                                                             
                           "Local Hit Blocks": 0,                                                                                  
                           "Local Read Blocks": 0,                                                                                 
                           "Local Dirtied Blocks": 0,                                                                              
                           "Local Written Blocks": 0,                                                                              
                           "Temp Read Blocks": 0,                                                                                  
                           "Temp Written Blocks": 0                                                                                
                         }                                                                                                         
                       ]                                                                                                           
                     }                                                                                                             
                   ]                                                                                                               
                 }                                                                                                                 
               ]                                                                                                                   
             },                                                                                                                    
             {                                                                                                                     
               "Node Type": "Materialize",                                                                                         
               "Parent Relationship": "Inner",                                                                                     
               "Parallel Aware": false,                                                                                            
               "Startup Cost": 0.00,                                                                                               
               "Total Cost": 0.05,                                                                                                 
               "Plan Rows": 1,                                                                                                     
               "Plan Width": 4,                                                                                                    
               "Actual Startup Time": 1.377,                                                                                       
               "Actual Total Time": 1.377,                                                                                         
               "Actual Rows": 1,                                                                                                   
               "Actual Loops": 16,                                                                                                 
               "Shared Hit Blocks": 0,                                                                                             
               "Shared Read Blocks": 1,                                                                                            
               "Shared Dirtied Blocks": 0,                                                                                         
               "Shared Written Blocks": 0,                                                                                         
               "Local Hit Blocks": 0,                                                                                              
               "Local Read Blocks": 0,                                                                                             
               "Local Dirtied Blocks": 0,                                                                                          
               "Local Written Blocks": 0,                                                                                          
               "Temp Read Blocks": 0,                                                                                              
               "Temp Written Blocks": 0,                                                                                           
               "Plans": [                                                                                                          
                 {                                                                                                                 
                   "Node Type": "Seq Scan",                                                                                        
                   "Parent Relationship": "Outer",                                                                                 
                   "Parallel Aware": false,                                                                                        
                   "Relation Name": "info_type",                                                                                   
                   "Alias": "it",                                                                                                 
                   "Startup Cost": 0.00,                                                                                           
                   "Total Cost": 0.05,                                                                                             
                   "Plan Rows": 1,                                                                                                 
                   "Plan Width": 4,                                                                                                
                   "Actual Startup Time": 22.021,                                                                                  
                   "Actual Total Time": 22.021,                                                                                    
                   "Actual Rows": 1,                                                                                               
                   "Actual Loops": 1,                                                                                              
                   "Filter": "((info)::text = 'release dates'::text)",                                                             
                   "Rows Removed by Filter": 15,                                                                                   
                   "Shared Hit Blocks": 0,                                                                                         
                   "Shared Read Blocks": 1,                                                                                        
                   "Shared Dirtied Blocks": 0,                                                                                     
                   "Shared Written Blocks": 0,                                                                                     
                   "Local Hit Blocks": 0,                                                                                          
                   "Local Read Blocks": 0,                                                                                         
                   "Local Dirtied Blocks": 0,                                                                                      
                   "Local Written Blocks": 0,                                                                                      
                   "Temp Read Blocks": 0,                                                                                          
                   "Temp Written Blocks": 0                                                                                        
                 }                                                                                                                 
               ]                                                                                                                   
             }                                                                                                                     
           ]                                                                                                                       
         }                                                                                                                         
       ]                                                                                                                           
     },                                                                                                                            
     "Planning Time": 6478.299,                                                                                                    
     "Triggers": [                                                                                                                 
     ],                                                                                                                            
     "Execution Time": 21868.331                                                                                                   
   }                                                                                                                               
 ]
