 [                                                                                                                                                                
   {                                                                                                                                                              
     "Plan": {                                                                                                                                                    
       "Node Type": "Aggregate",                                                                                                                                  
       "Strategy": "Plain",                                                                                                                                       
       "Partial Mode": "Simple",                                                                                                                                  
       "Parallel Aware": false,                                                                                                                                   
       "Startup Cost": 395.59,                                                                                                                                    
       "Total Cost": 395.59,                                                                                                                                      
       "Plan Rows": 1,                                                                                                                                            
       "Plan Width": 96,                                                                                                                                          
       "Actual Startup Time": 206641.163,                                                                                                                         
       "Actual Total Time": 206641.164,                                                                                                                           
       "Actual Rows": 1,                                                                                                                                          
       "Actual Loops": 1,                                                                                                                                         
       "Shared Hit Blocks": 754584,                                                                                                                               
       "Shared Read Blocks": 37964,                                                                                                                               
       "Shared Dirtied Blocks": 0,                                                                                                                                
       "Shared Written Blocks": 0,                                                                                                                                
       "Local Hit Blocks": 0,                                                                                                                                     
       "Local Read Blocks": 0,                                                                                                                                    
       "Local Dirtied Blocks": 0,                                                                                                                                 
       "Local Written Blocks": 0,                                                                                                                                 
       "Temp Read Blocks": 0,                                                                                                                                     
       "Temp Written Blocks": 0,                                                                                                                                  
       "Plans": [                                                                                                                                                 
         {                                                                                                                                                        
           "Node Type": "Nested Loop",                                                                                                                            
           "Parent Relationship": "Outer",                                                                                                                        
           "Parallel Aware": false,                                                                                                                               
           "Join Type": "Inner",                                                                                                                                  
           "Startup Cost": 0.14,                                                                                                                                  
           "Total Cost": 395.59,                                                                                                                                  
           "Plan Rows": 1,                                                                                                                                        
           "Plan Width": 48,                                                                                                                                      
           "Actual Startup Time": 15448.047,                                                                                                                      
           "Actual Total Time": 206640.642,                                                                                                                       
           "Actual Rows": 275,                                                                                                                                    
           "Actual Loops": 1,                                                                                                                                     
           "Inner Unique": true,                                                                                                                                  
           "Join Filter": "(ci.role_id = rt.id)",                                                                                                                 
           "Rows Removed by Join Filter": 0,                                                                                                                      
           "Shared Hit Blocks": 754584,                                                                                                                           
           "Shared Read Blocks": 37964,                                                                                                                           
           "Shared Dirtied Blocks": 0,                                                                                                                            
           "Shared Written Blocks": 0,                                                                                                                            
           "Local Hit Blocks": 0,                                                                                                                                 
           "Local Read Blocks": 0,                                                                                                                                
           "Local Dirtied Blocks": 0,                                                                                                                             
           "Local Written Blocks": 0,                                                                                                                             
           "Temp Read Blocks": 0,                                                                                                                                 
           "Temp Written Blocks": 0,                                                                                                                              
           "Plans": [                                                                                                                                             
             {                                                                                                                                                    
               "Node Type": "Nested Loop",                                                                                                                        
               "Parent Relationship": "Outer",                                                                                                                    
               "Parallel Aware": false,                                                                                                                           
               "Join Type": "Inner",                                                                                                                              
               "Startup Cost": 0.14,                                                                                                                              
               "Total Cost": 395.56,                                                                                                                              
               "Plan Rows": 1,                                                                                                                                    
               "Plan Width": 52,                                                                                                                                  
               "Actual Startup Time": 15425.913,                                                                                                                  
               "Actual Total Time": 206618.106,                                                                                                                   
               "Actual Rows": 275,                                                                                                                                
               "Actual Loops": 1,                                                                                                                                 
               "Inner Unique": false,                                                                                                                             
               "Join Filter": "(n.id = an.person_id)",                                                                                                            
               "Rows Removed by Join Filter": 0,                                                                                                                  
               "Shared Hit Blocks": 754584,                                                                                                                       
               "Shared Read Blocks": 37963,                                                                                                                       
               "Shared Dirtied Blocks": 0,                                                                                                                        
               "Shared Written Blocks": 0,                                                                                                                        
               "Local Hit Blocks": 0,                                                                                                                             
               "Local Read Blocks": 0,                                                                                                                            
               "Local Dirtied Blocks": 0,                                                                                                                         
               "Local Written Blocks": 0,                                                                                                                         
               "Temp Read Blocks": 0,                                                                                                                             
               "Temp Written Blocks": 0,                                                                                                                          
               "Plans": [                                                                                                                                         
                 {                                                                                                                                                
                   "Node Type": "Nested Loop",                                                                                                                    
                   "Parent Relationship": "Outer",                                                                                                                
                   "Parallel Aware": false,                                                                                                                       
                   "Join Type": "Inner",                                                                                                                          
                   "Startup Cost": 0.12,                                                                                                                          
                   "Total Cost": 395.24,                                                                                                                          
                   "Plan Rows": 1,                                                                                                                                
                   "Plan Width": 60,                                                                                                                              
                   "Actual Startup Time": 12839.520,                                                                                                              
                   "Actual Total Time": 206424.765,                                                                                                               
                   "Actual Rows": 141,                                                                                                                            
                   "Actual Loops": 1,                                                                                                                             
                   "Inner Unique": true,                                                                                                                          
                   "Shared Hit Blocks": 754064,                                                                                                                   
                   "Shared Read Blocks": 37947,                                                                                                                   
                   "Shared Dirtied Blocks": 0,                                                                                                                    
                   "Shared Written Blocks": 0,                                                                                                                    
                   "Local Hit Blocks": 0,                                                                                                                         
                   "Local Read Blocks": 0,                                                                                                                        
                   "Local Dirtied Blocks": 0,                                                                                                                     
                   "Local Written Blocks": 0,                                                                                                                     
                   "Temp Read Blocks": 0,                                                                                                                         
                   "Temp Written Blocks": 0,                                                                                                                      
                   "Plans": [                                                                                                                                     
                     {                                                                                                                                            
                       "Node Type": "Nested Loop",                                                                                                                
                       "Parent Relationship": "Outer",                                                                                                            
                       "Parallel Aware": false,                                                                                                                   
                       "Join Type": "Inner",                                                                                                                      
                       "Startup Cost": 0.11,                                                                                                                      
                       "Total Cost": 393.93,                                                                                                                      
                       "Plan Rows": 1,                                                                                                                            
                       "Plan Width": 41,                                                                                                                          
                       "Actual Startup Time": 5827.823,                                                                                                           
                       "Actual Total Time": 196597.384,                                                                                                           
                       "Actual Rows": 13608,                                                                                                                      
                       "Actual Loops": 1,                                                                                                                         
                       "Inner Unique": true,                                                                                                                      
                       "Shared Hit Blocks": 701275,                                                                                                               
                       "Shared Read Blocks": 36270,                                                                                                               
                       "Shared Dirtied Blocks": 0,                                                                                                                
                       "Shared Written Blocks": 0,                                                                                                                
                       "Local Hit Blocks": 0,                                                                                                                     
                       "Local Read Blocks": 0,                                                                                                                    
                       "Local Dirtied Blocks": 0,                                                                                                                 
                       "Local Written Blocks": 0,                                                                                                                 
                       "Temp Read Blocks": 0,                                                                                                                     
                       "Temp Written Blocks": 0,                                                                                                                  
                       "Plans": [                                                                                                                                 
                         {                                                                                                                                        
                           "Node Type": "Nested Loop",                                                                                                            
                           "Parent Relationship": "Outer",                                                                                                        
                           "Parallel Aware": false,                                                                                                               
                           "Join Type": "Inner",                                                                                                                  
                           "Startup Cost": 0.10,                                                                                                                  
                           "Total Cost": 393.02,                                                                                                                  
                           "Plan Rows": 1,                                                                                                                        
                           "Plan Width": 29,                                                                                                                      
                           "Actual Startup Time": 5808.512,                                                                                                       
                           "Actual Total Time": 186734.412,                                                                                                       
                           "Actual Rows": 13758,                                                                                                                  
                           "Actual Loops": 1,                                                                                                                     
                           "Inner Unique": false,                                                                                                                 
                           "Join Filter": "(t.id = ci.movie_id)",                                                                                                 
                           "Rows Removed by Join Filter": 0,                                                                                                      
                           "Shared Hit Blocks": 648474,                                                                                                           
                           "Shared Read Blocks": 34582,                                                                                                           
                           "Shared Dirtied Blocks": 0,                                                                                                            
                           "Shared Written Blocks": 0,                                                                                                            
                           "Local Hit Blocks": 0,                                                                                                                 
                           "Local Read Blocks": 0,                                                                                                                
                           "Local Dirtied Blocks": 0,                                                                                                             
                           "Local Written Blocks": 0,                                                                                                             
                           "Temp Read Blocks": 0,                                                                                                                 
                           "Temp Written Blocks": 0,                                                                                                              
                           "Plans": [                                                                                                                             
                             {                                                                                                                                    
                               "Node Type": "Nested Loop",                                                                                                        
                               "Parent Relationship": "Outer",                                                                                                    
                               "Parallel Aware": false,                                                                                                           
                               "Join Type": "Inner",                                                                                                              
                               "Startup Cost": 0.08,                                                                                                              
                               "Total Cost": 391.70,                                                                                                              
                               "Plan Rows": 1,                                                                                                                    
                               "Plan Width": 33,                                                                                                                  
                               "Actual Startup Time": 256.816,                                                                                                    
                               "Actual Total Time": 89475.987,                                                                                                    
                               "Actual Rows": 3406,                                                                                                               
                               "Actual Loops": 1,                                                                                                                 
                               "Inner Unique": false,                                                                                                             
                               "Join Filter": "(it.id = mi.info_type_id)",                                                                                        
                               "Rows Removed by Join Filter": 0,                                                                                                  
                               "Shared Hit Blocks": 86840,                                                                                                        
                               "Shared Read Blocks": 17436,                                                                                                       
                               "Shared Dirtied Blocks": 0,                                                                                                        
                               "Shared Written Blocks": 0,                                                                                                        
                               "Local Hit Blocks": 0,                                                                                                             
                               "Local Read Blocks": 0,                                                                                                            
                               "Local Dirtied Blocks": 0,                                                                                                         
                               "Local Written Blocks": 0,                                                                                                         
                               "Temp Read Blocks": 0,                                                                                                             
                               "Temp Written Blocks": 0,                                                                                                          
                               "Plans": [                                                                                                                         
                                 {                                                                                                                                
                                   "Node Type": "Seq Scan",                                                                                                       
                                   "Parent Relationship": "Outer",                                                                                                
                                   "Parallel Aware": false,                                                                                                       
                                   "Relation Name": "info_type",                                                                                                  
                                   "Alias": "it",                                                                                                                 
                                   "Startup Cost": 0.00,                                                                                                          
                                   "Total Cost": 0.05,                                                                                                            
                                   "Plan Rows": 1,                                                                                                                
                                   "Plan Width": 4,                                                                                                               
                                   "Actual Startup Time": 11.372,                                                                                                 
                                   "Actual Total Time": 11.416,                                                                                                   
                                   "Actual Rows": 1,                                                                                                              
                                   "Actual Loops": 1,                                                                                                             
                                   "Filter": "((info)::text = 'release dates'::text)",                                                                            
                                   "Rows Removed by Filter": 112,                                                                                                 
                                   "Shared Hit Blocks": 0,                                                                                                        
                                   "Shared Read Blocks": 1,                                                                                                       
                                   "Shared Dirtied Blocks": 0,                                                                                                    
                                   "Shared Written Blocks": 0,                                                                                                    
                                   "Local Hit Blocks": 0,                                                                                                         
                                   "Local Read Blocks": 0,                                                                                                        
                                   "Local Dirtied Blocks": 0,                                                                                                     
                                   "Local Written Blocks": 0,                                                                                                     
                                   "Temp Read Blocks": 0,                                                                                                         
                                   "Temp Written Blocks": 0                                                                                                       
                                 },                                                                                                                               
                                 {                                                                                                                                
                                   "Node Type": "Materialize",                                                                                                    
                                   "Parent Relationship": "Inner",                                                                                                
                                   "Parallel Aware": false,                                                                                                       
                                   "Startup Cost": 0.08,                                                                                                          
                                   "Total Cost": 391.65,                                                                                                          
                                   "Plan Rows": 1,                                                                                                                
                                   "Plan Width": 37,                                                                                                              
                                   "Actual Startup Time": 245.437,                                                                                                
                                   "Actual Total Time": 89461.032,                                                                                                
                                   "Actual Rows": 3406,                                                                                                           
                                   "Actual Loops": 1,                                                                                                             
                                   "Shared Hit Blocks": 86840,                                                                                                    
                                   "Shared Read Blocks": 17435,                                                                                                   
                                   "Shared Dirtied Blocks": 0,                                                                                                    
                                   "Shared Written Blocks": 0,                                                                                                    
                                   "Local Hit Blocks": 0,                                                                                                         
                                   "Local Read Blocks": 0,                                                                                                        
                                   "Local Dirtied Blocks": 0,                                                                                                     
                                   "Local Written Blocks": 0,                                                                                                     
                                   "Temp Read Blocks": 0,                                                                                                         
                                   "Temp Written Blocks": 0,                                                                                                      
                                   "Plans": [                                                                                                                     
                                     {                                                                                                                            
                                       "Node Type": "Nested Loop",                                                                                                
                                       "Parent Relationship": "Outer",                                                                                            
                                       "Parallel Aware": false,                                                                                                   
                                       "Join Type": "Inner",                                                                                                      
                                       "Startup Cost": 0.08,                                                                                                      
                                       "Total Cost": 391.65,                                                                                                      
                                       "Plan Rows": 1,                                                                                                            
                                       "Plan Width": 37,                                                                                                          
                                       "Actual Startup Time": 245.421,                                                                                            
                                       "Actual Total Time": 89453.000,                                                                                            
                                       "Actual Rows": 3406,                                                                                                       
                                       "Actual Loops": 1,                                                                                                         
                                       "Inner Unique": false,                                                                                                     
                                       "Join Filter": "(t.id = mi.movie_id)",                                                                                     
                                       "Rows Removed by Join Filter": 0,                                                                                          
                                       "Shared Hit Blocks": 86840,                                                                                                
                                       "Shared Read Blocks": 17435,                                                                                               
                                       "Shared Dirtied Blocks": 0,                                                                                                
                                       "Shared Written Blocks": 0,                                                                                                
                                       "Local Hit Blocks": 0,                                                                                                     
                                       "Local Read Blocks": 0,                                                                                                    
                                       "Local Dirtied Blocks": 0,                                                                                                 
                                       "Local Written Blocks": 0,                                                                                                 
                                       "Temp Read Blocks": 0,                                                                                                     
                                       "Temp Written Blocks": 0,                                                                                                  
                                       "Plans": [                                                                                                                 
                                         {                                                                                                                        
                                           "Node Type": "Nested Loop",                                                                                            
                                           "Parent Relationship": "Outer",                                                                                        
                                           "Parallel Aware": false,                                                                                               
                                           "Join Type": "Inner",                                                                                                  
                                           "Startup Cost": 0.07,                                                                                                  
                                           "Total Cost": 390.73,                                                                                                  
                                           "Plan Rows": 6,                                                                                                        
                                           "Plan Width": 29,                                                                                                      
                                           "Actual Startup Time": 196.645,                                                                                        
                                           "Actual Total Time": 63564.219,                                                                                        
                                           "Actual Rows": 1576,                                                                                                   
                                           "Actual Loops": 1,                                                                                                     
                                           "Inner Unique": true,                                                                                                  
                                           "Shared Hit Blocks": 57108,                                                                                            
                                           "Shared Read Blocks": 13877,                                                                                           
                                           "Shared Dirtied Blocks": 0,                                                                                            
                                           "Shared Written Blocks": 0,                                                                                            
                                           "Local Hit Blocks": 0,                                                                                                 
                                           "Local Read Blocks": 0,                                                                                                
                                           "Local Dirtied Blocks": 0,                                                                                             
                                           "Local Written Blocks": 0,                                                                                             
                                           "Temp Read Blocks": 0,                                                                                                 
                                           "Temp Written Blocks": 0,                                                                                              
                                           "Plans": [                                                                                                             
                                             {                                                                                                                    
                                               "Node Type": "Nested Loop",                                                                                        
                                               "Parent Relationship": "Outer",                                                                                    
                                               "Parallel Aware": false,                                                                                           
                                               "Join Type": "Inner",                                                                                              
                                               "Startup Cost": 0.05,                                                                                              
                                               "Total Cost": 390.42,                                                                                              
                                               "Plan Rows": 17,                                                                                                   
                                               "Plan Width": 33,                                                                                                  
                                               "Actual Startup Time": 153.445,                                                                                    
                                               "Actual Total Time": 47886.262,                                                                                    
                                               "Actual Rows": 5566,                                                                                               
                                               "Actual Loops": 1,                                                                                                 
                                               "Inner Unique": false,                                                                                             
                                               "Join Filter": "(t.id = mc.movie_id)",                                                                             
                                               "Rows Removed by Join Filter": 0,                                                                                  
                                               "Shared Hit Blocks": 36158,                                                                                        
                                               "Shared Read Blocks": 12550,                                                                                       
                                               "Shared Dirtied Blocks": 0,                                                                                        
                                               "Shared Written Blocks": 0,                                                                                        
                                               "Local Hit Blocks": 0,                                                                                             
                                               "Local Read Blocks": 0,                                                                                            
                                               "Local Dirtied Blocks": 0,                                                                                         
                                               "Local Written Blocks": 0,                                                                                         
                                               "Temp Read Blocks": 0,                                                                                             
                                               "Temp Written Blocks": 0,                                                                                          
                                               "Plans": [                                                                                                         
                                                 {                                                                                                                
                                                   "Node Type": "Nested Loop",                                                                                    
                                                   "Parent Relationship": "Outer",                                                                                
                                                   "Parallel Aware": false,                                                                                       
                                                   "Join Type": "Inner",                                                                                          
                                                   "Startup Cost": 0.04,                                                                                          
                                                   "Total Cost": 389.92,                                                                                          
                                                   "Plan Rows": 16,                                                                                               
                                                   "Plan Width": 25,                                                                                              
                                                   "Actual Startup Time": 118.423,                                                                                
                                                   "Actual Total Time": 38337.333,                                                                                
                                                   "Actual Rows": 495,                                                                                            
                                                   "Actual Loops": 1,                                                                                             
                                                   "Inner Unique": true,                                                                                          
                                                   "Shared Hit Blocks": 34644,                                                                                    
                                                   "Shared Read Blocks": 11707,                                                                                   
                                                   "Shared Dirtied Blocks": 0,                                                                                    
                                                   "Shared Written Blocks": 0,                                                                                    
                                                   "Local Hit Blocks": 0,                                                                                         
                                                   "Local Read Blocks": 0,                                                                                        
                                                   "Local Dirtied Blocks": 0,                                                                                     
                                                   "Local Written Blocks": 0,                                                                                     
                                                   "Temp Read Blocks": 0,                                                                                         
                                                   "Temp Written Blocks": 0,                                                                                      
                                                   "Plans": [                                                                                                     
                                                     {                                                                                                            
                                                       "Node Type": "Nested Loop",                                                                                
                                                       "Parent Relationship": "Outer",                                                                            
                                                       "Parallel Aware": false,                                                                                   
                                                       "Join Type": "Inner",                                                                                      
                                                       "Startup Cost": 0.03,                                                                                      
                                                       "Total Cost": 385.61,                                                                                      
                                                       "Plan Rows": 101,                                                                                          
                                                       "Plan Width": 4,                                                                                           
                                                       "Actual Startup Time": 61.806,                                                                             
                                                       "Actual Total Time": 9732.657,                                                                             
                                                       "Actual Rows": 9696,                                                                                       
                                                       "Actual Loops": 1,                                                                                         
                                                       "Inner Unique": false,                                                                                     
                                                       "Shared Hit Blocks": 2984,                                                                                 
                                                       "Shared Read Blocks": 4513,                                                                                
                                                       "Shared Dirtied Blocks": 0,                                                                                
                                                       "Shared Written Blocks": 0,                                                                                
                                                       "Local Hit Blocks": 0,                                                                                     
                                                       "Local Read Blocks": 0,                                                                                    
                                                       "Local Dirtied Blocks": 0,                                                                                 
                                                       "Local Written Blocks": 0,                                                                                 
                                                       "Temp Read Blocks": 0,                                                                                     
                                                       "Temp Written Blocks": 0,                                                                                  
                                                       "Plans": [                                                                                                 
                                                         {                                                                                                        
                                                           "Node Type": "Index Scan",                                                                             
                                                           "Parent Relationship": "Outer",                                                                        
                                                           "Parallel Aware": false,                                                                               
                                                           "Scan Direction": "Forward",                                                                           
                                                           "Index Name": "keyword_idx_keyword",                                                                   
                                                           "Relation Name": "keyword",                                                                            
                                                           "Alias": "k",                                                                                          
                                                           "Startup Cost": 0.01,                                                                                  
                                                           "Total Cost": 18.40,                                                                                   
                                                           "Plan Rows": 3,                                                                                        
                                                           "Plan Width": 4,                                                                                       
                                                           "Actual Startup Time": 11.415,                                                                         
                                                           "Actual Total Time": 61.211,                                                                           
                                                           "Actual Rows": 3,                                                                                      
                                                           "Actual Loops": 1,                                                                                     
                                                           "Index Cond": "(keyword = ANY ('{hero,martial-arts,hand-to-hand-combat}'::text[]))",                   
                                                           "Rows Removed by Index Recheck": 0,                                                                    
                                                           "Shared Hit Blocks": 7,                                                                                
                                                           "Shared Read Blocks": 8,                                                                               
                                                           "Shared Dirtied Blocks": 0,                                                                            
                                                           "Shared Written Blocks": 0,                                                                            
                                                           "Local Hit Blocks": 0,                                                                                 
                                                           "Local Read Blocks": 0,                                                                                
                                                           "Local Dirtied Blocks": 0,                                                                             
                                                           "Local Written Blocks": 0,                                                                             
                                                           "Temp Read Blocks": 0,                                                                                 
                                                           "Temp Written Blocks": 0                                                                               
                                                         },                                                                                                       
                                                         {                                                                                                        
                                                           "Node Type": "Index Scan",                                                                             
                                                           "Parent Relationship": "Inner",                                                                        
                                                           "Parallel Aware": false,                                                                               
                                                           "Scan Direction": "Forward",                                                                           
                                                           "Index Name": "keyword_id_movie_keyword",                                                              
                                                           "Relation Name": "movie_keyword",                                                                      
                                                           "Alias": "mk",                                                                                         
                                                           "Startup Cost": 0.01,                                                                                  
                                                           "Total Cost": 122.40,                                                                                  
                                                           "Plan Rows": 39,                                                                                       
                                                           "Plan Width": 8,                                                                                       
                                                           "Actual Startup Time": 30.558,                                                                         
                                                           "Actual Total Time": 3219.602,                                                                         
                                                           "Actual Rows": 3232,                                                                                   
                                                           "Actual Loops": 3,                                                                                     
                                                           "Index Cond": "(keyword_id = k.id)",                                                                   
                                                           "Rows Removed by Index Recheck": 0,                                                                    
                                                           "Shared Hit Blocks": 2977,                                                                             
                                                           "Shared Read Blocks": 4505,                                                                            
                                                           "Shared Dirtied Blocks": 0,                                                                            
                                                           "Shared Written Blocks": 0,                                                                            
                                                           "Local Hit Blocks": 0,                                                                                 
                                                           "Local Read Blocks": 0,                                                                                
                                                           "Local Dirtied Blocks": 0,                                                                             
                                                           "Local Written Blocks": 0,                                                                             
                                                           "Temp Read Blocks": 0,                                                                                 
                                                           "Temp Written Blocks": 0                                                                               
                                                         }                                                                                                        
                                                       ]                                                                                                          
                                                     },                                                                                                           
                                                     {                                                                                                            
                                                       "Node Type": "Index Scan",                                                                                 
                                                       "Parent Relationship": "Inner",                                                                            
                                                       "Parallel Aware": false,                                                                                   
                                                       "Scan Direction": "Forward",                                                                               
                                                       "Index Name": "title_idx_id",                                                                              
                                                       "Relation Name": "title",                                                                                  
                                                       "Alias": "t",                                                                                              
                                                       "Startup Cost": 0.01,                                                                                      
                                                       "Total Cost": 0.04,                                                                                        
                                                       "Plan Rows": 1,                                                                                            
                                                       "Plan Width": 21,                                                                                          
                                                       "Actual Startup Time": 2.947,                                                                              
                                                       "Actual Total Time": 2.947,                                                                                
                                                       "Actual Rows": 0,                                                                                          
                                                       "Actual Loops": 9696,                                                                                      
                                                       "Index Cond": "(id = mk.movie_id)",                                                                        
                                                       "Rows Removed by Index Recheck": 0,                                                                        
                                                       "Filter": "(production_year > 2010)",                                                                      
                                                       "Rows Removed by Filter": 1,                                                                               
                                                       "Shared Hit Blocks": 31660,                                                                                
                                                       "Shared Read Blocks": 7194,                                                                                
                                                       "Shared Dirtied Blocks": 0,                                                                                
                                                       "Shared Written Blocks": 0,                                                                                
                                                       "Local Hit Blocks": 0,                                                                                     
                                                       "Local Read Blocks": 0,                                                                                    
                                                       "Local Dirtied Blocks": 0,                                                                                 
                                                       "Local Written Blocks": 0,                                                                                 
                                                       "Temp Read Blocks": 0,                                                                                     
                                                       "Temp Written Blocks": 0                                                                                   
                                                     }                                                                                                            
                                                   ]                                                                                                              
                                                 },                                                                                                               
                                                 {                                                                                                                
                                                   "Node Type": "Index Scan",                                                                                     
                                                   "Parent Relationship": "Inner",                                                                                
                                                   "Parallel Aware": false,                                                                                       
                                                   "Scan Direction": "Forward",                                                                                   
                                                   "Index Name": "movie_id_movie_companies",                                                                      
                                                   "Relation Name": "movie_companies",                                                                            
                                                   "Alias": "mc",                                                                                                 
                                                   "Startup Cost": 0.01,                                                                                          
                                                   "Total Cost": 0.03,                                                                                            
                                                   "Plan Rows": 2,                                                                                                
                                                   "Plan Width": 8,                                                                                               
                                                   "Actual Startup Time": 13.993,                                                                                 
                                                   "Actual Total Time": 19.270,                                                                                   
                                                   "Actual Rows": 11,                                                                                             
                                                   "Actual Loops": 495,                                                                                           
                                                   "Index Cond": "(movie_id = mk.movie_id)",                                                                      
                                                   "Rows Removed by Index Recheck": 0,                                                                            
                                                   "Shared Hit Blocks": 1514,                                                                                     
                                                   "Shared Read Blocks": 843,                                                                                     
                                                   "Shared Dirtied Blocks": 0,                                                                                    
                                                   "Shared Written Blocks": 0,                                                                                    
                                                   "Local Hit Blocks": 0,                                                                                         
                                                   "Local Read Blocks": 0,                                                                                        
                                                   "Local Dirtied Blocks": 0,                                                                                     
                                                   "Local Written Blocks": 0,                                                                                     
                                                   "Temp Read Blocks": 0,                                                                                         
                                                   "Temp Written Blocks": 0                                                                                       
                                                 }                                                                                                                
                                               ]                                                                                                                  
                                             },                                                                                                                   
                                             {                                                                                                                    
                                               "Node Type": "Index Scan",                                                                                         
                                               "Parent Relationship": "Inner",                                                                                    
                                               "Parallel Aware": false,                                                                                           
                                               "Scan Direction": "Forward",                                                                                       
                                               "Index Name": "company_name_pkey",                                                                                 
                                               "Relation Name": "company_name",                                                                                   
                                               "Alias": "cn",                                                                                                     
                                               "Startup Cost": 0.01,                                                                                              
                                               "Total Cost": 0.02,                                                                                                
                                               "Plan Rows": 1,                                                                                                    
                                               "Plan Width": 4,                                                                                                   
                                               "Actual Startup Time": 2.814,                                                                                      
                                               "Actual Total Time": 2.814,                                                                                        
                                               "Actual Rows": 0,                                                                                                  
                                               "Actual Loops": 5566,                                                                                              
                                               "Index Cond": "(id = mc.company_id)",                                                                              
                                               "Rows Removed by Index Recheck": 0,                                                                                
                                               "Filter": "((country_code)::text = '[us]'::text)",                                                                 
                                               "Rows Removed by Filter": 1,                                                                                       
                                               "Shared Hit Blocks": 20950,                                                                                        
                                               "Shared Read Blocks": 1327,                                                                                        
                                               "Shared Dirtied Blocks": 0,                                                                                        
                                               "Shared Written Blocks": 0,                                                                                        
                                               "Local Hit Blocks": 0,                                                                                             
                                               "Local Read Blocks": 0,                                                                                            
                                               "Local Dirtied Blocks": 0,                                                                                         
                                               "Local Written Blocks": 0,                                                                                         
                                               "Temp Read Blocks": 0,                                                                                             
                                               "Temp Written Blocks": 0                                                                                           
                                             }                                                                                                                    
                                           ]                                                                                                                      
                                         },                                                                                                                       
                                         {                                                                                                                        
                                           "Node Type": "Index Scan",                                                                                             
                                           "Parent Relationship": "Inner",                                                                                        
                                           "Parallel Aware": false,                                                                                               
                                           "Scan Direction": "Forward",                                                                                           
                                           "Index Name": "movie_id_movie_info",                                                                                   
                                           "Relation Name": "movie_info",                                                                                         
                                           "Alias": "mi",                                                                                                         
                                           "Startup Cost": 0.01,                                                                                                  
                                           "Total Cost": 0.15,                                                                                                    
                                           "Plan Rows": 1,                                                                                                        
                                           "Plan Width": 8,                                                                                                       
                                           "Actual Startup Time": 7.618,                                                                                          
                                           "Actual Total Time": 16.421,                                                                                           
                                           "Actual Rows": 2,                                                                                                      
                                           "Actual Loops": 1576,                                                                                                  
                                           "Index Cond": "(movie_id = mk.movie_id)",                                                                              
                                           "Rows Removed by Index Recheck": 0,                                                                                    
                                           "Filter": "((info IS NOT NULL) AND ((info ~~ 'Japan:%201%'::text) OR (info ~~ 'USA:%201%'::text)))",                   
                                           "Rows Removed by Filter": 131,                                                                                         
                                           "Shared Hit Blocks": 29732,                                                                                            
                                           "Shared Read Blocks": 3558,                                                                                            
                                           "Shared Dirtied Blocks": 0,                                                                                            
                                           "Shared Written Blocks": 0,                                                                                            
                                           "Local Hit Blocks": 0,                                                                                                 
                                           "Local Read Blocks": 0,                                                                                                
                                           "Local Dirtied Blocks": 0,                                                                                             
                                           "Local Written Blocks": 0,                                                                                             
                                           "Temp Read Blocks": 0,                                                                                                 
                                           "Temp Written Blocks": 0                                                                                               
                                         }                                                                                                                        
                                       ]                                                                                                                          
                                     }                                                                                                                            
                                   ]                                                                                                                              
                                 }                                                                                                                                
                               ]                                                                                                                                  
                             },                                                                                                                                   
                             {                                                                                                                                    
                               "Node Type": "Index Scan",                                                                                                         
                               "Parent Relationship": "Inner",                                                                                                    
                               "Parallel Aware": false,                                                                                                           
                               "Scan Direction": "Forward",                                                                                                       
                               "Index Name": "movie_id_cast_info",                                                                                                
                               "Relation Name": "cast_info",                                                                                                      
                               "Alias": "ci",                                                                                                                     
                               "Startup Cost": 0.02,                                                                                                              
                               "Total Cost": 0.26,                                                                                                                
                               "Plan Rows": 1,                                                                                                                    
                               "Plan Width": 16,                                                                                                                  
                               "Actual Startup Time": 19.717,                                                                                                     
                               "Actual Total Time": 28.549,                                                                                                       
                               "Actual Rows": 4,                                                                                                                  
                               "Actual Loops": 3406,                                                                                                              
                               "Index Cond": "(movie_id = mk.movie_id)",                                                                                          
                               "Rows Removed by Index Recheck": 0,                                                                                                
                               "Filter": "(note = ANY ('{(voice),\"(voice: Japanese version)\",\"(voice) (uncredited)\",\"(voice: English version)\"}'::text[]))",
                               "Rows Removed by Filter": 169,                                                                                                     
                               "Shared Hit Blocks": 561634,                                                                                                       
                               "Shared Read Blocks": 17146,                                                                                                       
                               "Shared Dirtied Blocks": 0,                                                                                                        
                               "Shared Written Blocks": 0,                                                                                                        
                               "Local Hit Blocks": 0,                                                                                                             
                               "Local Read Blocks": 0,                                                                                                            
                               "Local Dirtied Blocks": 0,                                                                                                         
                               "Local Written Blocks": 0,                                                                                                         
                               "Temp Read Blocks": 0,                                                                                                             
                               "Temp Written Blocks": 0                                                                                                           
                             }                                                                                                                                    
                           ]                                                                                                                                      
                         },                                                                                                                                       
                         {                                                                                                                                        
                           "Node Type": "Index Scan",                                                                                                             
                           "Parent Relationship": "Inner",                                                                                                        
                           "Parallel Aware": false,                                                                                                               
                           "Scan Direction": "Forward",                                                                                                           
                           "Index Name": "char_name_pkey",                                                                                                        
                           "Relation Name": "char_name",                                                                                                          
                           "Alias": "chn",                                                                                                                        
                           "Startup Cost": 0.01,                                                                                                                  
                           "Total Cost": 0.18,                                                                                                                    
                           "Plan Rows": 1,                                                                                                                        
                           "Plan Width": 20,                                                                                                                      
                           "Actual Startup Time": 0.714,                                                                                                          
                           "Actual Total Time": 0.714,                                                                                                            
                           "Actual Rows": 1,                                                                                                                      
                           "Actual Loops": 13758,                                                                                                                 
                           "Index Cond": "(id = ci.person_role_id)",                                                                                              
                           "Rows Removed by Index Recheck": 0,                                                                                                    
                           "Shared Hit Blocks": 52801,                                                                                                            
                           "Shared Read Blocks": 1688,                                                                                                            
                           "Shared Dirtied Blocks": 0,                                                                                                            
                           "Shared Written Blocks": 0,                                                                                                            
                           "Local Hit Blocks": 0,                                                                                                                 
                           "Local Read Blocks": 0,                                                                                                                
                           "Local Dirtied Blocks": 0,                                                                                                             
                           "Local Written Blocks": 0,                                                                                                             
                           "Temp Read Blocks": 0,                                                                                                                 
                           "Temp Written Blocks": 0                                                                                                               
                         }                                                                                                                                        
                       ]                                                                                                                                          
                     },                                                                                                                                           
                     {                                                                                                                                            
                       "Node Type": "Index Scan",                                                                                                                 
                       "Parent Relationship": "Inner",                                                                                                            
                       "Parallel Aware": false,                                                                                                                   
                       "Scan Direction": "Forward",                                                                                                               
                       "Index Name": "name_pkey",                                                                                                                 
                       "Relation Name": "name",                                                                                                                   
                       "Alias": "n",                                                                                                                              
                       "Startup Cost": 0.01,                                                                                                                      
                       "Total Cost": 0.26,                                                                                                                        
                       "Plan Rows": 1,                                                                                                                            
                       "Plan Width": 19,                                                                                                                          
                       "Actual Startup Time": 0.721,                                                                                                              
                       "Actual Total Time": 0.721,                                                                                                                
                       "Actual Rows": 0,                                                                                                                          
                       "Actual Loops": 13608,                                                                                                                     
                       "Index Cond": "(id = ci.person_id)",                                                                                                       
                       "Rows Removed by Index Recheck": 0,                                                                                                        
                       "Filter": "((name ~~ '%An%'::text) AND ((gender)::text = 'f'::text))",                                                                     
                       "Rows Removed by Filter": 1,                                                                                                               
                       "Shared Hit Blocks": 52789,                                                                                                                
                       "Shared Read Blocks": 1677,                                                                                                                
                       "Shared Dirtied Blocks": 0,                                                                                                                
                       "Shared Written Blocks": 0,                                                                                                                
                       "Local Hit Blocks": 0,                                                                                                                     
                       "Local Read Blocks": 0,                                                                                                                    
                       "Local Dirtied Blocks": 0,                                                                                                                 
                       "Local Written Blocks": 0,                                                                                                                 
                       "Temp Read Blocks": 0,                                                                                                                     
                       "Temp Written Blocks": 0                                                                                                                   
                     }                                                                                                                                            
                   ]                                                                                                                                              
                 },                                                                                                                                               
                 {                                                                                                                                                
                   "Node Type": "Index Scan",                                                                                                                     
                   "Parent Relationship": "Inner",                                                                                                                
                   "Parallel Aware": false,                                                                                                                       
                   "Scan Direction": "Forward",                                                                                                                   
                   "Index Name": "person_id_aka_name",                                                                                                            
                   "Relation Name": "aka_name",                                                                                                                   
                   "Alias": "an",                                                                                                                                 
                   "Startup Cost": 0.01,                                                                                                                          
                   "Total Cost": 0.06,                                                                                                                            
                   "Plan Rows": 2,                                                                                                                                
                   "Plan Width": 4,                                                                                                                               
                   "Actual Startup Time": 1.267,                                                                                                                  
                   "Actual Total Time": 1.368,                                                                                                                    
                   "Actual Rows": 2,                                                                                                                              
                   "Actual Loops": 141,                                                                                                                           
                   "Index Cond": "(person_id = ci.person_id)",                                                                                                    
                   "Rows Removed by Index Recheck": 0,                                                                                                            
                   "Shared Hit Blocks": 520,                                                                                                                      
                   "Shared Read Blocks": 16,                                                                                                                      
                   "Shared Dirtied Blocks": 0,                                                                                                                    
                   "Shared Written Blocks": 0,                                                                                                                    
                   "Local Hit Blocks": 0,                                                                                                                         
                   "Local Read Blocks": 0,                                                                                                                        
                   "Local Dirtied Blocks": 0,                                                                                                                     
                   "Local Written Blocks": 0,                                                                                                                     
                   "Temp Read Blocks": 0,                                                                                                                         
                   "Temp Written Blocks": 0                                                                                                                       
                 }                                                                                                                                                
               ]                                                                                                                                                  
             },                                                                                                                                                   
             {                                                                                                                                                    
               "Node Type": "Materialize",                                                                                                                        
               "Parent Relationship": "Inner",                                                                                                                    
               "Parallel Aware": false,                                                                                                                           
               "Startup Cost": 0.00,                                                                                                                              
               "Total Cost": 0.03,                                                                                                                                
               "Plan Rows": 1,                                                                                                                                    
               "Plan Width": 4,                                                                                                                                   
               "Actual Startup Time": 0.081,                                                                                                                      
               "Actual Total Time": 0.081,                                                                                                                        
               "Actual Rows": 1,                                                                                                                                  
               "Actual Loops": 275,                                                                                                                               
               "Shared Hit Blocks": 0,                                                                                                                            
               "Shared Read Blocks": 1,                                                                                                                           
               "Shared Dirtied Blocks": 0,                                                                                                                        
               "Shared Written Blocks": 0,                                                                                                                        
               "Local Hit Blocks": 0,                                                                                                                             
               "Local Read Blocks": 0,                                                                                                                            
               "Local Dirtied Blocks": 0,                                                                                                                         
               "Local Written Blocks": 0,                                                                                                                         
               "Temp Read Blocks": 0,                                                                                                                             
               "Temp Written Blocks": 0,                                                                                                                          
               "Plans": [                                                                                                                                         
                 {                                                                                                                                                
                   "Node Type": "Seq Scan",                                                                                                                       
                   "Parent Relationship": "Outer",                                                                                                                
                   "Parallel Aware": false,                                                                                                                       
                   "Relation Name": "role_type",                                                                                                                  
                   "Alias": "rt",                                                                                                                                 
                   "Startup Cost": 0.00,                                                                                                                          
                   "Total Cost": 0.03,                                                                                                                            
                   "Plan Rows": 1,                                                                                                                                
                   "Plan Width": 4,                                                                                                                               
                   "Actual Startup Time": 22.110,                                                                                                                 
                   "Actual Total Time": 22.110,                                                                                                                   
                   "Actual Rows": 1,                                                                                                                              
                   "Actual Loops": 1,                                                                                                                             
                   "Filter": "((role)::text = 'actress'::text)",                                                                                                  
                   "Rows Removed by Filter": 1,                                                                                                                   
                   "Shared Hit Blocks": 0,                                                                                                                        
                   "Shared Read Blocks": 1,                                                                                                                       
                   "Shared Dirtied Blocks": 0,                                                                                                                    
                   "Shared Written Blocks": 0,                                                                                                                    
                   "Local Hit Blocks": 0,                                                                                                                         
                   "Local Read Blocks": 0,                                                                                                                        
                   "Local Dirtied Blocks": 0,                                                                                                                     
                   "Local Written Blocks": 0,                                                                                                                     
                   "Temp Read Blocks": 0,                                                                                                                         
                   "Temp Written Blocks": 0                                                                                                                       
                 }                                                                                                                                                
               ]                                                                                                                                                  
             }                                                                                                                                                    
           ]                                                                                                                                                      
         }                                                                                                                                                        
       ]                                                                                                                                                          
     },                                                                                                                                                           
     "Planning Time": 10381.851,                                                                                                                                  
     "Triggers": [                                                                                                                                                
     ],                                                                                                                                                           
     "Execution Time": 206670.600                                                                                                                                 
   }                                                                                                                                                              
 ]
