 [                                                                                                                                           
   {                                                                                                                                         
     "Plan": {                                                                                                                               
       "Node Type": "Aggregate",                                                                                                             
       "Strategy": "Plain",                                                                                                                  
       "Partial Mode": "Simple",                                                                                                             
       "Parallel Aware": false,                                                                                                              
       "Startup Cost": 648.99,                                                                                                               
       "Total Cost": 648.99,                                                                                                                 
       "Plan Rows": 1,                                                                                                                       
       "Plan Width": 128,                                                                                                                    
       "Actual Startup Time": 1547896.447,                                                                                                   
       "Actual Total Time": 1547896.447,                                                                                                     
       "Actual Rows": 1,                                                                                                                     
       "Actual Loops": 1,                                                                                                                    
       "Shared Hit Blocks": 3230673,                                                                                                         
       "Shared Read Blocks": 347153,                                                                                                         
       "Shared Dirtied Blocks": 0,                                                                                                           
       "Shared Written Blocks": 0,                                                                                                           
       "Local Hit Blocks": 0,                                                                                                                
       "Local Read Blocks": 0,                                                                                                               
       "Local Dirtied Blocks": 0,                                                                                                            
       "Local Written Blocks": 0,                                                                                                            
       "Temp Read Blocks": 0,                                                                                                                
       "Temp Written Blocks": 0,                                                                                                             
       "Plans": [                                                                                                                            
         {                                                                                                                                   
           "Node Type": "Nested Loop",                                                                                                       
           "Parent Relationship": "Outer",                                                                                                   
           "Parallel Aware": false,                                                                                                          
           "Join Type": "Inner",                                                                                                             
           "Startup Cost": 0.10,                                                                                                             
           "Total Cost": 648.99,                                                                                                             
           "Plan Rows": 1,                                                                                                                   
           "Plan Width": 80,                                                                                                                 
           "Actual Startup Time": 1035511.460,                                                                                               
           "Actual Total Time": 1547896.334,                                                                                                 
           "Actual Rows": 6,                                                                                                                 
           "Actual Loops": 1,                                                                                                                
           "Inner Unique": true,                                                                                                             
           "Join Filter": "(mi.movie_id = t.id)",                                                                                            
           "Rows Removed by Join Filter": 0,                                                                                                 
           "Shared Hit Blocks": 3230673,                                                                                                     
           "Shared Read Blocks": 347153,                                                                                                     
           "Shared Dirtied Blocks": 0,                                                                                                       
           "Shared Written Blocks": 0,                                                                                                       
           "Local Hit Blocks": 0,                                                                                                            
           "Local Read Blocks": 0,                                                                                                           
           "Local Dirtied Blocks": 0,                                                                                                        
           "Local Written Blocks": 0,                                                                                                        
           "Temp Read Blocks": 0,                                                                                                            
           "Temp Written Blocks": 0,                                                                                                         
           "Plans": [                                                                                                                        
             {                                                                                                                               
               "Node Type": "Nested Loop",                                                                                                   
               "Parent Relationship": "Outer",                                                                                               
               "Parallel Aware": false,                                                                                                      
               "Join Type": "Inner",                                                                                                         
               "Startup Cost": 0.08,                                                                                                         
               "Total Cost": 648.78,                                                                                                         
               "Plan Rows": 1,                                                                                                               
               "Plan Width": 79,                                                                                                             
               "Actual Startup Time": 81765.431,                                                                                             
               "Actual Total Time": 1516822.849,                                                                                             
               "Actual Rows": 4407,                                                                                                          
               "Actual Loops": 1,                                                                                                            
               "Inner Unique": true,                                                                                                         
               "Join Filter": "(mi.info_type_id = it.id)",                                                                                  
               "Rows Removed by Join Filter": 506,                                                                                           
               "Shared Hit Blocks": 3215580,                                                                                                 
               "Shared Read Blocks": 344612,                                                                                                 
               "Shared Dirtied Blocks": 0,                                                                                                   
               "Shared Written Blocks": 0,                                                                                                   
               "Local Hit Blocks": 0,                                                                                                        
               "Local Read Blocks": 0,                                                                                                       
               "Local Dirtied Blocks": 0,                                                                                                    
               "Local Written Blocks": 0,                                                                                                    
               "Temp Read Blocks": 0,                                                                                                        
               "Temp Written Blocks": 0,                                                                                                     
               "Plans": [                                                                                                                    
                 {                                                                                                                           
                   "Node Type": "Nested Loop",                                                                                               
                   "Parent Relationship": "Outer",                                                                                           
                   "Parallel Aware": false,                                                                                                  
                   "Join Type": "Inner",                                                                                                     
                   "Startup Cost": 0.08,                                                                                                     
                   "Total Cost": 648.73,                                                                                                     
                   "Plan Rows": 1,                                                                                                           
                   "Plan Width": 83,                                                                                                         
                   "Actual Startup Time": 81765.369,                                                                                         
                   "Actual Total Time": 1516808.450,                                                                                         
                   "Actual Rows": 4913,                                                                                                      
                   "Actual Loops": 1,                                                                                                        
                   "Inner Unique": false,                                                                                                    
                   "Join Filter": "(mi_idx.movie_id = mi.movie_id)",                                                                         
                   "Rows Removed by Join Filter": 0,                                                                                         
                   "Shared Hit Blocks": 3215579,                                                                                             
                   "Shared Read Blocks": 344612,                                                                                             
                   "Shared Dirtied Blocks": 0,                                                                                               
                   "Shared Written Blocks": 0,                                                                                               
                   "Local Hit Blocks": 0,                                                                                                    
                   "Local Read Blocks": 0,                                                                                                   
                   "Local Dirtied Blocks": 0,                                                                                                
                   "Local Written Blocks": 0,                                                                                                
                   "Temp Read Blocks": 0,                                                                                                    
                   "Temp Written Blocks": 0,                                                                                                 
                   "Plans": [                                                                                                                
                     {                                                                                                                       
                       "Node Type": "Nested Loop",                                                                                           
                       "Parent Relationship": "Outer",                                                                                       
                       "Parallel Aware": false,                                                                                              
                       "Join Type": "Inner",                                                                                                 
                       "Startup Cost": 0.07,                                                                                                 
                       "Total Cost": 648.42,                                                                                                 
                       "Plan Rows": 2,                                                                                                       
                       "Plan Width": 33,                                                                                                     
                       "Actual Startup Time": 832.221,                                                                                       
                       "Actual Total Time": 1277238.364,                                                                                     
                       "Actual Rows": 17537,                                                                                                 
                       "Actual Loops": 1,                                                                                                    
                       "Inner Unique": true,                                                                                                 
                       "Shared Hit Blocks": 2956027,                                                                                         
                       "Shared Read Blocks": 270909,                                                                                         
                       "Shared Dirtied Blocks": 0,                                                                                           
                       "Shared Written Blocks": 0,                                                                                           
                       "Local Hit Blocks": 0,                                                                                                
                       "Local Read Blocks": 0,                                                                                               
                       "Local Dirtied Blocks": 0,                                                                                            
                       "Local Written Blocks": 0,                                                                                            
                       "Temp Read Blocks": 0,                                                                                                
                       "Temp Written Blocks": 0,                                                                                             
                       "Plans": [                                                                                                            
                         {                                                                                                                   
                           "Node Type": "Nested Loop",                                                                                       
                           "Parent Relationship": "Outer",                                                                                   
                           "Parallel Aware": false,                                                                                          
                           "Join Type": "Inner",                                                                                             
                           "Startup Cost": 0.06,                                                                                             
                           "Total Cost": 647.67,                                                                                             
                           "Plan Rows": 4,                                                                                                   
                           "Plan Width": 22,                                                                                                 
                           "Actual Startup Time": 808.156,                                                                                   
                           "Actual Total Time": 1151768.345,                                                                                 
                           "Actual Rows": 30276,                                                                                             
                           "Actual Loops": 1,                                                                                                
                           "Inner Unique": false,                                                                                            
                           "Join Filter": "(mi_idx.movie_id = ci.movie_id)",                                                                 
                           "Rows Removed by Join Filter": 0,                                                                                 
                           "Shared Hit Blocks": 2851468,                                                                                     
                           "Shared Read Blocks": 254156,                                                                                     
                           "Shared Dirtied Blocks": 0,                                                                                       
                           "Shared Written Blocks": 0,                                                                                       
                           "Local Hit Blocks": 0,                                                                                            
                           "Local Read Blocks": 0,                                                                                           
                           "Local Dirtied Blocks": 0,                                                                                        
                           "Local Written Blocks": 0,                                                                                        
                           "Temp Read Blocks": 0,                                                                                            
                           "Temp Written Blocks": 0,                                                                                         
                           "Plans": [                                                                                                        
                             {                                                                                                               
                               "Node Type": "Nested Loop",                                                                                   
                               "Parent Relationship": "Outer",                                                                               
                               "Parallel Aware": false,                                                                                      
                               "Join Type": "Inner",                                                                                         
                               "Startup Cost": 0.04,                                                                                         
                               "Total Cost": 646.61,                                                                                         
                               "Plan Rows": 4,                                                                                               
                               "Plan Width": 14,                                                                                             
                               "Actual Startup Time": 119.764,                                                                               
                               "Actual Total Time": 33111.205,                                                                               
                               "Actual Rows": 50760,                                                                                         
                               "Actual Loops": 1,                                                                                            
                               "Inner Unique": true,                                                                                         
                               "Join Filter": "(mi_idx.info_type_id = it.id)",                                                              
                               "Rows Removed by Join Filter": 101960,                                                                        
                               "Shared Hit Blocks": 250671,                                                                                  
                               "Shared Read Blocks": 29549,                                                                                  
                               "Shared Dirtied Blocks": 0,                                                                                   
                               "Shared Written Blocks": 0,                                                                                   
                               "Local Hit Blocks": 0,                                                                                        
                               "Local Read Blocks": 0,                                                                                       
                               "Local Dirtied Blocks": 0,                                                                                    
                               "Local Written Blocks": 0,                                                                                    
                               "Temp Read Blocks": 0,                                                                                        
                               "Temp Written Blocks": 0,                                                                                     
                               "Plans": [                                                                                                    
                                 {                                                                                                           
                                   "Node Type": "Nested Loop",                                                                               
                                   "Parent Relationship": "Outer",                                                                           
                                   "Parallel Aware": false,                                                                                  
                                   "Join Type": "Inner",                                                                                     
                                   "Startup Cost": 0.04,                                                                                     
                                   "Total Cost": 646.45,                                                                                     
                                   "Plan Rows": 508,                                                                                         
                                   "Plan Width": 18,                                                                                         
                                   "Actual Startup Time": 112.700,                                                                           
                                   "Actual Total Time": 32797.809,                                                                           
                                   "Actual Rows": 152720,                                                                                    
                                   "Actual Loops": 1,                                                                                        
                                   "Inner Unique": false,                                                                                    
                                   "Shared Hit Blocks": 250671,                                                                              
                                   "Shared Read Blocks": 29548,                                                                              
                                   "Shared Dirtied Blocks": 0,                                                                               
                                   "Shared Written Blocks": 0,                                                                               
                                   "Local Hit Blocks": 0,                                                                                    
                                   "Local Read Blocks": 0,                                                                                   
                                   "Local Dirtied Blocks": 0,                                                                                
                                   "Local Written Blocks": 0,                                                                                
                                   "Temp Read Blocks": 0,                                                                                    
                                   "Temp Written Blocks": 0,                                                                                 
                                   "Plans": [                                                                                                
                                     {                                                                                                       
                                       "Node Type": "Nested Loop",                                                                           
                                       "Parent Relationship": "Outer",                                                                       
                                       "Parallel Aware": false,                                                                              
                                       "Join Type": "Inner",                                                                                 
                                       "Startup Cost": 0.03,                                                                                 
                                       "Total Cost": 642.68,                                                                                 
                                       "Plan Rows": 169,                                                                                     
                                       "Plan Width": 4,                                                                                      
                                       "Actual Startup Time": 76.460,                                                                        
                                       "Actual Total Time": 16021.244,                                                                       
                                       "Actual Rows": 62096,                                                                                 
                                       "Actual Loops": 1,                                                                                    
                                       "Inner Unique": false,                                                                                
                                       "Shared Hit Blocks": 21669,                                                                           
                                       "Shared Read Blocks": 19871,                                                                          
                                       "Shared Dirtied Blocks": 0,                                                                           
                                       "Shared Written Blocks": 0,                                                                           
                                       "Local Hit Blocks": 0,                                                                                
                                       "Local Read Blocks": 0,                                                                               
                                       "Local Dirtied Blocks": 0,                                                                            
                                       "Local Written Blocks": 0,                                                                            
                                       "Temp Read Blocks": 0,                                                                                
                                       "Temp Written Blocks": 0,                                                                             
                                       "Plans": [                                                                                            
                                         {                                                                                                   
                                           "Node Type": "Index Scan",                                                                        
                                           "Parent Relationship": "Outer",                                                                   
                                           "Parallel Aware": false,                                                                          
                                           "Scan Direction": "Forward",                                                                      
                                           "Index Name": "keyword_idx_keyword",                                                              
                                           "Relation Name": "keyword",                                                                       
                                           "Alias": "k",                                                                                     
                                           "Startup Cost": 0.01,                                                                             
                                           "Total Cost": 30.66,                                                                              
                                           "Plan Rows": 5,                                                                                   
                                           "Plan Width": 4,                                                                                  
                                           "Actual Startup Time": 31.472,                                                                    
                                           "Actual Total Time": 177.527,                                                                     
                                           "Actual Rows": 5,                                                                                 
                                           "Actual Loops": 1,                                                                                
                                           "Index Cond": "(keyword = ANY ('{murder,blood,gore,death,female-nudity}'::text[]))",              
                                           "Rows Removed by Index Recheck": 0,                                                               
                                           "Shared Hit Blocks": 10,                                                                          
                                           "Shared Read Blocks": 13,                                                                         
                                           "Shared Dirtied Blocks": 0,                                                                       
                                           "Shared Written Blocks": 0,                                                                       
                                           "Local Hit Blocks": 0,                                                                            
                                           "Local Read Blocks": 0,                                                                           
                                           "Local Dirtied Blocks": 0,                                                                        
                                           "Local Written Blocks": 0,                                                                        
                                           "Temp Read Blocks": 0,                                                                            
                                           "Temp Written Blocks": 0                                                                          
                                         },                                                                                                  
                                         {                                                                                                   
                                           "Node Type": "Index Scan",                                                                        
                                           "Parent Relationship": "Inner",                                                                   
                                           "Parallel Aware": false,                                                                          
                                           "Scan Direction": "Forward",                                                                      
                                           "Index Name": "keyword_id_movie_keyword",                                                         
                                           "Relation Name": "movie_keyword",                                                                 
                                           "Alias": "mk",                                                                                    
                                           "Startup Cost": 0.01,                                                                             
                                           "Total Cost": 122.40,                                                                             
                                           "Plan Rows": 39,                                                                                  
                                           "Plan Width": 8,                                                                                  
                                           "Actual Startup Time": 25.480,                                                                    
                                           "Actual Total Time": 3156.755,                                                                    
                                           "Actual Rows": 12419,                                                                             
                                           "Actual Loops": 5,                                                                                
                                           "Index Cond": "(keyword_id = k.id)",                                                              
                                           "Rows Removed by Index Recheck": 0,                                                               
                                           "Shared Hit Blocks": 21659,                                                                       
                                           "Shared Read Blocks": 19858,                                                                      
                                           "Shared Dirtied Blocks": 0,                                                                       
                                           "Shared Written Blocks": 0,                                                                       
                                           "Local Hit Blocks": 0,                                                                            
                                           "Local Read Blocks": 0,                                                                           
                                           "Local Dirtied Blocks": 0,                                                                        
                                           "Local Written Blocks": 0,                                                                        
                                           "Temp Read Blocks": 0,                                                                            
                                           "Temp Written Blocks": 0                                                                          
                                         }                                                                                                   
                                       ]                                                                                                     
                                     },                                                                                                      
                                     {                                                                                                       
                                       "Node Type": "Index Scan",                                                                            
                                       "Parent Relationship": "Inner",                                                                       
                                       "Parallel Aware": false,                                                                              
                                       "Scan Direction": "Forward",                                                                          
                                       "Index Name": "movie_id_movie_info_idx",                                                              
                                       "Relation Name": "movie_info_idx",                                                                    
                                       "Alias": "mi_idx",                                                                                    
                                       "Startup Cost": 0.01,                                                                                 
                                       "Total Cost": 0.02,                                                                                   
                                       "Plan Rows": 3,                                                                                       
                                       "Plan Width": 14,                                                                                     
                                       "Actual Startup Time": 0.258,                                                                         
                                       "Actual Total Time": 0.265,                                                                           
                                       "Actual Rows": 2,                                                                                     
                                       "Actual Loops": 62096,                                                                                
                                       "Index Cond": "(movie_id = mk.movie_id)",                                                             
                                       "Rows Removed by Index Recheck": 0,                                                                   
                                       "Shared Hit Blocks": 229002,                                                                          
                                       "Shared Read Blocks": 9677,                                                                           
                                       "Shared Dirtied Blocks": 0,                                                                           
                                       "Shared Written Blocks": 0,                                                                           
                                       "Local Hit Blocks": 0,                                                                                
                                       "Local Read Blocks": 0,                                                                               
                                       "Local Dirtied Blocks": 0,                                                                            
                                       "Local Written Blocks": 0,                                                                            
                                       "Temp Read Blocks": 0,                                                                                
                                       "Temp Written Blocks": 0                                                                              
                                     }                                                                                                       
                                   ]                                                                                                         
                                 },                                                                                                          
                                 {                                                                                                           
                                   "Node Type": "Materialize",                                                                               
                                   "Parent Relationship": "Inner",                                                                           
                                   "Parallel Aware": false,                                                                                  
                                   "Startup Cost": 0.00,                                                                                     
                                   "Total Cost": 0.05,                                                                                       
                                   "Plan Rows": 1,                                                                                           
                                   "Plan Width": 4,                                                                                          
                                   "Actual Startup Time": 0.000,                                                                             
                                   "Actual Total Time": 0.001,                                                                               
                                   "Actual Rows": 1,                                                                                         
                                   "Actual Loops": 152720,                                                                                   
                                   "Shared Hit Blocks": 0,                                                                                   
                                   "Shared Read Blocks": 1,                                                                                  
                                   "Shared Dirtied Blocks": 0,                                                                               
                                   "Shared Written Blocks": 0,                                                                               
                                   "Local Hit Blocks": 0,                                                                                    
                                   "Local Read Blocks": 0,                                                                                   
                                   "Local Dirtied Blocks": 0,                                                                                
                                   "Local Written Blocks": 0,                                                                                
                                   "Temp Read Blocks": 0,                                                                                    
                                   "Temp Written Blocks": 0,                                                                                 
                                   "Plans": [                                                                                                
                                     {                                                                                                       
                                       "Node Type": "Seq Scan",                                                                              
                                       "Parent Relationship": "Outer",                                                                       
                                       "Parallel Aware": false,                                                                              
                                       "Relation Name": "info_type",                                                                         
                                       "Alias": "it",                                                                                       
                                       "Startup Cost": 0.00,                                                                                 
                                       "Total Cost": 0.05,                                                                                   
                                       "Plan Rows": 1,                                                                                       
                                       "Plan Width": 4,                                                                                      
                                       "Actual Startup Time": 7.027,                                                                         
                                       "Actual Total Time": 7.034,                                                                           
                                       "Actual Rows": 1,                                                                                     
                                       "Actual Loops": 1,                                                                                    
                                       "Filter": "((info)::text = 'votes'::text)",                                                           
                                       "Rows Removed by Filter": 112,                                                                        
                                       "Shared Hit Blocks": 0,                                                                               
                                       "Shared Read Blocks": 1,                                                                              
                                       "Shared Dirtied Blocks": 0,                                                                           
                                       "Shared Written Blocks": 0,                                                                           
                                       "Local Hit Blocks": 0,                                                                                
                                       "Local Read Blocks": 0,                                                                               
                                       "Local Dirtied Blocks": 0,                                                                            
                                       "Local Written Blocks": 0,                                                                            
                                       "Temp Read Blocks": 0,                                                                                
                                       "Temp Written Blocks": 0                                                                              
                                     }                                                                                                       
                                   ]                                                                                                         
                                 }                                                                                                           
                               ]                                                                                                             
                             },                                                                                                              
                             {                                                                                                               
                               "Node Type": "Index Scan",                                                                                    
                               "Parent Relationship": "Inner",                                                                               
                               "Parallel Aware": false,                                                                                      
                               "Scan Direction": "Forward",                                                                                  
                               "Index Name": "movie_id_cast_info",                                                                           
                               "Relation Name": "cast_info",                                                                                 
                               "Alias": "ci",                                                                                                
                               "Startup Cost": 0.02,                                                                                         
                               "Total Cost": 0.26,                                                                                           
                               "Plan Rows": 1,                                                                                               
                               "Plan Width": 8,                                                                                              
                               "Actual Startup Time": 18.799,                                                                                
                               "Actual Total Time": 22.035,                                                                                  
                               "Actual Rows": 1,                                                                                             
                               "Actual Loops": 50760,                                                                                        
                               "Index Cond": "(movie_id = mk.movie_id)",                                                                     
                               "Rows Removed by Index Recheck": 0,                                                                           
                               "Filter": "(note = ANY ('{(writer),\"(head writer)\",\"(written by)\",(story),\"(story editor)\"}'::text[]))",
                               "Rows Removed by Filter": 52,                                                                                 
                               "Shared Hit Blocks": 2600797,                                                                                 
                               "Shared Read Blocks": 224607,                                                                                 
                               "Shared Dirtied Blocks": 0,                                                                                   
                               "Shared Written Blocks": 0,                                                                                   
                               "Local Hit Blocks": 0,                                                                                        
                               "Local Read Blocks": 0,                                                                                       
                               "Local Dirtied Blocks": 0,                                                                                    
                               "Local Written Blocks": 0,                                                                                    
                               "Temp Read Blocks": 0,                                                                                        
                               "Temp Written Blocks": 0                                                                                      
                             }                                                                                                               
                           ]                                                                                                                 
                         },                                                                                                                  
                         {                                                                                                                   
                           "Node Type": "Index Scan",                                                                                        
                           "Parent Relationship": "Inner",                                                                                   
                           "Parallel Aware": false,                                                                                          
                           "Scan Direction": "Forward",                                                                                      
                           "Index Name": "name_pkey",                                                                                        
                           "Relation Name": "name",                                                                                          
                           "Alias": "n",                                                                                                     
                           "Startup Cost": 0.01,                                                                                             
                           "Total Cost": 0.19,                                                                                               
                           "Plan Rows": 1,                                                                                                   
                           "Plan Width": 19,                                                                                                 
                           "Actual Startup Time": 4.140,                                                                                     
                           "Actual Total Time": 4.140,                                                                                       
                           "Actual Rows": 1,                                                                                                 
                           "Actual Loops": 30276,                                                                                            
                           "Index Cond": "(id = ci.person_id)",                                                                              
                           "Rows Removed by Index Recheck": 0,                                                                               
                           "Filter": "((gender)::text = 'm'::text)",                                                                         
                           "Rows Removed by Filter": 0,                                                                                      
                           "Shared Hit Blocks": 104559,                                                                                      
                           "Shared Read Blocks": 16753,                                                                                      
                           "Shared Dirtied Blocks": 0,                                                                                       
                           "Shared Written Blocks": 0,                                                                                       
                           "Local Hit Blocks": 0,                                                                                            
                           "Local Read Blocks": 0,                                                                                           
                           "Local Dirtied Blocks": 0,                                                                                        
                           "Local Written Blocks": 0,                                                                                        
                           "Temp Read Blocks": 0,                                                                                            
                           "Temp Written Blocks": 0                                                                                          
                         }                                                                                                                   
                       ]                                                                                                                     
                     },                                                                                                                      
                     {                                                                                                                       
                       "Node Type": "Index Scan",                                                                                            
                       "Parent Relationship": "Inner",                                                                                       
                       "Parallel Aware": false,                                                                                              
                       "Scan Direction": "Forward",                                                                                          
                       "Index Name": "movie_id_movie_info",                                                                                  
                       "Relation Name": "movie_info",                                                                                        
                       "Alias": "mi",                                                                                                        
                       "Startup Cost": 0.01,                                                                                                 
                       "Total Cost": 0.15,                                                                                                   
                       "Plan Rows": 1,                                                                                                       
                       "Plan Width": 50,                                                                                                     
                       "Actual Startup Time": 13.580,                                                                                        
                       "Actual Total Time": 13.657,                                                                                          
                       "Actual Rows": 0,                                                                                                     
                       "Actual Loops": 17537,                                                                                                
                       "Index Cond": "(movie_id = mk.movie_id)",                                                                             
                       "Rows Removed by Index Recheck": 0,                                                                                   
                       "Filter": "(info = 'Horror'::text)",                                                                                  
                       "Rows Removed by Filter": 86,                                                                                         
                       "Shared Hit Blocks": 259552,                                                                                          
                       "Shared Read Blocks": 73703,                                                                                          
                       "Shared Dirtied Blocks": 0,                                                                                           
                       "Shared Written Blocks": 0,                                                                                           
                       "Local Hit Blocks": 0,                                                                                                
                       "Local Read Blocks": 0,                                                                                               
                       "Local Dirtied Blocks": 0,                                                                                            
                       "Local Written Blocks": 0,                                                                                            
                       "Temp Read Blocks": 0,                                                                                                
                       "Temp Written Blocks": 0                                                                                              
                     }                                                                                                                       
                   ]                                                                                                                         
                 },                                                                                                                          
                 {                                                                                                                           
                   "Node Type": "Materialize",                                                                                               
                   "Parent Relationship": "Inner",                                                                                           
                   "Parallel Aware": false,                                                                                                  
                   "Startup Cost": 0.00,                                                                                                     
                   "Total Cost": 0.05,                                                                                                       
                   "Plan Rows": 1,                                                                                                           
                   "Plan Width": 4,                                                                                                          
                   "Actual Startup Time": 0.000,                                                                                             
                   "Actual Total Time": 0.001,                                                                                               
                   "Actual Rows": 1,                                                                                                         
                   "Actual Loops": 4913,                                                                                                     
                   "Shared Hit Blocks": 1,                                                                                                   
                   "Shared Read Blocks": 0,                                                                                                  
                   "Shared Dirtied Blocks": 0,                                                                                               
                   "Shared Written Blocks": 0,                                                                                               
                   "Local Hit Blocks": 0,                                                                                                    
                   "Local Read Blocks": 0,                                                                                                   
                   "Local Dirtied Blocks": 0,                                                                                                
                   "Local Written Blocks": 0,                                                                                                
                   "Temp Read Blocks": 0,                                                                                                    
                   "Temp Written Blocks": 0,                                                                                                 
                   "Plans": [                                                                                                                
                     {                                                                                                                       
                       "Node Type": "Seq Scan",                                                                                              
                       "Parent Relationship": "Outer",                                                                                       
                       "Parallel Aware": false,                                                                                              
                       "Relation Name": "info_type",                                                                                         
                       "Alias": "it",                                                                                                       
                       "Startup Cost": 0.00,                                                                                                 
                       "Total Cost": 0.05,                                                                                                   
                       "Plan Rows": 1,                                                                                                       
                       "Plan Width": 4,                                                                                                      
                       "Actual Startup Time": 0.027,                                                                                         
                       "Actual Total Time": 0.072,                                                                                           
                       "Actual Rows": 1,                                                                                                     
                       "Actual Loops": 1,                                                                                                    
                       "Filter": "((info)::text = 'genres'::text)",                                                                          
                       "Rows Removed by Filter": 112,                                                                                        
                       "Shared Hit Blocks": 1,                                                                                               
                       "Shared Read Blocks": 0,                                                                                              
                       "Shared Dirtied Blocks": 0,                                                                                           
                       "Shared Written Blocks": 0,                                                                                           
                       "Local Hit Blocks": 0,                                                                                                
                       "Local Read Blocks": 0,                                                                                               
                       "Local Dirtied Blocks": 0,                                                                                            
                       "Local Written Blocks": 0,                                                                                            
                       "Temp Read Blocks": 0,                                                                                                
                       "Temp Written Blocks": 0                                                                                              
                     }                                                                                                                       
                   ]                                                                                                                         
                 }                                                                                                                           
               ]                                                                                                                             
             },                                                                                                                              
             {                                                                                                                               
               "Node Type": "Index Scan",                                                                                                    
               "Parent Relationship": "Inner",                                                                                               
               "Parallel Aware": false,                                                                                                      
               "Scan Direction": "Forward",                                                                                                  
               "Index Name": "title_idx_id",                                                                                                 
               "Relation Name": "title",                                                                                                     
               "Alias": "t",                                                                                                                 
               "Startup Cost": 0.01,                                                                                                         
               "Total Cost": 0.04,                                                                                                           
               "Plan Rows": 1,                                                                                                               
               "Plan Width": 21,                                                                                                             
               "Actual Startup Time": 7.048,                                                                                                 
               "Actual Total Time": 7.048,                                                                                                   
               "Actual Rows": 0,                                                                                                             
               "Actual Loops": 4407,                                                                                                         
               "Index Cond": "(id = mk.movie_id)",                                                                                           
               "Rows Removed by Index Recheck": 0,                                                                                           
               "Filter": "((production_year > 2010) AND (title ~~ 'Vampire%'::text))",                                                       
               "Rows Removed by Filter": 1,                                                                                                  
               "Shared Hit Blocks": 15093,                                                                                                   
               "Shared Read Blocks": 2541,                                                                                                   
               "Shared Dirtied Blocks": 0,                                                                                                   
               "Shared Written Blocks": 0,                                                                                                   
               "Local Hit Blocks": 0,                                                                                                        
               "Local Read Blocks": 0,                                                                                                       
               "Local Dirtied Blocks": 0,                                                                                                    
               "Local Written Blocks": 0,                                                                                                    
               "Temp Read Blocks": 0,                                                                                                        
               "Temp Written Blocks": 0                                                                                                      
             }                                                                                                                               
           ]                                                                                                                                 
         }                                                                                                                                   
       ]                                                                                                                                     
     },                                                                                                                                      
     "Planning Time": 7247.337,                                                                                                              
     "Triggers": [                                                                                                                           
     ],                                                                                                                                      
     "Execution Time": 1547919.189                                                                                                           
   }                                                                                                                                         
 ]
