 [                                                                                                                                               
   {                                                                                                                                             
     "Plan": {                                                                                                                                   
       "Node Type": "Aggregate",                                                                                                                 
       "Strategy": "Plain",                                                                                                                      
       "Partial Mode": "Simple",                                                                                                                 
       "Parallel Aware": false,                                                                                                                  
       "Startup Cost": 905.14,                                                                                                                   
       "Total Cost": 905.14,                                                                                                                     
       "Plan Rows": 1,                                                                                                                           
       "Plan Width": 128,                                                                                                                        
       "Actual Startup Time": 1659010.540,                                                                                                       
       "Actual Total Time": 1659010.540,                                                                                                         
       "Actual Rows": 1,                                                                                                                         
       "Actual Loops": 1,                                                                                                                        
       "Shared Hit Blocks": 4325782,                                                                                                             
       "Shared Read Blocks": 369577,                                                                                                             
       "Shared Dirtied Blocks": 0,                                                                                                               
       "Shared Written Blocks": 0,                                                                                                               
       "Local Hit Blocks": 0,                                                                                                                    
       "Local Read Blocks": 0,                                                                                                                   
       "Local Dirtied Blocks": 0,                                                                                                                
       "Local Written Blocks": 0,                                                                                                                
       "Temp Read Blocks": 0,                                                                                                                    
       "Temp Written Blocks": 0,                                                                                                                 
       "Plans": [                                                                                                                                
         {                                                                                                                                       
           "Node Type": "Nested Loop",                                                                                                           
           "Parent Relationship": "Outer",                                                                                                       
           "Parallel Aware": false,                                                                                                              
           "Join Type": "Inner",                                                                                                                 
           "Startup Cost": 0.10,                                                                                                                 
           "Total Cost": 905.14,                                                                                                                 
           "Plan Rows": 1,                                                                                                                       
           "Plan Width": 80,                                                                                                                     
           "Actual Startup Time": 958.528,                                                                                                       
           "Actual Total Time": 1658897.715,                                                                                                     
           "Actual Rows": 26153,                                                                                                                 
           "Actual Loops": 1,                                                                                                                    
           "Inner Unique": true,                                                                                                                 
           "Join Filter": "(mi.info_type_id = it.id)",                                                                                          
           "Rows Removed by Join Filter": 2862,                                                                                                  
           "Shared Hit Blocks": 4325782,                                                                                                         
           "Shared Read Blocks": 369577,                                                                                                         
           "Shared Dirtied Blocks": 0,                                                                                                           
           "Shared Written Blocks": 0,                                                                                                           
           "Local Hit Blocks": 0,                                                                                                                
           "Local Read Blocks": 0,                                                                                                               
           "Local Dirtied Blocks": 0,                                                                                                            
           "Local Written Blocks": 0,                                                                                                            
           "Temp Read Blocks": 0,                                                                                                                
           "Temp Written Blocks": 0,                                                                                                             
           "Plans": [                                                                                                                            
             {                                                                                                                                   
               "Node Type": "Nested Loop",                                                                                                       
               "Parent Relationship": "Outer",                                                                                                   
               "Parallel Aware": false,                                                                                                          
               "Join Type": "Inner",                                                                                                             
               "Startup Cost": 0.10,                                                                                                             
               "Total Cost": 905.09,                                                                                                             
               "Plan Rows": 1,                                                                                                                   
               "Plan Width": 84,                                                                                                                 
               "Actual Startup Time": 958.474,                                                                                                   
               "Actual Total Time": 1658836.723,                                                                                                 
               "Actual Rows": 29015,                                                                                                             
               "Actual Loops": 1,                                                                                                                
               "Inner Unique": false,                                                                                                            
               "Join Filter": "(t.id = mi.movie_id)",                                                                                            
               "Rows Removed by Join Filter": 0,                                                                                                 
               "Shared Hit Blocks": 4325781,                                                                                                     
               "Shared Read Blocks": 369577,                                                                                                     
               "Shared Dirtied Blocks": 0,                                                                                                       
               "Shared Written Blocks": 0,                                                                                                       
               "Local Hit Blocks": 0,                                                                                                            
               "Local Read Blocks": 0,                                                                                                           
               "Local Dirtied Blocks": 0,                                                                                                        
               "Local Written Blocks": 0,                                                                                                        
               "Temp Read Blocks": 0,                                                                                                            
               "Temp Written Blocks": 0,                                                                                                         
               "Plans": [                                                                                                                        
                 {                                                                                                                               
                   "Node Type": "Nested Loop",                                                                                                   
                   "Parent Relationship": "Outer",                                                                                               
                   "Parallel Aware": false,                                                                                                      
                   "Join Type": "Inner",                                                                                                         
                   "Startup Cost": 0.08,                                                                                                         
                   "Total Cost": 904.78,                                                                                                         
                   "Plan Rows": 2,                                                                                                               
                   "Plan Width": 54,                                                                                                             
                   "Actual Startup Time": 869.911,                                                                                               
                   "Actual Total Time": 1389793.810,                                                                                             
                   "Actual Rows": 22670,                                                                                                         
                   "Actual Loops": 1,                                                                                                            
                   "Inner Unique": true,                                                                                                         
                   "Join Filter": "(mi_idx.movie_id = t.id)",                                                                                    
                   "Rows Removed by Join Filter": 0,                                                                                             
                   "Shared Hit Blocks": 3969133,                                                                                                 
                   "Shared Read Blocks": 289687,                                                                                                 
                   "Shared Dirtied Blocks": 0,                                                                                                   
                   "Shared Written Blocks": 0,                                                                                                   
                   "Local Hit Blocks": 0,                                                                                                        
                   "Local Read Blocks": 0,                                                                                                       
                   "Local Dirtied Blocks": 0,                                                                                                    
                   "Local Written Blocks": 0,                                                                                                    
                   "Temp Read Blocks": 0,                                                                                                        
                   "Temp Written Blocks": 0,                                                                                                     
                   "Plans": [                                                                                                                    
                     {                                                                                                                           
                       "Node Type": "Nested Loop",                                                                                               
                       "Parent Relationship": "Outer",                                                                                           
                       "Parallel Aware": false,                                                                                                  
                       "Join Type": "Inner",                                                                                                     
                       "Startup Cost": 0.07,                                                                                                     
                       "Total Cost": 904.69,                                                                                                     
                       "Plan Rows": 2,                                                                                                           
                       "Plan Width": 33,                                                                                                         
                       "Actual Startup Time": 815.556,                                                                                           
                       "Actual Total Time": 1323947.370,                                                                                         
                       "Actual Rows": 22670,                                                                                                     
                       "Actual Loops": 1,                                                                                                        
                       "Inner Unique": true,                                                                                                     
                       "Shared Hit Blocks": 3888537,                                                                                             
                       "Shared Read Blocks": 279568,                                                                                             
                       "Shared Dirtied Blocks": 0,                                                                                               
                       "Shared Written Blocks": 0,                                                                                               
                       "Local Hit Blocks": 0,                                                                                                    
                       "Local Read Blocks": 0,                                                                                                   
                       "Local Dirtied Blocks": 0,                                                                                                
                       "Local Written Blocks": 0,                                                                                                
                       "Temp Read Blocks": 0,                                                                                                    
                       "Temp Written Blocks": 0,                                                                                                 
                       "Plans": [                                                                                                                
                         {                                                                                                                       
                           "Node Type": "Nested Loop",                                                                                           
                           "Parent Relationship": "Outer",                                                                                       
                           "Parallel Aware": false,                                                                                              
                           "Join Type": "Inner",                                                                                                 
                           "Startup Cost": 0.06,                                                                                                 
                           "Total Cost": 903.75,                                                                                                 
                           "Plan Rows": 5,                                                                                                       
                           "Plan Width": 22,                                                                                                     
                           "Actual Startup Time": 791.493,                                                                                       
                           "Actual Total Time": 1185023.119,                                                                                     
                           "Actual Rows": 38991,                                                                                                 
                           "Actual Loops": 1,                                                                                                    
                           "Inner Unique": false,                                                                                                
                           "Join Filter": "(mi_idx.movie_id = ci.movie_id)",                                                                     
                           "Rows Removed by Join Filter": 0,                                                                                     
                           "Shared Hit Blocks": 3750412,                                                                                         
                           "Shared Read Blocks": 261491,                                                                                         
                           "Shared Dirtied Blocks": 0,                                                                                           
                           "Shared Written Blocks": 0,                                                                                           
                           "Local Hit Blocks": 0,                                                                                                
                           "Local Read Blocks": 0,                                                                                               
                           "Local Dirtied Blocks": 0,                                                                                            
                           "Local Written Blocks": 0,                                                                                            
                           "Temp Read Blocks": 0,                                                                                                
                           "Temp Written Blocks": 0,                                                                                             
                           "Plans": [                                                                                                            
                             {                                                                                                                   
                               "Node Type": "Nested Loop",                                                                                       
                               "Parent Relationship": "Outer",                                                                                   
                               "Parallel Aware": false,                                                                                          
                               "Join Type": "Inner",                                                                                             
                               "Startup Cost": 0.04,                                                                                             
                               "Total Cost": 902.17,                                                                                             
                               "Plan Rows": 6,                                                                                                   
                               "Plan Width": 14,                                                                                                 
                               "Actual Startup Time": 111.427,                                                                                   
                               "Actual Total Time": 37288.794,                                                                                   
                               "Actual Rows": 63701,                                                                                             
                               "Actual Loops": 1,                                                                                                
                               "Inner Unique": true,                                                                                             
                               "Join Filter": "(mi_idx.info_type_id = it.id)",                                                                  
                               "Rows Removed by Join Filter": 127988,                                                                            
                               "Shared Hit Blocks": 318290,                                                                                      
                               "Shared Read Blocks": 31134,                                                                                      
                               "Shared Dirtied Blocks": 0,                                                                                       
                               "Shared Written Blocks": 0,                                                                                       
                               "Local Hit Blocks": 0,                                                                                            
                               "Local Read Blocks": 0,                                                                                           
                               "Local Dirtied Blocks": 0,                                                                                        
                               "Local Written Blocks": 0,                                                                                        
                               "Temp Read Blocks": 0,                                                                                            
                               "Temp Written Blocks": 0,                                                                                         
                               "Plans": [                                                                                                        
                                 {                                                                                                               
                                   "Node Type": "Nested Loop",                                                                                   
                                   "Parent Relationship": "Outer",                                                                               
                                   "Parallel Aware": false,                                                                                      
                                   "Join Type": "Inner",                                                                                         
                                   "Startup Cost": 0.04,                                                                                         
                                   "Total Cost": 901.96,                                                                                         
                                   "Plan Rows": 710,                                                                                             
                                   "Plan Width": 18,                                                                                             
                                   "Actual Startup Time": 104.381,                                                                               
                                   "Actual Total Time": 36914.845,                                                                               
                                   "Actual Rows": 191689,                                                                                        
                                   "Actual Loops": 1,                                                                                            
                                   "Inner Unique": false,                                                                                        
                                   "Shared Hit Blocks": 318290,                                                                                  
                                   "Shared Read Blocks": 31133,                                                                                  
                                   "Shared Dirtied Blocks": 0,                                                                                   
                                   "Shared Written Blocks": 0,                                                                                   
                                   "Local Hit Blocks": 0,                                                                                        
                                   "Local Read Blocks": 0,                                                                                       
                                   "Local Dirtied Blocks": 0,                                                                                    
                                   "Local Written Blocks": 0,                                                                                    
                                   "Temp Read Blocks": 0,                                                                                        
                                   "Temp Written Blocks": 0,                                                                                     
                                   "Plans": [                                                                                                    
                                     {                                                                                                           
                                       "Node Type": "Nested Loop",                                                                               
                                       "Parent Relationship": "Outer",                                                                           
                                       "Parallel Aware": false,                                                                                  
                                       "Join Type": "Inner",                                                                                     
                                       "Startup Cost": 0.03,                                                                                     
                                       "Total Cost": 896.69,                                                                                     
                                       "Plan Rows": 236,                                                                                         
                                       "Plan Width": 4,                                                                                          
                                       "Actual Startup Time": 68.139,                                                                            
                                       "Actual Total Time": 17232.697,                                                                           
                                       "Actual Rows": 76714,                                                                                     
                                       "Actual Loops": 1,                                                                                        
                                       "Inner Unique": false,                                                                                    
                                       "Shared Hit Blocks": 32396,                                                                               
                                       "Shared Read Blocks": 21102,                                                                              
                                       "Shared Dirtied Blocks": 0,                                                                               
                                       "Shared Written Blocks": 0,                                                                               
                                       "Local Hit Blocks": 0,                                                                                    
                                       "Local Read Blocks": 0,                                                                                   
                                       "Local Dirtied Blocks": 0,                                                                                
                                       "Local Written Blocks": 0,                                                                                
                                       "Temp Read Blocks": 0,                                                                                    
                                       "Temp Written Blocks": 0,                                                                                 
                                       "Plans": [                                                                                                
                                         {                                                                                                       
                                           "Node Type": "Index Scan",                                                                            
                                           "Parent Relationship": "Outer",                                                                       
                                           "Parallel Aware": false,                                                                              
                                           "Scan Direction": "Forward",                                                                          
                                           "Index Name": "keyword_idx_keyword",                                                                  
                                           "Relation Name": "keyword",                                                                           
                                           "Alias": "k",                                                                                         
                                           "Startup Cost": 0.01,                                                                                 
                                           "Total Cost": 42.93,                                                                                  
                                           "Plan Rows": 7,                                                                                       
                                           "Plan Width": 4,                                                                                      
                                           "Actual Startup Time": 23.153,                                                                        
                                           "Actual Total Time": 225.281,                                                                         
                                           "Actual Rows": 7,                                                                                     
                                           "Actual Loops": 1,                                                                                    
                                           "Index Cond": "(keyword = ANY ('{murder,violence,blood,gore,death,female-nudity,hospital}'::text[]))",
                                           "Rows Removed by Index Recheck": 0,                                                                   
                                           "Shared Hit Blocks": 14,                                                                              
                                           "Shared Read Blocks": 17,                                                                             
                                           "Shared Dirtied Blocks": 0,                                                                           
                                           "Shared Written Blocks": 0,                                                                           
                                           "Local Hit Blocks": 0,                                                                                
                                           "Local Read Blocks": 0,                                                                               
                                           "Local Dirtied Blocks": 0,                                                                            
                                           "Local Written Blocks": 0,                                                                            
                                           "Temp Read Blocks": 0,                                                                                
                                           "Temp Written Blocks": 0                                                                              
                                         },                                                                                                      
                                         {                                                                                                       
                                           "Node Type": "Index Scan",                                                                            
                                           "Parent Relationship": "Inner",                                                                       
                                           "Parallel Aware": false,                                                                              
                                           "Scan Direction": "Forward",                                                                          
                                           "Index Name": "keyword_id_movie_keyword",                                                             
                                           "Relation Name": "movie_keyword",                                                                     
                                           "Alias": "mk",                                                                                        
                                           "Startup Cost": 0.01,                                                                                 
                                           "Total Cost": 121.96,                                                                                 
                                           "Plan Rows": 39,                                                                                      
                                           "Plan Width": 8,                                                                                      
                                           "Actual Startup Time": 21.389,                                                                        
                                           "Actual Total Time": 2419.412,                                                                        
                                           "Actual Rows": 10959,                                                                                 
                                           "Actual Loops": 7,                                                                                    
                                           "Index Cond": "(keyword_id = k.id)",                                                                  
                                           "Rows Removed by Index Recheck": 0,                                                                   
                                           "Shared Hit Blocks": 32382,                                                                           
                                           "Shared Read Blocks": 21085,                                                                          
                                           "Shared Dirtied Blocks": 0,                                                                           
                                           "Shared Written Blocks": 0,                                                                           
                                           "Local Hit Blocks": 0,                                                                                
                                           "Local Read Blocks": 0,                                                                               
                                           "Local Dirtied Blocks": 0,                                                                            
                                           "Local Written Blocks": 0,                                                                            
                                           "Temp Read Blocks": 0,                                                                                
                                           "Temp Written Blocks": 0                                                                              
                                         }                                                                                                       
                                       ]                                                                                                         
                                     },                                                                                                          
                                     {                                                                                                           
                                       "Node Type": "Index Scan",                                                                                
                                       "Parent Relationship": "Inner",                                                                           
                                       "Parallel Aware": false,                                                                                  
                                       "Scan Direction": "Forward",                                                                              
                                       "Index Name": "movie_id_movie_info_idx",                                                                  
                                       "Relation Name": "movie_info_idx",                                                                        
                                       "Alias": "mi_idx",                                                                                        
                                       "Startup Cost": 0.01,                                                                                     
                                       "Total Cost": 0.02,                                                                                       
                                       "Plan Rows": 3,                                                                                           
                                       "Plan Width": 14,                                                                                         
                                       "Actual Startup Time": 0.246,                                                                             
                                       "Actual Total Time": 0.252,                                                                               
                                       "Actual Rows": 2,                                                                                         
                                       "Actual Loops": 76714,                                                                                    
                                       "Index Cond": "(movie_id = mk.movie_id)",                                                                 
                                       "Rows Removed by Index Recheck": 0,                                                                       
                                       "Shared Hit Blocks": 285894,                                                                              
                                       "Shared Read Blocks": 10031,                                                                              
                                       "Shared Dirtied Blocks": 0,                                                                               
                                       "Shared Written Blocks": 0,                                                                               
                                       "Local Hit Blocks": 0,                                                                                    
                                       "Local Read Blocks": 0,                                                                                   
                                       "Local Dirtied Blocks": 0,                                                                                
                                       "Local Written Blocks": 0,                                                                                
                                       "Temp Read Blocks": 0,                                                                                    
                                       "Temp Written Blocks": 0                                                                                  
                                     }                                                                                                           
                                   ]                                                                                                             
                                 },                                                                                                              
                                 {                                                                                                               
                                   "Node Type": "Materialize",                                                                                   
                                   "Parent Relationship": "Inner",                                                                               
                                   "Parallel Aware": false,                                                                                      
                                   "Startup Cost": 0.00,                                                                                         
                                   "Total Cost": 0.05,                                                                                           
                                   "Plan Rows": 1,                                                                                               
                                   "Plan Width": 4,                                                                                              
                                   "Actual Startup Time": 0.000,                                                                                 
                                   "Actual Total Time": 0.001,                                                                                   
                                   "Actual Rows": 1,                                                                                             
                                   "Actual Loops": 191689,                                                                                       
                                   "Shared Hit Blocks": 0,                                                                                       
                                   "Shared Read Blocks": 1,                                                                                      
                                   "Shared Dirtied Blocks": 0,                                                                                   
                                   "Shared Written Blocks": 0,                                                                                   
                                   "Local Hit Blocks": 0,                                                                                        
                                   "Local Read Blocks": 0,                                                                                       
                                   "Local Dirtied Blocks": 0,                                                                                    
                                   "Local Written Blocks": 0,                                                                                    
                                   "Temp Read Blocks": 0,                                                                                        
                                   "Temp Written Blocks": 0,                                                                                     
                                   "Plans": [                                                                                                    
                                     {                                                                                                           
                                       "Node Type": "Seq Scan",                                                                                  
                                       "Parent Relationship": "Outer",                                                                           
                                       "Parallel Aware": false,                                                                                  
                                       "Relation Name": "info_type",                                                                             
                                       "Alias": "it",                                                                                           
                                       "Startup Cost": 0.00,                                                                                     
                                       "Total Cost": 0.05,                                                                                       
                                       "Plan Rows": 1,                                                                                           
                                       "Plan Width": 4,                                                                                          
                                       "Actual Startup Time": 7.013,                                                                             
                                       "Actual Total Time": 7.019,                                                                               
                                       "Actual Rows": 1,                                                                                         
                                       "Actual Loops": 1,                                                                                        
                                       "Filter": "((info)::text = 'votes'::text)",                                                               
                                       "Rows Removed by Filter": 112,                                                                            
                                       "Shared Hit Blocks": 0,                                                                                   
                                       "Shared Read Blocks": 1,                                                                                  
                                       "Shared Dirtied Blocks": 0,                                                                               
                                       "Shared Written Blocks": 0,                                                                               
                                       "Local Hit Blocks": 0,                                                                                    
                                       "Local Read Blocks": 0,                                                                                   
                                       "Local Dirtied Blocks": 0,                                                                                
                                       "Local Written Blocks": 0,                                                                                
                                       "Temp Read Blocks": 0,                                                                                    
                                       "Temp Written Blocks": 0                                                                                  
                                     }                                                                                                           
                                   ]                                                                                                             
                                 }                                                                                                               
                               ]                                                                                                                 
                             },                                                                                                                  
                             {                                                                                                                   
                               "Node Type": "Index Scan",                                                                                        
                               "Parent Relationship": "Inner",                                                                                   
                               "Parallel Aware": false,                                                                                          
                               "Scan Direction": "Forward",                                                                                      
                               "Index Name": "movie_id_cast_info",                                                                               
                               "Relation Name": "cast_info",                                                                                     
                               "Alias": "ci",                                                                                                    
                               "Startup Cost": 0.02,                                                                                             
                               "Total Cost": 0.26,                                                                                               
                               "Plan Rows": 1,                                                                                                   
                               "Plan Width": 8,                                                                                                  
                               "Actual Startup Time": 15.308,                                                                                    
                               "Actual Total Time": 18.015,                                                                                      
                               "Actual Rows": 1,                                                                                                 
                               "Actual Loops": 63701,                                                                                            
                               "Index Cond": "(movie_id = mk.movie_id)",                                                                         
                               "Rows Removed by Index Recheck": 0,                                                                               
                               "Filter": "(note = ANY ('{(writer),\"(head writer)\",\"(written by)\",(story),\"(story editor)\"}'::text[]))",    
                               "Rows Removed by Filter": 54,                                                                                     
                               "Shared Hit Blocks": 3432122,                                                                                     
                               "Shared Read Blocks": 230357,                                                                                     
                               "Shared Dirtied Blocks": 0,                                                                                       
                               "Shared Written Blocks": 0,                                                                                       
                               "Local Hit Blocks": 0,                                                                                            
                               "Local Read Blocks": 0,                                                                                           
                               "Local Dirtied Blocks": 0,                                                                                        
                               "Local Written Blocks": 0,                                                                                        
                               "Temp Read Blocks": 0,                                                                                            
                               "Temp Written Blocks": 0                                                                                          
                             }                                                                                                                   
                           ]                                                                                                                     
                         },                                                                                                                      
                         {                                                                                                                       
                           "Node Type": "Index Scan",                                                                                            
                           "Parent Relationship": "Inner",                                                                                       
                           "Parallel Aware": false,                                                                                              
                           "Scan Direction": "Forward",                                                                                          
                           "Index Name": "name_pkey",                                                                                            
                           "Relation Name": "name",                                                                                              
                           "Alias": "n",                                                                                                         
                           "Startup Cost": 0.01,                                                                                                 
                           "Total Cost": 0.19,                                                                                                   
                           "Plan Rows": 1,                                                                                                       
                           "Plan Width": 19,                                                                                                     
                           "Actual Startup Time": 3.559,                                                                                         
                           "Actual Total Time": 3.559,                                                                                           
                           "Actual Rows": 1,                                                                                                     
                           "Actual Loops": 38991,                                                                                                
                           "Index Cond": "(id = ci.person_id)",                                                                                  
                           "Rows Removed by Index Recheck": 0,                                                                                   
                           "Filter": "((gender)::text = 'm'::text)",                                                                             
                           "Rows Removed by Filter": 0,                                                                                          
                           "Shared Hit Blocks": 138125,                                                                                          
                           "Shared Read Blocks": 18077,                                                                                          
                           "Shared Dirtied Blocks": 0,                                                                                           
                           "Shared Written Blocks": 0,                                                                                           
                           "Local Hit Blocks": 0,                                                                                                
                           "Local Read Blocks": 0,                                                                                               
                           "Local Dirtied Blocks": 0,                                                                                            
                           "Local Written Blocks": 0,                                                                                            
                           "Temp Read Blocks": 0,                                                                                                
                           "Temp Written Blocks": 0                                                                                              
                         }                                                                                                                       
                       ]                                                                                                                         
                     },                                                                                                                          
                     {                                                                                                                           
                       "Node Type": "Index Scan",                                                                                                
                       "Parent Relationship": "Inner",                                                                                           
                       "Parallel Aware": false,                                                                                                  
                       "Scan Direction": "Forward",                                                                                              
                       "Index Name": "title_idx_id",                                                                                             
                       "Relation Name": "title",                                                                                                 
                       "Alias": "t",                                                                                                             
                       "Startup Cost": 0.01,                                                                                                     
                       "Total Cost": 0.04,                                                                                                       
                       "Plan Rows": 1,                                                                                                           
                       "Plan Width": 21,                                                                                                         
                       "Actual Startup Time": 2.898,                                                                                             
                       "Actual Total Time": 2.898,                                                                                               
                       "Actual Rows": 1,                                                                                                         
                       "Actual Loops": 22670,                                                                                                    
                       "Index Cond": "(id = mk.movie_id)",                                                                                       
                       "Rows Removed by Index Recheck": 0,                                                                                       
                       "Shared Hit Blocks": 80596,                                                                                               
                       "Shared Read Blocks": 10119,                                                                                              
                       "Shared Dirtied Blocks": 0,                                                                                               
                       "Shared Written Blocks": 0,                                                                                               
                       "Local Hit Blocks": 0,                                                                                                    
                       "Local Read Blocks": 0,                                                                                                   
                       "Local Dirtied Blocks": 0,                                                                                                
                       "Local Written Blocks": 0,                                                                                                
                       "Temp Read Blocks": 0,                                                                                                    
                       "Temp Written Blocks": 0                                                                                                  
                     }                                                                                                                           
                   ]                                                                                                                             
                 },                                                                                                                              
                 {                                                                                                                               
                   "Node Type": "Index Scan",                                                                                                    
                   "Parent Relationship": "Inner",                                                                                               
                   "Parallel Aware": false,                                                                                                      
                   "Scan Direction": "Forward",                                                                                                  
                   "Index Name": "movie_id_movie_info",                                                                                          
                   "Relation Name": "movie_info",                                                                                                
                   "Alias": "mi",                                                                                                                
                   "Startup Cost": 0.01,                                                                                                         
                   "Total Cost": 0.15,                                                                                                           
                   "Plan Rows": 1,                                                                                                               
                   "Plan Width": 50,                                                                                                             
                   "Actual Startup Time": 11.607,                                                                                                
                   "Actual Total Time": 11.863,                                                                                                  
                   "Actual Rows": 1,                                                                                                             
                   "Actual Loops": 22670,                                                                                                        
                   "Index Cond": "(movie_id = mk.movie_id)",                                                                                     
                   "Rows Removed by Index Recheck": 0,                                                                                           
                   "Filter": "(info = ANY ('{Horror,Action,Sci-Fi,Thriller,Crime,War}'::text[]))",                                               
                   "Rows Removed by Filter": 88,                                                                                                 
                   "Shared Hit Blocks": 356648,                                                                                                  
                   "Shared Read Blocks": 79890,                                                                                                  
                   "Shared Dirtied Blocks": 0,                                                                                                   
                   "Shared Written Blocks": 0,                                                                                                   
                   "Local Hit Blocks": 0,                                                                                                        
                   "Local Read Blocks": 0,                                                                                                       
                   "Local Dirtied Blocks": 0,                                                                                                    
                   "Local Written Blocks": 0,                                                                                                    
                   "Temp Read Blocks": 0,                                                                                                        
                   "Temp Written Blocks": 0                                                                                                      
                 }                                                                                                                               
               ]                                                                                                                                 
             },                                                                                                                                  
             {                                                                                                                                   
               "Node Type": "Materialize",                                                                                                       
               "Parent Relationship": "Inner",                                                                                                   
               "Parallel Aware": false,                                                                                                          
               "Startup Cost": 0.00,                                                                                                             
               "Total Cost": 0.05,                                                                                                               
               "Plan Rows": 1,                                                                                                                   
               "Plan Width": 4,                                                                                                                  
               "Actual Startup Time": 0.000,                                                                                                     
               "Actual Total Time": 0.000,                                                                                                       
               "Actual Rows": 1,                                                                                                                 
               "Actual Loops": 29015,                                                                                                            
               "Shared Hit Blocks": 1,                                                                                                           
               "Shared Read Blocks": 0,                                                                                                          
               "Shared Dirtied Blocks": 0,                                                                                                       
               "Shared Written Blocks": 0,                                                                                                       
               "Local Hit Blocks": 0,                                                                                                            
               "Local Read Blocks": 0,                                                                                                           
               "Local Dirtied Blocks": 0,                                                                                                        
               "Local Written Blocks": 0,                                                                                                        
               "Temp Read Blocks": 0,                                                                                                            
               "Temp Written Blocks": 0,                                                                                                         
               "Plans": [                                                                                                                        
                 {                                                                                                                               
                   "Node Type": "Seq Scan",                                                                                                      
                   "Parent Relationship": "Outer",                                                                                               
                   "Parallel Aware": false,                                                                                                      
                   "Relation Name": "info_type",                                                                                                 
                   "Alias": "it",                                                                                                               
                   "Startup Cost": 0.00,                                                                                                         
                   "Total Cost": 0.05,                                                                                                           
                   "Plan Rows": 1,                                                                                                               
                   "Plan Width": 4,                                                                                                              
                   "Actual Startup Time": 0.024,                                                                                                 
                   "Actual Total Time": 0.083,                                                                                                   
                   "Actual Rows": 1,                                                                                                             
                   "Actual Loops": 1,                                                                                                            
                   "Filter": "((info)::text = 'genres'::text)",                                                                                  
                   "Rows Removed by Filter": 112,                                                                                                
                   "Shared Hit Blocks": 1,                                                                                                       
                   "Shared Read Blocks": 0,                                                                                                      
                   "Shared Dirtied Blocks": 0,                                                                                                   
                   "Shared Written Blocks": 0,                                                                                                   
                   "Local Hit Blocks": 0,                                                                                                        
                   "Local Read Blocks": 0,                                                                                                       
                   "Local Dirtied Blocks": 0,                                                                                                    
                   "Local Written Blocks": 0,                                                                                                    
                   "Temp Read Blocks": 0,                                                                                                        
                   "Temp Written Blocks": 0                                                                                                      
                 }                                                                                                                               
               ]                                                                                                                                 
             }                                                                                                                                   
           ]                                                                                                                                     
         }                                                                                                                                       
       ]                                                                                                                                         
     },                                                                                                                                          
     "Planning Time": 7073.354,                                                                                                                  
     "Triggers": [                                                                                                                               
     ],                                                                                                                                          
     "Execution Time": 1659040.600                                                                                                               
   }                                                                                                                                             
 ]
