 [                                                                                                                                                   
   {                                                                                                                                                 
     "Plan": {                                                                                                                                       
       "Node Type": "Aggregate",                                                                                                                     
       "Strategy": "Plain",                                                                                                                          
       "Partial Mode": "Simple",                                                                                                                     
       "Parallel Aware": false,                                                                                                                      
       "Startup Cost": 315.25,                                                                                                                       
       "Total Cost": 315.25,                                                                                                                         
       "Plan Rows": 1,                                                                                                                               
       "Plan Width": 96,                                                                                                                             
       "Actual Startup Time": 2497.527,                                                                                                              
       "Actual Total Time": 2497.527,                                                                                                                
       "Actual Rows": 1,                                                                                                                             
       "Actual Loops": 1,                                                                                                                            
       "Shared Hit Blocks": 234938,                                                                                                                  
       "Shared Read Blocks": 1455,                                                                                                                   
       "Shared Dirtied Blocks": 0,                                                                                                                   
       "Shared Written Blocks": 0,                                                                                                                   
       "Local Hit Blocks": 0,                                                                                                                        
       "Local Read Blocks": 0,                                                                                                                       
       "Local Dirtied Blocks": 0,                                                                                                                    
       "Local Written Blocks": 0,                                                                                                                    
       "Temp Read Blocks": 0,                                                                                                                        
       "Temp Written Blocks": 0,                                                                                                                     
       "Plans": [                                                                                                                                    
         {                                                                                                                                           
           "Node Type": "Nested Loop",                                                                                                               
           "Parent Relationship": "Outer",                                                                                                           
           "Parallel Aware": false,                                                                                                                  
           "Join Type": "Inner",                                                                                                                     
           "Startup Cost": 0.09,                                                                                                                     
           "Total Cost": 315.25,                                                                                                                     
           "Plan Rows": 1,                                                                                                                           
           "Plan Width": 48,                                                                                                                         
           "Actual Startup Time": 1326.356,                                                                                                          
           "Actual Total Time": 2483.817,                                                                                                            
           "Actual Rows": 743,                                                                                                                       
           "Actual Loops": 1,                                                                                                                        
           "Inner Unique": true,                                                                                                                     
           "Join Filter": "(ml.movie_id = t.id)",                                                                                                    
           "Rows Removed by Join Filter": 0,                                                                                                         
           "Shared Hit Blocks": 234938,                                                                                                              
           "Shared Read Blocks": 1455,                                                                                                               
           "Shared Dirtied Blocks": 0,                                                                                                               
           "Shared Written Blocks": 0,                                                                                                               
           "Local Hit Blocks": 0,                                                                                                                    
           "Local Read Blocks": 0,                                                                                                                   
           "Local Dirtied Blocks": 0,                                                                                                                
           "Local Written Blocks": 0,                                                                                                                
           "Temp Read Blocks": 0,                                                                                                                    
           "Temp Written Blocks": 0,                                                                                                                 
           "Plans": [                                                                                                                                
             {                                                                                                                                       
               "Node Type": "Nested Loop",                                                                                                           
               "Parent Relationship": "Outer",                                                                                                       
               "Parallel Aware": false,                                                                                                              
               "Join Type": "Inner",                                                                                                                 
               "Startup Cost": 0.08,                                                                                                                 
               "Total Cost": 315.04,                                                                                                                 
               "Plan Rows": 1,                                                                                                                       
               "Plan Width": 51,                                                                                                                     
               "Actual Startup Time": 1266.531,                                                                                                      
               "Actual Total Time": 2347.070,                                                                                                        
               "Actual Rows": 743,                                                                                                                   
               "Actual Loops": 1,                                                                                                                    
               "Inner Unique": true,                                                                                                                 
               "Shared Hit Blocks": 231975,                                                                                                          
               "Shared Read Blocks": 1446,                                                                                                           
               "Shared Dirtied Blocks": 0,                                                                                                           
               "Shared Written Blocks": 0,                                                                                                           
               "Local Hit Blocks": 0,                                                                                                                
               "Local Read Blocks": 0,                                                                                                               
               "Local Dirtied Blocks": 0,                                                                                                            
               "Local Written Blocks": 0,                                                                                                            
               "Temp Read Blocks": 0,                                                                                                                
               "Temp Written Blocks": 0,                                                                                                             
               "Plans": [                                                                                                                            
                 {                                                                                                                                   
                   "Node Type": "Nested Loop",                                                                                                       
                   "Parent Relationship": "Outer",                                                                                                   
                   "Parallel Aware": false,                                                                                                          
                   "Join Type": "Inner",                                                                                                             
                   "Startup Cost": 0.06,                                                                                                             
                   "Total Cost": 311.01,                                                                                                             
                   "Plan Rows": 282,                                                                                                                 
                   "Plan Width": 55,                                                                                                                 
                   "Actual Startup Time": 412.047,                                                                                                   
                   "Actual Total Time": 2146.215,                                                                                                    
                   "Actual Rows": 11620,                                                                                                             
                   "Actual Loops": 1,                                                                                                                
                   "Inner Unique": false,                                                                                                            
                   "Join Filter": "(ml.movie_id = mk.movie_id)",                                                                                     
                   "Rows Removed by Join Filter": 0,                                                                                                 
                   "Shared Hit Blocks": 185609,                                                                                                      
                   "Shared Read Blocks": 1332,                                                                                                       
                   "Shared Dirtied Blocks": 0,                                                                                                       
                   "Shared Written Blocks": 0,                                                                                                       
                   "Local Hit Blocks": 0,                                                                                                            
                   "Local Read Blocks": 0,                                                                                                           
                   "Local Dirtied Blocks": 0,                                                                                                        
                   "Local Written Blocks": 0,                                                                                                        
                   "Temp Read Blocks": 0,                                                                                                            
                   "Temp Written Blocks": 0,                                                                                                         
                   "Plans": [                                                                                                                        
                     {                                                                                                                               
                       "Node Type": "Nested Loop",                                                                                                   
                       "Parent Relationship": "Outer",                                                                                               
                       "Parallel Aware": false,                                                                                                      
                       "Join Type": "Inner",                                                                                                         
                       "Startup Cost": 0.05,                                                                                                         
                       "Total Cost": 308.05,                                                                                                         
                       "Plan Rows": 28,                                                                                                              
                       "Plan Width": 47,                                                                                                             
                       "Actual Startup Time": 375.315,                                                                                               
                       "Actual Total Time": 2016.782,                                                                                                
                       "Actual Rows": 1150,                                                                                                          
                       "Actual Loops": 1,                                                                                                            
                       "Inner Unique": false,                                                                                                        
                       "Join Filter": "(ml.movie_id = mi.movie_id)",                                                                                 
                       "Rows Removed by Join Filter": 0,                                                                                             
                       "Shared Hit Blocks": 181028,                                                                                                  
                       "Shared Read Blocks": 1313,                                                                                                   
                       "Shared Dirtied Blocks": 0,                                                                                                   
                       "Shared Written Blocks": 0,                                                                                                   
                       "Local Hit Blocks": 0,                                                                                                        
                       "Local Read Blocks": 0,                                                                                                       
                       "Local Dirtied Blocks": 0,                                                                                                    
                       "Local Written Blocks": 0,                                                                                                    
                       "Temp Read Blocks": 0,                                                                                                        
                       "Temp Written Blocks": 0,                                                                                                     
                       "Plans": [                                                                                                                    
                         {                                                                                                                           
                           "Node Type": "Nested Loop",                                                                                               
                           "Parent Relationship": "Outer",                                                                                           
                           "Parallel Aware": false,                                                                                                  
                           "Join Type": "Inner",                                                                                                     
                           "Startup Cost": 0.04,                                                                                                     
                           "Total Cost": 299.45,                                                                                                     
                           "Plan Rows": 17,                                                                                                          
                           "Plan Width": 43,                                                                                                         
                           "Actual Startup Time": 252.151,                                                                                           
                           "Actual Total Time": 1375.549,                                                                                            
                           "Actual Rows": 277,                                                                                                       
                           "Actual Loops": 1,                                                                                                        
                           "Inner Unique": true,                                                                                                     
                           "Join Filter": "(mc.company_type_id = ct.id)",                                                                            
                           "Rows Removed by Join Filter": 21,                                                                                        
                           "Shared Hit Blocks": 176592,                                                                                              
                           "Shared Read Blocks": 1192,                                                                                               
                           "Shared Dirtied Blocks": 0,                                                                                               
                           "Shared Written Blocks": 0,                                                                                               
                           "Local Hit Blocks": 0,                                                                                                    
                           "Local Read Blocks": 0,                                                                                                   
                           "Local Dirtied Blocks": 0,                                                                                                
                           "Local Written Blocks": 0,                                                                                                
                           "Temp Read Blocks": 0,                                                                                                    
                           "Temp Written Blocks": 0,                                                                                                 
                           "Plans": [                                                                                                                
                             {                                                                                                                       
                               "Node Type": "Nested Loop",                                                                                           
                               "Parent Relationship": "Outer",                                                                                       
                               "Parallel Aware": false,                                                                                              
                               "Join Type": "Inner",                                                                                                 
                               "Startup Cost": 0.04,                                                                                                 
                               "Total Cost": 299.40,                                                                                                 
                               "Plan Rows": 67,                                                                                                      
                               "Plan Width": 47,                                                                                                     
                               "Actual Startup Time": 251.998,                                                                                       
                               "Actual Total Time": 1375.025,                                                                                        
                               "Actual Rows": 298,                                                                                                   
                               "Actual Loops": 1,                                                                                                    
                               "Inner Unique": true,                                                                                                 
                               "Shared Hit Blocks": 176592,                                                                                          
                               "Shared Read Blocks": 1191,                                                                                           
                               "Shared Dirtied Blocks": 0,                                                                                           
                               "Shared Written Blocks": 0,                                                                                           
                               "Local Hit Blocks": 0,                                                                                                
                               "Local Read Blocks": 0,                                                                                               
                               "Local Dirtied Blocks": 0,                                                                                            
                               "Local Written Blocks": 0,                                                                                            
                               "Temp Read Blocks": 0,                                                                                                
                               "Temp Written Blocks": 0,                                                                                             
                               "Plans": [                                                                                                            
                                 {                                                                                                                   
                                   "Node Type": "Nested Loop",                                                                                       
                                   "Parent Relationship": "Outer",                                                                                   
                                   "Parallel Aware": false,                                                                                          
                                   "Join Type": "Inner",                                                                                             
                                   "Startup Cost": 0.02,                                                                                             
                                   "Total Cost": 292.09,                                                                                             
                                   "Plan Rows": 322,                                                                                                 
                                   "Plan Width": 32,                                                                                                 
                                   "Actual Startup Time": 91.378,                                                                                    
                                   "Actual Total Time": 635.939,                                                                                     
                                   "Actual Rows": 864,                                                                                               
                                   "Actual Loops": 1,                                                                                                
                                   "Inner Unique": false,                                                                                            
                                   "Join Filter": "(ml.movie_id = mc.movie_id)",                                                                     
                                   "Rows Removed by Join Filter": 0,                                                                                 
                                   "Shared Hit Blocks": 173271,                                                                                      
                                   "Shared Read Blocks": 1055,                                                                                       
                                   "Shared Dirtied Blocks": 0,                                                                                       
                                   "Shared Written Blocks": 0,                                                                                       
                                   "Local Hit Blocks": 0,                                                                                            
                                   "Local Read Blocks": 0,                                                                                           
                                   "Local Dirtied Blocks": 0,                                                                                        
                                   "Local Written Blocks": 0,                                                                                        
                                   "Temp Read Blocks": 0,                                                                                            
                                   "Temp Written Blocks": 0,                                                                                         
                                   "Plans": [                                                                                                        
                                     {                                                                                                               
                                       "Node Type": "Nested Loop",                                                                                   
                                       "Parent Relationship": "Outer",                                                                               
                                       "Parallel Aware": false,                                                                                      
                                       "Join Type": "Inner",                                                                                         
                                       "Startup Cost": 0.01,                                                                                         
                                       "Total Cost": 204.25,                                                                                         
                                       "Plan Rows": 146,                                                                                             
                                       "Plan Width": 20,                                                                                             
                                       "Actual Startup Time": 53.003,                                                                                
                                       "Actual Total Time": 379.490,                                                                                 
                                       "Actual Rows": 228,                                                                                           
                                       "Actual Loops": 1,                                                                                            
                                       "Inner Unique": true,                                                                                         
                                       "Join Filter": "(lt.id = ml.link_type_id)",                                                                   
                                       "Rows Removed by Join Filter": 6826,                                                                          
                                       "Shared Hit Blocks": 172308,                                                                                  
                                       "Shared Read Blocks": 903,                                                                                    
                                       "Shared Dirtied Blocks": 0,                                                                                   
                                       "Shared Written Blocks": 0,                                                                                   
                                       "Local Hit Blocks": 0,                                                                                        
                                       "Local Read Blocks": 0,                                                                                       
                                       "Local Dirtied Blocks": 0,                                                                                    
                                       "Local Written Blocks": 0,                                                                                    
                                       "Temp Read Blocks": 0,                                                                                        
                                       "Temp Written Blocks": 0,                                                                                     
                                       "Plans": [                                                                                                    
                                         {                                                                                                           
                                           "Node Type": "Nested Loop",                                                                               
                                           "Parent Relationship": "Outer",                                                                           
                                           "Parallel Aware": false,                                                                                  
                                           "Join Type": "Inner",                                                                                     
                                           "Startup Cost": 0.01,                                                                                     
                                           "Total Cost": 203.63,                                                                                     
                                           "Plan Rows": 2620,                                                                                        
                                           "Plan Width": 12,                                                                                         
                                           "Actual Startup Time": 51.132,                                                                            
                                           "Actual Total Time": 374.567,                                                                             
                                           "Actual Rows": 3564,                                                                                      
                                           "Actual Loops": 1,                                                                                        
                                           "Inner Unique": false,                                                                                    
                                           "Shared Hit Blocks": 172308,                                                                              
                                           "Shared Read Blocks": 902,                                                                                
                                           "Shared Dirtied Blocks": 0,                                                                               
                                           "Shared Written Blocks": 0,                                                                               
                                           "Local Hit Blocks": 0,                                                                                    
                                           "Local Read Blocks": 0,                                                                                   
                                           "Local Dirtied Blocks": 0,                                                                                
                                           "Local Written Blocks": 0,                                                                                
                                           "Temp Read Blocks": 0,                                                                                    
                                           "Temp Written Blocks": 0,                                                                                 
                                           "Plans": [                                                                                                
                                             {                                                                                                       
                                               "Node Type": "Nested Loop",                                                                           
                                               "Parent Relationship": "Outer",                                                                       
                                               "Parallel Aware": false,                                                                              
                                               "Join Type": "Inner",                                                                                 
                                               "Startup Cost": 0.00,                                                                                 
                                               "Total Cost": 70.23,                                                                                  
                                               "Plan Rows": 8443,                                                                                    
                                               "Plan Width": 4,                                                                                      
                                               "Actual Startup Time": 11.670,                                                                        
                                               "Actual Total Time": 153.230,                                                                         
                                               "Actual Rows": 85941,                                                                                 
                                               "Actual Loops": 1,                                                                                    
                                               "Inner Unique": true,                                                                                 
                                               "Join Filter": "(cc.subject_id = cct.id)",                                                           
                                               "Rows Removed by Join Filter": 49145,                                                                 
                                               "Shared Hit Blocks": 2,                                                                               
                                               "Shared Read Blocks": 731,                                                                            
                                               "Shared Dirtied Blocks": 0,                                                                           
                                               "Shared Written Blocks": 0,                                                                           
                                               "Local Hit Blocks": 0,                                                                                
                                               "Local Read Blocks": 0,                                                                               
                                               "Local Dirtied Blocks": 0,                                                                            
                                               "Local Written Blocks": 0,                                                                            
                                               "Temp Read Blocks": 0,                                                                                
                                               "Temp Written Blocks": 0,                                                                             
                                               "Plans": [                                                                                            
                                                 {                                                                                                   
                                                   "Node Type": "Nested Loop",                                                                       
                                                   "Parent Relationship": "Outer",                                                                   
                                                   "Parallel Aware": false,                                                                          
                                                   "Join Type": "Inner",                                                                             
                                                   "Startup Cost": 0.00,                                                                             
                                                   "Total Cost": 62.62,                                                                              
                                                   "Plan Rows": 33772,                                                                               
                                                   "Plan Width": 8,                                                                                  
                                                   "Actual Startup Time": 11.653,                                                                    
                                                   "Actual Total Time": 104.679,                                                                     
                                                   "Actual Rows": 135086,                                                                            
                                                   "Actual Loops": 1,                                                                                
                                                   "Inner Unique": true,                                                                             
                                                   "Join Filter": "(cct.id = cc.status_id)",                                                        
                                                   "Rows Removed by Join Filter": 24592,                                                             
                                                   "Shared Hit Blocks": 1,                                                                           
                                                   "Shared Read Blocks": 731,                                                                        
                                                   "Shared Dirtied Blocks": 0,                                                                       
                                                   "Shared Written Blocks": 0,                                                                       
                                                   "Local Hit Blocks": 0,                                                                            
                                                   "Local Read Blocks": 0,                                                                           
                                                   "Local Dirtied Blocks": 0,                                                                        
                                                   "Local Written Blocks": 0,                                                                        
                                                   "Temp Read Blocks": 0,                                                                            
                                                   "Temp Written Blocks": 0,                                                                         
                                                   "Plans": [                                                                                        
                                                     {                                                                                               
                                                       "Node Type": "Seq Scan",                                                                      
                                                       "Parent Relationship": "Outer",                                                               
                                                       "Parallel Aware": false,                                                                      
                                                       "Relation Name": "complete_cast",                                                             
                                                       "Alias": "cc",                                                                                
                                                       "Startup Cost": 0.00,                                                                         
                                                       "Total Cost": 32.27,                                                                          
                                                       "Plan Rows": 135086,                                                                          
                                                       "Plan Width": 12,                                                                             
                                                       "Actual Startup Time": 11.612,                                                                
                                                       "Actual Total Time": 42.472,                                                                  
                                                       "Actual Rows": 135086,                                                                        
                                                       "Actual Loops": 1,                                                                            
                                                       "Shared Hit Blocks": 0,                                                                       
                                                       "Shared Read Blocks": 731,                                                                    
                                                       "Shared Dirtied Blocks": 0,                                                                   
                                                       "Shared Written Blocks": 0,                                                                   
                                                       "Local Hit Blocks": 0,                                                                        
                                                       "Local Read Blocks": 0,                                                                       
                                                       "Local Dirtied Blocks": 0,                                                                    
                                                       "Local Written Blocks": 0,                                                                    
                                                       "Temp Read Blocks": 0,                                                                        
                                                       "Temp Written Blocks": 0                                                                      
                                                     },                                                                                              
                                                     {                                                                                               
                                                       "Node Type": "Materialize",                                                                   
                                                       "Parent Relationship": "Inner",                                                               
                                                       "Parallel Aware": false,                                                                      
                                                       "Startup Cost": 0.00,                                                                         
                                                       "Total Cost": 0.03,                                                                           
                                                       "Plan Rows": 1,                                                                               
                                                       "Plan Width": 4,                                                                              
                                                       "Actual Startup Time": 0.000,                                                                 
                                                       "Actual Total Time": 0.000,                                                                   
                                                       "Actual Rows": 1,                                                                             
                                                       "Actual Loops": 135086,                                                                       
                                                       "Shared Hit Blocks": 1,                                                                       
                                                       "Shared Read Blocks": 0,                                                                      
                                                       "Shared Dirtied Blocks": 0,                                                                   
                                                       "Shared Written Blocks": 0,                                                                   
                                                       "Local Hit Blocks": 0,                                                                        
                                                       "Local Read Blocks": 0,                                                                       
                                                       "Local Dirtied Blocks": 0,                                                                    
                                                       "Local Written Blocks": 0,                                                                    
                                                       "Temp Read Blocks": 0,                                                                        
                                                       "Temp Written Blocks": 0,                                                                     
                                                       "Plans": [                                                                                    
                                                         {                                                                                           
                                                           "Node Type": "Seq Scan",                                                                  
                                                           "Parent Relationship": "Outer",                                                           
                                                           "Parallel Aware": false,                                                                  
                                                           "Relation Name": "comp_cast_type",                                                        
                                                           "Alias": "cct",                                                                          
                                                           "Startup Cost": 0.00,                                                                     
                                                           "Total Cost": 0.03,                                                                       
                                                           "Plan Rows": 1,                                                                           
                                                           "Plan Width": 4,                                                                          
                                                           "Actual Startup Time": 0.020,                                                             
                                                           "Actual Total Time": 0.021,                                                               
                                                           "Actual Rows": 2,                                                                         
                                                           "Actual Loops": 1,                                                                        
                                                           "Filter": "((kind)::text ~~ 'complete%'::text)",                                          
                                                           "Rows Removed by Filter": 2,                                                              
                                                           "Shared Hit Blocks": 1,                                                                   
                                                           "Shared Read Blocks": 0,                                                                  
                                                           "Shared Dirtied Blocks": 0,                                                               
                                                           "Shared Written Blocks": 0,                                                               
                                                           "Local Hit Blocks": 0,                                                                    
                                                           "Local Read Blocks": 0,                                                                   
                                                           "Local Dirtied Blocks": 0,                                                                
                                                           "Local Written Blocks": 0,                                                                
                                                           "Temp Read Blocks": 0,                                                                    
                                                           "Temp Written Blocks": 0                                                                  
                                                         }                                                                                           
                                                       ]                                                                                             
                                                     }                                                                                               
                                                   ]                                                                                                 
                                                 },                                                                                                  
                                                 {                                                                                                   
                                                   "Node Type": "Materialize",                                                                       
                                                   "Parent Relationship": "Inner",                                                                   
                                                   "Parallel Aware": false,                                                                          
                                                   "Startup Cost": 0.00,                                                                             
                                                   "Total Cost": 0.03,                                                                               
                                                   "Plan Rows": 1,                                                                                   
                                                   "Plan Width": 4,                                                                                  
                                                   "Actual Startup Time": 0.000,                                                                     
                                                   "Actual Total Time": 0.000,                                                                       
                                                   "Actual Rows": 1,                                                                                 
                                                   "Actual Loops": 135086,                                                                           
                                                   "Shared Hit Blocks": 1,                                                                           
                                                   "Shared Read Blocks": 0,                                                                          
                                                   "Shared Dirtied Blocks": 0,                                                                       
                                                   "Shared Written Blocks": 0,                                                                       
                                                   "Local Hit Blocks": 0,                                                                            
                                                   "Local Read Blocks": 0,                                                                           
                                                   "Local Dirtied Blocks": 0,                                                                        
                                                   "Local Written Blocks": 0,                                                                        
                                                   "Temp Read Blocks": 0,                                                                            
                                                   "Temp Written Blocks": 0,                                                                         
                                                   "Plans": [                                                                                        
                                                     {                                                                                               
                                                       "Node Type": "Seq Scan",                                                                      
                                                       "Parent Relationship": "Outer",                                                               
                                                       "Parallel Aware": false,                                                                      
                                                       "Relation Name": "comp_cast_type",                                                            
                                                       "Alias": "cct",                                                                              
                                                       "Startup Cost": 0.00,                                                                         
                                                       "Total Cost": 0.03,                                                                           
                                                       "Plan Rows": 1,                                                                               
                                                       "Plan Width": 4,                                                                              
                                                       "Actual Startup Time": 0.007,                                                                 
                                                       "Actual Total Time": 0.009,                                                                   
                                                       "Actual Rows": 1,                                                                             
                                                       "Actual Loops": 1,                                                                            
                                                       "Filter": "((kind)::text = 'cast'::text)",                                                    
                                                       "Rows Removed by Filter": 3,                                                                  
                                                       "Shared Hit Blocks": 1,                                                                       
                                                       "Shared Read Blocks": 0,                                                                      
                                                       "Shared Dirtied Blocks": 0,                                                                   
                                                       "Shared Written Blocks": 0,                                                                   
                                                       "Local Hit Blocks": 0,                                                                        
                                                       "Local Read Blocks": 0,                                                                       
                                                       "Local Dirtied Blocks": 0,                                                                    
                                                       "Local Written Blocks": 0,                                                                    
                                                       "Temp Read Blocks": 0,                                                                        
                                                       "Temp Written Blocks": 0                                                                      
                                                     }                                                                                               
                                                   ]                                                                                                 
                                                 }                                                                                                   
                                               ]                                                                                                     
                                             },                                                                                                      
                                             {                                                                                                       
                                               "Node Type": "Index Scan",                                                                            
                                               "Parent Relationship": "Inner",                                                                       
                                               "Parallel Aware": false,                                                                              
                                               "Scan Direction": "Forward",                                                                          
                                               "Index Name": "movie_id_movie_link",                                                                  
                                               "Relation Name": "movie_link",                                                                        
                                               "Alias": "ml",                                                                                        
                                               "Startup Cost": 0.01,                                                                                 
                                               "Total Cost": 0.02,                                                                                   
                                               "Plan Rows": 5,                                                                                       
                                               "Plan Width": 8,                                                                                      
                                               "Actual Startup Time": 0.002,                                                                         
                                               "Actual Total Time": 0.002,                                                                           
                                               "Actual Rows": 0,                                                                                     
                                               "Actual Loops": 85941,                                                                                
                                               "Index Cond": "(movie_id = cc.movie_id)",                                                             
                                               "Rows Removed by Index Recheck": 0,                                                                   
                                               "Shared Hit Blocks": 172306,                                                                          
                                               "Shared Read Blocks": 171,                                                                            
                                               "Shared Dirtied Blocks": 0,                                                                           
                                               "Shared Written Blocks": 0,                                                                           
                                               "Local Hit Blocks": 0,                                                                                
                                               "Local Read Blocks": 0,                                                                               
                                               "Local Dirtied Blocks": 0,                                                                            
                                               "Local Written Blocks": 0,                                                                            
                                               "Temp Read Blocks": 0,                                                                                
                                               "Temp Written Blocks": 0                                                                              
                                             }                                                                                                       
                                           ]                                                                                                         
                                         },                                                                                                          
                                         {                                                                                                           
                                           "Node Type": "Materialize",                                                                               
                                           "Parent Relationship": "Inner",                                                                           
                                           "Parallel Aware": false,                                                                                  
                                           "Startup Cost": 0.00,                                                                                     
                                           "Total Cost": 0.03,                                                                                       
                                           "Plan Rows": 1,                                                                                           
                                           "Plan Width": 16,                                                                                         
                                           "Actual Startup Time": 0.000,                                                                             
                                           "Actual Total Time": 0.000,                                                                               
                                           "Actual Rows": 2,                                                                                         
                                           "Actual Loops": 3564,                                                                                     
                                           "Shared Hit Blocks": 0,                                                                                   
                                           "Shared Read Blocks": 1,                                                                                  
                                           "Shared Dirtied Blocks": 0,                                                                               
                                           "Shared Written Blocks": 0,                                                                               
                                           "Local Hit Blocks": 0,                                                                                    
                                           "Local Read Blocks": 0,                                                                                   
                                           "Local Dirtied Blocks": 0,                                                                                
                                           "Local Written Blocks": 0,                                                                                
                                           "Temp Read Blocks": 0,                                                                                    
                                           "Temp Written Blocks": 0,                                                                                 
                                           "Plans": [                                                                                                
                                             {                                                                                                       
                                               "Node Type": "Seq Scan",                                                                              
                                               "Parent Relationship": "Outer",                                                                       
                                               "Parallel Aware": false,                                                                              
                                               "Relation Name": "link_type",                                                                         
                                               "Alias": "lt",                                                                                        
                                               "Startup Cost": 0.00,                                                                                 
                                               "Total Cost": 0.03,                                                                                   
                                               "Plan Rows": 1,                                                                                       
                                               "Plan Width": 16,                                                                                     
                                               "Actual Startup Time": 0.115,                                                                         
                                               "Actual Total Time": 0.128,                                                                           
                                               "Actual Rows": 2,                                                                                     
                                               "Actual Loops": 1,                                                                                    
                                               "Filter": "((link)::text ~~ '%follow%'::text)",                                                       
                                               "Rows Removed by Filter": 16,                                                                         
                                               "Shared Hit Blocks": 0,                                                                               
                                               "Shared Read Blocks": 1,                                                                              
                                               "Shared Dirtied Blocks": 0,                                                                           
                                               "Shared Written Blocks": 0,                                                                           
                                               "Local Hit Blocks": 0,                                                                                
                                               "Local Read Blocks": 0,                                                                               
                                               "Local Dirtied Blocks": 0,                                                                            
                                               "Local Written Blocks": 0,                                                                            
                                               "Temp Read Blocks": 0,                                                                                
                                               "Temp Written Blocks": 0                                                                              
                                             }                                                                                                       
                                           ]                                                                                                         
                                         }                                                                                                           
                                       ]                                                                                                             
                                     },                                                                                                              
                                     {                                                                                                               
                                       "Node Type": "Index Scan",                                                                                    
                                       "Parent Relationship": "Inner",                                                                               
                                       "Parallel Aware": false,                                                                                      
                                       "Scan Direction": "Forward",                                                                                  
                                       "Index Name": "movie_id_movie_companies",                                                                     
                                       "Relation Name": "movie_companies",                                                                           
                                       "Alias": "mc",                                                                                                
                                       "Startup Cost": 0.01,                                                                                         
                                       "Total Cost": 0.60,                                                                                           
                                       "Plan Rows": 1,                                                                                               
                                       "Plan Width": 12,                                                                                             
                                       "Actual Startup Time": 1.111,                                                                                 
                                       "Actual Total Time": 1.121,                                                                                   
                                       "Actual Rows": 4,                                                                                             
                                       "Actual Loops": 228,                                                                                          
                                       "Index Cond": "(movie_id = cc.movie_id)",                                                                     
                                       "Rows Removed by Index Recheck": 0,                                                                           
                                       "Filter": "(note IS NULL)",                                                                                   
                                       "Rows Removed by Filter": 3,                                                                                  
                                       "Shared Hit Blocks": 963,                                                                                     
                                       "Shared Read Blocks": 152,                                                                                    
                                       "Shared Dirtied Blocks": 0,                                                                                   
                                       "Shared Written Blocks": 0,                                                                                   
                                       "Local Hit Blocks": 0,                                                                                        
                                       "Local Read Blocks": 0,                                                                                       
                                       "Local Dirtied Blocks": 0,                                                                                    
                                       "Local Written Blocks": 0,                                                                                    
                                       "Temp Read Blocks": 0,                                                                                        
                                       "Temp Written Blocks": 0                                                                                      
                                     }                                                                                                               
                                   ]                                                                                                                 
                                 },                                                                                                                  
                                 {                                                                                                                   
                                   "Node Type": "Index Scan",                                                                                        
                                   "Parent Relationship": "Inner",                                                                                   
                                   "Parallel Aware": false,                                                                                          
                                   "Scan Direction": "Forward",                                                                                      
                                   "Index Name": "company_name_pkey",                                                                                
                                   "Relation Name": "company_name",                                                                                  
                                   "Alias": "cn",                                                                                                    
                                   "Startup Cost": 0.01,                                                                                             
                                   "Total Cost": 0.02,                                                                                               
                                   "Plan Rows": 1,                                                                                                   
                                   "Plan Width": 23,                                                                                                 
                                   "Actual Startup Time": 0.854,                                                                                     
                                   "Actual Total Time": 0.854,                                                                                       
                                   "Actual Rows": 0,                                                                                                 
                                   "Actual Loops": 864,                                                                                              
                                   "Index Cond": "(id = mc.company_id)",                                                                             
                                   "Rows Removed by Index Recheck": 0,                                                                               
                                   "Filter": "(((country_code)::text <> '[pl]'::text) AND ((name ~~ '%Film%'::text) OR (name ~~ '%Warner%'::text)))",
                                   "Rows Removed by Filter": 1,                                                                                      
                                   "Shared Hit Blocks": 3321,                                                                                        
                                   "Shared Read Blocks": 136,                                                                                        
                                   "Shared Dirtied Blocks": 0,                                                                                       
                                   "Shared Written Blocks": 0,                                                                                       
                                   "Local Hit Blocks": 0,                                                                                            
                                   "Local Read Blocks": 0,                                                                                           
                                   "Local Dirtied Blocks": 0,                                                                                        
                                   "Local Written Blocks": 0,                                                                                        
                                   "Temp Read Blocks": 0,                                                                                            
                                   "Temp Written Blocks": 0                                                                                          
                                 }                                                                                                                   
                               ]                                                                                                                     
                             },                                                                                                                      
                             {                                                                                                                       
                               "Node Type": "Materialize",                                                                                           
                               "Parent Relationship": "Inner",                                                                                       
                               "Parallel Aware": false,                                                                                              
                               "Startup Cost": 0.00,                                                                                                 
                               "Total Cost": 0.03,                                                                                                   
                               "Plan Rows": 1,                                                                                                       
                               "Plan Width": 4,                                                                                                      
                               "Actual Startup Time": 0.001,                                                                                         
                               "Actual Total Time": 0.001,                                                                                           
                               "Actual Rows": 1,                                                                                                     
                               "Actual Loops": 298,                                                                                                  
                               "Shared Hit Blocks": 0,                                                                                               
                               "Shared Read Blocks": 1,                                                                                              
                               "Shared Dirtied Blocks": 0,                                                                                           
                               "Shared Written Blocks": 0,                                                                                           
                               "Local Hit Blocks": 0,                                                                                                
                               "Local Read Blocks": 0,                                                                                               
                               "Local Dirtied Blocks": 0,                                                                                            
                               "Local Written Blocks": 0,                                                                                            
                               "Temp Read Blocks": 0,                                                                                                
                               "Temp Written Blocks": 0,                                                                                             
                               "Plans": [                                                                                                            
                                 {                                                                                                                   
                                   "Node Type": "Seq Scan",                                                                                          
                                   "Parent Relationship": "Outer",                                                                                   
                                   "Parallel Aware": false,                                                                                          
                                   "Relation Name": "company_type",                                                                                  
                                   "Alias": "ct",                                                                                                    
                                   "Startup Cost": 0.00,                                                                                             
                                   "Total Cost": 0.03,                                                                                               
                                   "Plan Rows": 1,                                                                                                   
                                   "Plan Width": 4,                                                                                                  
                                   "Actual Startup Time": 0.133,                                                                                     
                                   "Actual Total Time": 0.138,                                                                                       
                                   "Actual Rows": 1,                                                                                                 
                                   "Actual Loops": 1,                                                                                                
                                   "Filter": "((kind)::text = 'production companies'::text)",                                                        
                                   "Rows Removed by Filter": 3,                                                                                      
                                   "Shared Hit Blocks": 0,                                                                                           
                                   "Shared Read Blocks": 1,                                                                                          
                                   "Shared Dirtied Blocks": 0,                                                                                       
                                   "Shared Written Blocks": 0,                                                                                       
                                   "Local Hit Blocks": 0,                                                                                            
                                   "Local Read Blocks": 0,                                                                                           
                                   "Local Dirtied Blocks": 0,                                                                                        
                                   "Local Written Blocks": 0,                                                                                        
                                   "Temp Read Blocks": 0,                                                                                            
                                   "Temp Written Blocks": 0                                                                                          
                                 }                                                                                                                   
                               ]                                                                                                                     
                             }                                                                                                                       
                           ]                                                                                                                         
                         },                                                                                                                          
                         {                                                                                                                           
                           "Node Type": "Index Scan",                                                                                                
                           "Parent Relationship": "Inner",                                                                                           
                           "Parallel Aware": false,                                                                                                  
                           "Scan Direction": "Forward",                                                                                              
                           "Index Name": "movie_id_movie_info",                                                                                      
                           "Relation Name": "movie_info",                                                                                            
                           "Alias": "mi",                                                                                                            
                           "Startup Cost": 0.01,                                                                                                     
                           "Total Cost": 0.51,                                                                                                       
                           "Plan Rows": 1,                                                                                                           
                           "Plan Width": 4,                                                                                                          
                           "Actual Startup Time": 2.304,                                                                                             
                           "Actual Total Time": 2.312,                                                                                               
                           "Actual Rows": 4,                                                                                                         
                           "Actual Loops": 277,                                                                                                      
                           "Index Cond": "(movie_id = mc.movie_id)",                                                                                 
                           "Rows Removed by Index Recheck": 0,                                                                                       
                           "Filter": "(info = ANY ('{Sweden,Norway,Germany,Denmark,Swedish,Denish,Norwegian,German,English}'::text[]))",             
                           "Rows Removed by Filter": 21,                                                                                             
                           "Shared Hit Blocks": 4436,                                                                                                
                           "Shared Read Blocks": 121,                                                                                                
                           "Shared Dirtied Blocks": 0,                                                                                               
                           "Shared Written Blocks": 0,                                                                                               
                           "Local Hit Blocks": 0,                                                                                                    
                           "Local Read Blocks": 0,                                                                                                   
                           "Local Dirtied Blocks": 0,                                                                                                
                           "Local Written Blocks": 0,                                                                                                
                           "Temp Read Blocks": 0,                                                                                                    
                           "Temp Written Blocks": 0                                                                                                  
                         }                                                                                                                           
                       ]                                                                                                                             
                     },                                                                                                                              
                     {                                                                                                                               
                       "Node Type": "Index Scan",                                                                                                    
                       "Parent Relationship": "Inner",                                                                                               
                       "Parallel Aware": false,                                                                                                      
                       "Scan Direction": "Forward",                                                                                                  
                       "Index Name": "movie_id_movie_keyword",                                                                                       
                       "Relation Name": "movie_keyword",                                                                                             
                       "Alias": "mk",                                                                                                                
                       "Startup Cost": 0.01,                                                                                                         
                       "Total Cost": 0.10,                                                                                                           
                       "Plan Rows": 11,                                                                                                              
                       "Plan Width": 8,                                                                                                              
                       "Actual Startup Time": 0.102,                                                                                                 
                       "Actual Total Time": 0.105,                                                                                                   
                       "Actual Rows": 10,                                                                                                            
                       "Actual Loops": 1150,                                                                                                         
                       "Index Cond": "(movie_id = mc.movie_id)",                                                                                     
                       "Rows Removed by Index Recheck": 0,                                                                                           
                       "Shared Hit Blocks": 4581,                                                                                                    
                       "Shared Read Blocks": 19,                                                                                                     
                       "Shared Dirtied Blocks": 0,                                                                                                   
                       "Shared Written Blocks": 0,                                                                                                   
                       "Local Hit Blocks": 0,                                                                                                        
                       "Local Read Blocks": 0,                                                                                                       
                       "Local Dirtied Blocks": 0,                                                                                                    
                       "Local Written Blocks": 0,                                                                                                    
                       "Temp Read Blocks": 0,                                                                                                        
                       "Temp Written Blocks": 0                                                                                                      
                     }                                                                                                                               
                   ]                                                                                                                                 
                 },                                                                                                                                  
                 {                                                                                                                                   
                   "Node Type": "Index Scan",                                                                                                        
                   "Parent Relationship": "Inner",                                                                                                   
                   "Parallel Aware": false,                                                                                                          
                   "Scan Direction": "Forward",                                                                                                      
                   "Index Name": "keyword_pkey",                                                                                                     
                   "Relation Name": "keyword",                                                                                                       
                   "Alias": "k",                                                                                                                     
                   "Startup Cost": 0.01,                                                                                                             
                   "Total Cost": 0.01,                                                                                                               
                   "Plan Rows": 1,                                                                                                                   
                   "Plan Width": 4,                                                                                                                  
                   "Actual Startup Time": 0.017,                                                                                                     
                   "Actual Total Time": 0.017,                                                                                                       
                   "Actual Rows": 0,                                                                                                                 
                   "Actual Loops": 11620,                                                                                                            
                   "Index Cond": "(id = mk.keyword_id)",                                                                                             
                   "Rows Removed by Index Recheck": 0,                                                                                               
                   "Filter": "(keyword = 'sequel'::text)",                                                                                           
                   "Rows Removed by Filter": 1,                                                                                                      
                   "Shared Hit Blocks": 46366,                                                                                                       
                   "Shared Read Blocks": 114,                                                                                                        
                   "Shared Dirtied Blocks": 0,                                                                                                       
                   "Shared Written Blocks": 0,                                                                                                       
                   "Local Hit Blocks": 0,                                                                                                            
                   "Local Read Blocks": 0,                                                                                                           
                   "Local Dirtied Blocks": 0,                                                                                                        
                   "Local Written Blocks": 0,                                                                                                        
                   "Temp Read Blocks": 0,                                                                                                            
                   "Temp Written Blocks": 0                                                                                                          
                 }                                                                                                                                   
               ]                                                                                                                                     
             },                                                                                                                                      
             {                                                                                                                                       
               "Node Type": "Index Scan",                                                                                                            
               "Parent Relationship": "Inner",                                                                                                       
               "Parallel Aware": false,                                                                                                              
               "Scan Direction": "Forward",                                                                                                          
               "Index Name": "title_idx_id",                                                                                                         
               "Relation Name": "title",                                                                                                             
               "Alias": "t",                                                                                                                         
               "Startup Cost": 0.01,                                                                                                                 
               "Total Cost": 0.04,                                                                                                                   
               "Plan Rows": 1,                                                                                                                       
               "Plan Width": 21,                                                                                                                     
               "Actual Startup Time": 0.183,                                                                                                         
               "Actual Total Time": 0.183,                                                                                                           
               "Actual Rows": 1,                                                                                                                     
               "Actual Loops": 743,                                                                                                                  
               "Index Cond": "(id = mk.movie_id)",                                                                                                   
               "Rows Removed by Index Recheck": 0,                                                                                                   
               "Filter": "((production_year >= 1950) AND (production_year <= 2010))",                                                                
               "Rows Removed by Filter": 0,                                                                                                          
               "Shared Hit Blocks": 2963,                                                                                                            
               "Shared Read Blocks": 9,                                                                                                              
               "Shared Dirtied Blocks": 0,                                                                                                           
               "Shared Written Blocks": 0,                                                                                                           
               "Local Hit Blocks": 0,                                                                                                                
               "Local Read Blocks": 0,                                                                                                               
               "Local Dirtied Blocks": 0,                                                                                                            
               "Local Written Blocks": 0,                                                                                                            
               "Temp Read Blocks": 0,                                                                                                                
               "Temp Written Blocks": 0                                                                                                              
             }                                                                                                                                       
           ]                                                                                                                                         
         }                                                                                                                                           
       ]                                                                                                                                             
     },                                                                                                                                              
     "Planning Time": 10570.421,                                                                                                                     
     "Triggers": [                                                                                                                                   
     ],                                                                                                                                              
     "Execution Time": 2521.415                                                                                                                      
   }                                                                                                                                                 
 ]
