 [                                                                                                                                                             
   {                                                                                                                                                           
     "Plan": {                                                                                                                                                 
       "Node Type": "Aggregate",                                                                                                                               
       "Strategy": "Plain",                                                                                                                                    
       "Partial Mode": "Simple",                                                                                                                               
       "Parallel Aware": false,                                                                                                                                
       "Startup Cost": 517.90,                                                                                                                                 
       "Total Cost": 517.90,                                                                                                                                   
       "Plan Rows": 1,                                                                                                                                         
       "Plan Width": 96,                                                                                                                                       
       "Actual Startup Time": 126689.344,                                                                                                                      
       "Actual Total Time": 126689.345,                                                                                                                        
       "Actual Rows": 1,                                                                                                                                       
       "Actual Loops": 1,                                                                                                                                      
       "Shared Hit Blocks": 734942,                                                                                                                            
       "Shared Read Blocks": 54719,                                                                                                                            
       "Shared Dirtied Blocks": 0,                                                                                                                             
       "Shared Written Blocks": 0,                                                                                                                             
       "Local Hit Blocks": 0,                                                                                                                                  
       "Local Read Blocks": 0,                                                                                                                                 
       "Local Dirtied Blocks": 0,                                                                                                                              
       "Local Written Blocks": 0,                                                                                                                              
       "Temp Read Blocks": 0,                                                                                                                                  
       "Temp Written Blocks": 0,                                                                                                                               
       "Plans": [                                                                                                                                              
         {                                                                                                                                                     
           "Node Type": "Nested Loop",                                                                                                                         
           "Parent Relationship": "Outer",                                                                                                                     
           "Parallel Aware": false,                                                                                                                            
           "Join Type": "Inner",                                                                                                                               
           "Startup Cost": 0.11,                                                                                                                               
           "Total Cost": 517.90,                                                                                                                               
           "Plan Rows": 1,                                                                                                                                     
           "Plan Width": 42,                                                                                                                                   
           "Actual Startup Time": 126687.909,                                                                                                                  
           "Actual Total Time": 126689.115,                                                                                                                    
           "Actual Rows": 148,                                                                                                                                 
           "Actual Loops": 1,                                                                                                                                  
           "Inner Unique": false,                                                                                                                              
           "Join Filter": "(mc.company_type_id = ct.id)",                                                                                                      
           "Rows Removed by Join Filter": 444,                                                                                                                 
           "Shared Hit Blocks": 734942,                                                                                                                        
           "Shared Read Blocks": 54719,                                                                                                                        
           "Shared Dirtied Blocks": 0,                                                                                                                         
           "Shared Written Blocks": 0,                                                                                                                         
           "Local Hit Blocks": 0,                                                                                                                              
           "Local Read Blocks": 0,                                                                                                                             
           "Local Dirtied Blocks": 0,                                                                                                                          
           "Local Written Blocks": 0,                                                                                                                          
           "Temp Read Blocks": 0,                                                                                                                              
           "Temp Written Blocks": 0,                                                                                                                           
           "Plans": [                                                                                                                                          
             {                                                                                                                                                 
               "Node Type": "Seq Scan",                                                                                                                        
               "Parent Relationship": "Outer",                                                                                                                 
               "Parallel Aware": false,                                                                                                                        
               "Relation Name": "company_type",                                                                                                                
               "Alias": "ct",                                                                                                                                  
               "Startup Cost": 0.00,                                                                                                                           
               "Total Cost": 0.03,                                                                                                                             
               "Plan Rows": 4,                                                                                                                                 
               "Plan Width": 4,                                                                                                                                
               "Actual Startup Time": 17.084,                                                                                                                  
               "Actual Total Time": 17.087,                                                                                                                    
               "Actual Rows": 4,                                                                                                                               
               "Actual Loops": 1,                                                                                                                              
               "Shared Hit Blocks": 0,                                                                                                                         
               "Shared Read Blocks": 1,                                                                                                                        
               "Shared Dirtied Blocks": 0,                                                                                                                     
               "Shared Written Blocks": 0,                                                                                                                     
               "Local Hit Blocks": 0,                                                                                                                          
               "Local Read Blocks": 0,                                                                                                                         
               "Local Dirtied Blocks": 0,                                                                                                                      
               "Local Written Blocks": 0,                                                                                                                      
               "Temp Read Blocks": 0,                                                                                                                          
               "Temp Written Blocks": 0                                                                                                                        
             },                                                                                                                                                
             {                                                                                                                                                 
               "Node Type": "Materialize",                                                                                                                     
               "Parent Relationship": "Inner",                                                                                                                 
               "Parallel Aware": false,                                                                                                                        
               "Startup Cost": 0.11,                                                                                                                           
               "Total Cost": 517.86,                                                                                                                           
               "Plan Rows": 1,                                                                                                                                 
               "Plan Width": 46,                                                                                                                               
               "Actual Startup Time": 31667.704,                                                                                                               
               "Actual Total Time": 31667.938,                                                                                                                 
               "Actual Rows": 148,                                                                                                                             
               "Actual Loops": 4,                                                                                                                              
               "Shared Hit Blocks": 734942,                                                                                                                    
               "Shared Read Blocks": 54718,                                                                                                                    
               "Shared Dirtied Blocks": 0,                                                                                                                     
               "Shared Written Blocks": 0,                                                                                                                     
               "Local Hit Blocks": 0,                                                                                                                          
               "Local Read Blocks": 0,                                                                                                                         
               "Local Dirtied Blocks": 0,                                                                                                                      
               "Local Written Blocks": 0,                                                                                                                      
               "Temp Read Blocks": 0,                                                                                                                          
               "Temp Written Blocks": 0,                                                                                                                       
               "Plans": [                                                                                                                                      
                 {                                                                                                                                             
                   "Node Type": "Nested Loop",                                                                                                                 
                   "Parent Relationship": "Outer",                                                                                                             
                   "Parallel Aware": false,                                                                                                                    
                   "Join Type": "Inner",                                                                                                                       
                   "Startup Cost": 0.11,                                                                                                                       
                   "Total Cost": 517.86,                                                                                                                       
                   "Plan Rows": 1,                                                                                                                             
                   "Plan Width": 46,                                                                                                                           
                   "Actual Startup Time": 126670.800,                                                                                                          
                   "Actual Total Time": 126671.511,                                                                                                            
                   "Actual Rows": 148,                                                                                                                         
                   "Actual Loops": 1,                                                                                                                          
                   "Inner Unique": true,                                                                                                                       
                   "Join Filter": "(mi.info_type_id = it.id)",                                                                                                
                   "Rows Removed by Join Filter": 1,                                                                                                           
                   "Shared Hit Blocks": 734942,                                                                                                                
                   "Shared Read Blocks": 54718,                                                                                                                
                   "Shared Dirtied Blocks": 0,                                                                                                                 
                   "Shared Written Blocks": 0,                                                                                                                 
                   "Local Hit Blocks": 0,                                                                                                                      
                   "Local Read Blocks": 0,                                                                                                                     
                   "Local Dirtied Blocks": 0,                                                                                                                  
                   "Local Written Blocks": 0,                                                                                                                  
                   "Temp Read Blocks": 0,                                                                                                                      
                   "Temp Written Blocks": 0,                                                                                                                   
                   "Plans": [                                                                                                                                  
                     {                                                                                                                                         
                       "Node Type": "Nested Loop",                                                                                                             
                       "Parent Relationship": "Outer",                                                                                                         
                       "Parallel Aware": false,                                                                                                                
                       "Join Type": "Inner",                                                                                                                   
                       "Startup Cost": 0.11,                                                                                                                   
                       "Total Cost": 517.82,                                                                                                                   
                       "Plan Rows": 1,                                                                                                                         
                       "Plan Width": 50,                                                                                                                       
                       "Actual Startup Time": 126670.759,                                                                                                      
                       "Actual Total Time": 126671.264,                                                                                                        
                       "Actual Rows": 149,                                                                                                                     
                       "Actual Loops": 1,                                                                                                                      
                       "Inner Unique": true,                                                                                                                   
                       "Join Filter": "(mi_idx.info_type_id = it.id)",                                                                                        
                       "Rows Removed by Join Filter": 76,                                                                                                      
                       "Shared Hit Blocks": 734941,                                                                                                            
                       "Shared Read Blocks": 54718,                                                                                                            
                       "Shared Dirtied Blocks": 0,                                                                                                             
                       "Shared Written Blocks": 0,                                                                                                             
                       "Local Hit Blocks": 0,                                                                                                                  
                       "Local Read Blocks": 0,                                                                                                                 
                       "Local Dirtied Blocks": 0,                                                                                                              
                       "Local Written Blocks": 0,                                                                                                              
                       "Temp Read Blocks": 0,                                                                                                                  
                       "Temp Written Blocks": 0,                                                                                                               
                       "Plans": [                                                                                                                              
                         {                                                                                                                                     
                           "Node Type": "Nested Loop",                                                                                                         
                           "Parent Relationship": "Outer",                                                                                                     
                           "Parallel Aware": false,                                                                                                            
                           "Join Type": "Inner",                                                                                                               
                           "Startup Cost": 0.11,                                                                                                               
                           "Total Cost": 517.77,                                                                                                               
                           "Plan Rows": 1,                                                                                                                     
                           "Plan Width": 54,                                                                                                                   
                           "Actual Startup Time": 126659.646,                                                                                                  
                           "Actual Total Time": 126659.980,                                                                                                    
                           "Actual Rows": 225,                                                                                                                 
                           "Actual Loops": 1,                                                                                                                  
                           "Inner Unique": false,                                                                                                              
                           "Join Filter": "(cc.status_id = cct.id)",                                                                                          
                           "Rows Removed by Join Filter": 1002,                                                                                                
                           "Shared Hit Blocks": 734941,                                                                                                        
                           "Shared Read Blocks": 54717,                                                                                                        
                           "Shared Dirtied Blocks": 0,                                                                                                         
                           "Shared Written Blocks": 0,                                                                                                         
                           "Local Hit Blocks": 0,                                                                                                              
                           "Local Read Blocks": 0,                                                                                                             
                           "Local Dirtied Blocks": 0,                                                                                                          
                           "Local Written Blocks": 0,                                                                                                          
                           "Temp Read Blocks": 0,                                                                                                              
                           "Temp Written Blocks": 0,                                                                                                           
                           "Plans": [                                                                                                                          
                             {                                                                                                                                 
                               "Node Type": "Seq Scan",                                                                                                        
                               "Parent Relationship": "Outer",                                                                                                 
                               "Parallel Aware": false,                                                                                                        
                               "Relation Name": "comp_cast_type",                                                                                              
                               "Alias": "cct",                                                                                                                
                               "Startup Cost": 0.00,                                                                                                           
                               "Total Cost": 0.03,                                                                                                             
                               "Plan Rows": 3,                                                                                                                 
                               "Plan Width": 4,                                                                                                                
                               "Actual Startup Time": 1.854,                                                                                                   
                               "Actual Total Time": 1.861,                                                                                                     
                               "Actual Rows": 3,                                                                                                               
                               "Actual Loops": 1,                                                                                                              
                               "Filter": "((kind)::text <> 'completeverified'::text)",                                                                        
                               "Rows Removed by Filter": 1,                                                                                                    
                               "Shared Hit Blocks": 0,                                                                                                         
                               "Shared Read Blocks": 1,                                                                                                        
                               "Shared Dirtied Blocks": 0,                                                                                                     
                               "Shared Written Blocks": 0,                                                                                                     
                               "Local Hit Blocks": 0,                                                                                                          
                               "Local Read Blocks": 0,                                                                                                         
                               "Local Dirtied Blocks": 0,                                                                                                      
                               "Local Written Blocks": 0,                                                                                                      
                               "Temp Read Blocks": 0,                                                                                                          
                               "Temp Written Blocks": 0                                                                                                        
                             },                                                                                                                                
                             {                                                                                                                                 
                               "Node Type": "Materialize",                                                                                                     
                               "Parent Relationship": "Inner",                                                                                                 
                               "Parallel Aware": false,                                                                                                        
                               "Startup Cost": 0.11,                                                                                                           
                               "Total Cost": 517.73,                                                                                                           
                               "Plan Rows": 1,                                                                                                                 
                               "Plan Width": 58,                                                                                                               
                               "Actual Startup Time": 8680.378,                                                                                                
                               "Actual Total Time": 42219.171,                                                                                                 
                               "Actual Rows": 409,                                                                                                             
                               "Actual Loops": 3,                                                                                                              
                               "Shared Hit Blocks": 734941,                                                                                                    
                               "Shared Read Blocks": 54716,                                                                                                    
                               "Shared Dirtied Blocks": 0,                                                                                                     
                               "Shared Written Blocks": 0,                                                                                                     
                               "Local Hit Blocks": 0,                                                                                                          
                               "Local Read Blocks": 0,                                                                                                         
                               "Local Dirtied Blocks": 0,                                                                                                      
                               "Local Written Blocks": 0,                                                                                                      
                               "Temp Read Blocks": 0,                                                                                                          
                               "Temp Written Blocks": 0,                                                                                                       
                               "Plans": [                                                                                                                      
                                 {                                                                                                                             
                                   "Node Type": "Nested Loop",                                                                                                 
                                   "Parent Relationship": "Outer",                                                                                             
                                   "Parallel Aware": false,                                                                                                    
                                   "Join Type": "Inner",                                                                                                       
                                   "Startup Cost": 0.11,                                                                                                       
                                   "Total Cost": 517.73,                                                                                                       
                                   "Plan Rows": 1,                                                                                                             
                                   "Plan Width": 58,                                                                                                           
                                   "Actual Startup Time": 26041.118,                                                                                           
                                   "Actual Total Time": 126656.915,                                                                                            
                                   "Actual Rows": 409,                                                                                                         
                                   "Actual Loops": 1,                                                                                                          
                                   "Inner Unique": false,                                                                                                      
                                   "Join Filter": "(kt.id = t.kind_id)",                                                                                       
                                   "Rows Removed by Join Filter": 465,                                                                                         
                                   "Shared Hit Blocks": 734941,                                                                                                
                                   "Shared Read Blocks": 54716,                                                                                                
                                   "Shared Dirtied Blocks": 0,                                                                                                 
                                   "Shared Written Blocks": 0,                                                                                                 
                                   "Local Hit Blocks": 0,                                                                                                      
                                   "Local Read Blocks": 0,                                                                                                     
                                   "Local Dirtied Blocks": 0,                                                                                                  
                                   "Local Written Blocks": 0,                                                                                                  
                                   "Temp Read Blocks": 0,                                                                                                      
                                   "Temp Written Blocks": 0,                                                                                                   
                                   "Plans": [                                                                                                                  
                                     {                                                                                                                         
                                       "Node Type": "Seq Scan",                                                                                                
                                       "Parent Relationship": "Outer",                                                                                         
                                       "Parallel Aware": false,                                                                                                
                                       "Relation Name": "kind_type",                                                                                           
                                       "Alias": "kt",                                                                                                          
                                       "Startup Cost": 0.00,                                                                                                   
                                       "Total Cost": 0.03,                                                                                                     
                                       "Plan Rows": 2,                                                                                                         
                                       "Plan Width": 4,                                                                                                        
                                       "Actual Startup Time": 7.663,                                                                                           
                                       "Actual Total Time": 7.673,                                                                                             
                                       "Actual Rows": 2,                                                                                                       
                                       "Actual Loops": 1,                                                                                                      
                                       "Filter": "((kind)::text = ANY ('{movie,episode}'::text[]))",                                                           
                                       "Rows Removed by Filter": 5,                                                                                            
                                       "Shared Hit Blocks": 0,                                                                                                 
                                       "Shared Read Blocks": 1,                                                                                                
                                       "Shared Dirtied Blocks": 0,                                                                                             
                                       "Shared Written Blocks": 0,                                                                                             
                                       "Local Hit Blocks": 0,                                                                                                  
                                       "Local Read Blocks": 0,                                                                                                 
                                       "Local Dirtied Blocks": 0,                                                                                              
                                       "Local Written Blocks": 0,                                                                                              
                                       "Temp Read Blocks": 0,                                                                                                  
                                       "Temp Written Blocks": 0                                                                                                
                                     },                                                                                                                        
                                     {                                                                                                                         
                                       "Node Type": "Materialize",                                                                                             
                                       "Parent Relationship": "Inner",                                                                                         
                                       "Parallel Aware": false,                                                                                                
                                       "Startup Cost": 0.11,                                                                                                   
                                       "Total Cost": 517.70,                                                                                                   
                                       "Plan Rows": 1,                                                                                                         
                                       "Plan Width": 62,                                                                                                       
                                       "Actual Startup Time": 1599.013,                                                                                        
                                       "Actual Total Time": 63324.330,                                                                                         
                                       "Actual Rows": 437,                                                                                                     
                                       "Actual Loops": 2,                                                                                                      
                                       "Shared Hit Blocks": 734941,                                                                                            
                                       "Shared Read Blocks": 54715,                                                                                            
                                       "Shared Dirtied Blocks": 0,                                                                                             
                                       "Shared Written Blocks": 0,                                                                                             
                                       "Local Hit Blocks": 0,                                                                                                  
                                       "Local Read Blocks": 0,                                                                                                 
                                       "Local Dirtied Blocks": 0,                                                                                              
                                       "Local Written Blocks": 0,                                                                                              
                                       "Temp Read Blocks": 0,                                                                                                  
                                       "Temp Written Blocks": 0,                                                                                               
                                       "Plans": [                                                                                                              
                                         {                                                                                                                     
                                           "Node Type": "Nested Loop",                                                                                         
                                           "Parent Relationship": "Outer",                                                                                     
                                           "Parallel Aware": false,                                                                                            
                                           "Join Type": "Inner",                                                                                               
                                           "Startup Cost": 0.11,                                                                                               
                                           "Total Cost": 517.70,                                                                                               
                                           "Plan Rows": 1,                                                                                                     
                                           "Plan Width": 62,                                                                                                   
                                           "Actual Startup Time": 3198.010,                                                                                    
                                           "Actual Total Time": 126647.931,                                                                                    
                                           "Actual Rows": 437,                                                                                                 
                                           "Actual Loops": 1,                                                                                                  
                                           "Inner Unique": true,                                                                                               
                                           "Join Filter": "(mi.movie_id = t.id)",                                                                              
                                           "Rows Removed by Join Filter": 0,                                                                                   
                                           "Shared Hit Blocks": 734941,                                                                                        
                                           "Shared Read Blocks": 54715,                                                                                        
                                           "Shared Dirtied Blocks": 0,                                                                                         
                                           "Shared Written Blocks": 0,                                                                                         
                                           "Local Hit Blocks": 0,                                                                                              
                                           "Local Read Blocks": 0,                                                                                             
                                           "Local Dirtied Blocks": 0,                                                                                          
                                           "Local Written Blocks": 0,                                                                                          
                                           "Temp Read Blocks": 0,                                                                                              
                                           "Temp Written Blocks": 0,                                                                                           
                                           "Plans": [                                                                                                          
                                             {                                                                                                                 
                                               "Node Type": "Nested Loop",                                                                                     
                                               "Parent Relationship": "Outer",                                                                                 
                                               "Parallel Aware": false,                                                                                        
                                               "Join Type": "Inner",                                                                                           
                                               "Startup Cost": 0.09,                                                                                           
                                               "Total Cost": 517.49,                                                                                           
                                               "Plan Rows": 1,                                                                                                 
                                               "Plan Width": 61,                                                                                               
                                               "Actual Startup Time": 3160.503,                                                                                
                                               "Actual Total Time": 120807.978,                                                                                
                                               "Actual Rows": 5522,                                                                                            
                                               "Actual Loops": 1,                                                                                              
                                               "Inner Unique": false,                                                                                          
                                               "Shared Hit Blocks": 713273,                                                                                    
                                               "Shared Read Blocks": 54281,                                                                                    
                                               "Shared Dirtied Blocks": 0,                                                                                     
                                               "Shared Written Blocks": 0,                                                                                     
                                               "Local Hit Blocks": 0,                                                                                          
                                               "Local Read Blocks": 0,                                                                                         
                                               "Local Dirtied Blocks": 0,                                                                                      
                                               "Local Written Blocks": 0,                                                                                      
                                               "Temp Read Blocks": 0,                                                                                          
                                               "Temp Written Blocks": 0,                                                                                       
                                               "Plans": [                                                                                                      
                                                 {                                                                                                             
                                                   "Node Type": "Nested Loop",                                                                                 
                                                   "Parent Relationship": "Outer",                                                                             
                                                   "Parallel Aware": false,                                                                                    
                                                   "Join Type": "Inner",                                                                                       
                                                   "Startup Cost": 0.08,                                                                                       
                                                   "Total Cost": 516.72,                                                                                       
                                                   "Plan Rows": 1,                                                                                             
                                                   "Plan Width": 53,                                                                                           
                                                   "Actual Startup Time": 390.995,                                                                             
                                                   "Actual Total Time": 45038.096,                                                                             
                                                   "Actual Rows": 16405,                                                                                       
                                                   "Actual Loops": 1,                                                                                          
                                                   "Inner Unique": true,                                                                                       
                                                   "Shared Hit Blocks": 244130,                                                                                
                                                   "Shared Read Blocks": 28534,                                                                                
                                                   "Shared Dirtied Blocks": 0,                                                                                 
                                                   "Shared Written Blocks": 0,                                                                                 
                                                   "Local Hit Blocks": 0,                                                                                      
                                                   "Local Read Blocks": 0,                                                                                     
                                                   "Local Dirtied Blocks": 0,                                                                                  
                                                   "Local Written Blocks": 0,                                                                                  
                                                   "Temp Read Blocks": 0,                                                                                      
                                                   "Temp Written Blocks": 0,                                                                                   
                                                   "Plans": [                                                                                                  
                                                     {                                                                                                         
                                                       "Node Type": "Nested Loop",                                                                             
                                                       "Parent Relationship": "Outer",                                                                         
                                                       "Parallel Aware": false,                                                                                
                                                       "Join Type": "Inner",                                                                                   
                                                       "Startup Cost": 0.07,                                                                                   
                                                       "Total Cost": 516.53,                                                                                   
                                                       "Plan Rows": 2,                                                                                         
                                                       "Plan Width": 38,                                                                                       
                                                       "Actual Startup Time": 350.153,                                                                         
                                                       "Actual Total Time": 39056.114,                                                                         
                                                       "Actual Rows": 17019,                                                                                   
                                                       "Actual Loops": 1,                                                                                      
                                                       "Inner Unique": false,                                                                                  
                                                       "Shared Hit Blocks": 176872,                                                                            
                                                       "Shared Read Blocks": 27656,                                                                            
                                                       "Shared Dirtied Blocks": 0,                                                                             
                                                       "Shared Written Blocks": 0,                                                                             
                                                       "Local Hit Blocks": 0,                                                                                  
                                                       "Local Read Blocks": 0,                                                                                 
                                                       "Local Dirtied Blocks": 0,                                                                              
                                                       "Local Written Blocks": 0,                                                                              
                                                       "Temp Read Blocks": 0,                                                                                  
                                                       "Temp Written Blocks": 0,                                                                               
                                                       "Plans": [                                                                                              
                                                         {                                                                                                     
                                                           "Node Type": "Nested Loop",                                                                         
                                                           "Parent Relationship": "Outer",                                                                     
                                                           "Parallel Aware": false,                                                                            
                                                           "Join Type": "Inner",                                                                               
                                                           "Startup Cost": 0.05,                                                                               
                                                           "Total Cost": 516.31,                                                                               
                                                           "Plan Rows": 7,                                                                                     
                                                           "Plan Width": 26,                                                                                   
                                                           "Actual Startup Time": 305.000,                                                                     
                                                           "Actual Total Time": 21442.866,                                                                     
                                                           "Actual Rows": 4161,                                                                                
                                                           "Actual Loops": 1,                                                                                  
                                                           "Inner Unique": false,                                                                              
                                                           "Shared Hit Blocks": 161169,                                                                        
                                                           "Shared Read Blocks": 21847,                                                                        
                                                           "Shared Dirtied Blocks": 0,                                                                         
                                                           "Shared Written Blocks": 0,                                                                         
                                                           "Local Hit Blocks": 0,                                                                              
                                                           "Local Read Blocks": 0,                                                                             
                                                           "Local Dirtied Blocks": 0,                                                                          
                                                           "Local Written Blocks": 0,                                                                          
                                                           "Temp Read Blocks": 0,                                                                              
                                                           "Temp Written Blocks": 0,                                                                           
                                                           "Plans": [                                                                                          
                                                             {                                                                                                 
                                                               "Node Type": "Nested Loop",                                                                     
                                                               "Parent Relationship": "Outer",                                                                 
                                                               "Parallel Aware": false,                                                                        
                                                               "Join Type": "Inner",                                                                           
                                                               "Startup Cost": 0.04,                                                                           
                                                               "Total Cost": 516.08,                                                                           
                                                               "Plan Rows": 10,                                                                                
                                                               "Plan Width": 12,                                                                               
                                                               "Actual Startup Time": 251.748,                                                                 
                                                               "Actual Total Time": 11372.389,                                                                 
                                                               "Actual Rows": 6216,                                                                            
                                                               "Actual Loops": 1,                                                                              
                                                               "Inner Unique": true,                                                                           
                                                               "Join Filter": "(cc.subject_id = cct.id)",                                                     
                                                               "Rows Removed by Join Filter": 13808,                                                           
                                                               "Shared Hit Blocks": 140537,                                                                    
                                                               "Shared Read Blocks": 17354,                                                                    
                                                               "Shared Dirtied Blocks": 0,                                                                     
                                                               "Shared Written Blocks": 0,                                                                     
                                                               "Local Hit Blocks": 0,                                                                          
                                                               "Local Read Blocks": 0,                                                                         
                                                               "Local Dirtied Blocks": 0,                                                                      
                                                               "Local Written Blocks": 0,                                                                      
                                                               "Temp Read Blocks": 0,                                                                          
                                                               "Temp Written Blocks": 0,                                                                       
                                                               "Plans": [                                                                                      
                                                                 {                                                                                             
                                                                   "Node Type": "Nested Loop",                                                                 
                                                                   "Parent Relationship": "Outer",                                                             
                                                                   "Parallel Aware": false,                                                                    
                                                                   "Join Type": "Inner",                                                                       
                                                                   "Startup Cost": 0.04,                                                                       
                                                                   "Total Cost": 516.04,                                                                       
                                                                   "Plan Rows": 41,                                                                            
                                                                   "Plan Width": 16,                                                                           
                                                                   "Actual Startup Time": 177.693,                                                             
                                                                   "Actual Total Time": 11338.926,                                                             
                                                                   "Actual Rows": 20024,                                                                       
                                                                   "Actual Loops": 1,                                                                          
                                                                   "Inner Unique": false,                                                                      
                                                                   "Shared Hit Blocks": 140536,                                                                
                                                                   "Shared Read Blocks": 17354,                                                                
                                                                   "Shared Dirtied Blocks": 0,                                                                 
                                                                   "Shared Written Blocks": 0,                                                                 
                                                                   "Local Hit Blocks": 0,                                                                      
                                                                   "Local Read Blocks": 0,                                                                     
                                                                   "Local Dirtied Blocks": 0,                                                                  
                                                                   "Local Written Blocks": 0,                                                                  
                                                                   "Temp Read Blocks": 0,                                                                      
                                                                   "Temp Written Blocks": 0,                                                                   
                                                                   "Plans": [                                                                                  
                                                                     {                                                                                         
                                                                       "Node Type": "Nested Loop",                                                             
                                                                       "Parent Relationship": "Outer",                                                         
                                                                       "Parallel Aware": false,                                                                
                                                                       "Join Type": "Inner",                                                                   
                                                                       "Startup Cost": 0.03,                                                                   
                                                                       "Total Cost": 514.14,                                                                   
                                                                       "Plan Rows": 135,                                                                       
                                                                       "Plan Width": 4,                                                                        
                                                                       "Actual Startup Time": 74.994,                                                          
                                                                       "Actual Total Time": 10014.069,                                                         
                                                                       "Actual Rows": 37091,                                                                   
                                                                       "Actual Loops": 1,                                                                      
                                                                       "Inner Unique": false,                                                                  
                                                                       "Shared Hit Blocks": 10141,                                                             
                                                                       "Shared Read Blocks": 16301,                                                            
                                                                       "Shared Dirtied Blocks": 0,                                                             
                                                                       "Shared Written Blocks": 0,                                                             
                                                                       "Local Hit Blocks": 0,                                                                  
                                                                       "Local Read Blocks": 0,                                                                 
                                                                       "Local Dirtied Blocks": 0,                                                              
                                                                       "Local Written Blocks": 0,                                                              
                                                                       "Temp Read Blocks": 0,                                                                  
                                                                       "Temp Written Blocks": 0,                                                               
                                                                       "Plans": [                                                                              
                                                                         {                                                                                     
                                                                           "Node Type": "Index Scan",                                                          
                                                                           "Parent Relationship": "Outer",                                                     
                                                                           "Parallel Aware": false,                                                            
                                                                           "Scan Direction": "Forward",                                                        
                                                                           "Index Name": "keyword_idx_keyword",                                                
                                                                           "Relation Name": "keyword",                                                         
                                                                           "Alias": "k",                                                                       
                                                                           "Startup Cost": 0.01,                                                               
                                                                           "Total Cost": 24.53,                                                                
                                                                           "Plan Rows": 4,                                                                     
                                                                           "Plan Width": 4,                                                                    
                                                                           "Actual Startup Time": 29.993,                                                      
                                                                           "Actual Total Time": 105.899,                                                       
                                                                           "Actual Rows": 3,                                                                   
                                                                           "Actual Loops": 1,                                                                  
                                                                           "Index Cond": "(keyword = ANY ('{murder,murder-in-title,blood,violence}'::text[]))",
                                                                           "Rows Removed by Index Recheck": 0,                                                 
                                                                           "Shared Hit Blocks": 8,                                                             
                                                                           "Shared Read Blocks": 10,                                                           
                                                                           "Shared Dirtied Blocks": 0,                                                         
                                                                           "Shared Written Blocks": 0,                                                         
                                                                           "Local Hit Blocks": 0,                                                              
                                                                           "Local Read Blocks": 0,                                                             
                                                                           "Local Dirtied Blocks": 0,                                                          
                                                                           "Local Written Blocks": 0,                                                          
                                                                           "Temp Read Blocks": 0,                                                              
                                                                           "Temp Written Blocks": 0                                                            
                                                                         },                                                                                    
                                                                         {                                                                                     
                                                                           "Node Type": "Index Scan",                                                          
                                                                           "Parent Relationship": "Inner",                                                     
                                                                           "Parallel Aware": false,                                                            
                                                                           "Scan Direction": "Forward",                                                        
                                                                           "Index Name": "keyword_id_movie_keyword",                                           
                                                                           "Relation Name": "movie_keyword",                                                   
                                                                           "Alias": "mk",                                                                      
                                                                           "Startup Cost": 0.01,                                                               
                                                                           "Total Cost": 122.40,                                                               
                                                                           "Plan Rows": 39,                                                                    
                                                                           "Plan Width": 8,                                                                    
                                                                           "Actual Startup Time": 36.157,                                                      
                                                                           "Actual Total Time": 3295.375,                                                      
                                                                           "Actual Rows": 12364,                                                               
                                                                           "Actual Loops": 3,                                                                  
                                                                           "Index Cond": "(keyword_id = k.id)",                                                
                                                                           "Rows Removed by Index Recheck": 0,                                                 
                                                                           "Shared Hit Blocks": 10133,                                                         
                                                                           "Shared Read Blocks": 16291,                                                        
                                                                           "Shared Dirtied Blocks": 0,                                                         
                                                                           "Shared Written Blocks": 0,                                                         
                                                                           "Local Hit Blocks": 0,                                                              
                                                                           "Local Read Blocks": 0,                                                             
                                                                           "Local Dirtied Blocks": 0,                                                          
                                                                           "Local Written Blocks": 0,                                                          
                                                                           "Temp Read Blocks": 0,                                                              
                                                                           "Temp Written Blocks": 0                                                            
                                                                         }                                                                                     
                                                                       ]                                                                                       
                                                                     },                                                                                        
                                                                     {                                                                                         
                                                                       "Node Type": "Index Scan",                                                              
                                                                       "Parent Relationship": "Inner",                                                         
                                                                       "Parallel Aware": false,                                                                
                                                                       "Scan Direction": "Forward",                                                            
                                                                       "Index Name": "movie_id_complete_cast",                                                 
                                                                       "Relation Name": "complete_cast",                                                       
                                                                       "Alias": "cc",                                                                          
                                                                       "Startup Cost": 0.01,                                                                   
                                                                       "Total Cost": 0.01,                                                                     
                                                                       "Plan Rows": 1,                                                                         
                                                                       "Plan Width": 12,                                                                       
                                                                       "Actual Startup Time": 0.028,                                                           
                                                                       "Actual Total Time": 0.034,                                                             
                                                                       "Actual Rows": 1,                                                                       
                                                                       "Actual Loops": 37091,                                                                  
                                                                       "Index Cond": "(movie_id = mk.movie_id)",                                               
                                                                       "Rows Removed by Index Recheck": 0,                                                     
                                                                       "Shared Hit Blocks": 130395,                                                            
                                                                       "Shared Read Blocks": 1053,                                                             
                                                                       "Shared Dirtied Blocks": 0,                                                             
                                                                       "Shared Written Blocks": 0,                                                             
                                                                       "Local Hit Blocks": 0,                                                                  
                                                                       "Local Read Blocks": 0,                                                                 
                                                                       "Local Dirtied Blocks": 0,                                                              
                                                                       "Local Written Blocks": 0,                                                              
                                                                       "Temp Read Blocks": 0,                                                                  
                                                                       "Temp Written Blocks": 0                                                                
                                                                     }                                                                                         
                                                                   ]                                                                                           
                                                                 },                                                                                            
                                                                 {                                                                                             
                                                                   "Node Type": "Materialize",                                                                 
                                                                   "Parent Relationship": "Inner",                                                             
                                                                   "Parallel Aware": false,                                                                    
                                                                   "Startup Cost": 0.00,                                                                       
                                                                   "Total Cost": 0.03,                                                                         
                                                                   "Plan Rows": 1,                                                                             
                                                                   "Plan Width": 4,                                                                            
                                                                   "Actual Startup Time": 0.000,                                                               
                                                                   "Actual Total Time": 0.000,                                                                 
                                                                   "Actual Rows": 1,                                                                           
                                                                   "Actual Loops": 20024,                                                                      
                                                                   "Shared Hit Blocks": 1,                                                                     
                                                                   "Shared Read Blocks": 0,                                                                    
                                                                   "Shared Dirtied Blocks": 0,                                                                 
                                                                   "Shared Written Blocks": 0,                                                                 
                                                                   "Local Hit Blocks": 0,                                                                      
                                                                   "Local Read Blocks": 0,                                                                     
                                                                   "Local Dirtied Blocks": 0,                                                                  
                                                                   "Local Written Blocks": 0,                                                                  
                                                                   "Temp Read Blocks": 0,                                                                      
                                                                   "Temp Written Blocks": 0,                                                                   
                                                                   "Plans": [                                                                                  
                                                                     {                                                                                         
                                                                       "Node Type": "Seq Scan",                                                                
                                                                       "Parent Relationship": "Outer",                                                         
                                                                       "Parallel Aware": false,                                                                
                                                                       "Relation Name": "comp_cast_type",                                                      
                                                                       "Alias": "cct",                                                                        
                                                                       "Startup Cost": 0.00,                                                                   
                                                                       "Total Cost": 0.03,                                                                     
                                                                       "Plan Rows": 1,                                                                         
                                                                       "Plan Width": 4,                                                                        
                                                                       "Actual Startup Time": 0.016,                                                           
                                                                       "Actual Total Time": 0.019,                                                             
                                                                       "Actual Rows": 1,                                                                       
                                                                       "Actual Loops": 1,                                                                      
                                                                       "Filter": "((kind)::text = 'crew'::text)",                                              
                                                                       "Rows Removed by Filter": 3,                                                            
                                                                       "Shared Hit Blocks": 1,                                                                 
                                                                       "Shared Read Blocks": 0,                                                                
                                                                       "Shared Dirtied Blocks": 0,                                                             
                                                                       "Shared Written Blocks": 0,                                                             
                                                                       "Local Hit Blocks": 0,                                                                  
                                                                       "Local Read Blocks": 0,                                                                 
                                                                       "Local Dirtied Blocks": 0,                                                              
                                                                       "Local Written Blocks": 0,                                                              
                                                                       "Temp Read Blocks": 0,                                                                  
                                                                       "Temp Written Blocks": 0                                                                
                                                                     }                                                                                         
                                                                   ]                                                                                           
                                                                 }                                                                                             
                                                               ]                                                                                               
                                                             },                                                                                                
                                                             {                                                                                                 
                                                               "Node Type": "Index Scan",                                                                      
                                                               "Parent Relationship": "Inner",                                                                 
                                                               "Parallel Aware": false,                                                                        
                                                               "Scan Direction": "Forward",                                                                    
                                                               "Index Name": "movie_id_movie_info_idx",                                                        
                                                               "Relation Name": "movie_info_idx",                                                              
                                                               "Alias": "mi_idx",                                                                              
                                                               "Startup Cost": 0.01,                                                                           
                                                               "Total Cost": 0.02,                                                                             
                                                               "Plan Rows": 1,                                                                                 
                                                               "Plan Width": 14,                                                                               
                                                               "Actual Startup Time": 1.607,                                                                   
                                                               "Actual Total Time": 1.618,                                                                     
                                                               "Actual Rows": 1,                                                                               
                                                               "Actual Loops": 6216,                                                                           
                                                               "Index Cond": "(movie_id = mk.movie_id)",                                                       
                                                               "Rows Removed by Index Recheck": 0,                                                             
                                                               "Filter": "(info > '6.5'::text)",                                                               
                                                               "Rows Removed by Filter": 2,                                                                    
                                                               "Shared Hit Blocks": 20632,                                                                     
                                                               "Shared Read Blocks": 4493,                                                                     
                                                               "Shared Dirtied Blocks": 0,                                                                     
                                                               "Shared Written Blocks": 0,                                                                     
                                                               "Local Hit Blocks": 0,                                                                          
                                                               "Local Read Blocks": 0,                                                                         
                                                               "Local Dirtied Blocks": 0,                                                                      
                                                               "Local Written Blocks": 0,                                                                      
                                                               "Temp Read Blocks": 0,                                                                          
                                                               "Temp Written Blocks": 0                                                                        
                                                             }                                                                                                 
                                                           ]                                                                                                   
                                                         },                                                                                                    
                                                         {                                                                                                     
                                                           "Node Type": "Index Scan",                                                                          
                                                           "Parent Relationship": "Inner",                                                                     
                                                           "Parallel Aware": false,                                                                            
                                                           "Scan Direction": "Forward",                                                                        
                                                           "Index Name": "movie_id_movie_companies",                                                           
                                                           "Relation Name": "movie_companies",                                                                 
                                                           "Alias": "mc",                                                                                      
                                                           "Startup Cost": 0.01,                                                                               
                                                           "Total Cost": 0.03,                                                                                 
                                                           "Plan Rows": 1,                                                                                     
                                                           "Plan Width": 12,                                                                                   
                                                           "Actual Startup Time": 3.486,                                                                       
                                                           "Actual Total Time": 4.228,                                                                         
                                                           "Actual Rows": 4,                                                                                   
                                                           "Actual Loops": 4161,                                                                               
                                                           "Index Cond": "(movie_id = mk.movie_id)",                                                           
                                                           "Rows Removed by Index Recheck": 0,                                                                 
                                                           "Filter": "((note !~~ '%(USA)%'::text) AND (note ~~ '%(200%)%'::text))",                            
                                                           "Rows Removed by Filter": 12,                                                                       
                                                           "Shared Hit Blocks": 15703,                                                                         
                                                           "Shared Read Blocks": 5809,                                                                         
                                                           "Shared Dirtied Blocks": 0,                                                                         
                                                           "Shared Written Blocks": 0,                                                                         
                                                           "Local Hit Blocks": 0,                                                                              
                                                           "Local Read Blocks": 0,                                                                             
                                                           "Local Dirtied Blocks": 0,                                                                          
                                                           "Local Written Blocks": 0,                                                                          
                                                           "Temp Read Blocks": 0,                                                                              
                                                           "Temp Written Blocks": 0                                                                            
                                                         }                                                                                                     
                                                       ]                                                                                                       
                                                     },                                                                                                        
                                                     {                                                                                                         
                                                       "Node Type": "Index Scan",                                                                              
                                                       "Parent Relationship": "Inner",                                                                         
                                                       "Parallel Aware": false,                                                                                
                                                       "Scan Direction": "Forward",                                                                            
                                                       "Index Name": "company_name_pkey",                                                                      
                                                       "Relation Name": "company_name",                                                                        
                                                       "Alias": "cn",                                                                                          
                                                       "Startup Cost": 0.01,                                                                                   
                                                       "Total Cost": 0.10,                                                                                     
                                                       "Plan Rows": 1,                                                                                         
                                                       "Plan Width": 23,                                                                                       
                                                       "Actual Startup Time": 0.349,                                                                           
                                                       "Actual Total Time": 0.349,                                                                             
                                                       "Actual Rows": 1,                                                                                       
                                                       "Actual Loops": 17019,                                                                                  
                                                       "Index Cond": "(id = mc.company_id)",                                                                   
                                                       "Rows Removed by Index Recheck": 0,                                                                     
                                                       "Filter": "((country_code)::text <> '[us]'::text)",                                                     
                                                       "Rows Removed by Filter": 0,                                                                            
                                                       "Shared Hit Blocks": 67258,                                                                             
                                                       "Shared Read Blocks": 878,                                                                              
                                                       "Shared Dirtied Blocks": 0,                                                                             
                                                       "Shared Written Blocks": 0,                                                                             
                                                       "Local Hit Blocks": 0,                                                                                  
                                                       "Local Read Blocks": 0,                                                                                 
                                                       "Local Dirtied Blocks": 0,                                                                              
                                                       "Local Written Blocks": 0,                                                                              
                                                       "Temp Read Blocks": 0,                                                                                  
                                                       "Temp Written Blocks": 0                                                                                
                                                     }                                                                                                         
                                                   ]                                                                                                           
                                                 },                                                                                                            
                                                 {                                                                                                             
                                                   "Node Type": "Index Scan",                                                                                  
                                                   "Parent Relationship": "Inner",                                                                             
                                                   "Parallel Aware": false,                                                                                    
                                                   "Scan Direction": "Forward",                                                                                
                                                   "Index Name": "movie_id_movie_info",                                                                        
                                                   "Relation Name": "movie_info",                                                                              
                                                   "Alias": "mi",                                                                                              
                                                   "Startup Cost": 0.01,                                                                                       
                                                   "Total Cost": 0.15,                                                                                         
                                                   "Plan Rows": 1,                                                                                             
                                                   "Plan Width": 8,                                                                                            
                                                   "Actual Startup Time": 4.216,                                                                               
                                                   "Actual Total Time": 4.617,                                                                                 
                                                   "Actual Rows": 0,                                                                                           
                                                   "Actual Loops": 16405,                                                                                      
                                                   "Index Cond": "(movie_id = mk.movie_id)",                                                                   
                                                   "Rows Removed by Index Recheck": 0,                                                                         
                                                   "Filter": "(info = ANY ('{Sweden,Germany,Swedish,German}'::text[]))",                                       
                                                   "Rows Removed by Filter": 285,                                                                              
                                                   "Shared Hit Blocks": 469143,                                                                                
                                                   "Shared Read Blocks": 25747,                                                                                
                                                   "Shared Dirtied Blocks": 0,                                                                                 
                                                   "Shared Written Blocks": 0,                                                                                 
                                                   "Local Hit Blocks": 0,                                                                                      
                                                   "Local Read Blocks": 0,                                                                                     
                                                   "Local Dirtied Blocks": 0,                                                                                  
                                                   "Local Written Blocks": 0,                                                                                  
                                                   "Temp Read Blocks": 0,                                                                                      
                                                   "Temp Written Blocks": 0                                                                                    
                                                 }                                                                                                             
                                               ]                                                                                                               
                                             },                                                                                                                
                                             {                                                                                                                 
                                               "Node Type": "Index Scan",                                                                                      
                                               "Parent Relationship": "Inner",                                                                                 
                                               "Parallel Aware": false,                                                                                        
                                               "Scan Direction": "Forward",                                                                                    
                                               "Index Name": "title_idx_id",                                                                                   
                                               "Relation Name": "title",                                                                                       
                                               "Alias": "t",                                                                                                   
                                               "Startup Cost": 0.01,                                                                                           
                                               "Total Cost": 0.04,                                                                                             
                                               "Plan Rows": 1,                                                                                                 
                                               "Plan Width": 25,                                                                                               
                                               "Actual Startup Time": 1.056,                                                                                   
                                               "Actual Total Time": 1.056,                                                                                     
                                               "Actual Rows": 0,                                                                                               
                                               "Actual Loops": 5522,                                                                                           
                                               "Index Cond": "(id = mk.movie_id)",                                                                             
                                               "Rows Removed by Index Recheck": 0,                                                                             
                                               "Filter": "(production_year > 2005)",                                                                           
                                               "Rows Removed by Filter": 1,                                                                                    
                                               "Shared Hit Blocks": 21668,                                                                                     
                                               "Shared Read Blocks": 434,                                                                                      
                                               "Shared Dirtied Blocks": 0,                                                                                     
                                               "Shared Written Blocks": 0,                                                                                     
                                               "Local Hit Blocks": 0,                                                                                          
                                               "Local Read Blocks": 0,                                                                                         
                                               "Local Dirtied Blocks": 0,                                                                                      
                                               "Local Written Blocks": 0,                                                                                      
                                               "Temp Read Blocks": 0,                                                                                          
                                               "Temp Written Blocks": 0                                                                                        
                                             }                                                                                                                 
                                           ]                                                                                                                   
                                         }                                                                                                                     
                                       ]                                                                                                                       
                                     }                                                                                                                         
                                   ]                                                                                                                           
                                 }                                                                                                                             
                               ]                                                                                                                               
                             }                                                                                                                                 
                           ]                                                                                                                                   
                         },                                                                                                                                    
                         {                                                                                                                                     
                           "Node Type": "Materialize",                                                                                                         
                           "Parent Relationship": "Inner",                                                                                                     
                           "Parallel Aware": false,                                                                                                            
                           "Startup Cost": 0.00,                                                                                                               
                           "Total Cost": 0.05,                                                                                                                 
                           "Plan Rows": 1,                                                                                                                     
                           "Plan Width": 4,                                                                                                                    
                           "Actual Startup Time": 0.049,                                                                                                       
                           "Actual Total Time": 0.049,                                                                                                         
                           "Actual Rows": 1,                                                                                                                   
                           "Actual Loops": 225,                                                                                                                
                           "Shared Hit Blocks": 0,                                                                                                             
                           "Shared Read Blocks": 1,                                                                                                            
                           "Shared Dirtied Blocks": 0,                                                                                                         
                           "Shared Written Blocks": 0,                                                                                                         
                           "Local Hit Blocks": 0,                                                                                                              
                           "Local Read Blocks": 0,                                                                                                             
                           "Local Dirtied Blocks": 0,                                                                                                          
                           "Local Written Blocks": 0,                                                                                                          
                           "Temp Read Blocks": 0,                                                                                                              
                           "Temp Written Blocks": 0,                                                                                                           
                           "Plans": [                                                                                                                          
                             {                                                                                                                                 
                               "Node Type": "Seq Scan",                                                                                                        
                               "Parent Relationship": "Outer",                                                                                                 
                               "Parallel Aware": false,                                                                                                        
                               "Relation Name": "info_type",                                                                                                   
                               "Alias": "it",                                                                                                                 
                               "Startup Cost": 0.00,                                                                                                           
                               "Total Cost": 0.05,                                                                                                             
                               "Plan Rows": 1,                                                                                                                 
                               "Plan Width": 4,                                                                                                                
                               "Actual Startup Time": 10.992,                                                                                                  
                               "Actual Total Time": 10.999,                                                                                                    
                               "Actual Rows": 1,                                                                                                               
                               "Actual Loops": 1,                                                                                                              
                               "Filter": "((info)::text = 'rating'::text)",                                                                                    
                               "Rows Removed by Filter": 112,                                                                                                  
                               "Shared Hit Blocks": 0,                                                                                                         
                               "Shared Read Blocks": 1,                                                                                                        
                               "Shared Dirtied Blocks": 0,                                                                                                     
                               "Shared Written Blocks": 0,                                                                                                     
                               "Local Hit Blocks": 0,                                                                                                          
                               "Local Read Blocks": 0,                                                                                                         
                               "Local Dirtied Blocks": 0,                                                                                                      
                               "Local Written Blocks": 0,                                                                                                      
                               "Temp Read Blocks": 0,                                                                                                          
                               "Temp Written Blocks": 0                                                                                                        
                             }                                                                                                                                 
                           ]                                                                                                                                   
                         }                                                                                                                                     
                       ]                                                                                                                                       
                     },                                                                                                                                        
                     {                                                                                                                                         
                       "Node Type": "Materialize",                                                                                                             
                       "Parent Relationship": "Inner",                                                                                                         
                       "Parallel Aware": false,                                                                                                                
                       "Startup Cost": 0.00,                                                                                                                   
                       "Total Cost": 0.05,                                                                                                                     
                       "Plan Rows": 1,                                                                                                                         
                       "Plan Width": 4,                                                                                                                        
                       "Actual Startup Time": 0.000,                                                                                                           
                       "Actual Total Time": 0.001,                                                                                                             
                       "Actual Rows": 1,                                                                                                                       
                       "Actual Loops": 149,                                                                                                                    
                       "Shared Hit Blocks": 1,                                                                                                                 
                       "Shared Read Blocks": 0,                                                                                                                
                       "Shared Dirtied Blocks": 0,                                                                                                             
                       "Shared Written Blocks": 0,                                                                                                             
                       "Local Hit Blocks": 0,                                                                                                                  
                       "Local Read Blocks": 0,                                                                                                                 
                       "Local Dirtied Blocks": 0,                                                                                                              
                       "Local Written Blocks": 0,                                                                                                              
                       "Temp Read Blocks": 0,                                                                                                                  
                       "Temp Written Blocks": 0,                                                                                                               
                       "Plans": [                                                                                                                              
                         {                                                                                                                                     
                           "Node Type": "Seq Scan",                                                                                                            
                           "Parent Relationship": "Outer",                                                                                                     
                           "Parallel Aware": false,                                                                                                            
                           "Relation Name": "info_type",                                                                                                       
                           "Alias": "it",                                                                                                                     
                           "Startup Cost": 0.00,                                                                                                               
                           "Total Cost": 0.05,                                                                                                                 
                           "Plan Rows": 1,                                                                                                                     
                           "Plan Width": 4,                                                                                                                    
                           "Actual Startup Time": 0.021,                                                                                                       
                           "Actual Total Time": 0.058,                                                                                                         
                           "Actual Rows": 1,                                                                                                                   
                           "Actual Loops": 1,                                                                                                                  
                           "Filter": "((info)::text = 'countries'::text)",                                                                                     
                           "Rows Removed by Filter": 112,                                                                                                      
                           "Shared Hit Blocks": 1,                                                                                                             
                           "Shared Read Blocks": 0,                                                                                                            
                           "Shared Dirtied Blocks": 0,                                                                                                         
                           "Shared Written Blocks": 0,                                                                                                         
                           "Local Hit Blocks": 0,                                                                                                              
                           "Local Read Blocks": 0,                                                                                                             
                           "Local Dirtied Blocks": 0,                                                                                                          
                           "Local Written Blocks": 0,                                                                                                          
                           "Temp Read Blocks": 0,                                                                                                              
                           "Temp Written Blocks": 0                                                                                                            
                         }                                                                                                                                     
                       ]                                                                                                                                       
                     }                                                                                                                                         
                   ]                                                                                                                                           
                 }                                                                                                                                             
               ]                                                                                                                                               
             }                                                                                                                                                 
           ]                                                                                                                                                   
         }                                                                                                                                                     
       ]                                                                                                                                                       
     },                                                                                                                                                        
     "Planning Time": 14174.782,                                                                                                                               
     "Triggers": [                                                                                                                                             
     ],                                                                                                                                                        
     "Execution Time": 126708.689                                                                                                                              
   }                                                                                                                                                           
 ]
