 [                                                                                                                                                                          
   {                                                                                                                                                                        
     "Plan": {                                                                                                                                                              
       "Node Type": "Aggregate",                                                                                                                                            
       "Strategy": "Plain",                                                                                                                                                 
       "Partial Mode": "Simple",                                                                                                                                            
       "Parallel Aware": false,                                                                                                                                             
       "Startup Cost": 42.10,                                                                                                                                               
       "Total Cost": 42.10,                                                                                                                                                 
       "Plan Rows": 1,                                                                                                                                                      
       "Plan Width": 96,                                                                                                                                                    
       "Actual Startup Time": 4702.978,                                                                                                                                     
       "Actual Total Time": 4702.979,                                                                                                                                       
       "Actual Rows": 1,                                                                                                                                                    
       "Actual Loops": 1,                                                                                                                                                   
       "Shared Hit Blocks": 1677177,                                                                                                                                        
       "Shared Read Blocks": 615,                                                                                                                                           
       "Shared Dirtied Blocks": 0,                                                                                                                                          
       "Shared Written Blocks": 0,                                                                                                                                          
       "Local Hit Blocks": 0,                                                                                                                                               
       "Local Read Blocks": 0,                                                                                                                                              
       "Local Dirtied Blocks": 0,                                                                                                                                           
       "Local Written Blocks": 0,                                                                                                                                           
       "Temp Read Blocks": 0,                                                                                                                                               
       "Temp Written Blocks": 0,                                                                                                                                            
       "Plans": [                                                                                                                                                           
         {                                                                                                                                                                  
           "Node Type": "Nested Loop",                                                                                                                                      
           "Parent Relationship": "Outer",                                                                                                                                  
           "Parallel Aware": false,                                                                                                                                         
           "Join Type": "Inner",                                                                                                                                            
           "Startup Cost": 0.16,                                                                                                                                            
           "Total Cost": 42.10,                                                                                                                                             
           "Plan Rows": 1,                                                                                                                                                  
           "Plan Width": 48,                                                                                                                                                
           "Actual Startup Time": 2959.974,                                                                                                                                 
           "Actual Total Time": 4702.921,                                                                                                                                   
           "Actual Rows": 15,                                                                                                                                               
           "Actual Loops": 1,                                                                                                                                               
           "Inner Unique": true,                                                                                                                                            
           "Join Filter": "(pi.info_type_id = it3.id)",                                                                                                                     
           "Rows Removed by Join Filter": 2430,                                                                                                                             
           "Shared Hit Blocks": 1677177,                                                                                                                                    
           "Shared Read Blocks": 615,                                                                                                                                       
           "Shared Dirtied Blocks": 0,                                                                                                                                      
           "Shared Written Blocks": 0,                                                                                                                                      
           "Local Hit Blocks": 0,                                                                                                                                           
           "Local Read Blocks": 0,                                                                                                                                          
           "Local Dirtied Blocks": 0,                                                                                                                                       
           "Local Written Blocks": 0,                                                                                                                                       
           "Temp Read Blocks": 0,                                                                                                                                           
           "Temp Written Blocks": 0,                                                                                                                                        
           "Plans": [                                                                                                                                                       
             {                                                                                                                                                              
               "Node Type": "Nested Loop",                                                                                                                                  
               "Parent Relationship": "Outer",                                                                                                                              
               "Parallel Aware": false,                                                                                                                                     
               "Join Type": "Inner",                                                                                                                                        
               "Startup Cost": 0.16,                                                                                                                                        
               "Total Cost": 42.05,                                                                                                                                         
               "Plan Rows": 1,                                                                                                                                              
               "Plan Width": 52,                                                                                                                                            
               "Actual Startup Time": 2660.836,                                                                                                                             
               "Actual Total Time": 4701.334,                                                                                                                               
               "Actual Rows": 2445,                                                                                                                                         
               "Actual Loops": 1,                                                                                                                                           
               "Inner Unique": true,                                                                                                                                        
               "Join Filter": "(cc.status_id = cct.id)",                                                                                                                   
               "Rows Removed by Join Filter": 0,                                                                                                                            
               "Shared Hit Blocks": 1677176,                                                                                                                                
               "Shared Read Blocks": 615,                                                                                                                                   
               "Shared Dirtied Blocks": 0,                                                                                                                                  
               "Shared Written Blocks": 0,                                                                                                                                  
               "Local Hit Blocks": 0,                                                                                                                                       
               "Local Read Blocks": 0,                                                                                                                                      
               "Local Dirtied Blocks": 0,                                                                                                                                   
               "Local Written Blocks": 0,                                                                                                                                   
               "Temp Read Blocks": 0,                                                                                                                                       
               "Temp Written Blocks": 0,                                                                                                                                    
               "Plans": [                                                                                                                                                   
                 {                                                                                                                                                          
                   "Node Type": "Nested Loop",                                                                                                                              
                   "Parent Relationship": "Outer",                                                                                                                          
                   "Parallel Aware": false,                                                                                                                                 
                   "Join Type": "Inner",                                                                                                                                    
                   "Startup Cost": 0.16,                                                                                                                                    
                   "Total Cost": 42.01,                                                                                                                                     
                   "Plan Rows": 1,                                                                                                                                          
                   "Plan Width": 56,                                                                                                                                        
                   "Actual Startup Time": 2660.794,                                                                                                                         
                   "Actual Total Time": 4699.759,                                                                                                                           
                   "Actual Rows": 2445,                                                                                                                                     
                   "Actual Loops": 1,                                                                                                                                       
                   "Inner Unique": true,                                                                                                                                    
                   "Shared Hit Blocks": 1677175,                                                                                                                            
                   "Shared Read Blocks": 615,                                                                                                                               
                   "Shared Dirtied Blocks": 0,                                                                                                                              
                   "Shared Written Blocks": 0,                                                                                                                              
                   "Local Hit Blocks": 0,                                                                                                                                   
                   "Local Read Blocks": 0,                                                                                                                                  
                   "Local Dirtied Blocks": 0,                                                                                                                               
                   "Local Written Blocks": 0,                                                                                                                               
                   "Temp Read Blocks": 0,                                                                                                                                   
                   "Temp Written Blocks": 0,                                                                                                                                
                   "Plans": [                                                                                                                                               
                     {                                                                                                                                                      
                       "Node Type": "Nested Loop",                                                                                                                          
                       "Parent Relationship": "Outer",                                                                                                                      
                       "Parallel Aware": false,                                                                                                                             
                       "Join Type": "Inner",                                                                                                                                
                       "Startup Cost": 0.15,                                                                                                                                
                       "Total Cost": 41.92,                                                                                                                                 
                       "Plan Rows": 1,                                                                                                                                      
                       "Plan Width": 60,                                                                                                                                    
                       "Actual Startup Time": 2610.159,                                                                                                                     
                       "Actual Total Time": 4343.892,                                                                                                                       
                       "Actual Rows": 10758,                                                                                                                                
                       "Actual Loops": 1,                                                                                                                                   
                       "Inner Unique": false,                                                                                                                               
                       "Join Filter": "(t.id = mc.movie_id)",                                                                                                               
                       "Rows Removed by Join Filter": 0,                                                                                                                    
                       "Shared Hit Blocks": 1634180,                                                                                                                        
                       "Shared Read Blocks": 578,                                                                                                                           
                       "Shared Dirtied Blocks": 0,                                                                                                                          
                       "Shared Written Blocks": 0,                                                                                                                          
                       "Local Hit Blocks": 0,                                                                                                                               
                       "Local Read Blocks": 0,                                                                                                                              
                       "Local Dirtied Blocks": 0,                                                                                                                           
                       "Local Written Blocks": 0,                                                                                                                           
                       "Temp Read Blocks": 0,                                                                                                                               
                       "Temp Written Blocks": 0,                                                                                                                            
                       "Plans": [                                                                                                                                           
                         {                                                                                                                                                  
                           "Node Type": "Nested Loop",                                                                                                                      
                           "Parent Relationship": "Outer",                                                                                                                  
                           "Parallel Aware": false,                                                                                                                         
                           "Join Type": "Inner",                                                                                                                            
                           "Startup Cost": 0.14,                                                                                                                            
                           "Total Cost": 41.77,                                                                                                                             
                           "Plan Rows": 1,                                                                                                                                  
                           "Plan Width": 76,                                                                                                                                
                           "Actual Startup Time": 2559.274,                                                                                                                 
                           "Actual Total Time": 4273.566,                                                                                                                   
                           "Actual Rows": 489,                                                                                                                              
                           "Actual Loops": 1,                                                                                                                               
                           "Inner Unique": true,                                                                                                                            
                           "Shared Hit Blocks": 1631740,                                                                                                                    
                           "Shared Read Blocks": 573,                                                                                                                       
                           "Shared Dirtied Blocks": 0,                                                                                                                      
                           "Shared Written Blocks": 0,                                                                                                                      
                           "Local Hit Blocks": 0,                                                                                                                           
                           "Local Read Blocks": 0,                                                                                                                          
                           "Local Dirtied Blocks": 0,                                                                                                                       
                           "Local Written Blocks": 0,                                                                                                                       
                           "Temp Read Blocks": 0,                                                                                                                           
                           "Temp Written Blocks": 0,                                                                                                                        
                           "Plans": [                                                                                                                                       
                             {                                                                                                                                              
                               "Node Type": "Nested Loop",                                                                                                                  
                               "Parent Relationship": "Outer",                                                                                                              
                               "Parallel Aware": false,                                                                                                                     
                               "Join Type": "Inner",                                                                                                                        
                               "Startup Cost": 0.12,                                                                                                                        
                               "Total Cost": 41.69,                                                                                                                         
                               "Plan Rows": 1,                                                                                                                              
                               "Plan Width": 80,                                                                                                                            
                               "Actual Startup Time": 821.811,                                                                                                              
                               "Actual Total Time": 3998.177,                                                                                                               
                               "Actual Rows": 52812,                                                                                                                        
                               "Actual Loops": 1,                                                                                                                           
                               "Inner Unique": true,                                                                                                                        
                               "Shared Hit Blocks": 1420622,                                                                                                                
                               "Shared Read Blocks": 443,                                                                                                                   
                               "Shared Dirtied Blocks": 0,                                                                                                                  
                               "Shared Written Blocks": 0,                                                                                                                  
                               "Local Hit Blocks": 0,                                                                                                                       
                               "Local Read Blocks": 0,                                                                                                                      
                               "Local Dirtied Blocks": 0,                                                                                                                   
                               "Local Written Blocks": 0,                                                                                                                   
                               "Temp Read Blocks": 0,                                                                                                                       
                               "Temp Written Blocks": 0,                                                                                                                    
                               "Plans": [                                                                                                                                   
                                 {                                                                                                                                          
                                   "Node Type": "Nested Loop",                                                                                                              
                                   "Parent Relationship": "Outer",                                                                                                          
                                   "Parallel Aware": false,                                                                                                                 
                                   "Join Type": "Inner",                                                                                                                    
                                   "Startup Cost": 0.11,                                                                                                                    
                                   "Total Cost": 40.58,                                                                                                                     
                                   "Plan Rows": 1,                                                                                                                          
                                   "Plan Width": 68,                                                                                                                        
                                   "Actual Startup Time": 782.842,                                                                                                          
                                   "Actual Total Time": 3788.862,                                                                                                           
                                   "Actual Rows": 52812,                                                                                                                    
                                   "Actual Loops": 1,                                                                                                                       
                                   "Inner Unique": false,                                                                                                                   
                                   "Join Filter": "(cct.id = cc.subject_id)",                                                                                              
                                   "Rows Removed by Join Filter": 0,                                                                                                        
                                   "Shared Hit Blocks": 1209378,                                                                                                            
                                   "Shared Read Blocks": 439,                                                                                                               
                                   "Shared Dirtied Blocks": 0,                                                                                                              
                                   "Shared Written Blocks": 0,                                                                                                              
                                   "Local Hit Blocks": 0,                                                                                                                   
                                   "Local Read Blocks": 0,                                                                                                                  
                                   "Local Dirtied Blocks": 0,                                                                                                               
                                   "Local Written Blocks": 0,                                                                                                               
                                   "Temp Read Blocks": 0,                                                                                                                   
                                   "Temp Written Blocks": 0,                                                                                                                
                                   "Plans": [                                                                                                                               
                                     {                                                                                                                                      
                                       "Node Type": "Seq Scan",                                                                                                             
                                       "Parent Relationship": "Outer",                                                                                                      
                                       "Parallel Aware": false,                                                                                                             
                                       "Relation Name": "comp_cast_type",                                                                                                   
                                       "Alias": "cct",                                                                                                                     
                                       "Startup Cost": 0.00,                                                                                                                
                                       "Total Cost": 0.03,                                                                                                                  
                                       "Plan Rows": 1,                                                                                                                      
                                       "Plan Width": 4,                                                                                                                     
                                       "Actual Startup Time": 0.141,                                                                                                        
                                       "Actual Total Time": 0.143,                                                                                                          
                                       "Actual Rows": 1,                                                                                                                    
                                       "Actual Loops": 1,                                                                                                                   
                                       "Filter": "((kind)::text = 'cast'::text)",                                                                                           
                                       "Rows Removed by Filter": 3,                                                                                                         
                                       "Shared Hit Blocks": 0,                                                                                                              
                                       "Shared Read Blocks": 1,                                                                                                             
                                       "Shared Dirtied Blocks": 0,                                                                                                          
                                       "Shared Written Blocks": 0,                                                                                                          
                                       "Local Hit Blocks": 0,                                                                                                               
                                       "Local Read Blocks": 0,                                                                                                              
                                       "Local Dirtied Blocks": 0,                                                                                                           
                                       "Local Written Blocks": 0,                                                                                                           
                                       "Temp Read Blocks": 0,                                                                                                               
                                       "Temp Written Blocks": 0                                                                                                             
                                     },                                                                                                                                     
                                     {                                                                                                                                      
                                       "Node Type": "Materialize",                                                                                                          
                                       "Parent Relationship": "Inner",                                                                                                      
                                       "Parallel Aware": false,                                                                                                             
                                       "Startup Cost": 0.11,                                                                                                                
                                       "Total Cost": 40.54,                                                                                                                 
                                       "Plan Rows": 1,                                                                                                                      
                                       "Plan Width": 72,                                                                                                                    
                                       "Actual Startup Time": 782.693,                                                                                                      
                                       "Actual Total Time": 3772.450,                                                                                                       
                                       "Actual Rows": 52812,                                                                                                                
                                       "Actual Loops": 1,                                                                                                                   
                                       "Shared Hit Blocks": 1209378,                                                                                                        
                                       "Shared Read Blocks": 438,                                                                                                           
                                       "Shared Dirtied Blocks": 0,                                                                                                          
                                       "Shared Written Blocks": 0,                                                                                                          
                                       "Local Hit Blocks": 0,                                                                                                               
                                       "Local Read Blocks": 0,                                                                                                              
                                       "Local Dirtied Blocks": 0,                                                                                                           
                                       "Local Written Blocks": 0,                                                                                                           
                                       "Temp Read Blocks": 0,                                                                                                               
                                       "Temp Written Blocks": 0,                                                                                                            
                                       "Plans": [                                                                                                                           
                                         {                                                                                                                                  
                                           "Node Type": "Nested Loop",                                                                                                      
                                           "Parent Relationship": "Outer",                                                                                                  
                                           "Parallel Aware": false,                                                                                                         
                                           "Join Type": "Inner",                                                                                                            
                                           "Startup Cost": 0.11,                                                                                                            
                                           "Total Cost": 40.54,                                                                                                             
                                           "Plan Rows": 1,                                                                                                                  
                                           "Plan Width": 72,                                                                                                                
                                           "Actual Startup Time": 782.677,                                                                                                  
                                           "Actual Total Time": 3744.385,                                                                                                   
                                           "Actual Rows": 52812,                                                                                                            
                                           "Actual Loops": 1,                                                                                                               
                                           "Inner Unique": false,                                                                                                           
                                           "Join Filter": "(t.id = cc.movie_id)",                                                                                           
                                           "Rows Removed by Join Filter": 0,                                                                                                
                                           "Shared Hit Blocks": 1209378,                                                                                                    
                                           "Shared Read Blocks": 438,                                                                                                       
                                           "Shared Dirtied Blocks": 0,                                                                                                      
                                           "Shared Written Blocks": 0,                                                                                                      
                                           "Local Hit Blocks": 0,                                                                                                           
                                           "Local Read Blocks": 0,                                                                                                          
                                           "Local Dirtied Blocks": 0,                                                                                                       
                                           "Local Written Blocks": 0,                                                                                                       
                                           "Temp Read Blocks": 0,                                                                                                           
                                           "Temp Written Blocks": 0,                                                                                                        
                                           "Plans": [                                                                                                                       
                                             {                                                                                                                              
                                               "Node Type": "Nested Loop",                                                                                                  
                                               "Parent Relationship": "Outer",                                                                                              
                                               "Parallel Aware": false,                                                                                                     
                                               "Join Type": "Inner",                                                                                                        
                                               "Startup Cost": 0.10,                                                                                                        
                                               "Total Cost": 40.47,                                                                                                         
                                               "Plan Rows": 1,                                                                                                              
                                               "Plan Width": 60,                                                                                                            
                                               "Actual Startup Time": 742.039,                                                                                              
                                               "Actual Total Time": 3529.785,                                                                                               
                                               "Actual Rows": 52812,                                                                                                        
                                               "Actual Loops": 1,                                                                                                           
                                               "Inner Unique": true,                                                                                                        
                                               "Join Filter": "(ci.person_id = n.id)",                                                                                      
                                               "Rows Removed by Join Filter": 0,                                                                                            
                                               "Shared Hit Blocks": 998134,                                                                                                 
                                               "Shared Read Blocks": 434,                                                                                                   
                                               "Shared Dirtied Blocks": 0,                                                                                                  
                                               "Shared Written Blocks": 0,                                                                                                  
                                               "Local Hit Blocks": 0,                                                                                                       
                                               "Local Read Blocks": 0,                                                                                                      
                                               "Local Dirtied Blocks": 0,                                                                                                   
                                               "Local Written Blocks": 0,                                                                                                   
                                               "Temp Read Blocks": 0,                                                                                                       
                                               "Temp Written Blocks": 0,                                                                                                    
                                               "Plans": [                                                                                                                   
                                                 {                                                                                                                          
                                                   "Node Type": "Nested Loop",                                                                                              
                                                   "Parent Relationship": "Outer",                                                                                          
                                                   "Parallel Aware": false,                                                                                                 
                                                   "Join Type": "Inner",                                                                                                    
                                                   "Startup Cost": 0.08,                                                                                                    
                                                   "Total Cost": 40.04,                                                                                                     
                                                   "Plan Rows": 5,                                                                                                          
                                                   "Plan Width": 57,                                                                                                        
                                                   "Actual Startup Time": 686.104,                                                                                          
                                                   "Actual Total Time": 2703.666,                                                                                           
                                                   "Actual Rows": 233028,                                                                                                   
                                                   "Actual Loops": 1,                                                                                                       
                                                   "Inner Unique": false,                                                                                                   
                                                   "Join Filter": "(ci.person_id = pi.person_id)",                                                                          
                                                   "Rows Removed by Join Filter": 0,                                                                                        
                                                   "Shared Hit Blocks": 63188,                                                                                              
                                                   "Shared Read Blocks": 412,                                                                                               
                                                   "Shared Dirtied Blocks": 0,                                                                                              
                                                   "Shared Written Blocks": 0,                                                                                              
                                                   "Local Hit Blocks": 0,                                                                                                   
                                                   "Local Read Blocks": 0,                                                                                                  
                                                   "Local Dirtied Blocks": 0,                                                                                               
                                                   "Local Written Blocks": 0,                                                                                               
                                                   "Temp Read Blocks": 0,                                                                                                   
                                                   "Temp Written Blocks": 0,                                                                                                
                                                   "Plans": [                                                                                                               
                                                     {                                                                                                                      
                                                       "Node Type": "Nested Loop",                                                                                          
                                                       "Parent Relationship": "Outer",                                                                                      
                                                       "Parallel Aware": false,                                                                                             
                                                       "Join Type": "Inner",                                                                                                
                                                       "Startup Cost": 0.07,                                                                                                
                                                       "Total Cost": 38.96,                                                                                                 
                                                       "Plan Rows": 1,                                                                                                      
                                                       "Plan Width": 49,                                                                                                    
                                                       "Actual Startup Time": 609.660,                                                                                      
                                                       "Actual Total Time": 2218.139,                                                                                       
                                                       "Actual Rows": 2148,                                                                                                 
                                                       "Actual Loops": 1,                                                                                                   
                                                       "Inner Unique": false,                                                                                               
                                                       "Join Filter": "(rt.id = ci.role_id)",                                                                               
                                                       "Rows Removed by Join Filter": 6940,                                                                                 
                                                       "Shared Hit Blocks": 48082,                                                                                          
                                                       "Shared Read Blocks": 366,                                                                                           
                                                       "Shared Dirtied Blocks": 0,                                                                                          
                                                       "Shared Written Blocks": 0,                                                                                          
                                                       "Local Hit Blocks": 0,                                                                                               
                                                       "Local Read Blocks": 0,                                                                                              
                                                       "Local Dirtied Blocks": 0,                                                                                           
                                                       "Local Written Blocks": 0,                                                                                           
                                                       "Temp Read Blocks": 0,                                                                                               
                                                       "Temp Written Blocks": 0,                                                                                            
                                                       "Plans": [                                                                                                           
                                                         {                                                                                                                  
                                                           "Node Type": "Seq Scan",                                                                                         
                                                           "Parent Relationship": "Outer",                                                                                  
                                                           "Parallel Aware": false,                                                                                         
                                                           "Relation Name": "role_type",                                                                                    
                                                           "Alias": "rt",                                                                                                   
                                                           "Startup Cost": 0.00,                                                                                            
                                                           "Total Cost": 0.03,                                                                                              
                                                           "Plan Rows": 1,                                                                                                  
                                                           "Plan Width": 4,                                                                                                 
                                                           "Actual Startup Time": 15.171,                                                                                   
                                                           "Actual Total Time": 15.174,                                                                                     
                                                           "Actual Rows": 1,                                                                                                
                                                           "Actual Loops": 1,                                                                                               
                                                           "Filter": "((role)::text = 'actress'::text)",                                                                    
                                                           "Rows Removed by Filter": 11,                                                                                    
                                                           "Shared Hit Blocks": 0,                                                                                          
                                                           "Shared Read Blocks": 1,                                                                                         
                                                           "Shared Dirtied Blocks": 0,                                                                                      
                                                           "Shared Written Blocks": 0,                                                                                      
                                                           "Local Hit Blocks": 0,                                                                                           
                                                           "Local Read Blocks": 0,                                                                                          
                                                           "Local Dirtied Blocks": 0,                                                                                       
                                                           "Local Written Blocks": 0,                                                                                       
                                                           "Temp Read Blocks": 0,                                                                                           
                                                           "Temp Written Blocks": 0                                                                                         
                                                         },                                                                                                                 
                                                         {                                                                                                                  
                                                           "Node Type": "Materialize",                                                                                      
                                                           "Parent Relationship": "Inner",                                                                                  
                                                           "Parallel Aware": false,                                                                                         
                                                           "Startup Cost": 0.07,                                                                                            
                                                           "Total Cost": 38.93,                                                                                             
                                                           "Plan Rows": 1,                                                                                                  
                                                           "Plan Width": 53,                                                                                                
                                                           "Actual Startup Time": 249.092,                                                                                  
                                                           "Actual Total Time": 2201.301,                                                                                   
                                                           "Actual Rows": 9088,                                                                                             
                                                           "Actual Loops": 1,                                                                                               
                                                           "Shared Hit Blocks": 48082,                                                                                      
                                                           "Shared Read Blocks": 365,                                                                                       
                                                           "Shared Dirtied Blocks": 0,                                                                                      
                                                           "Shared Written Blocks": 0,                                                                                      
                                                           "Local Hit Blocks": 0,                                                                                           
                                                           "Local Read Blocks": 0,                                                                                          
                                                           "Local Dirtied Blocks": 0,                                                                                       
                                                           "Local Written Blocks": 0,                                                                                       
                                                           "Temp Read Blocks": 0,                                                                                           
                                                           "Temp Written Blocks": 0,                                                                                        
                                                           "Plans": [                                                                                                       
                                                             {                                                                                                              
                                                               "Node Type": "Nested Loop",                                                                                  
                                                               "Parent Relationship": "Outer",                                                                              
                                                               "Parallel Aware": false,                                                                                     
                                                               "Join Type": "Inner",                                                                                        
                                                               "Startup Cost": 0.07,                                                                                        
                                                               "Total Cost": 38.93,                                                                                         
                                                               "Plan Rows": 1,                                                                                              
                                                               "Plan Width": 53,                                                                                            
                                                               "Actual Startup Time": 249.070,                                                                              
                                                               "Actual Total Time": 2197.182,                                                                               
                                                               "Actual Rows": 9088,                                                                                         
                                                               "Actual Loops": 1,                                                                                           
                                                               "Inner Unique": false,                                                                                       
                                                               "Shared Hit Blocks": 48082,                                                                                  
                                                               "Shared Read Blocks": 365,                                                                                   
                                                               "Shared Dirtied Blocks": 0,                                                                                  
                                                               "Shared Written Blocks": 0,                                                                                  
                                                               "Local Hit Blocks": 0,                                                                                       
                                                               "Local Read Blocks": 0,                                                                                      
                                                               "Local Dirtied Blocks": 0,                                                                                   
                                                               "Local Written Blocks": 0,                                                                                   
                                                               "Temp Read Blocks": 0,                                                                                       
                                                               "Temp Written Blocks": 0,                                                                                    
                                                               "Plans": [                                                                                                   
                                                                 {                                                                                                          
                                                                   "Node Type": "Nested Loop",                                                                              
                                                                   "Parent Relationship": "Outer",                                                                          
                                                                   "Parallel Aware": false,                                                                                 
                                                                   "Join Type": "Inner",                                                                                    
                                                                   "Startup Cost": 0.06,                                                                                    
                                                                   "Total Cost": 38.60,                                                                                     
                                                                   "Plan Rows": 1,                                                                                          
                                                                   "Plan Width": 49,                                                                                        
                                                                   "Actual Startup Time": 204.870,                                                                          
                                                                   "Actual Total Time": 1549.703,                                                                           
                                                                   "Actual Rows": 4888,                                                                                     
                                                                   "Actual Loops": 1,                                                                                       
                                                                   "Inner Unique": false,                                                                                   
                                                                   "Join Filter": "(t.id = ci.movie_id)",                                                                   
                                                                   "Rows Removed by Join Filter": 0,                                                                        
                                                                   "Shared Hit Blocks": 28440,                                                                              
                                                                   "Shared Read Blocks": 291,                                                                               
                                                                   "Shared Dirtied Blocks": 0,                                                                              
                                                                   "Shared Written Blocks": 0,                                                                              
                                                                   "Local Hit Blocks": 0,                                                                                   
                                                                   "Local Read Blocks": 0,                                                                                  
                                                                   "Local Dirtied Blocks": 0,                                                                               
                                                                   "Local Written Blocks": 0,                                                                               
                                                                   "Temp Read Blocks": 0,                                                                                   
                                                                   "Temp Written Blocks": 0,                                                                                
                                                                   "Plans": [                                                                                               
                                                                     {                                                                                                      
                                                                       "Node Type": "Nested Loop",                                                                          
                                                                       "Parent Relationship": "Outer",                                                                      
                                                                       "Parallel Aware": false,                                                                             
                                                                       "Join Type": "Inner",                                                                                
                                                                       "Startup Cost": 0.04,                                                                                
                                                                       "Total Cost": 37.29,                                                                                 
                                                                       "Plan Rows": 1,                                                                                      
                                                                       "Plan Width": 33,                                                                                    
                                                                       "Actual Startup Time": 163.911,                                                                      
                                                                       "Actual Total Time": 348.926,                                                                        
                                                                       "Actual Rows": 136,                                                                                  
                                                                       "Actual Loops": 1,                                                                                   
                                                                       "Inner Unique": false,                                                                               
                                                                       "Join Filter": "(it.id = mi.info_type_id)",                                                          
                                                                       "Rows Removed by Join Filter": 0,                                                                    
                                                                       "Shared Hit Blocks": 4322,                                                                           
                                                                       "Shared Read Blocks": 49,                                                                            
                                                                       "Shared Dirtied Blocks": 0,                                                                          
                                                                       "Shared Written Blocks": 0,                                                                          
                                                                       "Local Hit Blocks": 0,                                                                               
                                                                       "Local Read Blocks": 0,                                                                              
                                                                       "Local Dirtied Blocks": 0,                                                                           
                                                                       "Local Written Blocks": 0,                                                                           
                                                                       "Temp Read Blocks": 0,                                                                               
                                                                       "Temp Written Blocks": 0,                                                                            
                                                                       "Plans": [                                                                                           
                                                                         {                                                                                                  
                                                                           "Node Type": "Seq Scan",                                                                         
                                                                           "Parent Relationship": "Outer",                                                                  
                                                                           "Parallel Aware": false,                                                                         
                                                                           "Relation Name": "info_type",                                                                    
                                                                           "Alias": "it",                                                                                   
                                                                           "Startup Cost": 0.00,                                                                            
                                                                           "Total Cost": 0.05,                                                                              
                                                                           "Plan Rows": 1,                                                                                  
                                                                           "Plan Width": 4,                                                                                 
                                                                           "Actual Startup Time": 3.974,                                                                    
                                                                           "Actual Total Time": 3.989,                                                                      
                                                                           "Actual Rows": 1,                                                                                
                                                                           "Actual Loops": 1,                                                                               
                                                                           "Filter": "((info)::text = 'release dates'::text)",                                              
                                                                           "Rows Removed by Filter": 112,                                                                   
                                                                           "Shared Hit Blocks": 0,                                                                          
                                                                           "Shared Read Blocks": 1,                                                                         
                                                                           "Shared Dirtied Blocks": 0,                                                                      
                                                                           "Shared Written Blocks": 0,                                                                      
                                                                           "Local Hit Blocks": 0,                                                                           
                                                                           "Local Read Blocks": 0,                                                                          
                                                                           "Local Dirtied Blocks": 0,                                                                       
                                                                           "Local Written Blocks": 0,                                                                       
                                                                           "Temp Read Blocks": 0,                                                                           
                                                                           "Temp Written Blocks": 0                                                                         
                                                                         },                                                                                                 
                                                                         {                                                                                                  
                                                                           "Node Type": "Materialize",                                                                      
                                                                           "Parent Relationship": "Inner",                                                                  
                                                                           "Parallel Aware": false,                                                                         
                                                                           "Startup Cost": 0.04,                                                                            
                                                                           "Total Cost": 37.24,                                                                             
                                                                           "Plan Rows": 1,                                                                                  
                                                                           "Plan Width": 37,                                                                                
                                                                           "Actual Startup Time": 159.932,                                                                  
                                                                           "Actual Total Time": 344.871,                                                                    
                                                                           "Actual Rows": 136,                                                                              
                                                                           "Actual Loops": 1,                                                                               
                                                                           "Shared Hit Blocks": 4322,                                                                       
                                                                           "Shared Read Blocks": 48,                                                                        
                                                                           "Shared Dirtied Blocks": 0,                                                                      
                                                                           "Shared Written Blocks": 0,                                                                      
                                                                           "Local Hit Blocks": 0,                                                                           
                                                                           "Local Read Blocks": 0,                                                                          
                                                                           "Local Dirtied Blocks": 0,                                                                       
                                                                           "Local Written Blocks": 0,                                                                       
                                                                           "Temp Read Blocks": 0,                                                                           
                                                                           "Temp Written Blocks": 0,                                                                        
                                                                           "Plans": [                                                                                       
                                                                             {                                                                                              
                                                                               "Node Type": "Nested Loop",                                                                  
                                                                               "Parent Relationship": "Outer",                                                              
                                                                               "Parallel Aware": false,                                                                     
                                                                               "Join Type": "Inner",                                                                        
                                                                               "Startup Cost": 0.04,                                                                        
                                                                               "Total Cost": 37.24,                                                                         
                                                                               "Plan Rows": 1,                                                                              
                                                                               "Plan Width": 37,                                                                            
                                                                               "Actual Startup Time": 159.924,                                                              
                                                                               "Actual Total Time": 344.784,                                                                
                                                                               "Actual Rows": 136,                                                                          
                                                                               "Actual Loops": 1,                                                                           
                                                                               "Inner Unique": false,                                                                       
                                                                               "Join Filter": "(t.id = mi.movie_id)",                                                       
                                                                               "Rows Removed by Join Filter": 0,                                                            
                                                                               "Shared Hit Blocks": 4322,                                                                   
                                                                               "Shared Read Blocks": 48,                                                                    
                                                                               "Shared Dirtied Blocks": 0,                                                                  
                                                                               "Shared Written Blocks": 0,                                                                  
                                                                               "Local Hit Blocks": 0,                                                                       
                                                                               "Local Read Blocks": 0,                                                                      
                                                                               "Local Dirtied Blocks": 0,                                                                   
                                                                               "Local Written Blocks": 0,                                                                   
                                                                               "Temp Read Blocks": 0,                                                                       
                                                                               "Temp Written Blocks": 0,                                                                    
                                                                               "Plans": [                                                                                   
                                                                                 {                                                                                          
                                                                                   "Node Type": "Nested Loop",                                                              
                                                                                   "Parent Relationship": "Outer",                                                          
                                                                                   "Parallel Aware": false,                                                                 
                                                                                   "Join Type": "Inner",                                                                    
                                                                                   "Startup Cost": 0.03,                                                                    
                                                                                   "Total Cost": 36.94,                                                                     
                                                                                   "Plan Rows": 2,                                                                          
                                                                                   "Plan Width": 29,                                                                        
                                                                                   "Actual Startup Time": 85.030,                                                           
                                                                                   "Actual Total Time": 110.083,                                                            
                                                                                   "Actual Rows": 136,                                                                      
                                                                                   "Actual Loops": 1,                                                                       
                                                                                   "Inner Unique": false,                                                                   
                                                                                   "Shared Hit Blocks": 4,                                                                  
                                                                                   "Shared Read Blocks": 10,                                                                
                                                                                   "Shared Dirtied Blocks": 0,                                                              
                                                                                   "Shared Written Blocks": 0,                                                              
                                                                                   "Local Hit Blocks": 0,                                                                   
                                                                                   "Local Read Blocks": 0,                                                                  
                                                                                   "Local Dirtied Blocks": 0,                                                               
                                                                                   "Local Written Blocks": 0,                                                               
                                                                                   "Temp Read Blocks": 0,                                                                   
                                                                                   "Temp Written Blocks": 0,                                                                
                                                                                   "Plans": [                                                                               
                                                                                     {                                                                                      
                                                                                       "Node Type": "Index Scan",                                                           
                                                                                       "Parent Relationship": "Outer",                                                      
                                                                                       "Parallel Aware": false,                                                             
                                                                                       "Scan Direction": "Forward",                                                         
                                                                                       "Index Name": "title_idx_title",                                                     
                                                                                       "Relation Name": "title",                                                            
                                                                                       "Alias": "t",                                                                        
                                                                                       "Startup Cost": 0.01,                                                                
                                                                                       "Total Cost": 6.13,                                                                  
                                                                                       "Plan Rows": 1,                                                                      
                                                                                       "Plan Width": 21,                                                                    
                                                                                       "Actual Startup Time": 41.079,                                                       
                                                                                       "Actual Total Time": 65.977,                                                         
                                                                                       "Actual Rows": 2,                                                                    
                                                                                       "Actual Loops": 1,                                                                   
                                                                                       "Index Cond": "(title = 'Shrek 2'::text)",                                           
                                                                                       "Rows Removed by Index Recheck": 0,                                                  
                                                                                       "Filter": "((production_year >= 2000) AND (production_year <= 2005))",               
                                                                                       "Rows Removed by Filter": 1,                                                         
                                                                                       "Shared Hit Blocks": 0,                                                              
                                                                                       "Shared Read Blocks": 6,                                                             
                                                                                       "Shared Dirtied Blocks": 0,                                                          
                                                                                       "Shared Written Blocks": 0,                                                          
                                                                                       "Local Hit Blocks": 0,                                                               
                                                                                       "Local Read Blocks": 0,                                                              
                                                                                       "Local Dirtied Blocks": 0,                                                           
                                                                                       "Local Written Blocks": 0,                                                           
                                                                                       "Temp Read Blocks": 0,                                                               
                                                                                       "Temp Written Blocks": 0                                                             
                                                                                     },                                                                                     
                                                                                     {                                                                                      
                                                                                       "Node Type": "Index Scan",                                                           
                                                                                       "Parent Relationship": "Inner",                                                      
                                                                                       "Parallel Aware": false,                                                             
                                                                                       "Scan Direction": "Forward",                                                         
                                                                                       "Index Name": "movie_id_movie_keyword",                                              
                                                                                       "Relation Name": "movie_keyword",                                                    
                                                                                       "Alias": "mk",                                                                       
                                                                                       "Startup Cost": 0.01,                                                                
                                                                                       "Total Cost": 6.16,                                                                  
                                                                                       "Plan Rows": 11,                                                                     
                                                                                       "Plan Width": 8,                                                                     
                                                                                       "Actual Startup Time": 21.982,                                                       
                                                                                       "Actual Total Time": 22.007,                                                         
                                                                                       "Actual Rows": 68,                                                                   
                                                                                       "Actual Loops": 2,                                                                   
                                                                                       "Index Cond": "(movie_id = t.id)",                                                   
                                                                                       "Rows Removed by Index Recheck": 0,                                                  
                                                                                       "Shared Hit Blocks": 4,                                                              
                                                                                       "Shared Read Blocks": 4,                                                             
                                                                                       "Shared Dirtied Blocks": 0,                                                          
                                                                                       "Shared Written Blocks": 0,                                                          
                                                                                       "Local Hit Blocks": 0,                                                               
                                                                                       "Local Read Blocks": 0,                                                              
                                                                                       "Local Dirtied Blocks": 0,                                                           
                                                                                       "Local Written Blocks": 0,                                                           
                                                                                       "Temp Read Blocks": 0,                                                               
                                                                                       "Temp Written Blocks": 0                                                             
                                                                                     }                                                                                      
                                                                                   ]                                                                                        
                                                                                 },                                                                                         
                                                                                 {                                                                                          
                                                                                   "Node Type": "Index Scan",                                                               
                                                                                   "Parent Relationship": "Inner",                                                          
                                                                                   "Parallel Aware": false,                                                                 
                                                                                   "Scan Direction": "Forward",                                                             
                                                                                   "Index Name": "movie_id_movie_info",                                                     
                                                                                   "Relation Name": "movie_info",                                                           
                                                                                   "Alias": "mi",                                                                           
                                                                                   "Startup Cost": 0.01,                                                                    
                                                                                   "Total Cost": 0.15,                                                                      
                                                                                   "Plan Rows": 1,                                                                          
                                                                                   "Plan Width": 8,                                                                         
                                                                                   "Actual Startup Time": 0.566,                                                            
                                                                                   "Actual Total Time": 1.725,                                                              
                                                                                   "Actual Rows": 1,                                                                        
                                                                                   "Actual Loops": 136,                                                                     
                                                                                   "Index Cond": "(movie_id = mk.movie_id)",                                                
                                                                                   "Rows Removed by Index Recheck": 0,                                                      
                                                                                   "Filter": "(info ~~ 'USA:%200%'::text)",                                                 
                                                                                   "Rows Removed by Filter": 364,                                                           
                                                                                   "Shared Hit Blocks": 4318,                                                               
                                                                                   "Shared Read Blocks": 38,                                                                
                                                                                   "Shared Dirtied Blocks": 0,                                                              
                                                                                   "Shared Written Blocks": 0,                                                              
                                                                                   "Local Hit Blocks": 0,                                                                   
                                                                                   "Local Read Blocks": 0,                                                                  
                                                                                   "Local Dirtied Blocks": 0,                                                               
                                                                                   "Local Written Blocks": 0,                                                               
                                                                                   "Temp Read Blocks": 0,                                                                   
                                                                                   "Temp Written Blocks": 0                                                                 
                                                                                 }                                                                                          
                                                                               ]                                                                                            
                                                                             }                                                                                              
                                                                           ]                                                                                                
                                                                         }                                                                                                  
                                                                       ]                                                                                                    
                                                                     },                                                                                                     
                                                                     {                                                                                                      
                                                                       "Node Type": "Index Scan",                                                                           
                                                                       "Parent Relationship": "Inner",                                                                      
                                                                       "Parallel Aware": false,                                                                             
                                                                       "Scan Direction": "Forward",                                                                         
                                                                       "Index Name": "movie_id_cast_info",                                                                  
                                                                       "Relation Name": "cast_info",                                                                        
                                                                       "Alias": "ci",                                                                                       
                                                                       "Startup Cost": 0.02,                                                                                
                                                                       "Total Cost": 0.26,                                                                                  
                                                                       "Plan Rows": 1,                                                                                      
                                                                       "Plan Width": 16,                                                                                    
                                                                       "Actual Startup Time": 0.306,                                                                        
                                                                       "Actual Total Time": 8.816,                                                                          
                                                                       "Actual Rows": 36,                                                                                   
                                                                       "Actual Loops": 136,                                                                                 
                                                                       "Index Cond": "(movie_id = mk.movie_id)",                                                            
                                                                       "Rows Removed by Index Recheck": 0,                                                                  
                                                                       "Filter": "(note = ANY ('{(voice),\"(voice) (uncredited)\",\"(voice: English version)\"}'::text[]))",
                                                                       "Rows Removed by Filter": 155,                                                                       
                                                                       "Shared Hit Blocks": 24118,                                                                          
                                                                       "Shared Read Blocks": 242,                                                                           
                                                                       "Shared Dirtied Blocks": 0,                                                                          
                                                                       "Shared Written Blocks": 0,                                                                          
                                                                       "Local Hit Blocks": 0,                                                                               
                                                                       "Local Read Blocks": 0,                                                                              
                                                                       "Local Dirtied Blocks": 0,                                                                           
                                                                       "Local Written Blocks": 0,                                                                           
                                                                       "Temp Read Blocks": 0,                                                                               
                                                                       "Temp Written Blocks": 0                                                                             
                                                                     }                                                                                                      
                                                                   ]                                                                                                        
                                                                 },                                                                                                         
                                                                 {                                                                                                          
                                                                   "Node Type": "Index Scan",                                                                               
                                                                   "Parent Relationship": "Inner",                                                                          
                                                                   "Parallel Aware": false,                                                                                 
                                                                   "Scan Direction": "Forward",                                                                             
                                                                   "Index Name": "person_id_aka_name",                                                                      
                                                                   "Relation Name": "aka_name",                                                                             
                                                                   "Alias": "an",                                                                                           
                                                                   "Startup Cost": 0.01,                                                                                    
                                                                   "Total Cost": 0.06,                                                                                      
                                                                   "Plan Rows": 2,                                                                                          
                                                                   "Plan Width": 4,                                                                                         
                                                                   "Actual Startup Time": 0.115,                                                                            
                                                                   "Actual Total Time": 0.132,                                                                              
                                                                   "Actual Rows": 2,                                                                                        
                                                                   "Actual Loops": 4888,                                                                                    
                                                                   "Index Cond": "(person_id = ci.person_id)",                                                              
                                                                   "Rows Removed by Index Recheck": 0,                                                                      
                                                                   "Shared Hit Blocks": 19642,                                                                              
                                                                   "Shared Read Blocks": 74,                                                                                
                                                                   "Shared Dirtied Blocks": 0,                                                                              
                                                                   "Shared Written Blocks": 0,                                                                              
                                                                   "Local Hit Blocks": 0,                                                                                   
                                                                   "Local Read Blocks": 0,                                                                                  
                                                                   "Local Dirtied Blocks": 0,                                                                               
                                                                   "Local Written Blocks": 0,                                                                               
                                                                   "Temp Read Blocks": 0,                                                                                   
                                                                   "Temp Written Blocks": 0                                                                                 
                                                                 }                                                                                                          
                                                               ]                                                                                                            
                                                             }                                                                                                              
                                                           ]                                                                                                                
                                                         }                                                                                                                  
                                                       ]                                                                                                                    
                                                     },                                                                                                                     
                                                     {                                                                                                                      
                                                       "Node Type": "Index Scan",                                                                                           
                                                       "Parent Relationship": "Inner",                                                                                      
                                                       "Parallel Aware": false,                                                                                             
                                                       "Scan Direction": "Forward",                                                                                         
                                                       "Index Name": "person_id_person_info",                                                                               
                                                       "Relation Name": "person_info",                                                                                      
                                                       "Alias": "pi",                                                                                                       
                                                       "Startup Cost": 0.01,                                                                                                
                                                       "Total Cost": 0.21,                                                                                                  
                                                       "Plan Rows": 5,                                                                                                      
                                                       "Plan Width": 8,                                                                                                     
                                                       "Actual Startup Time": 0.152,                                                                                        
                                                       "Actual Total Time": 0.189,                                                                                          
                                                       "Actual Rows": 108,                                                                                                  
                                                       "Actual Loops": 2148,                                                                                                
                                                       "Index Cond": "(person_id = an.person_id)",                                                                          
                                                       "Rows Removed by Index Recheck": 0,                                                                                  
                                                       "Shared Hit Blocks": 15106,                                                                                          
                                                       "Shared Read Blocks": 46,                                                                                            
                                                       "Shared Dirtied Blocks": 0,                                                                                          
                                                       "Shared Written Blocks": 0,                                                                                          
                                                       "Local Hit Blocks": 0,                                                                                               
                                                       "Local Read Blocks": 0,                                                                                              
                                                       "Local Dirtied Blocks": 0,                                                                                           
                                                       "Local Written Blocks": 0,                                                                                           
                                                       "Temp Read Blocks": 0,                                                                                               
                                                       "Temp Written Blocks": 0                                                                                             
                                                     }                                                                                                                      
                                                   ]                                                                                                                        
                                                 },                                                                                                                         
                                                 {                                                                                                                          
                                                   "Node Type": "Index Scan",                                                                                               
                                                   "Parent Relationship": "Inner",                                                                                          
                                                   "Parallel Aware": false,                                                                                                 
                                                   "Scan Direction": "Forward",                                                                                             
                                                   "Index Name": "name_pkey",                                                                                               
                                                   "Relation Name": "name",                                                                                                 
                                                   "Alias": "n",                                                                                                            
                                                   "Startup Cost": 0.01,                                                                                                    
                                                   "Total Cost": 0.09,                                                                                                      
                                                   "Plan Rows": 1,                                                                                                          
                                                   "Plan Width": 19,                                                                                                        
                                                   "Actual Startup Time": 0.003,                                                                                            
                                                   "Actual Total Time": 0.003,                                                                                              
                                                   "Actual Rows": 0,                                                                                                        
                                                   "Actual Loops": 233028,                                                                                                  
                                                   "Index Cond": "(id = pi.person_id)",                                                                                     
                                                   "Rows Removed by Index Recheck": 0,                                                                                      
                                                   "Filter": "((name ~~ '%An%'::text) AND ((gender)::text = 'f'::text))",                                                   
                                                   "Rows Removed by Filter": 1,                                                                                             
                                                   "Shared Hit Blocks": 934946,                                                                                             
                                                   "Shared Read Blocks": 22,                                                                                                
                                                   "Shared Dirtied Blocks": 0,                                                                                              
                                                   "Shared Written Blocks": 0,                                                                                              
                                                   "Local Hit Blocks": 0,                                                                                                   
                                                   "Local Read Blocks": 0,                                                                                                  
                                                   "Local Dirtied Blocks": 0,                                                                                               
                                                   "Local Written Blocks": 0,                                                                                               
                                                   "Temp Read Blocks": 0,                                                                                                   
                                                   "Temp Written Blocks": 0                                                                                                 
                                                 }                                                                                                                          
                                               ]                                                                                                                            
                                             },                                                                                                                             
                                             {                                                                                                                              
                                               "Node Type": "Index Scan",                                                                                                   
                                               "Parent Relationship": "Inner",                                                                                              
                                               "Parallel Aware": false,                                                                                                     
                                               "Scan Direction": "Forward",                                                                                                 
                                               "Index Name": "movie_id_complete_cast",                                                                                      
                                               "Relation Name": "complete_cast",                                                                                            
                                               "Alias": "cc",                                                                                                               
                                               "Startup Cost": 0.01,                                                                                                        
                                               "Total Cost": 0.01,                                                                                                          
                                               "Plan Rows": 1,                                                                                                              
                                               "Plan Width": 12,                                                                                                            
                                               "Actual Startup Time": 0.003,                                                                                                
                                               "Actual Total Time": 0.003,                                                                                                  
                                               "Actual Rows": 1,                                                                                                            
                                               "Actual Loops": 52812,                                                                                                       
                                               "Index Cond": "(movie_id = mk.movie_id)",                                                                                    
                                               "Rows Removed by Index Recheck": 0,                                                                                          
                                               "Shared Hit Blocks": 211244,                                                                                                 
                                               "Shared Read Blocks": 4,                                                                                                     
                                               "Shared Dirtied Blocks": 0,                                                                                                  
                                               "Shared Written Blocks": 0,                                                                                                  
                                               "Local Hit Blocks": 0,                                                                                                       
                                               "Local Read Blocks": 0,                                                                                                      
                                               "Local Dirtied Blocks": 0,                                                                                                   
                                               "Local Written Blocks": 0,                                                                                                   
                                               "Temp Read Blocks": 0,                                                                                                       
                                               "Temp Written Blocks": 0                                                                                                     
                                             }                                                                                                                              
                                           ]                                                                                                                                
                                         }                                                                                                                                  
                                       ]                                                                                                                                    
                                     }                                                                                                                                      
                                   ]                                                                                                                                        
                                 },                                                                                                                                         
                                 {                                                                                                                                          
                                   "Node Type": "Index Scan",                                                                                                               
                                   "Parent Relationship": "Inner",                                                                                                          
                                   "Parallel Aware": false,                                                                                                                 
                                   "Scan Direction": "Forward",                                                                                                             
                                   "Index Name": "char_name_pkey",                                                                                                          
                                   "Relation Name": "char_name",                                                                                                            
                                   "Alias": "chn",                                                                                                                          
                                   "Startup Cost": 0.01,                                                                                                                    
                                   "Total Cost": 0.19,                                                                                                                      
                                   "Plan Rows": 1,                                                                                                                          
                                   "Plan Width": 20,                                                                                                                        
                                   "Actual Startup Time": 0.003,                                                                                                            
                                   "Actual Total Time": 0.003,                                                                                                              
                                   "Actual Rows": 1,                                                                                                                        
                                   "Actual Loops": 52812,                                                                                                                   
                                   "Index Cond": "(id = ci.person_role_id)",                                                                                                
                                   "Rows Removed by Index Recheck": 0,                                                                                                      
                                   "Filter": "(name = 'Queen'::text)",                                                                                                      
                                   "Rows Removed by Filter": 0,                                                                                                             
                                   "Shared Hit Blocks": 211244,                                                                                                             
                                   "Shared Read Blocks": 4,                                                                                                                 
                                   "Shared Dirtied Blocks": 0,                                                                                                              
                                   "Shared Written Blocks": 0,                                                                                                              
                                   "Local Hit Blocks": 0,                                                                                                                   
                                   "Local Read Blocks": 0,                                                                                                                  
                                   "Local Dirtied Blocks": 0,                                                                                                               
                                   "Local Written Blocks": 0,                                                                                                               
                                   "Temp Read Blocks": 0,                                                                                                                   
                                   "Temp Written Blocks": 0                                                                                                                 
                                 }                                                                                                                                          
                               ]                                                                                                                                            
                             },                                                                                                                                             
                             {                                                                                                                                              
                               "Node Type": "Index Scan",                                                                                                                   
                               "Parent Relationship": "Inner",                                                                                                              
                               "Parallel Aware": false,                                                                                                                     
                               "Scan Direction": "Forward",                                                                                                                 
                               "Index Name": "keyword_pkey",                                                                                                                
                               "Relation Name": "keyword",                                                                                                                  
                               "Alias": "k",                                                                                                                                
                               "Startup Cost": 0.01,                                                                                                                        
                               "Total Cost": 0.01,                                                                                                                          
                               "Plan Rows": 1,                                                                                                                              
                               "Plan Width": 4,                                                                                                                             
                               "Actual Startup Time": 0.005,                                                                                                                
                               "Actual Total Time": 0.005,                                                                                                                  
                               "Actual Rows": 0,                                                                                                                            
                               "Actual Loops": 52812,                                                                                                                       
                               "Index Cond": "(id = mk.keyword_id)",                                                                                                        
                               "Rows Removed by Index Recheck": 0,                                                                                                          
                               "Filter": "(keyword = 'computer-animation'::text)",                                                                                          
                               "Rows Removed by Filter": 1,                                                                                                                 
                               "Shared Hit Blocks": 211118,                                                                                                                 
                               "Shared Read Blocks": 130,                                                                                                                   
                               "Shared Dirtied Blocks": 0,                                                                                                                  
                               "Shared Written Blocks": 0,                                                                                                                  
                               "Local Hit Blocks": 0,                                                                                                                       
                               "Local Read Blocks": 0,                                                                                                                      
                               "Local Dirtied Blocks": 0,                                                                                                                   
                               "Local Written Blocks": 0,                                                                                                                   
                               "Temp Read Blocks": 0,                                                                                                                       
                               "Temp Written Blocks": 0                                                                                                                     
                             }                                                                                                                                              
                           ]                                                                                                                                                
                         },                                                                                                                                                 
                         {                                                                                                                                                  
                           "Node Type": "Index Scan",                                                                                                                       
                           "Parent Relationship": "Inner",                                                                                                                  
                           "Parallel Aware": false,                                                                                                                         
                           "Scan Direction": "Forward",                                                                                                                     
                           "Index Name": "movie_id_movie_companies",                                                                                                        
                           "Relation Name": "movie_companies",                                                                                                              
                           "Alias": "mc",                                                                                                                                   
                           "Startup Cost": 0.01,                                                                                                                            
                           "Total Cost": 0.03,                                                                                                                              
                           "Plan Rows": 2,                                                                                                                                  
                           "Plan Width": 8,                                                                                                                                 
                           "Actual Startup Time": 0.108,                                                                                                                    
                           "Actual Total Time": 0.134,                                                                                                                      
                           "Actual Rows": 22,                                                                                                                               
                           "Actual Loops": 489,                                                                                                                             
                           "Index Cond": "(movie_id = mk.movie_id)",                                                                                                        
                           "Rows Removed by Index Recheck": 0,                                                                                                              
                           "Shared Hit Blocks": 2440,                                                                                                                       
                           "Shared Read Blocks": 5,                                                                                                                         
                           "Shared Dirtied Blocks": 0,                                                                                                                      
                           "Shared Written Blocks": 0,                                                                                                                      
                           "Local Hit Blocks": 0,                                                                                                                           
                           "Local Read Blocks": 0,                                                                                                                          
                           "Local Dirtied Blocks": 0,                                                                                                                       
                           "Local Written Blocks": 0,                                                                                                                       
                           "Temp Read Blocks": 0,                                                                                                                           
                           "Temp Written Blocks": 0                                                                                                                         
                         }                                                                                                                                                  
                       ]                                                                                                                                                    
                     },                                                                                                                                                     
                     {                                                                                                                                                      
                       "Node Type": "Index Scan",                                                                                                                           
                       "Parent Relationship": "Inner",                                                                                                                      
                       "Parallel Aware": false,                                                                                                                             
                       "Scan Direction": "Forward",                                                                                                                         
                       "Index Name": "company_name_pkey",                                                                                                                   
                       "Relation Name": "company_name",                                                                                                                     
                       "Alias": "cn",                                                                                                                                       
                       "Startup Cost": 0.01,                                                                                                                                
                       "Total Cost": 0.02,                                                                                                                                  
                       "Plan Rows": 1,                                                                                                                                      
                       "Plan Width": 4,                                                                                                                                     
                       "Actual Startup Time": 0.033,                                                                                                                        
                       "Actual Total Time": 0.033,                                                                                                                          
                       "Actual Rows": 0,                                                                                                                                    
                       "Actual Loops": 10758,                                                                                                                               
                       "Index Cond": "(id = mc.company_id)",                                                                                                                
                       "Rows Removed by Index Recheck": 0,                                                                                                                  
                       "Filter": "((country_code)::text = '[us]'::text)",                                                                                                   
                       "Rows Removed by Filter": 1,                                                                                                                         
                       "Shared Hit Blocks": 42995,                                                                                                                          
                       "Shared Read Blocks": 37,                                                                                                                            
                       "Shared Dirtied Blocks": 0,                                                                                                                          
                       "Shared Written Blocks": 0,                                                                                                                          
                       "Local Hit Blocks": 0,                                                                                                                               
                       "Local Read Blocks": 0,                                                                                                                              
                       "Local Dirtied Blocks": 0,                                                                                                                           
                       "Local Written Blocks": 0,                                                                                                                           
                       "Temp Read Blocks": 0,                                                                                                                               
                       "Temp Written Blocks": 0                                                                                                                             
                     }                                                                                                                                                      
                   ]                                                                                                                                                        
                 },                                                                                                                                                         
                 {                                                                                                                                                          
                   "Node Type": "Materialize",                                                                                                                              
                   "Parent Relationship": "Inner",                                                                                                                          
                   "Parallel Aware": false,                                                                                                                                 
                   "Startup Cost": 0.00,                                                                                                                                    
                   "Total Cost": 0.03,                                                                                                                                      
                   "Plan Rows": 1,                                                                                                                                          
                   "Plan Width": 4,                                                                                                                                         
                   "Actual Startup Time": 0.000,                                                                                                                            
                   "Actual Total Time": 0.000,                                                                                                                              
                   "Actual Rows": 1,                                                                                                                                        
                   "Actual Loops": 2445,                                                                                                                                    
                   "Shared Hit Blocks": 1,                                                                                                                                  
                   "Shared Read Blocks": 0,                                                                                                                                 
                   "Shared Dirtied Blocks": 0,                                                                                                                              
                   "Shared Written Blocks": 0,                                                                                                                              
                   "Local Hit Blocks": 0,                                                                                                                                   
                   "Local Read Blocks": 0,                                                                                                                                  
                   "Local Dirtied Blocks": 0,                                                                                                                               
                   "Local Written Blocks": 0,                                                                                                                               
                   "Temp Read Blocks": 0,                                                                                                                                   
                   "Temp Written Blocks": 0,                                                                                                                                
                   "Plans": [                                                                                                                                               
                     {                                                                                                                                                      
                       "Node Type": "Seq Scan",                                                                                                                             
                       "Parent Relationship": "Outer",                                                                                                                      
                       "Parallel Aware": false,                                                                                                                             
                       "Relation Name": "comp_cast_type",                                                                                                                   
                       "Alias": "cct",                                                                                                                                     
                       "Startup Cost": 0.00,                                                                                                                                
                       "Total Cost": 0.03,                                                                                                                                  
                       "Plan Rows": 1,                                                                                                                                      
                       "Plan Width": 4,                                                                                                                                     
                       "Actual Startup Time": 0.019,                                                                                                                        
                       "Actual Total Time": 0.019,                                                                                                                          
                       "Actual Rows": 1,                                                                                                                                    
                       "Actual Loops": 1,                                                                                                                                   
                       "Filter": "((kind)::text = 'completeverified'::text)",                                                                                              
                       "Rows Removed by Filter": 3,                                                                                                                         
                       "Shared Hit Blocks": 1,                                                                                                                              
                       "Shared Read Blocks": 0,                                                                                                                             
                       "Shared Dirtied Blocks": 0,                                                                                                                          
                       "Shared Written Blocks": 0,                                                                                                                          
                       "Local Hit Blocks": 0,                                                                                                                               
                       "Local Read Blocks": 0,                                                                                                                              
                       "Local Dirtied Blocks": 0,                                                                                                                           
                       "Local Written Blocks": 0,                                                                                                                           
                       "Temp Read Blocks": 0,                                                                                                                               
                       "Temp Written Blocks": 0                                                                                                                             
                     }                                                                                                                                                      
                   ]                                                                                                                                                        
                 }                                                                                                                                                          
               ]                                                                                                                                                            
             },                                                                                                                                                             
             {                                                                                                                                                              
               "Node Type": "Materialize",                                                                                                                                  
               "Parent Relationship": "Inner",                                                                                                                              
               "Parallel Aware": false,                                                                                                                                     
               "Startup Cost": 0.00,                                                                                                                                        
               "Total Cost": 0.05,                                                                                                                                          
               "Plan Rows": 1,                                                                                                                                              
               "Plan Width": 4,                                                                                                                                             
               "Actual Startup Time": 0.000,                                                                                                                                
               "Actual Total Time": 0.000,                                                                                                                                  
               "Actual Rows": 1,                                                                                                                                            
               "Actual Loops": 2445,                                                                                                                                        
               "Shared Hit Blocks": 1,                                                                                                                                      
               "Shared Read Blocks": 0,                                                                                                                                     
               "Shared Dirtied Blocks": 0,                                                                                                                                  
               "Shared Written Blocks": 0,                                                                                                                                  
               "Local Hit Blocks": 0,                                                                                                                                       
               "Local Read Blocks": 0,                                                                                                                                      
               "Local Dirtied Blocks": 0,                                                                                                                                   
               "Local Written Blocks": 0,                                                                                                                                   
               "Temp Read Blocks": 0,                                                                                                                                       
               "Temp Written Blocks": 0,                                                                                                                                    
               "Plans": [                                                                                                                                                   
                 {                                                                                                                                                          
                   "Node Type": "Seq Scan",                                                                                                                                 
                   "Parent Relationship": "Outer",                                                                                                                          
                   "Parallel Aware": false,                                                                                                                                 
                   "Relation Name": "info_type",                                                                                                                            
                   "Alias": "it3",                                                                                                                                          
                   "Startup Cost": 0.00,                                                                                                                                    
                   "Total Cost": 0.05,                                                                                                                                      
                   "Plan Rows": 1,                                                                                                                                          
                   "Plan Width": 4,                                                                                                                                         
                   "Actual Startup Time": 0.023,                                                                                                                            
                   "Actual Total Time": 0.055,                                                                                                                              
                   "Actual Rows": 1,                                                                                                                                        
                   "Actual Loops": 1,                                                                                                                                       
                   "Filter": "((info)::text = 'height'::text)",                                                                                                             
                   "Rows Removed by Filter": 112,                                                                                                                           
                   "Shared Hit Blocks": 1,                                                                                                                                  
                   "Shared Read Blocks": 0,                                                                                                                                 
                   "Shared Dirtied Blocks": 0,                                                                                                                              
                   "Shared Written Blocks": 0,                                                                                                                              
                   "Local Hit Blocks": 0,                                                                                                                                   
                   "Local Read Blocks": 0,                                                                                                                                  
                   "Local Dirtied Blocks": 0,                                                                                                                               
                   "Local Written Blocks": 0,                                                                                                                               
                   "Temp Read Blocks": 0,                                                                                                                                   
                   "Temp Written Blocks": 0                                                                                                                                 
                 }                                                                                                                                                          
               ]                                                                                                                                                            
             }                                                                                                                                                              
           ]                                                                                                                                                                
         }                                                                                                                                                                  
       ]                                                                                                                                                                    
     },                                                                                                                                                                     
     "Planning Time": 18818.722,                                                                                                                                            
     "Triggers": [                                                                                                                                                          
     ],                                                                                                                                                                     
     "Execution Time": 4732.633                                                                                                                                             
   }                                                                                                                                                                        
 ]
