 [                                                                                     
   {                                                                                   
     "Plan": {                                                                         
       "Node Type": "Aggregate",                                                       
       "Strategy": "Plain",                                                            
       "Partial Mode": "Simple",                                                       
       "Parallel Aware": false,                                                        
       "Startup Cost": 622.69,                                                         
       "Total Cost": 622.69,                                                           
       "Plan Rows": 1,                                                                 
       "Plan Width": 32,                                                               
       "Actual Startup Time": 29368.154,                                               
       "Actual Total Time": 29368.154,                                                 
       "Actual Rows": 1,                                                               
       "Actual Loops": 1,                                                              
       "Shared Hit Blocks": 777976,                                                    
       "Shared Read Blocks": 38378,                                                    
       "Shared Dirtied Blocks": 0,                                                     
       "Shared Written Blocks": 0,                                                     
       "Local Hit Blocks": 0,                                                          
       "Local Read Blocks": 0,                                                         
       "Local Dirtied Blocks": 0,                                                      
       "Local Written Blocks": 0,                                                      
       "Temp Read Blocks": 0,                                                          
       "Temp Written Blocks": 0,                                                       
       "Plans": [                                                                      
         {                                                                             
           "Node Type": "Nested Loop",                                                 
           "Parent Relationship": "Outer",                                             
           "Parallel Aware": false,                                                    
           "Join Type": "Inner",                                                       
           "Startup Cost": 0.07,                                                       
           "Total Cost": 622.69,                                                       
           "Plan Rows": 2,                                                             
           "Plan Width": 17,                                                           
           "Actual Startup Time": 669.432,                                             
           "Actual Total Time": 29346.318,                                             
           "Actual Rows": 5228,                                                        
           "Actual Loops": 1,                                                          
           "Inner Unique": true,                                                       
           "Join Filter": "(mc.movie_id = t.id)",                                      
           "Rows Removed by Join Filter": 0,                                           
           "Shared Hit Blocks": 777976,                                                
           "Shared Read Blocks": 38378,                                                
           "Shared Dirtied Blocks": 0,                                                 
           "Shared Written Blocks": 0,                                                 
           "Local Hit Blocks": 0,                                                      
           "Local Read Blocks": 0,                                                     
           "Local Dirtied Blocks": 0,                                                  
           "Local Written Blocks": 0,                                                  
           "Temp Read Blocks": 0,                                                      
           "Temp Written Blocks": 0,                                                   
           "Plans": [                                                                  
             {                                                                         
               "Node Type": "Nested Loop",                                             
               "Parent Relationship": "Outer",                                         
               "Parallel Aware": false,                                                
               "Join Type": "Inner",                                                   
               "Startup Cost": 0.05,                                                   
               "Total Cost": 622.60,                                                   
               "Plan Rows": 2,                                                         
               "Plan Width": 8,                                                        
               "Actual Startup Time": 627.920,                                         
               "Actual Total Time": 16412.732,                                         
               "Actual Rows": 5228,                                                    
               "Actual Loops": 1,                                                      
               "Inner Unique": true,                                                   
               "Shared Hit Blocks": 760882,                                            
               "Shared Read Blocks": 34548,                                            
               "Shared Dirtied Blocks": 0,                                             
               "Shared Written Blocks": 0,                                             
               "Local Hit Blocks": 0,                                                  
               "Local Read Blocks": 0,                                                 
               "Local Dirtied Blocks": 0,                                              
               "Local Written Blocks": 0,                                              
               "Temp Read Blocks": 0,                                                  
               "Temp Written Blocks": 0,                                               
               "Plans": [                                                              
                 {                                                                     
                   "Node Type": "Nested Loop",                                         
                   "Parent Relationship": "Outer",                                     
                   "Parallel Aware": false,                                            
                   "Join Type": "Inner",                                               
                   "Startup Cost": 0.04,                                               
                   "Total Cost": 619.22,                                               
                   "Plan Rows": 190,                                                   
                   "Plan Width": 12,                                                   
                   "Actual Startup Time": 109.781,                                     
                   "Actual Total Time": 8264.093,                                      
                   "Actual Rows": 148552,                                              
                   "Actual Loops": 1,                                                  
                   "Inner Unique": false,                                              
                   "Shared Hit Blocks": 169745,                                        
                   "Shared Read Blocks": 30735,                                        
                   "Shared Dirtied Blocks": 0,                                         
                   "Shared Written Blocks": 0,                                         
                   "Local Hit Blocks": 0,                                              
                   "Local Read Blocks": 0,                                             
                   "Local Dirtied Blocks": 0,                                          
                   "Local Written Blocks": 0,                                          
                   "Temp Read Blocks": 0,                                              
                   "Temp Written Blocks": 0,                                           
                   "Plans": [                                                          
                     {                                                                 
                       "Node Type": "Nested Loop",                                     
                       "Parent Relationship": "Outer",                                 
                       "Parallel Aware": false,                                        
                       "Join Type": "Inner",                                           
                       "Startup Cost": 0.03,                                           
                       "Total Cost": 618.15,                                           
                       "Plan Rows": 34,                                                
                       "Plan Width": 4,                                                
                       "Actual Startup Time": 67.625,                                  
                       "Actual Total Time": 4366.316,                                  
                       "Actual Rows": 41840,                                           
                       "Actual Loops": 1,                                              
                       "Inner Unique": false,                                          
                       "Shared Hit Blocks": 0,                                         
                       "Shared Read Blocks": 11662,                                    
                       "Shared Dirtied Blocks": 0,                                     
                       "Shared Written Blocks": 0,                                     
                       "Local Hit Blocks": 0,                                          
                       "Local Read Blocks": 0,                                         
                       "Local Dirtied Blocks": 0,                                      
                       "Local Written Blocks": 0,                                      
                       "Temp Read Blocks": 0,                                          
                       "Temp Written Blocks": 0,                                       
                       "Plans": [                                                      
                         {                                                             
                           "Node Type": "Index Scan",                                  
                           "Parent Relationship": "Outer",                             
                           "Parallel Aware": false,                                    
                           "Scan Direction": "Forward",                                
                           "Index Name": "keyword_idx_keyword",                        
                           "Relation Name": "keyword",                                 
                           "Alias": "k",                                               
                           "Startup Cost": 0.01,                                       
                           "Total Cost": 6.13,                                         
                           "Plan Rows": 1,                                             
                           "Plan Width": 4,                                            
                           "Actual Startup Time": 30.964,                              
                           "Actual Total Time": 30.966,                                
                           "Actual Rows": 1,                                           
                           "Actual Loops": 1,                                          
                           "Index Cond": "(keyword = 'character-name-in-title'::text)",
                           "Rows Removed by Index Recheck": 0,                         
                           "Shared Hit Blocks": 0,                                     
                           "Shared Read Blocks": 4,                                    
                           "Shared Dirtied Blocks": 0,                                 
                           "Shared Written Blocks": 0,                                 
                           "Local Hit Blocks": 0,                                      
                           "Local Read Blocks": 0,                                     
                           "Local Dirtied Blocks": 0,                                  
                           "Local Written Blocks": 0,                                  
                           "Temp Read Blocks": 0,                                      
                           "Temp Written Blocks": 0                                    
                         },                                                            
                         {                                                             
                           "Node Type": "Index Scan",                                  
                           "Parent Relationship": "Inner",                             
                           "Parallel Aware": false,                                    
                           "Scan Direction": "Forward",                                
                           "Index Name": "keyword_id_movie_keyword",                   
                           "Relation Name": "movie_keyword",                           
                           "Alias": "mk",                                              
                           "Startup Cost": 0.01,                                       
                           "Total Cost": 122.40,                                       
                           "Plan Rows": 39,                                            
                           "Plan Width": 8,                                            
                           "Actual Startup Time": 36.635,                              
                           "Actual Total Time": 4315.832,                              
                           "Actual Rows": 41840,                                       
                           "Actual Loops": 1,                                          
                           "Index Cond": "(keyword_id = k.id)",                        
                           "Rows Removed by Index Recheck": 0,                         
                           "Shared Hit Blocks": 0,                                     
                           "Shared Read Blocks": 11658,                                
                           "Shared Dirtied Blocks": 0,                                 
                           "Shared Written Blocks": 0,                                 
                           "Local Hit Blocks": 0,                                      
                           "Local Read Blocks": 0,                                     
                           "Local Dirtied Blocks": 0,                                  
                           "Local Written Blocks": 0,                                  
                           "Temp Read Blocks": 0,                                      
                           "Temp Written Blocks": 0                                    
                         }                                                             
                       ]                                                               
                     },                                                                
                     {                                                                 
                       "Node Type": "Index Scan",                                      
                       "Parent Relationship": "Inner",                                 
                       "Parallel Aware": false,                                        
                       "Scan Direction": "Forward",                                    
                       "Index Name": "movie_id_movie_companies",                       
                       "Relation Name": "movie_companies",                             
                       "Alias": "mc",                                                  
                       "Startup Cost": 0.01,                                           
                       "Total Cost": 0.03,                                             
                       "Plan Rows": 2,                                                 
                       "Plan Width": 8,                                                
                       "Actual Startup Time": 0.069,                                   
                       "Actual Total Time": 0.090,                                     
                       "Actual Rows": 4,                                               
                       "Actual Loops": 41840,                                          
                       "Index Cond": "(movie_id = mk.movie_id)",                       
                       "Rows Removed by Index Recheck": 0,                             
                       "Shared Hit Blocks": 169745,                                    
                       "Shared Read Blocks": 19073,                                    
                       "Shared Dirtied Blocks": 0,                                     
                       "Shared Written Blocks": 0,                                     
                       "Local Hit Blocks": 0,                                          
                       "Local Read Blocks": 0,                                         
                       "Local Dirtied Blocks": 0,                                      
                       "Local Written Blocks": 0,                                      
                       "Temp Read Blocks": 0,                                          
                       "Temp Written Blocks": 0                                        
                     }                                                                 
                   ]                                                                   
                 },                                                                    
                 {                                                                     
                   "Node Type": "Index Scan",                                          
                   "Parent Relationship": "Inner",                                     
                   "Parallel Aware": false,                                            
                   "Scan Direction": "Forward",                                        
                   "Index Name": "company_name_pkey",                                  
                   "Relation Name": "company_name",                                    
                   "Alias": "cn",                                                      
                   "Startup Cost": 0.01,                                               
                   "Total Cost": 0.02,                                                 
                   "Plan Rows": 1,                                                     
                   "Plan Width": 4,                                                    
                   "Actual Startup Time": 0.054,                                       
                   "Actual Total Time": 0.054,                                         
                   "Actual Rows": 0,                                                   
                   "Actual Loops": 148552,                                             
                   "Index Cond": "(id = mc.company_id)",                               
                   "Rows Removed by Index Recheck": 0,                                 
                   "Filter": "((country_code)::text = '[nl]'::text)",                  
                   "Rows Removed by Filter": 1,                                        
                   "Shared Hit Blocks": 591137,                                        
                   "Shared Read Blocks": 3813,                                         
                   "Shared Dirtied Blocks": 0,                                         
                   "Shared Written Blocks": 0,                                         
                   "Local Hit Blocks": 0,                                              
                   "Local Read Blocks": 0,                                             
                   "Local Dirtied Blocks": 0,                                          
                   "Local Written Blocks": 0,                                          
                   "Temp Read Blocks": 0,                                              
                   "Temp Written Blocks": 0                                            
                 }                                                                     
               ]                                                                       
             },                                                                        
             {                                                                         
               "Node Type": "Index Scan",                                              
               "Parent Relationship": "Inner",                                         
               "Parallel Aware": false,                                                
               "Scan Direction": "Forward",                                            
               "Index Name": "title_idx_id",                                           
               "Relation Name": "title",                                               
               "Alias": "t",                                                           
               "Startup Cost": 0.01,                                                   
               "Total Cost": 0.04,                                                     
               "Plan Rows": 1,                                                         
               "Plan Width": 21,                                                       
               "Actual Startup Time": 2.471,                                           
               "Actual Total Time": 2.471,                                             
               "Actual Rows": 1,                                                       
               "Actual Loops": 5228,                                                   
               "Index Cond": "(id = mk.movie_id)",                                     
               "Rows Removed by Index Recheck": 0,                                     
               "Shared Hit Blocks": 17094,                                             
               "Shared Read Blocks": 3830,                                             
               "Shared Dirtied Blocks": 0,                                             
               "Shared Written Blocks": 0,                                             
               "Local Hit Blocks": 0,                                                  
               "Local Read Blocks": 0,                                                 
               "Local Dirtied Blocks": 0,                                              
               "Local Written Blocks": 0,                                              
               "Temp Read Blocks": 0,                                                  
               "Temp Written Blocks": 0                                                
             }                                                                         
           ]                                                                           
         }                                                                             
       ]                                                                               
     },                                                                                
     "Planning Time": 2104.572,                                                        
     "Triggers": [                                                                     
     ],                                                                                
     "Execution Time": 29417.186                                                       
   }                                                                                   
 ]
