 [                                                                                                                                                               
   {                                                                                                                                                             
     "Plan": {                                                                                                                                                   
       "Node Type": "Aggregate",                                                                                                                                 
       "Strategy": "Plain",                                                                                                                                      
       "Partial Mode": "Simple",                                                                                                                                 
       "Parallel Aware": false,                                                                                                                                  
       "Startup Cost": 904.17,                                                                                                                                   
       "Total Cost": 904.17,                                                                                                                                     
       "Plan Rows": 1,                                                                                                                                           
       "Plan Width": 128,                                                                                                                                        
       "Actual Startup Time": 784855.262,                                                                                                                        
       "Actual Total Time": 784855.262,                                                                                                                          
       "Actual Rows": 1,                                                                                                                                         
       "Actual Loops": 1,                                                                                                                                        
       "Shared Hit Blocks": 1216520,                                                                                                                             
       "Shared Read Blocks": 180274,                                                                                                                             
       "Shared Dirtied Blocks": 0,                                                                                                                               
       "Shared Written Blocks": 0,                                                                                                                               
       "Local Hit Blocks": 0,                                                                                                                                    
       "Local Read Blocks": 0,                                                                                                                                   
       "Local Dirtied Blocks": 0,                                                                                                                                
       "Local Written Blocks": 0,                                                                                                                                
       "Temp Read Blocks": 0,                                                                                                                                    
       "Temp Written Blocks": 0,                                                                                                                                 
       "Plans": [                                                                                                                                                
         {                                                                                                                                                       
           "Node Type": "Nested Loop",                                                                                                                           
           "Parent Relationship": "Outer",                                                                                                                       
           "Parallel Aware": false,                                                                                                                              
           "Join Type": "Inner",                                                                                                                                 
           "Startup Cost": 0.11,                                                                                                                                 
           "Total Cost": 904.17,                                                                                                                                 
           "Plan Rows": 1,                                                                                                                                       
           "Plan Width": 80,                                                                                                                                     
           "Actual Startup Time": 5976.656,                                                                                                                      
           "Actual Total Time": 784850.323,                                                                                                                      
           "Actual Rows": 757,                                                                                                                                   
           "Actual Loops": 1,                                                                                                                                    
           "Inner Unique": false,                                                                                                                                
           "Join Filter": "(it.id = mi_idx.info_type_id)",                                                                                                      
           "Rows Removed by Join Filter": 1524,                                                                                                                  
           "Shared Hit Blocks": 1216520,                                                                                                                         
           "Shared Read Blocks": 180274,                                                                                                                         
           "Shared Dirtied Blocks": 0,                                                                                                                           
           "Shared Written Blocks": 0,                                                                                                                           
           "Local Hit Blocks": 0,                                                                                                                                
           "Local Read Blocks": 0,                                                                                                                               
           "Local Dirtied Blocks": 0,                                                                                                                            
           "Local Written Blocks": 0,                                                                                                                            
           "Temp Read Blocks": 0,                                                                                                                                
           "Temp Written Blocks": 0,                                                                                                                             
           "Plans": [                                                                                                                                            
             {                                                                                                                                                   
               "Node Type": "Seq Scan",                                                                                                                          
               "Parent Relationship": "Outer",                                                                                                                   
               "Parallel Aware": false,                                                                                                                          
               "Relation Name": "info_type",                                                                                                                     
               "Alias": "it",                                                                                                                                   
               "Startup Cost": 0.00,                                                                                                                             
               "Total Cost": 0.05,                                                                                                                               
               "Plan Rows": 1,                                                                                                                                   
               "Plan Width": 4,                                                                                                                                  
               "Actual Startup Time": 11.430,                                                                                                                    
               "Actual Total Time": 11.441,                                                                                                                      
               "Actual Rows": 1,                                                                                                                                 
               "Actual Loops": 1,                                                                                                                                
               "Filter": "((info)::text = 'votes'::text)",                                                                                                       
               "Rows Removed by Filter": 112,                                                                                                                    
               "Shared Hit Blocks": 0,                                                                                                                           
               "Shared Read Blocks": 1,                                                                                                                          
               "Shared Dirtied Blocks": 0,                                                                                                                       
               "Shared Written Blocks": 0,                                                                                                                       
               "Local Hit Blocks": 0,                                                                                                                            
               "Local Read Blocks": 0,                                                                                                                           
               "Local Dirtied Blocks": 0,                                                                                                                        
               "Local Written Blocks": 0,                                                                                                                        
               "Temp Read Blocks": 0,                                                                                                                            
               "Temp Written Blocks": 0                                                                                                                          
             },                                                                                                                                                  
             {                                                                                                                                                   
               "Node Type": "Materialize",                                                                                                                       
               "Parent Relationship": "Inner",                                                                                                                   
               "Parallel Aware": false,                                                                                                                          
               "Startup Cost": 0.11,                                                                                                                             
               "Total Cost": 904.12,                                                                                                                             
               "Plan Rows": 1,                                                                                                                                   
               "Plan Width": 84,                                                                                                                                 
               "Actual Startup Time": 5965.210,                                                                                                                  
               "Actual Total Time": 784836.813,                                                                                                                  
               "Actual Rows": 2281,                                                                                                                              
               "Actual Loops": 1,                                                                                                                                
               "Shared Hit Blocks": 1216520,                                                                                                                     
               "Shared Read Blocks": 180273,                                                                                                                     
               "Shared Dirtied Blocks": 0,                                                                                                                       
               "Shared Written Blocks": 0,                                                                                                                       
               "Local Hit Blocks": 0,                                                                                                                            
               "Local Read Blocks": 0,                                                                                                                           
               "Local Dirtied Blocks": 0,                                                                                                                        
               "Local Written Blocks": 0,                                                                                                                        
               "Temp Read Blocks": 0,                                                                                                                            
               "Temp Written Blocks": 0,                                                                                                                         
               "Plans": [                                                                                                                                        
                 {                                                                                                                                               
                   "Node Type": "Nested Loop",                                                                                                                   
                   "Parent Relationship": "Outer",                                                                                                               
                   "Parallel Aware": false,                                                                                                                      
                   "Join Type": "Inner",                                                                                                                         
                   "Startup Cost": 0.11,                                                                                                                         
                   "Total Cost": 904.12,                                                                                                                         
                   "Plan Rows": 1,                                                                                                                               
                   "Plan Width": 84,                                                                                                                             
                   "Actual Startup Time": 5965.195,                                                                                                              
                   "Actual Total Time": 784831.874,                                                                                                              
                   "Actual Rows": 2281,                                                                                                                          
                   "Actual Loops": 1,                                                                                                                            
                   "Inner Unique": false,                                                                                                                        
                   "Join Filter": "(t.id = mi_idx.movie_id)",                                                                                                    
                   "Rows Removed by Join Filter": 0,                                                                                                             
                   "Shared Hit Blocks": 1216520,                                                                                                                 
                   "Shared Read Blocks": 180273,                                                                                                                 
                   "Shared Dirtied Blocks": 0,                                                                                                                   
                   "Shared Written Blocks": 0,                                                                                                                   
                   "Local Hit Blocks": 0,                                                                                                                        
                   "Local Read Blocks": 0,                                                                                                                       
                   "Local Dirtied Blocks": 0,                                                                                                                    
                   "Local Written Blocks": 0,                                                                                                                    
                   "Temp Read Blocks": 0,                                                                                                                        
                   "Temp Written Blocks": 0,                                                                                                                     
                   "Plans": [                                                                                                                                    
                     {                                                                                                                                           
                       "Node Type": "Nested Loop",                                                                                                               
                       "Parent Relationship": "Outer",                                                                                                           
                       "Parallel Aware": false,                                                                                                                  
                       "Join Type": "Inner",                                                                                                                     
                       "Startup Cost": 0.10,                                                                                                                     
                       "Total Cost": 904.01,                                                                                                                     
                       "Plan Rows": 1,                                                                                                                           
                       "Plan Width": 94,                                                                                                                         
                       "Actual Startup Time": 5913.338,                                                                                                          
                       "Actual Total Time": 779764.997,                                                                                                          
                       "Actual Rows": 757,                                                                                                                       
                       "Actual Loops": 1,                                                                                                                        
                       "Inner Unique": true,                                                                                                                     
                       "Shared Hit Blocks": 1213779,                                                                                                             
                       "Shared Read Blocks": 179968,                                                                                                             
                       "Shared Dirtied Blocks": 0,                                                                                                               
                       "Shared Written Blocks": 0,                                                                                                               
                       "Local Hit Blocks": 0,                                                                                                                    
                       "Local Read Blocks": 0,                                                                                                                   
                       "Local Dirtied Blocks": 0,                                                                                                                
                       "Local Written Blocks": 0,                                                                                                                
                       "Temp Read Blocks": 0,                                                                                                                    
                       "Temp Written Blocks": 0,                                                                                                                 
                       "Plans": [                                                                                                                                
                         {                                                                                                                                       
                           "Node Type": "Nested Loop",                                                                                                           
                           "Parent Relationship": "Outer",                                                                                                       
                           "Parallel Aware": false,                                                                                                              
                           "Join Type": "Inner",                                                                                                                 
                           "Startup Cost": 0.08,                                                                                                                 
                           "Total Cost": 903.07,                                                                                                                 
                           "Plan Rows": 1,                                                                                                                       
                           "Plan Width": 83,                                                                                                                     
                           "Actual Startup Time": 5884.889,                                                                                                      
                           "Actual Total Time": 776343.803,                                                                                                      
                           "Actual Rows": 1021,                                                                                                                  
                           "Actual Loops": 1,                                                                                                                    
                           "Inner Unique": true,                                                                                                                 
                           "Join Filter": "(mi.movie_id = t.id)",                                                                                                
                           "Rows Removed by Join Filter": 0,                                                                                                     
                           "Shared Hit Blocks": 1210195,                                                                                                         
                           "Shared Read Blocks": 179468,                                                                                                         
                           "Shared Dirtied Blocks": 0,                                                                                                           
                           "Shared Written Blocks": 0,                                                                                                           
                           "Local Hit Blocks": 0,                                                                                                                
                           "Local Read Blocks": 0,                                                                                                               
                           "Local Dirtied Blocks": 0,                                                                                                            
                           "Local Written Blocks": 0,                                                                                                            
                           "Temp Read Blocks": 0,                                                                                                                
                           "Temp Written Blocks": 0,                                                                                                             
                           "Plans": [                                                                                                                            
                             {                                                                                                                                   
                               "Node Type": "Nested Loop",                                                                                                       
                               "Parent Relationship": "Outer",                                                                                                   
                               "Parallel Aware": false,                                                                                                          
                               "Join Type": "Inner",                                                                                                             
                               "Startup Cost": 0.07,                                                                                                             
                               "Total Cost": 902.86,                                                                                                             
                               "Plan Rows": 1,                                                                                                                   
                               "Plan Width": 62,                                                                                                                 
                               "Actual Startup Time": 721.132,                                                                                                   
                               "Actual Total Time": 747689.179,                                                                                                  
                               "Actual Rows": 6488,                                                                                                              
                               "Actual Loops": 1,                                                                                                                
                               "Inner Unique": false,                                                                                                            
                               "Join Filter": "(mi.movie_id = ci.movie_id)",                                                                                     
                               "Rows Removed by Join Filter": 0,                                                                                                 
                               "Shared Hit Blocks": 1186385,                                                                                                     
                               "Shared Read Blocks": 177321,                                                                                                     
                               "Shared Dirtied Blocks": 0,                                                                                                       
                               "Shared Written Blocks": 0,                                                                                                       
                               "Local Hit Blocks": 0,                                                                                                            
                               "Local Read Blocks": 0,                                                                                                           
                               "Local Dirtied Blocks": 0,                                                                                                        
                               "Local Written Blocks": 0,                                                                                                        
                               "Temp Read Blocks": 0,                                                                                                            
                               "Temp Written Blocks": 0,                                                                                                         
                               "Plans": [                                                                                                                        
                                 {                                                                                                                               
                                   "Node Type": "Nested Loop",                                                                                                   
                                   "Parent Relationship": "Outer",                                                                                               
                                   "Parallel Aware": false,                                                                                                      
                                   "Join Type": "Inner",                                                                                                         
                                   "Startup Cost": 0.05,                                                                                                         
                                   "Total Cost": 901.53,                                                                                                         
                                   "Plan Rows": 1,                                                                                                               
                                   "Plan Width": 54,                                                                                                             
                                   "Actual Startup Time": 607.141,                                                                                               
                                   "Actual Total Time": 231595.840,                                                                                              
                                   "Actual Rows": 8247,                                                                                                          
                                   "Actual Loops": 1,                                                                                                            
                                   "Inner Unique": true,                                                                                                         
                                   "Join Filter": "(it.id = mi.info_type_id)",                                                                                  
                                   "Rows Removed by Join Filter": 2048,                                                                                          
                                   "Shared Hit Blocks": 609888,                                                                                                  
                                   "Shared Read Blocks": 92152,                                                                                                  
                                   "Shared Dirtied Blocks": 0,                                                                                                   
                                   "Shared Written Blocks": 0,                                                                                                   
                                   "Local Hit Blocks": 0,                                                                                                        
                                   "Local Read Blocks": 0,                                                                                                       
                                   "Local Dirtied Blocks": 0,                                                                                                    
                                   "Local Written Blocks": 0,                                                                                                    
                                   "Temp Read Blocks": 0,                                                                                                        
                                   "Temp Written Blocks": 0,                                                                                                     
                                   "Plans": [                                                                                                                    
                                     {                                                                                                                           
                                       "Node Type": "Nested Loop",                                                                                               
                                       "Parent Relationship": "Outer",                                                                                           
                                       "Parallel Aware": false,                                                                                                  
                                       "Join Type": "Inner",                                                                                                     
                                       "Startup Cost": 0.05,                                                                                                     
                                       "Total Cost": 901.49,                                                                                                     
                                       "Plan Rows": 2,                                                                                                           
                                       "Plan Width": 58,                                                                                                         
                                       "Actual Startup Time": 607.091,                                                                                           
                                       "Actual Total Time": 231570.337,                                                                                          
                                       "Actual Rows": 10295,                                                                                                     
                                       "Actual Loops": 1,                                                                                                        
                                       "Inner Unique": false,                                                                                                    
                                       "Shared Hit Blocks": 609887,                                                                                              
                                       "Shared Read Blocks": 92152,                                                                                              
                                       "Shared Dirtied Blocks": 0,                                                                                               
                                       "Shared Written Blocks": 0,                                                                                               
                                       "Local Hit Blocks": 0,                                                                                                    
                                       "Local Read Blocks": 0,                                                                                                   
                                       "Local Dirtied Blocks": 0,                                                                                                
                                       "Local Written Blocks": 0,                                                                                                
                                       "Temp Read Blocks": 0,                                                                                                    
                                       "Temp Written Blocks": 0,                                                                                                 
                                       "Plans": [                                                                                                                
                                         {                                                                                                                       
                                           "Node Type": "Nested Loop",                                                                                           
                                           "Parent Relationship": "Outer",                                                                                       
                                           "Parallel Aware": false,                                                                                              
                                           "Join Type": "Inner",                                                                                                 
                                           "Startup Cost": 0.04,                                                                                                 
                                           "Total Cost": 900.11,                                                                                                 
                                           "Plan Rows": 9,                                                                                                       
                                           "Plan Width": 8,                                                                                                      
                                           "Actual Startup Time": 235.300,                                                                                       
                                           "Actual Total Time": 17534.142,                                                                                       
                                           "Actual Rows": 16336,                                                                                                 
                                           "Actual Loops": 1,                                                                                                    
                                           "Inner Unique": true,                                                                                                 
                                           "Join Filter": "(cct.id = cc.status_id)",                                                                            
                                           "Rows Removed by Join Filter": 19674,                                                                                 
                                           "Shared Hit Blocks": 297779,                                                                                          
                                           "Shared Read Blocks": 22164,                                                                                          
                                           "Shared Dirtied Blocks": 0,                                                                                           
                                           "Shared Written Blocks": 0,                                                                                           
                                           "Local Hit Blocks": 0,                                                                                                
                                           "Local Read Blocks": 0,                                                                                               
                                           "Local Dirtied Blocks": 0,                                                                                            
                                           "Local Written Blocks": 0,                                                                                            
                                           "Temp Read Blocks": 0,                                                                                                
                                           "Temp Written Blocks": 0,                                                                                             
                                           "Plans": [                                                                                                            
                                             {                                                                                                                   
                                               "Node Type": "Nested Loop",                                                                                       
                                               "Parent Relationship": "Outer",                                                                                   
                                               "Parallel Aware": false,                                                                                          
                                               "Join Type": "Inner",                                                                                             
                                               "Startup Cost": 0.04,                                                                                             
                                               "Total Cost": 900.07,                                                                                             
                                               "Plan Rows": 36,                                                                                                  
                                               "Plan Width": 12,                                                                                                 
                                               "Actual Startup Time": 182.359,                                                                                   
                                               "Actual Total Time": 17477.898,                                                                                   
                                               "Actual Rows": 36010,                                                                                             
                                               "Actual Loops": 1,                                                                                                
                                               "Inner Unique": true,                                                                                             
                                               "Join Filter": "(cct.id = cc.subject_id)",                                                                       
                                               "Rows Removed by Join Filter": 10679,                                                                             
                                               "Shared Hit Blocks": 297778,                                                                                      
                                               "Shared Read Blocks": 22164,                                                                                      
                                               "Shared Dirtied Blocks": 0,                                                                                       
                                               "Shared Written Blocks": 0,                                                                                       
                                               "Local Hit Blocks": 0,                                                                                            
                                               "Local Read Blocks": 0,                                                                                           
                                               "Local Dirtied Blocks": 0,                                                                                        
                                               "Local Written Blocks": 0,                                                                                        
                                               "Temp Read Blocks": 0,                                                                                            
                                               "Temp Written Blocks": 0,                                                                                         
                                               "Plans": [                                                                                                        
                                                 {                                                                                                               
                                                   "Node Type": "Nested Loop",                                                                                   
                                                   "Parent Relationship": "Outer",                                                                               
                                                   "Parallel Aware": false,                                                                                      
                                                   "Join Type": "Inner",                                                                                         
                                                   "Startup Cost": 0.04,                                                                                         
                                                   "Total Cost": 900.01,                                                                                         
                                                   "Plan Rows": 71,                                                                                              
                                                   "Plan Width": 16,                                                                                             
                                                   "Actual Startup Time": 176.085,                                                                               
                                                   "Actual Total Time": 17396.518,                                                                               
                                                   "Actual Rows": 36010,                                                                                         
                                                   "Actual Loops": 1,                                                                                            
                                                   "Inner Unique": false,                                                                                        
                                                   "Shared Hit Blocks": 297778,                                                                                  
                                                   "Shared Read Blocks": 22163,                                                                                  
                                                   "Shared Dirtied Blocks": 0,                                                                                   
                                                   "Shared Written Blocks": 0,                                                                                   
                                                   "Local Hit Blocks": 0,                                                                                        
                                                   "Local Read Blocks": 0,                                                                                       
                                                   "Local Dirtied Blocks": 0,                                                                                    
                                                   "Local Written Blocks": 0,                                                                                    
                                                   "Temp Read Blocks": 0,                                                                                        
                                                   "Temp Written Blocks": 0,                                                                                     
                                                   "Plans": [                                                                                                    
                                                     {                                                                                                           
                                                       "Node Type": "Nested Loop",                                                                               
                                                       "Parent Relationship": "Outer",                                                                           
                                                       "Parallel Aware": false,                                                                                  
                                                       "Join Type": "Inner",                                                                                     
                                                       "Startup Cost": 0.03,                                                                                     
                                                       "Total Cost": 896.69,                                                                                     
                                                       "Plan Rows": 236,                                                                                         
                                                       "Plan Width": 4,                                                                                          
                                                       "Actual Startup Time": 73.382,                                                                            
                                                       "Actual Total Time": 15596.384,                                                                           
                                                       "Actual Rows": 76714,                                                                                     
                                                       "Actual Loops": 1,                                                                                        
                                                       "Inner Unique": false,                                                                                    
                                                       "Shared Hit Blocks": 32396,                                                                               
                                                       "Shared Read Blocks": 21102,                                                                              
                                                       "Shared Dirtied Blocks": 0,                                                                               
                                                       "Shared Written Blocks": 0,                                                                               
                                                       "Local Hit Blocks": 0,                                                                                    
                                                       "Local Read Blocks": 0,                                                                                   
                                                       "Local Dirtied Blocks": 0,                                                                                
                                                       "Local Written Blocks": 0,                                                                                
                                                       "Temp Read Blocks": 0,                                                                                    
                                                       "Temp Written Blocks": 0,                                                                                 
                                                       "Plans": [                                                                                                
                                                         {                                                                                                       
                                                           "Node Type": "Index Scan",                                                                            
                                                           "Parent Relationship": "Outer",                                                                       
                                                           "Parallel Aware": false,                                                                              
                                                           "Scan Direction": "Forward",                                                                          
                                                           "Index Name": "keyword_idx_keyword",                                                                  
                                                           "Relation Name": "keyword",                                                                           
                                                           "Alias": "k",                                                                                         
                                                           "Startup Cost": 0.01,                                                                                 
                                                           "Total Cost": 42.93,                                                                                  
                                                           "Plan Rows": 7,                                                                                       
                                                           "Plan Width": 4,                                                                                      
                                                           "Actual Startup Time": 28.392,                                                                        
                                                           "Actual Total Time": 195.070,                                                                         
                                                           "Actual Rows": 7,                                                                                     
                                                           "Actual Loops": 1,                                                                                    
                                                           "Index Cond": "(keyword = ANY ('{murder,violence,blood,gore,death,female-nudity,hospital}'::text[]))",
                                                           "Rows Removed by Index Recheck": 0,                                                                   
                                                           "Shared Hit Blocks": 14,                                                                              
                                                           "Shared Read Blocks": 17,                                                                             
                                                           "Shared Dirtied Blocks": 0,                                                                           
                                                           "Shared Written Blocks": 0,                                                                           
                                                           "Local Hit Blocks": 0,                                                                                
                                                           "Local Read Blocks": 0,                                                                               
                                                           "Local Dirtied Blocks": 0,                                                                            
                                                           "Local Written Blocks": 0,                                                                            
                                                           "Temp Read Blocks": 0,                                                                                
                                                           "Temp Written Blocks": 0                                                                              
                                                         },                                                                                                      
                                                         {                                                                                                       
                                                           "Node Type": "Index Scan",                                                                            
                                                           "Parent Relationship": "Inner",                                                                       
                                                           "Parallel Aware": false,                                                                              
                                                           "Scan Direction": "Forward",                                                                          
                                                           "Index Name": "keyword_id_movie_keyword",                                                             
                                                           "Relation Name": "movie_keyword",                                                                     
                                                           "Alias": "mk",                                                                                        
                                                           "Startup Cost": 0.01,                                                                                 
                                                           "Total Cost": 121.96,                                                                                 
                                                           "Plan Rows": 39,                                                                                      
                                                           "Plan Width": 8,                                                                                      
                                                           "Actual Startup Time": 21.389,                                                                        
                                                           "Actual Total Time": 2193.062,                                                                        
                                                           "Actual Rows": 10959,                                                                                 
                                                           "Actual Loops": 7,                                                                                    
                                                           "Index Cond": "(keyword_id = k.id)",                                                                  
                                                           "Rows Removed by Index Recheck": 0,                                                                   
                                                           "Shared Hit Blocks": 32382,                                                                           
                                                           "Shared Read Blocks": 21085,                                                                          
                                                           "Shared Dirtied Blocks": 0,                                                                           
                                                           "Shared Written Blocks": 0,                                                                           
                                                           "Local Hit Blocks": 0,                                                                                
                                                           "Local Read Blocks": 0,                                                                               
                                                           "Local Dirtied Blocks": 0,                                                                            
                                                           "Local Written Blocks": 0,                                                                            
                                                           "Temp Read Blocks": 0,                                                                                
                                                           "Temp Written Blocks": 0                                                                              
                                                         }                                                                                                       
                                                       ]                                                                                                         
                                                     },                                                                                                          
                                                     {                                                                                                           
                                                       "Node Type": "Index Scan",                                                                                
                                                       "Parent Relationship": "Inner",                                                                           
                                                       "Parallel Aware": false,                                                                                  
                                                       "Scan Direction": "Forward",                                                                              
                                                       "Index Name": "movie_id_complete_cast",                                                                   
                                                       "Relation Name": "complete_cast",                                                                         
                                                       "Alias": "cc",                                                                                            
                                                       "Startup Cost": 0.01,                                                                                     
                                                       "Total Cost": 0.01,                                                                                       
                                                       "Plan Rows": 1,                                                                                           
                                                       "Plan Width": 12,                                                                                         
                                                       "Actual Startup Time": 0.018,                                                                             
                                                       "Actual Total Time": 0.022,                                                                               
                                                       "Actual Rows": 0,                                                                                         
                                                       "Actual Loops": 76714,                                                                                    
                                                       "Index Cond": "(movie_id = mk.movie_id)",                                                                 
                                                       "Rows Removed by Index Recheck": 0,                                                                       
                                                       "Shared Hit Blocks": 265382,                                                                              
                                                       "Shared Read Blocks": 1061,                                                                               
                                                       "Shared Dirtied Blocks": 0,                                                                               
                                                       "Shared Written Blocks": 0,                                                                               
                                                       "Local Hit Blocks": 0,                                                                                    
                                                       "Local Read Blocks": 0,                                                                                   
                                                       "Local Dirtied Blocks": 0,                                                                                
                                                       "Local Written Blocks": 0,                                                                                
                                                       "Temp Read Blocks": 0,                                                                                    
                                                       "Temp Written Blocks": 0                                                                                  
                                                     }                                                                                                           
                                                   ]                                                                                                             
                                                 },                                                                                                              
                                                 {                                                                                                               
                                                   "Node Type": "Materialize",                                                                                   
                                                   "Parent Relationship": "Inner",                                                                               
                                                   "Parallel Aware": false,                                                                                      
                                                   "Startup Cost": 0.00,                                                                                         
                                                   "Total Cost": 0.03,                                                                                           
                                                   "Plan Rows": 2,                                                                                               
                                                   "Plan Width": 4,                                                                                              
                                                   "Actual Startup Time": 0.000,                                                                                 
                                                   "Actual Total Time": 0.001,                                                                                   
                                                   "Actual Rows": 1,                                                                                             
                                                   "Actual Loops": 36010,                                                                                        
                                                   "Shared Hit Blocks": 0,                                                                                       
                                                   "Shared Read Blocks": 1,                                                                                      
                                                   "Shared Dirtied Blocks": 0,                                                                                   
                                                   "Shared Written Blocks": 0,                                                                                   
                                                   "Local Hit Blocks": 0,                                                                                        
                                                   "Local Read Blocks": 0,                                                                                       
                                                   "Local Dirtied Blocks": 0,                                                                                    
                                                   "Local Written Blocks": 0,                                                                                    
                                                   "Temp Read Blocks": 0,                                                                                        
                                                   "Temp Written Blocks": 0,                                                                                     
                                                   "Plans": [                                                                                                    
                                                     {                                                                                                           
                                                       "Node Type": "Seq Scan",                                                                                  
                                                       "Parent Relationship": "Outer",                                                                           
                                                       "Parallel Aware": false,                                                                                  
                                                       "Relation Name": "comp_cast_type",                                                                        
                                                       "Alias": "cct",                                                                                          
                                                       "Startup Cost": 0.00,                                                                                     
                                                       "Total Cost": 0.03,                                                                                       
                                                       "Plan Rows": 2,                                                                                           
                                                       "Plan Width": 4,                                                                                          
                                                       "Actual Startup Time": 6.255,                                                                             
                                                       "Actual Total Time": 6.261,                                                                               
                                                       "Actual Rows": 2,                                                                                         
                                                       "Actual Loops": 1,                                                                                        
                                                       "Filter": "((kind)::text = ANY ('{cast,crew}'::text[]))",                                                 
                                                       "Rows Removed by Filter": 0,                                                                              
                                                       "Shared Hit Blocks": 0,                                                                                   
                                                       "Shared Read Blocks": 1,                                                                                  
                                                       "Shared Dirtied Blocks": 0,                                                                               
                                                       "Shared Written Blocks": 0,                                                                               
                                                       "Local Hit Blocks": 0,                                                                                    
                                                       "Local Read Blocks": 0,                                                                                   
                                                       "Local Dirtied Blocks": 0,                                                                                
                                                       "Local Written Blocks": 0,                                                                                
                                                       "Temp Read Blocks": 0,                                                                                    
                                                       "Temp Written Blocks": 0                                                                                  
                                                     }                                                                                                           
                                                   ]                                                                                                             
                                                 }                                                                                                               
                                               ]                                                                                                                 
                                             },                                                                                                                  
                                             {                                                                                                                   
                                               "Node Type": "Materialize",                                                                                       
                                               "Parent Relationship": "Inner",                                                                                   
                                               "Parallel Aware": false,                                                                                          
                                               "Startup Cost": 0.00,                                                                                             
                                               "Total Cost": 0.03,                                                                                               
                                               "Plan Rows": 1,                                                                                                   
                                               "Plan Width": 4,                                                                                                  
                                               "Actual Startup Time": 0.000,                                                                                     
                                               "Actual Total Time": 0.000,                                                                                       
                                               "Actual Rows": 1,                                                                                                 
                                               "Actual Loops": 36010,                                                                                            
                                               "Shared Hit Blocks": 1,                                                                                           
                                               "Shared Read Blocks": 0,                                                                                          
                                               "Shared Dirtied Blocks": 0,                                                                                       
                                               "Shared Written Blocks": 0,                                                                                       
                                               "Local Hit Blocks": 0,                                                                                            
                                               "Local Read Blocks": 0,                                                                                           
                                               "Local Dirtied Blocks": 0,                                                                                        
                                               "Local Written Blocks": 0,                                                                                        
                                               "Temp Read Blocks": 0,                                                                                            
                                               "Temp Written Blocks": 0,                                                                                         
                                               "Plans": [                                                                                                        
                                                 {                                                                                                               
                                                   "Node Type": "Seq Scan",                                                                                      
                                                   "Parent Relationship": "Outer",                                                                               
                                                   "Parallel Aware": false,                                                                                      
                                                   "Relation Name": "comp_cast_type",                                                                            
                                                   "Alias": "cct",                                                                                              
                                                   "Startup Cost": 0.00,                                                                                         
                                                   "Total Cost": 0.03,                                                                                           
                                                   "Plan Rows": 1,                                                                                               
                                                   "Plan Width": 4,                                                                                              
                                                   "Actual Startup Time": 0.015,                                                                                 
                                                   "Actual Total Time": 0.016,                                                                                   
                                                   "Actual Rows": 1,                                                                                             
                                                   "Actual Loops": 1,                                                                                            
                                                   "Filter": "((kind)::text = 'completeverified'::text)",                                                       
                                                   "Rows Removed by Filter": 3,                                                                                  
                                                   "Shared Hit Blocks": 1,                                                                                       
                                                   "Shared Read Blocks": 0,                                                                                      
                                                   "Shared Dirtied Blocks": 0,                                                                                   
                                                   "Shared Written Blocks": 0,                                                                                   
                                                   "Local Hit Blocks": 0,                                                                                        
                                                   "Local Read Blocks": 0,                                                                                       
                                                   "Local Dirtied Blocks": 0,                                                                                    
                                                   "Local Written Blocks": 0,                                                                                    
                                                   "Temp Read Blocks": 0,                                                                                        
                                                   "Temp Written Blocks": 0                                                                                      
                                                 }                                                                                                               
                                               ]                                                                                                                 
                                             }                                                                                                                   
                                           ]                                                                                                                     
                                         },                                                                                                                      
                                         {                                                                                                                       
                                           "Node Type": "Index Scan",                                                                                            
                                           "Parent Relationship": "Inner",                                                                                       
                                           "Parallel Aware": false,                                                                                              
                                           "Scan Direction": "Forward",                                                                                          
                                           "Index Name": "movie_id_movie_info",                                                                                  
                                           "Relation Name": "movie_info",                                                                                        
                                           "Alias": "mi",                                                                                                        
                                           "Startup Cost": 0.01,                                                                                                 
                                           "Total Cost": 0.15,                                                                                                   
                                           "Plan Rows": 1,                                                                                                       
                                           "Plan Width": 50,                                                                                                     
                                           "Actual Startup Time": 12.847,                                                                                        
                                           "Actual Total Time": 13.100,                                                                                          
                                           "Actual Rows": 1,                                                                                                     
                                           "Actual Loops": 16336,                                                                                                
                                           "Index Cond": "(movie_id = mk.movie_id)",                                                                             
                                           "Rows Removed by Index Recheck": 0,                                                                                   
                                           "Filter": "(info = ANY ('{Horror,Thriller}'::text[]))",                                                               
                                           "Rows Removed by Filter": 134,                                                                                        
                                           "Shared Hit Blocks": 312108,                                                                                          
                                           "Shared Read Blocks": 69988,                                                                                          
                                           "Shared Dirtied Blocks": 0,                                                                                           
                                           "Shared Written Blocks": 0,                                                                                           
                                           "Local Hit Blocks": 0,                                                                                                
                                           "Local Read Blocks": 0,                                                                                               
                                           "Local Dirtied Blocks": 0,                                                                                            
                                           "Local Written Blocks": 0,                                                                                            
                                           "Temp Read Blocks": 0,                                                                                                
                                           "Temp Written Blocks": 0                                                                                              
                                         }                                                                                                                       
                                       ]                                                                                                                         
                                     },                                                                                                                          
                                     {                                                                                                                           
                                       "Node Type": "Materialize",                                                                                               
                                       "Parent Relationship": "Inner",                                                                                           
                                       "Parallel Aware": false,                                                                                                  
                                       "Startup Cost": 0.00,                                                                                                     
                                       "Total Cost": 0.05,                                                                                                       
                                       "Plan Rows": 1,                                                                                                           
                                       "Plan Width": 4,                                                                                                          
                                       "Actual Startup Time": 0.000,                                                                                             
                                       "Actual Total Time": 0.000,                                                                                               
                                       "Actual Rows": 1,                                                                                                         
                                       "Actual Loops": 10295,                                                                                                    
                                       "Shared Hit Blocks": 1,                                                                                                   
                                       "Shared Read Blocks": 0,                                                                                                  
                                       "Shared Dirtied Blocks": 0,                                                                                               
                                       "Shared Written Blocks": 0,                                                                                               
                                       "Local Hit Blocks": 0,                                                                                                    
                                       "Local Read Blocks": 0,                                                                                                   
                                       "Local Dirtied Blocks": 0,                                                                                                
                                       "Local Written Blocks": 0,                                                                                                
                                       "Temp Read Blocks": 0,                                                                                                    
                                       "Temp Written Blocks": 0,                                                                                                 
                                       "Plans": [                                                                                                                
                                         {                                                                                                                       
                                           "Node Type": "Seq Scan",                                                                                              
                                           "Parent Relationship": "Outer",                                                                                       
                                           "Parallel Aware": false,                                                                                              
                                           "Relation Name": "info_type",                                                                                         
                                           "Alias": "it",                                                                                                       
                                           "Startup Cost": 0.00,                                                                                                 
                                           "Total Cost": 0.05,                                                                                                   
                                           "Plan Rows": 1,                                                                                                       
                                           "Plan Width": 4,                                                                                                      
                                           "Actual Startup Time": 0.022,                                                                                         
                                           "Actual Total Time": 0.068,                                                                                           
                                           "Actual Rows": 1,                                                                                                     
                                           "Actual Loops": 1,                                                                                                    
                                           "Filter": "((info)::text = 'genres'::text)",                                                                          
                                           "Rows Removed by Filter": 112,                                                                                        
                                           "Shared Hit Blocks": 1,                                                                                               
                                           "Shared Read Blocks": 0,                                                                                              
                                           "Shared Dirtied Blocks": 0,                                                                                           
                                           "Shared Written Blocks": 0,                                                                                           
                                           "Local Hit Blocks": 0,                                                                                                
                                           "Local Read Blocks": 0,                                                                                               
                                           "Local Dirtied Blocks": 0,                                                                                            
                                           "Local Written Blocks": 0,                                                                                            
                                           "Temp Read Blocks": 0,                                                                                                
                                           "Temp Written Blocks": 0                                                                                              
                                         }                                                                                                                       
                                       ]                                                                                                                         
                                     }                                                                                                                           
                                   ]                                                                                                                             
                                 },                                                                                                                              
                                 {                                                                                                                               
                                   "Node Type": "Index Scan",                                                                                                    
                                   "Parent Relationship": "Inner",                                                                                               
                                   "Parallel Aware": false,                                                                                                      
                                   "Scan Direction": "Forward",                                                                                                  
                                   "Index Name": "movie_id_cast_info",                                                                                           
                                   "Relation Name": "cast_info",                                                                                                 
                                   "Alias": "ci",                                                                                                                
                                   "Startup Cost": 0.02,                                                                                                         
                                   "Total Cost": 0.26,                                                                                                           
                                   "Plan Rows": 1,                                                                                                               
                                   "Plan Width": 8,                                                                                                              
                                   "Actual Startup Time": 50.419,                                                                                                
                                   "Actual Total Time": 62.575,                                                                                                  
                                   "Actual Rows": 1,                                                                                                             
                                   "Actual Loops": 8247,                                                                                                         
                                   "Index Cond": "(movie_id = mk.movie_id)",                                                                                     
                                   "Rows Removed by Index Recheck": 0,                                                                                           
                                   "Filter": "(note = ANY ('{(writer),\"(head writer)\",\"(written by)\",(story),\"(story editor)\"}'::text[]))",                
                                   "Rows Removed by Filter": 77,                                                                                                 
                                   "Shared Hit Blocks": 576497,                                                                                                  
                                   "Shared Read Blocks": 85169,                                                                                                  
                                   "Shared Dirtied Blocks": 0,                                                                                                   
                                   "Shared Written Blocks": 0,                                                                                                   
                                   "Local Hit Blocks": 0,                                                                                                        
                                   "Local Read Blocks": 0,                                                                                                       
                                   "Local Dirtied Blocks": 0,                                                                                                    
                                   "Local Written Blocks": 0,                                                                                                    
                                   "Temp Read Blocks": 0,                                                                                                        
                                   "Temp Written Blocks": 0                                                                                                      
                                 }                                                                                                                               
                               ]                                                                                                                                 
                             },                                                                                                                                  
                             {                                                                                                                                   
                               "Node Type": "Index Scan",                                                                                                        
                               "Parent Relationship": "Inner",                                                                                                   
                               "Parallel Aware": false,                                                                                                          
                               "Scan Direction": "Forward",                                                                                                      
                               "Index Name": "title_idx_id",                                                                                                     
                               "Relation Name": "title",                                                                                                         
                               "Alias": "t",                                                                                                                     
                               "Startup Cost": 0.01,                                                                                                             
                               "Total Cost": 0.04,                                                                                                               
                               "Plan Rows": 1,                                                                                                                   
                               "Plan Width": 21,                                                                                                                 
                               "Actual Startup Time": 4.413,                                                                                                     
                               "Actual Total Time": 4.413,                                                                                                       
                               "Actual Rows": 0,                                                                                                                 
                               "Actual Loops": 6488,                                                                                                             
                               "Index Cond": "(id = mk.movie_id)",                                                                                               
                               "Rows Removed by Index Recheck": 0,                                                                                               
                               "Filter": "(production_year > 2000)",                                                                                             
                               "Rows Removed by Filter": 1,                                                                                                      
                               "Shared Hit Blocks": 23810,                                                                                                       
                               "Shared Read Blocks": 2147,                                                                                                       
                               "Shared Dirtied Blocks": 0,                                                                                                       
                               "Shared Written Blocks": 0,                                                                                                       
                               "Local Hit Blocks": 0,                                                                                                            
                               "Local Read Blocks": 0,                                                                                                           
                               "Local Dirtied Blocks": 0,                                                                                                        
                               "Local Written Blocks": 0,                                                                                                        
                               "Temp Read Blocks": 0,                                                                                                            
                               "Temp Written Blocks": 0                                                                                                          
                             }                                                                                                                                   
                           ]                                                                                                                                     
                         },                                                                                                                                      
                         {                                                                                                                                       
                           "Node Type": "Index Scan",                                                                                                            
                           "Parent Relationship": "Inner",                                                                                                       
                           "Parallel Aware": false,                                                                                                              
                           "Scan Direction": "Forward",                                                                                                          
                           "Index Name": "name_pkey",                                                                                                            
                           "Relation Name": "name",                                                                                                              
                           "Alias": "n",                                                                                                                         
                           "Startup Cost": 0.01,                                                                                                                 
                           "Total Cost": 0.19,                                                                                                                   
                           "Plan Rows": 1,                                                                                                                       
                           "Plan Width": 19,                                                                                                                     
                           "Actual Startup Time": 3.346,                                                                                                         
                           "Actual Total Time": 3.346,                                                                                                           
                           "Actual Rows": 1,                                                                                                                     
                           "Actual Loops": 1021,                                                                                                                 
                           "Index Cond": "(id = ci.person_id)",                                                                                                  
                           "Rows Removed by Index Recheck": 0,                                                                                                   
                           "Filter": "((gender)::text = 'm'::text)",                                                                                             
                           "Rows Removed by Filter": 0,                                                                                                          
                           "Shared Hit Blocks": 3584,                                                                                                            
                           "Shared Read Blocks": 500,                                                                                                            
                           "Shared Dirtied Blocks": 0,                                                                                                           
                           "Shared Written Blocks": 0,                                                                                                           
                           "Local Hit Blocks": 0,                                                                                                                
                           "Local Read Blocks": 0,                                                                                                               
                           "Local Dirtied Blocks": 0,                                                                                                            
                           "Local Written Blocks": 0,                                                                                                            
                           "Temp Read Blocks": 0,                                                                                                                
                           "Temp Written Blocks": 0                                                                                                              
                         }                                                                                                                                       
                       ]                                                                                                                                         
                     },                                                                                                                                          
                     {                                                                                                                                           
                       "Node Type": "Index Scan",                                                                                                                
                       "Parent Relationship": "Inner",                                                                                                           
                       "Parallel Aware": false,                                                                                                                  
                       "Scan Direction": "Forward",                                                                                                              
                       "Index Name": "movie_id_movie_info_idx",                                                                                                  
                       "Relation Name": "movie_info_idx",                                                                                                        
                       "Alias": "mi_idx",                                                                                                                        
                       "Startup Cost": 0.01,                                                                                                                     
                       "Total Cost": 0.02,                                                                                                                       
                       "Plan Rows": 3,                                                                                                                           
                       "Plan Width": 14,                                                                                                                         
                       "Actual Startup Time": 6.673,                                                                                                             
                       "Actual Total Time": 6.685,                                                                                                               
                       "Actual Rows": 3,                                                                                                                         
                       "Actual Loops": 757,                                                                                                                      
                       "Index Cond": "(movie_id = mk.movie_id)",                                                                                                 
                       "Rows Removed by Index Recheck": 0,                                                                                                       
                       "Shared Hit Blocks": 2741,                                                                                                                
                       "Shared Read Blocks": 305,                                                                                                                
                       "Shared Dirtied Blocks": 0,                                                                                                               
                       "Shared Written Blocks": 0,                                                                                                               
                       "Local Hit Blocks": 0,                                                                                                                    
                       "Local Read Blocks": 0,                                                                                                                   
                       "Local Dirtied Blocks": 0,                                                                                                                
                       "Local Written Blocks": 0,                                                                                                                
                       "Temp Read Blocks": 0,                                                                                                                    
                       "Temp Written Blocks": 0                                                                                                                  
                     }                                                                                                                                           
                   ]                                                                                                                                             
                 }                                                                                                                                               
               ]                                                                                                                                                 
             }                                                                                                                                                   
           ]                                                                                                                                                     
         }                                                                                                                                                       
       ]                                                                                                                                                         
     },                                                                                                                                                          
     "Planning Time": 14788.006,                                                                                                                                 
     "Triggers": [                                                                                                                                               
     ],                                                                                                                                                          
     "Execution Time": 784878.175                                                                                                                                
   }                                                                                                                                                             
 ]
