 [                                                                                                                                                               
   {                                                                                                                                                             
     "Plan": {                                                                                                                                                   
       "Node Type": "Aggregate",                                                                                                                                 
       "Strategy": "Plain",                                                                                                                                      
       "Partial Mode": "Simple",                                                                                                                                 
       "Parallel Aware": false,                                                                                                                                  
       "Startup Cost": 903.35,                                                                                                                                   
       "Total Cost": 903.35,                                                                                                                                     
       "Plan Rows": 1,                                                                                                                                           
       "Plan Width": 128,                                                                                                                                        
       "Actual Startup Time": 991100.060,                                                                                                                        
       "Actual Total Time": 991100.060,                                                                                                                          
       "Actual Rows": 1,                                                                                                                                         
       "Actual Loops": 1,                                                                                                                                        
       "Shared Hit Blocks": 1819167,                                                                                                                             
       "Shared Read Blocks": 214355,                                                                                                                             
       "Shared Dirtied Blocks": 0,                                                                                                                               
       "Shared Written Blocks": 0,                                                                                                                               
       "Local Hit Blocks": 0,                                                                                                                                    
       "Local Read Blocks": 0,                                                                                                                                   
       "Local Dirtied Blocks": 0,                                                                                                                                
       "Local Written Blocks": 0,                                                                                                                                
       "Temp Read Blocks": 0,                                                                                                                                    
       "Temp Written Blocks": 0,                                                                                                                                 
       "Plans": [                                                                                                                                                
         {                                                                                                                                                       
           "Node Type": "Nested Loop",                                                                                                                           
           "Parent Relationship": "Outer",                                                                                                                       
           "Parallel Aware": false,                                                                                                                              
           "Join Type": "Inner",                                                                                                                                 
           "Startup Cost": 0.11,                                                                                                                                 
           "Total Cost": 903.35,                                                                                                                                 
           "Plan Rows": 1,                                                                                                                                       
           "Plan Width": 80,                                                                                                                                     
           "Actual Startup Time": 4472.844,                                                                                                                      
           "Actual Total Time": 991054.624,                                                                                                                      
           "Actual Rows": 8024,                                                                                                                                  
           "Actual Loops": 1,                                                                                                                                    
           "Inner Unique": true,                                                                                                                                 
           "Shared Hit Blocks": 1819167,                                                                                                                         
           "Shared Read Blocks": 214355,                                                                                                                         
           "Shared Dirtied Blocks": 0,                                                                                                                           
           "Shared Written Blocks": 0,                                                                                                                           
           "Local Hit Blocks": 0,                                                                                                                                
           "Local Read Blocks": 0,                                                                                                                               
           "Local Dirtied Blocks": 0,                                                                                                                            
           "Local Written Blocks": 0,                                                                                                                            
           "Temp Read Blocks": 0,                                                                                                                                
           "Temp Written Blocks": 0,                                                                                                                             
           "Plans": [                                                                                                                                            
             {                                                                                                                                                   
               "Node Type": "Nested Loop",                                                                                                                       
               "Parent Relationship": "Outer",                                                                                                                   
               "Parallel Aware": false,                                                                                                                          
               "Join Type": "Inner",                                                                                                                             
               "Startup Cost": 0.10,                                                                                                                             
               "Total Cost": 902.41,                                                                                                                             
               "Plan Rows": 1,                                                                                                                                   
               "Plan Width": 69,                                                                                                                                 
               "Actual Startup Time": 799.179,                                                                                                                   
               "Actual Total Time": 966610.029,                                                                                                                  
               "Actual Rows": 11863,                                                                                                                             
               "Actual Loops": 1,                                                                                                                                
               "Inner Unique": false,                                                                                                                            
               "Join Filter": "(t.id = ci.movie_id)",                                                                                                            
               "Rows Removed by Join Filter": 0,                                                                                                                 
               "Shared Hit Blocks": 1775457,                                                                                                                     
               "Shared Read Blocks": 210557,                                                                                                                     
               "Shared Dirtied Blocks": 0,                                                                                                                       
               "Shared Written Blocks": 0,                                                                                                                       
               "Local Hit Blocks": 0,                                                                                                                            
               "Local Read Blocks": 0,                                                                                                                           
               "Local Dirtied Blocks": 0,                                                                                                                        
               "Local Written Blocks": 0,                                                                                                                        
               "Temp Read Blocks": 0,                                                                                                                            
               "Temp Written Blocks": 0,                                                                                                                         
               "Plans": [                                                                                                                                        
                 {                                                                                                                                               
                   "Node Type": "Nested Loop",                                                                                                                   
                   "Parent Relationship": "Outer",                                                                                                               
                   "Parallel Aware": false,                                                                                                                      
                   "Join Type": "Inner",                                                                                                                         
                   "Startup Cost": 0.08,                                                                                                                         
                   "Total Cost": 901.09,                                                                                                                         
                   "Plan Rows": 1,                                                                                                                               
                   "Plan Width": 85,                                                                                                                             
                   "Actual Startup Time": 705.339,                                                                                                               
                   "Actual Total Time": 315909.230,                                                                                                              
                   "Actual Rows": 14655,                                                                                                                         
                   "Actual Loops": 1,                                                                                                                            
                   "Inner Unique": false,                                                                                                                        
                   "Join Filter": "(it.id = mi_idx.info_type_id)",                                                                                              
                   "Rows Removed by Join Filter": 29871,                                                                                                         
                   "Shared Hit Blocks": 617087,                                                                                                                  
                   "Shared Read Blocks": 102695,                                                                                                                 
                   "Shared Dirtied Blocks": 0,                                                                                                                   
                   "Shared Written Blocks": 0,                                                                                                                   
                   "Local Hit Blocks": 0,                                                                                                                        
                   "Local Read Blocks": 0,                                                                                                                       
                   "Local Dirtied Blocks": 0,                                                                                                                    
                   "Local Written Blocks": 0,                                                                                                                    
                   "Temp Read Blocks": 0,                                                                                                                        
                   "Temp Written Blocks": 0,                                                                                                                     
                   "Plans": [                                                                                                                                    
                     {                                                                                                                                           
                       "Node Type": "Seq Scan",                                                                                                                  
                       "Parent Relationship": "Outer",                                                                                                           
                       "Parallel Aware": false,                                                                                                                  
                       "Relation Name": "info_type",                                                                                                             
                       "Alias": "it",                                                                                                                           
                       "Startup Cost": 0.00,                                                                                                                     
                       "Total Cost": 0.05,                                                                                                                       
                       "Plan Rows": 1,                                                                                                                           
                       "Plan Width": 4,                                                                                                                          
                       "Actual Startup Time": 11.380,                                                                                                            
                       "Actual Total Time": 11.392,                                                                                                              
                       "Actual Rows": 1,                                                                                                                         
                       "Actual Loops": 1,                                                                                                                        
                       "Filter": "((info)::text = 'votes'::text)",                                                                                               
                       "Rows Removed by Filter": 112,                                                                                                            
                       "Shared Hit Blocks": 0,                                                                                                                   
                       "Shared Read Blocks": 1,                                                                                                                  
                       "Shared Dirtied Blocks": 0,                                                                                                               
                       "Shared Written Blocks": 0,                                                                                                               
                       "Local Hit Blocks": 0,                                                                                                                    
                       "Local Read Blocks": 0,                                                                                                                   
                       "Local Dirtied Blocks": 0,                                                                                                                
                       "Local Written Blocks": 0,                                                                                                                
                       "Temp Read Blocks": 0,                                                                                                                    
                       "Temp Written Blocks": 0                                                                                                                  
                     },                                                                                                                                          
                     {                                                                                                                                           
                       "Node Type": "Materialize",                                                                                                               
                       "Parent Relationship": "Inner",                                                                                                           
                       "Parallel Aware": false,                                                                                                                  
                       "Startup Cost": 0.08,                                                                                                                     
                       "Total Cost": 901.04,                                                                                                                     
                       "Plan Rows": 1,                                                                                                                           
                       "Plan Width": 89,                                                                                                                         
                       "Actual Startup Time": 693.943,                                                                                                           
                       "Actual Total Time": 315863.685,                                                                                                          
                       "Actual Rows": 44526,                                                                                                                     
                       "Actual Loops": 1,                                                                                                                        
                       "Shared Hit Blocks": 617087,                                                                                                              
                       "Shared Read Blocks": 102694,                                                                                                             
                       "Shared Dirtied Blocks": 0,                                                                                                               
                       "Shared Written Blocks": 0,                                                                                                               
                       "Local Hit Blocks": 0,                                                                                                                    
                       "Local Read Blocks": 0,                                                                                                                   
                       "Local Dirtied Blocks": 0,                                                                                                                
                       "Local Written Blocks": 0,                                                                                                                
                       "Temp Read Blocks": 0,                                                                                                                    
                       "Temp Written Blocks": 0,                                                                                                                 
                       "Plans": [                                                                                                                                
                         {                                                                                                                                       
                           "Node Type": "Nested Loop",                                                                                                           
                           "Parent Relationship": "Outer",                                                                                                       
                           "Parallel Aware": false,                                                                                                              
                           "Join Type": "Inner",                                                                                                                 
                           "Startup Cost": 0.08,                                                                                                                 
                           "Total Cost": 901.04,                                                                                                                 
                           "Plan Rows": 1,                                                                                                                       
                           "Plan Width": 89,                                                                                                                     
                           "Actual Startup Time": 693.925,                                                                                                       
                           "Actual Total Time": 315759.721,                                                                                                      
                           "Actual Rows": 44526,                                                                                                                 
                           "Actual Loops": 1,                                                                                                                    
                           "Inner Unique": false,                                                                                                                
                           "Join Filter": "(t.id = mi_idx.movie_id)",                                                                                            
                           "Rows Removed by Join Filter": 0,                                                                                                     
                           "Shared Hit Blocks": 617087,                                                                                                          
                           "Shared Read Blocks": 102694,                                                                                                         
                           "Shared Dirtied Blocks": 0,                                                                                                           
                           "Shared Written Blocks": 0,                                                                                                           
                           "Local Hit Blocks": 0,                                                                                                                
                           "Local Read Blocks": 0,                                                                                                               
                           "Local Dirtied Blocks": 0,                                                                                                            
                           "Local Written Blocks": 0,                                                                                                            
                           "Temp Read Blocks": 0,                                                                                                                
                           "Temp Written Blocks": 0,                                                                                                             
                           "Plans": [                                                                                                                            
                             {                                                                                                                                   
                               "Node Type": "Nested Loop",                                                                                                       
                               "Parent Relationship": "Outer",                                                                                                   
                               "Parallel Aware": false,                                                                                                          
                               "Join Type": "Inner",                                                                                                             
                               "Startup Cost": 0.07,                                                                                                             
                               "Total Cost": 900.93,                                                                                                             
                               "Plan Rows": 1,                                                                                                                   
                               "Plan Width": 75,                                                                                                                 
                               "Actual Startup Time": 648.834,                                                                                                   
                               "Actual Total Time": 291810.560,                                                                                                  
                               "Actual Rows": 14666,                                                                                                             
                               "Actual Loops": 1,                                                                                                                
                               "Inner Unique": true,                                                                                                             
                               "Join Filter": "(mi.info_type_id = it.id)",                                                                                      
                               "Rows Removed by Join Filter": 3678,                                                                                              
                               "Shared Hit Blocks": 561644,                                                                                                      
                               "Shared Read Blocks": 98653,                                                                                                      
                               "Shared Dirtied Blocks": 0,                                                                                                       
                               "Shared Written Blocks": 0,                                                                                                       
                               "Local Hit Blocks": 0,                                                                                                            
                               "Local Read Blocks": 0,                                                                                                           
                               "Local Dirtied Blocks": 0,                                                                                                        
                               "Local Written Blocks": 0,                                                                                                        
                               "Temp Read Blocks": 0,                                                                                                            
                               "Temp Written Blocks": 0,                                                                                                         
                               "Plans": [                                                                                                                        
                                 {                                                                                                                               
                                   "Node Type": "Nested Loop",                                                                                                   
                                   "Parent Relationship": "Outer",                                                                                               
                                   "Parallel Aware": false,                                                                                                      
                                   "Join Type": "Inner",                                                                                                         
                                   "Startup Cost": 0.07,                                                                                                         
                                   "Total Cost": 900.88,                                                                                                         
                                   "Plan Rows": 1,                                                                                                               
                                   "Plan Width": 79,                                                                                                             
                                   "Actual Startup Time": 648.773,                                                                                               
                                   "Actual Total Time": 291766.434,                                                                                              
                                   "Actual Rows": 18344,                                                                                                         
                                   "Actual Loops": 1,                                                                                                            
                                   "Inner Unique": false,                                                                                                        
                                   "Join Filter": "(t.id = mi.movie_id)",                                                                                        
                                   "Rows Removed by Join Filter": 0,                                                                                             
                                   "Shared Hit Blocks": 561643,                                                                                                  
                                   "Shared Read Blocks": 98653,                                                                                                  
                                   "Shared Dirtied Blocks": 0,                                                                                                   
                                   "Shared Written Blocks": 0,                                                                                                   
                                   "Local Hit Blocks": 0,                                                                                                        
                                   "Local Read Blocks": 0,                                                                                                       
                                   "Local Dirtied Blocks": 0,                                                                                                    
                                   "Local Written Blocks": 0,                                                                                                    
                                   "Temp Read Blocks": 0,                                                                                                        
                                   "Temp Written Blocks": 0,                                                                                                     
                                   "Plans": [                                                                                                                    
                                     {                                                                                                                           
                                       "Node Type": "Nested Loop",                                                                                               
                                       "Parent Relationship": "Outer",                                                                                           
                                       "Parallel Aware": false,                                                                                                  
                                       "Join Type": "Inner",                                                                                                     
                                       "Startup Cost": 0.05,                                                                                                     
                                       "Total Cost": 900.26,                                                                                                     
                                       "Plan Rows": 4,                                                                                                           
                                       "Plan Width": 29,                                                                                                         
                                       "Actual Startup Time": 269.915,                                                                                           
                                       "Actual Total Time": 72266.268,                                                                                           
                                       "Actual Rows": 12521,                                                                                                     
                                       "Actual Loops": 1,                                                                                                        
                                       "Inner Unique": true,                                                                                                     
                                       "Shared Hit Blocks": 340523,                                                                                              
                                       "Shared Read Blocks": 29527,                                                                                              
                                       "Shared Dirtied Blocks": 0,                                                                                               
                                       "Shared Written Blocks": 0,                                                                                               
                                       "Local Hit Blocks": 0,                                                                                                    
                                       "Local Read Blocks": 0,                                                                                                   
                                       "Local Dirtied Blocks": 0,                                                                                                
                                       "Local Written Blocks": 0,                                                                                                
                                       "Temp Read Blocks": 0,                                                                                                    
                                       "Temp Written Blocks": 0,                                                                                                 
                                       "Plans": [                                                                                                                
                                         {                                                                                                                       
                                           "Node Type": "Nested Loop",                                                                                           
                                           "Parent Relationship": "Outer",                                                                                       
                                           "Parallel Aware": false,                                                                                              
                                           "Join Type": "Inner",                                                                                                 
                                           "Startup Cost": 0.04,                                                                                                 
                                           "Total Cost": 900.09,                                                                                                 
                                           "Plan Rows": 4,                                                                                                       
                                           "Plan Width": 8,                                                                                                      
                                           "Actual Startup Time": 226.967,                                                                                       
                                           "Actual Total Time": 16400.634,                                                                                       
                                           "Actual Rows": 12521,                                                                                                 
                                           "Actual Loops": 1,                                                                                                    
                                           "Inner Unique": true,                                                                                                 
                                           "Join Filter": "(cct.id = cc.status_id)",                                                                            
                                           "Rows Removed by Join Filter": 12810,                                                                                 
                                           "Shared Hit Blocks": 297779,                                                                                          
                                           "Shared Read Blocks": 22164,                                                                                          
                                           "Shared Dirtied Blocks": 0,                                                                                           
                                           "Shared Written Blocks": 0,                                                                                           
                                           "Local Hit Blocks": 0,                                                                                                
                                           "Local Read Blocks": 0,                                                                                               
                                           "Local Dirtied Blocks": 0,                                                                                            
                                           "Local Written Blocks": 0,                                                                                            
                                           "Temp Read Blocks": 0,                                                                                                
                                           "Temp Written Blocks": 0,                                                                                             
                                           "Plans": [                                                                                                            
                                             {                                                                                                                   
                                               "Node Type": "Nested Loop",                                                                                       
                                               "Parent Relationship": "Outer",                                                                                   
                                               "Parallel Aware": false,                                                                                          
                                               "Join Type": "Inner",                                                                                             
                                               "Startup Cost": 0.04,                                                                                             
                                               "Total Cost": 900.05,                                                                                             
                                               "Plan Rows": 18,                                                                                                  
                                               "Plan Width": 12,                                                                                                 
                                               "Actual Startup Time": 176.229,                                                                                   
                                               "Actual Total Time": 16360.095,                                                                                   
                                               "Actual Rows": 25331,                                                                                             
                                               "Actual Loops": 1,                                                                                                
                                               "Inner Unique": true,                                                                                             
                                               "Join Filter": "(cct.id = cc.subject_id)",                                                                       
                                               "Rows Removed by Join Filter": 10679,                                                                             
                                               "Shared Hit Blocks": 297778,                                                                                      
                                               "Shared Read Blocks": 22164,                                                                                      
                                               "Shared Dirtied Blocks": 0,                                                                                       
                                               "Shared Written Blocks": 0,                                                                                       
                                               "Local Hit Blocks": 0,                                                                                            
                                               "Local Read Blocks": 0,                                                                                           
                                               "Local Dirtied Blocks": 0,                                                                                        
                                               "Local Written Blocks": 0,                                                                                        
                                               "Temp Read Blocks": 0,                                                                                            
                                               "Temp Written Blocks": 0,                                                                                         
                                               "Plans": [                                                                                                        
                                                 {                                                                                                               
                                                   "Node Type": "Nested Loop",                                                                                   
                                                   "Parent Relationship": "Outer",                                                                               
                                                   "Parallel Aware": false,                                                                                      
                                                   "Join Type": "Inner",                                                                                         
                                                   "Startup Cost": 0.04,                                                                                         
                                                   "Total Cost": 900.01,                                                                                         
                                                   "Plan Rows": 71,                                                                                              
                                                   "Plan Width": 16,                                                                                             
                                                   "Actual Startup Time": 176.079,                                                                               
                                                   "Actual Total Time": 16290.032,                                                                               
                                                   "Actual Rows": 36010,                                                                                         
                                                   "Actual Loops": 1,                                                                                            
                                                   "Inner Unique": false,                                                                                        
                                                   "Shared Hit Blocks": 297778,                                                                                  
                                                   "Shared Read Blocks": 22163,                                                                                  
                                                   "Shared Dirtied Blocks": 0,                                                                                   
                                                   "Shared Written Blocks": 0,                                                                                   
                                                   "Local Hit Blocks": 0,                                                                                        
                                                   "Local Read Blocks": 0,                                                                                       
                                                   "Local Dirtied Blocks": 0,                                                                                    
                                                   "Local Written Blocks": 0,                                                                                    
                                                   "Temp Read Blocks": 0,                                                                                        
                                                   "Temp Written Blocks": 0,                                                                                     
                                                   "Plans": [                                                                                                    
                                                     {                                                                                                           
                                                       "Node Type": "Nested Loop",                                                                               
                                                       "Parent Relationship": "Outer",                                                                           
                                                       "Parallel Aware": false,                                                                                  
                                                       "Join Type": "Inner",                                                                                     
                                                       "Startup Cost": 0.03,                                                                                     
                                                       "Total Cost": 896.69,                                                                                     
                                                       "Plan Rows": 236,                                                                                         
                                                       "Plan Width": 4,                                                                                          
                                                       "Actual Startup Time": 73.377,                                                                            
                                                       "Actual Total Time": 14533.159,                                                                           
                                                       "Actual Rows": 76714,                                                                                     
                                                       "Actual Loops": 1,                                                                                        
                                                       "Inner Unique": false,                                                                                    
                                                       "Shared Hit Blocks": 32396,                                                                               
                                                       "Shared Read Blocks": 21102,                                                                              
                                                       "Shared Dirtied Blocks": 0,                                                                               
                                                       "Shared Written Blocks": 0,                                                                               
                                                       "Local Hit Blocks": 0,                                                                                    
                                                       "Local Read Blocks": 0,                                                                                   
                                                       "Local Dirtied Blocks": 0,                                                                                
                                                       "Local Written Blocks": 0,                                                                                
                                                       "Temp Read Blocks": 0,                                                                                    
                                                       "Temp Written Blocks": 0,                                                                                 
                                                       "Plans": [                                                                                                
                                                         {                                                                                                       
                                                           "Node Type": "Index Scan",                                                                            
                                                           "Parent Relationship": "Outer",                                                                       
                                                           "Parallel Aware": false,                                                                              
                                                           "Scan Direction": "Forward",                                                                          
                                                           "Index Name": "keyword_idx_keyword",                                                                  
                                                           "Relation Name": "keyword",                                                                           
                                                           "Alias": "k",                                                                                         
                                                           "Startup Cost": 0.01,                                                                                 
                                                           "Total Cost": 42.93,                                                                                  
                                                           "Plan Rows": 7,                                                                                       
                                                           "Plan Width": 4,                                                                                      
                                                           "Actual Startup Time": 28.398,                                                                        
                                                           "Actual Total Time": 198.650,                                                                         
                                                           "Actual Rows": 7,                                                                                     
                                                           "Actual Loops": 1,                                                                                    
                                                           "Index Cond": "(keyword = ANY ('{murder,violence,blood,gore,death,female-nudity,hospital}'::text[]))",
                                                           "Rows Removed by Index Recheck": 0,                                                                   
                                                           "Shared Hit Blocks": 14,                                                                              
                                                           "Shared Read Blocks": 17,                                                                             
                                                           "Shared Dirtied Blocks": 0,                                                                           
                                                           "Shared Written Blocks": 0,                                                                           
                                                           "Local Hit Blocks": 0,                                                                                
                                                           "Local Read Blocks": 0,                                                                               
                                                           "Local Dirtied Blocks": 0,                                                                            
                                                           "Local Written Blocks": 0,                                                                            
                                                           "Temp Read Blocks": 0,                                                                                
                                                           "Temp Written Blocks": 0                                                                              
                                                         },                                                                                                      
                                                         {                                                                                                       
                                                           "Node Type": "Index Scan",                                                                            
                                                           "Parent Relationship": "Inner",                                                                       
                                                           "Parallel Aware": false,                                                                              
                                                           "Scan Direction": "Forward",                                                                          
                                                           "Index Name": "keyword_id_movie_keyword",                                                             
                                                           "Relation Name": "movie_keyword",                                                                     
                                                           "Alias": "mk",                                                                                        
                                                           "Startup Cost": 0.01,                                                                                 
                                                           "Total Cost": 121.96,                                                                                 
                                                           "Plan Rows": 39,                                                                                      
                                                           "Plan Width": 8,                                                                                      
                                                           "Actual Startup Time": 21.387,                                                                        
                                                           "Actual Total Time": 2040.705,                                                                        
                                                           "Actual Rows": 10959,                                                                                 
                                                           "Actual Loops": 7,                                                                                    
                                                           "Index Cond": "(keyword_id = k.id)",                                                                  
                                                           "Rows Removed by Index Recheck": 0,                                                                   
                                                           "Shared Hit Blocks": 32382,                                                                           
                                                           "Shared Read Blocks": 21085,                                                                          
                                                           "Shared Dirtied Blocks": 0,                                                                           
                                                           "Shared Written Blocks": 0,                                                                           
                                                           "Local Hit Blocks": 0,                                                                                
                                                           "Local Read Blocks": 0,                                                                               
                                                           "Local Dirtied Blocks": 0,                                                                            
                                                           "Local Written Blocks": 0,                                                                            
                                                           "Temp Read Blocks": 0,                                                                                
                                                           "Temp Written Blocks": 0                                                                              
                                                         }                                                                                                       
                                                       ]                                                                                                         
                                                     },                                                                                                          
                                                     {                                                                                                           
                                                       "Node Type": "Index Scan",                                                                                
                                                       "Parent Relationship": "Inner",                                                                           
                                                       "Parallel Aware": false,                                                                                  
                                                       "Scan Direction": "Forward",                                                                              
                                                       "Index Name": "movie_id_complete_cast",                                                                   
                                                       "Relation Name": "complete_cast",                                                                         
                                                       "Alias": "cc",                                                                                            
                                                       "Startup Cost": 0.01,                                                                                     
                                                       "Total Cost": 0.01,                                                                                       
                                                       "Plan Rows": 1,                                                                                           
                                                       "Plan Width": 12,                                                                                         
                                                       "Actual Startup Time": 0.017,                                                                             
                                                       "Actual Total Time": 0.021,                                                                               
                                                       "Actual Rows": 0,                                                                                         
                                                       "Actual Loops": 76714,                                                                                    
                                                       "Index Cond": "(movie_id = mk.movie_id)",                                                                 
                                                       "Rows Removed by Index Recheck": 0,                                                                       
                                                       "Shared Hit Blocks": 265382,                                                                              
                                                       "Shared Read Blocks": 1061,                                                                               
                                                       "Shared Dirtied Blocks": 0,                                                                               
                                                       "Shared Written Blocks": 0,                                                                               
                                                       "Local Hit Blocks": 0,                                                                                    
                                                       "Local Read Blocks": 0,                                                                                   
                                                       "Local Dirtied Blocks": 0,                                                                                
                                                       "Local Written Blocks": 0,                                                                                
                                                       "Temp Read Blocks": 0,                                                                                    
                                                       "Temp Written Blocks": 0                                                                                  
                                                     }                                                                                                           
                                                   ]                                                                                                             
                                                 },                                                                                                              
                                                 {                                                                                                               
                                                   "Node Type": "Materialize",                                                                                   
                                                   "Parent Relationship": "Inner",                                                                               
                                                   "Parallel Aware": false,                                                                                      
                                                   "Startup Cost": 0.00,                                                                                         
                                                   "Total Cost": 0.03,                                                                                           
                                                   "Plan Rows": 1,                                                                                               
                                                   "Plan Width": 4,                                                                                              
                                                   "Actual Startup Time": 0.000,                                                                                 
                                                   "Actual Total Time": 0.000,                                                                                   
                                                   "Actual Rows": 1,                                                                                             
                                                   "Actual Loops": 36010,                                                                                        
                                                   "Shared Hit Blocks": 0,                                                                                       
                                                   "Shared Read Blocks": 1,                                                                                      
                                                   "Shared Dirtied Blocks": 0,                                                                                   
                                                   "Shared Written Blocks": 0,                                                                                   
                                                   "Local Hit Blocks": 0,                                                                                        
                                                   "Local Read Blocks": 0,                                                                                       
                                                   "Local Dirtied Blocks": 0,                                                                                    
                                                   "Local Written Blocks": 0,                                                                                    
                                                   "Temp Read Blocks": 0,                                                                                        
                                                   "Temp Written Blocks": 0,                                                                                     
                                                   "Plans": [                                                                                                    
                                                     {                                                                                                           
                                                       "Node Type": "Seq Scan",                                                                                  
                                                       "Parent Relationship": "Outer",                                                                           
                                                       "Parallel Aware": false,                                                                                  
                                                       "Relation Name": "comp_cast_type",                                                                        
                                                       "Alias": "cct",                                                                                          
                                                       "Startup Cost": 0.00,                                                                                     
                                                       "Total Cost": 0.03,                                                                                       
                                                       "Plan Rows": 1,                                                                                           
                                                       "Plan Width": 4,                                                                                          
                                                       "Actual Startup Time": 0.131,                                                                             
                                                       "Actual Total Time": 0.138,                                                                               
                                                       "Actual Rows": 1,                                                                                         
                                                       "Actual Loops": 1,                                                                                        
                                                       "Filter": "((kind)::text = 'cast'::text)",                                                                
                                                       "Rows Removed by Filter": 3,                                                                              
                                                       "Shared Hit Blocks": 0,                                                                                   
                                                       "Shared Read Blocks": 1,                                                                                  
                                                       "Shared Dirtied Blocks": 0,                                                                               
                                                       "Shared Written Blocks": 0,                                                                               
                                                       "Local Hit Blocks": 0,                                                                                    
                                                       "Local Read Blocks": 0,                                                                                   
                                                       "Local Dirtied Blocks": 0,                                                                                
                                                       "Local Written Blocks": 0,                                                                                
                                                       "Temp Read Blocks": 0,                                                                                    
                                                       "Temp Written Blocks": 0                                                                                  
                                                     }                                                                                                           
                                                   ]                                                                                                             
                                                 }                                                                                                               
                                               ]                                                                                                                 
                                             },                                                                                                                  
                                             {                                                                                                                   
                                               "Node Type": "Materialize",                                                                                       
                                               "Parent Relationship": "Inner",                                                                                   
                                               "Parallel Aware": false,                                                                                          
                                               "Startup Cost": 0.00,                                                                                             
                                               "Total Cost": 0.03,                                                                                               
                                               "Plan Rows": 1,                                                                                                   
                                               "Plan Width": 4,                                                                                                  
                                               "Actual Startup Time": 0.000,                                                                                     
                                               "Actual Total Time": 0.000,                                                                                       
                                               "Actual Rows": 1,                                                                                                 
                                               "Actual Loops": 25331,                                                                                            
                                               "Shared Hit Blocks": 1,                                                                                           
                                               "Shared Read Blocks": 0,                                                                                          
                                               "Shared Dirtied Blocks": 0,                                                                                       
                                               "Shared Written Blocks": 0,                                                                                       
                                               "Local Hit Blocks": 0,                                                                                            
                                               "Local Read Blocks": 0,                                                                                           
                                               "Local Dirtied Blocks": 0,                                                                                        
                                               "Local Written Blocks": 0,                                                                                        
                                               "Temp Read Blocks": 0,                                                                                            
                                               "Temp Written Blocks": 0,                                                                                         
                                               "Plans": [                                                                                                        
                                                 {                                                                                                               
                                                   "Node Type": "Seq Scan",                                                                                      
                                                   "Parent Relationship": "Outer",                                                                               
                                                   "Parallel Aware": false,                                                                                      
                                                   "Relation Name": "comp_cast_type",                                                                            
                                                   "Alias": "cct",                                                                                              
                                                   "Startup Cost": 0.00,                                                                                         
                                                   "Total Cost": 0.03,                                                                                           
                                                   "Plan Rows": 1,                                                                                               
                                                   "Plan Width": 4,                                                                                              
                                                   "Actual Startup Time": 0.009,                                                                                 
                                                   "Actual Total Time": 0.010,                                                                                   
                                                   "Actual Rows": 1,                                                                                             
                                                   "Actual Loops": 1,                                                                                            
                                                   "Filter": "((kind)::text = 'completeverified'::text)",                                                       
                                                   "Rows Removed by Filter": 3,                                                                                  
                                                   "Shared Hit Blocks": 1,                                                                                       
                                                   "Shared Read Blocks": 0,                                                                                      
                                                   "Shared Dirtied Blocks": 0,                                                                                   
                                                   "Shared Written Blocks": 0,                                                                                   
                                                   "Local Hit Blocks": 0,                                                                                        
                                                   "Local Read Blocks": 0,                                                                                       
                                                   "Local Dirtied Blocks": 0,                                                                                    
                                                   "Local Written Blocks": 0,                                                                                    
                                                   "Temp Read Blocks": 0,                                                                                        
                                                   "Temp Written Blocks": 0                                                                                      
                                                 }                                                                                                               
                                               ]                                                                                                                 
                                             }                                                                                                                   
                                           ]                                                                                                                     
                                         },                                                                                                                      
                                         {                                                                                                                       
                                           "Node Type": "Index Scan",                                                                                            
                                           "Parent Relationship": "Inner",                                                                                       
                                           "Parallel Aware": false,                                                                                              
                                           "Scan Direction": "Forward",                                                                                          
                                           "Index Name": "title_idx_id",                                                                                         
                                           "Relation Name": "title",                                                                                             
                                           "Alias": "t",                                                                                                         
                                           "Startup Cost": 0.01,                                                                                                 
                                           "Total Cost": 0.04,                                                                                                   
                                           "Plan Rows": 1,                                                                                                       
                                           "Plan Width": 21,                                                                                                     
                                           "Actual Startup Time": 4.458,                                                                                         
                                           "Actual Total Time": 4.458,                                                                                           
                                           "Actual Rows": 1,                                                                                                     
                                           "Actual Loops": 12521,                                                                                                
                                           "Index Cond": "(id = mk.movie_id)",                                                                                   
                                           "Rows Removed by Index Recheck": 0,                                                                                   
                                           "Shared Hit Blocks": 42744,                                                                                           
                                           "Shared Read Blocks": 7363,                                                                                           
                                           "Shared Dirtied Blocks": 0,                                                                                           
                                           "Shared Written Blocks": 0,                                                                                           
                                           "Local Hit Blocks": 0,                                                                                                
                                           "Local Read Blocks": 0,                                                                                               
                                           "Local Dirtied Blocks": 0,                                                                                            
                                           "Local Written Blocks": 0,                                                                                            
                                           "Temp Read Blocks": 0,                                                                                                
                                           "Temp Written Blocks": 0                                                                                              
                                         }                                                                                                                       
                                       ]                                                                                                                         
                                     },                                                                                                                          
                                     {                                                                                                                           
                                       "Node Type": "Index Scan",                                                                                                
                                       "Parent Relationship": "Inner",                                                                                           
                                       "Parallel Aware": false,                                                                                                  
                                       "Scan Direction": "Forward",                                                                                              
                                       "Index Name": "movie_id_movie_info",                                                                                      
                                       "Relation Name": "movie_info",                                                                                            
                                       "Alias": "mi",                                                                                                            
                                       "Startup Cost": 0.01,                                                                                                     
                                       "Total Cost": 0.15,                                                                                                       
                                       "Plan Rows": 1,                                                                                                           
                                       "Plan Width": 50,                                                                                                         
                                       "Actual Startup Time": 16.656,                                                                                            
                                       "Actual Total Time": 17.525,                                                                                              
                                       "Actual Rows": 1,                                                                                                         
                                       "Actual Loops": 12521,                                                                                                    
                                       "Index Cond": "(movie_id = mk.movie_id)",                                                                                 
                                       "Rows Removed by Index Recheck": 0,                                                                                       
                                       "Filter": "(info = ANY ('{Horror,Action,Sci-Fi,Thriller,Crime,War}'::text[]))",                                           
                                       "Rows Removed by Filter": 130,                                                                                            
                                       "Shared Hit Blocks": 221120,                                                                                              
                                       "Shared Read Blocks": 69126,                                                                                              
                                       "Shared Dirtied Blocks": 0,                                                                                               
                                       "Shared Written Blocks": 0,                                                                                               
                                       "Local Hit Blocks": 0,                                                                                                    
                                       "Local Read Blocks": 0,                                                                                                   
                                       "Local Dirtied Blocks": 0,                                                                                                
                                       "Local Written Blocks": 0,                                                                                                
                                       "Temp Read Blocks": 0,                                                                                                    
                                       "Temp Written Blocks": 0                                                                                                  
                                     }                                                                                                                           
                                   ]                                                                                                                             
                                 },                                                                                                                              
                                 {                                                                                                                               
                                   "Node Type": "Materialize",                                                                                                   
                                   "Parent Relationship": "Inner",                                                                                               
                                   "Parallel Aware": false,                                                                                                      
                                   "Startup Cost": 0.00,                                                                                                         
                                   "Total Cost": 0.05,                                                                                                           
                                   "Plan Rows": 1,                                                                                                               
                                   "Plan Width": 4,                                                                                                              
                                   "Actual Startup Time": 0.000,                                                                                                 
                                   "Actual Total Time": 0.000,                                                                                                   
                                   "Actual Rows": 1,                                                                                                             
                                   "Actual Loops": 18344,                                                                                                        
                                   "Shared Hit Blocks": 1,                                                                                                       
                                   "Shared Read Blocks": 0,                                                                                                      
                                   "Shared Dirtied Blocks": 0,                                                                                                   
                                   "Shared Written Blocks": 0,                                                                                                   
                                   "Local Hit Blocks": 0,                                                                                                        
                                   "Local Read Blocks": 0,                                                                                                       
                                   "Local Dirtied Blocks": 0,                                                                                                    
                                   "Local Written Blocks": 0,                                                                                                    
                                   "Temp Read Blocks": 0,                                                                                                        
                                   "Temp Written Blocks": 0,                                                                                                     
                                   "Plans": [                                                                                                                    
                                     {                                                                                                                           
                                       "Node Type": "Seq Scan",                                                                                                  
                                       "Parent Relationship": "Outer",                                                                                           
                                       "Parallel Aware": false,                                                                                                  
                                       "Relation Name": "info_type",                                                                                             
                                       "Alias": "it",                                                                                                           
                                       "Startup Cost": 0.00,                                                                                                     
                                       "Total Cost": 0.05,                                                                                                       
                                       "Plan Rows": 1,                                                                                                           
                                       "Plan Width": 4,                                                                                                          
                                       "Actual Startup Time": 0.024,                                                                                             
                                       "Actual Total Time": 0.071,                                                                                               
                                       "Actual Rows": 1,                                                                                                         
                                       "Actual Loops": 1,                                                                                                        
                                       "Filter": "((info)::text = 'genres'::text)",                                                                              
                                       "Rows Removed by Filter": 112,                                                                                            
                                       "Shared Hit Blocks": 1,                                                                                                   
                                       "Shared Read Blocks": 0,                                                                                                  
                                       "Shared Dirtied Blocks": 0,                                                                                               
                                       "Shared Written Blocks": 0,                                                                                               
                                       "Local Hit Blocks": 0,                                                                                                    
                                       "Local Read Blocks": 0,                                                                                                   
                                       "Local Dirtied Blocks": 0,                                                                                                
                                       "Local Written Blocks": 0,                                                                                                
                                       "Temp Read Blocks": 0,                                                                                                    
                                       "Temp Written Blocks": 0                                                                                                  
                                     }                                                                                                                           
                                   ]                                                                                                                             
                                 }                                                                                                                               
                               ]                                                                                                                                 
                             },                                                                                                                                  
                             {                                                                                                                                   
                               "Node Type": "Index Scan",                                                                                                        
                               "Parent Relationship": "Inner",                                                                                                   
                               "Parallel Aware": false,                                                                                                          
                               "Scan Direction": "Forward",                                                                                                      
                               "Index Name": "movie_id_movie_info_idx",                                                                                          
                               "Relation Name": "movie_info_idx",                                                                                                
                               "Alias": "mi_idx",                                                                                                                
                               "Startup Cost": 0.01,                                                                                                             
                               "Total Cost": 0.02,                                                                                                               
                               "Plan Rows": 3,                                                                                                                   
                               "Plan Width": 14,                                                                                                                 
                               "Actual Startup Time": 1.605,                                                                                                     
                               "Actual Total Time": 1.626,                                                                                                       
                               "Actual Rows": 3,                                                                                                                 
                               "Actual Loops": 14666,                                                                                                            
                               "Index Cond": "(movie_id = mk.movie_id)",                                                                                         
                               "Rows Removed by Index Recheck": 0,                                                                                               
                               "Shared Hit Blocks": 55443,                                                                                                       
                               "Shared Read Blocks": 4041,                                                                                                       
                               "Shared Dirtied Blocks": 0,                                                                                                       
                               "Shared Written Blocks": 0,                                                                                                       
                               "Local Hit Blocks": 0,                                                                                                            
                               "Local Read Blocks": 0,                                                                                                           
                               "Local Dirtied Blocks": 0,                                                                                                        
                               "Local Written Blocks": 0,                                                                                                        
                               "Temp Read Blocks": 0,                                                                                                            
                               "Temp Written Blocks": 0                                                                                                          
                             }                                                                                                                                   
                           ]                                                                                                                                     
                         }                                                                                                                                       
                       ]                                                                                                                                         
                     }                                                                                                                                           
                   ]                                                                                                                                             
                 },                                                                                                                                              
                 {                                                                                                                                               
                   "Node Type": "Index Scan",                                                                                                                    
                   "Parent Relationship": "Inner",                                                                                                               
                   "Parallel Aware": false,                                                                                                                      
                   "Scan Direction": "Forward",                                                                                                                  
                   "Index Name": "movie_id_cast_info",                                                                                                           
                   "Relation Name": "cast_info",                                                                                                                 
                   "Alias": "ci",                                                                                                                                
                   "Startup Cost": 0.02,                                                                                                                         
                   "Total Cost": 0.26,                                                                                                                           
                   "Plan Rows": 1,                                                                                                                               
                   "Plan Width": 8,                                                                                                                              
                   "Actual Startup Time": 37.011,                                                                                                                
                   "Actual Total Time": 44.398,                                                                                                                  
                   "Actual Rows": 1,                                                                                                                             
                   "Actual Loops": 14655,                                                                                                                        
                   "Index Cond": "(movie_id = mk.movie_id)",                                                                                                     
                   "Rows Removed by Index Recheck": 0,                                                                                                           
                   "Filter": "(note = ANY ('{(writer),\"(head writer)\",\"(written by)\",(story),\"(story editor)\"}'::text[]))",                                
                   "Rows Removed by Filter": 83,                                                                                                                 
                   "Shared Hit Blocks": 1158370,                                                                                                                 
                   "Shared Read Blocks": 107862,                                                                                                                 
                   "Shared Dirtied Blocks": 0,                                                                                                                   
                   "Shared Written Blocks": 0,                                                                                                                   
                   "Local Hit Blocks": 0,                                                                                                                        
                   "Local Read Blocks": 0,                                                                                                                       
                   "Local Dirtied Blocks": 0,                                                                                                                    
                   "Local Written Blocks": 0,                                                                                                                    
                   "Temp Read Blocks": 0,                                                                                                                        
                   "Temp Written Blocks": 0                                                                                                                      
                 }                                                                                                                                               
               ]                                                                                                                                                 
             },                                                                                                                                                  
             {                                                                                                                                                   
               "Node Type": "Index Scan",                                                                                                                        
               "Parent Relationship": "Inner",                                                                                                                   
               "Parallel Aware": false,                                                                                                                          
               "Scan Direction": "Forward",                                                                                                                      
               "Index Name": "name_pkey",                                                                                                                        
               "Relation Name": "name",                                                                                                                          
               "Alias": "n",                                                                                                                                     
               "Startup Cost": 0.01,                                                                                                                             
               "Total Cost": 0.19,                                                                                                                               
               "Plan Rows": 1,                                                                                                                                   
               "Plan Width": 19,                                                                                                                                 
               "Actual Startup Time": 2.057,                                                                                                                     
               "Actual Total Time": 2.057,                                                                                                                       
               "Actual Rows": 1,                                                                                                                                 
               "Actual Loops": 11863,                                                                                                                            
               "Index Cond": "(id = ci.person_id)",                                                                                                              
               "Rows Removed by Index Recheck": 0,                                                                                                               
               "Filter": "((gender)::text = 'm'::text)",                                                                                                         
               "Rows Removed by Filter": 0,                                                                                                                      
               "Shared Hit Blocks": 43710,                                                                                                                       
               "Shared Read Blocks": 3798,                                                                                                                       
               "Shared Dirtied Blocks": 0,                                                                                                                       
               "Shared Written Blocks": 0,                                                                                                                       
               "Local Hit Blocks": 0,                                                                                                                            
               "Local Read Blocks": 0,                                                                                                                           
               "Local Dirtied Blocks": 0,                                                                                                                        
               "Local Written Blocks": 0,                                                                                                                        
               "Temp Read Blocks": 0,                                                                                                                            
               "Temp Written Blocks": 0                                                                                                                          
             }                                                                                                                                                   
           ]                                                                                                                                                     
         }                                                                                                                                                       
       ]                                                                                                                                                         
     },                                                                                                                                                          
     "Planning Time": 14794.293,                                                                                                                                 
     "Triggers": [                                                                                                                                               
     ],                                                                                                                                                          
     "Execution Time": 991127.902                                                                                                                                
   }                                                                                                                                                             
 ]
