 [                                                                                                                                                       
   {                                                                                                                                                     
     "Plan": {                                                                                                                                           
       "Node Type": "Aggregate",                                                                                                                         
       "Strategy": "Plain",                                                                                                                              
       "Partial Mode": "Simple",                                                                                                                         
       "Parallel Aware": false,                                                                                                                          
       "Startup Cost": 910.38,                                                                                                                           
       "Total Cost": 910.38,                                                                                                                             
       "Plan Rows": 1,                                                                                                                                   
       "Plan Width": 128,                                                                                                                                
       "Actual Startup Time": 612527.361,                                                                                                                
       "Actual Total Time": 612527.362,                                                                                                                  
       "Actual Rows": 1,                                                                                                                                 
       "Actual Loops": 1,                                                                                                                                
       "Shared Hit Blocks": 2108383,                                                                                                                     
       "Shared Read Blocks": 144748,                                                                                                                     
       "Shared Dirtied Blocks": 0,                                                                                                                       
       "Shared Written Blocks": 0,                                                                                                                       
       "Local Hit Blocks": 0,                                                                                                                            
       "Local Read Blocks": 0,                                                                                                                           
       "Local Dirtied Blocks": 0,                                                                                                                        
       "Local Written Blocks": 0,                                                                                                                        
       "Temp Read Blocks": 0,                                                                                                                            
       "Temp Written Blocks": 0,                                                                                                                         
       "Plans": [                                                                                                                                        
         {                                                                                                                                               
           "Node Type": "Nested Loop",                                                                                                                   
           "Parent Relationship": "Outer",                                                                                                               
           "Parallel Aware": false,                                                                                                                      
           "Join Type": "Inner",                                                                                                                         
           "Startup Cost": 0.12,                                                                                                                         
           "Total Cost": 910.38,                                                                                                                         
           "Plan Rows": 1,                                                                                                                               
           "Plan Width": 80,                                                                                                                             
           "Actual Startup Time": 303724.703,                                                                                                            
           "Actual Total Time": 612527.071,                                                                                                              
           "Actual Rows": 84,                                                                                                                            
           "Actual Loops": 1,                                                                                                                            
           "Inner Unique": true,                                                                                                                         
           "Join Filter": "(mi.movie_id = t.id)",                                                                                                        
           "Rows Removed by Join Filter": 0,                                                                                                             
           "Shared Hit Blocks": 2108383,                                                                                                                 
           "Shared Read Blocks": 144748,                                                                                                                 
           "Shared Dirtied Blocks": 0,                                                                                                                   
           "Shared Written Blocks": 0,                                                                                                                   
           "Local Hit Blocks": 0,                                                                                                                        
           "Local Read Blocks": 0,                                                                                                                       
           "Local Dirtied Blocks": 0,                                                                                                                    
           "Local Written Blocks": 0,                                                                                                                    
           "Temp Read Blocks": 0,                                                                                                                        
           "Temp Written Blocks": 0,                                                                                                                     
           "Plans": [                                                                                                                                    
             {                                                                                                                                           
               "Node Type": "Nested Loop",                                                                                                               
               "Parent Relationship": "Outer",                                                                                                           
               "Parallel Aware": false,                                                                                                                  
               "Join Type": "Inner",                                                                                                                     
               "Startup Cost": 0.11,                                                                                                                     
               "Total Cost": 910.17,                                                                                                                     
               "Plan Rows": 1,                                                                                                                           
               "Plan Width": 83,                                                                                                                         
               "Actual Startup Time": 90104.659,                                                                                                         
               "Actual Total Time": 611400.392,                                                                                                          
               "Actual Rows": 227,                                                                                                                       
               "Actual Loops": 1,                                                                                                                        
               "Inner Unique": true,                                                                                                                     
               "Shared Hit Blocks": 2107538,                                                                                                             
               "Shared Read Blocks": 144685,                                                                                                             
               "Shared Dirtied Blocks": 0,                                                                                                               
               "Shared Written Blocks": 0,                                                                                                               
               "Local Hit Blocks": 0,                                                                                                                    
               "Local Read Blocks": 0,                                                                                                                   
               "Local Dirtied Blocks": 0,                                                                                                                
               "Local Written Blocks": 0,                                                                                                                
               "Temp Read Blocks": 0,                                                                                                                    
               "Temp Written Blocks": 0,                                                                                                                 
               "Plans": [                                                                                                                                
                 {                                                                                                                                       
                   "Node Type": "Nested Loop",                                                                                                           
                   "Parent Relationship": "Outer",                                                                                                       
                   "Parallel Aware": false,                                                                                                              
                   "Join Type": "Inner",                                                                                                                 
                   "Startup Cost": 0.10,                                                                                                                 
                   "Total Cost": 909.23,                                                                                                                 
                   "Plan Rows": 1,                                                                                                                       
                   "Plan Width": 72,                                                                                                                     
                   "Actual Startup Time": 90067.155,                                                                                                     
                   "Actual Total Time": 610268.645,                                                                                                      
                   "Actual Rows": 254,                                                                                                                   
                   "Actual Loops": 1,                                                                                                                    
                   "Inner Unique": true,                                                                                                                 
                   "Join Filter": "(mi_idx.info_type_id = it.id)",                                                                                      
                   "Rows Removed by Join Filter": 541,                                                                                                   
                   "Shared Hit Blocks": 2106641,                                                                                                         
                   "Shared Read Blocks": 144566,                                                                                                         
                   "Shared Dirtied Blocks": 0,                                                                                                           
                   "Shared Written Blocks": 0,                                                                                                           
                   "Local Hit Blocks": 0,                                                                                                                
                   "Local Read Blocks": 0,                                                                                                               
                   "Local Dirtied Blocks": 0,                                                                                                            
                   "Local Written Blocks": 0,                                                                                                            
                   "Temp Read Blocks": 0,                                                                                                                
                   "Temp Written Blocks": 0,                                                                                                             
                   "Plans": [                                                                                                                            
                     {                                                                                                                                   
                       "Node Type": "Nested Loop",                                                                                                       
                       "Parent Relationship": "Outer",                                                                                                   
                       "Parallel Aware": false,                                                                                                          
                       "Join Type": "Inner",                                                                                                             
                       "Startup Cost": 0.10,                                                                                                             
                       "Total Cost": 909.18,                                                                                                             
                       "Plan Rows": 1,                                                                                                                   
                       "Plan Width": 76,                                                                                                                 
                       "Actual Startup Time": 90067.065,                                                                                                 
                       "Actual Total Time": 610267.122,                                                                                                  
                       "Actual Rows": 795,                                                                                                               
                       "Actual Loops": 1,                                                                                                                
                       "Inner Unique": false,                                                                                                            
                       "Join Filter": "(mi.movie_id = mi_idx.movie_id)",                                                                                 
                       "Rows Removed by Join Filter": 0,                                                                                                 
                       "Shared Hit Blocks": 2106640,                                                                                                     
                       "Shared Read Blocks": 144566,                                                                                                     
                       "Shared Dirtied Blocks": 0,                                                                                                       
                       "Shared Written Blocks": 0,                                                                                                       
                       "Local Hit Blocks": 0,                                                                                                            
                       "Local Read Blocks": 0,                                                                                                           
                       "Local Dirtied Blocks": 0,                                                                                                        
                       "Local Written Blocks": 0,                                                                                                        
                       "Temp Read Blocks": 0,                                                                                                            
                       "Temp Written Blocks": 0,                                                                                                         
                       "Plans": [                                                                                                                        
                         {                                                                                                                               
                           "Node Type": "Nested Loop",                                                                                                   
                           "Parent Relationship": "Outer",                                                                                               
                           "Parallel Aware": false,                                                                                                      
                           "Join Type": "Inner",                                                                                                         
                           "Startup Cost": 0.08,                                                                                                         
                           "Total Cost": 909.07,                                                                                                         
                           "Plan Rows": 1,                                                                                                               
                           "Plan Width": 62,                                                                                                             
                           "Actual Startup Time": 90014.568,                                                                                             
                           "Actual Total Time": 609141.341,                                                                                              
                           "Actual Rows": 254,                                                                                                           
                           "Actual Loops": 1,                                                                                                            
                           "Inner Unique": true,                                                                                                         
                           "Join Filter": "(mi.info_type_id = it.id)",                                                                                  
                           "Rows Removed by Join Filter": 27,                                                                                            
                           "Shared Hit Blocks": 2105654,                                                                                                 
                           "Shared Read Blocks": 144503,                                                                                                 
                           "Shared Dirtied Blocks": 0,                                                                                                   
                           "Shared Written Blocks": 0,                                                                                                   
                           "Local Hit Blocks": 0,                                                                                                        
                           "Local Read Blocks": 0,                                                                                                       
                           "Local Dirtied Blocks": 0,                                                                                                    
                           "Local Written Blocks": 0,                                                                                                    
                           "Temp Read Blocks": 0,                                                                                                        
                           "Temp Written Blocks": 0,                                                                                                     
                           "Plans": [                                                                                                                    
                             {                                                                                                                           
                               "Node Type": "Nested Loop",                                                                                               
                               "Parent Relationship": "Outer",                                                                                           
                               "Parallel Aware": false,                                                                                                  
                               "Join Type": "Inner",                                                                                                     
                               "Startup Cost": 0.08,                                                                                                     
                               "Total Cost": 909.02,                                                                                                     
                               "Plan Rows": 1,                                                                                                           
                               "Plan Width": 66,                                                                                                         
                               "Actual Startup Time": 90005.077,                                                                                         
                               "Actual Total Time": 609131.045,                                                                                          
                               "Actual Rows": 281,                                                                                                       
                               "Actual Loops": 1,                                                                                                        
                               "Inner Unique": false,                                                                                                    
                               "Join Filter": "(ci.movie_id = mi.movie_id)",                                                                             
                               "Rows Removed by Join Filter": 0,                                                                                         
                               "Shared Hit Blocks": 2105654,                                                                                             
                               "Shared Read Blocks": 144502,                                                                                             
                               "Shared Dirtied Blocks": 0,                                                                                               
                               "Shared Written Blocks": 0,                                                                                               
                               "Local Hit Blocks": 0,                                                                                                    
                               "Local Read Blocks": 0,                                                                                                   
                               "Local Dirtied Blocks": 0,                                                                                                
                               "Local Written Blocks": 0,                                                                                                
                               "Temp Read Blocks": 0,                                                                                                    
                               "Temp Written Blocks": 0,                                                                                                 
                               "Plans": [                                                                                                                
                                 {                                                                                                                       
                                   "Node Type": "Nested Loop",                                                                                           
                                   "Parent Relationship": "Outer",                                                                                       
                                   "Parallel Aware": false,                                                                                              
                                   "Join Type": "Inner",                                                                                                 
                                   "Startup Cost": 0.07,                                                                                                 
                                   "Total Cost": 908.25,                                                                                                 
                                   "Plan Rows": 1,                                                                                                       
                                   "Plan Width": 16,                                                                                                     
                                   "Actual Startup Time": 40351.856,                                                                                     
                                   "Actual Total Time": 602706.231,                                                                                      
                                   "Actual Rows": 276,                                                                                                   
                                   "Actual Loops": 1,                                                                                                    
                                   "Inner Unique": true,                                                                                                 
                                   "Shared Hit Blocks": 2098477,                                                                                         
                                   "Shared Read Blocks": 143373,                                                                                         
                                   "Shared Dirtied Blocks": 0,                                                                                           
                                   "Shared Written Blocks": 0,                                                                                           
                                   "Local Hit Blocks": 0,                                                                                                
                                   "Local Read Blocks": 0,                                                                                               
                                   "Local Dirtied Blocks": 0,                                                                                            
                                   "Local Written Blocks": 0,                                                                                            
                                   "Temp Read Blocks": 0,                                                                                                
                                   "Temp Written Blocks": 0,                                                                                             
                                   "Plans": [                                                                                                            
                                     {                                                                                                                   
                                       "Node Type": "Nested Loop",                                                                                       
                                       "Parent Relationship": "Outer",                                                                                   
                                       "Parallel Aware": false,                                                                                          
                                       "Join Type": "Inner",                                                                                             
                                       "Startup Cost": 0.06,                                                                                             
                                       "Total Cost": 905.18,                                                                                             
                                       "Plan Rows": 2,                                                                                                   
                                       "Plan Width": 20,                                                                                                 
                                       "Actual Startup Time": 606.468,                                                                                   
                                       "Actual Total Time": 597729.919,                                                                                  
                                       "Actual Rows": 11043,                                                                                             
                                       "Actual Loops": 1,                                                                                                
                                       "Inner Unique": false,                                                                                            
                                       "Shared Hit Blocks": 2054667,                                                                                     
                                       "Shared Read Blocks": 143011,                                                                                     
                                       "Shared Dirtied Blocks": 0,                                                                                       
                                       "Shared Written Blocks": 0,                                                                                       
                                       "Local Hit Blocks": 0,                                                                                            
                                       "Local Read Blocks": 0,                                                                                           
                                       "Local Dirtied Blocks": 0,                                                                                        
                                       "Local Written Blocks": 0,                                                                                        
                                       "Temp Read Blocks": 0,                                                                                            
                                       "Temp Written Blocks": 0,                                                                                         
                                       "Plans": [                                                                                                        
                                         {                                                                                                               
                                           "Node Type": "Nested Loop",                                                                                   
                                           "Parent Relationship": "Outer",                                                                               
                                           "Parallel Aware": false,                                                                                      
                                           "Join Type": "Inner",                                                                                         
                                           "Startup Cost": 0.04,                                                                                         
                                           "Total Cost": 904.13,                                                                                         
                                           "Plan Rows": 4,                                                                                               
                                           "Plan Width": 12,                                                                                             
                                           "Actual Startup Time": 107.966,                                                                               
                                           "Actual Total Time": 33127.253,                                                                               
                                           "Actual Rows": 12705,                                                                                         
                                           "Actual Loops": 1,                                                                                            
                                           "Inner Unique": false,                                                                                        
                                           "Shared Hit Blocks": 377985,                                                                                  
                                           "Shared Read Blocks": 42272,                                                                                  
                                           "Shared Dirtied Blocks": 0,                                                                                   
                                           "Shared Written Blocks": 0,                                                                                   
                                           "Local Hit Blocks": 0,                                                                                        
                                           "Local Read Blocks": 0,                                                                                       
                                           "Local Dirtied Blocks": 0,                                                                                    
                                           "Local Written Blocks": 0,                                                                                    
                                           "Temp Read Blocks": 0,                                                                                        
                                           "Temp Written Blocks": 0,                                                                                     
                                           "Plans": [                                                                                                    
                                             {                                                                                                           
                                               "Node Type": "Nested Loop",                                                                               
                                               "Parent Relationship": "Outer",                                                                           
                                               "Parallel Aware": false,                                                                                  
                                               "Join Type": "Inner",                                                                                     
                                               "Startup Cost": 0.03,                                                                                     
                                               "Total Cost": 896.69,                                                                                     
                                               "Plan Rows": 236,                                                                                         
                                               "Plan Width": 4,                                                                                          
                                               "Actual Startup Time": 68.061,                                                                            
                                               "Actual Total Time": 15068.462,                                                                           
                                               "Actual Rows": 76714,                                                                                     
                                               "Actual Loops": 1,                                                                                        
                                               "Inner Unique": false,                                                                                    
                                               "Shared Hit Blocks": 32396,                                                                               
                                               "Shared Read Blocks": 21102,                                                                              
                                               "Shared Dirtied Blocks": 0,                                                                               
                                               "Shared Written Blocks": 0,                                                                               
                                               "Local Hit Blocks": 0,                                                                                    
                                               "Local Read Blocks": 0,                                                                                   
                                               "Local Dirtied Blocks": 0,                                                                                
                                               "Local Written Blocks": 0,                                                                                
                                               "Temp Read Blocks": 0,                                                                                    
                                               "Temp Written Blocks": 0,                                                                                 
                                               "Plans": [                                                                                                
                                                 {                                                                                                       
                                                   "Node Type": "Index Scan",                                                                            
                                                   "Parent Relationship": "Outer",                                                                       
                                                   "Parallel Aware": false,                                                                              
                                                   "Scan Direction": "Forward",                                                                          
                                                   "Index Name": "keyword_idx_keyword",                                                                  
                                                   "Relation Name": "keyword",                                                                           
                                                   "Alias": "k",                                                                                         
                                                   "Startup Cost": 0.01,                                                                                 
                                                   "Total Cost": 42.93,                                                                                  
                                                   "Plan Rows": 7,                                                                                       
                                                   "Plan Width": 4,                                                                                      
                                                   "Actual Startup Time": 23.066,                                                                        
                                                   "Actual Total Time": 220.949,                                                                         
                                                   "Actual Rows": 7,                                                                                     
                                                   "Actual Loops": 1,                                                                                    
                                                   "Index Cond": "(keyword = ANY ('{murder,violence,blood,gore,death,female-nudity,hospital}'::text[]))",
                                                   "Rows Removed by Index Recheck": 0,                                                                   
                                                   "Shared Hit Blocks": 14,                                                                              
                                                   "Shared Read Blocks": 17,                                                                             
                                                   "Shared Dirtied Blocks": 0,                                                                           
                                                   "Shared Written Blocks": 0,                                                                           
                                                   "Local Hit Blocks": 0,                                                                                
                                                   "Local Read Blocks": 0,                                                                               
                                                   "Local Dirtied Blocks": 0,                                                                            
                                                   "Local Written Blocks": 0,                                                                            
                                                   "Temp Read Blocks": 0,                                                                                
                                                   "Temp Written Blocks": 0                                                                              
                                                 },                                                                                                      
                                                 {                                                                                                       
                                                   "Node Type": "Index Scan",                                                                            
                                                   "Parent Relationship": "Inner",                                                                       
                                                   "Parallel Aware": false,                                                                              
                                                   "Scan Direction": "Forward",                                                                          
                                                   "Index Name": "keyword_id_movie_keyword",                                                             
                                                   "Relation Name": "movie_keyword",                                                                     
                                                   "Alias": "mk",                                                                                        
                                                   "Startup Cost": 0.01,                                                                                 
                                                   "Total Cost": 121.96,                                                                                 
                                                   "Plan Rows": 39,                                                                                      
                                                   "Plan Width": 8,                                                                                      
                                                   "Actual Startup Time": 21.395,                                                                        
                                                   "Actual Total Time": 2114.180,                                                                        
                                                   "Actual Rows": 10959,                                                                                 
                                                   "Actual Loops": 7,                                                                                    
                                                   "Index Cond": "(keyword_id = k.id)",                                                                  
                                                   "Rows Removed by Index Recheck": 0,                                                                   
                                                   "Shared Hit Blocks": 32382,                                                                           
                                                   "Shared Read Blocks": 21085,                                                                          
                                                   "Shared Dirtied Blocks": 0,                                                                           
                                                   "Shared Written Blocks": 0,                                                                           
                                                   "Local Hit Blocks": 0,                                                                                
                                                   "Local Read Blocks": 0,                                                                               
                                                   "Local Dirtied Blocks": 0,                                                                            
                                                   "Local Written Blocks": 0,                                                                            
                                                   "Temp Read Blocks": 0,                                                                                
                                                   "Temp Written Blocks": 0                                                                              
                                                 }                                                                                                       
                                               ]                                                                                                         
                                             },                                                                                                          
                                             {                                                                                                           
                                               "Node Type": "Index Scan",                                                                                
                                               "Parent Relationship": "Inner",                                                                           
                                               "Parallel Aware": false,                                                                                  
                                               "Scan Direction": "Forward",                                                                              
                                               "Index Name": "movie_id_movie_companies",                                                                 
                                               "Relation Name": "movie_companies",                                                                       
                                               "Alias": "mc",                                                                                            
                                               "Startup Cost": 0.01,                                                                                     
                                               "Total Cost": 0.03,                                                                                       
                                               "Plan Rows": 1,                                                                                           
                                               "Plan Width": 8,                                                                                          
                                               "Actual Startup Time": 0.225,                                                                             
                                               "Actual Total Time": 0.234,                                                                               
                                               "Actual Rows": 0,                                                                                         
                                               "Actual Loops": 76714,                                                                                    
                                               "Index Cond": "(movie_id = mk.movie_id)",                                                                 
                                               "Rows Removed by Index Recheck": 0,                                                                       
                                               "Filter": "(note ~~ '%(Blu-ray)%'::text)",                                                                
                                               "Rows Removed by Filter": 8,                                                                              
                                               "Shared Hit Blocks": 345589,                                                                              
                                               "Shared Read Blocks": 21170,                                                                              
                                               "Shared Dirtied Blocks": 0,                                                                               
                                               "Shared Written Blocks": 0,                                                                               
                                               "Local Hit Blocks": 0,                                                                                    
                                               "Local Read Blocks": 0,                                                                                   
                                               "Local Dirtied Blocks": 0,                                                                                
                                               "Local Written Blocks": 0,                                                                                
                                               "Temp Read Blocks": 0,                                                                                    
                                               "Temp Written Blocks": 0                                                                                  
                                             }                                                                                                           
                                           ]                                                                                                             
                                         },                                                                                                              
                                         {                                                                                                               
                                           "Node Type": "Index Scan",                                                                                    
                                           "Parent Relationship": "Inner",                                                                               
                                           "Parallel Aware": false,                                                                                      
                                           "Scan Direction": "Forward",                                                                                  
                                           "Index Name": "movie_id_cast_info",                                                                           
                                           "Relation Name": "cast_info",                                                                                 
                                           "Alias": "ci",                                                                                                
                                           "Startup Cost": 0.02,                                                                                         
                                           "Total Cost": 0.26,                                                                                           
                                           "Plan Rows": 1,                                                                                               
                                           "Plan Width": 8,                                                                                              
                                           "Actual Startup Time": 36.850,                                                                                
                                           "Actual Total Time": 44.437,                                                                                  
                                           "Actual Rows": 1,                                                                                             
                                           "Actual Loops": 12705,                                                                                        
                                           "Index Cond": "(movie_id = mk.movie_id)",                                                                     
                                           "Rows Removed by Index Recheck": 0,                                                                           
                                           "Filter": "(note = ANY ('{(writer),\"(head writer)\",\"(written by)\",(story),\"(story editor)\"}'::text[]))",
                                           "Rows Removed by Filter": 139,                                                                                
                                           "Shared Hit Blocks": 1676682,                                                                                 
                                           "Shared Read Blocks": 100739,                                                                                 
                                           "Shared Dirtied Blocks": 0,                                                                                   
                                           "Shared Written Blocks": 0,                                                                                   
                                           "Local Hit Blocks": 0,                                                                                        
                                           "Local Read Blocks": 0,                                                                                       
                                           "Local Dirtied Blocks": 0,                                                                                    
                                           "Local Written Blocks": 0,                                                                                    
                                           "Temp Read Blocks": 0,                                                                                        
                                           "Temp Written Blocks": 0                                                                                      
                                         }                                                                                                               
                                       ]                                                                                                                 
                                     },                                                                                                                  
                                     {                                                                                                                   
                                       "Node Type": "Index Scan",                                                                                        
                                       "Parent Relationship": "Inner",                                                                                   
                                       "Parallel Aware": false,                                                                                          
                                       "Scan Direction": "Forward",                                                                                      
                                       "Index Name": "company_name_pkey",                                                                                
                                       "Relation Name": "company_name",                                                                                  
                                       "Alias": "cn",                                                                                                    
                                       "Startup Cost": 0.01,                                                                                             
                                       "Total Cost": 1.49,                                                                                               
                                       "Plan Rows": 1,                                                                                                   
                                       "Plan Width": 4,                                                                                                  
                                       "Actual Startup Time": 0.449,                                                                                     
                                       "Actual Total Time": 0.449,                                                                                       
                                       "Actual Rows": 0,                                                                                                 
                                       "Actual Loops": 11043,                                                                                            
                                       "Index Cond": "(id = mc.company_id)",                                                                             
                                       "Rows Removed by Index Recheck": 0,                                                                               
                                       "Filter": "(name ~~ 'Lionsgate%'::text)",                                                                         
                                       "Rows Removed by Filter": 1,                                                                                      
                                       "Shared Hit Blocks": 43810,                                                                                       
                                       "Shared Read Blocks": 362,                                                                                        
                                       "Shared Dirtied Blocks": 0,                                                                                       
                                       "Shared Written Blocks": 0,                                                                                       
                                       "Local Hit Blocks": 0,                                                                                            
                                       "Local Read Blocks": 0,                                                                                           
                                       "Local Dirtied Blocks": 0,                                                                                        
                                       "Local Written Blocks": 0,                                                                                        
                                       "Temp Read Blocks": 0,                                                                                            
                                       "Temp Written Blocks": 0                                                                                          
                                     }                                                                                                                   
                                   ]                                                                                                                     
                                 },                                                                                                                      
                                 {                                                                                                                       
                                   "Node Type": "Index Scan",                                                                                            
                                   "Parent Relationship": "Inner",                                                                                       
                                   "Parallel Aware": false,                                                                                              
                                   "Scan Direction": "Forward",                                                                                          
                                   "Index Name": "movie_id_movie_info",                                                                                  
                                   "Relation Name": "movie_info",                                                                                        
                                   "Alias": "mi",                                                                                                        
                                   "Startup Cost": 0.01,                                                                                                 
                                   "Total Cost": 0.15,                                                                                                   
                                   "Plan Rows": 1,                                                                                                       
                                   "Plan Width": 50,                                                                                                     
                                   "Actual Startup Time": 23.044,                                                                                        
                                   "Actual Total Time": 23.275,                                                                                          
                                   "Actual Rows": 1,                                                                                                     
                                   "Actual Loops": 276,                                                                                                  
                                   "Index Cond": "(movie_id = mk.movie_id)",                                                                             
                                   "Rows Removed by Index Recheck": 0,                                                                                   
                                   "Filter": "(info = ANY ('{Horror,Thriller}'::text[]))",                                                               
                                   "Rows Removed by Filter": 284,                                                                                        
                                   "Shared Hit Blocks": 7177,                                                                                            
                                   "Shared Read Blocks": 1129,                                                                                           
                                   "Shared Dirtied Blocks": 0,                                                                                           
                                   "Shared Written Blocks": 0,                                                                                           
                                   "Local Hit Blocks": 0,                                                                                                
                                   "Local Read Blocks": 0,                                                                                               
                                   "Local Dirtied Blocks": 0,                                                                                            
                                   "Local Written Blocks": 0,                                                                                            
                                   "Temp Read Blocks": 0,                                                                                                
                                   "Temp Written Blocks": 0                                                                                              
                                 }                                                                                                                       
                               ]                                                                                                                         
                             },                                                                                                                          
                             {                                                                                                                           
                               "Node Type": "Materialize",                                                                                               
                               "Parent Relationship": "Inner",                                                                                           
                               "Parallel Aware": false,                                                                                                  
                               "Startup Cost": 0.00,                                                                                                     
                               "Total Cost": 0.05,                                                                                                       
                               "Plan Rows": 1,                                                                                                           
                               "Plan Width": 4,                                                                                                          
                               "Actual Startup Time": 0.034,                                                                                             
                               "Actual Total Time": 0.034,                                                                                               
                               "Actual Rows": 1,                                                                                                         
                               "Actual Loops": 281,                                                                                                      
                               "Shared Hit Blocks": 0,                                                                                                   
                               "Shared Read Blocks": 1,                                                                                                  
                               "Shared Dirtied Blocks": 0,                                                                                               
                               "Shared Written Blocks": 0,                                                                                               
                               "Local Hit Blocks": 0,                                                                                                    
                               "Local Read Blocks": 0,                                                                                                   
                               "Local Dirtied Blocks": 0,                                                                                                
                               "Local Written Blocks": 0,                                                                                                
                               "Temp Read Blocks": 0,                                                                                                    
                               "Temp Written Blocks": 0,                                                                                                 
                               "Plans": [                                                                                                                
                                 {                                                                                                                       
                                   "Node Type": "Seq Scan",                                                                                              
                                   "Parent Relationship": "Outer",                                                                                       
                                   "Parallel Aware": false,                                                                                              
                                   "Relation Name": "info_type",                                                                                         
                                   "Alias": "it",                                                                                                       
                                   "Startup Cost": 0.00,                                                                                                 
                                   "Total Cost": 0.05,                                                                                                   
                                   "Plan Rows": 1,                                                                                                       
                                   "Plan Width": 4,                                                                                                      
                                   "Actual Startup Time": 9.462,                                                                                         
                                   "Actual Total Time": 9.508,                                                                                           
                                   "Actual Rows": 1,                                                                                                     
                                   "Actual Loops": 1,                                                                                                    
                                   "Filter": "((info)::text = 'genres'::text)",                                                                          
                                   "Rows Removed by Filter": 112,                                                                                        
                                   "Shared Hit Blocks": 0,                                                                                               
                                   "Shared Read Blocks": 1,                                                                                              
                                   "Shared Dirtied Blocks": 0,                                                                                           
                                   "Shared Written Blocks": 0,                                                                                           
                                   "Local Hit Blocks": 0,                                                                                                
                                   "Local Read Blocks": 0,                                                                                               
                                   "Local Dirtied Blocks": 0,                                                                                            
                                   "Local Written Blocks": 0,                                                                                            
                                   "Temp Read Blocks": 0,                                                                                                
                                   "Temp Written Blocks": 0                                                                                              
                                 }                                                                                                                       
                               ]                                                                                                                         
                             }                                                                                                                           
                           ]                                                                                                                             
                         },                                                                                                                              
                         {                                                                                                                               
                           "Node Type": "Index Scan",                                                                                                    
                           "Parent Relationship": "Inner",                                                                                               
                           "Parallel Aware": false,                                                                                                      
                           "Scan Direction": "Forward",                                                                                                  
                           "Index Name": "movie_id_movie_info_idx",                                                                                      
                           "Relation Name": "movie_info_idx",                                                                                            
                           "Alias": "mi_idx",                                                                                                            
                           "Startup Cost": 0.01,                                                                                                         
                           "Total Cost": 0.02,                                                                                                           
                           "Plan Rows": 3,                                                                                                               
                           "Plan Width": 14,                                                                                                             
                           "Actual Startup Time": 4.342,                                                                                                 
                           "Actual Total Time": 4.426,                                                                                                   
                           "Actual Rows": 3,                                                                                                             
                           "Actual Loops": 254,                                                                                                          
                           "Index Cond": "(movie_id = mk.movie_id)",                                                                                     
                           "Rows Removed by Index Recheck": 0,                                                                                           
                           "Shared Hit Blocks": 986,                                                                                                     
                           "Shared Read Blocks": 63,                                                                                                     
                           "Shared Dirtied Blocks": 0,                                                                                                   
                           "Shared Written Blocks": 0,                                                                                                   
                           "Local Hit Blocks": 0,                                                                                                        
                           "Local Read Blocks": 0,                                                                                                       
                           "Local Dirtied Blocks": 0,                                                                                                    
                           "Local Written Blocks": 0,                                                                                                    
                           "Temp Read Blocks": 0,                                                                                                        
                           "Temp Written Blocks": 0                                                                                                      
                         }                                                                                                                               
                       ]                                                                                                                                 
                     },                                                                                                                                  
                     {                                                                                                                                   
                       "Node Type": "Materialize",                                                                                                       
                       "Parent Relationship": "Inner",                                                                                                   
                       "Parallel Aware": false,                                                                                                          
                       "Startup Cost": 0.00,                                                                                                             
                       "Total Cost": 0.05,                                                                                                               
                       "Plan Rows": 1,                                                                                                                   
                       "Plan Width": 4,                                                                                                                  
                       "Actual Startup Time": 0.000,                                                                                                     
                       "Actual Total Time": 0.001,                                                                                                       
                       "Actual Rows": 1,                                                                                                                 
                       "Actual Loops": 795,                                                                                                              
                       "Shared Hit Blocks": 1,                                                                                                           
                       "Shared Read Blocks": 0,                                                                                                          
                       "Shared Dirtied Blocks": 0,                                                                                                       
                       "Shared Written Blocks": 0,                                                                                                       
                       "Local Hit Blocks": 0,                                                                                                            
                       "Local Read Blocks": 0,                                                                                                           
                       "Local Dirtied Blocks": 0,                                                                                                        
                       "Local Written Blocks": 0,                                                                                                        
                       "Temp Read Blocks": 0,                                                                                                            
                       "Temp Written Blocks": 0,                                                                                                         
                       "Plans": [                                                                                                                        
                         {                                                                                                                               
                           "Node Type": "Seq Scan",                                                                                                      
                           "Parent Relationship": "Outer",                                                                                               
                           "Parallel Aware": false,                                                                                                      
                           "Relation Name": "info_type",                                                                                                 
                           "Alias": "it",                                                                                                               
                           "Startup Cost": 0.00,                                                                                                         
                           "Total Cost": 0.05,                                                                                                           
                           "Plan Rows": 1,                                                                                                               
                           "Plan Width": 4,                                                                                                              
                           "Actual Startup Time": 0.057,                                                                                                 
                           "Actual Total Time": 0.062,                                                                                                   
                           "Actual Rows": 1,                                                                                                             
                           "Actual Loops": 1,                                                                                                            
                           "Filter": "((info)::text = 'votes'::text)",                                                                                   
                           "Rows Removed by Filter": 112,                                                                                                
                           "Shared Hit Blocks": 1,                                                                                                       
                           "Shared Read Blocks": 0,                                                                                                      
                           "Shared Dirtied Blocks": 0,                                                                                                   
                           "Shared Written Blocks": 0,                                                                                                   
                           "Local Hit Blocks": 0,                                                                                                        
                           "Local Read Blocks": 0,                                                                                                       
                           "Local Dirtied Blocks": 0,                                                                                                    
                           "Local Written Blocks": 0,                                                                                                    
                           "Temp Read Blocks": 0,                                                                                                        
                           "Temp Written Blocks": 0                                                                                                      
                         }                                                                                                                               
                       ]                                                                                                                                 
                     }                                                                                                                                   
                   ]                                                                                                                                     
                 },                                                                                                                                      
                 {                                                                                                                                       
                   "Node Type": "Index Scan",                                                                                                            
                   "Parent Relationship": "Inner",                                                                                                       
                   "Parallel Aware": false,                                                                                                              
                   "Scan Direction": "Forward",                                                                                                          
                   "Index Name": "name_pkey",                                                                                                            
                   "Relation Name": "name",                                                                                                              
                   "Alias": "n",                                                                                                                         
                   "Startup Cost": 0.01,                                                                                                                 
                   "Total Cost": 0.19,                                                                                                                   
                   "Plan Rows": 1,                                                                                                                       
                   "Plan Width": 19,                                                                                                                     
                   "Actual Startup Time": 4.452,                                                                                                         
                   "Actual Total Time": 4.452,                                                                                                           
                   "Actual Rows": 1,                                                                                                                     
                   "Actual Loops": 254,                                                                                                                  
                   "Index Cond": "(id = ci.person_id)",                                                                                                  
                   "Rows Removed by Index Recheck": 0,                                                                                                   
                   "Filter": "((gender)::text = 'm'::text)",                                                                                             
                   "Rows Removed by Filter": 0,                                                                                                          
                   "Shared Hit Blocks": 897,                                                                                                             
                   "Shared Read Blocks": 119,                                                                                                            
                   "Shared Dirtied Blocks": 0,                                                                                                           
                   "Shared Written Blocks": 0,                                                                                                           
                   "Local Hit Blocks": 0,                                                                                                                
                   "Local Read Blocks": 0,                                                                                                               
                   "Local Dirtied Blocks": 0,                                                                                                            
                   "Local Written Blocks": 0,                                                                                                            
                   "Temp Read Blocks": 0,                                                                                                                
                   "Temp Written Blocks": 0                                                                                                              
                 }                                                                                                                                       
               ]                                                                                                                                         
             },                                                                                                                                          
             {                                                                                                                                           
               "Node Type": "Index Scan",                                                                                                                
               "Parent Relationship": "Inner",                                                                                                           
               "Parallel Aware": false,                                                                                                                  
               "Scan Direction": "Forward",                                                                                                              
               "Index Name": "title_idx_id",                                                                                                             
               "Relation Name": "title",                                                                                                                 
               "Alias": "t",                                                                                                                             
               "Startup Cost": 0.01,                                                                                                                     
               "Total Cost": 0.04,                                                                                                                       
               "Plan Rows": 1,                                                                                                                           
               "Plan Width": 21,                                                                                                                         
               "Actual Startup Time": 4.960,                                                                                                             
               "Actual Total Time": 4.960,                                                                                                               
               "Actual Rows": 0,                                                                                                                         
               "Actual Loops": 227,                                                                                                                      
               "Index Cond": "(id = mk.movie_id)",                                                                                                       
               "Rows Removed by Index Recheck": 0,                                                                                                       
               "Filter": "((production_year > 2000) AND ((title ~~ '%Freddy%'::text) OR (title ~~ '%Jason%'::text) OR (title ~~ 'Saw%'::text)))",        
               "Rows Removed by Filter": 1,                                                                                                              
               "Shared Hit Blocks": 845,                                                                                                                 
               "Shared Read Blocks": 63,                                                                                                                 
               "Shared Dirtied Blocks": 0,                                                                                                               
               "Shared Written Blocks": 0,                                                                                                               
               "Local Hit Blocks": 0,                                                                                                                    
               "Local Read Blocks": 0,                                                                                                                   
               "Local Dirtied Blocks": 0,                                                                                                                
               "Local Written Blocks": 0,                                                                                                                
               "Temp Read Blocks": 0,                                                                                                                    
               "Temp Written Blocks": 0                                                                                                                  
             }                                                                                                                                           
           ]                                                                                                                                             
         }                                                                                                                                               
       ]                                                                                                                                                 
     },                                                                                                                                                  
     "Planning Time": 11923.738,                                                                                                                         
     "Triggers": [                                                                                                                                       
     ],                                                                                                                                                  
     "Execution Time": 612614.804                                                                                                                        
   }                                                                                                                                                     
 ]
