 [                                                                                                                                                       
   {                                                                                                                                                     
     "Plan": {                                                                                                                                           
       "Node Type": "Aggregate",                                                                                                                         
       "Strategy": "Plain",                                                                                                                              
       "Partial Mode": "Simple",                                                                                                                         
       "Parallel Aware": false,                                                                                                                          
       "Startup Cost": 904.33,                                                                                                                           
       "Total Cost": 904.33,                                                                                                                             
       "Plan Rows": 1,                                                                                                                                   
       "Plan Width": 128,                                                                                                                                
       "Actual Startup Time": 1671678.273,                                                                                                               
       "Actual Total Time": 1671678.274,                                                                                                                 
       "Actual Rows": 1,                                                                                                                                 
       "Actual Loops": 1,                                                                                                                                
       "Shared Hit Blocks": 92247660,                                                                                                                    
       "Shared Read Blocks": 407659,                                                                                                                     
       "Shared Dirtied Blocks": 0,                                                                                                                       
       "Shared Written Blocks": 0,                                                                                                                       
       "Local Hit Blocks": 0,                                                                                                                            
       "Local Read Blocks": 0,                                                                                                                           
       "Local Dirtied Blocks": 0,                                                                                                                        
       "Local Written Blocks": 0,                                                                                                                        
       "Temp Read Blocks": 0,                                                                                                                            
       "Temp Written Blocks": 0,                                                                                                                         
       "Plans": [                                                                                                                                        
         {                                                                                                                                               
           "Node Type": "Nested Loop",                                                                                                                   
           "Parent Relationship": "Outer",                                                                                                               
           "Parallel Aware": false,                                                                                                                      
           "Join Type": "Inner",                                                                                                                         
           "Startup Cost": 0.12,                                                                                                                         
           "Total Cost": 904.33,                                                                                                                         
           "Plan Rows": 1,                                                                                                                               
           "Plan Width": 80,                                                                                                                             
           "Actual Startup Time": 49062.783,                                                                                                             
           "Actual Total Time": 1671671.849,                                                                                                             
           "Actual Rows": 2825,                                                                                                                          
           "Actual Loops": 1,                                                                                                                            
           "Inner Unique": true,                                                                                                                         
           "Join Filter": "(mi.info_type_id = it.id)",                                                                                                  
           "Rows Removed by Join Filter": 182,                                                                                                           
           "Shared Hit Blocks": 92247660,                                                                                                                
           "Shared Read Blocks": 407659,                                                                                                                 
           "Shared Dirtied Blocks": 0,                                                                                                                   
           "Shared Written Blocks": 0,                                                                                                                   
           "Local Hit Blocks": 0,                                                                                                                        
           "Local Read Blocks": 0,                                                                                                                       
           "Local Dirtied Blocks": 0,                                                                                                                    
           "Local Written Blocks": 0,                                                                                                                    
           "Temp Read Blocks": 0,                                                                                                                        
           "Temp Written Blocks": 0,                                                                                                                     
           "Plans": [                                                                                                                                    
             {                                                                                                                                           
               "Node Type": "Nested Loop",                                                                                                               
               "Parent Relationship": "Outer",                                                                                                           
               "Parallel Aware": false,                                                                                                                  
               "Join Type": "Inner",                                                                                                                     
               "Startup Cost": 0.12,                                                                                                                     
               "Total Cost": 904.28,                                                                                                                     
               "Plan Rows": 1,                                                                                                                           
               "Plan Width": 84,                                                                                                                         
               "Actual Startup Time": 49062.730,                                                                                                         
               "Actual Total Time": 1671667.725,                                                                                                         
               "Actual Rows": 3007,                                                                                                                      
               "Actual Loops": 1,                                                                                                                        
               "Inner Unique": true,                                                                                                                     
               "Shared Hit Blocks": 92247659,                                                                                                            
               "Shared Read Blocks": 407659,                                                                                                             
               "Shared Dirtied Blocks": 0,                                                                                                               
               "Shared Written Blocks": 0,                                                                                                               
               "Local Hit Blocks": 0,                                                                                                                    
               "Local Read Blocks": 0,                                                                                                                   
               "Local Dirtied Blocks": 0,                                                                                                                
               "Local Written Blocks": 0,                                                                                                                
               "Temp Read Blocks": 0,                                                                                                                    
               "Temp Written Blocks": 0,                                                                                                                 
               "Plans": [                                                                                                                                
                 {                                                                                                                                       
                   "Node Type": "Nested Loop",                                                                                                           
                   "Parent Relationship": "Outer",                                                                                                       
                   "Parallel Aware": false,                                                                                                              
                   "Join Type": "Inner",                                                                                                                 
                   "Startup Cost": 0.11,                                                                                                                 
                   "Total Cost": 904.24,                                                                                                                 
                   "Plan Rows": 2,                                                                                                                       
                   "Plan Width": 88,                                                                                                                     
                   "Actual Startup Time": 1303.185,                                                                                                      
                   "Actual Total Time": 1637518.420,                                                                                                     
                   "Actual Rows": 687361,                                                                                                                
                   "Actual Loops": 1,                                                                                                                    
                   "Inner Unique": true,                                                                                                                 
                   "Join Filter": "(mi.movie_id = t.id)",                                                                                                
                   "Rows Removed by Join Filter": 0,                                                                                                     
                   "Shared Hit Blocks": 89497196,                                                                                                        
                   "Shared Read Blocks": 403903,                                                                                                         
                   "Shared Dirtied Blocks": 0,                                                                                                           
                   "Shared Written Blocks": 0,                                                                                                           
                   "Local Hit Blocks": 0,                                                                                                                
                   "Local Read Blocks": 0,                                                                                                               
                   "Local Dirtied Blocks": 0,                                                                                                            
                   "Local Written Blocks": 0,                                                                                                            
                   "Temp Read Blocks": 0,                                                                                                                
                   "Temp Written Blocks": 0,                                                                                                             
                   "Plans": [                                                                                                                            
                     {                                                                                                                                   
                       "Node Type": "Nested Loop",                                                                                                       
                       "Parent Relationship": "Outer",                                                                                                   
                       "Parallel Aware": false,                                                                                                          
                       "Join Type": "Inner",                                                                                                             
                       "Startup Cost": 0.10,                                                                                                             
                       "Total Cost": 904.16,                                                                                                             
                       "Plan Rows": 2,                                                                                                                   
                       "Plan Width": 91,                                                                                                                 
                       "Actual Startup Time": 1248.826,                                                                                                  
                       "Actual Total Time": 1584656.314,                                                                                                 
                       "Actual Rows": 687361,                                                                                                            
                       "Actual Loops": 1,                                                                                                                
                       "Inner Unique": true,                                                                                                             
                       "Shared Hit Blocks": 86755239,                                                                                                    
                       "Shared Read Blocks": 395281,                                                                                                     
                       "Shared Dirtied Blocks": 0,                                                                                                       
                       "Shared Written Blocks": 0,                                                                                                       
                       "Local Hit Blocks": 0,                                                                                                            
                       "Local Read Blocks": 0,                                                                                                           
                       "Local Dirtied Blocks": 0,                                                                                                        
                       "Local Written Blocks": 0,                                                                                                        
                       "Temp Read Blocks": 0,                                                                                                            
                       "Temp Written Blocks": 0,                                                                                                         
                       "Plans": [                                                                                                                        
                         {                                                                                                                               
                           "Node Type": "Nested Loop",                                                                                                   
                           "Parent Relationship": "Outer",                                                                                               
                           "Parallel Aware": false,                                                                                                      
                           "Join Type": "Inner",                                                                                                         
                           "Startup Cost": 0.08,                                                                                                         
                           "Total Cost": 903.78,                                                                                                         
                           "Plan Rows": 2,                                                                                                               
                           "Plan Width": 80,                                                                                                             
                           "Actual Startup Time": 1224.767,                                                                                              
                           "Actual Total Time": 1496293.126,                                                                                             
                           "Actual Rows": 687361,                                                                                                        
                           "Actual Loops": 1,                                                                                                            
                           "Inner Unique": false,                                                                                                        
                           "Join Filter": "(mi.movie_id = ci.movie_id)",                                                                                 
                           "Rows Removed by Join Filter": 0,                                                                                             
                           "Shared Hit Blocks": 84016125,                                                                                                
                           "Shared Read Blocks": 382917,                                                                                                 
                           "Shared Dirtied Blocks": 0,                                                                                                   
                           "Shared Written Blocks": 0,                                                                                                   
                           "Local Hit Blocks": 0,                                                                                                        
                           "Local Read Blocks": 0,                                                                                                       
                           "Local Dirtied Blocks": 0,                                                                                                    
                           "Local Written Blocks": 0,                                                                                                    
                           "Temp Read Blocks": 0,                                                                                                        
                           "Temp Written Blocks": 0,                                                                                                     
                           "Plans": [                                                                                                                    
                             {                                                                                                                           
                               "Node Type": "Nested Loop",                                                                                               
                               "Parent Relationship": "Outer",                                                                                           
                               "Parallel Aware": false,                                                                                                  
                               "Join Type": "Inner",                                                                                                     
                               "Startup Cost": 0.07,                                                                                                     
                               "Total Cost": 903.25,                                                                                                     
                               "Plan Rows": 2,                                                                                                           
                               "Plan Width": 72,                                                                                                         
                               "Actual Startup Time": 251.943,                                                                                           
                               "Actual Total Time": 304071.047,                                                                                          
                               "Actual Rows": 866603,                                                                                                    
                               "Actual Loops": 1,                                                                                                        
                               "Inner Unique": false,                                                                                                    
                               "Join Filter": "(mi.movie_id = mc.movie_id)",                                                                             
                               "Rows Removed by Join Filter": 0,                                                                                         
                               "Shared Hit Blocks": 1585510,                                                                                             
                               "Shared Read Blocks": 183940,                                                                                             
                               "Shared Dirtied Blocks": 0,                                                                                               
                               "Shared Written Blocks": 0,                                                                                               
                               "Local Hit Blocks": 0,                                                                                                    
                               "Local Read Blocks": 0,                                                                                                   
                               "Local Dirtied Blocks": 0,                                                                                                
                               "Local Written Blocks": 0,                                                                                                
                               "Temp Read Blocks": 0,                                                                                                    
                               "Temp Written Blocks": 0,                                                                                                 
                               "Plans": [                                                                                                                
                                 {                                                                                                                       
                                   "Node Type": "Nested Loop",                                                                                           
                                   "Parent Relationship": "Outer",                                                                                       
                                   "Parallel Aware": false,                                                                                              
                                   "Join Type": "Inner",                                                                                                 
                                   "Startup Cost": 0.05,                                                                                                 
                                   "Total Cost": 903.09,                                                                                                 
                                   "Plan Rows": 1,                                                                                                       
                                   "Plan Width": 64,                                                                                                     
                                   "Actual Startup Time": 216.462,                                                                                       
                                   "Actual Total Time": 273934.766,                                                                                      
                                   "Actual Rows": 67732,                                                                                                 
                                   "Actual Loops": 1,                                                                                                    
                                   "Inner Unique": false,                                                                                                
                                   "Join Filter": "(mi_idx.movie_id = mi.movie_id)",                                                                     
                                   "Rows Removed by Join Filter": 0,                                                                                     
                                   "Shared Hit Blocks": 1261938,                                                                                         
                                   "Shared Read Blocks": 166825,                                                                                         
                                   "Shared Dirtied Blocks": 0,                                                                                           
                                   "Shared Written Blocks": 0,                                                                                           
                                   "Local Hit Blocks": 0,                                                                                                
                                   "Local Read Blocks": 0,                                                                                               
                                   "Local Dirtied Blocks": 0,                                                                                            
                                   "Local Written Blocks": 0,                                                                                            
                                   "Temp Read Blocks": 0,                                                                                                
                                   "Temp Written Blocks": 0,                                                                                             
                                   "Plans": [                                                                                                            
                                     {                                                                                                                   
                                       "Node Type": "Nested Loop",                                                                                       
                                       "Parent Relationship": "Outer",                                                                                   
                                       "Parallel Aware": false,                                                                                          
                                       "Join Type": "Inner",                                                                                             
                                       "Startup Cost": 0.04,                                                                                             
                                       "Total Cost": 902.17,                                                                                             
                                       "Plan Rows": 6,                                                                                                   
                                       "Plan Width": 14,                                                                                                 
                                       "Actual Startup Time": 119.684,                                                                                   
                                       "Actual Total Time": 36094.099,                                                                                   
                                       "Actual Rows": 63701,                                                                                             
                                       "Actual Loops": 1,                                                                                                
                                       "Inner Unique": true,                                                                                             
                                       "Join Filter": "(mi_idx.info_type_id = it.id)",                                                                  
                                       "Rows Removed by Join Filter": 127988,                                                                            
                                       "Shared Hit Blocks": 318290,                                                                                      
                                       "Shared Read Blocks": 31134,                                                                                      
                                       "Shared Dirtied Blocks": 0,                                                                                       
                                       "Shared Written Blocks": 0,                                                                                       
                                       "Local Hit Blocks": 0,                                                                                            
                                       "Local Read Blocks": 0,                                                                                           
                                       "Local Dirtied Blocks": 0,                                                                                        
                                       "Local Written Blocks": 0,                                                                                        
                                       "Temp Read Blocks": 0,                                                                                            
                                       "Temp Written Blocks": 0,                                                                                         
                                       "Plans": [                                                                                                        
                                         {                                                                                                               
                                           "Node Type": "Nested Loop",                                                                                   
                                           "Parent Relationship": "Outer",                                                                               
                                           "Parallel Aware": false,                                                                                      
                                           "Join Type": "Inner",                                                                                         
                                           "Startup Cost": 0.04,                                                                                         
                                           "Total Cost": 901.96,                                                                                         
                                           "Plan Rows": 710,                                                                                             
                                           "Plan Width": 18,                                                                                             
                                           "Actual Startup Time": 112.626,                                                                               
                                           "Actual Total Time": 35787.250,                                                                               
                                           "Actual Rows": 191689,                                                                                        
                                           "Actual Loops": 1,                                                                                            
                                           "Inner Unique": false,                                                                                        
                                           "Shared Hit Blocks": 318290,                                                                                  
                                           "Shared Read Blocks": 31133,                                                                                  
                                           "Shared Dirtied Blocks": 0,                                                                                   
                                           "Shared Written Blocks": 0,                                                                                   
                                           "Local Hit Blocks": 0,                                                                                        
                                           "Local Read Blocks": 0,                                                                                       
                                           "Local Dirtied Blocks": 0,                                                                                    
                                           "Local Written Blocks": 0,                                                                                    
                                           "Temp Read Blocks": 0,                                                                                        
                                           "Temp Written Blocks": 0,                                                                                     
                                           "Plans": [                                                                                                    
                                             {                                                                                                           
                                               "Node Type": "Nested Loop",                                                                               
                                               "Parent Relationship": "Outer",                                                                           
                                               "Parallel Aware": false,                                                                                  
                                               "Join Type": "Inner",                                                                                     
                                               "Startup Cost": 0.03,                                                                                     
                                               "Total Cost": 896.69,                                                                                     
                                               "Plan Rows": 236,                                                                                         
                                               "Plan Width": 4,                                                                                          
                                               "Actual Startup Time": 76.401,                                                                            
                                               "Actual Total Time": 19294.726,                                                                           
                                               "Actual Rows": 76714,                                                                                     
                                               "Actual Loops": 1,                                                                                        
                                               "Inner Unique": false,                                                                                    
                                               "Shared Hit Blocks": 32396,                                                                               
                                               "Shared Read Blocks": 21102,                                                                              
                                               "Shared Dirtied Blocks": 0,                                                                               
                                               "Shared Written Blocks": 0,                                                                               
                                               "Local Hit Blocks": 0,                                                                                    
                                               "Local Read Blocks": 0,                                                                                   
                                               "Local Dirtied Blocks": 0,                                                                                
                                               "Local Written Blocks": 0,                                                                                
                                               "Temp Read Blocks": 0,                                                                                    
                                               "Temp Written Blocks": 0,                                                                                 
                                               "Plans": [                                                                                                
                                                 {                                                                                                       
                                                   "Node Type": "Index Scan",                                                                            
                                                   "Parent Relationship": "Outer",                                                                       
                                                   "Parallel Aware": false,                                                                              
                                                   "Scan Direction": "Forward",                                                                          
                                                   "Index Name": "keyword_idx_keyword",                                                                  
                                                   "Relation Name": "keyword",                                                                           
                                                   "Alias": "k",                                                                                         
                                                   "Startup Cost": 0.01,                                                                                 
                                                   "Total Cost": 42.93,                                                                                  
                                                   "Plan Rows": 7,                                                                                       
                                                   "Plan Width": 4,                                                                                      
                                                   "Actual Startup Time": 31.403,                                                                        
                                                   "Actual Total Time": 251.217,                                                                         
                                                   "Actual Rows": 7,                                                                                     
                                                   "Actual Loops": 1,                                                                                    
                                                   "Index Cond": "(keyword = ANY ('{murder,violence,blood,gore,death,female-nudity,hospital}'::text[]))",
                                                   "Rows Removed by Index Recheck": 0,                                                                   
                                                   "Shared Hit Blocks": 14,                                                                              
                                                   "Shared Read Blocks": 17,                                                                             
                                                   "Shared Dirtied Blocks": 0,                                                                           
                                                   "Shared Written Blocks": 0,                                                                           
                                                   "Local Hit Blocks": 0,                                                                                
                                                   "Local Read Blocks": 0,                                                                               
                                                   "Local Dirtied Blocks": 0,                                                                            
                                                   "Local Written Blocks": 0,                                                                            
                                                   "Temp Read Blocks": 0,                                                                                
                                                   "Temp Written Blocks": 0                                                                              
                                                 },                                                                                                      
                                                 {                                                                                                       
                                                   "Node Type": "Index Scan",                                                                            
                                                   "Parent Relationship": "Inner",                                                                       
                                                   "Parallel Aware": false,                                                                              
                                                   "Scan Direction": "Forward",                                                                          
                                                   "Index Name": "keyword_id_movie_keyword",                                                             
                                                   "Relation Name": "movie_keyword",                                                                     
                                                   "Alias": "mk",                                                                                        
                                                   "Startup Cost": 0.01,                                                                                 
                                                   "Total Cost": 121.96,                                                                                 
                                                   "Plan Rows": 39,                                                                                      
                                                   "Plan Width": 8,                                                                                      
                                                   "Actual Startup Time": 21.396,                                                                        
                                                   "Actual Total Time": 2712.194,                                                                        
                                                   "Actual Rows": 10959,                                                                                 
                                                   "Actual Loops": 7,                                                                                    
                                                   "Index Cond": "(keyword_id = k.id)",                                                                  
                                                   "Rows Removed by Index Recheck": 0,                                                                   
                                                   "Shared Hit Blocks": 32382,                                                                           
                                                   "Shared Read Blocks": 21085,                                                                          
                                                   "Shared Dirtied Blocks": 0,                                                                           
                                                   "Shared Written Blocks": 0,                                                                           
                                                   "Local Hit Blocks": 0,                                                                                
                                                   "Local Read Blocks": 0,                                                                               
                                                   "Local Dirtied Blocks": 0,                                                                            
                                                   "Local Written Blocks": 0,                                                                            
                                                   "Temp Read Blocks": 0,                                                                                
                                                   "Temp Written Blocks": 0                                                                              
                                                 }                                                                                                       
                                               ]                                                                                                         
                                             },                                                                                                          
                                             {                                                                                                           
                                               "Node Type": "Index Scan",                                                                                
                                               "Parent Relationship": "Inner",                                                                           
                                               "Parallel Aware": false,                                                                                  
                                               "Scan Direction": "Forward",                                                                              
                                               "Index Name": "movie_id_movie_info_idx",                                                                  
                                               "Relation Name": "movie_info_idx",                                                                        
                                               "Alias": "mi_idx",                                                                                        
                                               "Startup Cost": 0.01,                                                                                     
                                               "Total Cost": 0.02,                                                                                       
                                               "Plan Rows": 3,                                                                                           
                                               "Plan Width": 14,                                                                                         
                                               "Actual Startup Time": 0.207,                                                                             
                                               "Actual Total Time": 0.212,                                                                               
                                               "Actual Rows": 2,                                                                                         
                                               "Actual Loops": 76714,                                                                                    
                                               "Index Cond": "(movie_id = mk.movie_id)",                                                                 
                                               "Rows Removed by Index Recheck": 0,                                                                       
                                               "Shared Hit Blocks": 285894,                                                                              
                                               "Shared Read Blocks": 10031,                                                                              
                                               "Shared Dirtied Blocks": 0,                                                                               
                                               "Shared Written Blocks": 0,                                                                               
                                               "Local Hit Blocks": 0,                                                                                    
                                               "Local Read Blocks": 0,                                                                                   
                                               "Local Dirtied Blocks": 0,                                                                                
                                               "Local Written Blocks": 0,                                                                                
                                               "Temp Read Blocks": 0,                                                                                    
                                               "Temp Written Blocks": 0                                                                                  
                                             }                                                                                                           
                                           ]                                                                                                             
                                         },                                                                                                              
                                         {                                                                                                               
                                           "Node Type": "Materialize",                                                                                   
                                           "Parent Relationship": "Inner",                                                                               
                                           "Parallel Aware": false,                                                                                      
                                           "Startup Cost": 0.00,                                                                                         
                                           "Total Cost": 0.05,                                                                                           
                                           "Plan Rows": 1,                                                                                               
                                           "Plan Width": 4,                                                                                              
                                           "Actual Startup Time": 0.000,                                                                                 
                                           "Actual Total Time": 0.000,                                                                                   
                                           "Actual Rows": 1,                                                                                             
                                           "Actual Loops": 191689,                                                                                       
                                           "Shared Hit Blocks": 0,                                                                                       
                                           "Shared Read Blocks": 1,                                                                                      
                                           "Shared Dirtied Blocks": 0,                                                                                   
                                           "Shared Written Blocks": 0,                                                                                   
                                           "Local Hit Blocks": 0,                                                                                        
                                           "Local Read Blocks": 0,                                                                                       
                                           "Local Dirtied Blocks": 0,                                                                                    
                                           "Local Written Blocks": 0,                                                                                    
                                           "Temp Read Blocks": 0,                                                                                        
                                           "Temp Written Blocks": 0,                                                                                     
                                           "Plans": [                                                                                                    
                                             {                                                                                                           
                                               "Node Type": "Seq Scan",                                                                                  
                                               "Parent Relationship": "Outer",                                                                           
                                               "Parallel Aware": false,                                                                                  
                                               "Relation Name": "info_type",                                                                             
                                               "Alias": "it",                                                                                           
                                               "Startup Cost": 0.00,                                                                                     
                                               "Total Cost": 0.05,                                                                                       
                                               "Plan Rows": 1,                                                                                           
                                               "Plan Width": 4,                                                                                          
                                               "Actual Startup Time": 7.022,                                                                             
                                               "Actual Total Time": 7.029,                                                                               
                                               "Actual Rows": 1,                                                                                         
                                               "Actual Loops": 1,                                                                                        
                                               "Filter": "((info)::text = 'votes'::text)",                                                               
                                               "Rows Removed by Filter": 112,                                                                            
                                               "Shared Hit Blocks": 0,                                                                                   
                                               "Shared Read Blocks": 1,                                                                                  
                                               "Shared Dirtied Blocks": 0,                                                                               
                                               "Shared Written Blocks": 0,                                                                               
                                               "Local Hit Blocks": 0,                                                                                    
                                               "Local Read Blocks": 0,                                                                                   
                                               "Local Dirtied Blocks": 0,                                                                                
                                               "Local Written Blocks": 0,                                                                                
                                               "Temp Read Blocks": 0,                                                                                    
                                               "Temp Written Blocks": 0                                                                                  
                                             }                                                                                                           
                                           ]                                                                                                             
                                         }                                                                                                               
                                       ]                                                                                                                 
                                     },                                                                                                                  
                                     {                                                                                                                   
                                       "Node Type": "Index Scan",                                                                                        
                                       "Parent Relationship": "Inner",                                                                                   
                                       "Parallel Aware": false,                                                                                          
                                       "Scan Direction": "Forward",                                                                                      
                                       "Index Name": "movie_id_movie_info",                                                                              
                                       "Relation Name": "movie_info",                                                                                    
                                       "Alias": "mi",                                                                                                    
                                       "Startup Cost": 0.01,                                                                                             
                                       "Total Cost": 0.15,                                                                                               
                                       "Plan Rows": 1,                                                                                                   
                                       "Plan Width": 50,                                                                                                 
                                       "Actual Startup Time": 3.647,                                                                                     
                                       "Actual Total Time": 3.731,                                                                                       
                                       "Actual Rows": 1,                                                                                                 
                                       "Actual Loops": 63701,                                                                                            
                                       "Index Cond": "(movie_id = mk.movie_id)",                                                                         
                                       "Rows Removed by Index Recheck": 0,                                                                               
                                       "Filter": "(info = ANY ('{Horror,Action,Sci-Fi,Thriller,Crime,War}'::text[]))",                                   
                                       "Rows Removed by Filter": 58,                                                                                     
                                       "Shared Hit Blocks": 943648,                                                                                      
                                       "Shared Read Blocks": 135691,                                                                                     
                                       "Shared Dirtied Blocks": 0,                                                                                       
                                       "Shared Written Blocks": 0,                                                                                       
                                       "Local Hit Blocks": 0,                                                                                            
                                       "Local Read Blocks": 0,                                                                                           
                                       "Local Dirtied Blocks": 0,                                                                                        
                                       "Local Written Blocks": 0,                                                                                        
                                       "Temp Read Blocks": 0,                                                                                            
                                       "Temp Written Blocks": 0                                                                                          
                                     }                                                                                                                   
                                   ]                                                                                                                     
                                 },                                                                                                                      
                                 {                                                                                                                       
                                   "Node Type": "Index Scan",                                                                                            
                                   "Parent Relationship": "Inner",                                                                                       
                                   "Parallel Aware": false,                                                                                              
                                   "Scan Direction": "Forward",                                                                                          
                                   "Index Name": "movie_id_movie_companies",                                                                             
                                   "Relation Name": "movie_companies",                                                                                   
                                   "Alias": "mc",                                                                                                        
                                   "Startup Cost": 0.01,                                                                                                 
                                   "Total Cost": 0.03,                                                                                                   
                                   "Plan Rows": 2,                                                                                                       
                                   "Plan Width": 8,                                                                                                      
                                   "Actual Startup Time": 0.346,                                                                                         
                                   "Actual Total Time": 0.433,                                                                                           
                                   "Actual Rows": 13,                                                                                                    
                                   "Actual Loops": 67732,                                                                                                
                                   "Index Cond": "(movie_id = mk.movie_id)",                                                                             
                                   "Rows Removed by Index Recheck": 0,                                                                                   
                                   "Shared Hit Blocks": 323572,                                                                                          
                                   "Shared Read Blocks": 17115,                                                                                          
                                   "Shared Dirtied Blocks": 0,                                                                                           
                                   "Shared Written Blocks": 0,                                                                                           
                                   "Local Hit Blocks": 0,                                                                                                
                                   "Local Read Blocks": 0,                                                                                               
                                   "Local Dirtied Blocks": 0,                                                                                            
                                   "Local Written Blocks": 0,                                                                                            
                                   "Temp Read Blocks": 0,                                                                                                
                                   "Temp Written Blocks": 0                                                                                              
                                 }                                                                                                                       
                               ]                                                                                                                         
                             },                                                                                                                          
                             {                                                                                                                           
                               "Node Type": "Index Scan",                                                                                                
                               "Parent Relationship": "Inner",                                                                                           
                               "Parallel Aware": false,                                                                                                  
                               "Scan Direction": "Forward",                                                                                              
                               "Index Name": "movie_id_cast_info",                                                                                       
                               "Relation Name": "cast_info",                                                                                             
                               "Alias": "ci",                                                                                                            
                               "Startup Cost": 0.02,                                                                                                     
                               "Total Cost": 0.26,                                                                                                       
                               "Plan Rows": 1,                                                                                                           
                               "Plan Width": 8,                                                                                                          
                               "Actual Startup Time": 1.178,                                                                                             
                               "Actual Total Time": 1.374,                                                                                               
                               "Actual Rows": 1,                                                                                                         
                               "Actual Loops": 866603,                                                                                                   
                               "Index Cond": "(movie_id = mk.movie_id)",                                                                                 
                               "Rows Removed by Index Recheck": 0,                                                                                       
                               "Filter": "(note = ANY ('{(writer),\"(head writer)\",\"(written by)\",(story),\"(story editor)\"}'::text[]))",            
                               "Rows Removed by Filter": 93,                                                                                             
                               "Shared Hit Blocks": 82430615,                                                                                            
                               "Shared Read Blocks": 198977,                                                                                             
                               "Shared Dirtied Blocks": 0,                                                                                               
                               "Shared Written Blocks": 0,                                                                                               
                               "Local Hit Blocks": 0,                                                                                                    
                               "Local Read Blocks": 0,                                                                                                   
                               "Local Dirtied Blocks": 0,                                                                                                
                               "Local Written Blocks": 0,                                                                                                
                               "Temp Read Blocks": 0,                                                                                                    
                               "Temp Written Blocks": 0                                                                                                  
                             }                                                                                                                           
                           ]                                                                                                                             
                         },                                                                                                                              
                         {                                                                                                                               
                           "Node Type": "Index Scan",                                                                                                    
                           "Parent Relationship": "Inner",                                                                                               
                           "Parallel Aware": false,                                                                                                      
                           "Scan Direction": "Forward",                                                                                                  
                           "Index Name": "name_pkey",                                                                                                    
                           "Relation Name": "name",                                                                                                      
                           "Alias": "n",                                                                                                                 
                           "Startup Cost": 0.01,                                                                                                         
                           "Total Cost": 0.19,                                                                                                           
                           "Plan Rows": 1,                                                                                                               
                           "Plan Width": 19,                                                                                                             
                           "Actual Startup Time": 0.127,                                                                                                 
                           "Actual Total Time": 0.127,                                                                                                   
                           "Actual Rows": 1,                                                                                                             
                           "Actual Loops": 687361,                                                                                                       
                           "Index Cond": "(id = ci.person_id)",                                                                                          
                           "Rows Removed by Index Recheck": 0,                                                                                           
                           "Shared Hit Blocks": 2739114,                                                                                                 
                           "Shared Read Blocks": 12364,                                                                                                  
                           "Shared Dirtied Blocks": 0,                                                                                                   
                           "Shared Written Blocks": 0,                                                                                                   
                           "Local Hit Blocks": 0,                                                                                                        
                           "Local Read Blocks": 0,                                                                                                       
                           "Local Dirtied Blocks": 0,                                                                                                    
                           "Local Written Blocks": 0,                                                                                                    
                           "Temp Read Blocks": 0,                                                                                                        
                           "Temp Written Blocks": 0                                                                                                      
                         }                                                                                                                               
                       ]                                                                                                                                 
                     },                                                                                                                                  
                     {                                                                                                                                   
                       "Node Type": "Index Scan",                                                                                                        
                       "Parent Relationship": "Inner",                                                                                                   
                       "Parallel Aware": false,                                                                                                          
                       "Scan Direction": "Forward",                                                                                                      
                       "Index Name": "title_idx_id",                                                                                                     
                       "Relation Name": "title",                                                                                                         
                       "Alias": "t",                                                                                                                     
                       "Startup Cost": 0.01,                                                                                                             
                       "Total Cost": 0.04,                                                                                                               
                       "Plan Rows": 1,                                                                                                                   
                       "Plan Width": 21,                                                                                                                 
                       "Actual Startup Time": 0.075,                                                                                                     
                       "Actual Total Time": 0.075,                                                                                                       
                       "Actual Rows": 1,                                                                                                                 
                       "Actual Loops": 687361,                                                                                                           
                       "Index Cond": "(id = mk.movie_id)",                                                                                               
                       "Rows Removed by Index Recheck": 0,                                                                                               
                       "Shared Hit Blocks": 2741957,                                                                                                     
                       "Shared Read Blocks": 8622,                                                                                                       
                       "Shared Dirtied Blocks": 0,                                                                                                       
                       "Shared Written Blocks": 0,                                                                                                       
                       "Local Hit Blocks": 0,                                                                                                            
                       "Local Read Blocks": 0,                                                                                                           
                       "Local Dirtied Blocks": 0,                                                                                                        
                       "Local Written Blocks": 0,                                                                                                        
                       "Temp Read Blocks": 0,                                                                                                            
                       "Temp Written Blocks": 0                                                                                                          
                     }                                                                                                                                   
                   ]                                                                                                                                     
                 },                                                                                                                                      
                 {                                                                                                                                       
                   "Node Type": "Index Scan",                                                                                                            
                   "Parent Relationship": "Inner",                                                                                                       
                   "Parallel Aware": false,                                                                                                              
                   "Scan Direction": "Forward",                                                                                                          
                   "Index Name": "company_name_pkey",                                                                                                    
                   "Relation Name": "company_name",                                                                                                      
                   "Alias": "cn",                                                                                                                        
                   "Startup Cost": 0.01,                                                                                                                 
                   "Total Cost": 0.02,                                                                                                                   
                   "Plan Rows": 1,                                                                                                                       
                   "Plan Width": 4,                                                                                                                      
                   "Actual Startup Time": 0.049,                                                                                                         
                   "Actual Total Time": 0.049,                                                                                                           
                   "Actual Rows": 0,                                                                                                                     
                   "Actual Loops": 687361,                                                                                                               
                   "Index Cond": "(id = mc.company_id)",                                                                                                 
                   "Rows Removed by Index Recheck": 0,                                                                                                   
                   "Filter": "(name ~~ 'Lionsgate%'::text)",                                                                                             
                   "Rows Removed by Filter": 1,                                                                                                          
                   "Shared Hit Blocks": 2750463,                                                                                                         
                   "Shared Read Blocks": 3756,                                                                                                           
                   "Shared Dirtied Blocks": 0,                                                                                                           
                   "Shared Written Blocks": 0,                                                                                                           
                   "Local Hit Blocks": 0,                                                                                                                
                   "Local Read Blocks": 0,                                                                                                               
                   "Local Dirtied Blocks": 0,                                                                                                            
                   "Local Written Blocks": 0,                                                                                                            
                   "Temp Read Blocks": 0,                                                                                                                
                   "Temp Written Blocks": 0                                                                                                              
                 }                                                                                                                                       
               ]                                                                                                                                         
             },                                                                                                                                          
             {                                                                                                                                           
               "Node Type": "Materialize",                                                                                                               
               "Parent Relationship": "Inner",                                                                                                           
               "Parallel Aware": false,                                                                                                                  
               "Startup Cost": 0.00,                                                                                                                     
               "Total Cost": 0.05,                                                                                                                       
               "Plan Rows": 1,                                                                                                                           
               "Plan Width": 4,                                                                                                                          
               "Actual Startup Time": 0.000,                                                                                                             
               "Actual Total Time": 0.000,                                                                                                               
               "Actual Rows": 1,                                                                                                                         
               "Actual Loops": 3007,                                                                                                                     
               "Shared Hit Blocks": 1,                                                                                                                   
               "Shared Read Blocks": 0,                                                                                                                  
               "Shared Dirtied Blocks": 0,                                                                                                               
               "Shared Written Blocks": 0,                                                                                                               
               "Local Hit Blocks": 0,                                                                                                                    
               "Local Read Blocks": 0,                                                                                                                   
               "Local Dirtied Blocks": 0,                                                                                                                
               "Local Written Blocks": 0,                                                                                                                
               "Temp Read Blocks": 0,                                                                                                                    
               "Temp Written Blocks": 0,                                                                                                                 
               "Plans": [                                                                                                                                
                 {                                                                                                                                       
                   "Node Type": "Seq Scan",                                                                                                              
                   "Parent Relationship": "Outer",                                                                                                       
                   "Parallel Aware": false,                                                                                                              
                   "Relation Name": "info_type",                                                                                                         
                   "Alias": "it",                                                                                                                       
                   "Startup Cost": 0.00,                                                                                                                 
                   "Total Cost": 0.05,                                                                                                                   
                   "Plan Rows": 1,                                                                                                                       
                   "Plan Width": 4,                                                                                                                      
                   "Actual Startup Time": 0.030,                                                                                                         
                   "Actual Total Time": 0.078,                                                                                                           
                   "Actual Rows": 1,                                                                                                                     
                   "Actual Loops": 1,                                                                                                                    
                   "Filter": "((info)::text = 'genres'::text)",                                                                                          
                   "Rows Removed by Filter": 112,                                                                                                        
                   "Shared Hit Blocks": 1,                                                                                                               
                   "Shared Read Blocks": 0,                                                                                                              
                   "Shared Dirtied Blocks": 0,                                                                                                           
                   "Shared Written Blocks": 0,                                                                                                           
                   "Local Hit Blocks": 0,                                                                                                                
                   "Local Read Blocks": 0,                                                                                                               
                   "Local Dirtied Blocks": 0,                                                                                                            
                   "Local Written Blocks": 0,                                                                                                            
                   "Temp Read Blocks": 0,                                                                                                                
                   "Temp Written Blocks": 0                                                                                                              
                 }                                                                                                                                       
               ]                                                                                                                                         
             }                                                                                                                                           
           ]                                                                                                                                             
         }                                                                                                                                               
       ]                                                                                                                                                 
     },                                                                                                                                                  
     "Planning Time": 11627.644,                                                                                                                         
     "Triggers": [                                                                                                                                       
     ],                                                                                                                                                  
     "Execution Time": 1671771.028                                                                                                                       
   }                                                                                                                                                     
 ]
