 [                                                                                                              
   {                                                                                                            
     "Plan": {                                                                                                  
       "Node Type": "Aggregate",                                                                                
       "Strategy": "Plain",                                                                                     
       "Partial Mode": "Simple",                                                                                
       "Parallel Aware": false,                                                                                 
       "Startup Cost": 775.52,                                                                                  
       "Total Cost": 775.52,                                                                                    
       "Plan Rows": 1,                                                                                          
       "Plan Width": 192,                                                                                       
       "Actual Startup Time": 8884.937,                                                                         
       "Actual Total Time": 8884.937,                                                                           
       "Actual Rows": 1,                                                                                        
       "Actual Loops": 1,                                                                                       
       "Shared Hit Blocks": 55475,                                                                              
       "Shared Read Blocks": 9484,                                                                              
       "Shared Dirtied Blocks": 0,                                                                              
       "Shared Written Blocks": 0,                                                                              
       "Local Hit Blocks": 0,                                                                                   
       "Local Read Blocks": 0,                                                                                  
       "Local Dirtied Blocks": 0,                                                                               
       "Local Written Blocks": 0,                                                                               
       "Temp Read Blocks": 0,                                                                                   
       "Temp Written Blocks": 0,                                                                                
       "Plans": [                                                                                               
         {                                                                                                      
           "Node Type": "Nested Loop",                                                                          
           "Parent Relationship": "Outer",                                                                      
           "Parallel Aware": false,                                                                             
           "Join Type": "Inner",                                                                                
           "Startup Cost": 0.10,                                                                                
           "Total Cost": 775.52,                                                                                
           "Plan Rows": 1,                                                                                      
           "Plan Width": 84,                                                                                    
           "Actual Startup Time": 391.030,                                                                      
           "Actual Total Time": 8884.885,                                                                       
           "Actual Rows": 4,                                                                                    
           "Actual Loops": 1,                                                                                   
           "Inner Unique": true,                                                                                
           "Join Filter": "(t.kind_id = kt.id)",                                                              
           "Rows Removed by Join Filter": 0,                                                                    
           "Shared Hit Blocks": 55475,                                                                          
           "Shared Read Blocks": 9484,                                                                          
           "Shared Dirtied Blocks": 0,                                                                          
           "Shared Written Blocks": 0,                                                                          
           "Local Hit Blocks": 0,                                                                               
           "Local Read Blocks": 0,                                                                              
           "Local Dirtied Blocks": 0,                                                                           
           "Local Written Blocks": 0,                                                                           
           "Temp Read Blocks": 0,                                                                               
           "Temp Written Blocks": 0,                                                                            
           "Plans": [                                                                                           
             {                                                                                                  
               "Node Type": "Nested Loop",                                                                      
               "Parent Relationship": "Outer",                                                                  
               "Parallel Aware": false,                                                                         
               "Join Type": "Inner",                                                                            
               "Startup Cost": 0.10,                                                                            
               "Total Cost": 775.49,                                                                            
               "Plan Rows": 1,                                                                                  
               "Plan Width": 88,                                                                                
               "Actual Startup Time": 391.014,                                                                  
               "Actual Total Time": 8884.862,                                                                   
               "Actual Rows": 4,                                                                                
               "Actual Loops": 1,                                                                               
               "Inner Unique": true,                                                                            
               "Shared Hit Blocks": 55474,                                                                      
               "Shared Read Blocks": 9484,                                                                      
               "Shared Dirtied Blocks": 0,                                                                      
               "Shared Written Blocks": 0,                                                                      
               "Local Hit Blocks": 0,                                                                           
               "Local Read Blocks": 0,                                                                          
               "Local Dirtied Blocks": 0,                                                                       
               "Local Written Blocks": 0,                                                                       
               "Temp Read Blocks": 0,                                                                           
               "Temp Written Blocks": 0,                                                                        
               "Plans": [                                                                                       
                 {                                                                                              
                   "Node Type": "Nested Loop",                                                                  
                   "Parent Relationship": "Outer",                                                              
                   "Parallel Aware": false,                                                                     
                   "Join Type": "Inner",                                                                        
                   "Startup Cost": 0.09,                                                                        
                   "Total Cost": 775.40,                                                                        
                   "Plan Rows": 1,                                                                              
                   "Plan Width": 73,                                                                            
                   "Actual Startup Time": 390.975,                                                              
                   "Actual Total Time": 8767.382,                                                               
                   "Actual Rows": 14,                                                                           
                   "Actual Loops": 1,                                                                           
                   "Inner Unique": true,                                                                        
                   "Join Filter": "(t.kind_id = kt.id)",                                                      
                   "Rows Removed by Join Filter": 0,                                                            
                   "Shared Hit Blocks": 55424,                                                                  
                   "Shared Read Blocks": 9478,                                                                  
                   "Shared Dirtied Blocks": 0,                                                                  
                   "Shared Written Blocks": 0,                                                                  
                   "Local Hit Blocks": 0,                                                                       
                   "Local Read Blocks": 0,                                                                      
                   "Local Dirtied Blocks": 0,                                                                   
                   "Local Written Blocks": 0,                                                                   
                   "Temp Read Blocks": 0,                                                                       
                   "Temp Written Blocks": 0,                                                                    
                   "Plans": [                                                                                   
                     {                                                                                          
                       "Node Type": "Nested Loop",                                                              
                       "Parent Relationship": "Outer",                                                          
                       "Parallel Aware": false,                                                                 
                       "Join Type": "Inner",                                                                    
                       "Startup Cost": 0.09,                                                                    
                       "Total Cost": 775.37,                                                                    
                       "Plan Rows": 1,                                                                          
                       "Plan Width": 77,                                                                        
                       "Actual Startup Time": 371.942,                                                          
                       "Actual Total Time": 8748.317,                                                           
                       "Actual Rows": 14,                                                                       
                       "Actual Loops": 1,                                                                       
                       "Inner Unique": false,                                                                   
                       "Join Filter": "((t.id = mi_idx.movie_id) AND (it.id = mi_idx.info_type_id))",       
                       "Rows Removed by Join Filter": 28,                                                       
                       "Shared Hit Blocks": 55424,                                                              
                       "Shared Read Blocks": 9477,                                                              
                       "Shared Dirtied Blocks": 0,                                                              
                       "Shared Written Blocks": 0,                                                              
                       "Local Hit Blocks": 0,                                                                   
                       "Local Read Blocks": 0,                                                                  
                       "Local Dirtied Blocks": 0,                                                               
                       "Local Written Blocks": 0,                                                               
                       "Temp Read Blocks": 0,                                                                   
                       "Temp Written Blocks": 0,                                                                
                       "Plans": [                                                                               
                         {                                                                                      
                           "Node Type": "Nested Loop",                                                          
                           "Parent Relationship": "Outer",                                                      
                           "Parallel Aware": false,                                                             
                           "Join Type": "Inner",                                                                
                           "Startup Cost": 0.08,                                                                
                           "Total Cost": 775.22,                                                                
                           "Plan Rows": 1,                                                                      
                           "Plan Width": 87,                                                                    
                           "Actual Startup Time": 352.961,                                                      
                           "Actual Total Time": 8711.204,                                                       
                           "Actual Rows": 14,                                                                   
                           "Actual Loops": 1,                                                                   
                           "Inner Unique": false,                                                               
                           "Shared Hit Blocks": 55372,                                                          
                           "Shared Read Blocks": 9473,                                                          
                           "Shared Dirtied Blocks": 0,                                                          
                           "Shared Written Blocks": 0,                                                          
                           "Local Hit Blocks": 0,                                                               
                           "Local Read Blocks": 0,                                                              
                           "Local Dirtied Blocks": 0,                                                           
                           "Local Written Blocks": 0,                                                           
                           "Temp Read Blocks": 0,                                                               
                           "Temp Written Blocks": 0,                                                            
                           "Plans": [                                                                           
                             {                                                                                  
                               "Node Type": "Nested Loop",                                                      
                               "Parent Relationship": "Outer",                                                  
                               "Parallel Aware": false,                                                         
                               "Join Type": "Inner",                                                            
                               "Startup Cost": 0.06,                                                            
                               "Total Cost": 775.00,                                                            
                               "Plan Rows": 1,                                                                  
                               "Plan Width": 79,                                                                
                               "Actual Startup Time": 342.949,                                                  
                               "Actual Total Time": 8660.209,                                                   
                               "Actual Rows": 6,                                                                
                               "Actual Loops": 1,                                                               
                               "Inner Unique": true,                                                            
                               "Shared Hit Blocks": 55349,                                                      
                               "Shared Read Blocks": 9468,                                                      
                               "Shared Dirtied Blocks": 0,                                                      
                               "Shared Written Blocks": 0,                                                      
                               "Local Hit Blocks": 0,                                                           
                               "Local Read Blocks": 0,                                                          
                               "Local Dirtied Blocks": 0,                                                       
                               "Local Written Blocks": 0,                                                       
                               "Temp Read Blocks": 0,                                                           
                               "Temp Written Blocks": 0,                                                        
                               "Plans": [                                                                       
                                 {                                                                              
                                   "Node Type": "Nested Loop",                                                  
                                   "Parent Relationship": "Outer",                                              
                                   "Parallel Aware": false,                                                     
                                   "Join Type": "Inner",                                                        
                                   "Startup Cost": 0.05,                                                        
                                   "Total Cost": 760.59,                                                        
                                   "Plan Rows": 1,                                                              
                                   "Plan Width": 54,                                                            
                                   "Actual Startup Time": 336.965,                                              
                                   "Actual Total Time": 8609.348,                                               
                                   "Actual Rows": 6,                                                            
                                   "Actual Loops": 1,                                                           
                                   "Inner Unique": false,                                                       
                                   "Shared Hit Blocks": 55328,                                                  
                                   "Shared Read Blocks": 9465,                                                  
                                   "Shared Dirtied Blocks": 0,                                                  
                                   "Shared Written Blocks": 0,                                                  
                                   "Local Hit Blocks": 0,                                                       
                                   "Local Read Blocks": 0,                                                      
                                   "Local Dirtied Blocks": 0,                                                   
                                   "Local Written Blocks": 0,                                                   
                                   "Temp Read Blocks": 0,                                                       
                                   "Temp Written Blocks": 0,                                                    
                                   "Plans": [                                                                   
                                     {                                                                          
                                       "Node Type": "Nested Loop",                                              
                                       "Parent Relationship": "Outer",                                          
                                       "Parallel Aware": false,                                                 
                                       "Join Type": "Inner",                                                    
                                       "Startup Cost": 0.05,                                                    
                                       "Total Cost": 760.54,                                                    
                                       "Plan Rows": 1,                                                          
                                       "Plan Width": 50,                                                        
                                       "Actual Startup Time": 336.880,                                          
                                       "Actual Total Time": 8609.225,                                           
                                       "Actual Rows": 6,                                                        
                                       "Actual Loops": 1,                                                       
                                       "Inner Unique": true,                                                    
                                       "Shared Hit Blocks": 55327,                                              
                                       "Shared Read Blocks": 9465,                                              
                                       "Shared Dirtied Blocks": 0,                                              
                                       "Shared Written Blocks": 0,                                              
                                       "Local Hit Blocks": 0,                                                   
                                       "Local Read Blocks": 0,                                                  
                                       "Local Dirtied Blocks": 0,                                               
                                       "Local Written Blocks": 0,                                               
                                       "Temp Read Blocks": 0,                                                   
                                       "Temp Written Blocks": 0,                                                
                                       "Plans": [                                                               
                                         {                                                                      
                                           "Node Type": "Nested Loop",                                          
                                           "Parent Relationship": "Outer",                                      
                                           "Parallel Aware": false,                                             
                                           "Join Type": "Inner",                                                
                                           "Startup Cost": 0.04,                                                
                                           "Total Cost": 760.45,                                                
                                           "Plan Rows": 1,                                                      
                                           "Plan Width": 35,                                                    
                                           "Actual Startup Time": 286.450,                                      
                                           "Actual Total Time": 8463.228,                                       
                                           "Actual Rows": 6,                                                    
                                           "Actual Loops": 1,                                                   
                                           "Inner Unique": false,                                               
                                           "Join Filter": "(t.id = mc.movie_id)",                             
                                           "Rows Removed by Join Filter": 0,                                    
                                           "Shared Hit Blocks": 55313,                                          
                                           "Shared Read Blocks": 9455,                                          
                                           "Shared Dirtied Blocks": 0,                                          
                                           "Shared Written Blocks": 0,                                          
                                           "Local Hit Blocks": 0,                                               
                                           "Local Read Blocks": 0,                                              
                                           "Local Dirtied Blocks": 0,                                           
                                           "Local Written Blocks": 0,                                           
                                           "Temp Read Blocks": 0,                                               
                                           "Temp Written Blocks": 0,                                            
                                           "Plans": [                                                           
                                             {                                                                  
                                               "Node Type": "Nested Loop",                                      
                                               "Parent Relationship": "Outer",                                  
                                               "Parallel Aware": false,                                         
                                               "Join Type": "Inner",                                            
                                               "Startup Cost": 0.02,                                            
                                               "Total Cost": 759.78,                                            
                                               "Plan Rows": 1,                                                  
                                               "Plan Width": 43,                                                
                                               "Actual Startup Time": 262.583,                                  
                                               "Actual Total Time": 8408.261,                                   
                                               "Actual Rows": 2,                                                
                                               "Actual Loops": 1,                                               
                                               "Inner Unique": true,                                            
                                               "Join Filter": "(ml.link_type_id = lt.id)",                      
                                               "Rows Removed by Join Filter": 207,                              
                                               "Shared Hit Blocks": 55312,                                      
                                               "Shared Read Blocks": 9446,                                      
                                               "Shared Dirtied Blocks": 0,                                      
                                               "Shared Written Blocks": 0,                                      
                                               "Local Hit Blocks": 0,                                           
                                               "Local Read Blocks": 0,                                          
                                               "Local Dirtied Blocks": 0,                                       
                                               "Local Written Blocks": 0,                                       
                                               "Temp Read Blocks": 0,                                           
                                               "Temp Written Blocks": 0,                                        
                                               "Plans": [                                                       
                                                 {                                                              
                                                   "Node Type": "Nested Loop",                                  
                                                   "Parent Relationship": "Outer",                              
                                                   "Parallel Aware": false,                                     
                                                   "Join Type": "Inner",                                        
                                                   "Startup Cost": 0.02,                                        
                                                   "Total Cost": 759.74,                                        
                                                   "Plan Rows": 18,                                             
                                                   "Plan Width": 47,                                            
                                                   "Actual Startup Time": 184.440,                              
                                                   "Actual Total Time": 8407.735,                               
                                                   "Actual Rows": 105,                                          
                                                   "Actual Loops": 1,                                           
                                                   "Inner Unique": true,                                        
                                                   "Join Filter": "(ml.linked_movie_id = t.id)",               
                                                   "Rows Removed by Join Filter": 0,                            
                                                   "Shared Hit Blocks": 55312,                                  
                                                   "Shared Read Blocks": 9445,                                  
                                                   "Shared Dirtied Blocks": 0,                                  
                                                   "Shared Written Blocks": 0,                                  
                                                   "Local Hit Blocks": 0,                                       
                                                   "Local Read Blocks": 0,                                      
                                                   "Local Dirtied Blocks": 0,                                   
                                                   "Local Written Blocks": 0,                                   
                                                   "Temp Read Blocks": 0,                                       
                                                   "Temp Written Blocks": 0,                                    
                                                   "Plans": [                                                   
                                                     {                                                          
                                                       "Node Type": "Nested Loop",                              
                                                       "Parent Relationship": "Outer",                          
                                                       "Parallel Aware": false,                                 
                                                       "Join Type": "Inner",                                    
                                                       "Startup Cost": 0.01,                                    
                                                       "Total Cost": 677.18,                                    
                                                       "Plan Rows": 387,                                        
                                                       "Plan Width": 22,                                        
                                                       "Actual Startup Time": 49.492,                           
                                                       "Actual Total Time": 2989.683,                           
                                                       "Actual Rows": 1085,                                     
                                                       "Actual Loops": 1,                                       
                                                       "Inner Unique": false,                                   
                                                       "Shared Hit Blocks": 51743,                              
                                                       "Shared Read Blocks": 8672,                              
                                                       "Shared Dirtied Blocks": 0,                              
                                                       "Shared Written Blocks": 0,                              
                                                       "Local Hit Blocks": 0,                                   
                                                       "Local Read Blocks": 0,                                  
                                                       "Local Dirtied Blocks": 0,                               
                                                       "Local Written Blocks": 0,                               
                                                       "Temp Read Blocks": 0,                                   
                                                       "Temp Written Blocks": 0,                                
                                                       "Plans": [                                               
                                                         {                                                      
                                                           "Node Type": "Nested Loop",                          
                                                           "Parent Relationship": "Outer",                      
                                                           "Parallel Aware": false,                             
                                                           "Join Type": "Inner",                                
                                                           "Startup Cost": 0.00,                                
                                                           "Total Cost": 615.50,                                
                                                           "Plan Rows": 5826,                                   
                                                           "Plan Width": 10,                                    
                                                           "Actual Startup Time": 26.012,                       
                                                           "Actual Total Time": 2451.475,                       
                                                           "Actual Rows": 25591,                                
                                                           "Actual Loops": 1,                                   
                                                           "Inner Unique": true,                                
                                                           "Join Filter": "(mi_idx.info_type_id = it.id)",    
                                                           "Rows Removed by Join Filter": 632704,               
                                                           "Shared Hit Blocks": 0,                              
                                                           "Shared Read Blocks": 8454,                          
                                                           "Shared Dirtied Blocks": 0,                          
                                                           "Shared Written Blocks": 0,                          
                                                           "Local Hit Blocks": 0,                               
                                                           "Local Read Blocks": 0,                              
                                                           "Local Dirtied Blocks": 0,                           
                                                           "Local Written Blocks": 0,                           
                                                           "Temp Read Blocks": 0,                               
                                                           "Temp Written Blocks": 0,                            
                                                           "Plans": [                                           
                                                             {                                                  
                                                               "Node Type": "Seq Scan",                         
                                                               "Parent Relationship": "Outer",                  
                                                               "Parallel Aware": false,                         
                                                               "Relation Name": "movie_info_idx",               
                                                               "Alias": "mi_idx",                              
                                                               "Startup Cost": 0.00,                            
                                                               "Total Cost": 467.71,                            
                                                               "Plan Rows": 658313,                             
                                                               "Plan Width": 14,                                
                                                               "Actual Startup Time": 18.397,                   
                                                               "Actual Total Time": 1871.953,                   
                                                               "Actual Rows": 658295,                           
                                                               "Actual Loops": 1,                               
                                                               "Filter": "(info < '3.0'::text)",                
                                                               "Rows Removed by Filter": 721740,                
                                                               "Shared Hit Blocks": 0,                          
                                                               "Shared Read Blocks": 8453,                      
                                                               "Shared Dirtied Blocks": 0,                      
                                                               "Shared Written Blocks": 0,                      
                                                               "Local Hit Blocks": 0,                           
                                                               "Local Read Blocks": 0,                          
                                                               "Local Dirtied Blocks": 0,                       
                                                               "Local Written Blocks": 0,                       
                                                               "Temp Read Blocks": 0,                           
                                                               "Temp Written Blocks": 0                         
                                                             },                                                 
                                                             {                                                  
                                                               "Node Type": "Materialize",                      
                                                               "Parent Relationship": "Inner",                  
                                                               "Parallel Aware": false,                         
                                                               "Startup Cost": 0.00,                            
                                                               "Total Cost": 0.05,                              
                                                               "Plan Rows": 1,                                  
                                                               "Plan Width": 4,                                 
                                                               "Actual Startup Time": 0.000,                    
                                                               "Actual Total Time": 0.000,                      
                                                               "Actual Rows": 1,                                
                                                               "Actual Loops": 658295,                          
                                                               "Shared Hit Blocks": 0,                          
                                                               "Shared Read Blocks": 1,                         
                                                               "Shared Dirtied Blocks": 0,                      
                                                               "Shared Written Blocks": 0,                      
                                                               "Local Hit Blocks": 0,                           
                                                               "Local Read Blocks": 0,                          
                                                               "Local Dirtied Blocks": 0,                       
                                                               "Local Written Blocks": 0,                       
                                                               "Temp Read Blocks": 0,                           
                                                               "Temp Written Blocks": 0,                        
                                                               "Plans": [                                       
                                                                 {                                              
                                                                   "Node Type": "Seq Scan",                     
                                                                   "Parent Relationship": "Outer",              
                                                                   "Parallel Aware": false,                     
                                                                   "Relation Name": "info_type",                
                                                                   "Alias": "it",                              
                                                                   "Startup Cost": 0.00,                        
                                                                   "Total Cost": 0.05,                          
                                                                   "Plan Rows": 1,                              
                                                                   "Plan Width": 4,                             
                                                                   "Actual Startup Time": 7.493,                
                                                                   "Actual Total Time": 7.499,                  
                                                                   "Actual Rows": 1,                            
                                                                   "Actual Loops": 1,                           
                                                                   "Filter": "((info)::text = 'rating'::text)", 
                                                                   "Rows Removed by Filter": 112,               
                                                                   "Shared Hit Blocks": 0,                      
                                                                   "Shared Read Blocks": 1,                     
                                                                   "Shared Dirtied Blocks": 0,                  
                                                                   "Shared Written Blocks": 0,                  
                                                                   "Local Hit Blocks": 0,                       
                                                                   "Local Read Blocks": 0,                      
                                                                   "Local Dirtied Blocks": 0,                   
                                                                   "Local Written Blocks": 0,                   
                                                                   "Temp Read Blocks": 0,                       
                                                                   "Temp Written Blocks": 0                     
                                                                 }                                              
                                                               ]                                                
                                                             }                                                  
                                                           ]                                                    
                                                         },                                                     
                                                         {                                                      
                                                           "Node Type": "Index Scan",                           
                                                           "Parent Relationship": "Inner",                      
                                                           "Parallel Aware": false,                             
                                                           "Scan Direction": "Forward",                         
                                                           "Index Name": "linked_movie_id_movie_link",          
                                                           "Relation Name": "movie_link",                       
                                                           "Alias": "ml",                                       
                                                           "Startup Cost": 0.01,                                
                                                           "Total Cost": 0.01,                                  
                                                           "Plan Rows": 2,                                      
                                                           "Plan Width": 12,                                    
                                                           "Actual Startup Time": 0.017,                        
                                                           "Actual Total Time": 0.020,                          
                                                           "Actual Rows": 0,                                    
                                                           "Actual Loops": 25591,                               
                                                           "Index Cond": "(linked_movie_id = mi_idx.movie_id)",
                                                           "Rows Removed by Index Recheck": 0,                  
                                                           "Shared Hit Blocks": 51743,                          
                                                           "Shared Read Blocks": 218,                           
                                                           "Shared Dirtied Blocks": 0,                          
                                                           "Shared Written Blocks": 0,                          
                                                           "Local Hit Blocks": 0,                               
                                                           "Local Read Blocks": 0,                              
                                                           "Local Dirtied Blocks": 0,                           
                                                           "Local Written Blocks": 0,                           
                                                           "Temp Read Blocks": 0,                               
                                                           "Temp Written Blocks": 0                             
                                                         }                                                      
                                                       ]                                                        
                                                     },                                                         
                                                     {                                                          
                                                       "Node Type": "Index Scan",                               
                                                       "Parent Relationship": "Inner",                          
                                                       "Parallel Aware": false,                                 
                                                       "Scan Direction": "Forward",                             
                                                       "Index Name": "title_idx_id",                            
                                                       "Relation Name": "title",                                
                                                       "Alias": "t",                                           
                                                       "Startup Cost": 0.01,                                    
                                                       "Total Cost": 0.21,                                      
                                                       "Plan Rows": 1,                                          
                                                       "Plan Width": 25,                                        
                                                       "Actual Startup Time": 4.992,                            
                                                       "Actual Total Time": 4.992,                              
                                                       "Actual Rows": 0,                                        
                                                       "Actual Loops": 1085,                                    
                                                       "Index Cond": "(id = mi_idx.movie_id)",                 
                                                       "Rows Removed by Index Recheck": 0,                      
                                                       "Filter": "(production_year = 2007)",                    
                                                       "Rows Removed by Filter": 1,                             
                                                       "Shared Hit Blocks": 3569,                               
                                                       "Shared Read Blocks": 773,                               
                                                       "Shared Dirtied Blocks": 0,                              
                                                       "Shared Written Blocks": 0,                              
                                                       "Local Hit Blocks": 0,                                   
                                                       "Local Read Blocks": 0,                                  
                                                       "Local Dirtied Blocks": 0,                               
                                                       "Local Written Blocks": 0,                               
                                                       "Temp Read Blocks": 0,                                   
                                                       "Temp Written Blocks": 0                                 
                                                     }                                                          
                                                   ]                                                            
                                                 },                                                             
                                                 {                                                              
                                                   "Node Type": "Materialize",                                  
                                                   "Parent Relationship": "Inner",                              
                                                   "Parallel Aware": false,                                     
                                                   "Startup Cost": 0.00,                                        
                                                   "Total Cost": 0.03,                                          
                                                   "Plan Rows": 1,                                              
                                                   "Plan Width": 4,                                             
                                                   "Actual Startup Time": 0.002,                                
                                                   "Actual Total Time": 0.003,                                  
                                                   "Actual Rows": 2,                                            
                                                   "Actual Loops": 105,                                         
                                                   "Shared Hit Blocks": 0,                                      
                                                   "Shared Read Blocks": 1,                                     
                                                   "Shared Dirtied Blocks": 0,                                  
                                                   "Shared Written Blocks": 0,                                  
                                                   "Local Hit Blocks": 0,                                       
                                                   "Local Read Blocks": 0,                                      
                                                   "Local Dirtied Blocks": 0,                                   
                                                   "Local Written Blocks": 0,                                   
                                                   "Temp Read Blocks": 0,                                       
                                                   "Temp Written Blocks": 0,                                    
                                                   "Plans": [                                                   
                                                     {                                                          
                                                       "Node Type": "Seq Scan",                                 
                                                       "Parent Relationship": "Outer",                          
                                                       "Parallel Aware": false,                                 
                                                       "Relation Name": "link_type",                            
                                                       "Alias": "lt",                                           
                                                       "Startup Cost": 0.00,                                    
                                                       "Total Cost": 0.03,                                      
                                                       "Plan Rows": 1,                                          
                                                       "Plan Width": 4,                                         
                                                       "Actual Startup Time": 0.132,                            
                                                       "Actual Total Time": 0.146,                              
                                                       "Actual Rows": 2,                                        
                                                       "Actual Loops": 1,                                       
                                                       "Filter": "((link)::text ~~ '%follow%'::text)",          
                                                       "Rows Removed by Filter": 16,                            
                                                       "Shared Hit Blocks": 0,                                  
                                                       "Shared Read Blocks": 1,                                 
                                                       "Shared Dirtied Blocks": 0,                              
                                                       "Shared Written Blocks": 0,                              
                                                       "Local Hit Blocks": 0,                                   
                                                       "Local Read Blocks": 0,                                  
                                                       "Local Dirtied Blocks": 0,                               
                                                       "Local Written Blocks": 0,                               
                                                       "Temp Read Blocks": 0,                                   
                                                       "Temp Written Blocks": 0                                 
                                                     }                                                          
                                                   ]                                                            
                                                 }                                                              
                                               ]                                                                
                                             },                                                                 
                                             {                                                                  
                                               "Node Type": "Index Scan",                                       
                                               "Parent Relationship": "Inner",                                  
                                               "Parallel Aware": false,                                         
                                               "Scan Direction": "Forward",                                     
                                               "Index Name": "movie_id_movie_companies",                        
                                               "Relation Name": "movie_companies",                              
                                               "Alias": "mc",                                                  
                                               "Startup Cost": 0.01,                                            
                                               "Total Cost": 0.13,                                              
                                               "Plan Rows": 2,                                                  
                                               "Plan Width": 8,                                                 
                                               "Actual Startup Time": 24.490,                                   
                                               "Actual Total Time": 27.464,                                     
                                               "Actual Rows": 3,                                                
                                               "Actual Loops": 2,                                               
                                               "Index Cond": "(movie_id = mi_idx.movie_id)",                   
                                               "Rows Removed by Index Recheck": 0,                              
                                               "Shared Hit Blocks": 1,                                          
                                               "Shared Read Blocks": 9,                                         
                                               "Shared Dirtied Blocks": 0,                                      
                                               "Shared Written Blocks": 0,                                      
                                               "Local Hit Blocks": 0,                                           
                                               "Local Read Blocks": 0,                                          
                                               "Local Dirtied Blocks": 0,                                       
                                               "Local Written Blocks": 0,                                       
                                               "Temp Read Blocks": 0,                                           
                                               "Temp Written Blocks": 0                                         
                                             }                                                                  
                                           ]                                                                    
                                         },                                                                     
                                         {                                                                      
                                           "Node Type": "Index Scan",                                           
                                           "Parent Relationship": "Inner",                                      
                                           "Parallel Aware": false,                                             
                                           "Scan Direction": "Forward",                                         
                                           "Index Name": "company_name_pkey",                                   
                                           "Relation Name": "company_name",                                     
                                           "Alias": "cn",                                                      
                                           "Startup Cost": 0.01,                                                
                                           "Total Cost": 0.02,                                                  
                                           "Plan Rows": 1,                                                      
                                           "Plan Width": 23,                                                    
                                           "Actual Startup Time": 24.324,                                       
                                           "Actual Total Time": 24.324,                                         
                                           "Actual Rows": 1,                                                    
                                           "Actual Loops": 6,                                                   
                                           "Index Cond": "(id = mc.company_id)",                               
                                           "Rows Removed by Index Recheck": 0,                                  
                                           "Shared Hit Blocks": 14,                                             
                                           "Shared Read Blocks": 10,                                            
                                           "Shared Dirtied Blocks": 0,                                          
                                           "Shared Written Blocks": 0,                                          
                                           "Local Hit Blocks": 0,                                               
                                           "Local Read Blocks": 0,                                              
                                           "Local Dirtied Blocks": 0,                                           
                                           "Local Written Blocks": 0,                                           
                                           "Temp Read Blocks": 0,                                               
                                           "Temp Written Blocks": 0                                             
                                         }                                                                      
                                       ]                                                                        
                                     },                                                                         
                                     {                                                                          
                                       "Node Type": "Materialize",                                              
                                       "Parent Relationship": "Inner",                                          
                                       "Parallel Aware": false,                                                 
                                       "Startup Cost": 0.00,                                                    
                                       "Total Cost": 0.05,                                                      
                                       "Plan Rows": 1,                                                          
                                       "Plan Width": 4,                                                         
                                       "Actual Startup Time": 0.014,                                            
                                       "Actual Total Time": 0.016,                                              
                                       "Actual Rows": 1,                                                        
                                       "Actual Loops": 6,                                                       
                                       "Shared Hit Blocks": 1,                                                  
                                       "Shared Read Blocks": 0,                                                 
                                       "Shared Dirtied Blocks": 0,                                              
                                       "Shared Written Blocks": 0,                                              
                                       "Local Hit Blocks": 0,                                                   
                                       "Local Read Blocks": 0,                                                  
                                       "Local Dirtied Blocks": 0,                                               
                                       "Local Written Blocks": 0,                                               
                                       "Temp Read Blocks": 0,                                                   
                                       "Temp Written Blocks": 0,                                                
                                       "Plans": [                                                               
                                         {                                                                      
                                           "Node Type": "Seq Scan",                                             
                                           "Parent Relationship": "Outer",                                      
                                           "Parallel Aware": false,                                             
                                           "Relation Name": "info_type",                                        
                                           "Alias": "it",                                                      
                                           "Startup Cost": 0.00,                                                
                                           "Total Cost": 0.05,                                                  
                                           "Plan Rows": 1,                                                      
                                           "Plan Width": 4,                                                     
                                           "Actual Startup Time": 0.057,                                        
                                           "Actual Total Time": 0.066,                                          
                                           "Actual Rows": 1,                                                    
                                           "Actual Loops": 1,                                                   
                                           "Filter": "((info)::text = 'rating'::text)",                         
                                           "Rows Removed by Filter": 112,                                       
                                           "Shared Hit Blocks": 1,                                              
                                           "Shared Read Blocks": 0,                                             
                                           "Shared Dirtied Blocks": 0,                                          
                                           "Shared Written Blocks": 0,                                          
                                           "Local Hit Blocks": 0,                                               
                                           "Local Read Blocks": 0,                                              
                                           "Local Dirtied Blocks": 0,                                           
                                           "Local Written Blocks": 0,                                           
                                           "Temp Read Blocks": 0,                                               
                                           "Temp Written Blocks": 0                                             
                                         }                                                                      
                                       ]                                                                        
                                     }                                                                          
                                   ]                                                                            
                                 },                                                                             
                                 {                                                                              
                                   "Node Type": "Index Scan",                                                   
                                   "Parent Relationship": "Inner",                                              
                                   "Parallel Aware": false,                                                     
                                   "Scan Direction": "Forward",                                                 
                                   "Index Name": "title_idx_id",                                                
                                   "Relation Name": "title",                                                    
                                   "Alias": "t",                                                               
                                   "Startup Cost": 0.01,                                                        
                                   "Total Cost": 2.88,                                                          
                                   "Plan Rows": 1,                                                              
                                   "Plan Width": 25,                                                            
                                   "Actual Startup Time": 8.468,                                                
                                   "Actual Total Time": 8.468,                                                  
                                   "Actual Rows": 1,                                                            
                                   "Actual Loops": 6,                                                           
                                   "Index Cond": "(id = ml.movie_id)",                                          
                                   "Rows Removed by Index Recheck": 0,                                          
                                   "Shared Hit Blocks": 21,                                                     
                                   "Shared Read Blocks": 3,                                                     
                                   "Shared Dirtied Blocks": 0,                                                  
                                   "Shared Written Blocks": 0,                                                  
                                   "Local Hit Blocks": 0,                                                       
                                   "Local Read Blocks": 0,                                                      
                                   "Local Dirtied Blocks": 0,                                                   
                                   "Local Written Blocks": 0,                                                   
                                   "Temp Read Blocks": 0,                                                       
                                   "Temp Written Blocks": 0                                                     
                                 }                                                                              
                               ]                                                                                
                             },                                                                                 
                             {                                                                                  
                               "Node Type": "Index Scan",                                                       
                               "Parent Relationship": "Inner",                                                  
                               "Parallel Aware": false,                                                         
                               "Scan Direction": "Forward",                                                     
                               "Index Name": "movie_id_movie_companies",                                        
                               "Relation Name": "movie_companies",                                              
                               "Alias": "mc",                                                                  
                               "Startup Cost": 0.01,                                                            
                               "Total Cost": 0.05,                                                              
                               "Plan Rows": 2,                                                                  
                               "Plan Width": 8,                                                                 
                               "Actual Startup Time": 7.339,                                                    
                               "Actual Total Time": 8.491,                                                      
                               "Actual Rows": 2,                                                                
                               "Actual Loops": 6,                                                               
                               "Index Cond": "(movie_id = t.id)",                                              
                               "Rows Removed by Index Recheck": 0,                                              
                               "Shared Hit Blocks": 23,                                                         
                               "Shared Read Blocks": 5,                                                         
                               "Shared Dirtied Blocks": 0,                                                      
                               "Shared Written Blocks": 0,                                                      
                               "Local Hit Blocks": 0,                                                           
                               "Local Read Blocks": 0,                                                          
                               "Local Dirtied Blocks": 0,                                                       
                               "Local Written Blocks": 0,                                                       
                               "Temp Read Blocks": 0,                                                           
                               "Temp Written Blocks": 0                                                         
                             }                                                                                  
                           ]                                                                                    
                         },                                                                                     
                         {                                                                                      
                           "Node Type": "Index Scan",                                                           
                           "Parent Relationship": "Inner",                                                      
                           "Parallel Aware": false,                                                             
                           "Scan Direction": "Forward",                                                         
                           "Index Name": "movie_id_movie_info_idx",                                             
                           "Relation Name": "movie_info_idx",                                                   
                           "Alias": "mi_idx",                                                                  
                           "Startup Cost": 0.01,                                                                
                           "Total Cost": 0.03,                                                                  
                           "Plan Rows": 3,                                                                      
                           "Plan Width": 14,                                                                    
                           "Actual Startup Time": 2.641,                                                        
                           "Actual Total Time": 2.644,                                                          
                           "Actual Rows": 3,                                                                    
                           "Actual Loops": 14,                                                                  
                           "Index Cond": "(movie_id = mc.movie_id)",                                           
                           "Rows Removed by Index Recheck": 0,                                                  
                           "Shared Hit Blocks": 52,                                                             
                           "Shared Read Blocks": 4,                                                             
                           "Shared Dirtied Blocks": 0,                                                          
                           "Shared Written Blocks": 0,                                                          
                           "Local Hit Blocks": 0,                                                               
                           "Local Read Blocks": 0,                                                              
                           "Local Dirtied Blocks": 0,                                                           
                           "Local Written Blocks": 0,                                                           
                           "Temp Read Blocks": 0,                                                               
                           "Temp Written Blocks": 0                                                             
                         }                                                                                      
                       ]                                                                                        
                     },                                                                                         
                     {                                                                                          
                       "Node Type": "Materialize",                                                              
                       "Parent Relationship": "Inner",                                                          
                       "Parallel Aware": false,                                                                 
                       "Startup Cost": 0.00,                                                                    
                       "Total Cost": 0.03,                                                                      
                       "Plan Rows": 1,                                                                          
                       "Plan Width": 4,                                                                         
                       "Actual Startup Time": 1.360,                                                            
                       "Actual Total Time": 1.360,                                                              
                       "Actual Rows": 1,                                                                        
                       "Actual Loops": 14,                                                                      
                       "Shared Hit Blocks": 0,                                                                  
                       "Shared Read Blocks": 1,                                                                 
                       "Shared Dirtied Blocks": 0,                                                              
                       "Shared Written Blocks": 0,                                                              
                       "Local Hit Blocks": 0,                                                                   
                       "Local Read Blocks": 0,                                                                  
                       "Local Dirtied Blocks": 0,                                                               
                       "Local Written Blocks": 0,                                                               
                       "Temp Read Blocks": 0,                                                                   
                       "Temp Written Blocks": 0,                                                                
                       "Plans": [                                                                               
                         {                                                                                      
                           "Node Type": "Seq Scan",                                                             
                           "Parent Relationship": "Outer",                                                      
                           "Parallel Aware": false,                                                             
                           "Relation Name": "kind_type",                                                        
                           "Alias": "kt",                                                                      
                           "Startup Cost": 0.00,                                                                
                           "Total Cost": 0.03,                                                                  
                           "Plan Rows": 1,                                                                      
                           "Plan Width": 4,                                                                     
                           "Actual Startup Time": 19.018,                                                       
                           "Actual Total Time": 19.018,                                                         
                           "Actual Rows": 1,                                                                    
                           "Actual Loops": 1,                                                                   
                           "Filter": "((kind)::text = 'tv series'::text)",                                      
                           "Rows Removed by Filter": 1,                                                         
                           "Shared Hit Blocks": 0,                                                              
                           "Shared Read Blocks": 1,                                                             
                           "Shared Dirtied Blocks": 0,                                                          
                           "Shared Written Blocks": 0,                                                          
                           "Local Hit Blocks": 0,                                                               
                           "Local Read Blocks": 0,                                                              
                           "Local Dirtied Blocks": 0,                                                           
                           "Local Written Blocks": 0,                                                           
                           "Temp Read Blocks": 0,                                                               
                           "Temp Written Blocks": 0                                                             
                         }                                                                                      
                       ]                                                                                        
                     }                                                                                          
                   ]                                                                                            
                 },                                                                                             
                 {                                                                                              
                   "Node Type": "Index Scan",                                                                   
                   "Parent Relationship": "Inner",                                                              
                   "Parallel Aware": false,                                                                     
                   "Scan Direction": "Forward",                                                                 
                   "Index Name": "company_name_pkey",                                                           
                   "Relation Name": "company_name",                                                             
                   "Alias": "cn",                                                                              
                   "Startup Cost": 0.01,                                                                        
                   "Total Cost": 0.02,                                                                          
                   "Plan Rows": 1,                                                                              
                   "Plan Width": 23,                                                                            
                   "Actual Startup Time": 8.389,                                                                
                   "Actual Total Time": 8.389,                                                                  
                   "Actual Rows": 0,                                                                            
                   "Actual Loops": 14,                                                                          
                   "Index Cond": "(id = mc.company_id)",                                                       
                   "Rows Removed by Index Recheck": 0,                                                          
                   "Filter": "((country_code)::text = '[nl]'::text)",                                           
                   "Rows Removed by Filter": 1,                                                                 
                   "Shared Hit Blocks": 50,                                                                     
                   "Shared Read Blocks": 6,                                                                     
                   "Shared Dirtied Blocks": 0,                                                                  
                   "Shared Written Blocks": 0,                                                                  
                   "Local Hit Blocks": 0,                                                                       
                   "Local Read Blocks": 0,                                                                      
                   "Local Dirtied Blocks": 0,                                                                   
                   "Local Written Blocks": 0,                                                                   
                   "Temp Read Blocks": 0,                                                                       
                   "Temp Written Blocks": 0                                                                     
                 }                                                                                              
               ]                                                                                                
             },                                                                                                 
             {                                                                                                  
               "Node Type": "Materialize",                                                                      
               "Parent Relationship": "Inner",                                                                  
               "Parallel Aware": false,                                                                         
               "Startup Cost": 0.00,                                                                            
               "Total Cost": 0.03,                                                                              
               "Plan Rows": 1,                                                                                  
               "Plan Width": 4,                                                                                 
               "Actual Startup Time": 0.003,                                                                    
               "Actual Total Time": 0.003,                                                                      
               "Actual Rows": 1,                                                                                
               "Actual Loops": 4,                                                                               
               "Shared Hit Blocks": 1,                                                                          
               "Shared Read Blocks": 0,                                                                         
               "Shared Dirtied Blocks": 0,                                                                      
               "Shared Written Blocks": 0,                                                                      
               "Local Hit Blocks": 0,                                                                           
               "Local Read Blocks": 0,                                                                          
               "Local Dirtied Blocks": 0,                                                                       
               "Local Written Blocks": 0,                                                                       
               "Temp Read Blocks": 0,                                                                           
               "Temp Written Blocks": 0,                                                                        
               "Plans": [                                                                                       
                 {                                                                                              
                   "Node Type": "Seq Scan",                                                                     
                   "Parent Relationship": "Outer",                                                              
                   "Parallel Aware": false,                                                                     
                   "Relation Name": "kind_type",                                                                
                   "Alias": "kt",                                                                              
                   "Startup Cost": 0.00,                                                                        
                   "Total Cost": 0.03,                                                                          
                   "Plan Rows": 1,                                                                              
                   "Plan Width": 4,                                                                             
                   "Actual Startup Time": 0.007,                                                                
                   "Actual Total Time": 0.007,                                                                  
                   "Actual Rows": 1,                                                                            
                   "Actual Loops": 1,                                                                           
                   "Filter": "((kind)::text = 'tv series'::text)",                                              
                   "Rows Removed by Filter": 1,                                                                 
                   "Shared Hit Blocks": 1,                                                                      
                   "Shared Read Blocks": 0,                                                                     
                   "Shared Dirtied Blocks": 0,                                                                  
                   "Shared Written Blocks": 0,                                                                  
                   "Local Hit Blocks": 0,                                                                       
                   "Local Read Blocks": 0,                                                                      
                   "Local Dirtied Blocks": 0,                                                                   
                   "Local Written Blocks": 0,                                                                   
                   "Temp Read Blocks": 0,                                                                       
                   "Temp Written Blocks": 0                                                                     
                 }                                                                                              
               ]                                                                                                
             }                                                                                                  
           ]                                                                                                    
         }                                                                                                      
       ]                                                                                                        
     },                                                                                                         
     "Planning Time": 5714.939,                                                                                 
     "Triggers": [                                                                                              
     ],                                                                                                         
     "Execution Time": 8886.307                                                                                 
   }                                                                                                            
 ]
