 [                                                                                                                                           
   {                                                                                                                                         
     "Plan": {                                                                                                                               
       "Node Type": "Aggregate",                                                                                                             
       "Strategy": "Plain",                                                                                                                  
       "Partial Mode": "Simple",                                                                                                             
       "Parallel Aware": false,                                                                                                              
       "Startup Cost": 867.34,                                                                                                               
       "Total Cost": 867.34,                                                                                                                 
       "Plan Rows": 1,                                                                                                                       
       "Plan Width": 192,                                                                                                                    
       "Actual Startup Time": 12760.091,                                                                                                     
       "Actual Total Time": 12760.092,                                                                                                       
       "Actual Rows": 1,                                                                                                                     
       "Actual Loops": 1,                                                                                                                    
       "Shared Hit Blocks": 81095,                                                                                                           
       "Shared Read Blocks": 10008,                                                                                                          
       "Shared Dirtied Blocks": 0,                                                                                                           
       "Shared Written Blocks": 0,                                                                                                           
       "Local Hit Blocks": 0,                                                                                                                
       "Local Read Blocks": 0,                                                                                                               
       "Local Dirtied Blocks": 0,                                                                                                            
       "Local Written Blocks": 0,                                                                                                            
       "Temp Read Blocks": 0,                                                                                                                
       "Temp Written Blocks": 0,                                                                                                             
       "Plans": [                                                                                                                            
         {                                                                                                                                   
           "Node Type": "Nested Loop",                                                                                                       
           "Parent Relationship": "Outer",                                                                                                   
           "Parallel Aware": false,                                                                                                          
           "Join Type": "Inner",                                                                                                             
           "Startup Cost": 0.10,                                                                                                             
           "Total Cost": 867.34,                                                                                                             
           "Plan Rows": 1,                                                                                                                   
           "Plan Width": 84,                                                                                                                 
           "Actual Startup Time": 369.517,                                                                                                   
           "Actual Total Time": 12759.636,                                                                                                   
           "Actual Rows": 114,                                                                                                               
           "Actual Loops": 1,                                                                                                                
           "Inner Unique": false,                                                                                                            
           "Join Filter": "(t.kind_id = kt.id)",                                                                                           
           "Rows Removed by Join Filter": 114,                                                                                               
           "Shared Hit Blocks": 81095,                                                                                                       
           "Shared Read Blocks": 10008,                                                                                                      
           "Shared Dirtied Blocks": 0,                                                                                                       
           "Shared Written Blocks": 0,                                                                                                       
           "Local Hit Blocks": 0,                                                                                                            
           "Local Read Blocks": 0,                                                                                                           
           "Local Dirtied Blocks": 0,                                                                                                        
           "Local Written Blocks": 0,                                                                                                        
           "Temp Read Blocks": 0,                                                                                                            
           "Temp Written Blocks": 0,                                                                                                         
           "Plans": [                                                                                                                        
             {                                                                                                                               
               "Node Type": "Seq Scan",                                                                                                      
               "Parent Relationship": "Outer",                                                                                               
               "Parallel Aware": false,                                                                                                      
               "Relation Name": "kind_type",                                                                                                 
               "Alias": "kt",                                                                                                               
               "Startup Cost": 0.00,                                                                                                         
               "Total Cost": 0.03,                                                                                                           
               "Plan Rows": 2,                                                                                                               
               "Plan Width": 4,                                                                                                              
               "Actual Startup Time": 18.025,                                                                                                
               "Actual Total Time": 18.030,                                                                                                  
               "Actual Rows": 2,                                                                                                             
               "Actual Loops": 1,                                                                                                            
               "Filter": "((kind)::text = ANY ('{\"tv series\",episode}'::text[]))",                                                         
               "Rows Removed by Filter": 5,                                                                                                  
               "Shared Hit Blocks": 0,                                                                                                       
               "Shared Read Blocks": 1,                                                                                                      
               "Shared Dirtied Blocks": 0,                                                                                                   
               "Shared Written Blocks": 0,                                                                                                   
               "Local Hit Blocks": 0,                                                                                                        
               "Local Read Blocks": 0,                                                                                                       
               "Local Dirtied Blocks": 0,                                                                                                    
               "Local Written Blocks": 0,                                                                                                    
               "Temp Read Blocks": 0,                                                                                                        
               "Temp Written Blocks": 0                                                                                                      
             },                                                                                                                              
             {                                                                                                                               
               "Node Type": "Materialize",                                                                                                   
               "Parent Relationship": "Inner",                                                                                               
               "Parallel Aware": false,                                                                                                      
               "Startup Cost": 0.10,                                                                                                         
               "Total Cost": 867.31,                                                                                                         
               "Plan Rows": 1,                                                                                                               
               "Plan Width": 88,                                                                                                             
               "Actual Startup Time": 175.744,                                                                                               
               "Actual Total Time": 6370.718,                                                                                                
               "Actual Rows": 114,                                                                                                           
               "Actual Loops": 2,                                                                                                            
               "Shared Hit Blocks": 81095,                                                                                                   
               "Shared Read Blocks": 10007,                                                                                                  
               "Shared Dirtied Blocks": 0,                                                                                                   
               "Shared Written Blocks": 0,                                                                                                   
               "Local Hit Blocks": 0,                                                                                                        
               "Local Read Blocks": 0,                                                                                                       
               "Local Dirtied Blocks": 0,                                                                                                    
               "Local Written Blocks": 0,                                                                                                    
               "Temp Read Blocks": 0,                                                                                                        
               "Temp Written Blocks": 0,                                                                                                     
               "Plans": [                                                                                                                    
                 {                                                                                                                           
                   "Node Type": "Nested Loop",                                                                                               
                   "Parent Relationship": "Outer",                                                                                           
                   "Parallel Aware": false,                                                                                                  
                   "Join Type": "Inner",                                                                                                     
                   "Startup Cost": 0.10,                                                                                                     
                   "Total Cost": 867.31,                                                                                                     
                   "Plan Rows": 1,                                                                                                           
                   "Plan Width": 88,                                                                                                         
                   "Actual Startup Time": 351.475,                                                                                           
                   "Actual Total Time": 12741.150,                                                                                           
                   "Actual Rows": 114,                                                                                                       
                   "Actual Loops": 1,                                                                                                        
                   "Inner Unique": true,                                                                                                     
                   "Shared Hit Blocks": 81095,                                                                                               
                   "Shared Read Blocks": 10007,                                                                                              
                   "Shared Dirtied Blocks": 0,                                                                                               
                   "Shared Written Blocks": 0,                                                                                               
                   "Local Hit Blocks": 0,                                                                                                    
                   "Local Read Blocks": 0,                                                                                                   
                   "Local Dirtied Blocks": 0,                                                                                                
                   "Local Written Blocks": 0,                                                                                                
                   "Temp Read Blocks": 0,                                                                                                    
                   "Temp Written Blocks": 0,                                                                                                 
                   "Plans": [                                                                                                                
                     {                                                                                                                       
                       "Node Type": "Nested Loop",                                                                                           
                       "Parent Relationship": "Outer",                                                                                       
                       "Parallel Aware": false,                                                                                              
                       "Join Type": "Inner",                                                                                                 
                       "Startup Cost": 0.09,                                                                                                 
                       "Total Cost": 867.22,                                                                                                 
                       "Plan Rows": 1,                                                                                                       
                       "Plan Width": 73,                                                                                                     
                       "Actual Startup Time": 351.433,                                                                                       
                       "Actual Total Time": 12404.448,                                                                                       
                       "Actual Rows": 131,                                                                                                   
                       "Actual Loops": 1,                                                                                                    
                       "Inner Unique": false,                                                                                                
                       "Join Filter": "(t.kind_id = kt.id)",                                                                               
                       "Rows Removed by Join Filter": 169,                                                                                   
                       "Shared Hit Blocks": 80598,                                                                                           
                       "Shared Read Blocks": 9980,                                                                                           
                       "Shared Dirtied Blocks": 0,                                                                                           
                       "Shared Written Blocks": 0,                                                                                           
                       "Local Hit Blocks": 0,                                                                                                
                       "Local Read Blocks": 0,                                                                                               
                       "Local Dirtied Blocks": 0,                                                                                            
                       "Local Written Blocks": 0,                                                                                            
                       "Temp Read Blocks": 0,                                                                                                
                       "Temp Written Blocks": 0,                                                                                             
                       "Plans": [                                                                                                            
                         {                                                                                                                   
                           "Node Type": "Seq Scan",                                                                                          
                           "Parent Relationship": "Outer",                                                                                   
                           "Parallel Aware": false,                                                                                          
                           "Relation Name": "kind_type",                                                                                     
                           "Alias": "kt",                                                                                                   
                           "Startup Cost": 0.00,                                                                                             
                           "Total Cost": 0.03,                                                                                               
                           "Plan Rows": 2,                                                                                                   
                           "Plan Width": 4,                                                                                                  
                           "Actual Startup Time": 0.014,                                                                                     
                           "Actual Total Time": 0.023,                                                                                       
                           "Actual Rows": 2,                                                                                                 
                           "Actual Loops": 1,                                                                                                
                           "Filter": "((kind)::text = ANY ('{\"tv series\",episode}'::text[]))",                                             
                           "Rows Removed by Filter": 5,                                                                                      
                           "Shared Hit Blocks": 1,                                                                                           
                           "Shared Read Blocks": 0,                                                                                          
                           "Shared Dirtied Blocks": 0,                                                                                       
                           "Shared Written Blocks": 0,                                                                                       
                           "Local Hit Blocks": 0,                                                                                            
                           "Local Read Blocks": 0,                                                                                           
                           "Local Dirtied Blocks": 0,                                                                                        
                           "Local Written Blocks": 0,                                                                                        
                           "Temp Read Blocks": 0,                                                                                            
                           "Temp Written Blocks": 0                                                                                          
                         },                                                                                                                  
                         {                                                                                                                   
                           "Node Type": "Materialize",                                                                                       
                           "Parent Relationship": "Inner",                                                                                   
                           "Parallel Aware": false,                                                                                          
                           "Startup Cost": 0.09,                                                                                             
                           "Total Cost": 867.18,                                                                                             
                           "Plan Rows": 1,                                                                                                   
                           "Plan Width": 77,                                                                                                 
                           "Actual Startup Time": 175.707,                                                                                   
                           "Actual Total Time": 6202.097,                                                                                    
                           "Actual Rows": 150,                                                                                               
                           "Actual Loops": 2,                                                                                                
                           "Shared Hit Blocks": 80597,                                                                                       
                           "Shared Read Blocks": 9980,                                                                                       
                           "Shared Dirtied Blocks": 0,                                                                                       
                           "Shared Written Blocks": 0,                                                                                       
                           "Local Hit Blocks": 0,                                                                                            
                           "Local Read Blocks": 0,                                                                                           
                           "Local Dirtied Blocks": 0,                                                                                        
                           "Local Written Blocks": 0,                                                                                        
                           "Temp Read Blocks": 0,                                                                                            
                           "Temp Written Blocks": 0,                                                                                         
                           "Plans": [                                                                                                        
                             {                                                                                                               
                               "Node Type": "Nested Loop",                                                                                   
                               "Parent Relationship": "Outer",                                                                               
                               "Parallel Aware": false,                                                                                      
                               "Join Type": "Inner",                                                                                         
                               "Startup Cost": 0.09,                                                                                         
                               "Total Cost": 867.18,                                                                                         
                               "Plan Rows": 1,                                                                                               
                               "Plan Width": 77,                                                                                             
                               "Actual Startup Time": 351.403,                                                                               
                               "Actual Total Time": 12403.802,                                                                               
                               "Actual Rows": 150,                                                                                           
                               "Actual Loops": 1,                                                                                            
                               "Inner Unique": false,                                                                                        
                               "Join Filter": "((t.id = mi_idx.movie_id) AND (it.id = mi_idx.info_type_id))",                            
                               "Rows Removed by Join Filter": 300,                                                                           
                               "Shared Hit Blocks": 80597,                                                                                   
                               "Shared Read Blocks": 9980,                                                                                   
                               "Shared Dirtied Blocks": 0,                                                                                   
                               "Shared Written Blocks": 0,                                                                                   
                               "Local Hit Blocks": 0,                                                                                        
                               "Local Read Blocks": 0,                                                                                       
                               "Local Dirtied Blocks": 0,                                                                                    
                               "Local Written Blocks": 0,                                                                                    
                               "Temp Read Blocks": 0,                                                                                        
                               "Temp Written Blocks": 0,                                                                                     
                               "Plans": [                                                                                                    
                                 {                                                                                                           
                                   "Node Type": "Nested Loop",                                                                               
                                   "Parent Relationship": "Outer",                                                                           
                                   "Parallel Aware": false,                                                                                  
                                   "Join Type": "Inner",                                                                                     
                                   "Startup Cost": 0.08,                                                                                     
                                   "Total Cost": 866.29,                                                                                     
                                   "Plan Rows": 31,                                                                                          
                                   "Plan Width": 87,                                                                                         
                                   "Actual Startup Time": 330.208,                                                                           
                                   "Actual Total Time": 12268.542,                                                                           
                                   "Actual Rows": 157,                                                                                       
                                   "Actual Loops": 1,                                                                                        
                                   "Inner Unique": false,                                                                                    
                                   "Shared Hit Blocks": 79994,                                                                               
                                   "Shared Read Blocks": 9962,                                                                               
                                   "Shared Dirtied Blocks": 0,                                                                               
                                   "Shared Written Blocks": 0,                                                                               
                                   "Local Hit Blocks": 0,                                                                                    
                                   "Local Read Blocks": 0,                                                                                   
                                   "Local Dirtied Blocks": 0,                                                                                
                                   "Local Written Blocks": 0,                                                                                
                                   "Temp Read Blocks": 0,                                                                                    
                                   "Temp Written Blocks": 0,                                                                                 
                                   "Plans": [                                                                                                
                                     {                                                                                                       
                                       "Node Type": "Nested Loop",                                                                           
                                       "Parent Relationship": "Outer",                                                                       
                                       "Parallel Aware": false,                                                                              
                                       "Join Type": "Inner",                                                                                 
                                       "Startup Cost": 0.06,                                                                                 
                                       "Total Cost": 864.93,                                                                                 
                                       "Plan Rows": 30,                                                                                      
                                       "Plan Width": 79,                                                                                     
                                       "Actual Startup Time": 329.938,                                                                       
                                       "Actual Total Time": 11952.454,                                                                       
                                       "Actual Rows": 55,                                                                                    
                                       "Actual Loops": 1,                                                                                    
                                       "Inner Unique": true,                                                                                 
                                       "Shared Hit Blocks": 79756,                                                                           
                                       "Shared Read Blocks": 9928,                                                                           
                                       "Shared Dirtied Blocks": 0,                                                                           
                                       "Shared Written Blocks": 0,                                                                           
                                       "Local Hit Blocks": 0,                                                                                
                                       "Local Read Blocks": 0,                                                                               
                                       "Local Dirtied Blocks": 0,                                                                            
                                       "Local Written Blocks": 0,                                                                            
                                       "Temp Read Blocks": 0,                                                                                
                                       "Temp Written Blocks": 0,                                                                             
                                       "Plans": [                                                                                            
                                         {                                                                                                   
                                           "Node Type": "Nested Loop",                                                                       
                                           "Parent Relationship": "Outer",                                                                   
                                           "Parallel Aware": false,                                                                          
                                           "Join Type": "Inner",                                                                             
                                           "Startup Cost": 0.05,                                                                             
                                           "Total Cost": 778.49,                                                                             
                                           "Plan Rows": 30,                                                                                  
                                           "Plan Width": 54,                                                                                 
                                           "Actual Startup Time": 320.957,                                                                   
                                           "Actual Total Time": 11630.709,                                                                   
                                           "Actual Rows": 55,                                                                                
                                           "Actual Loops": 1,                                                                                
                                           "Inner Unique": false,                                                                            
                                           "Shared Hit Blocks": 79559,                                                                       
                                           "Shared Read Blocks": 9905,                                                                       
                                           "Shared Dirtied Blocks": 0,                                                                       
                                           "Shared Written Blocks": 0,                                                                       
                                           "Local Hit Blocks": 0,                                                                            
                                           "Local Read Blocks": 0,                                                                           
                                           "Local Dirtied Blocks": 0,                                                                        
                                           "Local Written Blocks": 0,                                                                        
                                           "Temp Read Blocks": 0,                                                                            
                                           "Temp Written Blocks": 0,                                                                         
                                           "Plans": [                                                                                        
                                             {                                                                                               
                                               "Node Type": "Nested Loop",                                                                   
                                               "Parent Relationship": "Outer",                                                               
                                               "Parallel Aware": false,                                                                      
                                               "Join Type": "Inner",                                                                         
                                               "Startup Cost": 0.05,                                                                         
                                               "Total Cost": 778.44,                                                                         
                                               "Plan Rows": 30,                                                                              
                                               "Plan Width": 50,                                                                             
                                               "Actual Startup Time": 320.879,                                                               
                                               "Actual Total Time": 11630.428,                                                               
                                               "Actual Rows": 55,                                                                            
                                               "Actual Loops": 1,                                                                            
                                               "Inner Unique": true,                                                                         
                                               "Shared Hit Blocks": 79558,                                                                   
                                               "Shared Read Blocks": 9905,                                                                   
                                               "Shared Dirtied Blocks": 0,                                                                   
                                               "Shared Written Blocks": 0,                                                                   
                                               "Local Hit Blocks": 0,                                                                        
                                               "Local Read Blocks": 0,                                                                       
                                               "Local Dirtied Blocks": 0,                                                                    
                                               "Local Written Blocks": 0,                                                                    
                                               "Temp Read Blocks": 0,                                                                        
                                               "Temp Written Blocks": 0,                                                                     
                                               "Plans": [                                                                                    
                                                 {                                                                                           
                                                   "Node Type": "Nested Loop",                                                               
                                                   "Parent Relationship": "Outer",                                                           
                                                   "Parallel Aware": false,                                                                  
                                                   "Join Type": "Inner",                                                                     
                                                   "Startup Cost": 0.04,                                                                     
                                                   "Total Cost": 777.91,                                                                     
                                                   "Plan Rows": 30,                                                                          
                                                   "Plan Width": 35,                                                                         
                                                   "Actual Startup Time": 270.297,                                                           
                                                   "Actual Total Time": 11047.229,                                                           
                                                   "Actual Rows": 55,                                                                        
                                                   "Actual Loops": 1,                                                                        
                                                   "Inner Unique": false,                                                                    
                                                   "Shared Hit Blocks": 79380,                                                               
                                                   "Shared Read Blocks": 9863,                                                               
                                                   "Shared Dirtied Blocks": 0,                                                               
                                                   "Shared Written Blocks": 0,                                                               
                                                   "Local Hit Blocks": 0,                                                                    
                                                   "Local Read Blocks": 0,                                                                   
                                                   "Local Dirtied Blocks": 0,                                                                
                                                   "Local Written Blocks": 0,                                                                
                                                   "Temp Read Blocks": 0,                                                                    
                                                   "Temp Written Blocks": 0,                                                                 
                                                   "Plans": [                                                                                
                                                     {                                                                                       
                                                       "Node Type": "Nested Loop",                                                           
                                                       "Parent Relationship": "Outer",                                                       
                                                       "Parallel Aware": false,                                                              
                                                       "Join Type": "Inner",                                                                 
                                                       "Startup Cost": 0.02,                                                                 
                                                       "Total Cost": 775.30,                                                                 
                                                       "Plan Rows": 29,                                                                      
                                                       "Plan Width": 43,                                                                     
                                                       "Actual Startup Time": 235.289,                                                       
                                                       "Actual Total Time": 10570.925,                                                       
                                                       "Actual Rows": 29,                                                                    
                                                       "Actual Loops": 1,                                                                    
                                                       "Inner Unique": true,                                                                 
                                                       "Join Filter": "(ml.link_type_id = lt.id)",                                           
                                                       "Rows Removed by Join Filter": 2278,                                                  
                                                       "Shared Hit Blocks": 79298,                                                           
                                                       "Shared Read Blocks": 9818,                                                           
                                                       "Shared Dirtied Blocks": 0,                                                           
                                                       "Shared Written Blocks": 0,                                                           
                                                       "Local Hit Blocks": 0,                                                                
                                                       "Local Read Blocks": 0,                                                               
                                                       "Local Dirtied Blocks": 0,                                                            
                                                       "Local Written Blocks": 0,                                                            
                                                       "Temp Read Blocks": 0,                                                                
                                                       "Temp Written Blocks": 0,                                                             
                                                       "Plans": [                                                                            
                                                         {                                                                                   
                                                           "Node Type": "Nested Loop",                                                       
                                                           "Parent Relationship": "Outer",                                                   
                                                           "Parallel Aware": false,                                                          
                                                           "Join Type": "Inner",                                                             
                                                           "Startup Cost": 0.02,                                                             
                                                           "Total Cost": 775.15,                                                             
                                                           "Plan Rows": 172,                                                                 
                                                           "Plan Width": 47,                                                                 
                                                           "Actual Startup Time": 84.513,                                                    
                                                           "Actual Total Time": 10544.793,                                                   
                                                           "Actual Rows": 1159,                                                              
                                                           "Actual Loops": 1,                                                                
                                                           "Inner Unique": true,                                                             
                                                           "Join Filter": "(ml.linked_movie_id = t.id)",                                    
                                                           "Rows Removed by Join Filter": 0,                                                 
                                                           "Shared Hit Blocks": 79298,                                                       
                                                           "Shared Read Blocks": 9817,                                                       
                                                           "Shared Dirtied Blocks": 0,                                                       
                                                           "Shared Written Blocks": 0,                                                       
                                                           "Local Hit Blocks": 0,                                                            
                                                           "Local Read Blocks": 0,                                                           
                                                           "Local Dirtied Blocks": 0,                                                        
                                                           "Local Written Blocks": 0,                                                        
                                                           "Temp Read Blocks": 0,                                                            
                                                           "Temp Written Blocks": 0,                                                         
                                                           "Plans": [                                                                        
                                                             {                                                                               
                                                               "Node Type": "Nested Loop",                                                   
                                                               "Parent Relationship": "Outer",                                               
                                                               "Parallel Aware": false,                                                      
                                                               "Join Type": "Inner",                                                         
                                                               "Startup Cost": 0.01,                                                         
                                                               "Total Cost": 692.04,                                                         
                                                               "Plan Rows": 416,                                                             
                                                               "Plan Width": 22,                                                             
                                                               "Actual Startup Time": 41.827,                                                
                                                               "Actual Total Time": 2951.112,                                                
                                                               "Actual Rows": 1505,                                                          
                                                               "Actual Loops": 1,                                                            
                                                               "Inner Unique": false,                                                        
                                                               "Shared Hit Blocks": 74411,                                                   
                                                               "Shared Read Blocks": 8683,                                                   
                                                               "Shared Dirtied Blocks": 0,                                                   
                                                               "Shared Written Blocks": 0,                                                   
                                                               "Local Hit Blocks": 0,                                                        
                                                               "Local Read Blocks": 0,                                                       
                                                               "Local Dirtied Blocks": 0,                                                    
                                                               "Local Written Blocks": 0,                                                    
                                                               "Temp Read Blocks": 0,                                                        
                                                               "Temp Written Blocks": 0,                                                     
                                                               "Plans": [                                                                    
                                                                 {                                                                           
                                                                   "Node Type": "Nested Loop",                                               
                                                                   "Parent Relationship": "Outer",                                           
                                                                   "Parallel Aware": false,                                                  
                                                                   "Join Type": "Inner",                                                     
                                                                   "Startup Cost": 0.00,                                                     
                                                                   "Total Cost": 626.33,                                                     
                                                                   "Plan Rows": 6253,                                                        
                                                                   "Plan Width": 10,                                                         
                                                                   "Actual Startup Time": 18.277,                                            
                                                                   "Actual Total Time": 2376.233,                                            
                                                                   "Actual Rows": 36749,                                                     
                                                                   "Actual Loops": 1,                                                        
                                                                   "Inner Unique": true,                                                     
                                                                   "Join Filter": "(mi_idx.info_type_id = it.id)",                         
                                                                   "Rows Removed by Join Filter": 669811,                                    
                                                                   "Shared Hit Blocks": 2,                                                   
                                                                   "Shared Read Blocks": 8452,                                               
                                                                   "Shared Dirtied Blocks": 0,                                               
                                                                   "Shared Written Blocks": 0,                                               
                                                                   "Local Hit Blocks": 0,                                                    
                                                                   "Local Read Blocks": 0,                                                   
                                                                   "Local Dirtied Blocks": 0,                                                
                                                                   "Local Written Blocks": 0,                                                
                                                                   "Temp Read Blocks": 0,                                                    
                                                                   "Temp Written Blocks": 0,                                                 
                                                                   "Plans": [                                                                
                                                                     {                                                                       
                                                                       "Node Type": "Seq Scan",                                              
                                                                       "Parent Relationship": "Outer",                                       
                                                                       "Parallel Aware": false,                                              
                                                                       "Relation Name": "movie_info_idx",                                    
                                                                       "Alias": "mi_idx",                                                   
                                                                       "Startup Cost": 0.00,                                                 
                                                                       "Total Cost": 467.71,                                                 
                                                                       "Plan Rows": 706570,                                                  
                                                                       "Plan Width": 14,                                                     
                                                                       "Actual Startup Time": 10.728,                                        
                                                                       "Actual Total Time": 1772.120,                                        
                                                                       "Actual Rows": 706560,                                                
                                                                       "Actual Loops": 1,                                                    
                                                                       "Filter": "(info < '3.5'::text)",                                     
                                                                       "Rows Removed by Filter": 673475,                                     
                                                                       "Shared Hit Blocks": 2,                                               
                                                                       "Shared Read Blocks": 8451,                                           
                                                                       "Shared Dirtied Blocks": 0,                                           
                                                                       "Shared Written Blocks": 0,                                           
                                                                       "Local Hit Blocks": 0,                                                
                                                                       "Local Read Blocks": 0,                                               
                                                                       "Local Dirtied Blocks": 0,                                            
                                                                       "Local Written Blocks": 0,                                            
                                                                       "Temp Read Blocks": 0,                                                
                                                                       "Temp Written Blocks": 0                                              
                                                                     },                                                                      
                                                                     {                                                                       
                                                                       "Node Type": "Materialize",                                           
                                                                       "Parent Relationship": "Inner",                                       
                                                                       "Parallel Aware": false,                                              
                                                                       "Startup Cost": 0.00,                                                 
                                                                       "Total Cost": 0.05,                                                   
                                                                       "Plan Rows": 1,                                                       
                                                                       "Plan Width": 4,                                                      
                                                                       "Actual Startup Time": 0.000,                                         
                                                                       "Actual Total Time": 0.000,                                           
                                                                       "Actual Rows": 1,                                                     
                                                                       "Actual Loops": 706560,                                               
                                                                       "Shared Hit Blocks": 0,                                               
                                                                       "Shared Read Blocks": 1,                                              
                                                                       "Shared Dirtied Blocks": 0,                                           
                                                                       "Shared Written Blocks": 0,                                           
                                                                       "Local Hit Blocks": 0,                                                
                                                                       "Local Read Blocks": 0,                                               
                                                                       "Local Dirtied Blocks": 0,                                            
                                                                       "Local Written Blocks": 0,                                            
                                                                       "Temp Read Blocks": 0,                                                
                                                                       "Temp Written Blocks": 0,                                             
                                                                       "Plans": [                                                            
                                                                         {                                                                   
                                                                           "Node Type": "Seq Scan",                                          
                                                                           "Parent Relationship": "Outer",                                   
                                                                           "Parallel Aware": false,                                          
                                                                           "Relation Name": "info_type",                                     
                                                                           "Alias": "it",                                                   
                                                                           "Startup Cost": 0.00,                                             
                                                                           "Total Cost": 0.05,                                               
                                                                           "Plan Rows": 1,                                                   
                                                                           "Plan Width": 4,                                                  
                                                                           "Actual Startup Time": 7.503,                                     
                                                                           "Actual Total Time": 7.509,                                       
                                                                           "Actual Rows": 1,                                                 
                                                                           "Actual Loops": 1,                                                
                                                                           "Filter": "((info)::text = 'rating'::text)",                      
                                                                           "Rows Removed by Filter": 112,                                    
                                                                           "Shared Hit Blocks": 0,                                           
                                                                           "Shared Read Blocks": 1,                                          
                                                                           "Shared Dirtied Blocks": 0,                                       
                                                                           "Shared Written Blocks": 0,                                       
                                                                           "Local Hit Blocks": 0,                                            
                                                                           "Local Read Blocks": 0,                                           
                                                                           "Local Dirtied Blocks": 0,                                        
                                                                           "Local Written Blocks": 0,                                        
                                                                           "Temp Read Blocks": 0,                                            
                                                                           "Temp Written Blocks": 0                                          
                                                                         }                                                                   
                                                                       ]                                                                     
                                                                     }                                                                       
                                                                   ]                                                                         
                                                                 },                                                                          
                                                                 {                                                                           
                                                                   "Node Type": "Index Scan",                                                
                                                                   "Parent Relationship": "Inner",                                           
                                                                   "Parallel Aware": false,                                                  
                                                                   "Scan Direction": "Forward",                                              
                                                                   "Index Name": "linked_movie_id_movie_link",                               
                                                                   "Relation Name": "movie_link",                                            
                                                                   "Alias": "ml",                                                            
                                                                   "Startup Cost": 0.01,                                                     
                                                                   "Total Cost": 0.01,                                                       
                                                                   "Plan Rows": 2,                                                           
                                                                   "Plan Width": 12,                                                         
                                                                   "Actual Startup Time": 0.011,                                             
                                                                   "Actual Total Time": 0.015,                                               
                                                                   "Actual Rows": 0,                                                         
                                                                   "Actual Loops": 36749,                                                    
                                                                   "Index Cond": "(linked_movie_id = mi_idx.movie_id)",                     
                                                                   "Rows Removed by Index Recheck": 0,                                       
                                                                   "Shared Hit Blocks": 74409,                                               
                                                                   "Shared Read Blocks": 231,                                                
                                                                   "Shared Dirtied Blocks": 0,                                               
                                                                   "Shared Written Blocks": 0,                                               
                                                                   "Local Hit Blocks": 0,                                                    
                                                                   "Local Read Blocks": 0,                                                   
                                                                   "Local Dirtied Blocks": 0,                                                
                                                                   "Local Written Blocks": 0,                                                
                                                                   "Temp Read Blocks": 0,                                                    
                                                                   "Temp Written Blocks": 0                                                  
                                                                 }                                                                           
                                                               ]                                                                             
                                                             },                                                                              
                                                             {                                                                               
                                                               "Node Type": "Index Scan",                                                    
                                                               "Parent Relationship": "Inner",                                               
                                                               "Parallel Aware": false,                                                      
                                                               "Scan Direction": "Forward",                                                  
                                                               "Index Name": "title_idx_id",                                                 
                                                               "Relation Name": "title",                                                     
                                                               "Alias": "t",                                                                
                                                               "Startup Cost": 0.01,                                                         
                                                               "Total Cost": 0.20,                                                           
                                                               "Plan Rows": 1,                                                               
                                                               "Plan Width": 25,                                                             
                                                               "Actual Startup Time": 5.043,                                                 
                                                               "Actual Total Time": 5.043,                                                   
                                                               "Actual Rows": 1,                                                             
                                                               "Actual Loops": 1505,                                                         
                                                               "Index Cond": "(id = mi_idx.movie_id)",                                      
                                                               "Rows Removed by Index Recheck": 0,                                           
                                                               "Filter": "((production_year >= 2000) AND (production_year <= 2010))",        
                                                               "Rows Removed by Filter": 0,                                                  
                                                               "Shared Hit Blocks": 4887,                                                    
                                                               "Shared Read Blocks": 1134,                                                   
                                                               "Shared Dirtied Blocks": 0,                                                   
                                                               "Shared Written Blocks": 0,                                                   
                                                               "Local Hit Blocks": 0,                                                        
                                                               "Local Read Blocks": 0,                                                       
                                                               "Local Dirtied Blocks": 0,                                                    
                                                               "Local Written Blocks": 0,                                                    
                                                               "Temp Read Blocks": 0,                                                        
                                                               "Temp Written Blocks": 0                                                      
                                                             }                                                                               
                                                           ]                                                                                 
                                                         },                                                                                  
                                                         {                                                                                   
                                                           "Node Type": "Materialize",                                                       
                                                           "Parent Relationship": "Inner",                                                   
                                                           "Parallel Aware": false,                                                          
                                                           "Startup Cost": 0.00,                                                             
                                                           "Total Cost": 0.04,                                                               
                                                           "Plan Rows": 3,                                                                   
                                                           "Plan Width": 4,                                                                  
                                                           "Actual Startup Time": 0.020,                                                     
                                                           "Actual Total Time": 0.021,                                                       
                                                           "Actual Rows": 2,                                                                 
                                                           "Actual Loops": 1159,                                                             
                                                           "Shared Hit Blocks": 0,                                                           
                                                           "Shared Read Blocks": 1,                                                          
                                                           "Shared Dirtied Blocks": 0,                                                       
                                                           "Shared Written Blocks": 0,                                                       
                                                           "Local Hit Blocks": 0,                                                            
                                                           "Local Read Blocks": 0,                                                           
                                                           "Local Dirtied Blocks": 0,                                                        
                                                           "Local Written Blocks": 0,                                                        
                                                           "Temp Read Blocks": 0,                                                            
                                                           "Temp Written Blocks": 0,                                                         
                                                           "Plans": [                                                                        
                                                             {                                                                               
                                                               "Node Type": "Seq Scan",                                                      
                                                               "Parent Relationship": "Outer",                                               
                                                               "Parallel Aware": false,                                                      
                                                               "Relation Name": "link_type",                                                 
                                                               "Alias": "lt",                                                                
                                                               "Startup Cost": 0.00,                                                         
                                                               "Total Cost": 0.03,                                                           
                                                               "Plan Rows": 3,                                                               
                                                               "Plan Width": 4,                                                              
                                                               "Actual Startup Time": 22.925,                                                
                                                               "Actual Total Time": 22.940,                                                  
                                                               "Actual Rows": 2,                                                             
                                                               "Actual Loops": 1,                                                            
                                                               "Filter": "((link)::text = ANY ('{sequel,follows,\"followed by\"}'::text[]))",
                                                               "Rows Removed by Filter": 16,                                                 
                                                               "Shared Hit Blocks": 0,                                                       
                                                               "Shared Read Blocks": 1,                                                      
                                                               "Shared Dirtied Blocks": 0,                                                   
                                                               "Shared Written Blocks": 0,                                                   
                                                               "Local Hit Blocks": 0,                                                        
                                                               "Local Read Blocks": 0,                                                       
                                                               "Local Dirtied Blocks": 0,                                                    
                                                               "Local Written Blocks": 0,                                                    
                                                               "Temp Read Blocks": 0,                                                        
                                                               "Temp Written Blocks": 0                                                      
                                                             }                                                                               
                                                           ]                                                                                 
                                                         }                                                                                   
                                                       ]                                                                                     
                                                     },                                                                                      
                                                     {                                                                                       
                                                       "Node Type": "Index Scan",                                                            
                                                       "Parent Relationship": "Inner",                                                       
                                                       "Parallel Aware": false,                                                              
                                                       "Scan Direction": "Forward",                                                          
                                                       "Index Name": "movie_id_movie_companies",                                             
                                                       "Relation Name": "movie_companies",                                                   
                                                       "Alias": "mc",                                                                       
                                                       "Startup Cost": 0.01,                                                                 
                                                       "Total Cost": 0.09,                                                                   
                                                       "Plan Rows": 2,                                                                       
                                                       "Plan Width": 8,                                                                      
                                                       "Actual Startup Time": 15.697,                                                        
                                                       "Actual Total Time": 16.417,                                                          
                                                       "Actual Rows": 2,                                                                     
                                                       "Actual Loops": 29,                                                                   
                                                       "Index Cond": "(movie_id = t.id)",                                                   
                                                       "Rows Removed by Index Recheck": 0,                                                   
                                                       "Shared Hit Blocks": 82,                                                              
                                                       "Shared Read Blocks": 45,                                                             
                                                       "Shared Dirtied Blocks": 0,                                                           
                                                       "Shared Written Blocks": 0,                                                           
                                                       "Local Hit Blocks": 0,                                                                
                                                       "Local Read Blocks": 0,                                                               
                                                       "Local Dirtied Blocks": 0,                                                            
                                                       "Local Written Blocks": 0,                                                            
                                                       "Temp Read Blocks": 0,                                                                
                                                       "Temp Written Blocks": 0                                                              
                                                     }                                                                                       
                                                   ]                                                                                         
                                                 },                                                                                          
                                                 {                                                                                           
                                                   "Node Type": "Index Scan",                                                                
                                                   "Parent Relationship": "Inner",                                                           
                                                   "Parallel Aware": false,                                                                  
                                                   "Scan Direction": "Forward",                                                              
                                                   "Index Name": "company_name_pkey",                                                        
                                                   "Relation Name": "company_name",                                                          
                                                   "Alias": "cn",                                                                           
                                                   "Startup Cost": 0.01,                                                                     
                                                   "Total Cost": 0.02,                                                                       
                                                   "Plan Rows": 1,                                                                           
                                                   "Plan Width": 23,                                                                         
                                                   "Actual Startup Time": 10.597,                                                            
                                                   "Actual Total Time": 10.597,                                                              
                                                   "Actual Rows": 1,                                                                         
                                                   "Actual Loops": 55,                                                                       
                                                   "Index Cond": "(id = mc.company_id)",                                                    
                                                   "Rows Removed by Index Recheck": 0,                                                       
                                                   "Shared Hit Blocks": 178,                                                                 
                                                   "Shared Read Blocks": 42,                                                                 
                                                   "Shared Dirtied Blocks": 0,                                                               
                                                   "Shared Written Blocks": 0,                                                               
                                                   "Local Hit Blocks": 0,                                                                    
                                                   "Local Read Blocks": 0,                                                                   
                                                   "Local Dirtied Blocks": 0,                                                                
                                                   "Local Written Blocks": 0,                                                                
                                                   "Temp Read Blocks": 0,                                                                    
                                                   "Temp Written Blocks": 0                                                                  
                                                 }                                                                                           
                                               ]                                                                                             
                                             },                                                                                              
                                             {                                                                                               
                                               "Node Type": "Materialize",                                                                   
                                               "Parent Relationship": "Inner",                                                               
                                               "Parallel Aware": false,                                                                      
                                               "Startup Cost": 0.00,                                                                         
                                               "Total Cost": 0.05,                                                                           
                                               "Plan Rows": 1,                                                                               
                                               "Plan Width": 4,                                                                              
                                               "Actual Startup Time": 0.002,                                                                 
                                               "Actual Total Time": 0.003,                                                                   
                                               "Actual Rows": 1,                                                                             
                                               "Actual Loops": 55,                                                                           
                                               "Shared Hit Blocks": 1,                                                                       
                                               "Shared Read Blocks": 0,                                                                      
                                               "Shared Dirtied Blocks": 0,                                                                   
                                               "Shared Written Blocks": 0,                                                                   
                                               "Local Hit Blocks": 0,                                                                        
                                               "Local Read Blocks": 0,                                                                       
                                               "Local Dirtied Blocks": 0,                                                                    
                                               "Local Written Blocks": 0,                                                                    
                                               "Temp Read Blocks": 0,                                                                        
                                               "Temp Written Blocks": 0,                                                                     
                                               "Plans": [                                                                                    
                                                 {                                                                                           
                                                   "Node Type": "Seq Scan",                                                                  
                                                   "Parent Relationship": "Outer",                                                           
                                                   "Parallel Aware": false,                                                                  
                                                   "Relation Name": "info_type",                                                             
                                                   "Alias": "it",                                                                           
                                                   "Startup Cost": 0.00,                                                                     
                                                   "Total Cost": 0.05,                                                                       
                                                   "Plan Rows": 1,                                                                           
                                                   "Plan Width": 4,                                                                          
                                                   "Actual Startup Time": 0.061,                                                             
                                                   "Actual Total Time": 0.070,                                                               
                                                   "Actual Rows": 1,                                                                         
                                                   "Actual Loops": 1,                                                                        
                                                   "Filter": "((info)::text = 'rating'::text)",                                              
                                                   "Rows Removed by Filter": 112,                                                            
                                                   "Shared Hit Blocks": 1,                                                                   
                                                   "Shared Read Blocks": 0,                                                                  
                                                   "Shared Dirtied Blocks": 0,                                                               
                                                   "Shared Written Blocks": 0,                                                               
                                                   "Local Hit Blocks": 0,                                                                    
                                                   "Local Read Blocks": 0,                                                                   
                                                   "Local Dirtied Blocks": 0,                                                                
                                                   "Local Written Blocks": 0,                                                                
                                                   "Temp Read Blocks": 0,                                                                    
                                                   "Temp Written Blocks": 0                                                                  
                                                 }                                                                                           
                                               ]                                                                                             
                                             }                                                                                               
                                           ]                                                                                                 
                                         },                                                                                                  
                                         {                                                                                                   
                                           "Node Type": "Index Scan",                                                                        
                                           "Parent Relationship": "Inner",                                                                   
                                           "Parallel Aware": false,                                                                          
                                           "Scan Direction": "Forward",                                                                      
                                           "Index Name": "title_idx_id",                                                                     
                                           "Relation Name": "title",                                                                         
                                           "Alias": "t",                                                                                    
                                           "Startup Cost": 0.01,                                                                             
                                           "Total Cost": 2.88,                                                                               
                                           "Plan Rows": 1,                                                                                   
                                           "Plan Width": 25,                                                                                 
                                           "Actual Startup Time": 5.844,                                                                     
                                           "Actual Total Time": 5.844,                                                                       
                                           "Actual Rows": 1,                                                                                 
                                           "Actual Loops": 55,                                                                               
                                           "Index Cond": "(id = ml.movie_id)",                                                               
                                           "Rows Removed by Index Recheck": 0,                                                               
                                           "Shared Hit Blocks": 197,                                                                         
                                           "Shared Read Blocks": 23,                                                                         
                                           "Shared Dirtied Blocks": 0,                                                                       
                                           "Shared Written Blocks": 0,                                                                       
                                           "Local Hit Blocks": 0,                                                                            
                                           "Local Read Blocks": 0,                                                                           
                                           "Local Dirtied Blocks": 0,                                                                        
                                           "Local Written Blocks": 0,                                                                        
                                           "Temp Read Blocks": 0,                                                                            
                                           "Temp Written Blocks": 0                                                                          
                                         }                                                                                                   
                                       ]                                                                                                     
                                     },                                                                                                      
                                     {                                                                                                       
                                       "Node Type": "Index Scan",                                                                            
                                       "Parent Relationship": "Inner",                                                                       
                                       "Parallel Aware": false,                                                                              
                                       "Scan Direction": "Forward",                                                                          
                                       "Index Name": "movie_id_movie_companies",                                                             
                                       "Relation Name": "movie_companies",                                                                   
                                       "Alias": "mc",                                                                                       
                                       "Startup Cost": 0.01,                                                                                 
                                       "Total Cost": 0.05,                                                                                   
                                       "Plan Rows": 2,                                                                                       
                                       "Plan Width": 8,                                                                                      
                                       "Actual Startup Time": 4.626,                                                                         
                                       "Actual Total Time": 5.740,                                                                           
                                       "Actual Rows": 3,                                                                                     
                                       "Actual Loops": 55,                                                                                   
                                       "Index Cond": "(movie_id = t.id)",                                                                   
                                       "Rows Removed by Index Recheck": 0,                                                                   
                                       "Shared Hit Blocks": 238,                                                                             
                                       "Shared Read Blocks": 34,                                                                             
                                       "Shared Dirtied Blocks": 0,                                                                           
                                       "Shared Written Blocks": 0,                                                                           
                                       "Local Hit Blocks": 0,                                                                                
                                       "Local Read Blocks": 0,                                                                               
                                       "Local Dirtied Blocks": 0,                                                                            
                                       "Local Written Blocks": 0,                                                                            
                                       "Temp Read Blocks": 0,                                                                                
                                       "Temp Written Blocks": 0                                                                              
                                     }                                                                                                       
                                   ]                                                                                                         
                                 },                                                                                                          
                                 {                                                                                                           
                                   "Node Type": "Index Scan",                                                                                
                                   "Parent Relationship": "Inner",                                                                           
                                   "Parallel Aware": false,                                                                                  
                                   "Scan Direction": "Forward",                                                                              
                                   "Index Name": "movie_id_movie_info_idx",                                                                  
                                   "Relation Name": "movie_info_idx",                                                                        
                                   "Alias": "mi_idx",                                                                                       
                                   "Startup Cost": 0.01,                                                                                     
                                   "Total Cost": 0.03,                                                                                       
                                   "Plan Rows": 3,                                                                                           
                                   "Plan Width": 14,                                                                                         
                                   "Actual Startup Time": 0.854,                                                                             
                                   "Actual Total Time": 0.856,                                                                               
                                   "Actual Rows": 3,                                                                                         
                                   "Actual Loops": 157,                                                                                      
                                   "Index Cond": "(movie_id = mc.movie_id)",                                                                
                                   "Rows Removed by Index Recheck": 0,                                                                       
                                   "Shared Hit Blocks": 603,                                                                                 
                                   "Shared Read Blocks": 18,                                                                                 
                                   "Shared Dirtied Blocks": 0,                                                                               
                                   "Shared Written Blocks": 0,                                                                               
                                   "Local Hit Blocks": 0,                                                                                    
                                   "Local Read Blocks": 0,                                                                                   
                                   "Local Dirtied Blocks": 0,                                                                                
                                   "Local Written Blocks": 0,                                                                                
                                   "Temp Read Blocks": 0,                                                                                    
                                   "Temp Written Blocks": 0                                                                                  
                                 }                                                                                                           
                               ]                                                                                                             
                             }                                                                                                               
                           ]                                                                                                                 
                         }                                                                                                                   
                       ]                                                                                                                     
                     },                                                                                                                      
                     {                                                                                                                       
                       "Node Type": "Index Scan",                                                                                            
                       "Parent Relationship": "Inner",                                                                                       
                       "Parallel Aware": false,                                                                                              
                       "Scan Direction": "Forward",                                                                                          
                       "Index Name": "company_name_pkey",                                                                                    
                       "Relation Name": "company_name",                                                                                      
                       "Alias": "cn",                                                                                                       
                       "Startup Cost": 0.01,                                                                                                 
                       "Total Cost": 0.02,                                                                                                   
                       "Plan Rows": 1,                                                                                                       
                       "Plan Width": 23,                                                                                                     
                       "Actual Startup Time": 2.568,                                                                                         
                       "Actual Total Time": 2.568,                                                                                           
                       "Actual Rows": 1,                                                                                                     
                       "Actual Loops": 131,                                                                                                  
                       "Index Cond": "(id = mc.company_id)",                                                                                
                       "Rows Removed by Index Recheck": 0,                                                                                   
                       "Filter": "((country_code)::text <> '[us]'::text)",                                                                   
                       "Rows Removed by Filter": 0,                                                                                          
                       "Shared Hit Blocks": 497,                                                                                             
                       "Shared Read Blocks": 27,                                                                                             
                       "Shared Dirtied Blocks": 0,                                                                                           
                       "Shared Written Blocks": 0,                                                                                           
                       "Local Hit Blocks": 0,                                                                                                
                       "Local Read Blocks": 0,                                                                                               
                       "Local Dirtied Blocks": 0,                                                                                            
                       "Local Written Blocks": 0,                                                                                            
                       "Temp Read Blocks": 0,                                                                                                
                       "Temp Written Blocks": 0                                                                                              
                     }                                                                                                                       
                   ]                                                                                                                         
                 }                                                                                                                           
               ]                                                                                                                             
             }                                                                                                                               
           ]                                                                                                                                 
         }                                                                                                                                   
       ]                                                                                                                                     
     },                                                                                                                                      
     "Planning Time": 6073.866,                                                                                                              
     "Triggers": [                                                                                                                           
     ],                                                                                                                                      
     "Execution Time": 12785.856                                                                                                             
   }                                                                                                                                         
 ]
