 [                                                                         
   {                                                                       
     "Plan": {                                                             
       "Node Type": "Aggregate",                                           
       "Strategy": "Plain",                                                
       "Partial Mode": "Simple",                                           
       "Parallel Aware": false,                                            
       "Startup Cost": 2307.04,                                            
       "Total Cost": 2307.04,                                              
       "Plan Rows": 1,                                                     
       "Plan Width": 64,                                                   
       "Actual Startup Time": 27324.258,                                   
       "Actual Total Time": 27324.258,                                     
       "Actual Rows": 1,                                                   
       "Actual Loops": 1,                                                  
       "Shared Hit Blocks": 4506070,                                       
       "Shared Read Blocks": 79280,                                        
       "Shared Dirtied Blocks": 0,                                         
       "Shared Written Blocks": 0,                                         
       "Local Hit Blocks": 0,                                              
       "Local Read Blocks": 0,                                             
       "Local Dirtied Blocks": 0,                                          
       "Local Written Blocks": 0,                                          
       "Temp Read Blocks": 0,                                              
       "Temp Written Blocks": 0,                                           
       "Plans": [                                                          
         {                                                                 
           "Node Type": "Nested Loop",                                     
           "Parent Relationship": "Outer",                                 
           "Parallel Aware": false,                                        
           "Join Type": "Inner",                                           
           "Startup Cost": 0.04,                                           
           "Total Cost": 2307.04,                                          
           "Plan Rows": 9,                                                 
           "Plan Width": 23,                                               
           "Actual Startup Time": 4667.982,                                
           "Actual Total Time": 27312.160,                                 
           "Actual Rows": 740,                                             
           "Actual Loops": 1,                                              
           "Inner Unique": true,                                           
           "Shared Hit Blocks": 4506070,                                   
           "Shared Read Blocks": 79280,                                    
           "Shared Dirtied Blocks": 0,                                     
           "Shared Written Blocks": 0,                                     
           "Local Hit Blocks": 0,                                          
           "Local Read Blocks": 0,                                         
           "Local Dirtied Blocks": 0,                                      
           "Local Written Blocks": 0,                                      
           "Temp Read Blocks": 0,                                          
           "Temp Written Blocks": 0,                                       
           "Plans": [                                                      
             {                                                             
               "Node Type": "Nested Loop",                                 
               "Parent Relationship": "Outer",                             
               "Parallel Aware": false,                                    
               "Join Type": "Inner",                                       
               "Startup Cost": 0.03,                                       
               "Total Cost": 2046.53,                                      
               "Plan Rows": 18242,                                         
               "Plan Width": 27,                                           
               "Actual Startup Time": 84.269,                              
               "Actual Total Time": 22744.478,                             
               "Actual Rows": 697651,                                      
               "Actual Loops": 1,                                          
               "Inner Unique": false,                                      
               "Shared Hit Blocks": 1710536,                               
               "Shared Read Blocks": 77841,                                
               "Shared Dirtied Blocks": 0,                                 
               "Shared Written Blocks": 0,                                 
               "Local Hit Blocks": 0,                                      
               "Local Read Blocks": 0,                                     
               "Local Dirtied Blocks": 0,                                  
               "Local Written Blocks": 0,                                  
               "Temp Read Blocks": 0,                                      
               "Temp Written Blocks": 0,                                   
               "Plans": [                                                  
                 {                                                         
                   "Node Type": "Nested Loop",                             
                   "Parent Relationship": "Outer",                         
                   "Parallel Aware": false,                                
                   "Join Type": "Inner",                                   
                   "Startup Cost": 0.01,                                   
                   "Total Cost": 1810.46,                                  
                   "Plan Rows": 1850,                                      
                   "Plan Width": 31,                                       
                   "Actual Startup Time": 51.330,                          
                   "Actual Total Time": 18381.846,                         
                   "Actual Rows": 106021,                                  
                   "Actual Loops": 1,                                      
                   "Inner Unique": true,                                   
                   "Shared Hit Blocks": 1371363,                           
                   "Shared Read Blocks": 50698,                            
                   "Shared Dirtied Blocks": 0,                             
                   "Shared Written Blocks": 0,                             
                   "Local Hit Blocks": 0,                                  
                   "Local Read Blocks": 0,                                 
                   "Local Dirtied Blocks": 0,                              
                   "Local Written Blocks": 0,                              
                   "Temp Read Blocks": 0,                                  
                   "Temp Written Blocks": 0,                               
                   "Plans": [                                              
                     {                                                     
                       "Node Type": "Nested Loop",                         
                       "Parent Relationship": "Outer",                     
                       "Parallel Aware": false,                            
                       "Join Type": "Inner",                               
                       "Startup Cost": 0.00,                               
                       "Total Cost": 584.84,                               
                       "Plan Rows": 4617,                                  
                       "Plan Width": 10,                                   
                       "Actual Startup Time": 19.479,                      
                       "Actual Total Time": 965.937,                       
                       "Actual Rows": 352990,                              
                       "Actual Loops": 1,                                  
                       "Inner Unique": true,                               
                       "Join Filter": "(it.id = mi_idx.info_type_id)",     
                       "Rows Removed by Join Filter": 168733,              
                       "Shared Hit Blocks": 0,                             
                       "Shared Read Blocks": 8454,                         
                       "Shared Dirtied Blocks": 0,                         
                       "Shared Written Blocks": 0,                         
                       "Local Hit Blocks": 0,                              
                       "Local Read Blocks": 0,                             
                       "Local Dirtied Blocks": 0,                          
                       "Local Written Blocks": 0,                          
                       "Temp Read Blocks": 0,                              
                       "Temp Written Blocks": 0,                           
                       "Plans": [                                          
                         {                                                 
                           "Node Type": "Seq Scan",                        
                           "Parent Relationship": "Outer",                 
                           "Parallel Aware": false,                        
                           "Relation Name": "movie_info_idx",              
                           "Alias": "mi_idx",                              
                           "Startup Cost": 0.00,                           
                           "Total Cost": 467.71,                           
                           "Plan Rows": 521708,                            
                           "Plan Width": 14,                               
                           "Actual Startup Time": 11.935,                  
                           "Actual Total Time": 628.326,                   
                           "Actual Rows": 521723,                          
                           "Actual Loops": 1,                              
                           "Filter": "(info > '5.0'::text)",               
                           "Rows Removed by Filter": 858312,               
                           "Shared Hit Blocks": 0,                         
                           "Shared Read Blocks": 8453,                     
                           "Shared Dirtied Blocks": 0,                     
                           "Shared Written Blocks": 0,                     
                           "Local Hit Blocks": 0,                          
                           "Local Read Blocks": 0,                         
                           "Local Dirtied Blocks": 0,                      
                           "Local Written Blocks": 0,                      
                           "Temp Read Blocks": 0,                          
                           "Temp Written Blocks": 0                        
                         },                                                
                         {                                                 
                           "Node Type": "Materialize",                     
                           "Parent Relationship": "Inner",                 
                           "Parallel Aware": false,                        
                           "Startup Cost": 0.00,                           
                           "Total Cost": 0.05,                             
                           "Plan Rows": 1,                                 
                           "Plan Width": 4,                                
                           "Actual Startup Time": 0.000,                   
                           "Actual Total Time": 0.000,                     
                           "Actual Rows": 1,                               
                           "Actual Loops": 521723,                         
                           "Shared Hit Blocks": 0,                         
                           "Shared Read Blocks": 1,                        
                           "Shared Dirtied Blocks": 0,                     
                           "Shared Written Blocks": 0,                     
                           "Local Hit Blocks": 0,                          
                           "Local Read Blocks": 0,                         
                           "Local Dirtied Blocks": 0,                      
                           "Local Written Blocks": 0,                      
                           "Temp Read Blocks": 0,                          
                           "Temp Written Blocks": 0,                       
                           "Plans": [                                      
                             {                                             
                               "Node Type": "Seq Scan",                    
                               "Parent Relationship": "Outer",             
                               "Parallel Aware": false,                    
                               "Relation Name": "info_type",               
                               "Alias": "it",                              
                               "Startup Cost": 0.00,                       
                               "Total Cost": 0.05,                         
                               "Plan Rows": 1,                             
                               "Plan Width": 4,                            
                               "Actual Startup Time": 7.507,               
                               "Actual Total Time": 7.513,                 
                               "Actual Rows": 1,                           
                               "Actual Loops": 1,                          
                               "Filter": "((info)::text = 'rating'::text)",
                               "Rows Removed by Filter": 112,              
                               "Shared Hit Blocks": 0,                     
                               "Shared Read Blocks": 1,                    
                               "Shared Dirtied Blocks": 0,                 
                               "Shared Written Blocks": 0,                 
                               "Local Hit Blocks": 0,                      
                               "Local Read Blocks": 0,                     
                               "Local Dirtied Blocks": 0,                  
                               "Local Written Blocks": 0,                  
                               "Temp Read Blocks": 0,                      
                               "Temp Written Blocks": 0                    
                             }                                             
                           ]                                               
                         }                                                 
                       ]                                                   
                     },                                                    
                     {                                                     
                       "Node Type": "Index Scan",                          
                       "Parent Relationship": "Inner",                     
                       "Parallel Aware": false,                            
                       "Scan Direction": "Forward",                        
                       "Index Name": "title_idx_id",                       
                       "Relation Name": "title",                           
                       "Alias": "t",                                       
                       "Startup Cost": 0.01,                               
                       "Total Cost": 0.27,                                 
                       "Plan Rows": 1,                                     
                       "Plan Width": 21,                                   
                       "Actual Startup Time": 0.049,                       
                       "Actual Total Time": 0.049,                         
                       "Actual Rows": 0,                                   
                       "Actual Loops": 352990,                             
                       "Index Cond": "(id = mi_idx.movie_id)",             
                       "Rows Removed by Index Recheck": 0,                 
                       "Filter": "(production_year > 2005)",               
                       "Rows Removed by Filter": 1,                        
                       "Shared Hit Blocks": 1371363,                       
                       "Shared Read Blocks": 42244,                        
                       "Shared Dirtied Blocks": 0,                         
                       "Shared Written Blocks": 0,                         
                       "Local Hit Blocks": 0,                              
                       "Local Read Blocks": 0,                             
                       "Local Dirtied Blocks": 0,                          
                       "Local Written Blocks": 0,                          
                       "Temp Read Blocks": 0,                              
                       "Temp Written Blocks": 0                            
                     }                                                     
                   ]                                                       
                 },                                                        
                 {                                                         
                   "Node Type": "Index Scan",                              
                   "Parent Relationship": "Inner",                         
                   "Parallel Aware": false,                                
                   "Scan Direction": "Forward",                            
                   "Index Name": "movie_id_movie_keyword",                 
                   "Relation Name": "movie_keyword",                       
                   "Alias": "mk",                                          
                   "Startup Cost": 0.01,                                   
                   "Total Cost": 0.13,                                     
                   "Plan Rows": 11,                                        
                   "Plan Width": 8,                                        
                   "Actual Startup Time": 0.029,                           
                   "Actual Total Time": 0.039,                             
                   "Actual Rows": 7,                                       
                   "Actual Loops": 106021,                                 
                   "Index Cond": "(movie_id = t.id)",                      
                   "Rows Removed by Index Recheck": 0,                     
                   "Shared Hit Blocks": 339173,                            
                   "Shared Read Blocks": 27143,                            
                   "Shared Dirtied Blocks": 0,                             
                   "Shared Written Blocks": 0,                             
                   "Local Hit Blocks": 0,                                  
                   "Local Read Blocks": 0,                                 
                   "Local Dirtied Blocks": 0,                              
                   "Local Written Blocks": 0,                              
                   "Temp Read Blocks": 0,                                  
                   "Temp Written Blocks": 0                                
                 }                                                         
               ]                                                           
             },                                                            
             {                                                             
               "Node Type": "Index Scan",                                  
               "Parent Relationship": "Inner",                             
               "Parallel Aware": false,                                    
               "Scan Direction": "Forward",                                
               "Index Name": "keyword_pkey",                               
               "Relation Name": "keyword",                                 
               "Alias": "k",                                               
               "Startup Cost": 0.01,                                       
               "Total Cost": 0.01,                                         
               "Plan Rows": 1,                                             
               "Plan Width": 4,                                            
               "Actual Startup Time": 0.006,                               
               "Actual Total Time": 0.006,                                 
               "Actual Rows": 0,                                           
               "Actual Loops": 697651,                                     
               "Index Cond": "(id = mk.keyword_id)",                       
               "Rows Removed by Index Recheck": 0,                         
               "Filter": "(keyword ~~ '%sequel%'::text)",                  
               "Rows Removed by Filter": 1,                                
               "Shared Hit Blocks": 2795534,                               
               "Shared Read Blocks": 1439,                                 
               "Shared Dirtied Blocks": 0,                                 
               "Shared Written Blocks": 0,                                 
               "Local Hit Blocks": 0,                                      
               "Local Read Blocks": 0,                                     
               "Local Dirtied Blocks": 0,                                  
               "Local Written Blocks": 0,                                  
               "Temp Read Blocks": 0,                                      
               "Temp Written Blocks": 0                                    
             }                                                             
           ]                                                               
         }                                                                 
       ]                                                                   
     },                                                                    
     "Planning Time": 2011.529,                                            
     "Triggers": [                                                         
     ],                                                                    
     "Execution Time": 27366.668                                           
   }                                                                       
 ]
