 [                                                                                                                                                           
   {                                                                                                                                                         
     "Plan": {                                                                                                                                               
       "Node Type": "Aggregate",                                                                                                                             
       "Strategy": "Plain",                                                                                                                                  
       "Partial Mode": "Simple",                                                                                                                             
       "Parallel Aware": false,                                                                                                                              
       "Startup Cost": 1038.10,                                                                                                                              
       "Total Cost": 1038.10,                                                                                                                                
       "Plan Rows": 1,                                                                                                                                       
       "Plan Width": 96,                                                                                                                                     
       "Actual Startup Time": 58397.732,                                                                                                                     
       "Actual Total Time": 58397.732,                                                                                                                       
       "Actual Rows": 1,                                                                                                                                     
       "Actual Loops": 1,                                                                                                                                    
       "Shared Hit Blocks": 134972,                                                                                                                          
       "Shared Read Blocks": 33059,                                                                                                                          
       "Shared Dirtied Blocks": 0,                                                                                                                           
       "Shared Written Blocks": 0,                                                                                                                           
       "Local Hit Blocks": 0,                                                                                                                                
       "Local Read Blocks": 0,                                                                                                                               
       "Local Dirtied Blocks": 0,                                                                                                                            
       "Local Written Blocks": 0,                                                                                                                            
       "Temp Read Blocks": 0,                                                                                                                                
       "Temp Written Blocks": 0,                                                                                                                             
       "Plans": [                                                                                                                                            
         {                                                                                                                                                   
           "Node Type": "Nested Loop",                                                                                                                       
           "Parent Relationship": "Outer",                                                                                                                   
           "Parallel Aware": false,                                                                                                                          
           "Join Type": "Inner",                                                                                                                             
           "Startup Cost": 0.07,                                                                                                                             
           "Total Cost": 1038.10,                                                                                                                            
           "Plan Rows": 1,                                                                                                                                   
           "Plan Width": 48,                                                                                                                                 
           "Actual Startup Time": 12166.984,                                                                                                                 
           "Actual Total Time": 58397.604,                                                                                                                   
           "Actual Rows": 12,                                                                                                                                
           "Actual Loops": 1,                                                                                                                                
           "Inner Unique": true,                                                                                                                             
           "Shared Hit Blocks": 134972,                                                                                                                      
           "Shared Read Blocks": 33059,                                                                                                                      
           "Shared Dirtied Blocks": 0,                                                                                                                       
           "Shared Written Blocks": 0,                                                                                                                       
           "Local Hit Blocks": 0,                                                                                                                            
           "Local Read Blocks": 0,                                                                                                                           
           "Local Dirtied Blocks": 0,                                                                                                                        
           "Local Written Blocks": 0,                                                                                                                        
           "Temp Read Blocks": 0,                                                                                                                            
           "Temp Written Blocks": 0,                                                                                                                         
           "Plans": [                                                                                                                                        
             {                                                                                                                                               
               "Node Type": "Nested Loop",                                                                                                                   
               "Parent Relationship": "Outer",                                                                                                               
               "Parallel Aware": false,                                                                                                                      
               "Join Type": "Inner",                                                                                                                         
               "Startup Cost": 0.06,                                                                                                                         
               "Total Cost": 1038.06,                                                                                                                        
               "Plan Rows": 2,                                                                                                                               
               "Plan Width": 37,                                                                                                                             
               "Actual Startup Time": 6268.914,                                                                                                              
               "Actual Total Time": 56030.153,                                                                                                               
               "Actual Rows": 383,                                                                                                                           
               "Actual Loops": 1,                                                                                                                            
               "Inner Unique": false,                                                                                                                        
               "Join Filter": "(t.id = ci.movie_id)",                                                                                                        
               "Rows Removed by Join Filter": 0,                                                                                                             
               "Shared Hit Blocks": 133805,                                                                                                                  
               "Shared Read Blocks": 32692,                                                                                                                  
               "Shared Dirtied Blocks": 0,                                                                                                                   
               "Shared Written Blocks": 0,                                                                                                                   
               "Local Hit Blocks": 0,                                                                                                                        
               "Local Read Blocks": 0,                                                                                                                       
               "Local Dirtied Blocks": 0,                                                                                                                    
               "Local Written Blocks": 0,                                                                                                                    
               "Temp Read Blocks": 0,                                                                                                                        
               "Temp Written Blocks": 0,                                                                                                                     
               "Plans": [                                                                                                                                    
                 {                                                                                                                                           
                   "Node Type": "Nested Loop",                                                                                                               
                   "Parent Relationship": "Outer",                                                                                                           
                   "Parallel Aware": false,                                                                                                                  
                   "Join Type": "Inner",                                                                                                                     
                   "Startup Cost": 0.04,                                                                                                                     
                   "Total Cost": 1036.75,                                                                                                                    
                   "Plan Rows": 1,                                                                                                                           
                   "Plan Width": 41,                                                                                                                         
                   "Actual Startup Time": 6183.887,                                                                                                          
                   "Actual Total Time": 53992.121,                                                                                                           
                   "Actual Rows": 36,                                                                                                                        
                   "Actual Loops": 1,                                                                                                                        
                   "Inner Unique": true,                                                                                                                     
                   "Shared Hit Blocks": 133550,                                                                                                              
                   "Shared Read Blocks": 32462,                                                                                                              
                   "Shared Dirtied Blocks": 0,                                                                                                               
                   "Shared Written Blocks": 0,                                                                                                               
                   "Local Hit Blocks": 0,                                                                                                                    
                   "Local Read Blocks": 0,                                                                                                                   
                   "Local Dirtied Blocks": 0,                                                                                                                
                   "Local Written Blocks": 0,                                                                                                                
                   "Temp Read Blocks": 0,                                                                                                                    
                   "Temp Written Blocks": 0,                                                                                                                 
                   "Plans": [                                                                                                                                
                     {                                                                                                                                       
                       "Node Type": "Nested Loop",                                                                                                           
                       "Parent Relationship": "Outer",                                                                                                       
                       "Parallel Aware": false,                                                                                                              
                       "Join Type": "Inner",                                                                                                                 
                       "Startup Cost": 0.03,                                                                                                                 
                       "Total Cost": 1025.23,                                                                                                                
                       "Plan Rows": 270,                                                                                                                     
                       "Plan Width": 20,                                                                                                                     
                       "Actual Startup Time": 176.614,                                                                                                       
                       "Actual Total Time": 14363.268,                                                                                                       
                       "Actual Rows": 35548,                                                                                                                 
                       "Actual Loops": 1,                                                                                                                    
                       "Inner Unique": false,                                                                                                                
                       "Shared Hit Blocks": 8734,                                                                                                            
                       "Shared Read Blocks": 14911,                                                                                                          
                       "Shared Dirtied Blocks": 0,                                                                                                           
                       "Shared Written Blocks": 0,                                                                                                           
                       "Local Hit Blocks": 0,                                                                                                                
                       "Local Read Blocks": 0,                                                                                                               
                       "Local Dirtied Blocks": 0,                                                                                                            
                       "Local Written Blocks": 0,                                                                                                            
                       "Temp Read Blocks": 0,                                                                                                                
                       "Temp Written Blocks": 0,                                                                                                             
                       "Plans": [                                                                                                                            
                         {                                                                                                                                   
                           "Node Type": "Index Scan",                                                                                                        
                           "Parent Relationship": "Outer",                                                                                                   
                           "Parallel Aware": false,                                                                                                          
                           "Scan Direction": "Forward",                                                                                                      
                           "Index Name": "keyword_idx_keyword",                                                                                              
                           "Relation Name": "keyword",                                                                                                       
                           "Alias": "k",                                                                                                                     
                           "Startup Cost": 0.01,                                                                                                             
                           "Total Cost": 49.06,                                                                                                              
                           "Plan Rows": 8,                                                                                                                   
                           "Plan Width": 20,                                                                                                                 
                           "Actual Startup Time": 28.485,                                                                                                    
                           "Actual Total Time": 270.870,                                                                                                     
                           "Actual Rows": 8,                                                                                                                 
                           "Actual Loops": 1,                                                                                                                
                           "Index Cond": "(keyword = ANY ('{superhero,sequel,second-part,marvel-comics,based-on-comic,tv-special,fight,violence}'::text[]))",
                           "Rows Removed by Index Recheck": 0,                                                                                               
                           "Shared Hit Blocks": 15,                                                                                                          
                           "Shared Read Blocks": 20,                                                                                                         
                           "Shared Dirtied Blocks": 0,                                                                                                       
                           "Shared Written Blocks": 0,                                                                                                       
                           "Local Hit Blocks": 0,                                                                                                            
                           "Local Read Blocks": 0,                                                                                                           
                           "Local Dirtied Blocks": 0,                                                                                                        
                           "Local Written Blocks": 0,                                                                                                        
                           "Temp Read Blocks": 0,                                                                                                            
                           "Temp Written Blocks": 0                                                                                                          
                         },                                                                                                                                  
                         {                                                                                                                                   
                           "Node Type": "Index Scan",                                                                                                        
                           "Parent Relationship": "Inner",                                                                                                   
                           "Parallel Aware": false,                                                                                                          
                           "Scan Direction": "Forward",                                                                                                      
                           "Index Name": "keyword_id_movie_keyword",                                                                                         
                           "Relation Name": "movie_keyword",                                                                                                 
                           "Alias": "mk",                                                                                                                    
                           "Startup Cost": 0.01,                                                                                                             
                           "Total Cost": 122.02,                                                                                                             
                           "Plan Rows": 39,                                                                                                                  
                           "Plan Width": 8,                                                                                                                  
                           "Actual Startup Time": 46.966,                                                                                                    
                           "Actual Total Time": 1757.484,                                                                                                    
                           "Actual Rows": 4444,                                                                                                              
                           "Actual Loops": 8,                                                                                                                
                           "Index Cond": "(keyword_id = k.id)",                                                                                              
                           "Rows Removed by Index Recheck": 0,                                                                                               
                           "Shared Hit Blocks": 8719,                                                                                                        
                           "Shared Read Blocks": 14891,                                                                                                      
                           "Shared Dirtied Blocks": 0,                                                                                                       
                           "Shared Written Blocks": 0,                                                                                                       
                           "Local Hit Blocks": 0,                                                                                                            
                           "Local Read Blocks": 0,                                                                                                           
                           "Local Dirtied Blocks": 0,                                                                                                        
                           "Local Written Blocks": 0,                                                                                                        
                           "Temp Read Blocks": 0,                                                                                                            
                           "Temp Written Blocks": 0                                                                                                          
                         }                                                                                                                                   
                       ]                                                                                                                                     
                     },                                                                                                                                      
                     {                                                                                                                                       
                       "Node Type": "Index Scan",                                                                                                            
                       "Parent Relationship": "Inner",                                                                                                       
                       "Parallel Aware": false,                                                                                                              
                       "Scan Direction": "Forward",                                                                                                          
                       "Index Name": "title_idx_id",                                                                                                         
                       "Relation Name": "title",                                                                                                             
                       "Alias": "t",                                                                                                                         
                       "Startup Cost": 0.01,                                                                                                                 
                       "Total Cost": 0.04,                                                                                                                   
                       "Plan Rows": 1,                                                                                                                       
                       "Plan Width": 21,                                                                                                                     
                       "Actual Startup Time": 1.113,                                                                                                         
                       "Actual Total Time": 1.113,                                                                                                           
                       "Actual Rows": 0,                                                                                                                     
                       "Actual Loops": 35548,                                                                                                                
                       "Index Cond": "(id = mk.movie_id)",                                                                                                   
                       "Rows Removed by Index Recheck": 0,                                                                                                   
                       "Filter": "(production_year > 2014)",                                                                                                 
                       "Rows Removed by Filter": 1,                                                                                                          
                       "Shared Hit Blocks": 124816,                                                                                                          
                       "Shared Read Blocks": 17551,                                                                                                          
                       "Shared Dirtied Blocks": 0,                                                                                                           
                       "Shared Written Blocks": 0,                                                                                                           
                       "Local Hit Blocks": 0,                                                                                                                
                       "Local Read Blocks": 0,                                                                                                               
                       "Local Dirtied Blocks": 0,                                                                                                            
                       "Local Written Blocks": 0,                                                                                                            
                       "Temp Read Blocks": 0,                                                                                                                
                       "Temp Written Blocks": 0                                                                                                              
                     }                                                                                                                                       
                   ]                                                                                                                                         
                 },                                                                                                                                          
                 {                                                                                                                                           
                   "Node Type": "Index Scan",                                                                                                                
                   "Parent Relationship": "Inner",                                                                                                           
                   "Parallel Aware": false,                                                                                                                  
                   "Scan Direction": "Forward",                                                                                                              
                   "Index Name": "movie_id_cast_info",                                                                                                       
                   "Relation Name": "cast_info",                                                                                                             
                   "Alias": "ci",                                                                                                                            
                   "Startup Cost": 0.02,                                                                                                                     
                   "Total Cost": 0.26,                                                                                                                       
                   "Plan Rows": 23,                                                                                                                          
                   "Plan Width": 8,                                                                                                                          
                   "Actual Startup Time": 23.133,                                                                                                            
                   "Actual Total Time": 56.578,                                                                                                              
                   "Actual Rows": 11,                                                                                                                        
                   "Actual Loops": 36,                                                                                                                       
                   "Index Cond": "(movie_id = mk.movie_id)",                                                                                                 
                   "Rows Removed by Index Recheck": 0,                                                                                                       
                   "Shared Hit Blocks": 255,                                                                                                                 
                   "Shared Read Blocks": 230,                                                                                                                
                   "Shared Dirtied Blocks": 0,                                                                                                               
                   "Shared Written Blocks": 0,                                                                                                               
                   "Local Hit Blocks": 0,                                                                                                                    
                   "Local Read Blocks": 0,                                                                                                                   
                   "Local Dirtied Blocks": 0,                                                                                                                
                   "Local Written Blocks": 0,                                                                                                                
                   "Temp Read Blocks": 0,                                                                                                                    
                   "Temp Written Blocks": 0                                                                                                                  
                 }                                                                                                                                           
               ]                                                                                                                                             
             },                                                                                                                                              
             {                                                                                                                                               
               "Node Type": "Index Scan",                                                                                                                    
               "Parent Relationship": "Inner",                                                                                                               
               "Parallel Aware": false,                                                                                                                      
               "Scan Direction": "Forward",                                                                                                                  
               "Index Name": "name_pkey",                                                                                                                    
               "Relation Name": "name",                                                                                                                      
               "Alias": "n",                                                                                                                                 
               "Startup Cost": 0.01,                                                                                                                         
               "Total Cost": 0.02,                                                                                                                           
               "Plan Rows": 1,                                                                                                                               
               "Plan Width": 19,                                                                                                                             
               "Actual Startup Time": 6.177,                                                                                                                 
               "Actual Total Time": 6.177,                                                                                                                   
               "Actual Rows": 0,                                                                                                                             
               "Actual Loops": 383,                                                                                                                          
               "Index Cond": "(id = ci.person_id)",                                                                                                          
               "Rows Removed by Index Recheck": 0,                                                                                                           
               "Filter": "(name ~~ '%Downey%Robert%'::text)",                                                                                                
               "Rows Removed by Filter": 1,                                                                                                                  
               "Shared Hit Blocks": 1167,                                                                                                                    
               "Shared Read Blocks": 367,                                                                                                                    
               "Shared Dirtied Blocks": 0,                                                                                                                   
               "Shared Written Blocks": 0,                                                                                                                   
               "Local Hit Blocks": 0,                                                                                                                        
               "Local Read Blocks": 0,                                                                                                                       
               "Local Dirtied Blocks": 0,                                                                                                                    
               "Local Written Blocks": 0,                                                                                                                    
               "Temp Read Blocks": 0,                                                                                                                        
               "Temp Written Blocks": 0                                                                                                                      
             }                                                                                                                                               
           ]                                                                                                                                                 
         }                                                                                                                                                   
       ]                                                                                                                                                     
     },                                                                                                                                                      
     "Planning Time": 1528.289,                                                                                                                              
     "Triggers": [                                                                                                                                           
     ],                                                                                                                                                      
     "Execution Time": 58414.141                                                                                                                             
   }                                                                                                                                                         
 ]
