 [                                                                                                          
   {                                                                                                        
     "Plan": {                                                                                              
       "Node Type": "Aggregate",                                                                            
       "Strategy": "Plain",                                                                                 
       "Partial Mode": "Simple",                                                                            
       "Parallel Aware": false,                                                                             
       "Startup Cost": 15119.67,                                                                            
       "Total Cost": 15119.67,                                                                              
       "Plan Rows": 1,                                                                                      
       "Plan Width": 64,                                                                                    
       "Actual Startup Time": 1032831.641,                                                                  
       "Actual Total Time": 1032831.641,                                                                    
       "Actual Rows": 1,                                                                                    
       "Actual Loops": 1,                                                                                   
       "Shared Hit Blocks": 1976873,                                                                        
       "Shared Read Blocks": 230476,                                                                        
       "Shared Dirtied Blocks": 0,                                                                          
       "Shared Written Blocks": 0,                                                                          
       "Local Hit Blocks": 0,                                                                               
       "Local Read Blocks": 0,                                                                              
       "Local Dirtied Blocks": 0,                                                                           
       "Local Written Blocks": 0,                                                                           
       "Temp Read Blocks": 0,                                                                               
       "Temp Written Blocks": 0,                                                                            
       "Plans": [                                                                                           
         {                                                                                                  
           "Node Type": "Nested Loop",                                                                      
           "Parent Relationship": "Outer",                                                                  
           "Parallel Aware": false,                                                                         
           "Join Type": "Inner",                                                                            
           "Startup Cost": 0.07,                                                                            
           "Total Cost": 15119.67,                                                                          
           "Plan Rows": 1,                                                                                  
           "Plan Width": 33,                                                                                
           "Actual Startup Time": 160949.660,                                                               
           "Actual Total Time": 1032831.317,                                                                
           "Actual Rows": 62,                                                                               
           "Actual Loops": 1,                                                                               
           "Inner Unique": true,                                                                            
           "Shared Hit Blocks": 1976873,                                                                    
           "Shared Read Blocks": 230476,                                                                    
           "Shared Dirtied Blocks": 0,                                                                      
           "Shared Written Blocks": 0,                                                                      
           "Local Hit Blocks": 0,                                                                           
           "Local Read Blocks": 0,                                                                          
           "Local Dirtied Blocks": 0,                                                                       
           "Local Written Blocks": 0,                                                                       
           "Temp Read Blocks": 0,                                                                           
           "Temp Written Blocks": 0,                                                                        
           "Plans": [                                                                                       
             {                                                                                              
               "Node Type": "Nested Loop",                                                                  
               "Parent Relationship": "Outer",                                                              
               "Parallel Aware": false,                                                                     
               "Join Type": "Inner",                                                                        
               "Startup Cost": 0.06,                                                                        
               "Total Cost": 15119.16,                                                                      
               "Plan Rows": 2,                                                                              
               "Plan Width": 41,                                                                            
               "Actual Startup Time": 349.448,                                                              
               "Actual Total Time": 1026035.714,                                                            
               "Actual Rows": 17379,                                                                        
               "Actual Loops": 1,                                                                           
               "Inner Unique": false,                                                                       
               "Shared Hit Blocks": 1908162,                                                                
               "Shared Read Blocks": 229536,                                                                
               "Shared Dirtied Blocks": 0,                                                                  
               "Shared Written Blocks": 0,                                                                  
               "Local Hit Blocks": 0,                                                                       
               "Local Read Blocks": 0,                                                                      
               "Local Dirtied Blocks": 0,                                                                   
               "Local Written Blocks": 0,                                                                   
               "Temp Read Blocks": 0,                                                                       
               "Temp Written Blocks": 0,                                                                    
               "Plans": [                                                                                   
                 {                                                                                          
                   "Node Type": "Nested Loop",                                                              
                   "Parent Relationship": "Outer",                                                          
                   "Parallel Aware": false,                                                                 
                   "Join Type": "Inner",                                                                    
                   "Startup Cost": 0.04,                                                                    
                   "Total Cost": 15117.76,                                                                  
                   "Plan Rows": 3,                                                                          
                   "Plan Width": 21,                                                                        
                   "Actual Startup Time": 299.276,                                                          
                   "Actual Total Time": 1016190.325,                                                        
                   "Actual Rows": 7438,                                                                     
                   "Actual Loops": 1,                                                                       
                   "Inner Unique": true,                                                                    
                   "Join Filter": "(ci.role_id = rt.id)",                                                   
                   "Rows Removed by Join Filter": 12162,                                                    
                   "Shared Hit Blocks": 1880163,                                                            
                   "Shared Read Blocks": 228483,                                                            
                   "Shared Dirtied Blocks": 0,                                                              
                   "Shared Written Blocks": 0,                                                              
                   "Local Hit Blocks": 0,                                                                   
                   "Local Read Blocks": 0,                                                                  
                   "Local Dirtied Blocks": 0,                                                               
                   "Local Written Blocks": 0,                                                               
                   "Temp Read Blocks": 0,                                                                   
                   "Temp Written Blocks": 0,                                                                
                   "Plans": [                                                                               
                     {                                                                                      
                       "Node Type": "Nested Loop",                                                          
                       "Parent Relationship": "Outer",                                                      
                       "Parallel Aware": false,                                                             
                       "Join Type": "Inner",                                                                
                       "Startup Cost": 0.04,                                                                
                       "Total Cost": 15117.72,                                                              
                       "Plan Rows": 31,                                                                     
                       "Plan Width": 25,                                                                    
                       "Actual Startup Time": 277.190,                                                      
                       "Actual Total Time": 1016132.628,                                                    
                       "Actual Rows": 19600,                                                                
                       "Actual Loops": 1,                                                                   
                       "Inner Unique": false,                                                               
                       "Shared Hit Blocks": 1880163,                                                        
                       "Shared Read Blocks": 228482,                                                        
                       "Shared Dirtied Blocks": 0,                                                          
                       "Shared Written Blocks": 0,                                                          
                       "Local Hit Blocks": 0,                                                               
                       "Local Read Blocks": 0,                                                              
                       "Local Dirtied Blocks": 0,                                                           
                       "Local Written Blocks": 0,                                                           
                       "Temp Read Blocks": 0,                                                               
                       "Temp Written Blocks": 0,                                                            
                       "Plans": [                                                                           
                         {                                                                                  
                           "Node Type": "Nested Loop",                                                      
                           "Parent Relationship": "Outer",                                                  
                           "Parallel Aware": false,                                                         
                           "Join Type": "Inner",                                                            
                           "Startup Cost": 0.03,                                                            
                           "Total Cost": 14911.72,                                                          
                           "Plan Rows": 458,                                                                
                           "Plan Width": 25,                                                                
                           "Actual Startup Time": 110.205,                                                  
                           "Actual Total Time": 96385.295,                                                  
                           "Actual Rows": 48328,                                                            
                           "Actual Loops": 1,                                                               
                           "Inner Unique": true,                                                            
                           "Shared Hit Blocks": 363275,                                                     
                           "Shared Read Blocks": 44557,                                                     
                           "Shared Dirtied Blocks": 0,                                                      
                           "Shared Written Blocks": 0,                                                      
                           "Local Hit Blocks": 0,                                                           
                           "Local Read Blocks": 0,                                                          
                           "Local Dirtied Blocks": 0,                                                       
                           "Local Written Blocks": 0,                                                       
                           "Temp Read Blocks": 0,                                                           
                           "Temp Written Blocks": 0,                                                        
                           "Plans": [                                                                       
                             {                                                                              
                               "Node Type": "Nested Loop",                                                  
                               "Parent Relationship": "Outer",                                              
                               "Parallel Aware": false,                                                     
                               "Join Type": "Inner",                                                        
                               "Startup Cost": 0.01,                                                        
                               "Total Cost": 13147.50,                                                      
                               "Plan Rows": 458,                                                            
                               "Plan Width": 4,                                                             
                               "Actual Startup Time": 65.722,                                               
                               "Actual Total Time": 11932.549,                                              
                               "Actual Rows": 48328,                                                        
                               "Actual Loops": 1,                                                           
                               "Inner Unique": true,                                                        
                               "Shared Hit Blocks": 194509,                                                 
                               "Shared Read Blocks": 19895,                                                 
                               "Shared Dirtied Blocks": 0,                                                  
                               "Shared Written Blocks": 0,                                                  
                               "Local Hit Blocks": 0,                                                       
                               "Local Read Blocks": 0,                                                      
                               "Local Dirtied Blocks": 0,                                                   
                               "Local Written Blocks": 0,                                                   
                               "Temp Read Blocks": 0,                                                       
                               "Temp Written Blocks": 0,                                                    
                               "Plans": [                                                                   
                                 {                                                                          
                                   "Node Type": "Seq Scan",                                                 
                                   "Parent Relationship": "Outer",                                          
                                   "Parallel Aware": false,                                                 
                                   "Relation Name": "movie_companies",                                      
                                   "Alias": "mc",                                                           
                                   "Startup Cost": 0.00,                                                    
                                   "Total Cost": 1174.90,                                                   
                                   "Plan Rows": 15927,                                                      
                                   "Plan Width": 8,                                                         
                                   "Actual Startup Time": 27.440,                                           
                                   "Actual Total Time": 1693.243,                                           
                                   "Actual Rows": 48897,                                                    
                                   "Actual Loops": 1,                                                       
                                   "Filter": "((note ~~ '%(Japan)%'::text) AND (note !~~ '%(USA)%'::text))",
                                   "Rows Removed by Filter": 2560232,                                       
                                   "Shared Hit Blocks": 0,                                                  
                                   "Shared Read Blocks": 18789,                                             
                                   "Shared Dirtied Blocks": 0,                                              
                                   "Shared Written Blocks": 0,                                              
                                   "Local Hit Blocks": 0,                                                   
                                   "Local Read Blocks": 0,                                                  
                                   "Local Dirtied Blocks": 0,                                               
                                   "Local Written Blocks": 0,                                               
                                   "Temp Read Blocks": 0,                                                   
                                   "Temp Written Blocks": 0                                                 
                                 },                                                                         
                                 {                                                                          
                                   "Node Type": "Index Scan",                                               
                                   "Parent Relationship": "Inner",                                          
                                   "Parallel Aware": false,                                                 
                                   "Scan Direction": "Forward",                                             
                                   "Index Name": "company_name_pkey",                                       
                                   "Relation Name": "company_name",                                         
                                   "Alias": "cn",                                                           
                                   "Startup Cost": 0.01,                                                    
                                   "Total Cost": 0.75,                                                      
                                   "Plan Rows": 1,                                                          
                                   "Plan Width": 4,                                                         
                                   "Actual Startup Time": 0.206,                                            
                                   "Actual Total Time": 0.206,                                              
                                   "Actual Rows": 1,                                                        
                                   "Actual Loops": 48897,                                                   
                                   "Index Cond": "(id = mc.company_id)",                                    
                                   "Rows Removed by Index Recheck": 0,                                      
                                   "Filter": "((country_code)::text = '[jp]'::text)",                       
                                   "Rows Removed by Filter": 0,                                             
                                   "Shared Hit Blocks": 194509,                                             
                                   "Shared Read Blocks": 1106,                                              
                                   "Shared Dirtied Blocks": 0,                                              
                                   "Shared Written Blocks": 0,                                              
                                   "Local Hit Blocks": 0,                                                   
                                   "Local Read Blocks": 0,                                                  
                                   "Local Dirtied Blocks": 0,                                               
                                   "Local Written Blocks": 0,                                               
                                   "Temp Read Blocks": 0,                                                   
                                   "Temp Written Blocks": 0                                                 
                                 }                                                                          
                               ]                                                                            
                             },                                                                             
                             {                                                                              
                               "Node Type": "Index Scan",                                                   
                               "Parent Relationship": "Inner",                                              
                               "Parallel Aware": false,                                                     
                               "Scan Direction": "Forward",                                                 
                               "Index Name": "title_idx_id",                                                
                               "Relation Name": "title",                                                    
                               "Alias": "t",                                                                
                               "Startup Cost": 0.01,                                                        
                               "Total Cost": 3.85,                                                          
                               "Plan Rows": 1,                                                              
                               "Plan Width": 21,                                                            
                               "Actual Startup Time": 1.744,                                                
                               "Actual Total Time": 1.744,                                                  
                               "Actual Rows": 1,                                                            
                               "Actual Loops": 48328,                                                       
                               "Index Cond": "(id = mc.movie_id)",                                          
                               "Rows Removed by Index Recheck": 0,                                          
                               "Shared Hit Blocks": 168766,                                                 
                               "Shared Read Blocks": 24662,                                                 
                               "Shared Dirtied Blocks": 0,                                                  
                               "Shared Written Blocks": 0,                                                  
                               "Local Hit Blocks": 0,                                                       
                               "Local Read Blocks": 0,                                                      
                               "Local Dirtied Blocks": 0,                                                   
                               "Local Written Blocks": 0,                                                   
                               "Temp Read Blocks": 0,                                                       
                               "Temp Written Blocks": 0                                                     
                             }                                                                              
                           ]                                                                                
                         },                                                                                 
                         {                                                                                  
                           "Node Type": "Index Scan",                                                       
                           "Parent Relationship": "Inner",                                                  
                           "Parallel Aware": false,                                                         
                           "Scan Direction": "Forward",                                                     
                           "Index Name": "movie_id_cast_info",                                              
                           "Relation Name": "cast_info",                                                    
                           "Alias": "ci",                                                                   
                           "Startup Cost": 0.02,                                                            
                           "Total Cost": 0.45,                                                              
                           "Plan Rows": 1,                                                                  
                           "Plan Width": 12,                                                                
                           "Actual Startup Time": 18.511,                                                   
                           "Actual Total Time": 19.028,                                                     
                           "Actual Rows": 0,                                                                
                           "Actual Loops": 48328,                                                           
                           "Index Cond": "(movie_id = t.id)",                                               
                           "Rows Removed by Index Recheck": 0,                                              
                           "Filter": "(note = '(voice: English version)'::text)",                           
                           "Rows Removed by Filter": 32,                                                    
                           "Shared Hit Blocks": 1516888,                                                    
                           "Shared Read Blocks": 183925,                                                    
                           "Shared Dirtied Blocks": 0,                                                      
                           "Shared Written Blocks": 0,                                                      
                           "Local Hit Blocks": 0,                                                           
                           "Local Read Blocks": 0,                                                          
                           "Local Dirtied Blocks": 0,                                                       
                           "Local Written Blocks": 0,                                                       
                           "Temp Read Blocks": 0,                                                           
                           "Temp Written Blocks": 0                                                         
                         }                                                                                  
                       ]                                                                                    
                     },                                                                                     
                     {                                                                                      
                       "Node Type": "Materialize",                                                          
                       "Parent Relationship": "Inner",                                                      
                       "Parallel Aware": false,                                                             
                       "Startup Cost": 0.00,                                                                
                       "Total Cost": 0.03,                                                                  
                       "Plan Rows": 1,                                                                      
                       "Plan Width": 4,                                                                     
                       "Actual Startup Time": 0.001,                                                        
                       "Actual Total Time": 0.002,                                                          
                       "Actual Rows": 1,                                                                    
                       "Actual Loops": 19600,                                                               
                       "Shared Hit Blocks": 0,                                                              
                       "Shared Read Blocks": 1,                                                             
                       "Shared Dirtied Blocks": 0,                                                          
                       "Shared Written Blocks": 0,                                                          
                       "Local Hit Blocks": 0,                                                               
                       "Local Read Blocks": 0,                                                              
                       "Local Dirtied Blocks": 0,                                                           
                       "Local Written Blocks": 0,                                                           
                       "Temp Read Blocks": 0,                                                               
                       "Temp Written Blocks": 0,                                                            
                       "Plans": [                                                                           
                         {                                                                                  
                           "Node Type": "Seq Scan",                                                         
                           "Parent Relationship": "Outer",                                                  
                           "Parallel Aware": false,                                                         
                           "Relation Name": "role_type",                                                    
                           "Alias": "rt",                                                                   
                           "Startup Cost": 0.00,                                                            
                           "Total Cost": 0.03,                                                              
                           "Plan Rows": 1,                                                                  
                           "Plan Width": 4,                                                                 
                           "Actual Startup Time": 22.071,                                                   
                           "Actual Total Time": 22.080,                                                     
                           "Actual Rows": 1,                                                                
                           "Actual Loops": 1,                                                               
                           "Filter": "((role)::text = 'actress'::text)",                                    
                           "Rows Removed by Filter": 11,                                                    
                           "Shared Hit Blocks": 0,                                                          
                           "Shared Read Blocks": 1,                                                         
                           "Shared Dirtied Blocks": 0,                                                      
                           "Shared Written Blocks": 0,                                                      
                           "Local Hit Blocks": 0,                                                           
                           "Local Read Blocks": 0,                                                          
                           "Local Dirtied Blocks": 0,                                                       
                           "Local Written Blocks": 0,                                                       
                           "Temp Read Blocks": 0,                                                           
                           "Temp Written Blocks": 0                                                         
                         }                                                                                  
                       ]                                                                                    
                     }                                                                                      
                   ]                                                                                        
                 },                                                                                         
                 {                                                                                          
                   "Node Type": "Index Scan",                                                               
                   "Parent Relationship": "Inner",                                                          
                   "Parallel Aware": false,                                                                 
                   "Scan Direction": "Forward",                                                             
                   "Index Name": "person_id_aka_name",                                                      
                   "Relation Name": "aka_name",                                                             
                   "Alias": "an",                                                                          
                   "Startup Cost": 0.01,                                                                    
                   "Total Cost": 0.47,                                                                      
                   "Plan Rows": 2,                                                                          
                   "Plan Width": 20,                                                                        
                   "Actual Startup Time": 1.202,                                                            
                   "Actual Total Time": 1.320,                                                              
                   "Actual Rows": 2,                                                                        
                   "Actual Loops": 7438,                                                                    
                   "Index Cond": "(person_id = ci.person_id)",                                              
                   "Rows Removed by Index Recheck": 0,                                                      
                   "Shared Hit Blocks": 27999,                                                              
                   "Shared Read Blocks": 1053,                                                              
                   "Shared Dirtied Blocks": 0,                                                              
                   "Shared Written Blocks": 0,                                                              
                   "Local Hit Blocks": 0,                                                                   
                   "Local Read Blocks": 0,                                                                  
                   "Local Dirtied Blocks": 0,                                                               
                   "Local Written Blocks": 0,                                                               
                   "Temp Read Blocks": 0,                                                                   
                   "Temp Written Blocks": 0                                                                 
                 }                                                                                          
               ]                                                                                            
             },                                                                                             
             {                                                                                              
               "Node Type": "Index Scan",                                                                   
               "Parent Relationship": "Inner",                                                              
               "Parallel Aware": false,                                                                     
               "Scan Direction": "Forward",                                                                 
               "Index Name": "name_pkey",                                                                   
               "Relation Name": "name",                                                                     
               "Alias": "n",                                                                               
               "Startup Cost": 0.01,                                                                        
               "Total Cost": 0.25,                                                                          
               "Plan Rows": 1,                                                                              
               "Plan Width": 4,                                                                             
               "Actual Startup Time": 0.390,                                                                
               "Actual Total Time": 0.390,                                                                  
               "Actual Rows": 0,                                                                            
               "Actual Loops": 17379,                                                                       
               "Index Cond": "(id = an.person_id)",                                                        
               "Rows Removed by Index Recheck": 0,                                                          
               "Filter": "((name ~~ '%Yo%'::text) AND (name !~~ '%Yu%'::text))",                            
               "Rows Removed by Filter": 1,                                                                 
               "Shared Hit Blocks": 68711,                                                                  
               "Shared Read Blocks": 940,                                                                   
               "Shared Dirtied Blocks": 0,                                                                  
               "Shared Written Blocks": 0,                                                                  
               "Local Hit Blocks": 0,                                                                       
               "Local Read Blocks": 0,                                                                      
               "Local Dirtied Blocks": 0,                                                                   
               "Local Written Blocks": 0,                                                                   
               "Temp Read Blocks": 0,                                                                       
               "Temp Written Blocks": 0                                                                     
             }                                                                                              
           ]                                                                                                
         }                                                                                                  
       ]                                                                                                    
     },                                                                                                     
     "Planning Time": 2516.833,                                                                             
     "Triggers": [                                                                                          
     ],                                                                                                     
     "Execution Time": 1032884.371                                                                          
   }                                                                                                        
 ]
