 [                                                                                           
   {                                                                                         
     "Plan": {                                                                               
       "Node Type": "Aggregate",                                                             
       "Strategy": "Plain",                                                                  
       "Partial Mode": "Simple",                                                             
       "Parallel Aware": false,                                                              
       "Startup Cost": 262856.79,                                                            
       "Total Cost": 262856.79,                                                              
       "Plan Rows": 1,                                                                       
       "Plan Width": 64,                                                                     
       "Actual Startup Time": 398901.026,                                                    
       "Actual Total Time": 398901.026,                                                      
       "Actual Rows": 1,                                                                     
       "Actual Loops": 1,                                                                    
       "Shared Hit Blocks": 7423921,                                                         
       "Shared Read Blocks": 320864,                                                         
       "Shared Dirtied Blocks": 0,                                                           
       "Shared Written Blocks": 0,                                                           
       "Local Hit Blocks": 0,                                                                
       "Local Read Blocks": 0,                                                               
       "Local Dirtied Blocks": 0,                                                            
       "Local Written Blocks": 0,                                                            
       "Temp Read Blocks": 0,                                                                
       "Temp Written Blocks": 0,                                                             
       "Plans": [                                                                            
         {                                                                                   
           "Node Type": "Nested Loop",                                                       
           "Parent Relationship": "Outer",                                                   
           "Parallel Aware": false,                                                          
           "Join Type": "Inner",                                                             
           "Startup Cost": 0.07,                                                             
           "Total Cost": 262574.04,                                                          
           "Plan Rows": 1820954,                                                             
           "Plan Width": 33,                                                                 
           "Actual Startup Time": 14309.350,                                                 
           "Actual Total Time": 398528.850,                                                  
           "Actual Rows": 323005,                                                            
           "Actual Loops": 1,                                                                
           "Inner Unique": true,                                                             
           "Shared Hit Blocks": 7423921,                                                     
           "Shared Read Blocks": 320864,                                                     
           "Shared Dirtied Blocks": 0,                                                       
           "Shared Written Blocks": 0,                                                       
           "Local Hit Blocks": 0,                                                            
           "Local Read Blocks": 0,                                                           
           "Local Dirtied Blocks": 0,                                                        
           "Local Written Blocks": 0,                                                        
           "Temp Read Blocks": 0,                                                            
           "Temp Written Blocks": 0,                                                         
           "Plans": [                                                                        
             {                                                                               
               "Node Type": "Nested Loop",                                                   
               "Parent Relationship": "Outer",                                               
               "Parallel Aware": false,                                                      
               "Join Type": "Inner",                                                         
               "Startup Cost": 0.05,                                                         
               "Total Cost": 231317.32,                                                      
               "Plan Rows": 1820954,                                                         
               "Plan Width": 24,                                                             
               "Actual Startup Time": 14256.283,                                             
               "Actual Total Time": 212515.235,                                              
               "Actual Rows": 323005,                                                        
               "Actual Loops": 1,                                                            
               "Inner Unique": true,                                                         
               "Join Filter": "(an.person_id = n.id)",                                     
               "Rows Removed by Join Filter": 0,                                             
               "Shared Hit Blocks": 6161307,                                                 
               "Shared Read Blocks": 290659,                                                 
               "Shared Dirtied Blocks": 0,                                                   
               "Shared Written Blocks": 0,                                                   
               "Local Hit Blocks": 0,                                                        
               "Local Read Blocks": 0,                                                       
               "Local Dirtied Blocks": 0,                                                    
               "Local Written Blocks": 0,                                                    
               "Temp Read Blocks": 0,                                                        
               "Temp Written Blocks": 0,                                                     
               "Plans": [                                                                    
                 {                                                                           
                   "Node Type": "Nested Loop",                                               
                   "Parent Relationship": "Outer",                                           
                   "Parallel Aware": false,                                                  
                   "Join Type": "Inner",                                                     
                   "Startup Cost": 0.04,                                                     
                   "Total Cost": 195518.10,                                                  
                   "Plan Rows": 1820954,                                                     
                   "Plan Width": 32,                                                         
                   "Actual Startup Time": 14237.893,                                         
                   "Actual Total Time": 196747.684,                                          
                   "Actual Rows": 323005,                                                    
                   "Actual Loops": 1,                                                        
                   "Inner Unique": true,                                                     
                   "Shared Hit Blocks": 4872081,                                             
                   "Shared Read Blocks": 286892,                                             
                   "Shared Dirtied Blocks": 0,                                               
                   "Shared Written Blocks": 0,                                               
                   "Local Hit Blocks": 0,                                                    
                   "Local Read Blocks": 0,                                                   
                   "Local Dirtied Blocks": 0,                                                
                   "Local Written Blocks": 0,                                                
                   "Temp Read Blocks": 0,                                                    
                   "Temp Written Blocks": 0,                                                 
                   "Plans": [                                                                
                     {                                                                       
                       "Node Type": "Nested Loop",                                           
                       "Parent Relationship": "Outer",                                       
                       "Parallel Aware": false,                                              
                       "Join Type": "Inner",                                                 
                       "Startup Cost": 0.03,                                                 
                       "Total Cost": 105667.66,                                              
                       "Plan Rows": 5043654,                                                 
                       "Plan Width": 36,                                                     
                       "Actual Startup Time": 14180.263,                                     
                       "Actual Total Time": 171829.893,                                      
                       "Actual Rows": 752819,                                                
                       "Actual Loops": 1,                                                    
                       "Inner Unique": false,                                                
                       "Shared Hit Blocks": 1859477,                                         
                       "Shared Read Blocks": 283050,                                         
                       "Shared Dirtied Blocks": 0,                                           
                       "Shared Written Blocks": 0,                                           
                       "Local Hit Blocks": 0,                                                
                       "Local Read Blocks": 0,                                               
                       "Local Dirtied Blocks": 0,                                            
                       "Local Written Blocks": 0,                                            
                       "Temp Read Blocks": 0,                                                
                       "Temp Written Blocks": 0,                                             
                       "Plans": [                                                            
                         {                                                                   
                           "Node Type": "Nested Loop",                                       
                           "Parent Relationship": "Outer",                                   
                           "Parallel Aware": false,                                          
                           "Join Type": "Inner",                                             
                           "Startup Cost": 0.01,                                             
                           "Total Cost": 63507.95,                                           
                           "Plan Rows": 2625959,                                             
                           "Plan Width": 28,                                                 
                           "Actual Startup Time": 14132.954,                                 
                           "Actual Total Time": 25185.229,                                   
                           "Actual Rows": 218966,                                            
                           "Actual Loops": 1,                                                
                           "Inner Unique": false,                                            
                           "Shared Hit Blocks": 948512,                                      
                           "Shared Read Blocks": 260051,                                     
                           "Shared Dirtied Blocks": 0,                                       
                           "Shared Written Blocks": 0,                                       
                           "Local Hit Blocks": 0,                                            
                           "Local Read Blocks": 0,                                           
                           "Local Dirtied Blocks": 0,                                        
                           "Local Written Blocks": 0,                                        
                           "Temp Read Blocks": 0,                                            
                           "Temp Written Blocks": 0,                                         
                           "Plans": [                                                        
                             {                                                               
                               "Node Type": "Nested Loop",                                   
                               "Parent Relationship": "Outer",                               
                               "Parallel Aware": false,                                      
                               "Join Type": "Inner",                                         
                               "Startup Cost": 0.00,                                         
                               "Total Cost": 18565.03,                                       
                               "Plan Rows": 3020362,                                         
                               "Plan Width": 8,                                              
                               "Actual Startup Time": 14080.479,                             
                               "Actual Total Time": 18184.409,                               
                               "Actual Rows": 276403,                                        
                               "Actual Loops": 1,                                            
                               "Inner Unique": true,                                         
                               "Join Filter": "(ci.role_id = rt.id)",                        
                               "Rows Removed by Join Filter": 35967941,                      
                               "Shared Hit Blocks": 0,                                       
                               "Shared Read Blocks": 252655,                                 
                               "Shared Dirtied Blocks": 0,                                   
                               "Shared Written Blocks": 0,                                   
                               "Local Hit Blocks": 0,                                        
                               "Local Read Blocks": 0,                                       
                               "Local Dirtied Blocks": 0,                                    
                               "Local Written Blocks": 0,                                    
                               "Temp Read Blocks": 0,                                        
                               "Temp Written Blocks": 0,                                     
                               "Plans": [                                                    
                                 {                                                           
                                   "Node Type": "Seq Scan",                                  
                                   "Parent Relationship": "Outer",                           
                                   "Parallel Aware": false,                                  
                                   "Relation Name": "cast_info",                             
                                   "Alias": "ci",                                            
                                   "Startup Cost": 0.00,                                     
                                   "Total Cost": 10431.00,                                   
                                   "Plan Rows": 36244344,                                    
                                   "Plan Width": 12,                                         
                                   "Actual Startup Time": 26.796,                            
                                   "Actual Total Time": 4261.344,                            
                                   "Actual Rows": 36244344,                                  
                                   "Actual Loops": 1,                                        
                                   "Shared Hit Blocks": 0,                                   
                                   "Shared Read Blocks": 252654,                             
                                   "Shared Dirtied Blocks": 0,                               
                                   "Shared Written Blocks": 0,                               
                                   "Local Hit Blocks": 0,                                    
                                   "Local Read Blocks": 0,                                   
                                   "Local Dirtied Blocks": 0,                                
                                   "Local Written Blocks": 0,                                
                                   "Temp Read Blocks": 0,                                    
                                   "Temp Written Blocks": 0                                  
                                 },                                                          
                                 {                                                           
                                   "Node Type": "Materialize",                               
                                   "Parent Relationship": "Inner",                           
                                   "Parallel Aware": false,                                  
                                   "Startup Cost": 0.00,                                     
                                   "Total Cost": 0.03,                                       
                                   "Plan Rows": 1,                                           
                                   "Plan Width": 4,                                          
                                   "Actual Startup Time": 0.000,                             
                                   "Actual Total Time": 0.000,                               
                                   "Actual Rows": 1,                                         
                                   "Actual Loops": 36244344,                                 
                                   "Shared Hit Blocks": 0,                                   
                                   "Shared Read Blocks": 1,                                  
                                   "Shared Dirtied Blocks": 0,                               
                                   "Shared Written Blocks": 0,                               
                                   "Local Hit Blocks": 0,                                    
                                   "Local Read Blocks": 0,                                   
                                   "Local Dirtied Blocks": 0,                                
                                   "Local Written Blocks": 0,                                
                                   "Temp Read Blocks": 0,                                    
                                   "Temp Written Blocks": 0,                                 
                                   "Plans": [                                                
                                     {                                                       
                                       "Node Type": "Seq Scan",                              
                                       "Parent Relationship": "Outer",                       
                                       "Parallel Aware": false,                              
                                       "Relation Name": "role_type",                         
                                       "Alias": "rt",                                        
                                       "Startup Cost": 0.00,                                 
                                       "Total Cost": 0.03,                                   
                                       "Plan Rows": 1,                                       
                                       "Plan Width": 4,                                      
                                       "Actual Startup Time": 0.139,                         
                                       "Actual Total Time": 0.142,                           
                                       "Actual Rows": 1,                                     
                                       "Actual Loops": 1,                                    
                                       "Filter": "((role)::text = 'costume designer'::text)",
                                       "Rows Removed by Filter": 11,                         
                                       "Shared Hit Blocks": 0,                               
                                       "Shared Read Blocks": 1,                              
                                       "Shared Dirtied Blocks": 0,                           
                                       "Shared Written Blocks": 0,                           
                                       "Local Hit Blocks": 0,                                
                                       "Local Read Blocks": 0,                               
                                       "Local Dirtied Blocks": 0,                            
                                       "Local Written Blocks": 0,                            
                                       "Temp Read Blocks": 0,                                
                                       "Temp Written Blocks": 0                              
                                     }                                                       
                                   ]                                                         
                                 }                                                           
                               ]                                                             
                             },                                                              
                             {                                                               
                               "Node Type": "Index Scan",                                    
                               "Parent Relationship": "Inner",                               
                               "Parallel Aware": false,                                      
                               "Scan Direction": "Forward",                                  
                               "Index Name": "person_id_aka_name",                           
                               "Relation Name": "aka_name",                                  
                               "Alias": "an",                                               
                               "Startup Cost": 0.01,                                         
                               "Total Cost": 0.01,                                           
                               "Plan Rows": 2,                                               
                               "Plan Width": 20,                                             
                               "Actual Startup Time": 0.019,                                 
                               "Actual Total Time": 0.024,                                   
                               "Actual Rows": 1,                                             
                               "Actual Loops": 276403,                                       
                               "Index Cond": "(person_id = ci.person_id)",                   
                               "Rows Removed by Index Recheck": 0,                           
                               "Shared Hit Blocks": 948512,                                  
                               "Shared Read Blocks": 7396,                                   
                               "Shared Dirtied Blocks": 0,                                   
                               "Shared Written Blocks": 0,                                   
                               "Local Hit Blocks": 0,                                        
                               "Local Read Blocks": 0,                                       
                               "Local Dirtied Blocks": 0,                                    
                               "Local Written Blocks": 0,                                    
                               "Temp Read Blocks": 0,                                        
                               "Temp Written Blocks": 0                                      
                             }                                                               
                           ]                                                                 
                         },                                                                  
                         {                                                                   
                           "Node Type": "Index Scan",                                        
                           "Parent Relationship": "Inner",                                   
                           "Parallel Aware": false,                                          
                           "Scan Direction": "Forward",                                      
                           "Index Name": "movie_id_movie_companies",                         
                           "Relation Name": "movie_companies",                               
                           "Alias": "mc",                                                    
                           "Startup Cost": 0.01,                                             
                           "Total Cost": 0.02,                                               
                           "Plan Rows": 2,                                                   
                           "Plan Width": 8,                                                  
                           "Actual Startup Time": 0.545,                                     
                           "Actual Total Time": 0.666,                                       
                           "Actual Rows": 3,                                                 
                           "Actual Loops": 218966,                                           
                           "Index Cond": "(movie_id = ci.movie_id)",                         
                           "Rows Removed by Index Recheck": 0,                               
                           "Shared Hit Blocks": 910965,                                      
                           "Shared Read Blocks": 22999,                                      
                           "Shared Dirtied Blocks": 0,                                       
                           "Shared Written Blocks": 0,                                       
                           "Local Hit Blocks": 0,                                            
                           "Local Read Blocks": 0,                                           
                           "Local Dirtied Blocks": 0,                                        
                           "Local Written Blocks": 0,                                        
                           "Temp Read Blocks": 0,                                            
                           "Temp Written Blocks": 0                                          
                         }                                                                   
                       ]                                                                     
                     },                                                                      
                     {                                                                       
                       "Node Type": "Index Scan",                                            
                       "Parent Relationship": "Inner",                                       
                       "Parallel Aware": false,                                              
                       "Scan Direction": "Forward",                                          
                       "Index Name": "company_name_pkey",                                    
                       "Relation Name": "company_name",                                      
                       "Alias": "cn",                                                        
                       "Startup Cost": 0.01,                                                 
                       "Total Cost": 0.02,                                                   
                       "Plan Rows": 1,                                                       
                       "Plan Width": 4,                                                      
                       "Actual Startup Time": 0.032,                                         
                       "Actual Total Time": 0.032,                                           
                       "Actual Rows": 0,                                                     
                       "Actual Loops": 752819,                                               
                       "Index Cond": "(id = mc.company_id)",                                 
                       "Rows Removed by Index Recheck": 0,                                   
                       "Filter": "((country_code)::text = '[us]'::text)",                    
                       "Rows Removed by Filter": 1,                                          
                       "Shared Hit Blocks": 3012604,                                         
                       "Shared Read Blocks": 3842,                                           
                       "Shared Dirtied Blocks": 0,                                           
                       "Shared Written Blocks": 0,                                           
                       "Local Hit Blocks": 0,                                                
                       "Local Read Blocks": 0,                                               
                       "Local Dirtied Blocks": 0,                                            
                       "Local Written Blocks": 0,                                            
                       "Temp Read Blocks": 0,                                                
                       "Temp Written Blocks": 0                                              
                     }                                                                       
                   ]                                                                         
                 },                                                                          
                 {                                                                           
                   "Node Type": "Index Scan",                                                
                   "Parent Relationship": "Inner",                                           
                   "Parallel Aware": false,                                                  
                   "Scan Direction": "Forward",                                              
                   "Index Name": "name_pkey",                                                
                   "Relation Name": "name",                                                  
                   "Alias": "n",                                                            
                   "Startup Cost": 0.01,                                                     
                   "Total Cost": 0.02,                                                       
                   "Plan Rows": 1,                                                           
                   "Plan Width": 4,                                                          
                   "Actual Startup Time": 0.047,                                             
                   "Actual Total Time": 0.047,                                               
                   "Actual Rows": 1,                                                         
                   "Actual Loops": 323005,                                                   
                   "Index Cond": "(id = ci.person_id)",                                      
                   "Rows Removed by Index Recheck": 0,                                       
                   "Shared Hit Blocks": 1289226,                                             
                   "Shared Read Blocks": 3767,                                               
                   "Shared Dirtied Blocks": 0,                                               
                   "Shared Written Blocks": 0,                                               
                   "Local Hit Blocks": 0,                                                    
                   "Local Read Blocks": 0,                                                   
                   "Local Dirtied Blocks": 0,                                                
                   "Local Written Blocks": 0,                                                
                   "Temp Read Blocks": 0,                                                    
                   "Temp Written Blocks": 0                                                  
                 }                                                                           
               ]                                                                             
             },                                                                              
             {                                                                               
               "Node Type": "Index Scan",                                                    
               "Parent Relationship": "Inner",                                               
               "Parallel Aware": false,                                                      
               "Scan Direction": "Forward",                                                  
               "Index Name": "title_idx_id",                                                 
               "Relation Name": "title",                                                     
               "Alias": "t",                                                                 
               "Startup Cost": 0.01,                                                         
               "Total Cost": 0.02,                                                           
               "Plan Rows": 1,                                                               
               "Plan Width": 21,                                                             
               "Actual Startup Time": 0.574,                                                 
               "Actual Total Time": 0.574,                                                   
               "Actual Rows": 1,                                                             
               "Actual Loops": 323005,                                                       
               "Index Cond": "(id = ci.movie_id)",                                           
               "Rows Removed by Index Recheck": 0,                                           
               "Shared Hit Blocks": 1262614,                                                 
               "Shared Read Blocks": 30205,                                                  
               "Shared Dirtied Blocks": 0,                                                   
               "Shared Written Blocks": 0,                                                   
               "Local Hit Blocks": 0,                                                        
               "Local Read Blocks": 0,                                                       
               "Local Dirtied Blocks": 0,                                                    
               "Local Written Blocks": 0,                                                    
               "Temp Read Blocks": 0,                                                        
               "Temp Written Blocks": 0                                                      
             }                                                                               
           ]                                                                                 
         }                                                                                   
       ]                                                                                     
     },                                                                                      
     "Planning Time": 2754.201,                                                              
     "Triggers": [                                                                           
     ],                                                                                      
     "Execution Time": 398917.410                                                            
   }                                                                                         
 ]
