 [                                                                                                                                                                        
   {                                                                                                                                                                      
     "Plan": {                                                                                                                                                            
       "Node Type": "Aggregate",                                                                                                                                          
       "Strategy": "Plain",                                                                                                                                               
       "Partial Mode": "Simple",                                                                                                                                          
       "Parallel Aware": false,                                                                                                                                           
       "Startup Cost": 26202.15,                                                                                                                                          
       "Total Cost": 26202.15,                                                                                                                                            
       "Plan Rows": 1,                                                                                                                                                    
       "Plan Width": 96,                                                                                                                                                  
       "Actual Startup Time": 171170.216,                                                                                                                                 
       "Actual Total Time": 171170.216,                                                                                                                                   
       "Actual Rows": 1,                                                                                                                                                  
       "Actual Loops": 1,                                                                                                                                                 
       "Shared Hit Blocks": 1659314,                                                                                                                                      
       "Shared Read Blocks": 285202,                                                                                                                                      
       "Shared Dirtied Blocks": 0,                                                                                                                                        
       "Shared Written Blocks": 0,                                                                                                                                        
       "Local Hit Blocks": 0,                                                                                                                                             
       "Local Read Blocks": 0,                                                                                                                                            
       "Local Dirtied Blocks": 0,                                                                                                                                         
       "Local Written Blocks": 0,                                                                                                                                         
       "Temp Read Blocks": 0,                                                                                                                                             
       "Temp Written Blocks": 0,                                                                                                                                          
       "Plans": [                                                                                                                                                         
         {                                                                                                                                                                
           "Node Type": "Nested Loop",                                                                                                                                    
           "Parent Relationship": "Outer",                                                                                                                                
           "Parallel Aware": false,                                                                                                                                       
           "Join Type": "Inner",                                                                                                                                          
           "Startup Cost": 0.08,                                                                                                                                          
           "Total Cost": 26202.15,                                                                                                                                        
           "Plan Rows": 1,                                                                                                                                                
           "Plan Width": 49,                                                                                                                                              
           "Actual Startup Time": 35523.846,                                                                                                                              
           "Actual Total Time": 171169.742,                                                                                                                               
           "Actual Rows": 121,                                                                                                                                            
           "Actual Loops": 1,                                                                                                                                             
           "Inner Unique": true,                                                                                                                                          
           "Shared Hit Blocks": 1659314,                                                                                                                                  
           "Shared Read Blocks": 285202,                                                                                                                                  
           "Shared Dirtied Blocks": 0,                                                                                                                                    
           "Shared Written Blocks": 0,                                                                                                                                    
           "Local Hit Blocks": 0,                                                                                                                                         
           "Local Read Blocks": 0,                                                                                                                                        
           "Local Dirtied Blocks": 0,                                                                                                                                     
           "Local Written Blocks": 0,                                                                                                                                     
           "Temp Read Blocks": 0,                                                                                                                                         
           "Temp Written Blocks": 0,                                                                                                                                      
           "Plans": [                                                                                                                                                     
             {                                                                                                                                                            
               "Node Type": "Nested Loop",                                                                                                                                
               "Parent Relationship": "Outer",                                                                                                                            
               "Parallel Aware": false,                                                                                                                                   
               "Join Type": "Inner",                                                                                                                                      
               "Startup Cost": 0.07,                                                                                                                                      
               "Total Cost": 26201.78,                                                                                                                                    
               "Plan Rows": 2,                                                                                                                                            
               "Plan Width": 37,                                                                                                                                          
               "Actual Startup Time": 35500.158,                                                                                                                          
               "Actual Total Time": 170811.603,                                                                                                                           
               "Actual Rows": 127,                                                                                                                                        
               "Actual Loops": 1,                                                                                                                                         
               "Inner Unique": false,                                                                                                                                     
               "Join Filter": "(n.id = an.person_id)",                                                                                                                    
               "Rows Removed by Join Filter": 0,                                                                                                                          
               "Shared Hit Blocks": 1658890,                                                                                                                              
               "Shared Read Blocks": 285142,                                                                                                                              
               "Shared Dirtied Blocks": 0,                                                                                                                                
               "Shared Written Blocks": 0,                                                                                                                                
               "Local Hit Blocks": 0,                                                                                                                                     
               "Local Read Blocks": 0,                                                                                                                                    
               "Local Dirtied Blocks": 0,                                                                                                                                 
               "Local Written Blocks": 0,                                                                                                                                 
               "Temp Read Blocks": 0,                                                                                                                                     
               "Temp Written Blocks": 0,                                                                                                                                  
               "Plans": [                                                                                                                                                 
                 {                                                                                                                                                        
                   "Node Type": "Nested Loop",                                                                                                                            
                   "Parent Relationship": "Outer",                                                                                                                        
                   "Parallel Aware": false,                                                                                                                               
                   "Join Type": "Inner",                                                                                                                                  
                   "Startup Cost": 0.05,                                                                                                                                  
                   "Total Cost": 26201.66,                                                                                                                                
                   "Plan Rows": 2,                                                                                                                                        
                   "Plan Width": 29,                                                                                                                                      
                   "Actual Startup Time": 34956.841,                                                                                                                      
                   "Actual Total Time": 170046.364,                                                                                                                       
                   "Actual Rows": 125,                                                                                                                                    
                   "Actual Loops": 1,                                                                                                                                     
                   "Inner Unique": true,                                                                                                                                  
                   "Shared Hit Blocks": 1658500,                                                                                                                          
                   "Shared Read Blocks": 285081,                                                                                                                          
                   "Shared Dirtied Blocks": 0,                                                                                                                            
                   "Shared Written Blocks": 0,                                                                                                                            
                   "Local Hit Blocks": 0,                                                                                                                                 
                   "Local Read Blocks": 0,                                                                                                                                
                   "Local Dirtied Blocks": 0,                                                                                                                             
                   "Local Written Blocks": 0,                                                                                                                             
                   "Temp Read Blocks": 0,                                                                                                                                 
                   "Temp Written Blocks": 0,                                                                                                                              
                   "Plans": [                                                                                                                                             
                     {                                                                                                                                                    
                       "Node Type": "Nested Loop",                                                                                                                        
                       "Parent Relationship": "Outer",                                                                                                                    
                       "Parallel Aware": false,                                                                                                                           
                       "Join Type": "Inner",                                                                                                                              
                       "Startup Cost": 0.04,                                                                                                                              
                       "Total Cost": 26200.83,                                                                                                                            
                       "Plan Rows": 5,                                                                                                                                    
                       "Plan Width": 20,                                                                                                                                  
                       "Actual Startup Time": 30711.134,                                                                                                                  
                       "Actual Total Time": 163794.479,                                                                                                                   
                       "Actual Rows": 329,                                                                                                                                
                       "Actual Loops": 1,                                                                                                                                 
                       "Inner Unique": true,                                                                                                                              
                       "Shared Hit Blocks": 1657512,                                                                                                                      
                       "Shared Read Blocks": 284749,                                                                                                                      
                       "Shared Dirtied Blocks": 0,                                                                                                                        
                       "Shared Written Blocks": 0,                                                                                                                        
                       "Local Hit Blocks": 0,                                                                                                                             
                       "Local Read Blocks": 0,                                                                                                                            
                       "Local Dirtied Blocks": 0,                                                                                                                         
                       "Local Written Blocks": 0,                                                                                                                         
                       "Temp Read Blocks": 0,                                                                                                                             
                       "Temp Written Blocks": 0,                                                                                                                          
                       "Plans": [                                                                                                                                         
                         {                                                                                                                                                
                           "Node Type": "Nested Loop",                                                                                                                    
                           "Parent Relationship": "Outer",                                                                                                                
                           "Parallel Aware": false,                                                                                                                       
                           "Join Type": "Inner",                                                                                                                          
                           "Startup Cost": 0.03,                                                                                                                          
                           "Total Cost": 24719.18,                                                                                                                        
                           "Plan Rows": 5617,                                                                                                                             
                           "Plan Width": 16,                                                                                                                              
                           "Actual Startup Time": 4397.765,                                                                                                               
                           "Actual Total Time": 156939.658,                                                                                                               
                           "Actual Rows": 79662,                                                                                                                          
                           "Actual Loops": 1,                                                                                                                             
                           "Inner Unique": true,                                                                                                                          
                           "Shared Hit Blocks": 1349603,                                                                                                                  
                           "Shared Read Blocks": 273544,                                                                                                                  
                           "Shared Dirtied Blocks": 0,                                                                                                                    
                           "Shared Written Blocks": 0,                                                                                                                    
                           "Local Hit Blocks": 0,                                                                                                                         
                           "Local Read Blocks": 0,                                                                                                                        
                           "Local Dirtied Blocks": 0,                                                                                                                     
                           "Local Written Blocks": 0,                                                                                                                     
                           "Temp Read Blocks": 0,                                                                                                                         
                           "Temp Written Blocks": 0,                                                                                                                      
                           "Plans": [                                                                                                                                     
                             {                                                                                                                                            
                               "Node Type": "Nested Loop",                                                                                                                
                               "Parent Relationship": "Outer",                                                                                                            
                               "Parallel Aware": false,                                                                                                                   
                               "Join Type": "Inner",                                                                                                                      
                               "Startup Cost": 0.01,                                                                                                                      
                               "Total Cost": 23887.63,                                                                                                                    
                               "Plan Rows": 15558,                                                                                                                        
                               "Plan Width": 20,                                                                                                                          
                               "Actual Startup Time": 4351.680,                                                                                                           
                               "Actual Total Time": 148936.085,                                                                                                           
                               "Actual Rows": 86056,                                                                                                                      
                               "Actual Loops": 1,                                                                                                                         
                               "Inner Unique": false,                                                                                                                     
                               "Shared Hit Blocks": 1006413,                                                                                                              
                               "Shared Read Blocks": 272383,                                                                                                              
                               "Shared Dirtied Blocks": 0,                                                                                                                
                               "Shared Written Blocks": 0,                                                                                                                
                               "Local Hit Blocks": 0,                                                                                                                     
                               "Local Read Blocks": 0,                                                                                                                    
                               "Local Dirtied Blocks": 0,                                                                                                                 
                               "Local Written Blocks": 0,                                                                                                                 
                               "Temp Read Blocks": 0,                                                                                                                     
                               "Temp Written Blocks": 0,                                                                                                                  
                               "Plans": [                                                                                                                                 
                                 {                                                                                                                                        
                                   "Node Type": "Nested Loop",                                                                                                            
                                   "Parent Relationship": "Outer",                                                                                                        
                                   "Parallel Aware": false,                                                                                                               
                                   "Join Type": "Inner",                                                                                                                  
                                   "Startup Cost": 0.00,                                                                                                                  
                                   "Total Cost": 16253.30,                                                                                                                
                                   "Plan Rows": 72136,                                                                                                                    
                                   "Plan Width": 12,                                                                                                                      
                                   "Actual Startup Time": 4170.494,                                                                                                       
                                   "Actual Total Time": 14466.018,                                                                                                        
                                   "Actual Rows": 276166,                                                                                                                 
                                   "Actual Loops": 1,                                                                                                                     
                                   "Inner Unique": true,                                                                                                                  
                                   "Join Filter": "(ci.role_id = rt.id)",                                                                                                 
                                   "Rows Removed by Join Filter": 591311,                                                                                                 
                                   "Shared Hit Blocks": 0,                                                                                                                
                                   "Shared Read Blocks": 252655,                                                                                                          
                                   "Shared Dirtied Blocks": 0,                                                                                                            
                                   "Shared Written Blocks": 0,                                                                                                            
                                   "Local Hit Blocks": 0,                                                                                                                 
                                   "Local Read Blocks": 0,                                                                                                                
                                   "Local Dirtied Blocks": 0,                                                                                                             
                                   "Local Written Blocks": 0,                                                                                                             
                                   "Temp Read Blocks": 0,                                                                                                                 
                                   "Temp Written Blocks": 0,                                                                                                              
                                   "Plans": [                                                                                                                             
                                     {                                                                                                                                    
                                       "Node Type": "Seq Scan",                                                                                                           
                                       "Parent Relationship": "Outer",                                                                                                    
                                       "Parallel Aware": false,                                                                                                           
                                       "Relation Name": "cast_info",                                                                                                      
                                       "Alias": "ci",                                                                                                                     
                                       "Startup Cost": 0.00,                                                                                                              
                                       "Total Cost": 16059.00,                                                                                                            
                                       "Plan Rows": 865636,                                                                                                               
                                       "Plan Width": 16,                                                                                                                  
                                       "Actual Startup Time": 27.187,                                                                                                     
                                       "Actual Total Time": 13831.698,                                                                                                    
                                       "Actual Rows": 867477,                                                                                                             
                                       "Actual Loops": 1,                                                                                                                 
                                       "Filter": "(note = ANY ('{(voice),\"(voice: Japanese version)\",\"(voice) (uncredited)\",\"(voice: English version)\"}'::text[]))",
                                       "Rows Removed by Filter": 35376867,                                                                                                
                                       "Shared Hit Blocks": 0,                                                                                                            
                                       "Shared Read Blocks": 252654,                                                                                                      
                                       "Shared Dirtied Blocks": 0,                                                                                                        
                                       "Shared Written Blocks": 0,                                                                                                        
                                       "Local Hit Blocks": 0,                                                                                                             
                                       "Local Read Blocks": 0,                                                                                                            
                                       "Local Dirtied Blocks": 0,                                                                                                         
                                       "Local Written Blocks": 0,                                                                                                         
                                       "Temp Read Blocks": 0,                                                                                                             
                                       "Temp Written Blocks": 0                                                                                                           
                                     },                                                                                                                                   
                                     {                                                                                                                                    
                                       "Node Type": "Materialize",                                                                                                        
                                       "Parent Relationship": "Inner",                                                                                                    
                                       "Parallel Aware": false,                                                                                                           
                                       "Startup Cost": 0.00,                                                                                                              
                                       "Total Cost": 0.03,                                                                                                                
                                       "Plan Rows": 1,                                                                                                                    
                                       "Plan Width": 4,                                                                                                                   
                                       "Actual Startup Time": 0.000,                                                                                                      
                                       "Actual Total Time": 0.000,                                                                                                        
                                       "Actual Rows": 1,                                                                                                                  
                                       "Actual Loops": 867477,                                                                                                            
                                       "Shared Hit Blocks": 0,                                                                                                            
                                       "Shared Read Blocks": 1,                                                                                                           
                                       "Shared Dirtied Blocks": 0,                                                                                                        
                                       "Shared Written Blocks": 0,                                                                                                        
                                       "Local Hit Blocks": 0,                                                                                                             
                                       "Local Read Blocks": 0,                                                                                                            
                                       "Local Dirtied Blocks": 0,                                                                                                         
                                       "Local Written Blocks": 0,                                                                                                         
                                       "Temp Read Blocks": 0,                                                                                                             
                                       "Temp Written Blocks": 0,                                                                                                          
                                       "Plans": [                                                                                                                         
                                         {                                                                                                                                
                                           "Node Type": "Seq Scan",                                                                                                       
                                           "Parent Relationship": "Outer",                                                                                                
                                           "Parallel Aware": false,                                                                                                       
                                           "Relation Name": "role_type",                                                                                                  
                                           "Alias": "rt",                                                                                                                 
                                           "Startup Cost": 0.00,                                                                                                          
                                           "Total Cost": 0.03,                                                                                                            
                                           "Plan Rows": 1,                                                                                                                
                                           "Plan Width": 4,                                                                                                               
                                           "Actual Startup Time": 21.800,                                                                                                 
                                           "Actual Total Time": 21.807,                                                                                                   
                                           "Actual Rows": 1,                                                                                                              
                                           "Actual Loops": 1,                                                                                                             
                                           "Filter": "((role)::text = 'actress'::text)",                                                                                  
                                           "Rows Removed by Filter": 11,                                                                                                  
                                           "Shared Hit Blocks": 0,                                                                                                        
                                           "Shared Read Blocks": 1,                                                                                                       
                                           "Shared Dirtied Blocks": 0,                                                                                                    
                                           "Shared Written Blocks": 0,                                                                                                    
                                           "Local Hit Blocks": 0,                                                                                                         
                                           "Local Read Blocks": 0,                                                                                                        
                                           "Local Dirtied Blocks": 0,                                                                                                     
                                           "Local Written Blocks": 0,                                                                                                     
                                           "Temp Read Blocks": 0,                                                                                                         
                                           "Temp Written Blocks": 0                                                                                                       
                                         }                                                                                                                                
                                       ]                                                                                                                                  
                                     }                                                                                                                                    
                                   ]                                                                                                                                      
                                 },                                                                                                                                       
                                 {                                                                                                                                        
                                   "Node Type": "Index Scan",                                                                                                             
                                   "Parent Relationship": "Inner",                                                                                                        
                                   "Parallel Aware": false,                                                                                                               
                                   "Scan Direction": "Forward",                                                                                                           
                                   "Index Name": "movie_id_movie_companies",                                                                                              
                                   "Relation Name": "movie_companies",                                                                                                    
                                   "Alias": "mc",                                                                                                                         
                                   "Startup Cost": 0.01,                                                                                                                  
                                   "Total Cost": 0.11,                                                                                                                    
                                   "Plan Rows": 1,                                                                                                                        
                                   "Plan Width": 8,                                                                                                                       
                                   "Actual Startup Time": 0.438,                                                                                                          
                                   "Actual Total Time": 0.486,                                                                                                            
                                   "Actual Rows": 0,                                                                                                                      
                                   "Actual Loops": 276166,                                                                                                                
                                   "Index Cond": "(movie_id = ci.movie_id)",                                                                                              
                                   "Rows Removed by Index Recheck": 0,                                                                                                    
                                   "Filter": "((note IS NOT NULL) AND ((note ~~ '%(USA)%'::text) OR (note ~~ '%(worldwide)%'::text)))",                                   
                                   "Rows Removed by Filter": 1,                                                                                                           
                                   "Shared Hit Blocks": 1006413,                                                                                                          
                                   "Shared Read Blocks": 19728,                                                                                                           
                                   "Shared Dirtied Blocks": 0,                                                                                                            
                                   "Shared Written Blocks": 0,                                                                                                            
                                   "Local Hit Blocks": 0,                                                                                                                 
                                   "Local Read Blocks": 0,                                                                                                                
                                   "Local Dirtied Blocks": 0,                                                                                                             
                                   "Local Written Blocks": 0,                                                                                                             
                                   "Temp Read Blocks": 0,                                                                                                                 
                                   "Temp Written Blocks": 0                                                                                                               
                                 }                                                                                                                                        
                               ]                                                                                                                                          
                             },                                                                                                                                           
                             {                                                                                                                                            
                               "Node Type": "Index Scan",                                                                                                                 
                               "Parent Relationship": "Inner",                                                                                                            
                               "Parallel Aware": false,                                                                                                                   
                               "Scan Direction": "Forward",                                                                                                               
                               "Index Name": "company_name_pkey",                                                                                                         
                               "Relation Name": "company_name",                                                                                                           
                               "Alias": "cn",                                                                                                                             
                               "Startup Cost": 0.01,                                                                                                                      
                               "Total Cost": 0.05,                                                                                                                        
                               "Plan Rows": 1,                                                                                                                            
                               "Plan Width": 4,                                                                                                                           
                               "Actual Startup Time": 0.091,                                                                                                              
                               "Actual Total Time": 0.091,                                                                                                                
                               "Actual Rows": 1,                                                                                                                          
                               "Actual Loops": 86056,                                                                                                                     
                               "Index Cond": "(id = mc.company_id)",                                                                                                      
                               "Rows Removed by Index Recheck": 0,                                                                                                        
                               "Filter": "((country_code)::text = '[us]'::text)",                                                                                         
                               "Rows Removed by Filter": 0,                                                                                                               
                               "Shared Hit Blocks": 343190,                                                                                                               
                               "Shared Read Blocks": 1161,                                                                                                                
                               "Shared Dirtied Blocks": 0,                                                                                                                
                               "Shared Written Blocks": 0,                                                                                                                
                               "Local Hit Blocks": 0,                                                                                                                     
                               "Local Read Blocks": 0,                                                                                                                    
                               "Local Dirtied Blocks": 0,                                                                                                                 
                               "Local Written Blocks": 0,                                                                                                                 
                               "Temp Read Blocks": 0,                                                                                                                     
                               "Temp Written Blocks": 0                                                                                                                   
                             }                                                                                                                                            
                           ]                                                                                                                                              
                         },                                                                                                                                               
                         {                                                                                                                                                
                           "Node Type": "Index Scan",                                                                                                                     
                           "Parent Relationship": "Inner",                                                                                                                
                           "Parallel Aware": false,                                                                                                                       
                           "Scan Direction": "Forward",                                                                                                                   
                           "Index Name": "name_pkey",                                                                                                                     
                           "Relation Name": "name",                                                                                                                       
                           "Alias": "n",                                                                                                                                  
                           "Startup Cost": 0.01,                                                                                                                          
                           "Total Cost": 0.26,                                                                                                                            
                           "Plan Rows": 1,                                                                                                                                
                           "Plan Width": 4,                                                                                                                               
                           "Actual Startup Time": 0.085,                                                                                                                  
                           "Actual Total Time": 0.085,                                                                                                                    
                           "Actual Rows": 0,                                                                                                                              
                           "Actual Loops": 79662,                                                                                                                         
                           "Index Cond": "(id = ci.person_id)",                                                                                                           
                           "Rows Removed by Index Recheck": 0,                                                                                                            
                           "Filter": "((name ~~ '%Ang%'::text) AND ((gender)::text = 'f'::text))",                                                                        
                           "Rows Removed by Filter": 1,                                                                                                                   
                           "Shared Hit Blocks": 307909,                                                                                                                   
                           "Shared Read Blocks": 11205,                                                                                                                   
                           "Shared Dirtied Blocks": 0,                                                                                                                    
                           "Shared Written Blocks": 0,                                                                                                                    
                           "Local Hit Blocks": 0,                                                                                                                         
                           "Local Read Blocks": 0,                                                                                                                        
                           "Local Dirtied Blocks": 0,                                                                                                                     
                           "Local Written Blocks": 0,                                                                                                                     
                           "Temp Read Blocks": 0,                                                                                                                         
                           "Temp Written Blocks": 0                                                                                                                       
                         }                                                                                                                                                
                       ]                                                                                                                                                  
                     },                                                                                                                                                   
                     {                                                                                                                                                    
                       "Node Type": "Index Scan",                                                                                                                         
                       "Parent Relationship": "Inner",                                                                                                                    
                       "Parallel Aware": false,                                                                                                                           
                       "Scan Direction": "Forward",                                                                                                                       
                       "Index Name": "title_idx_id",                                                                                                                      
                       "Relation Name": "title",                                                                                                                          
                       "Alias": "t",                                                                                                                                      
                       "Startup Cost": 0.01,                                                                                                                              
                       "Total Cost": 0.17,                                                                                                                                
                       "Plan Rows": 1,                                                                                                                                    
                       "Plan Width": 21,                                                                                                                                  
                       "Actual Startup Time": 18.999,                                                                                                                     
                       "Actual Total Time": 18.999,                                                                                                                       
                       "Actual Rows": 0,                                                                                                                                  
                       "Actual Loops": 329,                                                                                                                               
                       "Index Cond": "(id = ci.movie_id)",                                                                                                                
                       "Rows Removed by Index Recheck": 0,                                                                                                                
                       "Filter": "((production_year >= 2005) AND (production_year <= 2015))",                                                                             
                       "Rows Removed by Filter": 1,                                                                                                                       
                       "Shared Hit Blocks": 988,                                                                                                                          
                       "Shared Read Blocks": 332,                                                                                                                         
                       "Shared Dirtied Blocks": 0,                                                                                                                        
                       "Shared Written Blocks": 0,                                                                                                                        
                       "Local Hit Blocks": 0,                                                                                                                             
                       "Local Read Blocks": 0,                                                                                                                            
                       "Local Dirtied Blocks": 0,                                                                                                                         
                       "Local Written Blocks": 0,                                                                                                                         
                       "Temp Read Blocks": 0,                                                                                                                             
                       "Temp Written Blocks": 0                                                                                                                           
                     }                                                                                                                                                    
                   ]                                                                                                                                                      
                 },                                                                                                                                                       
                 {                                                                                                                                                        
                   "Node Type": "Index Scan",                                                                                                                             
                   "Parent Relationship": "Inner",                                                                                                                        
                   "Parallel Aware": false,                                                                                                                               
                   "Scan Direction": "Forward",                                                                                                                           
                   "Index Name": "person_id_aka_name",                                                                                                                    
                   "Relation Name": "aka_name",                                                                                                                           
                   "Alias": "an",                                                                                                                                         
                   "Startup Cost": 0.01,                                                                                                                                  
                   "Total Cost": 0.06,                                                                                                                                    
                   "Plan Rows": 2,                                                                                                                                        
                   "Plan Width": 20,                                                                                                                                      
                   "Actual Startup Time": 5.920,                                                                                                                          
                   "Actual Total Time": 6.115,                                                                                                                            
                   "Actual Rows": 1,                                                                                                                                      
                   "Actual Loops": 125,                                                                                                                                   
                   "Index Cond": "(person_id = ci.person_id)",                                                                                                            
                   "Rows Removed by Index Recheck": 0,                                                                                                                    
                   "Shared Hit Blocks": 390,                                                                                                                              
                   "Shared Read Blocks": 61,                                                                                                                              
                   "Shared Dirtied Blocks": 0,                                                                                                                            
                   "Shared Written Blocks": 0,                                                                                                                            
                   "Local Hit Blocks": 0,                                                                                                                                 
                   "Local Read Blocks": 0,                                                                                                                                
                   "Local Dirtied Blocks": 0,                                                                                                                             
                   "Local Written Blocks": 0,                                                                                                                             
                   "Temp Read Blocks": 0,                                                                                                                                 
                   "Temp Written Blocks": 0                                                                                                                               
                 }                                                                                                                                                        
               ]                                                                                                                                                          
             },                                                                                                                                                           
             {                                                                                                                                                            
               "Node Type": "Index Scan",                                                                                                                                 
               "Parent Relationship": "Inner",                                                                                                                            
               "Parallel Aware": false,                                                                                                                                   
               "Scan Direction": "Forward",                                                                                                                               
               "Index Name": "char_name_pkey",                                                                                                                            
               "Relation Name": "char_name",                                                                                                                              
               "Alias": "chn",                                                                                                                                            
               "Startup Cost": 0.01,                                                                                                                                      
               "Total Cost": 0.18,                                                                                                                                        
               "Plan Rows": 1,                                                                                                                                            
               "Plan Width": 20,                                                                                                                                          
               "Actual Startup Time": 2.816,                                                                                                                              
               "Actual Total Time": 2.816,                                                                                                                                
               "Actual Rows": 1,                                                                                                                                          
               "Actual Loops": 127,                                                                                                                                       
               "Index Cond": "(id = ci.person_role_id)",                                                                                                                  
               "Rows Removed by Index Recheck": 0,                                                                                                                        
               "Shared Hit Blocks": 424,                                                                                                                                  
               "Shared Read Blocks": 60,                                                                                                                                  
               "Shared Dirtied Blocks": 0,                                                                                                                                
               "Shared Written Blocks": 0,                                                                                                                                
               "Local Hit Blocks": 0,                                                                                                                                     
               "Local Read Blocks": 0,                                                                                                                                    
               "Local Dirtied Blocks": 0,                                                                                                                                 
               "Local Written Blocks": 0,                                                                                                                                 
               "Temp Read Blocks": 0,                                                                                                                                     
               "Temp Written Blocks": 0                                                                                                                                   
             }                                                                                                                                                            
           ]                                                                                                                                                              
         }                                                                                                                                                                
       ]                                                                                                                                                                  
     },                                                                                                                                                                   
     "Planning Time": 2882.854,                                                                                                                                           
     "Triggers": [                                                                                                                                                        
     ],                                                                                                                                                                   
     "Execution Time": 171198.858                                                                                                                                         
   }                                                                                                                                                                      
 ]
