 [                                                                                                                                             
   {                                                                                                                                           
     "Plan": {                                                                                                                                 
       "Node Type": "Aggregate",                                                                                                               
       "Strategy": "Plain",                                                                                                                    
       "Partial Mode": "Simple",                                                                                                               
       "Parallel Aware": false,                                                                                                                
       "Startup Cost": 21831.37,                                                                                                               
       "Total Cost": 21831.37,                                                                                                                 
       "Plan Rows": 1,                                                                                                                         
       "Plan Width": 128,                                                                                                                      
       "Actual Startup Time": 266966.547,                                                                                                      
       "Actual Total Time": 266966.547,                                                                                                        
       "Actual Rows": 1,                                                                                                                       
       "Actual Loops": 1,                                                                                                                      
       "Shared Hit Blocks": 1132139,                                                                                                           
       "Shared Read Blocks": 282166,                                                                                                           
       "Shared Dirtied Blocks": 0,                                                                                                             
       "Shared Written Blocks": 0,                                                                                                             
       "Local Hit Blocks": 0,                                                                                                                  
       "Local Read Blocks": 0,                                                                                                                 
       "Local Dirtied Blocks": 0,                                                                                                              
       "Local Written Blocks": 0,                                                                                                              
       "Temp Read Blocks": 0,                                                                                                                  
       "Temp Written Blocks": 0,                                                                                                               
       "Plans": [                                                                                                                              
         {                                                                                                                                     
           "Node Type": "Nested Loop",                                                                                                         
           "Parent Relationship": "Outer",                                                                                                     
           "Parallel Aware": false,                                                                                                            
           "Join Type": "Inner",                                                                                                               
           "Startup Cost": 0.08,                                                                                                               
           "Total Cost": 21831.37,                                                                                                             
           "Plan Rows": 1,                                                                                                                     
           "Plan Width": 64,                                                                                                                   
           "Actual Startup Time": 74795.814,                                                                                                   
           "Actual Total Time": 266966.331,                                                                                                    
           "Actual Rows": 40,                                                                                                                  
           "Actual Loops": 1,                                                                                                                  
           "Inner Unique": true,                                                                                                               
           "Shared Hit Blocks": 1132139,                                                                                                       
           "Shared Read Blocks": 282166,                                                                                                       
           "Shared Dirtied Blocks": 0,                                                                                                         
           "Shared Written Blocks": 0,                                                                                                         
           "Local Hit Blocks": 0,                                                                                                              
           "Local Read Blocks": 0,                                                                                                             
           "Local Dirtied Blocks": 0,                                                                                                          
           "Local Written Blocks": 0,                                                                                                          
           "Temp Read Blocks": 0,                                                                                                              
           "Temp Written Blocks": 0,                                                                                                           
           "Plans": [                                                                                                                          
             {                                                                                                                                 
               "Node Type": "Nested Loop",                                                                                                     
               "Parent Relationship": "Outer",                                                                                                 
               "Parallel Aware": false,                                                                                                        
               "Join Type": "Inner",                                                                                                           
               "Startup Cost": 0.07,                                                                                                           
               "Total Cost": 21830.28,                                                                                                         
               "Plan Rows": 1,                                                                                                                 
               "Plan Width": 52,                                                                                                               
               "Actual Startup Time": 74766.757,                                                                                               
               "Actual Total Time": 266812.767,                                                                                                
               "Actual Rows": 40,                                                                                                              
               "Actual Loops": 1,                                                                                                              
               "Inner Unique": true,                                                                                                           
               "Join Filter": "(ci.person_id = n.id)",                                                                                         
               "Rows Removed by Join Filter": 0,                                                                                               
               "Shared Hit Blocks": 1132006,                                                                                                   
               "Shared Read Blocks": 282139,                                                                                                   
               "Shared Dirtied Blocks": 0,                                                                                                     
               "Shared Written Blocks": 0,                                                                                                     
               "Local Hit Blocks": 0,                                                                                                          
               "Local Read Blocks": 0,                                                                                                         
               "Local Dirtied Blocks": 0,                                                                                                      
               "Local Written Blocks": 0,                                                                                                      
               "Temp Read Blocks": 0,                                                                                                          
               "Temp Written Blocks": 0,                                                                                                       
               "Plans": [                                                                                                                      
                 {                                                                                                                             
                   "Node Type": "Nested Loop",                                                                                                 
                   "Parent Relationship": "Outer",                                                                                             
                   "Parallel Aware": false,                                                                                                    
                   "Join Type": "Inner",                                                                                                       
                   "Startup Cost": 0.05,                                                                                                       
                   "Total Cost": 21762.20,                                                                                                     
                   "Plan Rows": 268,                                                                                                           
                   "Plan Width": 45,                                                                                                           
                   "Actual Startup Time": 4568.608,                                                                                            
                   "Actual Total Time": 262280.358,                                                                                            
                   "Actual Rows": 20424,                                                                                                       
                   "Actual Loops": 1,                                                                                                          
                   "Inner Unique": false,                                                                                                      
                   "Shared Hit Blocks": 1051887,                                                                                               
                   "Shared Read Blocks": 280465,                                                                                               
                   "Shared Dirtied Blocks": 0,                                                                                                 
                   "Shared Written Blocks": 0,                                                                                                 
                   "Local Hit Blocks": 0,                                                                                                      
                   "Local Read Blocks": 0,                                                                                                     
                   "Local Dirtied Blocks": 0,                                                                                                  
                   "Local Written Blocks": 0,                                                                                                  
                   "Temp Read Blocks": 0,                                                                                                      
                   "Temp Written Blocks": 0,                                                                                                   
                   "Plans": [                                                                                                                  
                     {                                                                                                                         
                       "Node Type": "Nested Loop",                                                                                             
                       "Parent Relationship": "Outer",                                                                                         
                       "Parallel Aware": false,                                                                                                
                       "Join Type": "Inner",                                                                                                   
                       "Startup Cost": 0.04,                                                                                                   
                       "Total Cost": 21739.55,                                                                                                 
                       "Plan Rows": 309,                                                                                                       
                       "Plan Width": 25,                                                                                                       
                       "Actual Startup Time": 4529.038,                                                                                        
                       "Actual Total Time": 258381.246,                                                                                        
                       "Actual Rows": 7565,                                                                                                    
                       "Actual Loops": 1,                                                                                                      
                       "Inner Unique": true,                                                                                                   
                       "Shared Hit Blocks": 1024452,                                                                                           
                       "Shared Read Blocks": 278819,                                                                                           
                       "Shared Dirtied Blocks": 0,                                                                                             
                       "Shared Written Blocks": 0,                                                                                             
                       "Local Hit Blocks": 0,                                                                                                  
                       "Local Read Blocks": 0,                                                                                                 
                       "Local Dirtied Blocks": 0,                                                                                              
                       "Local Written Blocks": 0,                                                                                              
                       "Temp Read Blocks": 0,                                                                                                  
                       "Temp Written Blocks": 0,                                                                                               
                       "Plans": [                                                                                                              
                         {                                                                                                                     
                           "Node Type": "Nested Loop",                                                                                         
                           "Parent Relationship": "Outer",                                                                                     
                           "Parallel Aware": false,                                                                                            
                           "Join Type": "Inner",                                                                                               
                           "Startup Cost": 0.03,                                                                                               
                           "Total Cost": 21438.16,                                                                                             
                           "Plan Rows": 1521,                                                                                                  
                           "Plan Width": 16,                                                                                                   
                           "Actual Startup Time": 4471.801,                                                                                    
                           "Actual Total Time": 166128.040,                                                                                    
                           "Actual Rows": 26447,                                                                                               
                           "Actual Loops": 1,                                                                                                  
                           "Inner Unique": true,                                                                                               
                           "Shared Hit Blocks": 925219,                                                                                        
                           "Shared Read Blocks": 272194,                                                                                       
                           "Shared Dirtied Blocks": 0,                                                                                         
                           "Shared Written Blocks": 0,                                                                                         
                           "Local Hit Blocks": 0,                                                                                              
                           "Local Read Blocks": 0,                                                                                             
                           "Local Dirtied Blocks": 0,                                                                                          
                           "Local Written Blocks": 0,                                                                                          
                           "Temp Read Blocks": 0,                                                                                              
                           "Temp Written Blocks": 0,                                                                                           
                           "Plans": [                                                                                                          
                             {                                                                                                                 
                               "Node Type": "Nested Loop",                                                                                     
                               "Parent Relationship": "Outer",                                                                                 
                               "Parallel Aware": false,                                                                                        
                               "Join Type": "Inner",                                                                                           
                               "Startup Cost": 0.01,                                                                                           
                               "Total Cost": 20868.17,                                                                                         
                               "Plan Rows": 4214,                                                                                              
                               "Plan Width": 20,                                                                                               
                               "Actual Startup Time": 4425.735,                                                                                
                               "Actual Total Time": 157879.086,                                                                                
                               "Actual Rows": 29100,                                                                                           
                               "Actual Loops": 1,                                                                                              
                               "Inner Unique": false,                                                                                          
                               "Shared Hit Blocks": 809747,                                                                                    
                               "Shared Read Blocks": 271202,                                                                                   
                               "Shared Dirtied Blocks": 0,                                                                                     
                               "Shared Written Blocks": 0,                                                                                     
                               "Local Hit Blocks": 0,                                                                                          
                               "Local Read Blocks": 0,                                                                                         
                               "Local Dirtied Blocks": 0,                                                                                      
                               "Local Written Blocks": 0,                                                                                      
                               "Temp Read Blocks": 0,                                                                                          
                               "Temp Written Blocks": 0,                                                                                       
                               "Plans": [                                                                                                      
                                 {                                                                                                             
                                   "Node Type": "Nested Loop",                                                                                 
                                   "Parent Relationship": "Outer",                                                                             
                                   "Parallel Aware": false,                                                                                    
                                   "Join Type": "Inner",                                                                                       
                                   "Startup Cost": 0.00,                                                                                       
                                   "Total Cost": 13404.88,                                                                                     
                                   "Plan Rows": 59356,                                                                                         
                                   "Plan Width": 12,                                                                                           
                                   "Actual Startup Time": 4240.242,                                                                            
                                   "Actual Total Time": 14895.127,                                                                             
                                   "Actual Rows": 222686,                                                                                      
                                   "Actual Loops": 1,                                                                                          
                                   "Inner Unique": true,                                                                                       
                                   "Join Filter": "(ci.role_id = rt.id)",                                                                      
                                   "Rows Removed by Join Filter": 491142,                                                                      
                                   "Shared Hit Blocks": 0,                                                                                     
                                   "Shared Read Blocks": 252655,                                                                               
                                   "Shared Dirtied Blocks": 0,                                                                                 
                                   "Shared Written Blocks": 0,                                                                                 
                                   "Local Hit Blocks": 0,                                                                                      
                                   "Local Read Blocks": 0,                                                                                     
                                   "Local Dirtied Blocks": 0,                                                                                  
                                   "Local Written Blocks": 0,                                                                                  
                                   "Temp Read Blocks": 0,                                                                                      
                                   "Temp Written Blocks": 0,                                                                                   
                                   "Plans": [                                                                                                  
                                     {                                                                                                         
                                       "Node Type": "Seq Scan",                                                                                
                                       "Parent Relationship": "Outer",                                                                         
                                       "Parallel Aware": false,                                                                                
                                       "Relation Name": "cast_info",                                                                           
                                       "Alias": "ci",                                                                                          
                                       "Startup Cost": 0.00,                                                                                   
                                       "Total Cost": 13245.00,                                                                                 
                                       "Plan Rows": 712274,                                                                                    
                                       "Plan Width": 16,                                                                                       
                                       "Actual Startup Time": 59.575,                                                                          
                                       "Actual Total Time": 14295.352,                                                                         
                                       "Actual Rows": 713828,                                                                                  
                                       "Actual Loops": 1,                                                                                      
                                       "Filter": "(note = '(voice)'::text)",                                                                   
                                       "Rows Removed by Filter": 35530516,                                                                     
                                       "Shared Hit Blocks": 0,                                                                                 
                                       "Shared Read Blocks": 252654,                                                                           
                                       "Shared Dirtied Blocks": 0,                                                                             
                                       "Shared Written Blocks": 0,                                                                             
                                       "Local Hit Blocks": 0,                                                                                  
                                       "Local Read Blocks": 0,                                                                                 
                                       "Local Dirtied Blocks": 0,                                                                              
                                       "Local Written Blocks": 0,                                                                              
                                       "Temp Read Blocks": 0,                                                                                  
                                       "Temp Written Blocks": 0                                                                                
                                     },                                                                                                        
                                     {                                                                                                         
                                       "Node Type": "Materialize",                                                                             
                                       "Parent Relationship": "Inner",                                                                         
                                       "Parallel Aware": false,                                                                                
                                       "Startup Cost": 0.00,                                                                                   
                                       "Total Cost": 0.03,                                                                                     
                                       "Plan Rows": 1,                                                                                         
                                       "Plan Width": 4,                                                                                        
                                       "Actual Startup Time": 0.000,                                                                           
                                       "Actual Total Time": 0.000,                                                                             
                                       "Actual Rows": 1,                                                                                       
                                       "Actual Loops": 713828,                                                                                 
                                       "Shared Hit Blocks": 0,                                                                                 
                                       "Shared Read Blocks": 1,                                                                                
                                       "Shared Dirtied Blocks": 0,                                                                             
                                       "Shared Written Blocks": 0,                                                                             
                                       "Local Hit Blocks": 0,                                                                                  
                                       "Local Read Blocks": 0,                                                                                 
                                       "Local Dirtied Blocks": 0,                                                                              
                                       "Local Written Blocks": 0,                                                                              
                                       "Temp Read Blocks": 0,                                                                                  
                                       "Temp Written Blocks": 0,                                                                               
                                       "Plans": [                                                                                              
                                         {                                                                                                     
                                           "Node Type": "Seq Scan",                                                                            
                                           "Parent Relationship": "Outer",                                                                     
                                           "Parallel Aware": false,                                                                            
                                           "Relation Name": "role_type",                                                                       
                                           "Alias": "rt",                                                                                      
                                           "Startup Cost": 0.00,                                                                               
                                           "Total Cost": 0.03,                                                                                 
                                           "Plan Rows": 1,                                                                                     
                                           "Plan Width": 4,                                                                                    
                                           "Actual Startup Time": 0.257,                                                                       
                                           "Actual Total Time": 0.263,                                                                         
                                           "Actual Rows": 1,                                                                                   
                                           "Actual Loops": 1,                                                                                  
                                           "Filter": "((role)::text = 'actress'::text)",                                                       
                                           "Rows Removed by Filter": 11,                                                                       
                                           "Shared Hit Blocks": 0,                                                                             
                                           "Shared Read Blocks": 1,                                                                            
                                           "Shared Dirtied Blocks": 0,                                                                         
                                           "Shared Written Blocks": 0,                                                                         
                                           "Local Hit Blocks": 0,                                                                              
                                           "Local Read Blocks": 0,                                                                             
                                           "Local Dirtied Blocks": 0,                                                                          
                                           "Local Written Blocks": 0,                                                                          
                                           "Temp Read Blocks": 0,                                                                              
                                           "Temp Written Blocks": 0                                                                            
                                         }                                                                                                     
                                       ]                                                                                                       
                                     }                                                                                                         
                                   ]                                                                                                           
                                 },                                                                                                            
                                 {                                                                                                             
                                   "Node Type": "Index Scan",                                                                                  
                                   "Parent Relationship": "Inner",                                                                             
                                   "Parallel Aware": false,                                                                                    
                                   "Scan Direction": "Forward",                                                                                
                                   "Index Name": "movie_id_movie_companies",                                                                   
                                   "Relation Name": "movie_companies",                                                                         
                                   "Alias": "mc",                                                                                              
                                   "Startup Cost": 0.01,                                                                                       
                                   "Total Cost": 0.13,                                                                                         
                                   "Plan Rows": 1,                                                                                             
                                   "Plan Width": 8,                                                                                            
                                   "Actual Startup Time": 0.608,                                                                               
                                   "Actual Total Time": 0.641,                                                                                 
                                   "Actual Rows": 0,                                                                                           
                                   "Actual Loops": 222686,                                                                                     
                                   "Index Cond": "(movie_id = ci.movie_id)",                                                                   
                                   "Rows Removed by Index Recheck": 0,                                                                         
                                   "Filter": "((note ~~ '%(200%)%'::text) AND ((note ~~ '%(USA)%'::text) OR (note ~~ '%(worldwide)%'::text)))",
                                   "Rows Removed by Filter": 2,                                                                                
                                   "Shared Hit Blocks": 809747,                                                                                
                                   "Shared Read Blocks": 18547,                                                                                
                                   "Shared Dirtied Blocks": 0,                                                                                 
                                   "Shared Written Blocks": 0,                                                                                 
                                   "Local Hit Blocks": 0,                                                                                      
                                   "Local Read Blocks": 0,                                                                                     
                                   "Local Dirtied Blocks": 0,                                                                                  
                                   "Local Written Blocks": 0,                                                                                  
                                   "Temp Read Blocks": 0,                                                                                      
                                   "Temp Written Blocks": 0                                                                                    
                                 }                                                                                                             
                               ]                                                                                                               
                             },                                                                                                                
                             {                                                                                                                 
                               "Node Type": "Index Scan",                                                                                      
                               "Parent Relationship": "Inner",                                                                                 
                               "Parallel Aware": false,                                                                                        
                               "Scan Direction": "Forward",                                                                                    
                               "Index Name": "company_name_pkey",                                                                              
                               "Relation Name": "company_name",                                                                                
                               "Alias": "cn",                                                                                                  
                               "Startup Cost": 0.01,                                                                                           
                               "Total Cost": 0.14,                                                                                             
                               "Plan Rows": 1,                                                                                                 
                               "Plan Width": 4,                                                                                                
                               "Actual Startup Time": 0.281,                                                                                   
                               "Actual Total Time": 0.281,                                                                                     
                               "Actual Rows": 1,                                                                                               
                               "Actual Loops": 29100,                                                                                          
                               "Index Cond": "(id = mc.company_id)",                                                                           
                               "Rows Removed by Index Recheck": 0,                                                                             
                               "Filter": "((country_code)::text = '[us]'::text)",                                                              
                               "Rows Removed by Filter": 0,                                                                                    
                               "Shared Hit Blocks": 115472,                                                                                    
                               "Shared Read Blocks": 992,                                                                                      
                               "Shared Dirtied Blocks": 0,                                                                                     
                               "Shared Written Blocks": 0,                                                                                     
                               "Local Hit Blocks": 0,                                                                                          
                               "Local Read Blocks": 0,                                                                                         
                               "Local Dirtied Blocks": 0,                                                                                      
                               "Local Written Blocks": 0,                                                                                      
                               "Temp Read Blocks": 0,                                                                                          
                               "Temp Written Blocks": 0                                                                                        
                             }                                                                                                                 
                           ]                                                                                                                   
                         },                                                                                                                    
                         {                                                                                                                     
                           "Node Type": "Index Scan",                                                                                          
                           "Parent Relationship": "Inner",                                                                                     
                           "Parallel Aware": false,                                                                                            
                           "Scan Direction": "Forward",                                                                                        
                           "Index Name": "title_idx_id",                                                                                       
                           "Relation Name": "title",                                                                                           
                           "Alias": "t",                                                                                                       
                           "Startup Cost": 0.01,                                                                                               
                           "Total Cost": 0.20,                                                                                                 
                           "Plan Rows": 1,                                                                                                     
                           "Plan Width": 21,                                                                                                   
                           "Actual Startup Time": 3.486,                                                                                       
                           "Actual Total Time": 3.486,                                                                                         
                           "Actual Rows": 0,                                                                                                   
                           "Actual Loops": 26447,                                                                                              
                           "Index Cond": "(id = ci.movie_id)",                                                                                 
                           "Rows Removed by Index Recheck": 0,                                                                                 
                           "Filter": "((production_year >= 2007) AND (production_year <= 2010))",                                              
                           "Rows Removed by Filter": 1,                                                                                        
                           "Shared Hit Blocks": 99233,                                                                                         
                           "Shared Read Blocks": 6625,                                                                                         
                           "Shared Dirtied Blocks": 0,                                                                                         
                           "Shared Written Blocks": 0,                                                                                         
                           "Local Hit Blocks": 0,                                                                                              
                           "Local Read Blocks": 0,                                                                                             
                           "Local Dirtied Blocks": 0,                                                                                          
                           "Local Written Blocks": 0,                                                                                          
                           "Temp Read Blocks": 0,                                                                                              
                           "Temp Written Blocks": 0                                                                                            
                         }                                                                                                                     
                       ]                                                                                                                       
                     },                                                                                                                        
                     {                                                                                                                         
                       "Node Type": "Index Scan",                                                                                              
                       "Parent Relationship": "Inner",                                                                                         
                       "Parallel Aware": false,                                                                                                
                       "Scan Direction": "Forward",                                                                                            
                       "Index Name": "person_id_aka_name",                                                                                     
                       "Relation Name": "aka_name",                                                                                            
                       "Alias": "an",                                                                                                          
                       "Startup Cost": 0.01,                                                                                                   
                       "Total Cost": 0.07,                                                                                                     
                       "Plan Rows": 2,                                                                                                         
                       "Plan Width": 20,                                                                                                       
                       "Actual Startup Time": 0.424,                                                                                           
                       "Actual Total Time": 0.511,                                                                                             
                       "Actual Rows": 3,                                                                                                       
                       "Actual Loops": 7565,                                                                                                   
                       "Index Cond": "(person_id = ci.person_id)",                                                                             
                       "Rows Removed by Index Recheck": 0,                                                                                     
                       "Shared Hit Blocks": 27435,                                                                                             
                       "Shared Read Blocks": 1646,                                                                                             
                       "Shared Dirtied Blocks": 0,                                                                                             
                       "Shared Written Blocks": 0,                                                                                             
                       "Local Hit Blocks": 0,                                                                                                  
                       "Local Read Blocks": 0,                                                                                                 
                       "Local Dirtied Blocks": 0,                                                                                              
                       "Local Written Blocks": 0,                                                                                              
                       "Temp Read Blocks": 0,                                                                                                  
                       "Temp Written Blocks": 0                                                                                                
                     }                                                                                                                         
                   ]                                                                                                                           
                 },                                                                                                                            
                 {                                                                                                                             
                   "Node Type": "Index Scan",                                                                                                  
                   "Parent Relationship": "Inner",                                                                                             
                   "Parallel Aware": false,                                                                                                    
                   "Scan Direction": "Forward",                                                                                                
                   "Index Name": "name_pkey",                                                                                                  
                   "Relation Name": "name",                                                                                                    
                   "Alias": "n",                                                                                                               
                   "Startup Cost": 0.01,                                                                                                       
                   "Total Cost": 0.25,                                                                                                         
                   "Plan Rows": 1,                                                                                                             
                   "Plan Width": 19,                                                                                                           
                   "Actual Startup Time": 0.221,                                                                                               
                   "Actual Total Time": 0.221,                                                                                                 
                   "Actual Rows": 0,                                                                                                           
                   "Actual Loops": 20424,                                                                                                      
                   "Index Cond": "(id = an.person_id)",                                                                                        
                   "Rows Removed by Index Recheck": 0,                                                                                         
                   "Filter": "((name ~~ '%Angel%'::text) AND ((gender)::text = 'f'::text))",                                                   
                   "Rows Removed by Filter": 1,                                                                                                
                   "Shared Hit Blocks": 80119,                                                                                                 
                   "Shared Read Blocks": 1674,                                                                                                 
                   "Shared Dirtied Blocks": 0,                                                                                                 
                   "Shared Written Blocks": 0,                                                                                                 
                   "Local Hit Blocks": 0,                                                                                                      
                   "Local Read Blocks": 0,                                                                                                     
                   "Local Dirtied Blocks": 0,                                                                                                  
                   "Local Written Blocks": 0,                                                                                                  
                   "Temp Read Blocks": 0,                                                                                                      
                   "Temp Written Blocks": 0                                                                                                    
                 }                                                                                                                             
               ]                                                                                                                               
             },                                                                                                                                
             {                                                                                                                                 
               "Node Type": "Index Scan",                                                                                                      
               "Parent Relationship": "Inner",                                                                                                 
               "Parallel Aware": false,                                                                                                        
               "Scan Direction": "Forward",                                                                                                    
               "Index Name": "char_name_pkey",                                                                                                 
               "Relation Name": "char_name",                                                                                                   
               "Alias": "chn",                                                                                                                 
               "Startup Cost": 0.01,                                                                                                           
               "Total Cost": 0.22,                                                                                                             
               "Plan Rows": 1,                                                                                                                 
               "Plan Width": 20,                                                                                                               
               "Actual Startup Time": 3.835,                                                                                                   
               "Actual Total Time": 3.835,                                                                                                     
               "Actual Rows": 1,                                                                                                               
               "Actual Loops": 40,                                                                                                             
               "Index Cond": "(id = ci.person_role_id)",                                                                                       
               "Rows Removed by Index Recheck": 0,                                                                                             
               "Shared Hit Blocks": 133,                                                                                                       
               "Shared Read Blocks": 27,                                                                                                       
               "Shared Dirtied Blocks": 0,                                                                                                     
               "Shared Written Blocks": 0,                                                                                                     
               "Local Hit Blocks": 0,                                                                                                          
               "Local Read Blocks": 0,                                                                                                         
               "Local Dirtied Blocks": 0,                                                                                                      
               "Local Written Blocks": 0,                                                                                                      
               "Temp Read Blocks": 0,                                                                                                          
               "Temp Written Blocks": 0                                                                                                        
             }                                                                                                                                 
           ]                                                                                                                                   
         }                                                                                                                                     
       ]                                                                                                                                       
     },                                                                                                                                        
     "Planning Time": 2594.954,                                                                                                                
     "Triggers": [                                                                                                                             
     ],                                                                                                                                        
     "Execution Time": 266967.445                                                                                                              
   }                                                                                                                                           
 ]
