 [                                                                                                                                                                        
   {                                                                                                                                                                      
     "Plan": {                                                                                                                                                            
       "Node Type": "Aggregate",                                                                                                                                          
       "Strategy": "Plain",                                                                                                                                               
       "Partial Mode": "Simple",                                                                                                                                          
       "Parallel Aware": false,                                                                                                                                           
       "Startup Cost": 40069.49,                                                                                                                                          
       "Total Cost": 40069.49,                                                                                                                                            
       "Plan Rows": 1,                                                                                                                                                    
       "Plan Width": 128,                                                                                                                                                 
       "Actual Startup Time": 478344.633,                                                                                                                                 
       "Actual Total Time": 478344.634,                                                                                                                                   
       "Actual Rows": 1,                                                                                                                                                  
       "Actual Loops": 1,                                                                                                                                                 
       "Shared Hit Blocks": 10453681,                                                                                                                                     
       "Shared Read Blocks": 336185,                                                                                                                                      
       "Shared Dirtied Blocks": 0,                                                                                                                                        
       "Shared Written Blocks": 0,                                                                                                                                        
       "Local Hit Blocks": 0,                                                                                                                                             
       "Local Read Blocks": 0,                                                                                                                                            
       "Local Dirtied Blocks": 0,                                                                                                                                         
       "Local Written Blocks": 0,                                                                                                                                         
       "Temp Read Blocks": 0,                                                                                                                                             
       "Temp Written Blocks": 0,                                                                                                                                          
       "Plans": [                                                                                                                                                         
         {                                                                                                                                                                
           "Node Type": "Nested Loop",                                                                                                                                    
           "Parent Relationship": "Outer",                                                                                                                                
           "Parallel Aware": false,                                                                                                                                       
           "Join Type": "Inner",                                                                                                                                          
           "Startup Cost": 0.08,                                                                                                                                          
           "Total Cost": 40067.97,                                                                                                                                        
           "Plan Rows": 4872,                                                                                                                                             
           "Plan Width": 64,                                                                                                                                              
           "Actual Startup Time": 4643.390,                                                                                                                               
           "Actual Total Time": 477744.918,                                                                                                                               
           "Actual Rows": 483082,                                                                                                                                         
           "Actual Loops": 1,                                                                                                                                             
           "Inner Unique": true,                                                                                                                                          
           "Join Filter": "(ci.movie_id = t.id)",                                                                                                                         
           "Rows Removed by Join Filter": 0,                                                                                                                              
           "Shared Hit Blocks": 10453681,                                                                                                                                 
           "Shared Read Blocks": 336185,                                                                                                                                  
           "Shared Dirtied Blocks": 0,                                                                                                                                    
           "Shared Written Blocks": 0,                                                                                                                                    
           "Local Hit Blocks": 0,                                                                                                                                         
           "Local Read Blocks": 0,                                                                                                                                        
           "Local Dirtied Blocks": 0,                                                                                                                                     
           "Local Written Blocks": 0,                                                                                                                                     
           "Temp Read Blocks": 0,                                                                                                                                         
           "Temp Written Blocks": 0,                                                                                                                                      
           "Plans": [                                                                                                                                                     
             {                                                                                                                                                            
               "Node Type": "Nested Loop",                                                                                                                                
               "Parent Relationship": "Outer",                                                                                                                            
               "Parallel Aware": false,                                                                                                                                   
               "Join Type": "Inner",                                                                                                                                      
               "Startup Cost": 0.07,                                                                                                                                      
               "Total Cost": 39755.95,                                                                                                                                    
               "Plan Rows": 4872,                                                                                                                                         
               "Plan Width": 55,                                                                                                                                          
               "Actual Startup Time": 4590.853,                                                                                                                           
               "Actual Total Time": 321709.925,                                                                                                                           
               "Actual Rows": 483082,                                                                                                                                     
               "Actual Loops": 1,                                                                                                                                         
               "Inner Unique": true,                                                                                                                                      
               "Shared Hit Blocks": 8536427,                                                                                                                              
               "Shared Read Blocks": 320004,                                                                                                                              
               "Shared Dirtied Blocks": 0,                                                                                                                                
               "Shared Written Blocks": 0,                                                                                                                                
               "Local Hit Blocks": 0,                                                                                                                                     
               "Local Read Blocks": 0,                                                                                                                                    
               "Local Dirtied Blocks": 0,                                                                                                                                 
               "Local Written Blocks": 0,                                                                                                                                 
               "Temp Read Blocks": 0,                                                                                                                                     
               "Temp Written Blocks": 0,                                                                                                                                  
               "Plans": [                                                                                                                                                 
                 {                                                                                                                                                        
                   "Node Type": "Nested Loop",                                                                                                                            
                   "Parent Relationship": "Outer",                                                                                                                        
                   "Parallel Aware": false,                                                                                                                               
                   "Join Type": "Inner",                                                                                                                                  
                   "Startup Cost": 0.05,                                                                                                                                  
                   "Total Cost": 39515.56,                                                                                                                                
                   "Plan Rows": 13494,                                                                                                                                    
                   "Plan Width": 59,                                                                                                                                      
                   "Actual Startup Time": 4449.054,                                                                                                                       
                   "Actual Total Time": 290758.472,                                                                                                                       
                   "Actual Rows": 909946,                                                                                                                                 
                   "Actual Loops": 1,                                                                                                                                     
                   "Inner Unique": false,                                                                                                                                 
                   "Shared Hit Blocks": 4898987,                                                                                                                          
                   "Shared Read Blocks": 316491,                                                                                                                          
                   "Shared Dirtied Blocks": 0,                                                                                                                            
                   "Shared Written Blocks": 0,                                                                                                                            
                   "Local Hit Blocks": 0,                                                                                                                                 
                   "Local Read Blocks": 0,                                                                                                                                
                   "Local Dirtied Blocks": 0,                                                                                                                             
                   "Local Written Blocks": 0,                                                                                                                             
                   "Temp Read Blocks": 0,                                                                                                                                 
                   "Temp Written Blocks": 0,                                                                                                                              
                   "Plans": [                                                                                                                                             
                     {                                                                                                                                                    
                       "Node Type": "Nested Loop",                                                                                                                        
                       "Parent Relationship": "Outer",                                                                                                                    
                       "Parallel Aware": false,                                                                                                                           
                       "Join Type": "Inner",                                                                                                                              
                       "Startup Cost": 0.04,                                                                                                                              
                       "Total Cost": 38773.68,                                                                                                                            
                       "Plan Rows": 7026,                                                                                                                                 
                       "Plan Width": 51,                                                                                                                                  
                       "Actual Startup Time": 4394.572,                                                                                                                   
                       "Actual Total Time": 143048.853,                                                                                                                   
                       "Actual Rows": 482841,                                                                                                                             
                       "Actual Loops": 1,                                                                                                                                 
                       "Inner Unique": false,                                                                                                                             
                       "Shared Hit Blocks": 3052755,                                                                                                                      
                       "Shared Read Blocks": 301450,                                                                                                                      
                       "Shared Dirtied Blocks": 0,                                                                                                                        
                       "Shared Written Blocks": 0,                                                                                                                        
                       "Local Hit Blocks": 0,                                                                                                                             
                       "Local Read Blocks": 0,                                                                                                                            
                       "Local Dirtied Blocks": 0,                                                                                                                         
                       "Local Written Blocks": 0,                                                                                                                         
                       "Temp Read Blocks": 0,                                                                                                                             
                       "Temp Written Blocks": 0,                                                                                                                          
                       "Plans": [                                                                                                                                         
                         {                                                                                                                                                
                           "Node Type": "Nested Loop",                                                                                                                    
                           "Parent Relationship": "Outer",                                                                                                                
                           "Parallel Aware": false,                                                                                                                       
                           "Join Type": "Inner",                                                                                                                          
                           "Startup Cost": 0.03,                                                                                                                          
                           "Total Cost": 38306.37,                                                                                                                        
                           "Plan Rows": 8081,                                                                                                                             
                           "Plan Width": 43,                                                                                                                              
                           "Actual Startup Time": 4246.790,                                                                                                               
                           "Actual Total Time": 137720.566,                                                                                                               
                           "Actual Rows": 255493,                                                                                                                         
                           "Actual Loops": 1,                                                                                                                             
                           "Inner Unique": true,                                                                                                                          
                           "Shared Hit Blocks": 2086832,                                                                                                                  
                           "Shared Read Blocks": 294754,                                                                                                                  
                           "Shared Dirtied Blocks": 0,                                                                                                                    
                           "Shared Written Blocks": 0,                                                                                                                    
                           "Local Hit Blocks": 0,                                                                                                                         
                           "Local Read Blocks": 0,                                                                                                                        
                           "Local Dirtied Blocks": 0,                                                                                                                     
                           "Local Written Blocks": 0,                                                                                                                     
                           "Temp Read Blocks": 0,                                                                                                                         
                           "Temp Written Blocks": 0,                                                                                                                      
                           "Plans": [                                                                                                                                     
                             {                                                                                                                                            
                               "Node Type": "Nested Loop",                                                                                                                
                               "Parent Relationship": "Outer",                                                                                                            
                               "Parallel Aware": false,                                                                                                                   
                               "Join Type": "Inner",                                                                                                                      
                               "Startup Cost": 0.01,                                                                                                                      
                               "Total Cost": 35275.64,                                                                                                                    
                               "Plan Rows": 16652,                                                                                                                        
                               "Plan Width": 31,                                                                                                                          
                               "Actual Startup Time": 4219.949,                                                                                                           
                               "Actual Total Time": 22208.601,                                                                                                            
                               "Actual Rows": 276005,                                                                                                                     
                               "Actual Loops": 1,                                                                                                                         
                               "Inner Unique": true,                                                                                                                      
                               "Shared Hit Blocks": 1091051,                                                                                                              
                               "Shared Read Blocks": 267856,                                                                                                              
                               "Shared Dirtied Blocks": 0,                                                                                                                
                               "Shared Written Blocks": 0,                                                                                                                
                               "Local Hit Blocks": 0,                                                                                                                     
                               "Local Read Blocks": 0,                                                                                                                    
                               "Local Dirtied Blocks": 0,                                                                                                                 
                               "Local Written Blocks": 0,                                                                                                                 
                               "Temp Read Blocks": 0,                                                                                                                     
                               "Temp Written Blocks": 0,                                                                                                                  
                               "Plans": [                                                                                                                                 
                                 {                                                                                                                                        
                                   "Node Type": "Nested Loop",                                                                                                            
                                   "Parent Relationship": "Outer",                                                                                                        
                                   "Parallel Aware": false,                                                                                                               
                                   "Join Type": "Inner",                                                                                                                  
                                   "Startup Cost": 0.00,                                                                                                                  
                                   "Total Cost": 16253.30,                                                                                                                
                                   "Plan Rows": 72136,                                                                                                                    
                                   "Plan Width": 12,                                                                                                                      
                                   "Actual Startup Time": 4195.022,                                                                                                       
                                   "Actual Total Time": 14313.030,                                                                                                        
                                   "Actual Rows": 276166,                                                                                                                 
                                   "Actual Loops": 1,                                                                                                                     
                                   "Inner Unique": true,                                                                                                                  
                                   "Join Filter": "(ci.role_id = rt.id)",                                                                                                 
                                   "Rows Removed by Join Filter": 591311,                                                                                                 
                                   "Shared Hit Blocks": 0,                                                                                                                
                                   "Shared Read Blocks": 252655,                                                                                                          
                                   "Shared Dirtied Blocks": 0,                                                                                                            
                                   "Shared Written Blocks": 0,                                                                                                            
                                   "Local Hit Blocks": 0,                                                                                                                 
                                   "Local Read Blocks": 0,                                                                                                                
                                   "Local Dirtied Blocks": 0,                                                                                                             
                                   "Local Written Blocks": 0,                                                                                                             
                                   "Temp Read Blocks": 0,                                                                                                                 
                                   "Temp Written Blocks": 0,                                                                                                              
                                   "Plans": [                                                                                                                             
                                     {                                                                                                                                    
                                       "Node Type": "Seq Scan",                                                                                                           
                                       "Parent Relationship": "Outer",                                                                                                    
                                       "Parallel Aware": false,                                                                                                           
                                       "Relation Name": "cast_info",                                                                                                      
                                       "Alias": "ci",                                                                                                                     
                                       "Startup Cost": 0.00,                                                                                                              
                                       "Total Cost": 16059.00,                                                                                                            
                                       "Plan Rows": 865636,                                                                                                               
                                       "Plan Width": 16,                                                                                                                  
                                       "Actual Startup Time": 27.188,                                                                                                     
                                       "Actual Total Time": 13587.307,                                                                                                    
                                       "Actual Rows": 867477,                                                                                                             
                                       "Actual Loops": 1,                                                                                                                 
                                       "Filter": "(note = ANY ('{(voice),\"(voice: Japanese version)\",\"(voice) (uncredited)\",\"(voice: English version)\"}'::text[]))",
                                       "Rows Removed by Filter": 35376867,                                                                                                
                                       "Shared Hit Blocks": 0,                                                                                                            
                                       "Shared Read Blocks": 252654,                                                                                                      
                                       "Shared Dirtied Blocks": 0,                                                                                                        
                                       "Shared Written Blocks": 0,                                                                                                        
                                       "Local Hit Blocks": 0,                                                                                                             
                                       "Local Read Blocks": 0,                                                                                                            
                                       "Local Dirtied Blocks": 0,                                                                                                         
                                       "Local Written Blocks": 0,                                                                                                         
                                       "Temp Read Blocks": 0,                                                                                                             
                                       "Temp Written Blocks": 0                                                                                                           
                                     },                                                                                                                                   
                                     {                                                                                                                                    
                                       "Node Type": "Materialize",                                                                                                        
                                       "Parent Relationship": "Inner",                                                                                                    
                                       "Parallel Aware": false,                                                                                                           
                                       "Startup Cost": 0.00,                                                                                                              
                                       "Total Cost": 0.03,                                                                                                                
                                       "Plan Rows": 1,                                                                                                                    
                                       "Plan Width": 4,                                                                                                                   
                                       "Actual Startup Time": 0.000,                                                                                                      
                                       "Actual Total Time": 0.000,                                                                                                        
                                       "Actual Rows": 1,                                                                                                                  
                                       "Actual Loops": 867477,                                                                                                            
                                       "Shared Hit Blocks": 0,                                                                                                            
                                       "Shared Read Blocks": 1,                                                                                                           
                                       "Shared Dirtied Blocks": 0,                                                                                                        
                                       "Shared Written Blocks": 0,                                                                                                        
                                       "Local Hit Blocks": 0,                                                                                                             
                                       "Local Read Blocks": 0,                                                                                                            
                                       "Local Dirtied Blocks": 0,                                                                                                         
                                       "Local Written Blocks": 0,                                                                                                         
                                       "Temp Read Blocks": 0,                                                                                                             
                                       "Temp Written Blocks": 0,                                                                                                          
                                       "Plans": [                                                                                                                         
                                         {                                                                                                                                
                                           "Node Type": "Seq Scan",                                                                                                       
                                           "Parent Relationship": "Outer",                                                                                                
                                           "Parallel Aware": false,                                                                                                       
                                           "Relation Name": "role_type",                                                                                                  
                                           "Alias": "rt",                                                                                                                 
                                           "Startup Cost": 0.00,                                                                                                          
                                           "Total Cost": 0.03,                                                                                                            
                                           "Plan Rows": 1,                                                                                                                
                                           "Plan Width": 4,                                                                                                               
                                           "Actual Startup Time": 21.827,                                                                                                 
                                           "Actual Total Time": 21.834,                                                                                                   
                                           "Actual Rows": 1,                                                                                                              
                                           "Actual Loops": 1,                                                                                                             
                                           "Filter": "((role)::text = 'actress'::text)",                                                                                  
                                           "Rows Removed by Filter": 11,                                                                                                  
                                           "Shared Hit Blocks": 0,                                                                                                        
                                           "Shared Read Blocks": 1,                                                                                                       
                                           "Shared Dirtied Blocks": 0,                                                                                                    
                                           "Shared Written Blocks": 0,                                                                                                    
                                           "Local Hit Blocks": 0,                                                                                                         
                                           "Local Read Blocks": 0,                                                                                                        
                                           "Local Dirtied Blocks": 0,                                                                                                     
                                           "Local Written Blocks": 0,                                                                                                     
                                           "Temp Read Blocks": 0,                                                                                                         
                                           "Temp Written Blocks": 0                                                                                                       
                                         }                                                                                                                                
                                       ]                                                                                                                                  
                                     }                                                                                                                                    
                                   ]                                                                                                                                      
                                 },                                                                                                                                       
                                 {                                                                                                                                        
                                   "Node Type": "Index Scan",                                                                                                             
                                   "Parent Relationship": "Inner",                                                                                                        
                                   "Parallel Aware": false,                                                                                                               
                                   "Scan Direction": "Forward",                                                                                                           
                                   "Index Name": "name_pkey",                                                                                                             
                                   "Relation Name": "name",                                                                                                               
                                   "Alias": "n",                                                                                                                          
                                   "Startup Cost": 0.01,                                                                                                                  
                                   "Total Cost": 0.26,                                                                                                                    
                                   "Plan Rows": 1,                                                                                                                        
                                   "Plan Width": 19,                                                                                                                      
                                   "Actual Startup Time": 0.027,                                                                                                          
                                   "Actual Total Time": 0.027,                                                                                                            
                                   "Actual Rows": 1,                                                                                                                      
                                   "Actual Loops": 276166,                                                                                                                
                                   "Index Cond": "(id = ci.person_id)",                                                                                                   
                                   "Rows Removed by Index Recheck": 0,                                                                                                    
                                   "Filter": "((gender)::text = 'f'::text)",                                                                                              
                                   "Rows Removed by Filter": 0,                                                                                                           
                                   "Shared Hit Blocks": 1091051,                                                                                                          
                                   "Shared Read Blocks": 15201,                                                                                                           
                                   "Shared Dirtied Blocks": 0,                                                                                                            
                                   "Shared Written Blocks": 0,                                                                                                            
                                   "Local Hit Blocks": 0,                                                                                                                 
                                   "Local Read Blocks": 0,                                                                                                                
                                   "Local Dirtied Blocks": 0,                                                                                                             
                                   "Local Written Blocks": 0,                                                                                                             
                                   "Temp Read Blocks": 0,                                                                                                                 
                                   "Temp Written Blocks": 0                                                                                                               
                                 }                                                                                                                                        
                               ]                                                                                                                                          
                             },                                                                                                                                           
                             {                                                                                                                                            
                               "Node Type": "Index Scan",                                                                                                                 
                               "Parent Relationship": "Inner",                                                                                                            
                               "Parallel Aware": false,                                                                                                                   
                               "Scan Direction": "Forward",                                                                                                               
                               "Index Name": "char_name_pkey",                                                                                                            
                               "Relation Name": "char_name",                                                                                                              
                               "Alias": "chn",                                                                                                                            
                               "Startup Cost": 0.01,                                                                                                                      
                               "Total Cost": 0.18,                                                                                                                        
                               "Plan Rows": 1,                                                                                                                            
                               "Plan Width": 20,                                                                                                                          
                               "Actual Startup Time": 0.417,                                                                                                              
                               "Actual Total Time": 0.417,                                                                                                                
                               "Actual Rows": 1,                                                                                                                          
                               "Actual Loops": 276005,                                                                                                                    
                               "Index Cond": "(id = ci.person_role_id)",                                                                                                  
                               "Rows Removed by Index Recheck": 0,                                                                                                        
                               "Shared Hit Blocks": 995781,                                                                                                               
                               "Shared Read Blocks": 26898,                                                                                                               
                               "Shared Dirtied Blocks": 0,                                                                                                                
                               "Shared Written Blocks": 0,                                                                                                                
                               "Local Hit Blocks": 0,                                                                                                                     
                               "Local Read Blocks": 0,                                                                                                                    
                               "Local Dirtied Blocks": 0,                                                                                                                 
                               "Local Written Blocks": 0,                                                                                                                 
                               "Temp Read Blocks": 0,                                                                                                                     
                               "Temp Written Blocks": 0                                                                                                                   
                             }                                                                                                                                            
                           ]                                                                                                                                              
                         },                                                                                                                                               
                         {                                                                                                                                                
                           "Node Type": "Index Scan",                                                                                                                     
                           "Parent Relationship": "Inner",                                                                                                                
                           "Parallel Aware": false,                                                                                                                       
                           "Scan Direction": "Forward",                                                                                                                   
                           "Index Name": "person_id_aka_name",                                                                                                            
                           "Relation Name": "aka_name",                                                                                                                   
                           "Alias": "an",                                                                                                                                 
                           "Startup Cost": 0.01,                                                                                                                          
                           "Total Cost": 0.06,                                                                                                                            
                           "Plan Rows": 2,                                                                                                                                
                           "Plan Width": 20,                                                                                                                              
                           "Actual Startup Time": 0.017,                                                                                                                  
                           "Actual Total Time": 0.019,                                                                                                                    
                           "Actual Rows": 2,                                                                                                                              
                           "Actual Loops": 255493,                                                                                                                        
                           "Index Cond": "(person_id = n.id)",                                                                                                            
                           "Rows Removed by Index Recheck": 0,                                                                                                            
                           "Shared Hit Blocks": 965923,                                                                                                                   
                           "Shared Read Blocks": 6696,                                                                                                                    
                           "Shared Dirtied Blocks": 0,                                                                                                                    
                           "Shared Written Blocks": 0,                                                                                                                    
                           "Local Hit Blocks": 0,                                                                                                                         
                           "Local Read Blocks": 0,                                                                                                                        
                           "Local Dirtied Blocks": 0,                                                                                                                     
                           "Local Written Blocks": 0,                                                                                                                     
                           "Temp Read Blocks": 0,                                                                                                                         
                           "Temp Written Blocks": 0                                                                                                                       
                         }                                                                                                                                                
                       ]                                                                                                                                                  
                     },                                                                                                                                                   
                     {                                                                                                                                                    
                       "Node Type": "Index Scan",                                                                                                                         
                       "Parent Relationship": "Inner",                                                                                                                    
                       "Parallel Aware": false,                                                                                                                           
                       "Scan Direction": "Forward",                                                                                                                       
                       "Index Name": "movie_id_movie_companies",                                                                                                          
                       "Relation Name": "movie_companies",                                                                                                                
                       "Alias": "mc",                                                                                                                                     
                       "Startup Cost": 0.01,                                                                                                                              
                       "Total Cost": 0.11,                                                                                                                                
                       "Plan Rows": 2,                                                                                                                                    
                       "Plan Width": 8,                                                                                                                                   
                       "Actual Startup Time": 0.249,                                                                                                                      
                       "Actual Total Time": 0.304,                                                                                                                        
                       "Actual Rows": 2,                                                                                                                                  
                       "Actual Loops": 482841,                                                                                                                            
                       "Index Cond": "(movie_id = ci.movie_id)",                                                                                                          
                       "Rows Removed by Index Recheck": 0,                                                                                                                
                       "Shared Hit Blocks": 1846232,                                                                                                                      
                       "Shared Read Blocks": 15041,                                                                                                                       
                       "Shared Dirtied Blocks": 0,                                                                                                                        
                       "Shared Written Blocks": 0,                                                                                                                        
                       "Local Hit Blocks": 0,                                                                                                                             
                       "Local Read Blocks": 0,                                                                                                                            
                       "Local Dirtied Blocks": 0,                                                                                                                         
                       "Local Written Blocks": 0,                                                                                                                         
                       "Temp Read Blocks": 0,                                                                                                                             
                       "Temp Written Blocks": 0                                                                                                                           
                     }                                                                                                                                                    
                   ]                                                                                                                                                      
                 },                                                                                                                                                       
                 {                                                                                                                                                        
                   "Node Type": "Index Scan",                                                                                                                             
                   "Parent Relationship": "Inner",                                                                                                                        
                   "Parallel Aware": false,                                                                                                                               
                   "Scan Direction": "Forward",                                                                                                                           
                   "Index Name": "company_name_pkey",                                                                                                                     
                   "Relation Name": "company_name",                                                                                                                       
                   "Alias": "cn",                                                                                                                                         
                   "Startup Cost": 0.01,                                                                                                                                  
                   "Total Cost": 0.02,                                                                                                                                    
                   "Plan Rows": 1,                                                                                                                                        
                   "Plan Width": 4,                                                                                                                                       
                   "Actual Startup Time": 0.033,                                                                                                                          
                   "Actual Total Time": 0.033,                                                                                                                            
                   "Actual Rows": 1,                                                                                                                                      
                   "Actual Loops": 909946,                                                                                                                                
                   "Index Cond": "(id = mc.company_id)",                                                                                                                  
                   "Rows Removed by Index Recheck": 0,                                                                                                                    
                   "Filter": "((country_code)::text = '[us]'::text)",                                                                                                     
                   "Rows Removed by Filter": 0,                                                                                                                           
                   "Shared Hit Blocks": 3637440,                                                                                                                          
                   "Shared Read Blocks": 3513,                                                                                                                            
                   "Shared Dirtied Blocks": 0,                                                                                                                            
                   "Shared Written Blocks": 0,                                                                                                                            
                   "Local Hit Blocks": 0,                                                                                                                                 
                   "Local Read Blocks": 0,                                                                                                                                
                   "Local Dirtied Blocks": 0,                                                                                                                             
                   "Local Written Blocks": 0,                                                                                                                             
                   "Temp Read Blocks": 0,                                                                                                                                 
                   "Temp Written Blocks": 0                                                                                                                               
                 }                                                                                                                                                        
               ]                                                                                                                                                          
             },                                                                                                                                                           
             {                                                                                                                                                            
               "Node Type": "Index Scan",                                                                                                                                 
               "Parent Relationship": "Inner",                                                                                                                            
               "Parallel Aware": false,                                                                                                                                   
               "Scan Direction": "Forward",                                                                                                                               
               "Index Name": "title_idx_id",                                                                                                                              
               "Relation Name": "title",                                                                                                                                  
               "Alias": "t",                                                                                                                                              
               "Startup Cost": 0.01,                                                                                                                                      
               "Total Cost": 0.06,                                                                                                                                        
               "Plan Rows": 1,                                                                                                                                            
               "Plan Width": 21,                                                                                                                                          
               "Actual Startup Time": 0.321,                                                                                                                              
               "Actual Total Time": 0.321,                                                                                                                                
               "Actual Rows": 1,                                                                                                                                          
               "Actual Loops": 483082,                                                                                                                                    
               "Index Cond": "(id = mc.movie_id)",                                                                                                                        
               "Rows Removed by Index Recheck": 0,                                                                                                                        
               "Shared Hit Blocks": 1917254,                                                                                                                              
               "Shared Read Blocks": 16181,                                                                                                                               
               "Shared Dirtied Blocks": 0,                                                                                                                                
               "Shared Written Blocks": 0,                                                                                                                                
               "Local Hit Blocks": 0,                                                                                                                                     
               "Local Read Blocks": 0,                                                                                                                                    
               "Local Dirtied Blocks": 0,                                                                                                                                 
               "Local Written Blocks": 0,                                                                                                                                 
               "Temp Read Blocks": 0,                                                                                                                                     
               "Temp Written Blocks": 0                                                                                                                                   
             }                                                                                                                                                            
           ]                                                                                                                                                              
         }                                                                                                                                                                
       ]                                                                                                                                                                  
     },                                                                                                                                                                   
     "Planning Time": 2825.063,                                                                                                                                           
     "Triggers": [                                                                                                                                                        
     ],                                                                                                                                                                   
     "Execution Time": 478364.362                                                                                                                                         
   }                                                                                                                                                                      
 ]
