 [                                                                                                               
   {                                                                                                             
     "Plan": {                                                                                                   
       "Node Type": "Aggregate",                                                                                 
       "Strategy": "Plain",                                                                                      
       "Partial Mode": "Simple",                                                                                 
       "Parallel Aware": false,                                                                                  
       "Startup Cost": 1014100.42,                                                                               
       "Total Cost": 1014100.42,                                                                                 
       "Plan Rows": 1,                                                                                           
       "Plan Width": 32,                                                                                         
       "Actual Startup Time": 102599.333,                                                                        
       "Actual Total Time": 102599.333,                                                                          
       "Actual Rows": 1,                                                                                         
       "Actual Loops": 1,                                                                                        
       "Shared Hit Blocks": 24,                                                                                  
       "Shared Read Blocks": 406829,                                                                             
       "Shared Dirtied Blocks": 0,                                                                               
       "Shared Written Blocks": 0,                                                                               
       "Local Hit Blocks": 0,                                                                                    
       "Local Read Blocks": 0,                                                                                   
       "Local Dirtied Blocks": 0,                                                                                
       "Local Written Blocks": 0,                                                                                
       "Temp Read Blocks": 356442,                                                                               
       "Temp Written Blocks": 321435,                                                                            
       "Plans": [                                                                                                
         {                                                                                                       
           "Node Type": "Merge Join",                                                                            
           "Parent Relationship": "Outer",                                                                       
           "Parallel Aware": false,                                                                              
           "Join Type": "Inner",                                                                                 
           "Startup Cost": 1012193.19,                                                                           
           "Total Cost": 1013613.41,                                                                             
           "Plan Rows": 6272686,                                                                                 
           "Plan Width": 17,                                                                                     
           "Actual Startup Time": 70998.595,                                                                     
           "Actual Total Time": 91499.066,                                                                       
           "Actual Rows": 82254916,                                                                              
           "Actual Loops": 1,                                                                                    
           "Inner Unique": false,                                                                                
           "Merge Cond": "(mk.movie_id = t.id)",                                                                 
           "Shared Hit Blocks": 24,                                                                              
           "Shared Read Blocks": 406829,                                                                         
           "Shared Dirtied Blocks": 0,                                                                           
           "Shared Written Blocks": 0,                                                                           
           "Local Hit Blocks": 0,                                                                                
           "Local Read Blocks": 0,                                                                               
           "Local Dirtied Blocks": 0,                                                                            
           "Local Written Blocks": 0,                                                                            
           "Temp Read Blocks": 356442,                                                                           
           "Temp Written Blocks": 321435,                                                                        
           "Plans": [                                                                                            
             {                                                                                                   
               "Node Type": "Sort",                                                                              
               "Parent Relationship": "Outer",                                                                   
               "Parallel Aware": false,                                                                          
               "Startup Cost": 89316.26,                                                                         
               "Total Cost": 89667.49,                                                                           
               "Plan Rows": 4523930,                                                                             
               "Plan Width": 4,                                                                                  
               "Actual Startup Time": 6094.202,                                                                  
               "Actual Total Time": 6989.747,                                                                    
               "Actual Rows": 4523865,                                                                           
               "Actual Loops": 1,                                                                                
               "Sort Key": ["mk.movie_id"],                                                                      
               "Sort Method": "external merge",                                                                  
               "Sort Space Used": 61984,                                                                         
               "Sort Space Type": "Disk",                                                                        
               "Shared Hit Blocks": 9,                                                                           
               "Shared Read Blocks": 25398,                                                                      
               "Shared Dirtied Blocks": 0,                                                                       
               "Shared Written Blocks": 0,                                                                       
               "Local Hit Blocks": 0,                                                                            
               "Local Read Blocks": 0,                                                                           
               "Local Dirtied Blocks": 0,                                                                        
               "Local Written Blocks": 0,                                                                        
               "Temp Read Blocks": 17709,                                                                        
               "Temp Written Blocks": 17773,                                                                     
               "Plans": [                                                                                        
                 {                                                                                               
                   "Node Type": "Merge Join",                                                                    
                   "Parent Relationship": "Outer",                                                               
                   "Parallel Aware": false,                                                                      
                   "Join Type": "Inner",                                                                         
                   "Startup Cost": 44876.96,                                                                     
                   "Total Cost": 45913.06,                                                                       
                   "Plan Rows": 4523930,                                                                         
                   "Plan Width": 4,                                                                              
                   "Actual Startup Time": 2770.807,                                                              
                   "Actual Total Time": 4318.636,                                                                
                   "Actual Rows": 4523930,                                                                       
                   "Actual Loops": 1,                                                                            
                   "Inner Unique": true,                                                                         
                   "Merge Cond": "(mk.keyword_id = k.id)",                                                       
                   "Shared Hit Blocks": 5,                                                                       
                   "Shared Read Blocks": 25398,                                                                  
                   "Shared Dirtied Blocks": 0,                                                                   
                   "Shared Written Blocks": 0,                                                                   
                   "Local Hit Blocks": 0,                                                                        
                   "Local Read Blocks": 0,                                                                       
                   "Local Dirtied Blocks": 0,                                                                    
                   "Local Written Blocks": 0,                                                                    
                   "Temp Read Blocks": 9961,                                                                     
                   "Temp Written Blocks": 9993,                                                                  
                   "Plans": [                                                                                    
                     {                                                                                           
                       "Node Type": "Sort",                                                                      
                       "Parent Relationship": "Outer",                                                           
                       "Parallel Aware": false,                                                                  
                       "Startup Cost": 44483.04,                                                                 
                       "Total Cost": 44834.27,                                                                   
                       "Plan Rows": 4523930,                                                                     
                       "Plan Width": 8,                                                                          
                       "Actual Startup Time": 2654.775,                                                          
                       "Actual Total Time": 3307.551,                                                            
                       "Actual Rows": 4523930,                                                                   
                       "Actual Loops": 1,                                                                        
                       "Sort Key": ["mk.keyword_id"],                                                            
                       "Sort Method": "external merge",                                                          
                       "Sort Space Used": 79688,                                                                 
                       "Sort Space Type": "Disk",                                                                
                       "Shared Hit Blocks": 3,                                                                   
                       "Shared Read Blocks": 24451,                                                              
                       "Shared Dirtied Blocks": 0,                                                               
                       "Shared Written Blocks": 0,                                                               
                       "Local Hit Blocks": 0,                                                                    
                       "Local Read Blocks": 0,                                                                   
                       "Local Dirtied Blocks": 0,                                                                
                       "Local Written Blocks": 0,                                                                
                       "Temp Read Blocks": 9961,                                                                 
                       "Temp Written Blocks": 9993,                                                              
                       "Plans": [                                                                                
                         {                                                                                       
                           "Node Type": "Seq Scan",                                                              
                           "Parent Relationship": "Outer",                                                       
                           "Parallel Aware": false,                                                              
                           "Relation Name": "movie_keyword",                                                     
                           "Alias": "mk",                                                                        
                           "Startup Cost": 0.00,                                                                 
                           "Total Cost": 1079.84,                                                                
                           "Plan Rows": 4523930,                                                                 
                           "Plan Width": 8,                                                                      
                           "Actual Startup Time": 0.030,                                                         
                           "Actual Total Time": 765.424,                                                         
                           "Actual Rows": 4523930,                                                               
                           "Actual Loops": 1,                                                                    
                           "Shared Hit Blocks": 3,                                                               
                           "Shared Read Blocks": 24451,                                                          
                           "Shared Dirtied Blocks": 0,                                                           
                           "Shared Written Blocks": 0,                                                           
                           "Local Hit Blocks": 0,                                                                
                           "Local Read Blocks": 0,                                                               
                           "Local Dirtied Blocks": 0,                                                            
                           "Local Written Blocks": 0,                                                            
                           "Temp Read Blocks": 0,                                                                
                           "Temp Written Blocks": 0                                                              
                         }                                                                                       
                       ]                                                                                         
                     },                                                                                          
                     {                                                                                           
                       "Node Type": "Sort",                                                                      
                       "Parent Relationship": "Inner",                                                           
                       "Parallel Aware": false,                                                                  
                       "Startup Cost": 393.92,                                                                   
                       "Total Cost": 404.34,                                                                     
                       "Plan Rows": 134170,                                                                      
                       "Plan Width": 4,                                                                          
                       "Actual Startup Time": 116.023,                                                           
                       "Actual Total Time": 132.327,                                                             
                       "Actual Rows": 134170,                                                                    
                       "Actual Loops": 1,                                                                        
                       "Sort Key": ["k.id"],                                                                     
                       "Sort Method": "quicksort",                                                               
                       "Sort Space Used": 9703,                                                                  
                       "Sort Space Type": "Memory",                                                              
                       "Shared Hit Blocks": 2,                                                                   
                       "Shared Read Blocks": 947,                                                                
                       "Shared Dirtied Blocks": 0,                                                               
                       "Shared Written Blocks": 0,                                                               
                       "Local Hit Blocks": 0,                                                                    
                       "Local Read Blocks": 0,                                                                   
                       "Local Dirtied Blocks": 0,                                                                
                       "Local Written Blocks": 0,                                                                
                       "Temp Read Blocks": 0,                                                                    
                       "Temp Written Blocks": 0,                                                                 
                       "Plans": [                                                                                
                         {                                                                                       
                           "Node Type": "Seq Scan",                                                              
                           "Parent Relationship": "Outer",                                                       
                           "Parallel Aware": false,                                                              
                           "Relation Name": "keyword",                                                           
                           "Alias": "k",                                                                         
                           "Startup Cost": 0.00,                                                                 
                           "Total Cost": 39.04,                                                                  
                           "Plan Rows": 134170,                                                                  
                           "Plan Width": 4,                                                                      
                           "Actual Startup Time": 25.263,                                                        
                           "Actual Total Time": 56.213,                                                          
                           "Actual Rows": 134170,                                                                
                           "Actual Loops": 1,                                                                    
                           "Shared Hit Blocks": 2,                                                               
                           "Shared Read Blocks": 947,                                                            
                           "Shared Dirtied Blocks": 0,                                                           
                           "Shared Written Blocks": 0,                                                           
                           "Local Hit Blocks": 0,                                                                
                           "Local Read Blocks": 0,                                                               
                           "Local Dirtied Blocks": 0,                                                            
                           "Local Written Blocks": 0,                                                            
                           "Temp Read Blocks": 0,                                                                
                           "Temp Written Blocks": 0                                                              
                         }                                                                                       
                       ]                                                                                         
                     }                                                                                           
                   ]                                                                                             
                 }                                                                                               
               ]                                                                                                 
             },                                                                                                  
             {                                                                                                   
               "Node Type": "Materialize",                                                                       
               "Parent Relationship": "Inner",                                                                   
               "Parallel Aware": false,                                                                          
               "Startup Cost": 922876.94,                                                                        
               "Total Cost": 923109.62,                                                                          
               "Plan Rows": 1498470,                                                                             
               "Plan Width": 29,                                                                                 
               "Actual Startup Time": 64903.798,                                                                 
               "Actual Total Time": 69342.187,                                                                   
               "Actual Rows": 82975337,                                                                          
               "Actual Loops": 1,                                                                                
               "Shared Hit Blocks": 15,                                                                          
               "Shared Read Blocks": 381431,                                                                     
               "Shared Dirtied Blocks": 0,                                                                       
               "Shared Written Blocks": 0,                                                                       
               "Local Hit Blocks": 0,                                                                            
               "Local Read Blocks": 0,                                                                           
               "Local Dirtied Blocks": 0,                                                                        
               "Local Written Blocks": 0,                                                                        
               "Temp Read Blocks": 338733,                                                                       
               "Temp Written Blocks": 303662,                                                                    
               "Plans": [                                                                                        
                 {                                                                                               
                   "Node Type": "Sort",                                                                          
                   "Parent Relationship": "Outer",                                                               
                   "Parallel Aware": false,                                                                      
                   "Startup Cost": 922876.94,                                                                    
                   "Total Cost": 922993.28,                                                                      
                   "Plan Rows": 1498470,                                                                         
                   "Plan Width": 29,                                                                             
                   "Actual Startup Time": 64903.795,                                                             
                   "Actual Total Time": 65456.525,                                                               
                   "Actual Rows": 2679508,                                                                       
                   "Actual Loops": 1,                                                                            
                   "Sort Key": ["cc.movie_id"],                                                                  
                   "Sort Method": "external merge",                                                              
                   "Sort Space Used": 107624,                                                                    
                   "Sort Space Type": "Disk",                                                                    
                   "Shared Hit Blocks": 15,                                                                      
                   "Shared Read Blocks": 381431,                                                                 
                   "Shared Dirtied Blocks": 0,                                                                   
                   "Shared Written Blocks": 0,                                                                   
                   "Local Hit Blocks": 0,                                                                        
                   "Local Read Blocks": 0,                                                                       
                   "Local Dirtied Blocks": 0,                                                                    
                   "Local Written Blocks": 0,                                                                    
                   "Temp Read Blocks": 338733,                                                                   
                   "Temp Written Blocks": 303662,                                                                
                   "Plans": [                                                                                    
                     {                                                                                           
                       "Node Type": "Merge Join",                                                                
                       "Parent Relationship": "Outer",                                                           
                       "Parallel Aware": false,                                                                  
                       "Join Type": "Inner",                                                                     
                       "Startup Cost": 900979.70,                                                                
                       "Total Cost": 901946.72,                                                                  
                       "Plan Rows": 1498470,                                                                     
                       "Plan Width": 29,                                                                         
                       "Actual Startup Time": 61774.371,                                                         
                       "Actual Total Time": 63533.872,                                                           
                       "Actual Rows": 2679508,                                                                   
                       "Actual Loops": 1,                                                                        
                       "Inner Unique": true,                                                                     
                       "Merge Cond": "(ci.person_id = n.id)",                                                    
                       "Shared Hit Blocks": 15,                                                                  
                       "Shared Read Blocks": 381431,                                                             
                       "Shared Dirtied Blocks": 0,                                                               
                       "Shared Written Blocks": 0,                                                               
                       "Local Hit Blocks": 0,                                                                    
                       "Local Read Blocks": 0,                                                                   
                       "Local Dirtied Blocks": 0,                                                                
                       "Local Written Blocks": 0,                                                                
                       "Temp Read Blocks": 325280,                                                               
                       "Temp Written Blocks": 290181,                                                            
                       "Plans": [                                                                                
                         {                                                                                       
                           "Node Type": "Sort",                                                                  
                           "Parent Relationship": "Outer",                                                       
                           "Parallel Aware": false,                                                              
                           "Startup Cost": 859039.70,                                                            
                           "Total Cost": 859156.04,                                                              
                           "Plan Rows": 1498470,                                                                 
                           "Plan Width": 33,                                                                     
                           "Actual Startup Time": 58938.137,                                                     
                           "Actual Total Time": 59380.148,                                                       
                           "Actual Rows": 2679508,                                                               
                           "Actual Loops": 1,                                                                    
                           "Sort Key": ["ci.person_id"],                                                         
                           "Sort Method": "external merge",                                                      
                           "Sort Space Used": 118112,                                                            
                           "Sort Space Type": "Disk",                                                            
                           "Shared Hit Blocks": 14,                                                              
                           "Shared Read Blocks": 325819,                                                         
                           "Shared Dirtied Blocks": 0,                                                           
                           "Shared Written Blocks": 0,                                                           
                           "Local Hit Blocks": 0,                                                                
                           "Local Read Blocks": 0,                                                               
                           "Local Dirtied Blocks": 0,                                                            
                           "Local Written Blocks": 0,                                                            
                           "Temp Read Blocks": 320213,                                                           
                           "Temp Written Blocks": 283014,                                                        
                           "Plans": [                                                                            
                             {                                                                                   
                               "Node Type": "Merge Join",                                                        
                               "Parent Relationship": "Outer",                                                   
                               "Parallel Aware": false,                                                          
                               "Join Type": "Inner",                                                             
                               "Startup Cost": 834978.13,                                                        
                               "Total Cost": 835802.05,                                                          
                               "Plan Rows": 1498470,                                                             
                               "Plan Width": 33,                                                                 
                               "Actual Startup Time": 55738.565,                                                 
                               "Actual Total Time": 57724.628,                                                   
                               "Actual Rows": 2679508,                                                           
                               "Actual Loops": 1,                                                                
                               "Inner Unique": true,                                                             
                               "Merge Cond": "(ci.person_role_id = chn.id)",                                     
                               "Shared Hit Blocks": 14,                                                          
                               "Shared Read Blocks": 325819,                                                     
                               "Shared Dirtied Blocks": 0,                                                       
                               "Shared Written Blocks": 0,                                                       
                               "Local Hit Blocks": 0,                                                            
                               "Local Read Blocks": 0,                                                           
                               "Local Dirtied Blocks": 0,                                                        
                               "Local Written Blocks": 0,                                                        
                               "Temp Read Blocks": 305449,                                                       
                               "Temp Written Blocks": 268221,                                                    
                               "Plans": [                                                                        
                                 {                                                                               
                                   "Node Type": "Sort",                                                          
                                   "Parent Relationship": "Outer",                                               
                                   "Parallel Aware": false,                                                      
                                   "Startup Cost": 803746.10,                                                    
                                   "Total Cost": 803986.06,                                                      
                                   "Plan Rows": 3090736,                                                         
                                   "Plan Width": 37,                                                             
                                   "Actual Startup Time": 53703.314,                                             
                                   "Actual Total Time": 54173.927,                                               
                                   "Actual Rows": 2679509,                                                       
                                   "Actual Loops": 1,                                                            
                                   "Sort Key": ["ci.person_role_id"],                                            
                                   "Sort Method": "external merge",                                              
                                   "Sort Space Used": 239416,                                                    
                                   "Sort Space Type": "Disk",                                                    
                                   "Shared Hit Blocks": 12,                                                      
                                   "Shared Read Blocks": 289374,                                                 
                                   "Shared Dirtied Blocks": 0,                                                   
                                   "Shared Written Blocks": 0,                                                   
                                   "Local Hit Blocks": 0,                                                        
                                   "Local Read Blocks": 0,                                                       
                                   "Local Dirtied Blocks": 0,                                                    
                                   "Local Written Blocks": 0,                                                    
                                   "Temp Read Blocks": 300070,                                                   
                                   "Temp Written Blocks": 262820,                                                
                                   "Plans": [                                                                    
                                     {                                                                           
                                       "Node Type": "Merge Join",                                                
                                       "Parent Relationship": "Outer",                                           
                                       "Parallel Aware": false,                                                  
                                       "Join Type": "Inner",                                                     
                                       "Startup Cost": 749252.09,                                                
                                       "Total Cost": 755314.67,                                                  
                                       "Plan Rows": 3090736,                                                     
                                       "Plan Width": 37,                                                         
                                       "Actual Startup Time": 40607.967,                                         
                                       "Actual Total Time": 51422.776,                                           
                                       "Actual Rows": 5212164,                                                   
                                       "Actual Loops": 1,                                                        
                                       "Inner Unique": false,                                                    
                                       "Merge Cond": "(ci.movie_id = t.id)",                                     
                                       "Shared Hit Blocks": 12,                                                  
                                       "Shared Read Blocks": 289374,                                             
                                       "Shared Dirtied Blocks": 0,                                               
                                       "Shared Written Blocks": 0,                                               
                                       "Local Hit Blocks": 0,                                                    
                                       "Local Read Blocks": 0,                                                   
                                       "Local Dirtied Blocks": 0,                                                
                                       "Local Written Blocks": 0,                                                
                                       "Temp Read Blocks": 273031,                                               
                                       "Temp Written Blocks": 222376,                                            
                                       "Plans": [                                                                
                                         {                                                                       
                                           "Node Type": "Sort",                                                  
                                           "Parent Relationship": "Outer",                                       
                                           "Parallel Aware": false,                                              
                                           "Startup Cost": 710003.81,                                            
                                           "Total Cost": 712817.81,                                              
                                           "Plan Rows": 36244344,                                                
                                           "Plan Width": 12,                                                     
                                           "Actual Startup Time": 30151.723,                                     
                                           "Actual Total Time": 35316.216,                                       
                                           "Actual Rows": 36244344,                                              
                                           "Actual Loops": 1,                                                    
                                           "Sort Key": ["ci.movie_id"],                                          
                                           "Sort Method": "external merge",                                      
                                           "Sort Space Used": 707296,                                            
                                           "Sort Space Type": "Disk",                                            
                                           "Shared Hit Blocks": 5,                                               
                                           "Shared Read Blocks": 252649,                                         
                                           "Shared Dirtied Blocks": 0,                                           
                                           "Shared Written Blocks": 0,                                           
                                           "Local Hit Blocks": 0,                                                
                                           "Local Read Blocks": 0,                                               
                                           "Local Dirtied Blocks": 0,                                            
                                           "Local Written Blocks": 0,                                            
                                           "Temp Read Blocks": 208582,                                           
                                           "Temp Written Blocks": 208842,                                        
                                           "Plans": [                                                            
                                             {                                                                   
                                               "Node Type": "Seq Scan",                                          
                                               "Parent Relationship": "Outer",                                   
                                               "Parallel Aware": false,                                          
                                               "Relation Name": "cast_info",                                     
                                               "Alias": "ci",                                                    
                                               "Startup Cost": 0.00,                                             
                                               "Total Cost": 10431.00,                                           
                                               "Plan Rows": 36244344,                                            
                                               "Plan Width": 12,                                                 
                                               "Actual Startup Time": 0.015,                                     
                                               "Actual Total Time": 7256.680,                                    
                                               "Actual Rows": 36244344,                                          
                                               "Actual Loops": 1,                                                
                                               "Shared Hit Blocks": 5,                                           
                                               "Shared Read Blocks": 252649,                                     
                                               "Shared Dirtied Blocks": 0,                                       
                                               "Shared Written Blocks": 0,                                       
                                               "Local Hit Blocks": 0,                                            
                                               "Local Read Blocks": 0,                                           
                                               "Local Dirtied Blocks": 0,                                        
                                               "Local Written Blocks": 0,                                        
                                               "Temp Read Blocks": 0,                                            
                                               "Temp Written Blocks": 0                                          
                                             }                                                                   
                                           ]                                                                     
                                         },                                                                      
                                         {                                                                       
                                           "Node Type": "Sort",                                                  
                                           "Parent Relationship": "Inner",                                       
                                           "Parallel Aware": false,                                              
                                           "Startup Cost": 39248.28,                                             
                                           "Total Cost": 39258.77,                                               
                                           "Plan Rows": 135086,                                                  
                                           "Plan Width": 25,                                                     
                                           "Actual Startup Time": 10455.568,                                     
                                           "Actual Total Time": 10959.767,                                       
                                           "Actual Rows": 5212445,                                               
                                           "Actual Loops": 1,                                                    
                                           "Sort Key": ["cc.movie_id"],                                          
                                           "Sort Method": "external sort",                                       
                                           "Sort Space Used": 5448,                                              
                                           "Sort Space Type": "Disk",                                            
                                           "Shared Hit Blocks": 7,                                               
                                           "Shared Read Blocks": 36725,                                          
                                           "Shared Dirtied Blocks": 0,                                           
                                           "Shared Written Blocks": 0,                                           
                                           "Local Hit Blocks": 0,                                                
                                           "Local Read Blocks": 0,                                               
                                           "Local Dirtied Blocks": 0,                                            
                                           "Local Written Blocks": 0,                                            
                                           "Temp Read Blocks": 38971,                                            
                                           "Temp Written Blocks": 13534,                                         
                                           "Plans": [                                                            
                                             {                                                                   
                                               "Node Type": "Merge Join",                                        
                                               "Parent Relationship": "Outer",                                   
                                               "Parallel Aware": false,                                          
                                               "Join Type": "Inner",                                             
                                               "Startup Cost": 38860.46,                                         
                                               "Total Cost": 38890.77,                                           
                                               "Plan Rows": 135086,                                              
                                               "Plan Width": 25,                                                 
                                               "Actual Startup Time": 10341.849,                                 
                                               "Actual Total Time": 10389.842,                                   
                                               "Actual Rows": 135086,                                            
                                               "Actual Loops": 1,                                                
                                               "Inner Unique": true,                                             
                                               "Merge Cond": "(t.kind_id = kt.id)",                              
                                               "Shared Hit Blocks": 7,                                           
                                               "Shared Read Blocks": 36725,                                      
                                               "Shared Dirtied Blocks": 0,                                       
                                               "Shared Written Blocks": 0,                                       
                                               "Local Hit Blocks": 0,                                            
                                               "Local Read Blocks": 0,                                           
                                               "Local Dirtied Blocks": 0,                                        
                                               "Local Written Blocks": 0,                                        
                                               "Temp Read Blocks": 12145,                                        
                                               "Temp Written Blocks": 12171,                                     
                                               "Plans": [                                                        
                                                 {                                                               
                                                   "Node Type": "Sort",                                          
                                                   "Parent Relationship": "Outer",                               
                                                   "Parallel Aware": false,                                      
                                                   "Startup Cost": 38860.42,                                     
                                                   "Total Cost": 38870.91,                                       
                                                   "Plan Rows": 135086,                                          
                                                   "Plan Width": 29,                                             
                                                   "Actual Startup Time": 10341.824,                             
                                                   "Actual Total Time": 10358.861,                               
                                                   "Actual Rows": 135086,                                        
                                                   "Actual Loops": 1,                                            
                                                   "Sort Key": ["t.kind_id"],                                    
                                                   "Sort Method": "external merge",                              
                                                   "Sort Space Used": 5448,                                      
                                                   "Sort Space Type": "Disk",                                    
                                                   "Shared Hit Blocks": 6,                                       
                                                   "Shared Read Blocks": 36725,                                  
                                                   "Shared Dirtied Blocks": 0,                                   
                                                   "Shared Written Blocks": 0,                                   
                                                   "Local Hit Blocks": 0,                                        
                                                   "Local Read Blocks": 0,                                       
                                                   "Local Dirtied Blocks": 0,                                    
                                                   "Local Written Blocks": 0,                                    
                                                   "Temp Read Blocks": 12145,                                    
                                                   "Temp Written Blocks": 12171,                                 
                                                   "Plans": [                                                    
                                                     {                                                           
                                                       "Node Type": "Merge Join",                                
                                                       "Parent Relationship": "Outer",                           
                                                       "Parallel Aware": false,                                  
                                                       "Join Type": "Inner",                                     
                                                       "Startup Cost": 38080.05,                                 
                                                       "Total Cost": 38502.92,                                   
                                                       "Plan Rows": 135086,                                      
                                                       "Plan Width": 29,                                         
                                                       "Actual Startup Time": 9595.922,                          
                                                       "Actual Total Time": 10295.839,                           
                                                       "Actual Rows": 135086,                                    
                                                       "Actual Loops": 1,                                        
                                                       "Inner Unique": true,                                     
                                                       "Merge Cond": "(cc.movie_id = t.id)",                     
                                                       "Shared Hit Blocks": 6,                                   
                                                       "Shared Read Blocks": 36725,                              
                                                       "Shared Dirtied Blocks": 0,                               
                                                       "Shared Written Blocks": 0,                               
                                                       "Local Hit Blocks": 0,                                    
                                                       "Local Read Blocks": 0,                                   
                                                       "Local Dirtied Blocks": 0,                                
                                                       "Local Written Blocks": 0,                                
                                                       "Temp Read Blocks": 11464,                                
                                                       "Temp Written Blocks": 11489,                             
                                                       "Plans": [                                                
                                                         {                                                       
                                                           "Node Type": "Sort",                                  
                                                           "Parent Relationship": "Outer",                       
                                                           "Parallel Aware": false,                              
                                                           "Startup Cost": 1165.49,                              
                                                           "Total Cost": 1175.98,                                
                                                           "Plan Rows": 135086,                                  
                                                           "Plan Width": 4,                                      
                                                           "Actual Startup Time": 219.882,                       
                                                           "Actual Total Time": 228.599,                         
                                                           "Actual Rows": 135086,                                
                                                           "Actual Loops": 1,                                    
                                                           "Sort Key": ["cc.movie_id"],                          
                                                           "Sort Method": "quicksort",                           
                                                           "Sort Space Used": 9746,                              
                                                           "Sort Space Type": "Memory",                          
                                                           "Shared Hit Blocks": 4,                               
                                                           "Shared Read Blocks": 729,                            
                                                           "Shared Dirtied Blocks": 0,                           
                                                           "Shared Written Blocks": 0,                           
                                                           "Local Hit Blocks": 0,                                
                                                           "Local Read Blocks": 0,                               
                                                           "Local Dirtied Blocks": 0,                            
                                                           "Local Written Blocks": 0,                            
                                                           "Temp Read Blocks": 0,                                
                                                           "Temp Written Blocks": 0,                             
                                                           "Plans": [                                            
                                                             {                                                   
                                                               "Node Type": "Merge Join",                        
                                                               "Parent Relationship": "Outer",                   
                                                               "Parallel Aware": false,                          
                                                               "Join Type": "Inner",                             
                                                               "Startup Cost": 777.66,                           
                                                               "Total Cost": 807.98,                             
                                                               "Plan Rows": 135086,                              
                                                               "Plan Width": 4,                                  
                                                               "Actual Startup Time": 144.534,                   
                                                               "Actual Total Time": 175.317,                     
                                                               "Actual Rows": 135086,                            
                                                               "Actual Loops": 1,                                
                                                               "Inner Unique": true,                             
                                                               "Merge Cond": "(cc.subject_id = cct.id)",        
                                                               "Shared Hit Blocks": 4,                           
                                                               "Shared Read Blocks": 729,                        
                                                               "Shared Dirtied Blocks": 0,                       
                                                               "Shared Written Blocks": 0,                       
                                                               "Local Hit Blocks": 0,                            
                                                               "Local Read Blocks": 0,                           
                                                               "Local Dirtied Blocks": 0,                        
                                                               "Local Written Blocks": 0,                        
                                                               "Temp Read Blocks": 0,                            
                                                               "Temp Written Blocks": 0,                         
                                                               "Plans": [                                        
                                                                 {                                               
                                                                   "Node Type": "Sort",                          
                                                                   "Parent Relationship": "Outer",               
                                                                   "Parallel Aware": false,                      
                                                                   "Startup Cost": 777.63,                       
                                                                   "Total Cost": 788.12,                         
                                                                   "Plan Rows": 135086,                          
                                                                   "Plan Width": 8,                              
                                                                   "Actual Startup Time": 144.510,               
                                                                   "Actual Total Time": 150.764,                 
                                                                   "Actual Rows": 135086,                        
                                                                   "Actual Loops": 1,                            
                                                                   "Sort Key": ["cc.subject_id"],                
                                                                   "Sort Method": "quicksort",                   
                                                                   "Sort Space Used": 9746,                      
                                                                   "Sort Space Type": "Memory",                  
                                                                   "Shared Hit Blocks": 3,                       
                                                                   "Shared Read Blocks": 729,                    
                                                                   "Shared Dirtied Blocks": 0,                   
                                                                   "Shared Written Blocks": 0,                   
                                                                   "Local Hit Blocks": 0,                        
                                                                   "Local Read Blocks": 0,                       
                                                                   "Local Dirtied Blocks": 0,                    
                                                                   "Local Written Blocks": 0,                    
                                                                   "Temp Read Blocks": 0,                        
                                                                   "Temp Written Blocks": 0,                     
                                                                   "Plans": [                                    
                                                                     {                                           
                                                                       "Node Type": "Merge Join",                
                                                                       "Parent Relationship": "Outer",           
                                                                       "Parallel Aware": false,                  
                                                                       "Join Type": "Inner",                     
                                                                       "Startup Cost": 389.81,                   
                                                                       "Total Cost": 420.13,                     
                                                                       "Plan Rows": 135086,                      
                                                                       "Plan Width": 8,                          
                                                                       "Actual Startup Time": 86.401,            
                                                                       "Actual Total Time": 119.984,             
                                                                       "Actual Rows": 135086,                    
                                                                       "Actual Loops": 1,                        
                                                                       "Inner Unique": true,                     
                                                                       "Merge Cond": "(cc.status_id = cct.id)", 
                                                                       "Shared Hit Blocks": 3,                   
                                                                       "Shared Read Blocks": 729,                
                                                                       "Shared Dirtied Blocks": 0,               
                                                                       "Shared Written Blocks": 0,               
                                                                       "Local Hit Blocks": 0,                    
                                                                       "Local Read Blocks": 0,                   
                                                                       "Local Dirtied Blocks": 0,                
                                                                       "Local Written Blocks": 0,                
                                                                       "Temp Read Blocks": 0,                    
                                                                       "Temp Written Blocks": 0,                 
                                                                       "Plans": [                                
                                                                         {                                       
                                                                           "Node Type": "Sort",                  
                                                                           "Parent Relationship": "Outer",       
                                                                           "Parallel Aware": false,              
                                                                           "Startup Cost": 389.78,               
                                                                           "Total Cost": 400.26,                 
                                                                           "Plan Rows": 135086,                  
                                                                           "Plan Width": 12,                     
                                                                           "Actual Startup Time": 86.380,        
                                                                           "Actual Total Time": 92.975,          
                                                                           "Actual Rows": 135086,                
                                                                           "Actual Loops": 1,                    
                                                                           "Sort Key": ["cc.status_id"],         
                                                                           "Sort Method": "quicksort",           
                                                                           "Sort Space Used": 9746,              
                                                                           "Sort Space Type": "Memory",          
                                                                           "Shared Hit Blocks": 2,               
                                                                           "Shared Read Blocks": 729,            
                                                                           "Shared Dirtied Blocks": 0,           
                                                                           "Shared Written Blocks": 0,           
                                                                           "Local Hit Blocks": 0,                
                                                                           "Local Read Blocks": 0,               
                                                                           "Local Dirtied Blocks": 0,            
                                                                           "Local Written Blocks": 0,            
                                                                           "Temp Read Blocks": 0,                
                                                                           "Temp Written Blocks": 0,             
                                                                           "Plans": [                            
                                                                             {                                   
                                                                               "Node Type": "Seq Scan",          
                                                                               "Parent Relationship": "Outer",   
                                                                               "Parallel Aware": false,          
                                                                               "Relation Name": "complete_cast", 
                                                                               "Alias": "cc",                    
                                                                               "Startup Cost": 0.00,             
                                                                               "Total Cost": 32.27,              
                                                                               "Plan Rows": 135086,              
                                                                               "Plan Width": 12,                 
                                                                               "Actual Startup Time": 15.552,    
                                                                               "Actual Total Time": 47.238,      
                                                                               "Actual Rows": 135086,            
                                                                               "Actual Loops": 1,                
                                                                               "Shared Hit Blocks": 2,           
                                                                               "Shared Read Blocks": 729,        
                                                                               "Shared Dirtied Blocks": 0,       
                                                                               "Shared Written Blocks": 0,       
                                                                               "Local Hit Blocks": 0,            
                                                                               "Local Read Blocks": 0,           
                                                                               "Local Dirtied Blocks": 0,        
                                                                               "Local Written Blocks": 0,        
                                                                               "Temp Read Blocks": 0,            
                                                                               "Temp Written Blocks": 0          
                                                                             }                                   
                                                                           ]                                     
                                                                         },                                      
                                                                         {                                       
                                                                           "Node Type": "Sort",                  
                                                                           "Parent Relationship": "Inner",       
                                                                           "Parallel Aware": false,              
                                                                           "Startup Cost": 0.03,                 
                                                                           "Total Cost": 0.03,                   
                                                                           "Plan Rows": 4,                       
                                                                           "Plan Width": 4,                      
                                                                           "Actual Startup Time": 0.015,         
                                                                           "Actual Total Time": 0.016,           
                                                                           "Actual Rows": 4,                     
                                                                           "Actual Loops": 1,                    
                                                                           "Sort Key": ["cct.id"],              
                                                                           "Sort Method": "quicksort",           
                                                                           "Sort Space Used": 25,                
                                                                           "Sort Space Type": "Memory",          
                                                                           "Shared Hit Blocks": 1,               
                                                                           "Shared Read Blocks": 0,              
                                                                           "Shared Dirtied Blocks": 0,           
                                                                           "Shared Written Blocks": 0,           
                                                                           "Local Hit Blocks": 0,                
                                                                           "Local Read Blocks": 0,               
                                                                           "Local Dirtied Blocks": 0,            
                                                                           "Local Written Blocks": 0,            
                                                                           "Temp Read Blocks": 0,                
                                                                           "Temp Written Blocks": 0,             
                                                                           "Plans": [                            
                                                                             {                                   
                                                                               "Node Type": "Seq Scan",          
                                                                               "Parent Relationship": "Outer",   
                                                                               "Parallel Aware": false,          
                                                                               "Relation Name": "comp_cast_type",
                                                                               "Alias": "cct",                  
                                                                               "Startup Cost": 0.00,             
                                                                               "Total Cost": 0.03,               
                                                                               "Plan Rows": 4,                   
                                                                               "Plan Width": 4,                  
                                                                               "Actual Startup Time": 0.005,     
                                                                               "Actual Total Time": 0.006,       
                                                                               "Actual Rows": 4,                 
                                                                               "Actual Loops": 1,                
                                                                               "Shared Hit Blocks": 1,           
                                                                               "Shared Read Blocks": 0,          
                                                                               "Shared Dirtied Blocks": 0,       
                                                                               "Shared Written Blocks": 0,       
                                                                               "Local Hit Blocks": 0,            
                                                                               "Local Read Blocks": 0,           
                                                                               "Local Dirtied Blocks": 0,        
                                                                               "Local Written Blocks": 0,        
                                                                               "Temp Read Blocks": 0,            
                                                                               "Temp Written Blocks": 0          
                                                                             }                                   
                                                                           ]                                     
                                                                         }                                       
                                                                       ]                                         
                                                                     }                                           
                                                                   ]                                             
                                                                 },                                              
                                                                 {                                               
                                                                   "Node Type": "Sort",                          
                                                                   "Parent Relationship": "Inner",               
                                                                   "Parallel Aware": false,                      
                                                                   "Startup Cost": 0.03,                         
                                                                   "Total Cost": 0.03,                           
                                                                   "Plan Rows": 4,                               
                                                                   "Plan Width": 4,                              
                                                                   "Actual Startup Time": 0.020,                 
                                                                   "Actual Total Time": 0.021,                   
                                                                   "Actual Rows": 2,                             
                                                                   "Actual Loops": 1,                            
                                                                   "Sort Key": ["cct.id"],                      
                                                                   "Sort Method": "quicksort",                   
                                                                   "Sort Space Used": 25,                        
                                                                   "Sort Space Type": "Memory",                  
                                                                   "Shared Hit Blocks": 1,                       
                                                                   "Shared Read Blocks": 0,                      
                                                                   "Shared Dirtied Blocks": 0,                   
                                                                   "Shared Written Blocks": 0,                   
                                                                   "Local Hit Blocks": 0,                        
                                                                   "Local Read Blocks": 0,                       
                                                                   "Local Dirtied Blocks": 0,                    
                                                                   "Local Written Blocks": 0,                    
                                                                   "Temp Read Blocks": 0,                        
                                                                   "Temp Written Blocks": 0,                     
                                                                   "Plans": [                                    
                                                                     {                                           
                                                                       "Node Type": "Seq Scan",                  
                                                                       "Parent Relationship": "Outer",           
                                                                       "Parallel Aware": false,                  
                                                                       "Relation Name": "comp_cast_type",        
                                                                       "Alias": "cct",                          
                                                                       "Startup Cost": 0.00,                     
                                                                       "Total Cost": 0.03,                       
                                                                       "Plan Rows": 4,                           
                                                                       "Plan Width": 4,                          
                                                                       "Actual Startup Time": 0.010,             
                                                                       "Actual Total Time": 0.011,               
                                                                       "Actual Rows": 4,                         
                                                                       "Actual Loops": 1,                        
                                                                       "Shared Hit Blocks": 1,                   
                                                                       "Shared Read Blocks": 0,                  
                                                                       "Shared Dirtied Blocks": 0,               
                                                                       "Shared Written Blocks": 0,               
                                                                       "Local Hit Blocks": 0,                    
                                                                       "Local Read Blocks": 0,                   
                                                                       "Local Dirtied Blocks": 0,                
                                                                       "Local Written Blocks": 0,                
                                                                       "Temp Read Blocks": 0,                    
                                                                       "Temp Written Blocks": 0                  
                                                                     }                                           
                                                                   ]                                             
                                                                 }                                               
                                                               ]                                                 
                                                             }                                                   
                                                           ]                                                     
                                                         },                                                      
                                                         {                                                       
                                                           "Node Type": "Sort",                                  
                                                           "Parent Relationship": "Inner",                       
                                                           "Parallel Aware": false,                              
                                                           "Startup Cost": 36914.52,                             
                                                           "Total Cost": 37110.81,                               
                                                           "Plan Rows": 2528312,                                 
                                                           "Plan Width": 25,                                     
                                                           "Actual Startup Time": 9375.953,                      
                                                           "Actual Total Time": 9736.032,                        
                                                           "Actual Rows": 2528312,                               
                                                           "Actual Loops": 1,                                    
                                                           "Sort Key": ["t.id"],                                 
                                                           "Sort Method": "external merge",                      
                                                           "Sort Space Used": 91712,                             
                                                           "Sort Space Type": "Disk",                            
                                                           "Shared Hit Blocks": 2,                               
                                                           "Shared Read Blocks": 35996,                          
                                                           "Shared Dirtied Blocks": 0,                           
                                                           "Shared Written Blocks": 0,                           
                                                           "Local Hit Blocks": 0,                                
                                                           "Local Read Blocks": 0,                               
                                                           "Local Dirtied Blocks": 0,                            
                                                           "Local Written Blocks": 0,                            
                                                           "Temp Read Blocks": 11464,                            
                                                           "Temp Written Blocks": 11489,                         
                                                           "Plans": [                                            
                                                             {                                                   
                                                               "Node Type": "Seq Scan",                          
                                                               "Parent Relationship": "Outer",                   
                                                               "Parallel Aware": false,                          
                                                               "Relation Name": "title",                         
                                                               "Alias": "t",                                     
                                                               "Startup Cost": 0.00,                             
                                                               "Total Cost": 1303.96,                            
                                                               "Plan Rows": 2528312,                             
                                                               "Plan Width": 25,                                 
                                                               "Actual Startup Time": 22.650,                    
                                                               "Actual Total Time": 7846.165,                    
                                                               "Actual Rows": 2528312,                           
                                                               "Actual Loops": 1,                                
                                                               "Shared Hit Blocks": 2,                           
                                                               "Shared Read Blocks": 35996,                      
                                                               "Shared Dirtied Blocks": 0,                       
                                                               "Shared Written Blocks": 0,                       
                                                               "Local Hit Blocks": 0,                            
                                                               "Local Read Blocks": 0,                           
                                                               "Local Dirtied Blocks": 0,                        
                                                               "Local Written Blocks": 0,                        
                                                               "Temp Read Blocks": 0,                            
                                                               "Temp Written Blocks": 0                          
                                                             }                                                   
                                                           ]                                                     
                                                         }                                                       
                                                       ]                                                         
                                                     }                                                           
                                                   ]                                                             
                                                 },                                                              
                                                 {                                                               
                                                   "Node Type": "Sort",                                          
                                                   "Parent Relationship": "Inner",                               
                                                   "Parallel Aware": false,                                      
                                                   "Startup Cost": 0.03,                                         
                                                   "Total Cost": 0.04,                                           
                                                   "Plan Rows": 7,                                               
                                                   "Plan Width": 4,                                              
                                                   "Actual Startup Time": 0.021,                                 
                                                   "Actual Total Time": 0.022,                                   
                                                   "Actual Rows": 7,                                             
                                                   "Actual Loops": 1,                                            
                                                   "Sort Key": ["kt.id"],                                        
                                                   "Sort Method": "quicksort",                                   
                                                   "Sort Space Used": 25,                                        
                                                   "Sort Space Type": "Memory",                                  
                                                   "Shared Hit Blocks": 1,                                       
                                                   "Shared Read Blocks": 0,                                      
                                                   "Shared Dirtied Blocks": 0,                                   
                                                   "Shared Written Blocks": 0,                                   
                                                   "Local Hit Blocks": 0,                                        
                                                   "Local Read Blocks": 0,                                       
                                                   "Local Dirtied Blocks": 0,                                    
                                                   "Local Written Blocks": 0,                                    
                                                   "Temp Read Blocks": 0,                                        
                                                   "Temp Written Blocks": 0,                                     
                                                   "Plans": [                                                    
                                                     {                                                           
                                                       "Node Type": "Seq Scan",                                  
                                                       "Parent Relationship": "Outer",                           
                                                       "Parallel Aware": false,                                  
                                                       "Relation Name": "kind_type",                             
                                                       "Alias": "kt",                                            
                                                       "Startup Cost": 0.00,                                     
                                                       "Total Cost": 0.03,                                       
                                                       "Plan Rows": 7,                                           
                                                       "Plan Width": 4,                                          
                                                       "Actual Startup Time": 0.011,                             
                                                       "Actual Total Time": 0.012,                               
                                                       "Actual Rows": 7,                                         
                                                       "Actual Loops": 1,                                        
                                                       "Shared Hit Blocks": 1,                                   
                                                       "Shared Read Blocks": 0,                                  
                                                       "Shared Dirtied Blocks": 0,                               
                                                       "Shared Written Blocks": 0,                               
                                                       "Local Hit Blocks": 0,                                    
                                                       "Local Read Blocks": 0,                                   
                                                       "Local Dirtied Blocks": 0,                                
                                                       "Local Written Blocks": 0,                                
                                                       "Temp Read Blocks": 0,                                    
                                                       "Temp Written Blocks": 0                                  
                                                     }                                                           
                                                   ]                                                             
                                                 }                                                               
                                               ]                                                                 
                                             }                                                                   
                                           ]                                                                     
                                         }                                                                       
                                       ]                                                                         
                                     }                                                                           
                                   ]                                                                             
                                 },                                                                              
                                 {                                                                               
                                   "Node Type": "Sort",                                                          
                                   "Parent Relationship": "Inner",                                               
                                   "Parallel Aware": false,                                                      
                                   "Startup Cost": 31232.03,                                                     
                                   "Total Cost": 31475.84,                                                       
                                   "Plan Rows": 3140339,                                                         
                                   "Plan Width": 4,                                                              
                                   "Actual Startup Time": 2035.242,                                              
                                   "Actual Total Time": 2425.038,                                                
                                   "Actual Rows": 3140267,                                                       
                                   "Actual Loops": 1,                                                            
                                   "Sort Key": ["chn.id"],                                                       
                                   "Sort Method": "external merge",                                              
                                   "Sort Space Used": 43032,                                                     
                                   "Sort Space Type": "Disk",                                                    
                                   "Shared Hit Blocks": 2,                                                       
                                   "Shared Read Blocks": 36445,                                                  
                                   "Shared Dirtied Blocks": 0,                                                   
                                   "Shared Written Blocks": 0,                                                   
                                   "Local Hit Blocks": 0,                                                        
                                   "Local Read Blocks": 0,                                                       
                                   "Local Dirtied Blocks": 0,                                                    
                                   "Local Written Blocks": 0,                                                    
                                   "Temp Read Blocks": 5379,                                                     
                                   "Temp Written Blocks": 5401,                                                  
                                   "Plans": [                                                                    
                                     {                                                                           
                                       "Node Type": "Seq Scan",                                                  
                                       "Parent Relationship": "Outer",                                           
                                       "Parallel Aware": false,                                                  
                                       "Relation Name": "char_name",                                             
                                       "Alias": "chn",                                                           
                                       "Startup Cost": 0.00,                                                     
                                       "Total Cost": 1360.36,                                                    
                                       "Plan Rows": 3140339,                                                     
                                       "Plan Width": 4,                                                          
                                       "Actual Startup Time": 18.141,                                            
                                       "Actual Total Time": 579.738,                                             
                                       "Actual Rows": 3140339,                                                   
                                       "Actual Loops": 1,                                                        
                                       "Shared Hit Blocks": 2,                                                   
                                       "Shared Read Blocks": 36445,                                              
                                       "Shared Dirtied Blocks": 0,                                               
                                       "Shared Written Blocks": 0,                                               
                                       "Local Hit Blocks": 0,                                                    
                                       "Local Read Blocks": 0,                                                   
                                       "Local Dirtied Blocks": 0,                                                
                                       "Local Written Blocks": 0,                                                
                                       "Temp Read Blocks": 0,                                                    
                                       "Temp Written Blocks": 0                                                  
                                     }                                                                           
                                   ]                                                                             
                                 }                                                                               
                               ]                                                                                 
                             }                                                                                   
                           ]                                                                                     
                         },                                                                                      
                         {                                                                                       
                           "Node Type": "Sort",                                                                  
                           "Parent Relationship": "Inner",                                                       
                           "Parallel Aware": false,                                                              
                           "Startup Cost": 41940.00,                                                             
                           "Total Cost": 42263.56,                                                               
                           "Plan Rows": 4167491,                                                                 
                           "Plan Width": 4,                                                                      
                           "Actual Startup Time": 2836.225,                                                      
                           "Actual Total Time": 3154.233,                                                        
                           "Actual Rows": 2701090,                                                               
                           "Actual Loops": 1,                                                                    
                           "Sort Key": ["n.id"],                                                                 
                           "Sort Method": "external merge",                                                      
                           "Sort Space Used": 57104,                                                             
                           "Sort Space Type": "Disk",                                                            
                           "Shared Hit Blocks": 1,                                                               
                           "Shared Read Blocks": 55612,                                                          
                           "Shared Dirtied Blocks": 0,                                                           
                           "Shared Written Blocks": 0,                                                           
                           "Local Hit Blocks": 0,                                                                
                           "Local Read Blocks": 0,                                                               
                           "Local Dirtied Blocks": 0,                                                            
                           "Local Written Blocks": 0,                                                            
                           "Temp Read Blocks": 5067,                                                             
                           "Temp Written Blocks": 7167,                                                          
                           "Plans": [                                                                            
                             {                                                                                   
                               "Node Type": "Seq Scan",                                                          
                               "Parent Relationship": "Outer",                                                   
                               "Parallel Aware": false,                                                          
                               "Relation Name": "name",                                                          
                               "Alias": "n",                                                                     
                               "Startup Cost": 0.00,                                                             
                               "Total Cost": 2032.56,                                                            
                               "Plan Rows": 4167491,                                                             
                               "Plan Width": 4,                                                                  
                               "Actual Startup Time": 6.386,                                                     
                               "Actual Total Time": 1059.930,                                                    
                               "Actual Rows": 4167491,                                                           
                               "Actual Loops": 1,                                                                
                               "Shared Hit Blocks": 1,                                                           
                               "Shared Read Blocks": 55612,                                                      
                               "Shared Dirtied Blocks": 0,                                                       
                               "Shared Written Blocks": 0,                                                       
                               "Local Hit Blocks": 0,                                                            
                               "Local Read Blocks": 0,                                                           
                               "Local Dirtied Blocks": 0,                                                        
                               "Local Written Blocks": 0,                                                        
                               "Temp Read Blocks": 0,                                                            
                               "Temp Written Blocks": 0                                                          
                             }                                                                                   
                           ]                                                                                     
                         }                                                                                       
                       ]                                                                                         
                     }                                                                                           
                   ]                                                                                             
                 }                                                                                               
               ]                                                                                                 
             }                                                                                                   
           ]                                                                                                     
         }                                                                                                       
       ]                                                                                                         
     },                                                                                                          
     "Planning Time": 6323.140,                                                                                  
     "Triggers": [                                                                                               
     ],                                                                                                          
     "Execution Time": 102759.364                                                                                
   }                                                                                                             
 ]
