 [                                                                                                   
   {                                                                                                 
     "Plan": {                                                                                       
       "Node Type": "Aggregate",                                                                     
       "Strategy": "Plain",                                                                          
       "Partial Mode": "Simple",                                                                     
       "Parallel Aware": false,                                                                      
       "Startup Cost": 375544.98,                                                                    
       "Total Cost": 375544.98,                                                                      
       "Plan Rows": 1,                                                                               
       "Plan Width": 96,                                                                             
       "Actual Startup Time": 64167.839,                                                             
       "Actual Total Time": 64167.839,                                                               
       "Actual Rows": 1,                                                                             
       "Actual Loops": 1,                                                                            
       "Shared Hit Blocks": 21,                                                                      
       "Shared Read Blocks": 245224,                                                                 
       "Shared Dirtied Blocks": 0,                                                                   
       "Shared Written Blocks": 0,                                                                   
       "Local Hit Blocks": 0,                                                                        
       "Local Read Blocks": 0,                                                                       
       "Local Dirtied Blocks": 0,                                                                    
       "Local Written Blocks": 0,                                                                    
       "Temp Read Blocks": 34217,                                                                    
       "Temp Written Blocks": 77923,                                                                 
       "Plans": [                                                                                    
         {                                                                                           
           "Node Type": "Merge Join",                                                                
           "Parent Relationship": "Outer",                                                           
           "Parallel Aware": false,                                                                  
           "Join Type": "Inner",                                                                     
           "Startup Cost": 370373.40,                                                                
           "Total Cost": 371316.51,                                                                  
           "Plan Rows": 18154218,                                                                    
           "Plan Width": 48,                                                                         
           "Actual Startup Time": 17870.121,                                                         
           "Actual Total Time": 40005.564,                                                           
           "Actual Rows": 92605962,                                                                  
           "Actual Loops": 1,                                                                        
           "Inner Unique": false,                                                                    
           "Merge Cond": "(ml.movie_id = t.id)",                                                     
           "Shared Hit Blocks": 21,                                                                  
           "Shared Read Blocks": 245224,                                                             
           "Shared Dirtied Blocks": 0,                                                               
           "Shared Written Blocks": 0,                                                               
           "Local Hit Blocks": 0,                                                                    
           "Local Read Blocks": 0,                                                                   
           "Local Dirtied Blocks": 0,                                                                
           "Local Written Blocks": 0,                                                                
           "Temp Read Blocks": 34217,                                                                
           "Temp Written Blocks": 77923,                                                             
           "Plans": [                                                                                
             {                                                                                       
               "Node Type": "Sort",                                                                  
               "Parent Relationship": "Outer",                                                       
               "Parallel Aware": false,                                                              
               "Startup Cost": 93563.63,                                                             
               "Total Cost": 93632.75,                                                               
               "Plan Rows": 890251,                                                                  
               "Plan Width": 43,                                                                     
               "Actual Startup Time": 5053.707,                                                      
               "Actual Total Time": 5205.739,                                                        
               "Actual Rows": 732182,                                                                
               "Actual Loops": 1,                                                                    
               "Sort Key": ["mc.movie_id"],                                                          
               "Sort Method": "external merge",                                                      
               "Sort Space Used": 41768,                                                             
               "Sort Space Type": "Disk",                                                            
               "Shared Hit Blocks": 18,                                                              
               "Shared Read Blocks": 47337,                                                          
               "Shared Dirtied Blocks": 0,                                                           
               "Shared Written Blocks": 0,                                                           
               "Local Hit Blocks": 0,                                                                
               "Local Read Blocks": 0,                                                               
               "Local Dirtied Blocks": 0,                                                            
               "Local Written Blocks": 0,                                                            
               "Temp Read Blocks": 14435,                                                            
               "Temp Written Blocks": 25253,                                                         
               "Plans": [                                                                            
                 {                                                                                   
                   "Node Type": "Merge Join",                                                        
                   "Parent Relationship": "Outer",                                                   
                   "Parallel Aware": false,                                                          
                   "Join Type": "Inner",                                                             
                   "Startup Cost": 78269.38,                                                         
                   "Total Cost": 78490.01,                                                           
                   "Plan Rows": 890251,                                                              
                   "Plan Width": 43,                                                                 
                   "Actual Startup Time": 4496.516,                                                  
                   "Actual Total Time": 4803.735,                                                    
                   "Actual Rows": 732182,                                                            
                   "Actual Loops": 1,                                                                
                   "Inner Unique": true,                                                             
                   "Merge Cond": "(mk.keyword_id = k.id)",                                           
                   "Shared Hit Blocks": 14,                                                          
                   "Shared Read Blocks": 47337,                                                      
                   "Shared Dirtied Blocks": 0,                                                       
                   "Shared Written Blocks": 0,                                                       
                   "Local Hit Blocks": 0,                                                            
                   "Local Read Blocks": 0,                                                           
                   "Local Dirtied Blocks": 0,                                                        
                   "Local Written Blocks": 0,                                                        
                   "Temp Read Blocks": 9214,                                                         
                   "Temp Written Blocks": 20022,                                                     
                   "Plans": [                                                                        
                     {                                                                               
                       "Node Type": "Sort",                                                          
                       "Parent Relationship": "Outer",                                               
                       "Parallel Aware": false,                                                      
                       "Startup Cost": 77875.46,                                                     
                       "Total Cost": 77944.58,                                                       
                       "Plan Rows": 890251,                                                          
                       "Plan Width": 47,                                                             
                       "Actual Startup Time": 4377.417,                                              
                       "Actual Total Time": 4493.242,                                                
                       "Actual Rows": 732182,                                                        
                       "Actual Loops": 1,                                                            
                       "Sort Key": ["mk.keyword_id"],                                                
                       "Sort Method": "external merge",                                              
                       "Sort Space Used": 44640,                                                     
                       "Sort Space Type": "Disk",                                                    
                       "Shared Hit Blocks": 12,                                                      
                       "Shared Read Blocks": 46390,                                                  
                       "Shared Dirtied Blocks": 0,                                                   
                       "Shared Written Blocks": 0,                                                   
                       "Local Hit Blocks": 0,                                                        
                       "Local Read Blocks": 0,                                                       
                       "Local Dirtied Blocks": 0,                                                    
                       "Local Written Blocks": 0,                                                    
                       "Temp Read Blocks": 9214,                                                     
                       "Temp Written Blocks": 20022,                                                 
                       "Plans": [                                                                    
                         {                                                                           
                           "Node Type": "Merge Join",                                                
                           "Parent Relationship": "Outer",                                           
                           "Parallel Aware": false,                                                  
                           "Join Type": "Inner",                                                     
                           "Startup Cost": 62719.00,                                                 
                           "Total Cost": 62801.83,                                                   
                           "Plan Rows": 890251,                                                      
                           "Plan Width": 47,                                                         
                           "Actual Startup Time": 3832.642,                                          
                           "Actual Total Time": 4053.576,                                            
                           "Actual Rows": 732182,                                                    
                           "Actual Loops": 1,                                                        
                           "Inner Unique": false,                                                    
                           "Merge Cond": "(ml.movie_id = mk.movie_id)",                              
                           "Shared Hit Blocks": 12,                                                  
                           "Shared Read Blocks": 46390,                                              
                           "Shared Dirtied Blocks": 0,                                               
                           "Shared Written Blocks": 0,                                               
                           "Local Hit Blocks": 0,                                                    
                           "Local Read Blocks": 0,                                                   
                           "Local Dirtied Blocks": 0,                                                
                           "Local Written Blocks": 0,                                                
                           "Temp Read Blocks": 3634,                                                 
                           "Temp Written Blocks": 14431,                                             
                           "Plans": [                                                                
                             {                                                                       
                               "Node Type": "Sort",                                                  
                               "Parent Relationship": "Outer",                                       
                               "Parallel Aware": false,                                              
                               "Startup Cost": 18235.96,                                             
                               "Total Cost": 18241.09,                                               
                               "Plan Rows": 66055,                                                   
                               "Plan Width": 39,                                                     
                               "Actual Startup Time": 1770.617,                                      
                               "Actual Total Time": 1774.032,                                        
                               "Actual Rows": 43026,                                                 
                               "Actual Loops": 1,                                                    
                               "Sort Key": ["mc.movie_id"],                                          
                               "Sort Method": "quicksort",                                           
                               "Sort Space Used": 5633,                                              
                               "Sort Space Type": "Memory",                                          
                               "Shared Hit Blocks": 9,                                               
                               "Shared Read Blocks": 21939,                                          
                               "Shared Dirtied Blocks": 0,                                           
                               "Shared Written Blocks": 0,                                           
                               "Local Hit Blocks": 0,                                                
                               "Local Read Blocks": 0,                                               
                               "Local Dirtied Blocks": 0,                                            
                               "Local Written Blocks": 0,                                            
                               "Temp Read Blocks": 2265,                                             
                               "Temp Written Blocks": 4438,                                          
                               "Plans": [                                                            
                                 {                                                                   
                                   "Node Type": "Merge Join",                                        
                                   "Parent Relationship": "Outer",                                   
                                   "Parallel Aware": false,                                          
                                   "Join Type": "Inner",                                             
                                   "Startup Cost": 18020.42,                                         
                                   "Total Cost": 18071.73,                                           
                                   "Plan Rows": 66055,                                               
                                   "Plan Width": 39,                                                 
                                   "Actual Startup Time": 1725.258,                                  
                                   "Actual Total Time": 1756.702,                                    
                                   "Actual Rows": 43026,                                             
                                   "Actual Loops": 1,                                                
                                   "Inner Unique": true,                                             
                                   "Merge Cond": "(mc.company_id = cn.id)",                          
                                   "Shared Hit Blocks": 9,                                           
                                   "Shared Read Blocks": 21939,                                      
                                   "Shared Dirtied Blocks": 0,                                       
                                   "Shared Written Blocks": 0,                                       
                                   "Local Hit Blocks": 0,                                            
                                   "Local Read Blocks": 0,                                           
                                   "Local Dirtied Blocks": 0,                                        
                                   "Local Written Blocks": 0,                                        
                                   "Temp Read Blocks": 2265,                                         
                                   "Temp Written Blocks": 4438,                                      
                                   "Plans": [                                                        
                                     {                                                               
                                       "Node Type": "Sort",                                          
                                       "Parent Relationship": "Outer",                               
                                       "Parallel Aware": false,                                      
                                       "Startup Cost": 15087.40,                                     
                                       "Total Cost": 15092.53,                                       
                                       "Plan Rows": 66055,                                           
                                       "Plan Width": 24,                                             
                                       "Actual Startup Time": 1522.072,                              
                                       "Actual Total Time": 1525.536,                                
                                       "Actual Rows": 43026,                                         
                                       "Actual Loops": 1,                                            
                                       "Sort Key": ["mc.company_id"],                                
                                       "Sort Method": "quicksort",                                   
                                       "Sort Space Used": 4898,                                      
                                       "Sort Space Type": "Memory",                                  
                                       "Shared Hit Blocks": 7,                                       
                                       "Shared Read Blocks": 18947,                                  
                                       "Shared Dirtied Blocks": 0,                                   
                                       "Shared Written Blocks": 0,                                   
                                       "Local Hit Blocks": 0,                                        
                                       "Local Read Blocks": 0,                                       
                                       "Local Dirtied Blocks": 0,                                    
                                       "Local Written Blocks": 0,                                    
                                       "Temp Read Blocks": 1300,                                     
                                       "Temp Written Blocks": 3433,                                  
                                       "Plans": [                                                    
                                         {                                                           
                                           "Node Type": "Merge Join",                                
                                           "Parent Relationship": "Outer",                           
                                           "Parallel Aware": false,                                  
                                           "Join Type": "Inner",                                     
                                           "Startup Cost": 14908.35,                                 
                                           "Total Cost": 14923.17,                                   
                                           "Plan Rows": 66055,                                       
                                           "Plan Width": 24,                                         
                                           "Actual Startup Time": 1497.275,                          
                                           "Actual Total Time": 1509.518,                            
                                           "Actual Rows": 43026,                                     
                                           "Actual Loops": 1,                                        
                                           "Inner Unique": true,                                     
                                           "Merge Cond": "(mc.company_type_id = ct.id)",             
                                           "Shared Hit Blocks": 7,                                   
                                           "Shared Read Blocks": 18947,                              
                                           "Shared Dirtied Blocks": 0,                               
                                           "Shared Written Blocks": 0,                               
                                           "Local Hit Blocks": 0,                                    
                                           "Local Read Blocks": 0,                                   
                                           "Local Dirtied Blocks": 0,                                
                                           "Local Written Blocks": 0,                                
                                           "Temp Read Blocks": 1300,                                 
                                           "Temp Written Blocks": 3433,                              
                                           "Plans": [                                                
                                             {                                                       
                                               "Node Type": "Sort",                                  
                                               "Parent Relationship": "Outer",                       
                                               "Parallel Aware": false,                              
                                               "Startup Cost": 14908.31,                             
                                               "Total Cost": 14913.44,                               
                                               "Plan Rows": 66055,                                   
                                               "Plan Width": 28,                                     
                                               "Actual Startup Time": 1497.252,                      
                                               "Actual Total Time": 1499.390,                        
                                               "Actual Rows": 43026,                                 
                                               "Actual Loops": 1,                                    
                                               "Sort Key": ["mc.company_type_id"],                   
                                               "Sort Method": "quicksort",                           
                                               "Sort Space Used": 4898,                              
                                               "Sort Space Type": "Memory",                          
                                               "Shared Hit Blocks": 6,                               
                                               "Shared Read Blocks": 18947,                          
                                               "Shared Dirtied Blocks": 0,                           
                                               "Shared Written Blocks": 0,                           
                                               "Local Hit Blocks": 0,                                
                                               "Local Read Blocks": 0,                               
                                               "Local Dirtied Blocks": 0,                            
                                               "Local Written Blocks": 0,                            
                                               "Temp Read Blocks": 1300,                             
                                               "Temp Written Blocks": 3433,                          
                                               "Plans": [                                            
                                                 {                                                   
                                                   "Node Type": "Merge Join",                        
                                                   "Parent Relationship": "Outer",                   
                                                   "Parallel Aware": false,                          
                                                   "Join Type": "Inner",                             
                                                   "Startup Cost": 14723.51,                         
                                                   "Total Cost": 14744.08,                           
                                                   "Plan Rows": 66055,                               
                                                   "Plan Width": 28,                                 
                                                   "Actual Startup Time": 1448.051,                  
                                                   "Actual Total Time": 1485.418,                    
                                                   "Actual Rows": 43026,                             
                                                   "Actual Loops": 1,                                
                                                   "Inner Unique": false,                            
                                                   "Merge Cond": "(ml.movie_id = mc.movie_id)",      
                                                   "Shared Hit Blocks": 6,                           
                                                   "Shared Read Blocks": 18947,                      
                                                   "Shared Dirtied Blocks": 0,                       
                                                   "Shared Written Blocks": 0,                       
                                                   "Local Hit Blocks": 0,                            
                                                   "Local Read Blocks": 0,                           
                                                   "Local Dirtied Blocks": 0,                        
                                                   "Local Written Blocks": 0,                        
                                                   "Temp Read Blocks": 1300,                         
                                                   "Temp Written Blocks": 3433,                      
                                                   "Plans": [                                        
                                                     {                                               
                                                       "Node Type": "Sort",                          
                                                       "Parent Relationship": "Outer",               
                                                       "Parallel Aware": false,                      
                                                       "Startup Cost": 152.52,                       
                                                       "Total Cost": 154.84,                         
                                                       "Plan Rows": 29997,                           
                                                       "Plan Width": 16,                             
                                                       "Actual Startup Time": 60.326,                
                                                       "Actual Total Time": 62.386,                  
                                                       "Actual Rows": 29997,                         
                                                       "Actual Loops": 1,                            
                                                       "Sort Key": ["ml.movie_id"],                  
                                                       "Sort Method": "quicksort",                   
                                                       "Sort Space Used": 2356,                      
                                                       "Sort Space Type": "Memory",                  
                                                       "Shared Hit Blocks": 3,                       
                                                       "Shared Read Blocks": 161,                    
                                                       "Shared Dirtied Blocks": 0,                   
                                                       "Shared Written Blocks": 0,                   
                                                       "Local Hit Blocks": 0,                        
                                                       "Local Read Blocks": 0,                       
                                                       "Local Dirtied Blocks": 0,                    
                                                       "Local Written Blocks": 0,                    
                                                       "Temp Read Blocks": 0,                        
                                                       "Temp Written Blocks": 0,                     
                                                       "Plans": [                                    
                                                         {                                           
                                                           "Node Type": "Merge Join",                
                                                           "Parent Relationship": "Outer",           
                                                           "Parallel Aware": false,                  
                                                           "Join Type": "Inner",                     
                                                           "Startup Cost": 76.51,                    
                                                           "Total Cost": 83.24,                      
                                                           "Plan Rows": 29997,                       
                                                           "Plan Width": 16,                         
                                                           "Actual Startup Time": 40.884,            
                                                           "Actual Total Time": 49.906,              
                                                           "Actual Rows": 29997,                     
                                                           "Actual Loops": 1,                        
                                                           "Inner Unique": false,                    
                                                           "Merge Cond": "(lt.id = ml.link_type_id)",
                                                           "Shared Hit Blocks": 3,                   
                                                           "Shared Read Blocks": 161,                
                                                           "Shared Dirtied Blocks": 0,               
                                                           "Shared Written Blocks": 0,               
                                                           "Local Hit Blocks": 0,                    
                                                           "Local Read Blocks": 0,                   
                                                           "Local Dirtied Blocks": 0,                
                                                           "Local Written Blocks": 0,                
                                                           "Temp Read Blocks": 0,                    
                                                           "Temp Written Blocks": 0,                 
                                                           "Plans": [                                
                                                             {                                       
                                                               "Node Type": "Sort",                  
                                                               "Parent Relationship": "Outer",       
                                                               "Parallel Aware": false,              
                                                               "Startup Cost": 0.04,                 
                                                               "Total Cost": 0.05,                   
                                                               "Plan Rows": 18,                      
                                                               "Plan Width": 16,                     
                                                               "Actual Startup Time": 0.054,         
                                                               "Actual Total Time": 0.056,           
                                                               "Actual Rows": 18,                    
                                                               "Actual Loops": 1,                    
                                                               "Sort Key": ["lt.id"],                
                                                               "Sort Method": "quicksort",           
                                                               "Sort Space Used": 25,                
                                                               "Sort Space Type": "Memory",          
                                                               "Shared Hit Blocks": 1,               
                                                               "Shared Read Blocks": 0,              
                                                               "Shared Dirtied Blocks": 0,           
                                                               "Shared Written Blocks": 0,           
                                                               "Local Hit Blocks": 0,                
                                                               "Local Read Blocks": 0,               
                                                               "Local Dirtied Blocks": 0,            
                                                               "Local Written Blocks": 0,            
                                                               "Temp Read Blocks": 0,                
                                                               "Temp Written Blocks": 0,             
                                                               "Plans": [                            
                                                                 {                                   
                                                                   "Node Type": "Seq Scan",          
                                                                   "Parent Relationship": "Outer",   
                                                                   "Parallel Aware": false,          
                                                                   "Relation Name": "link_type",     
                                                                   "Alias": "lt",                    
                                                                   "Startup Cost": 0.00,             
                                                                   "Total Cost": 0.03,               
                                                                   "Plan Rows": 18,                  
                                                                   "Plan Width": 16,                 
                                                                   "Actual Startup Time": 0.013,     
                                                                   "Actual Total Time": 0.023,       
                                                                   "Actual Rows": 18,                
                                                                   "Actual Loops": 1,                
                                                                   "Shared Hit Blocks": 1,           
                                                                   "Shared Read Blocks": 0,          
                                                                   "Shared Dirtied Blocks": 0,       
                                                                   "Shared Written Blocks": 0,       
                                                                   "Local Hit Blocks": 0,            
                                                                   "Local Read Blocks": 0,           
                                                                   "Local Dirtied Blocks": 0,        
                                                                   "Local Written Blocks": 0,        
                                                                   "Temp Read Blocks": 0,            
                                                                   "Temp Written Blocks": 0          
                                                                 }                                   
                                                               ]                                     
                                                             },                                      
                                                             {                                       
                                                               "Node Type": "Sort",                  
                                                               "Parent Relationship": "Inner",       
                                                               "Parallel Aware": false,              
                                                               "Startup Cost": 76.46,                
                                                               "Total Cost": 78.79,                  
                                                               "Plan Rows": 29997,                   
                                                               "Plan Width": 8,                      
                                                               "Actual Startup Time": 40.823,        
                                                               "Actual Total Time": 42.779,          
                                                               "Actual Rows": 29997,                 
                                                               "Actual Loops": 1,                    
                                                               "Sort Key": ["ml.link_type_id"],      
                                                               "Sort Method": "quicksort",           
                                                               "Sort Space Used": 2175,              
                                                               "Sort Space Type": "Memory",          
                                                               "Shared Hit Blocks": 2,               
                                                               "Shared Read Blocks": 161,            
                                                               "Shared Dirtied Blocks": 0,           
                                                               "Shared Written Blocks": 0,           
                                                               "Local Hit Blocks": 0,                
                                                               "Local Read Blocks": 0,               
                                                               "Local Dirtied Blocks": 0,            
                                                               "Local Written Blocks": 0,            
                                                               "Temp Read Blocks": 0,                
                                                               "Temp Written Blocks": 0,             
                                                               "Plans": [                            
                                                                 {                                   
                                                                   "Node Type": "Seq Scan",          
                                                                   "Parent Relationship": "Outer",   
                                                                   "Parallel Aware": false,          
                                                                   "Relation Name": "movie_link",    
                                                                   "Alias": "ml",                    
                                                                   "Startup Cost": 0.00,             
                                                                   "Total Cost": 7.19,               
                                                                   "Plan Rows": 29997,               
                                                                   "Plan Width": 8,                  
                                                                   "Actual Startup Time": 0.015,     
                                                                   "Actual Total Time": 25.307,      
                                                                   "Actual Rows": 29997,             
                                                                   "Actual Loops": 1,                
                                                                   "Shared Hit Blocks": 2,           
                                                                   "Shared Read Blocks": 161,        
                                                                   "Shared Dirtied Blocks": 0,       
                                                                   "Shared Written Blocks": 0,       
                                                                   "Local Hit Blocks": 0,            
                                                                   "Local Read Blocks": 0,           
                                                                   "Local Dirtied Blocks": 0,        
                                                                   "Local Written Blocks": 0,        
                                                                   "Temp Read Blocks": 0,            
                                                                   "Temp Written Blocks": 0          
                                                                 }                                   
                                                               ]                                     
                                                             }                                       
                                                           ]                                         
                                                         }                                           
                                                       ]                                             
                                                     },                                              
                                                     {                                               
                                                       "Node Type": "Materialize",                   
                                                       "Parent Relationship": "Inner",               
                                                       "Parallel Aware": false,                      
                                                       "Startup Cost": 14571.00,                     
                                                       "Total Cost": 14768.51,                       
                                                       "Plan Rows": 1271989,                         
                                                       "Plan Width": 12,                             
                                                       "Actual Startup Time": 1387.716,              
                                                       "Actual Total Time": 1402.246,                
                                                       "Actual Rows": 85936,                         
                                                       "Actual Loops": 1,                            
                                                       "Shared Hit Blocks": 3,                       
                                                       "Shared Read Blocks": 18786,                  
                                                       "Shared Dirtied Blocks": 0,                   
                                                       "Shared Written Blocks": 0,                   
                                                       "Local Hit Blocks": 0,                        
                                                       "Local Read Blocks": 0,                       
                                                       "Local Dirtied Blocks": 0,                    
                                                       "Local Written Blocks": 0,                    
                                                       "Temp Read Blocks": 1300,                     
                                                       "Temp Written Blocks": 3433,                  
                                                       "Plans": [                                    
                                                         {                                           
                                                           "Node Type": "Sort",                      
                                                           "Parent Relationship": "Outer",           
                                                           "Parallel Aware": false,                  
                                                           "Startup Cost": 14571.00,                 
                                                           "Total Cost": 14669.76,                   
                                                           "Plan Rows": 1271989,                     
                                                           "Plan Width": 12,                         
                                                           "Actual Startup Time": 1387.713,          
                                                           "Actual Total Time": 1394.073,            
                                                           "Actual Rows": 49142,                     
                                                           "Actual Loops": 1,                        
                                                           "Sort Key": ["mc.movie_id"],              
                                                           "Sort Method": "external merge",          
                                                           "Sort Space Used": 27392,                 
                                                           "Sort Space Type": "Disk",                
                                                           "Shared Hit Blocks": 3,                   
                                                           "Shared Read Blocks": 18786,              
                                                           "Shared Dirtied Blocks": 0,               
                                                           "Shared Written Blocks": 0,               
                                                           "Local Hit Blocks": 0,                    
                                                           "Local Read Blocks": 0,                   
                                                           "Local Dirtied Blocks": 0,                
                                                           "Local Written Blocks": 0,                
                                                           "Temp Read Blocks": 1300,                 
                                                           "Temp Written Blocks": 3433,              
                                                           "Plans": [                                
                                                             {                                       
                                                               "Node Type": "Seq Scan",              
                                                               "Parent Relationship": "Outer",       
                                                               "Parallel Aware": false,              
                                                               "Relation Name": "movie_companies",   
                                                               "Alias": "mc",                        
                                                               "Startup Cost": 0.00,                 
                                                               "Total Cost": 769.75,                 
                                                               "Plan Rows": 1271989,                 
                                                               "Plan Width": 12,                     
                                                               "Actual Startup Time": 0.027,         
                                                               "Actual Total Time": 839.666,         
                                                               "Actual Rows": 1271989,               
                                                               "Actual Loops": 1,                    
                                                               "Filter": "(note IS NULL)",           
                                                               "Rows Removed by Filter": 1337140,    
                                                               "Shared Hit Blocks": 3,               
                                                               "Shared Read Blocks": 18786,          
                                                               "Shared Dirtied Blocks": 0,           
                                                               "Shared Written Blocks": 0,           
                                                               "Local Hit Blocks": 0,                
                                                               "Local Read Blocks": 0,               
                                                               "Local Dirtied Blocks": 0,            
                                                               "Local Written Blocks": 0,            
                                                               "Temp Read Blocks": 0,                
                                                               "Temp Written Blocks": 0              
                                                             }                                       
                                                           ]                                         
                                                         }                                           
                                                       ]                                             
                                                     }                                               
                                                   ]                                                 
                                                 }                                                   
                                               ]                                                     
                                             },                                                      
                                             {                                                       
                                               "Node Type": "Sort",                                  
                                               "Parent Relationship": "Inner",                       
                                               "Parallel Aware": false,                              
                                               "Startup Cost": 0.03,                                 
                                               "Total Cost": 0.03,                                   
                                               "Plan Rows": 4,                                       
                                               "Plan Width": 4,                                      
                                               "Actual Startup Time": 0.018,                         
                                               "Actual Total Time": 0.018,                           
                                               "Actual Rows": 2,                                     
                                               "Actual Loops": 1,                                    
                                               "Sort Key": ["ct.id"],                                
                                               "Sort Method": "quicksort",                           
                                               "Sort Space Used": 25,                                
                                               "Sort Space Type": "Memory",                          
                                               "Shared Hit Blocks": 1,                               
                                               "Shared Read Blocks": 0,                              
                                               "Shared Dirtied Blocks": 0,                           
                                               "Shared Written Blocks": 0,                           
                                               "Local Hit Blocks": 0,                                
                                               "Local Read Blocks": 0,                               
                                               "Local Dirtied Blocks": 0,                            
                                               "Local Written Blocks": 0,                            
                                               "Temp Read Blocks": 0,                                
                                               "Temp Written Blocks": 0,                             
                                               "Plans": [                                            
                                                 {                                                   
                                                   "Node Type": "Seq Scan",                          
                                                   "Parent Relationship": "Outer",                   
                                                   "Parallel Aware": false,                          
                                                   "Relation Name": "company_type",                  
                                                   "Alias": "ct",                                    
                                                   "Startup Cost": 0.00,                             
                                                   "Total Cost": 0.03,                               
                                                   "Plan Rows": 4,                                   
                                                   "Plan Width": 4,                                  
                                                   "Actual Startup Time": 0.009,                     
                                                   "Actual Total Time": 0.010,                       
                                                   "Actual Rows": 4,                                 
                                                   "Actual Loops": 1,                                
                                                   "Shared Hit Blocks": 1,                           
                                                   "Shared Read Blocks": 0,                          
                                                   "Shared Dirtied Blocks": 0,                       
                                                   "Shared Written Blocks": 0,                       
                                                   "Local Hit Blocks": 0,                            
                                                   "Local Read Blocks": 0,                           
                                                   "Local Dirtied Blocks": 0,                        
                                                   "Local Written Blocks": 0,                        
                                                   "Temp Read Blocks": 0,                            
                                                   "Temp Written Blocks": 0                          
                                                 }                                                   
                                               ]                                                     
                                             }                                                       
                                           ]                                                         
                                         }                                                           
                                       ]                                                             
                                     },                                                              
                                     {                                                               
                                       "Node Type": "Sort",                                          
                                       "Parent Relationship": "Inner",                               
                                       "Parallel Aware": false,                                      
                                       "Startup Cost": 2933.02,                                      
                                       "Total Cost": 2951.27,                                        
                                       "Plan Rows": 234997,                                          
                                       "Plan Width": 23,                                             
                                       "Actual Startup Time": 203.180,                               
                                       "Actual Total Time": 212.824,                                 
                                       "Actual Rows": 74154,                                         
                                       "Actual Loops": 1,                                            
                                       "Sort Key": ["cn.id"],                                        
                                       "Sort Method": "external merge",                              
                                       "Sort Space Used": 8024,                                      
                                       "Sort Space Type": "Disk",                                    
                                       "Shared Hit Blocks": 2,                                       
                                       "Shared Read Blocks": 2992,                                   
                                       "Shared Dirtied Blocks": 0,                                   
                                       "Shared Written Blocks": 0,                                   
                                       "Local Hit Blocks": 0,                                        
                                       "Local Read Blocks": 0,                                       
                                       "Local Dirtied Blocks": 0,                                    
                                       "Local Written Blocks": 0,                                    
                                       "Temp Read Blocks": 965,                                      
                                       "Temp Written Blocks": 1005,                                  
                                       "Plans": [                                                    
                                         {                                                           
                                           "Node Type": "Seq Scan",                                  
                                           "Parent Relationship": "Outer",                           
                                           "Parallel Aware": false,                                  
                                           "Relation Name": "company_name",                          
                                           "Alias": "cn",                                            
                                           "Startup Cost": 0.00,                                     
                                           "Total Cost": 110.16,                                     
                                           "Plan Rows": 234997,                                      
                                           "Plan Width": 23,                                         
                                           "Actual Startup Time": 9.797,                             
                                           "Actual Total Time": 61.106,                              
                                           "Actual Rows": 234997,                                    
                                           "Actual Loops": 1,                                        
                                           "Shared Hit Blocks": 2,                                   
                                           "Shared Read Blocks": 2992,                               
                                           "Shared Dirtied Blocks": 0,                               
                                           "Shared Written Blocks": 0,                               
                                           "Local Hit Blocks": 0,                                    
                                           "Local Read Blocks": 0,                                   
                                           "Local Dirtied Blocks": 0,                                
                                           "Local Written Blocks": 0,                                
                                           "Temp Read Blocks": 0,                                    
                                           "Temp Written Blocks": 0                                  
                                         }                                                           
                                       ]                                                             
                                     }                                                               
                                   ]                                                                 
                                 }                                                                   
                               ]                                                                     
                             },                                                                      
                             {                                                                       
                               "Node Type": "Materialize",                                           
                               "Parent Relationship": "Inner",                                       
                               "Parallel Aware": false,                                              
                               "Startup Cost": 44483.04,                                             
                               "Total Cost": 45185.51,                                               
                               "Plan Rows": 4523930,                                                 
                               "Plan Width": 8,                                                      
                               "Actual Startup Time": 2062.017,                                      
                               "Actual Total Time": 2115.827,                                        
                               "Actual Rows": 796711,                                                
                               "Actual Loops": 1,                                                    
                               "Shared Hit Blocks": 3,                                               
                               "Shared Read Blocks": 24451,                                          
                               "Shared Dirtied Blocks": 0,                                           
                               "Shared Written Blocks": 0,                                           
                               "Local Hit Blocks": 0,                                                
                               "Local Read Blocks": 0,                                               
                               "Local Dirtied Blocks": 0,                                            
                               "Local Written Blocks": 0,                                            
                               "Temp Read Blocks": 1369,                                             
                               "Temp Written Blocks": 9993,                                          
                               "Plans": [                                                            
                                 {                                                                   
                                   "Node Type": "Sort",                                              
                                   "Parent Relationship": "Outer",                                   
                                   "Parallel Aware": false,                                          
                                   "Startup Cost": 44483.04,                                         
                                   "Total Cost": 44834.27,                                           
                                   "Plan Rows": 4523930,                                             
                                   "Plan Width": 8,                                                  
                                   "Actual Startup Time": 2062.014,                                  
                                   "Actual Total Time": 2072.388,                                    
                                   "Actual Rows": 82171,                                             
                                   "Actual Loops": 1,                                                
                                   "Sort Key": ["mk.movie_id"],                                      
                                   "Sort Method": "external merge",                                  
                                   "Sort Space Used": 79688,                                         
                                   "Sort Space Type": "Disk",                                        
                                   "Shared Hit Blocks": 3,                                           
                                   "Shared Read Blocks": 24451,                                      
                                   "Shared Dirtied Blocks": 0,                                       
                                   "Shared Written Blocks": 0,                                       
                                   "Local Hit Blocks": 0,                                            
                                   "Local Read Blocks": 0,                                           
                                   "Local Dirtied Blocks": 0,                                        
                                   "Local Written Blocks": 0,                                        
                                   "Temp Read Blocks": 1369,                                         
                                   "Temp Written Blocks": 9993,                                      
                                   "Plans": [                                                        
                                     {                                                               
                                       "Node Type": "Seq Scan",                                      
                                       "Parent Relationship": "Outer",                               
                                       "Parallel Aware": false,                                      
                                       "Relation Name": "movie_keyword",                             
                                       "Alias": "mk",                                                
                                       "Startup Cost": 0.00,                                         
                                       "Total Cost": 1079.84,                                        
                                       "Plan Rows": 4523930,                                         
                                       "Plan Width": 8,                                              
                                       "Actual Startup Time": 0.014,                                 
                                       "Actual Total Time": 699.642,                                 
                                       "Actual Rows": 4523930,                                       
                                       "Actual Loops": 1,                                            
                                       "Shared Hit Blocks": 3,                                       
                                       "Shared Read Blocks": 24451,                                  
                                       "Shared Dirtied Blocks": 0,                                   
                                       "Shared Written Blocks": 0,                                   
                                       "Local Hit Blocks": 0,                                        
                                       "Local Read Blocks": 0,                                       
                                       "Local Dirtied Blocks": 0,                                    
                                       "Local Written Blocks": 0,                                    
                                       "Temp Read Blocks": 0,                                        
                                       "Temp Written Blocks": 0                                      
                                     }                                                               
                                   ]                                                                 
                                 }                                                                   
                               ]                                                                     
                             }                                                                       
                           ]                                                                         
                         }                                                                           
                       ]                                                                             
                     },                                                                              
                     {                                                                               
                       "Node Type": "Sort",                                                          
                       "Parent Relationship": "Inner",                                               
                       "Parallel Aware": false,                                                      
                       "Startup Cost": 393.92,                                                       
                       "Total Cost": 404.34,                                                         
                       "Plan Rows": 134170,                                                          
                       "Plan Width": 4,                                                              
                       "Actual Startup Time": 119.091,                                               
                       "Actual Total Time": 121.781,                                                 
                       "Actual Rows": 21360,                                                         
                       "Actual Loops": 1,                                                            
                       "Sort Key": ["k.id"],                                                         
                       "Sort Method": "quicksort",                                                   
                       "Sort Space Used": 9703,                                                      
                       "Sort Space Type": "Memory",                                                  
                       "Shared Hit Blocks": 2,                                                       
                       "Shared Read Blocks": 947,                                                    
                       "Shared Dirtied Blocks": 0,                                                   
                       "Shared Written Blocks": 0,                                                   
                       "Local Hit Blocks": 0,                                                        
                       "Local Read Blocks": 0,                                                       
                       "Local Dirtied Blocks": 0,                                                    
                       "Local Written Blocks": 0,                                                    
                       "Temp Read Blocks": 0,                                                        
                       "Temp Written Blocks": 0,                                                     
                       "Plans": [                                                                    
                         {                                                                           
                           "Node Type": "Seq Scan",                                                  
                           "Parent Relationship": "Outer",                                           
                           "Parallel Aware": false,                                                  
                           "Relation Name": "keyword",                                               
                           "Alias": "k",                                                             
                           "Startup Cost": 0.00,                                                     
                           "Total Cost": 39.04,                                                      
                           "Plan Rows": 134170,                                                      
                           "Plan Width": 4,                                                          
                           "Actual Startup Time": 19.253,                                            
                           "Actual Total Time": 51.238,                                              
                           "Actual Rows": 134170,                                                    
                           "Actual Loops": 1,                                                        
                           "Shared Hit Blocks": 2,                                                   
                           "Shared Read Blocks": 947,                                                
                           "Shared Dirtied Blocks": 0,                                               
                           "Shared Written Blocks": 0,                                               
                           "Local Hit Blocks": 0,                                                    
                           "Local Read Blocks": 0,                                                   
                           "Local Dirtied Blocks": 0,                                                
                           "Local Written Blocks": 0,                                                
                           "Temp Read Blocks": 0,                                                    
                           "Temp Written Blocks": 0                                                  
                         }                                                                           
                       ]                                                                             
                     }                                                                               
                   ]                                                                                 
                 }                                                                                   
               ]                                                                                     
             },                                                                                      
             {                                                                                       
               "Node Type": "Materialize",                                                           
               "Parent Relationship": "Inner",                                                       
               "Parallel Aware": false,                                                              
               "Startup Cost": 276809.77,                                                            
               "Total Cost": 281683.36,                                                              
               "Plan Rows": 14835720,                                                                
               "Plan Width": 25,                                                                     
               "Actual Startup Time": 12816.395,                                                     
               "Actual Total Time": 17404.856,                                                       
               "Actual Rows": 93015302,                                                              
               "Actual Loops": 1,                                                                    
               "Shared Hit Blocks": 3,                                                               
               "Shared Read Blocks": 197887,                                                         
               "Shared Dirtied Blocks": 0,                                                           
               "Shared Written Blocks": 0,                                                           
               "Local Hit Blocks": 0,                                                                
               "Local Read Blocks": 0,                                                               
               "Local Dirtied Blocks": 0,                                                            
               "Local Written Blocks": 0,                                                            
               "Temp Read Blocks": 19782,                                                            
               "Temp Written Blocks": 52670,                                                         
               "Plans": [                                                                            
                 {                                                                                   
                   "Node Type": "Merge Join",                                                        
                   "Parent Relationship": "Outer",                                                   
                   "Parallel Aware": false,                                                          
                   "Join Type": "Inner",                                                             
                   "Startup Cost": 276809.77,                                                        
                   "Total Cost": 280531.52,                                                          
                   "Plan Rows": 14835720,                                                            
                   "Plan Width": 25,                                                                 
                   "Actual Startup Time": 12816.390,                                                 
                   "Actual Total Time": 13049.690,                                                   
                   "Actual Rows": 442610,                                                            
                   "Actual Loops": 1,                                                                
                   "Inner Unique": true,                                                             
                   "Merge Cond": "(mi.movie_id = t.id)",                                             
                   "Shared Hit Blocks": 3,                                                           
                   "Shared Read Blocks": 197887,                                                     
                   "Shared Dirtied Blocks": 0,                                                       
                   "Shared Written Blocks": 0,                                                       
                   "Local Hit Blocks": 0,                                                            
                   "Local Read Blocks": 0,                                                           
                   "Local Dirtied Blocks": 0,                                                        
                   "Local Written Blocks": 0,                                                        
                   "Temp Read Blocks": 19782,                                                        
                   "Temp Written Blocks": 52670,                                                     
                   "Plans": [                                                                        
                     {                                                                               
                       "Node Type": "Sort",                                                          
                       "Parent Relationship": "Outer",                                               
                       "Parallel Aware": false,                                                      
                       "Startup Cost": 243789.34,                                                    
                       "Total Cost": 244941.18,                                                      
                       "Plan Rows": 14835720,                                                        
                       "Plan Width": 4,                                                              
                       "Actual Startup Time": 10898.675,                                             
                       "Actual Total Time": 10967.865,                                               
                       "Actual Rows": 442610,                                                        
                       "Actual Loops": 1,                                                            
                       "Sort Key": ["mi.movie_id"],                                                  
                       "Sort Method": "external merge",                                              
                       "Sort Space Used": 203256,                                                    
                       "Sort Space Type": "Disk",                                                    
                       "Shared Hit Blocks": 2,                                                       
                       "Shared Read Blocks": 161890,                                                 
                       "Shared Dirtied Blocks": 0,                                                   
                       "Shared Written Blocks": 0,                                                   
                       "Local Hit Blocks": 0,                                                        
                       "Local Read Blocks": 0,                                                       
                       "Local Dirtied Blocks": 0,                                                    
                       "Local Written Blocks": 0,                                                    
                       "Temp Read Blocks": 17962,                                                    
                       "Temp Written Blocks": 42422,                                                 
                       "Plans": [                                                                    
                         {                                                                           
                           "Node Type": "Seq Scan",                                                  
                           "Parent Relationship": "Outer",                                           
                           "Parallel Aware": false,                                                  
                           "Relation Name": "movie_info",                                            
                           "Alias": "mi",                                                            
                           "Startup Cost": 0.00,                                                     
                           "Total Cost": 6103.84,                                                    
                           "Plan Rows": 14835720,                                                    
                           "Plan Width": 4,                                                          
                           "Actual Startup Time": 23.324,                                            
                           "Actual Total Time": 4558.917,                                            
                           "Actual Rows": 14835720,                                                  
                           "Actual Loops": 1,                                                        
                           "Shared Hit Blocks": 2,                                                   
                           "Shared Read Blocks": 161890,                                             
                           "Shared Dirtied Blocks": 0,                                               
                           "Shared Written Blocks": 0,                                               
                           "Local Hit Blocks": 0,                                                    
                           "Local Read Blocks": 0,                                                   
                           "Local Dirtied Blocks": 0,                                                
                           "Local Written Blocks": 0,                                                
                           "Temp Read Blocks": 0,                                                    
                           "Temp Written Blocks": 0                                                  
                         }                                                                           
                       ]                                                                             
                     },                                                                              
                     {                                                                               
                       "Node Type": "Sort",                                                          
                       "Parent Relationship": "Inner",                                               
                       "Parallel Aware": false,                                                      
                       "Startup Cost": 33020.43,                                                     
                       "Total Cost": 33216.73,                                                       
                       "Plan Rows": 2528312,                                                         
                       "Plan Width": 21,                                                             
                       "Actual Startup Time": 1917.704,                                              
                       "Actual Total Time": 1945.061,                                                
                       "Actual Rows": 164755,                                                        
                       "Actual Loops": 1,                                                            
                       "Sort Key": ["t.id"],                                                         
                       "Sort Method": "external merge",                                              
                       "Sort Space Used": 81800,                                                     
                       "Sort Space Type": "Disk",                                                    
                       "Shared Hit Blocks": 1,                                                       
                       "Shared Read Blocks": 35997,                                                  
                       "Shared Dirtied Blocks": 0,                                                   
                       "Shared Written Blocks": 0,                                                   
                       "Local Hit Blocks": 0,                                                        
                       "Local Read Blocks": 0,                                                       
                       "Local Dirtied Blocks": 0,                                                    
                       "Local Written Blocks": 0,                                                    
                       "Temp Read Blocks": 1820,                                                     
                       "Temp Written Blocks": 10248,                                                 
                       "Plans": [                                                                    
                         {                                                                           
                           "Node Type": "Seq Scan",                                                  
                           "Parent Relationship": "Outer",                                           
                           "Parallel Aware": false,                                                  
                           "Relation Name": "title",                                                 
                           "Alias": "t",                                                             
                           "Startup Cost": 0.00,                                                     
                           "Total Cost": 1303.96,                                                    
                           "Plan Rows": 2528312,                                                     
                           "Plan Width": 21,                                                         
                           "Actual Startup Time": 20.692,                                            
                           "Actual Total Time": 532.886,                                             
                           "Actual Rows": 2528312,                                                   
                           "Actual Loops": 1,                                                        
                           "Shared Hit Blocks": 1,                                                   
                           "Shared Read Blocks": 35997,                                              
                           "Shared Dirtied Blocks": 0,                                               
                           "Shared Written Blocks": 0,                                               
                           "Local Hit Blocks": 0,                                                    
                           "Local Read Blocks": 0,                                                   
                           "Local Dirtied Blocks": 0,                                                
                           "Local Written Blocks": 0,                                                
                           "Temp Read Blocks": 0,                                                    
                           "Temp Written Blocks": 0                                                  
                         }                                                                           
                       ]                                                                             
                     }                                                                               
                   ]                                                                                 
                 }                                                                                   
               ]                                                                                     
             }                                                                                       
           ]                                                                                         
         }                                                                                           
       ]                                                                                             
     },                                                                                              
     "Planning Time": 5722.736,                                                                      
     "Triggers": [                                                                                   
     ],                                                                                              
     "Execution Time": 64248.668                                                                     
   }                                                                                                 
 ]
