 [                                                                                      
   {                                                                                    
     "Plan": {                                                                          
       "Node Type": "Aggregate",                                                        
       "Strategy": "Plain",                                                             
       "Partial Mode": "Simple",                                                        
       "Parallel Aware": false,                                                         
       "Startup Cost": 921472.37,                                                       
       "Total Cost": 921472.37,                                                         
       "Plan Rows": 1,                                                                  
       "Plan Width": 96,                                                                
       "Actual Startup Time": 10170717.025,                                             
       "Actual Total Time": 10170717.025,                                               
       "Actual Rows": 1,                                                                
       "Actual Loops": 1,                                                               
       "Shared Hit Blocks": 23,                                                         
       "Shared Read Blocks": 253514,                                                    
       "Shared Dirtied Blocks": 0,                                                      
       "Shared Written Blocks": 0,                                                      
       "Local Hit Blocks": 0,                                                           
       "Local Read Blocks": 0,                                                          
       "Local Dirtied Blocks": 0,                                                       
       "Local Written Blocks": 0,                                                       
       "Temp Read Blocks": 136009031,                                                   
       "Temp Written Blocks": 1735848,                                                  
       "Plans": [                                                                       
         {                                                                              
           "Node Type": "Merge Join",                                                   
           "Parent Relationship": "Outer",                                              
           "Parallel Aware": false,                                                     
           "Join Type": "Inner",                                                        
           "Startup Cost": 765086.17,                                                   
           "Total Cost": 792050.13,                                                     
           "Plan Rows": 555653197,                                                      
           "Plan Width": 42,                                                            
           "Actual Startup Time": 37650.466,                                            
           "Actual Total Time": 5018156.472,                                            
           "Actual Rows": 15099690486,                                                  
           "Actual Loops": 1,                                                           
           "Inner Unique": false,                                                       
           "Merge Cond": "(mk.movie_id = t.id)",                                        
           "Shared Hit Blocks": 23,                                                     
           "Shared Read Blocks": 253514,                                                
           "Shared Dirtied Blocks": 0,                                                  
           "Shared Written Blocks": 0,                                                  
           "Local Hit Blocks": 0,                                                       
           "Local Read Blocks": 0,                                                      
           "Local Dirtied Blocks": 0,                                                   
           "Local Written Blocks": 0,                                                   
           "Temp Read Blocks": 136009031,                                               
           "Temp Written Blocks": 1735848,                                              
           "Plans": [                                                                   
             {                                                                          
               "Node Type": "Sort",                                                     
               "Parent Relationship": "Outer",                                          
               "Parallel Aware": false,                                                 
               "Startup Cost": 89316.26,                                                
               "Total Cost": 89667.49,                                                  
               "Plan Rows": 4523930,                                                    
               "Plan Width": 4,                                                         
               "Actual Startup Time": 6128.976,                                         
               "Actual Total Time": 7304.323,                                           
               "Actual Rows": 4523908,                                                  
               "Actual Loops": 1,                                                       
               "Sort Key": ["mk.movie_id"],                                             
               "Sort Method": "external merge",                                         
               "Sort Space Used": 61984,                                                
               "Sort Space Type": "Disk",                                               
               "Shared Hit Blocks": 9,                                                  
               "Shared Read Blocks": 25398,                                             
               "Shared Dirtied Blocks": 0,                                              
               "Shared Written Blocks": 0,                                              
               "Local Hit Blocks": 0,                                                   
               "Local Read Blocks": 0,                                                  
               "Local Dirtied Blocks": 0,                                               
               "Local Written Blocks": 0,                                               
               "Temp Read Blocks": 17709,                                               
               "Temp Written Blocks": 17773,                                            
               "Plans": [                                                               
                 {                                                                      
                   "Node Type": "Merge Join",                                           
                   "Parent Relationship": "Outer",                                      
                   "Parallel Aware": false,                                             
                   "Join Type": "Inner",                                                
                   "Startup Cost": 44876.96,                                            
                   "Total Cost": 45913.06,                                              
                   "Plan Rows": 4523930,                                                
                   "Plan Width": 4,                                                     
                   "Actual Startup Time": 2801.494,                                     
                   "Actual Total Time": 4346.662,                                       
                   "Actual Rows": 4523930,                                              
                   "Actual Loops": 1,                                                   
                   "Inner Unique": true,                                                
                   "Merge Cond": "(mk.keyword_id = k.id)",                              
                   "Shared Hit Blocks": 5,                                              
                   "Shared Read Blocks": 25398,                                         
                   "Shared Dirtied Blocks": 0,                                          
                   "Shared Written Blocks": 0,                                          
                   "Local Hit Blocks": 0,                                               
                   "Local Read Blocks": 0,                                              
                   "Local Dirtied Blocks": 0,                                           
                   "Local Written Blocks": 0,                                           
                   "Temp Read Blocks": 9961,                                            
                   "Temp Written Blocks": 9993,                                         
                   "Plans": [                                                           
                     {                                                                  
                       "Node Type": "Sort",                                             
                       "Parent Relationship": "Outer",                                  
                       "Parallel Aware": false,                                         
                       "Startup Cost": 44483.04,                                        
                       "Total Cost": 44834.27,                                          
                       "Plan Rows": 4523930,                                            
                       "Plan Width": 8,                                                 
                       "Actual Startup Time": 2686.584,                                 
                       "Actual Total Time": 3337.197,                                   
                       "Actual Rows": 4523930,                                          
                       "Actual Loops": 1,                                               
                       "Sort Key": ["mk.keyword_id"],                                   
                       "Sort Method": "external merge",                                 
                       "Sort Space Used": 79688,                                        
                       "Sort Space Type": "Disk",                                       
                       "Shared Hit Blocks": 3,                                          
                       "Shared Read Blocks": 24451,                                     
                       "Shared Dirtied Blocks": 0,                                      
                       "Shared Written Blocks": 0,                                      
                       "Local Hit Blocks": 0,                                           
                       "Local Read Blocks": 0,                                          
                       "Local Dirtied Blocks": 0,                                       
                       "Local Written Blocks": 0,                                       
                       "Temp Read Blocks": 9961,                                        
                       "Temp Written Blocks": 9993,                                     
                       "Plans": [                                                       
                         {                                                              
                           "Node Type": "Seq Scan",                                     
                           "Parent Relationship": "Outer",                              
                           "Parallel Aware": false,                                     
                           "Relation Name": "movie_keyword",                            
                           "Alias": "mk",                                               
                           "Startup Cost": 0.00,                                        
                           "Total Cost": 1079.84,                                       
                           "Plan Rows": 4523930,                                        
                           "Plan Width": 8,                                             
                           "Actual Startup Time": 0.013,                                
                           "Actual Total Time": 789.838,                                
                           "Actual Rows": 4523930,                                      
                           "Actual Loops": 1,                                           
                           "Shared Hit Blocks": 3,                                      
                           "Shared Read Blocks": 24451,                                 
                           "Shared Dirtied Blocks": 0,                                  
                           "Shared Written Blocks": 0,                                  
                           "Local Hit Blocks": 0,                                       
                           "Local Read Blocks": 0,                                      
                           "Local Dirtied Blocks": 0,                                   
                           "Local Written Blocks": 0,                                   
                           "Temp Read Blocks": 0,                                       
                           "Temp Written Blocks": 0                                     
                         }                                                              
                       ]                                                                
                     },                                                                 
                     {                                                                  
                       "Node Type": "Sort",                                             
                       "Parent Relationship": "Inner",                                  
                       "Parallel Aware": false,                                         
                       "Startup Cost": 393.92,                                          
                       "Total Cost": 404.34,                                            
                       "Plan Rows": 134170,                                             
                       "Plan Width": 4,                                                 
                       "Actual Startup Time": 114.901,                                  
                       "Actual Total Time": 131.177,                                    
                       "Actual Rows": 134170,                                           
                       "Actual Loops": 1,                                               
                       "Sort Key": ["k.id"],                                            
                       "Sort Method": "quicksort",                                      
                       "Sort Space Used": 9703,                                         
                       "Sort Space Type": "Memory",                                     
                       "Shared Hit Blocks": 2,                                          
                       "Shared Read Blocks": 947,                                       
                       "Shared Dirtied Blocks": 0,                                      
                       "Shared Written Blocks": 0,                                      
                       "Local Hit Blocks": 0,                                           
                       "Local Read Blocks": 0,                                          
                       "Local Dirtied Blocks": 0,                                       
                       "Local Written Blocks": 0,                                       
                       "Temp Read Blocks": 0,                                           
                       "Temp Written Blocks": 0,                                        
                       "Plans": [                                                       
                         {                                                              
                           "Node Type": "Seq Scan",                                     
                           "Parent Relationship": "Outer",                              
                           "Parallel Aware": false,                                     
                           "Relation Name": "keyword",                                  
                           "Alias": "k",                                                
                           "Startup Cost": 0.00,                                        
                           "Total Cost": 39.04,                                         
                           "Plan Rows": 134170,                                         
                           "Plan Width": 4,                                             
                           "Actual Startup Time": 18.576,                               
                           "Actual Total Time": 50.220,                                 
                           "Actual Rows": 134170,                                       
                           "Actual Loops": 1,                                           
                           "Shared Hit Blocks": 2,                                      
                           "Shared Read Blocks": 947,                                   
                           "Shared Dirtied Blocks": 0,                                  
                           "Shared Written Blocks": 0,                                  
                           "Local Hit Blocks": 0,                                       
                           "Local Read Blocks": 0,                                      
                           "Local Dirtied Blocks": 0,                                   
                           "Local Written Blocks": 0,                                   
                           "Temp Read Blocks": 0,                                       
                           "Temp Written Blocks": 0                                     
                         }                                                              
                       ]                                                                
                     }                                                                  
                   ]                                                                    
                 }                                                                      
               ]                                                                        
             },                                                                         
             {                                                                          
               "Node Type": "Materialize",                                              
               "Parent Relationship": "Inner",                                          
               "Parallel Aware": false,                                                 
               "Startup Cost": 675769.91,                                               
               "Total Cost": 686831.00,                                                 
               "Plan Rows": 46968578,                                                   
               "Plan Width": 58,                                                        
               "Actual Startup Time": 31521.485,                                        
               "Actual Total Time": 1851351.239,                                        
               "Actual Rows": 15113628207,                                              
               "Actual Loops": 1,                                                       
               "Shared Hit Blocks": 14,                                                 
               "Shared Read Blocks": 228116,                                            
               "Shared Dirtied Blocks": 0,                                              
               "Shared Written Blocks": 0,                                              
               "Local Hit Blocks": 0,                                                   
               "Local Read Blocks": 0,                                                  
               "Local Dirtied Blocks": 0,                                               
               "Local Written Blocks": 0,                                               
               "Temp Read Blocks": 135991322,                                           
               "Temp Written Blocks": 1718075,                                          
               "Plans": [                                                               
                 {                                                                      
                   "Node Type": "Merge Join",                                           
                   "Parent Relationship": "Outer",                                      
                   "Parallel Aware": false,                                             
                   "Join Type": "Inner",                                                
                   "Startup Cost": 675769.91,                                           
                   "Total Cost": 683184.37,                                             
                   "Plan Rows": 46968578,                                               
                   "Plan Width": 58,                                                    
                   "Actual Startup Time": 31521.481,                                    
                   "Actual Total Time": 85353.861,                                      
                   "Actual Rows": 177388547,                                            
                   "Actual Loops": 1,                                                   
                   "Inner Unique": false,                                               
                   "Merge Cond": "(t.id = mi.movie_id)",                                
                   "Shared Hit Blocks": 14,                                             
                   "Shared Read Blocks": 228116,                                        
                   "Shared Dirtied Blocks": 0,                                          
                   "Shared Written Blocks": 0,                                          
                   "Local Hit Blocks": 0,                                               
                   "Local Read Blocks": 0,                                              
                   "Local Dirtied Blocks": 0,                                           
                   "Local Written Blocks": 0,                                           
                   "Temp Read Blocks": 151606,                                          
                   "Temp Written Blocks": 151949,                                       
                   "Plans": [                                                           
                     {                                                                  
                       "Node Type": "Merge Join",                                       
                       "Parent Relationship": "Outer",                                  
                       "Parallel Aware": false,                                         
                       "Join Type": "Inner",                                            
                       "Startup Cost": 190965.45,                                       
                       "Total Cost": 192586.91,                                         
                       "Plan Rows": 3329177,                                            
                       "Plan Width": 54,                                                
                       "Actual Startup Time": 11006.136,                                
                       "Actual Total Time": 15591.136,                                  
                       "Actual Rows": 4073078,                                          
                       "Actual Loops": 1,                                               
                       "Inner Unique": false,                                           
                       "Merge Cond": "(t.id = mc.movie_id)",                            
                       "Shared Hit Blocks": 11,                                         
                       "Shared Read Blocks": 66226,                                     
                       "Shared Dirtied Blocks": 0,                                      
                       "Shared Written Blocks": 0,                                      
                       "Local Hit Blocks": 0,                                           
                       "Local Read Blocks": 0,                                          
                       "Local Dirtied Blocks": 0,                                       
                       "Local Written Blocks": 0,                                       
                       "Temp Read Blocks": 54885,                                       
                       "Temp Written Blocks": 55016,                                    
                       "Plans": [                                                       
                         {                                                              
                           "Node Type": "Merge Join",                                   
                           "Parent Relationship": "Outer",                              
                           "Parallel Aware": false,                                     
                           "Join Type": "Inner",                                        
                           "Startup Cost": 99867.73,                                    
                           "Total Cost": 100676.79,                                     
                           "Plan Rows": 1380035,                                        
                           "Plan Width": 31,                                            
                           "Actual Startup Time": 5745.818,                             
                           "Actual Total Time": 7543.826,                               
                           "Actual Rows": 1380012,                                      
                           "Actual Loops": 1,                                           
                           "Inner Unique": false,                                       
                           "Merge Cond": "(t.id = mi_idx.movie_id)",                    
                           "Shared Hit Blocks": 5,                                      
                           "Shared Read Blocks": 44448,                                 
                           "Shared Dirtied Blocks": 0,                                  
                           "Shared Written Blocks": 0,                                  
                           "Local Hit Blocks": 0,                                       
                           "Local Read Blocks": 0,                                      
                           "Local Dirtied Blocks": 0,                                   
                           "Local Written Blocks": 0,                                   
                           "Temp Read Blocks": 29372,                                   
                           "Temp Written Blocks": 29440,                                
                           "Plans": [                                                   
                             {                                                          
                               "Node Type": "Sort",                                     
                               "Parent Relationship": "Outer",                          
                               "Parallel Aware": false,                                 
                               "Startup Cost": 69198.43,                                
                               "Total Cost": 69394.73,                                  
                               "Plan Rows": 2528312,                                    
                               "Plan Width": 21,                                        
                               "Actual Startup Time": 3862.425,                         
                               "Actual Total Time": 4331.924,                           
                               "Actual Rows": 2525757,                                  
                               "Actual Loops": 1,                                       
                               "Sort Key": ["t.id"],                                    
                               "Sort Method": "external merge",                         
                               "Sort Space Used": 81808,                                
                               "Sort Space Type": "Disk",                               
                               "Shared Hit Blocks": 2,                                  
                               "Shared Read Blocks": 35997,                             
                               "Shared Dirtied Blocks": 0,                              
                               "Shared Written Blocks": 0,                              
                               "Local Hit Blocks": 0,                                   
                               "Local Read Blocks": 0,                                  
                               "Local Dirtied Blocks": 0,                               
                               "Local Written Blocks": 0,                               
                               "Temp Read Blocks": 21690,                               
                               "Temp Written Blocks": 21738,                            
                               "Plans": [                                               
                                 {                                                      
                                   "Node Type": "Merge Join",                           
                                   "Parent Relationship": "Outer",                      
                                   "Parallel Aware": false,                             
                                   "Join Type": "Inner",                                
                                   "Startup Cost": 36914.55,                            
                                   "Total Cost": 37481.96,                              
                                   "Plan Rows": 2528312,                                
                                   "Plan Width": 21,                                    
                                   "Actual Startup Time": 1748.429,                     
                                   "Actual Total Time": 2658.839,                       
                                   "Actual Rows": 2528312,                              
                                   "Actual Loops": 1,                                   
                                   "Inner Unique": true,                                
                                   "Merge Cond": "(t.kind_id = kt.id)",                 
                                   "Shared Hit Blocks": 2,                              
                                   "Shared Read Blocks": 35997,                         
                                   "Shared Dirtied Blocks": 0,                          
                                   "Shared Written Blocks": 0,                          
                                   "Local Hit Blocks": 0,                               
                                   "Local Read Blocks": 0,                              
                                   "Local Dirtied Blocks": 0,                           
                                   "Local Written Blocks": 0,                           
                                   "Temp Read Blocks": 11464,                           
                                   "Temp Written Blocks": 11489,                        
                                   "Plans": [                                           
                                     {                                                  
                                       "Node Type": "Sort",                             
                                       "Parent Relationship": "Outer",                  
                                       "Parallel Aware": false,                         
                                       "Startup Cost": 36914.52,                        
                                       "Total Cost": 37110.81,                          
                                       "Plan Rows": 2528312,                            
                                       "Plan Width": 25,                                
                                       "Actual Startup Time": 1748.403,                 
                                       "Actual Total Time": 2107.356,                   
                                       "Actual Rows": 2528312,                          
                                       "Actual Loops": 1,                               
                                       "Sort Key": ["t.kind_id"],                       
                                       "Sort Method": "external merge",                 
                                       "Sort Space Used": 91712,                        
                                       "Sort Space Type": "Disk",                       
                                       "Shared Hit Blocks": 1,                          
                                       "Shared Read Blocks": 35997,                     
                                       "Shared Dirtied Blocks": 0,                      
                                       "Shared Written Blocks": 0,                      
                                       "Local Hit Blocks": 0,                           
                                       "Local Read Blocks": 0,                          
                                       "Local Dirtied Blocks": 0,                       
                                       "Local Written Blocks": 0,                       
                                       "Temp Read Blocks": 11464,                       
                                       "Temp Written Blocks": 11489,                    
                                       "Plans": [                                       
                                         {                                              
                                           "Node Type": "Seq Scan",                     
                                           "Parent Relationship": "Outer",              
                                           "Parallel Aware": false,                     
                                           "Relation Name": "title",                    
                                           "Alias": "t",                                
                                           "Startup Cost": 0.00,                        
                                           "Total Cost": 1303.96,                       
                                           "Plan Rows": 2528312,                        
                                           "Plan Width": 25,                            
                                           "Actual Startup Time": 19.710,               
                                           "Actual Total Time": 833.666,                
                                           "Actual Rows": 2528312,                      
                                           "Actual Loops": 1,                           
                                           "Shared Hit Blocks": 1,                      
                                           "Shared Read Blocks": 35997,                 
                                           "Shared Dirtied Blocks": 0,                  
                                           "Shared Written Blocks": 0,                  
                                           "Local Hit Blocks": 0,                       
                                           "Local Read Blocks": 0,                      
                                           "Local Dirtied Blocks": 0,                   
                                           "Local Written Blocks": 0,                   
                                           "Temp Read Blocks": 0,                       
                                           "Temp Written Blocks": 0                     
                                         }                                              
                                       ]                                                
                                     },                                                 
                                     {                                                  
                                       "Node Type": "Sort",                             
                                       "Parent Relationship": "Inner",                  
                                       "Parallel Aware": false,                         
                                       "Startup Cost": 0.03,                            
                                       "Total Cost": 0.04,                              
                                       "Plan Rows": 7,                                  
                                       "Plan Width": 4,                                 
                                       "Actual Startup Time": 0.019,                    
                                       "Actual Total Time": 0.020,                      
                                       "Actual Rows": 7,                                
                                       "Actual Loops": 1,                               
                                       "Sort Key": ["kt.id"],                           
                                       "Sort Method": "quicksort",                      
                                       "Sort Space Used": 25,                           
                                       "Sort Space Type": "Memory",                     
                                       "Shared Hit Blocks": 1,                          
                                       "Shared Read Blocks": 0,                         
                                       "Shared Dirtied Blocks": 0,                      
                                       "Shared Written Blocks": 0,                      
                                       "Local Hit Blocks": 0,                           
                                       "Local Read Blocks": 0,                          
                                       "Local Dirtied Blocks": 0,                       
                                       "Local Written Blocks": 0,                       
                                       "Temp Read Blocks": 0,                           
                                       "Temp Written Blocks": 0,                        
                                       "Plans": [                                       
                                         {                                              
                                           "Node Type": "Seq Scan",                     
                                           "Parent Relationship": "Outer",              
                                           "Parallel Aware": false,                     
                                           "Relation Name": "kind_type",                
                                           "Alias": "kt",                               
                                           "Startup Cost": 0.00,                        
                                           "Total Cost": 0.03,                          
                                           "Plan Rows": 7,                              
                                           "Plan Width": 4,                             
                                           "Actual Startup Time": 0.007,                
                                           "Actual Total Time": 0.009,                  
                                           "Actual Rows": 7,                            
                                           "Actual Loops": 1,                           
                                           "Shared Hit Blocks": 1,                      
                                           "Shared Read Blocks": 0,                     
                                           "Shared Dirtied Blocks": 0,                  
                                           "Shared Written Blocks": 0,                  
                                           "Local Hit Blocks": 0,                       
                                           "Local Read Blocks": 0,                      
                                           "Local Dirtied Blocks": 0,                   
                                           "Local Written Blocks": 0,                   
                                           "Temp Read Blocks": 0,                       
                                           "Temp Written Blocks": 0                     
                                         }                                              
                                       ]                                                
                                     }                                                  
                                   ]                                                    
                                 }                                                      
                               ]                                                        
                             },                                                         
                             {                                                          
                               "Node Type": "Materialize",                              
                               "Parent Relationship": "Inner",                          
                               "Parallel Aware": false,                                 
                               "Startup Cost": 30669.30,                                
                               "Total Cost": 30883.59,                                  
                               "Plan Rows": 1380035,                                    
                               "Plan Width": 10,                                        
                               "Actual Startup Time": 1883.383,                         
                               "Actual Total Time": 2414.701,                           
                               "Actual Rows": 1380012,                                  
                               "Actual Loops": 1,                                       
                               "Shared Hit Blocks": 3,                                  
                               "Shared Read Blocks": 8451,                              
                               "Shared Dirtied Blocks": 0,                              
                               "Shared Written Blocks": 0,                              
                               "Local Hit Blocks": 0,                                   
                               "Local Read Blocks": 0,                                  
                               "Local Dirtied Blocks": 0,                               
                               "Local Written Blocks": 0,                               
                               "Temp Read Blocks": 7682,                                
                               "Temp Written Blocks": 7702,                             
                               "Plans": [                                               
                                 {                                                      
                                   "Node Type": "Sort",                                 
                                   "Parent Relationship": "Outer",                      
                                   "Parallel Aware": false,                             
                                   "Startup Cost": 30669.30,                            
                                   "Total Cost": 30776.45,                              
                                   "Plan Rows": 1380035,                                
                                   "Plan Width": 10,                                    
                                   "Actual Startup Time": 1883.379,                     
                                   "Actual Total Time": 2210.236,                       
                                   "Actual Rows": 1380012,                              
                                   "Actual Loops": 1,                                   
                                   "Sort Key": ["mi_idx.movie_id"],                     
                                   "Sort Method": "external merge",                     
                                   "Sort Space Used": 28016,                            
                                   "Sort Space Type": "Disk",                           
                                   "Shared Hit Blocks": 3,                              
                                   "Shared Read Blocks": 8451,                          
                                   "Shared Dirtied Blocks": 0,                          
                                   "Shared Written Blocks": 0,                          
                                   "Local Hit Blocks": 0,                               
                                   "Local Read Blocks": 0,                              
                                   "Local Dirtied Blocks": 0,                           
                                   "Local Written Blocks": 0,                           
                                   "Temp Read Blocks": 7682,                            
                                   "Temp Written Blocks": 7702,                         
                                   "Plans": [                                           
                                     {                                                  
                                       "Node Type": "Merge Join",                       
                                       "Parent Relationship": "Outer",                  
                                       "Parallel Aware": false,                         
                                       "Join Type": "Inner",                            
                                       "Startup Cost": 15360.16,                        
                                       "Total Cost": 15669.88,                          
                                       "Plan Rows": 1380035,                            
                                       "Plan Width": 10,                                
                                       "Actual Startup Time": 860.276,                  
                                       "Actual Total Time": 1335.378,                   
                                       "Actual Rows": 1380035,                          
                                       "Actual Loops": 1,                               
                                       "Inner Unique": true,                            
                                       "Merge Cond": "(mi_idx.info_type_id = it.id)",  
                                       "Shared Hit Blocks": 3,                          
                                       "Shared Read Blocks": 8451,                      
                                       "Shared Dirtied Blocks": 0,                      
                                       "Shared Written Blocks": 0,                      
                                       "Local Hit Blocks": 0,                           
                                       "Local Read Blocks": 0,                          
                                       "Local Dirtied Blocks": 0,                       
                                       "Local Written Blocks": 0,                       
                                       "Temp Read Blocks": 4180,                        
                                       "Temp Written Blocks": 4191,                     
                                       "Plans": [                                       
                                         {                                              
                                           "Node Type": "Sort",                         
                                           "Parent Relationship": "Outer",              
                                           "Parallel Aware": false,                     
                                           "Startup Cost": 15359.99,                    
                                           "Total Cost": 15467.14,                      
                                           "Plan Rows": 1380035,                        
                                           "Plan Width": 14,                            
                                           "Actual Startup Time": 860.208,              
                                           "Actual Total Time": 1051.109,               
                                           "Actual Rows": 1380035,                      
                                           "Actual Loops": 1,                           
                                           "Sort Key": ["mi_idx.info_type_id"],         
                                           "Sort Method": "external merge",             
                                           "Sort Space Used": 33440,                    
                                           "Sort Space Type": "Disk",                   
                                           "Shared Hit Blocks": 2,                      
                                           "Shared Read Blocks": 8451,                  
                                           "Shared Dirtied Blocks": 0,                  
                                           "Shared Written Blocks": 0,                  
                                           "Local Hit Blocks": 0,                       
                                           "Local Read Blocks": 0,                      
                                           "Local Dirtied Blocks": 0,                   
                                           "Local Written Blocks": 0,                   
                                           "Temp Read Blocks": 4180,                    
                                           "Temp Written Blocks": 4191,                 
                                           "Plans": [                                   
                                             {                                          
                                               "Node Type": "Seq Scan",                 
                                               "Parent Relationship": "Outer",          
                                               "Parallel Aware": false,                 
                                               "Relation Name": "movie_info_idx",       
                                               "Alias": "mi_idx",                       
                                               "Startup Cost": 0.00,                    
                                               "Total Cost": 360.56,                    
                                               "Plan Rows": 1380035,                    
                                               "Plan Width": 14,                        
                                               "Actual Startup Time": 0.014,            
                                               "Actual Total Time": 448.080,            
                                               "Actual Rows": 1380035,                  
                                               "Actual Loops": 1,                       
                                               "Shared Hit Blocks": 2,                  
                                               "Shared Read Blocks": 8451,              
                                               "Shared Dirtied Blocks": 0,              
                                               "Shared Written Blocks": 0,              
                                               "Local Hit Blocks": 0,                   
                                               "Local Read Blocks": 0,                  
                                               "Local Dirtied Blocks": 0,               
                                               "Local Written Blocks": 0,               
                                               "Temp Read Blocks": 0,                   
                                               "Temp Written Blocks": 0                 
                                             }                                          
                                           ]                                            
                                         },                                             
                                         {                                              
                                           "Node Type": "Sort",                         
                                           "Parent Relationship": "Inner",              
                                           "Parallel Aware": false,                     
                                           "Startup Cost": 0.16,                        
                                           "Total Cost": 0.17,                          
                                           "Plan Rows": 113,                            
                                           "Plan Width": 4,                             
                                           "Actual Startup Time": 0.047,                
                                           "Actual Total Time": 0.054,                  
                                           "Actual Rows": 113,                          
                                           "Actual Loops": 1,                           
                                           "Sort Key": ["it.id"],                      
                                           "Sort Method": "quicksort",                  
                                           "Sort Space Used": 30,                       
                                           "Sort Space Type": "Memory",                 
                                           "Shared Hit Blocks": 1,                      
                                           "Shared Read Blocks": 0,                     
                                           "Shared Dirtied Blocks": 0,                  
                                           "Shared Written Blocks": 0,                  
                                           "Local Hit Blocks": 0,                       
                                           "Local Read Blocks": 0,                      
                                           "Local Dirtied Blocks": 0,                   
                                           "Local Written Blocks": 0,                   
                                           "Temp Read Blocks": 0,                       
                                           "Temp Written Blocks": 0,                    
                                           "Plans": [                                   
                                             {                                          
                                               "Node Type": "Seq Scan",                 
                                               "Parent Relationship": "Outer",          
                                               "Parallel Aware": false,                 
                                               "Relation Name": "info_type",            
                                               "Alias": "it",                          
                                               "Startup Cost": 0.00,                    
                                               "Total Cost": 0.04,                      
                                               "Plan Rows": 113,                        
                                               "Plan Width": 4,                         
                                               "Actual Startup Time": 0.011,            
                                               "Actual Total Time": 0.024,              
                                               "Actual Rows": 113,                      
                                               "Actual Loops": 1,                       
                                               "Shared Hit Blocks": 1,                  
                                               "Shared Read Blocks": 0,                 
                                               "Shared Dirtied Blocks": 0,              
                                               "Shared Written Blocks": 0,              
                                               "Local Hit Blocks": 0,                   
                                               "Local Read Blocks": 0,                  
                                               "Local Dirtied Blocks": 0,               
                                               "Local Written Blocks": 0,               
                                               "Temp Read Blocks": 0,                   
                                               "Temp Written Blocks": 0                 
                                             }                                          
                                           ]                                            
                                         }                                              
                                       ]                                                
                                     }                                                  
                                   ]                                                    
                                 }                                                      
                               ]                                                        
                             }                                                          
                           ]                                                            
                         },                                                             
                         {                                                              
                           "Node Type": "Materialize",                                  
                           "Parent Relationship": "Inner",                              
                           "Parallel Aware": false,                                     
                           "Startup Cost": 91097.72,                                    
                           "Total Cost": 91502.86,                                      
                           "Plan Rows": 2609129,                                        
                           "Plan Width": 23,                                            
                           "Actual Startup Time": 5260.311,                             
                           "Actual Total Time": 6521.107,                               
                           "Actual Rows": 5327324,                                      
                           "Actual Loops": 1,                                           
                           "Shared Hit Blocks": 6,                                      
                           "Shared Read Blocks": 21778,                                 
                           "Shared Dirtied Blocks": 0,                                  
                           "Shared Written Blocks": 0,                                  
                           "Local Hit Blocks": 0,                                       
                           "Local Read Blocks": 0,                                      
                           "Local Dirtied Blocks": 0,                                   
                           "Local Written Blocks": 0,                                   
                           "Temp Read Blocks": 25513,                                   
                           "Temp Written Blocks": 25576,                                
                           "Plans": [                                                   
                             {                                                          
                               "Node Type": "Sort",                                     
                               "Parent Relationship": "Outer",                          
                               "Parallel Aware": false,                                 
                               "Startup Cost": 91097.72,                                
                               "Total Cost": 91300.29,                                  
                               "Plan Rows": 2609129,                                    
                               "Plan Width": 23,                                        
                               "Actual Startup Time": 5260.307,                         
                               "Actual Total Time": 5975.170,                           
                               "Actual Rows": 2609129,                                  
                               "Actual Loops": 1,                                       
                               "Sort Key": ["mc.movie_id"],                             
                               "Sort Method": "external merge",                         
                               "Sort Space Used": 93944,                                
                               "Sort Space Type": "Disk",                               
                               "Shared Hit Blocks": 6,                                  
                               "Shared Read Blocks": 21778,                             
                               "Shared Dirtied Blocks": 0,                              
                               "Shared Written Blocks": 0,                              
                               "Local Hit Blocks": 0,                                   
                               "Local Read Blocks": 0,                                  
                               "Local Dirtied Blocks": 0,                               
                               "Local Written Blocks": 0,                               
                               "Temp Read Blocks": 25513,                               
                               "Temp Written Blocks": 25576,                            
                               "Plans": [                                               
                                 {                                                      
                                   "Node Type": "Merge Join",                           
                                   "Parent Relationship": "Outer",                      
                                   "Parallel Aware": false,                             
                                   "Join Type": "Inner",                                
                                   "Startup Cost": 57727.89,                            
                                   "Total Cost": 58349.93,                              
                                   "Plan Rows": 2609129,                                
                                   "Plan Width": 23,                                    
                                   "Actual Startup Time": 3147.598,                     
                                   "Actual Total Time": 4119.513,                       
                                   "Actual Rows": 2609129,                              
                                   "Actual Loops": 1,                                   
                                   "Inner Unique": true,                                
                                   "Merge Cond": "(mc.company_id = cn.id)",             
                                   "Shared Hit Blocks": 6,                              
                                   "Shared Read Blocks": 21778,                         
                                   "Shared Dirtied Blocks": 0,                          
                                   "Shared Written Blocks": 0,                          
                                   "Local Hit Blocks": 0,                               
                                   "Local Read Blocks": 0,                              
                                   "Local Dirtied Blocks": 0,                           
                                   "Local Written Blocks": 0,                           
                                   "Temp Read Blocks": 13770,                           
                                   "Temp Written Blocks": 13808,                        
                                   "Plans": [                                           
                                     {                                                  
                                       "Node Type": "Sort",                             
                                       "Parent Relationship": "Outer",                  
                                       "Parallel Aware": false,                         
                                       "Startup Cost": 54794.87,                        
                                       "Total Cost": 54997.44,                          
                                       "Plan Rows": 2609129,                            
                                       "Plan Width": 8,                                 
                                       "Actual Startup Time": 2950.435,                 
                                       "Actual Total Time": 3304.027,                   
                                       "Actual Rows": 2609129,                          
                                       "Actual Loops": 1,                               
                                       "Sort Key": ["mc.company_id"],                   
                                       "Sort Method": "external merge",                 
                                       "Sort Space Used": 45960,                        
                                       "Sort Space Type": "Disk",                       
                                       "Shared Hit Blocks": 4,                          
                                       "Shared Read Blocks": 18786,                     
                                       "Shared Dirtied Blocks": 0,                      
                                       "Shared Written Blocks": 0,                      
                                       "Local Hit Blocks": 0,                           
                                       "Local Read Blocks": 0,                          
                                       "Local Dirtied Blocks": 0,                       
                                       "Local Written Blocks": 0,                       
                                       "Temp Read Blocks": 12767,                       
                                       "Temp Written Blocks": 12803,                    
                                       "Plans": [                                       
                                         {                                              
                                           "Node Type": "Merge Join",                   
                                           "Parent Relationship": "Outer",              
                                           "Parallel Aware": false,                     
                                           "Join Type": "Inner",                        
                                           "Startup Cost": 29498.90,                    
                                           "Total Cost": 30084.44,                      
                                           "Plan Rows": 2609129,                        
                                           "Plan Width": 8,                             
                                           "Actual Startup Time": 1116.350,             
                                           "Actual Total Time": 2006.344,               
                                           "Actual Rows": 2609129,                      
                                           "Actual Loops": 1,                           
                                           "Inner Unique": true,                        
                                           "Merge Cond": "(mc.company_type_id = ct.id)",
                                           "Shared Hit Blocks": 4,                      
                                           "Shared Read Blocks": 18786,                 
                                           "Shared Dirtied Blocks": 0,                  
                                           "Shared Written Blocks": 0,                  
                                           "Local Hit Blocks": 0,                       
                                           "Local Read Blocks": 0,                      
                                           "Local Dirtied Blocks": 0,                   
                                           "Local Written Blocks": 0,                   
                                           "Temp Read Blocks": 7022,                    
                                           "Temp Written Blocks": 7040,                 
                                           "Plans": [                                   
                                             {                                          
                                               "Node Type": "Sort",                     
                                               "Parent Relationship": "Outer",          
                                               "Parallel Aware": false,                 
                                               "Startup Cost": 29498.86,                
                                               "Total Cost": 29701.44,                  
                                               "Plan Rows": 2609129,                    
                                               "Plan Width": 12,                        
                                               "Actual Startup Time": 1116.325,         
                                               "Actual Total Time": 1439.850,           
                                               "Actual Rows": 2609129,                  
                                               "Actual Loops": 1,                       
                                               "Sort Key": ["mc.company_type_id"],      
                                               "Sort Method": "external merge",         
                                               "Sort Space Used": 56176,                
                                               "Sort Space Type": "Disk",               
                                               "Shared Hit Blocks": 3,                  
                                               "Shared Read Blocks": 18786,             
                                               "Shared Dirtied Blocks": 0,              
                                               "Shared Written Blocks": 0,              
                                               "Local Hit Blocks": 0,                   
                                               "Local Read Blocks": 0,                  
                                               "Local Dirtied Blocks": 0,               
                                               "Local Written Blocks": 0,               
                                               "Temp Read Blocks": 7022,                
                                               "Temp Written Blocks": 7040,             
                                               "Plans": [                               
                                                 {                                      
                                                   "Node Type": "Seq Scan",             
                                                   "Parent Relationship": "Outer",      
                                                   "Parallel Aware": false,             
                                                   "Relation Name": "movie_companies",  
                                                   "Alias": "mc",                       
                                                   "Startup Cost": 0.00,                
                                                   "Total Cost": 769.75,                
                                                   "Plan Rows": 2609129,                
                                                   "Plan Width": 12,                    
                                                   "Actual Startup Time": 0.021,        
                                                   "Actual Total Time": 512.110,        
                                                   "Actual Rows": 2609129,              
                                                   "Actual Loops": 1,                   
                                                   "Shared Hit Blocks": 3,              
                                                   "Shared Read Blocks": 18786,         
                                                   "Shared Dirtied Blocks": 0,          
                                                   "Shared Written Blocks": 0,          
                                                   "Local Hit Blocks": 0,               
                                                   "Local Read Blocks": 0,              
                                                   "Local Dirtied Blocks": 0,           
                                                   "Local Written Blocks": 0,           
                                                   "Temp Read Blocks": 0,               
                                                   "Temp Written Blocks": 0             
                                                 }                                      
                                               ]                                        
                                             },                                         
                                             {                                          
                                               "Node Type": "Sort",                     
                                               "Parent Relationship": "Inner",          
                                               "Parallel Aware": false,                 
                                               "Startup Cost": 0.03,                    
                                               "Total Cost": 0.03,                      
                                               "Plan Rows": 4,                          
                                               "Plan Width": 4,                         
                                               "Actual Startup Time": 0.019,            
                                               "Actual Total Time": 0.020,              
                                               "Actual Rows": 2,                        
                                               "Actual Loops": 1,                       
                                               "Sort Key": ["ct.id"],                   
                                               "Sort Method": "quicksort",              
                                               "Sort Space Used": 25,                   
                                               "Sort Space Type": "Memory",             
                                               "Shared Hit Blocks": 1,                  
                                               "Shared Read Blocks": 0,                 
                                               "Shared Dirtied Blocks": 0,              
                                               "Shared Written Blocks": 0,              
                                               "Local Hit Blocks": 0,                   
                                               "Local Read Blocks": 0,                  
                                               "Local Dirtied Blocks": 0,               
                                               "Local Written Blocks": 0,               
                                               "Temp Read Blocks": 0,                   
                                               "Temp Written Blocks": 0,                
                                               "Plans": [                               
                                                 {                                      
                                                   "Node Type": "Seq Scan",             
                                                   "Parent Relationship": "Outer",      
                                                   "Parallel Aware": false,             
                                                   "Relation Name": "company_type",     
                                                   "Alias": "ct",                       
                                                   "Startup Cost": 0.00,                
                                                   "Total Cost": 0.03,                  
                                                   "Plan Rows": 4,                      
                                                   "Plan Width": 4,                     
                                                   "Actual Startup Time": 0.008,        
                                                   "Actual Total Time": 0.009,          
                                                   "Actual Rows": 4,                    
                                                   "Actual Loops": 1,                   
                                                   "Shared Hit Blocks": 1,              
                                                   "Shared Read Blocks": 0,             
                                                   "Shared Dirtied Blocks": 0,          
                                                   "Shared Written Blocks": 0,          
                                                   "Local Hit Blocks": 0,               
                                                   "Local Read Blocks": 0,              
                                                   "Local Dirtied Blocks": 0,           
                                                   "Local Written Blocks": 0,           
                                                   "Temp Read Blocks": 0,               
                                                   "Temp Written Blocks": 0             
                                                 }                                      
                                               ]                                        
                                             }                                          
                                           ]                                            
                                         }                                              
                                       ]                                                
                                     },                                                 
                                     {                                                  
                                       "Node Type": "Sort",                             
                                       "Parent Relationship": "Inner",                  
                                       "Parallel Aware": false,                         
                                       "Startup Cost": 2933.02,                         
                                       "Total Cost": 2951.27,                           
                                       "Plan Rows": 234997,                             
                                       "Plan Width": 23,                                
                                       "Actual Startup Time": 197.155,                  
                                       "Actual Total Time": 229.208,                    
                                       "Actual Rows": 234997,                           
                                       "Actual Loops": 1,                               
                                       "Sort Key": ["cn.id"],                           
                                       "Sort Method": "external merge",                 
                                       "Sort Space Used": 8024,                         
                                       "Sort Space Type": "Disk",                       
                                       "Shared Hit Blocks": 2,                          
                                       "Shared Read Blocks": 2992,                      
                                       "Shared Dirtied Blocks": 0,                      
                                       "Shared Written Blocks": 0,                      
                                       "Local Hit Blocks": 0,                           
                                       "Local Read Blocks": 0,                          
                                       "Local Dirtied Blocks": 0,                       
                                       "Local Written Blocks": 0,                       
                                       "Temp Read Blocks": 1003,                        
                                       "Temp Written Blocks": 1005,                     
                                       "Plans": [                                       
                                         {                                              
                                           "Node Type": "Seq Scan",                     
                                           "Parent Relationship": "Outer",              
                                           "Parallel Aware": false,                     
                                           "Relation Name": "company_name",             
                                           "Alias": "cn",                               
                                           "Startup Cost": 0.00,                        
                                           "Total Cost": 110.16,                        
                                           "Plan Rows": 234997,                         
                                           "Plan Width": 23,                            
                                           "Actual Startup Time": 5.972,                
                                           "Actual Total Time": 59.895,                 
                                           "Actual Rows": 234997,                       
                                           "Actual Loops": 1,                           
                                           "Shared Hit Blocks": 2,                      
                                           "Shared Read Blocks": 2992,                  
                                           "Shared Dirtied Blocks": 0,                  
                                           "Shared Written Blocks": 0,                  
                                           "Local Hit Blocks": 0,                       
                                           "Local Read Blocks": 0,                      
                                           "Local Dirtied Blocks": 0,                   
                                           "Local Written Blocks": 0,                   
                                           "Temp Read Blocks": 0,                       
                                           "Temp Written Blocks": 0                     
                                         }                                              
                                       ]                                                
                                     }                                                  
                                   ]                                                    
                                 }                                                      
                               ]                                                        
                             }                                                          
                           ]                                                            
                         }                                                              
                       ]                                                                
                     },                                                                 
                     {                                                                  
                       "Node Type": "Materialize",                                      
                       "Parent Relationship": "Inner",                                  
                       "Parallel Aware": false,                                         
                       "Startup Cost": 484804.46,                                       
                       "Total Cost": 487108.14,                                         
                       "Plan Rows": 14835720,                                           
                       "Plan Width": 4,                                                 
                       "Actual Startup Time": 20515.334,                                
                       "Actual Total Time": 33008.765,                                  
                       "Actual Rows": 185777409,                                        
                       "Actual Loops": 1,                                               
                       "Shared Hit Blocks": 3,                                          
                       "Shared Read Blocks": 161890,                                    
                       "Shared Dirtied Blocks": 0,                                      
                       "Shared Written Blocks": 0,                                      
                       "Local Hit Blocks": 0,                                           
                       "Local Read Blocks": 0,                                          
                       "Local Dirtied Blocks": 0,                                       
                       "Local Written Blocks": 0,                                       
                       "Temp Read Blocks": 96721,                                       
                       "Temp Written Blocks": 96933,                                    
                       "Plans": [                                                       
                         {                                                              
                           "Node Type": "Sort",                                         
                           "Parent Relationship": "Outer",                              
                           "Parallel Aware": false,                                     
                           "Startup Cost": 484804.46,                                   
                           "Total Cost": 485956.30,                                     
                           "Plan Rows": 14835720,                                       
                           "Plan Width": 4,                                             
                           "Actual Startup Time": 20515.330,                            
                           "Actual Total Time": 22910.604,                              
                           "Actual Rows": 14834414,                                     
                           "Actual Loops": 1,                                           
                           "Sort Key": ["mi.movie_id"],                                 
                           "Sort Method": "external merge",                             
                           "Sort Space Used": 203256,                                   
                           "Sort Space Type": "Disk",                                   
                           "Shared Hit Blocks": 3,                                      
                           "Shared Read Blocks": 161890,                                
                           "Shared Dirtied Blocks": 0,                                  
                           "Shared Written Blocks": 0,                                  
                           "Local Hit Blocks": 0,                                       
                           "Local Read Blocks": 0,                                      
                           "Local Dirtied Blocks": 0,                                   
                           "Local Written Blocks": 0,                                   
                           "Temp Read Blocks": 96721,                                   
                           "Temp Written Blocks": 96933,                                
                           "Plans": [                                                   
                             {                                                          
                               "Node Type": "Merge Join",                               
                               "Parent Relationship": "Outer",                          
                               "Parallel Aware": false,                                 
                               "Join Type": "Inner",                                    
                               "Startup Cost": 243789.49,                               
                               "Total Cost": 247118.96,                                 
                               "Plan Rows": 14835720,                                   
                               "Plan Width": 4,                                         
                               "Actual Startup Time": 10000.504,                        
                               "Actual Total Time": 14589.748,                          
                               "Actual Rows": 14835720,                                 
                               "Actual Loops": 1,                                       
                               "Inner Unique": true,                                    
                               "Merge Cond": "(mi.info_type_id = it.id)",              
                               "Shared Hit Blocks": 3,                                  
                               "Shared Read Blocks": 161890,                            
                               "Shared Dirtied Blocks": 0,                              
                               "Shared Written Blocks": 0,                              
                               "Local Hit Blocks": 0,                                   
                               "Local Read Blocks": 0,                                  
                               "Local Dirtied Blocks": 0,                               
                               "Local Written Blocks": 0,                               
                               "Temp Read Blocks": 54405,                               
                               "Temp Written Blocks": 54511,                            
                               "Plans": [                                               
                                 {                                                      
                                   "Node Type": "Sort",                                 
                                   "Parent Relationship": "Outer",                      
                                   "Parallel Aware": false,                             
                                   "Startup Cost": 243789.34,                           
                                   "Total Cost": 244941.18,                             
                                   "Plan Rows": 14835720,                               
                                   "Plan Width": 8,                                     
                                   "Actual Startup Time": 10000.449,                    
                                   "Actual Total Time": 11811.043,                      
                                   "Actual Rows": 14835720,                             
                                   "Actual Loops": 1,                                   
                                   "Sort Key": ["mi.info_type_id"],                     
                                   "Sort Method": "external merge",                     
                                   "Sort Space Used": 261320,                           
                                   "Sort Space Type": "Disk",                           
                                   "Shared Hit Blocks": 2,                              
                                   "Shared Read Blocks": 161890,                        
                                   "Shared Dirtied Blocks": 0,                          
                                   "Shared Written Blocks": 0,                          
                                   "Local Hit Blocks": 0,                               
                                   "Local Read Blocks": 0,                              
                                   "Local Dirtied Blocks": 0,                           
                                   "Local Written Blocks": 0,                           
                                   "Temp Read Blocks": 54405,                           
                                   "Temp Written Blocks": 54511,                        
                                   "Plans": [                                           
                                     {                                                  
                                       "Node Type": "Seq Scan",                         
                                       "Parent Relationship": "Outer",                  
                                       "Parallel Aware": false,                         
                                       "Relation Name": "movie_info",                   
                                       "Alias": "mi",                                   
                                       "Startup Cost": 0.00,                            
                                       "Total Cost": 6103.84,                           
                                       "Plan Rows": 14835720,                           
                                       "Plan Width": 8,                                 
                                       "Actual Startup Time": 16.288,                   
                                       "Actual Total Time": 5359.788,                   
                                       "Actual Rows": 14835720,                         
                                       "Actual Loops": 1,                               
                                       "Shared Hit Blocks": 2,                          
                                       "Shared Read Blocks": 161890,                    
                                       "Shared Dirtied Blocks": 0,                      
                                       "Shared Written Blocks": 0,                      
                                       "Local Hit Blocks": 0,                           
                                       "Local Read Blocks": 0,                          
                                       "Local Dirtied Blocks": 0,                       
                                       "Local Written Blocks": 0,                       
                                       "Temp Read Blocks": 0,                           
                                       "Temp Written Blocks": 0                         
                                     }                                                  
                                   ]                                                    
                                 },                                                     
                                 {                                                      
                                   "Node Type": "Sort",                                 
                                   "Parent Relationship": "Inner",                      
                                   "Parallel Aware": false,                             
                                   "Startup Cost": 0.16,                                
                                   "Total Cost": 0.17,                                  
                                   "Plan Rows": 113,                                    
                                   "Plan Width": 4,                                     
                                   "Actual Startup Time": 0.050,                        
                                   "Actual Total Time": 0.069,                          
                                   "Actual Rows": 110,                                  
                                   "Actual Loops": 1,                                   
                                   "Sort Key": ["it.id"],                              
                                   "Sort Method": "quicksort",                          
                                   "Sort Space Used": 30,                               
                                   "Sort Space Type": "Memory",                         
                                   "Shared Hit Blocks": 1,                              
                                   "Shared Read Blocks": 0,                             
                                   "Shared Dirtied Blocks": 0,                          
                                   "Shared Written Blocks": 0,                          
                                   "Local Hit Blocks": 0,                               
                                   "Local Read Blocks": 0,                              
                                   "Local Dirtied Blocks": 0,                           
                                   "Local Written Blocks": 0,                           
                                   "Temp Read Blocks": 0,                               
                                   "Temp Written Blocks": 0,                            
                                   "Plans": [                                           
                                     {                                                  
                                       "Node Type": "Seq Scan",                         
                                       "Parent Relationship": "Outer",                  
                                       "Parallel Aware": false,                         
                                       "Relation Name": "info_type",                    
                                       "Alias": "it",                                  
                                       "Startup Cost": 0.00,                            
                                       "Total Cost": 0.04,                              
                                       "Plan Rows": 113,                                
                                       "Plan Width": 4,                                 
                                       "Actual Startup Time": 0.012,                    
                                       "Actual Total Time": 0.025,                      
                                       "Actual Rows": 113,                              
                                       "Actual Loops": 1,                               
                                       "Shared Hit Blocks": 1,                          
                                       "Shared Read Blocks": 0,                         
                                       "Shared Dirtied Blocks": 0,                      
                                       "Shared Written Blocks": 0,                      
                                       "Local Hit Blocks": 0,                           
                                       "Local Read Blocks": 0,                          
                                       "Local Dirtied Blocks": 0,                       
                                       "Local Written Blocks": 0,                       
                                       "Temp Read Blocks": 0,                           
                                       "Temp Written Blocks": 0                         
                                     }                                                  
                                   ]                                                    
                                 }                                                      
                               ]                                                        
                             }                                                          
                           ]                                                            
                         }                                                              
                       ]                                                                
                     }                                                                  
                   ]                                                                    
                 }                                                                      
               ]                                                                        
             }                                                                          
           ]                                                                            
         }                                                                              
       ]                                                                                
     },                                                                                 
     "Planning Time": 9027.228,                                                         
     "Triggers": [                                                                      
     ],                                                                                 
     "Execution Time": 10171698.668                                                     
   }                                                                                    
 ]
