 [                                                                                                       
   {                                                                                                     
     "Plan": {                                                                                           
       "Node Type": "Aggregate",                                                                         
       "Strategy": "Plain",                                                                              
       "Partial Mode": "Simple",                                                                         
       "Parallel Aware": false,                                                                          
       "Startup Cost": 512084.10,                                                                        
       "Total Cost": 512084.10,                                                                          
       "Plan Rows": 1,                                                                                   
       "Plan Width": 64,                                                                                 
       "Actual Startup Time": 2710139.118,                                                               
       "Actual Total Time": 2710139.118,                                                                 
       "Actual Rows": 1,                                                                                 
       "Actual Loops": 1,                                                                                
       "Shared Hit Blocks": 24,                                                                          
       "Shared Read Blocks": 245791,                                                                     
       "Shared Dirtied Blocks": 0,                                                                       
       "Shared Written Blocks": 0,                                                                       
       "Local Hit Blocks": 0,                                                                            
       "Local Read Blocks": 0,                                                                           
       "Local Dirtied Blocks": 0,                                                                        
       "Local Written Blocks": 0,                                                                        
       "Temp Read Blocks": 10615212,                                                                     
       "Temp Written Blocks": 249666,                                                                    
       "Plans": [                                                                                        
         {                                                                                               
           "Node Type": "Merge Join",                                                                    
           "Parent Relationship": "Outer",                                                               
           "Parallel Aware": false,                                                                      
           "Join Type": "Inner",                                                                         
           "Startup Cost": 495909.33,                                                                    
           "Total Cost": 500033.01,                                                                      
           "Plan Rows": 77609049,                                                                        
           "Plan Width": 27,                                                                             
           "Actual Startup Time": 35334.816,                                                             
           "Actual Total Time": 1643137.812,                                                             
           "Actual Rows": 5527061593,                                                                    
           "Actual Loops": 1,                                                                            
           "Inner Unique": false,                                                                        
           "Merge Cond": "(mk.movie_id = t.id)",                                                         
           "Shared Hit Blocks": 24,                                                                      
           "Shared Read Blocks": 245791,                                                                 
           "Shared Dirtied Blocks": 0,                                                                   
           "Shared Written Blocks": 0,                                                                   
           "Local Hit Blocks": 0,                                                                        
           "Local Read Blocks": 0,                                                                       
           "Local Dirtied Blocks": 0,                                                                    
           "Local Written Blocks": 0,                                                                    
           "Temp Read Blocks": 10615212,                                                                 
           "Temp Written Blocks": 249666,                                                                
           "Plans": [                                                                                    
             {                                                                                           
               "Node Type": "Sort",                                                                      
               "Parent Relationship": "Outer",                                                           
               "Parallel Aware": false,                                                                  
               "Startup Cost": 89316.26,                                                                 
               "Total Cost": 89667.49,                                                                   
               "Plan Rows": 4523930,                                                                     
               "Plan Width": 4,                                                                          
               "Actual Startup Time": 6109.877,                                                          
               "Actual Total Time": 7096.445,                                                            
               "Actual Rows": 4523865,                                                                   
               "Actual Loops": 1,                                                                        
               "Sort Key": ["mk.movie_id"],                                                              
               "Sort Method": "external merge",                                                          
               "Sort Space Used": 61984,                                                                 
               "Sort Space Type": "Disk",                                                                
               "Shared Hit Blocks": 9,                                                                   
               "Shared Read Blocks": 25398,                                                              
               "Shared Dirtied Blocks": 0,                                                               
               "Shared Written Blocks": 0,                                                               
               "Local Hit Blocks": 0,                                                                    
               "Local Read Blocks": 0,                                                                   
               "Local Dirtied Blocks": 0,                                                                
               "Local Written Blocks": 0,                                                                
               "Temp Read Blocks": 17709,                                                                
               "Temp Written Blocks": 17773,                                                             
               "Plans": [                                                                                
                 {                                                                                       
                   "Node Type": "Merge Join",                                                            
                   "Parent Relationship": "Outer",                                                       
                   "Parallel Aware": false,                                                              
                   "Join Type": "Inner",                                                                 
                   "Startup Cost": 44876.96,                                                             
                   "Total Cost": 45913.06,                                                               
                   "Plan Rows": 4523930,                                                                 
                   "Plan Width": 4,                                                                      
                   "Actual Startup Time": 2762.345,                                                      
                   "Actual Total Time": 4324.089,                                                        
                   "Actual Rows": 4523930,                                                               
                   "Actual Loops": 1,                                                                    
                   "Inner Unique": true,                                                                 
                   "Merge Cond": "(mk.keyword_id = k.id)",                                               
                   "Shared Hit Blocks": 5,                                                               
                   "Shared Read Blocks": 25398,                                                          
                   "Shared Dirtied Blocks": 0,                                                           
                   "Shared Written Blocks": 0,                                                           
                   "Local Hit Blocks": 0,                                                                
                   "Local Read Blocks": 0,                                                               
                   "Local Dirtied Blocks": 0,                                                            
                   "Local Written Blocks": 0,                                                            
                   "Temp Read Blocks": 9961,                                                             
                   "Temp Written Blocks": 9993,                                                          
                   "Plans": [                                                                            
                     {                                                                                   
                       "Node Type": "Sort",                                                              
                       "Parent Relationship": "Outer",                                                   
                       "Parallel Aware": false,                                                          
                       "Startup Cost": 44483.04,                                                         
                       "Total Cost": 44834.27,                                                           
                       "Plan Rows": 4523930,                                                             
                       "Plan Width": 8,                                                                  
                       "Actual Startup Time": 2653.188,                                                  
                       "Actual Total Time": 3303.268,                                                    
                       "Actual Rows": 4523930,                                                           
                       "Actual Loops": 1,                                                                
                       "Sort Key": ["mk.keyword_id"],                                                    
                       "Sort Method": "external merge",                                                  
                       "Sort Space Used": 79688,                                                         
                       "Sort Space Type": "Disk",                                                        
                       "Shared Hit Blocks": 3,                                                           
                       "Shared Read Blocks": 24451,                                                      
                       "Shared Dirtied Blocks": 0,                                                       
                       "Shared Written Blocks": 0,                                                       
                       "Local Hit Blocks": 0,                                                            
                       "Local Read Blocks": 0,                                                           
                       "Local Dirtied Blocks": 0,                                                        
                       "Local Written Blocks": 0,                                                        
                       "Temp Read Blocks": 9961,                                                         
                       "Temp Written Blocks": 9993,                                                      
                       "Plans": [                                                                        
                         {                                                                               
                           "Node Type": "Seq Scan",                                                      
                           "Parent Relationship": "Outer",                                               
                           "Parallel Aware": false,                                                      
                           "Relation Name": "movie_keyword",                                             
                           "Alias": "mk",                                                                
                           "Startup Cost": 0.00,                                                         
                           "Total Cost": 1079.84,                                                        
                           "Plan Rows": 4523930,                                                         
                           "Plan Width": 8,                                                              
                           "Actual Startup Time": 0.026,                                                 
                           "Actual Total Time": 756.375,                                                 
                           "Actual Rows": 4523930,                                                       
                           "Actual Loops": 1,                                                            
                           "Shared Hit Blocks": 3,                                                       
                           "Shared Read Blocks": 24451,                                                  
                           "Shared Dirtied Blocks": 0,                                                   
                           "Shared Written Blocks": 0,                                                   
                           "Local Hit Blocks": 0,                                                        
                           "Local Read Blocks": 0,                                                       
                           "Local Dirtied Blocks": 0,                                                    
                           "Local Written Blocks": 0,                                                    
                           "Temp Read Blocks": 0,                                                        
                           "Temp Written Blocks": 0                                                      
                         }                                                                               
                       ]                                                                                 
                     },                                                                                  
                     {                                                                                   
                       "Node Type": "Sort",                                                              
                       "Parent Relationship": "Inner",                                                   
                       "Parallel Aware": false,                                                          
                       "Startup Cost": 393.92,                                                           
                       "Total Cost": 404.34,                                                             
                       "Plan Rows": 134170,                                                              
                       "Plan Width": 4,                                                                  
                       "Actual Startup Time": 109.150,                                                   
                       "Actual Total Time": 125.429,                                                     
                       "Actual Rows": 134170,                                                            
                       "Actual Loops": 1,                                                                
                       "Sort Key": ["k.id"],                                                             
                       "Sort Method": "quicksort",                                                       
                       "Sort Space Used": 9703,                                                          
                       "Sort Space Type": "Memory",                                                      
                       "Shared Hit Blocks": 2,                                                           
                       "Shared Read Blocks": 947,                                                        
                       "Shared Dirtied Blocks": 0,                                                       
                       "Shared Written Blocks": 0,                                                       
                       "Local Hit Blocks": 0,                                                            
                       "Local Read Blocks": 0,                                                           
                       "Local Dirtied Blocks": 0,                                                        
                       "Local Written Blocks": 0,                                                        
                       "Temp Read Blocks": 0,                                                            
                       "Temp Written Blocks": 0,                                                         
                       "Plans": [                                                                        
                         {                                                                               
                           "Node Type": "Seq Scan",                                                      
                           "Parent Relationship": "Outer",                                               
                           "Parallel Aware": false,                                                      
                           "Relation Name": "keyword",                                                   
                           "Alias": "k",                                                                 
                           "Startup Cost": 0.00,                                                         
                           "Total Cost": 39.04,                                                          
                           "Plan Rows": 134170,                                                          
                           "Plan Width": 4,                                                              
                           "Actual Startup Time": 18.363,                                                
                           "Actual Total Time": 50.073,                                                  
                           "Actual Rows": 134170,                                                        
                           "Actual Loops": 1,                                                            
                           "Shared Hit Blocks": 2,                                                       
                           "Shared Read Blocks": 947,                                                    
                           "Shared Dirtied Blocks": 0,                                                   
                           "Shared Written Blocks": 0,                                                   
                           "Local Hit Blocks": 0,                                                        
                           "Local Read Blocks": 0,                                                       
                           "Local Dirtied Blocks": 0,                                                    
                           "Local Written Blocks": 0,                                                    
                           "Temp Read Blocks": 0,                                                        
                           "Temp Written Blocks": 0                                                      
                         }                                                                               
                       ]                                                                                 
                     }                                                                                   
                   ]                                                                                     
                 }                                                                                       
               ]                                                                                         
             },                                                                                          
             {                                                                                           
               "Node Type": "Materialize",                                                               
               "Parent Relationship": "Inner",                                                           
               "Parallel Aware": false,                                                                  
               "Startup Cost": 406593.07,                                                                
               "Total Cost": 407890.99,                                                                  
               "Plan Rows": 6560183,                                                                     
               "Plan Width": 43,                                                                         
               "Actual Startup Time": 29223.683,                                                         
               "Actual Total Time": 449738.945,                                                          
               "Actual Rows": 5528198979,                                                                
               "Actual Loops": 1,                                                                        
               "Shared Hit Blocks": 15,                                                                  
               "Shared Read Blocks": 220393,                                                             
               "Shared Dirtied Blocks": 0,                                                               
               "Shared Written Blocks": 0,                                                               
               "Local Hit Blocks": 0,                                                                    
               "Local Read Blocks": 0,                                                                   
               "Local Dirtied Blocks": 0,                                                                
               "Local Written Blocks": 0,                                                                
               "Temp Read Blocks": 10597503,                                                             
               "Temp Written Blocks": 231893,                                                            
               "Plans": [                                                                                
                 {                                                                                       
                   "Node Type": "Merge Join",                                                            
                   "Parent Relationship": "Outer",                                                       
                   "Parallel Aware": false,                                                              
                   "Join Type": "Inner",                                                                 
                   "Startup Cost": 406593.07,                                                            
                   "Total Cost": 407381.66,                                                              
                   "Plan Rows": 6560183,                                                                 
                   "Plan Width": 43,                                                                     
                   "Actual Startup Time": 29223.679,                                                     
                   "Actual Total Time": 44938.754,                                                       
                   "Actual Rows": 51751860,                                                              
                   "Actual Loops": 1,                                                                    
                   "Inner Unique": false,                                                                
                   "Merge Cond": "(mc.movie_id = t.id)",                                                 
                   "Shared Hit Blocks": 15,                                                              
                   "Shared Read Blocks": 220393,                                                         
                   "Shared Dirtied Blocks": 0,                                                           
                   "Shared Written Blocks": 0,                                                           
                   "Local Hit Blocks": 0,                                                                
                   "Local Read Blocks": 0,                                                               
                   "Local Dirtied Blocks": 0,                                                            
                   "Local Written Blocks": 0,                                                            
                   "Temp Read Blocks": 173414,                                                           
                   "Temp Written Blocks": 136208,                                                        
                   "Plans": [                                                                            
                     {                                                                                   
                       "Node Type": "Sort",                                                              
                       "Parent Relationship": "Outer",                                                   
                       "Parallel Aware": false,                                                          
                       "Startup Cost": 80888.56,                                                         
                       "Total Cost": 81091.13,                                                           
                       "Plan Rows": 2609129,                                                             
                       "Plan Width": 4,                                                                  
                       "Actual Startup Time": 5113.829,                                                  
                       "Actual Total Time": 5607.198,                                                    
                       "Actual Rows": 2609129,                                                           
                       "Actual Loops": 1,                                                                
                       "Sort Key": ["mc.movie_id"],                                                      
                       "Sort Method": "external merge",                                                  
                       "Sort Space Used": 35752,                                                         
                       "Sort Space Type": "Disk",                                                        
                       "Shared Hit Blocks": 6,                                                           
                       "Shared Read Blocks": 21778,                                                      
                       "Shared Dirtied Blocks": 0,                                                       
                       "Shared Written Blocks": 0,                                                       
                       "Local Hit Blocks": 0,                                                            
                       "Local Read Blocks": 0,                                                           
                       "Local Dirtied Blocks": 0,                                                        
                       "Local Written Blocks": 0,                                                        
                       "Temp Read Blocks": 17640,                                                        
                       "Temp Written Blocks": 17695,                                                     
                       "Plans": [                                                                        
                         {                                                                               
                           "Node Type": "Merge Join",                                                    
                           "Parent Relationship": "Outer",                                               
                           "Parallel Aware": false,                                                      
                           "Join Type": "Inner",                                                         
                           "Startup Cost": 55556.10,                                                     
                           "Total Cost": 56178.13,                                                       
                           "Plan Rows": 2609129,                                                         
                           "Plan Width": 4,                                                              
                           "Actual Startup Time": 3158.934,                                              
                           "Actual Total Time": 4090.381,                                                
                           "Actual Rows": 2609129,                                                       
                           "Actual Loops": 1,                                                            
                           "Inner Unique": true,                                                         
                           "Merge Cond": "(mc.company_id = cn.id)",                                      
                           "Shared Hit Blocks": 6,                                                       
                           "Shared Read Blocks": 21778,                                                  
                           "Shared Dirtied Blocks": 0,                                                   
                           "Shared Written Blocks": 0,                                                   
                           "Local Hit Blocks": 0,                                                        
                           "Local Read Blocks": 0,                                                       
                           "Local Dirtied Blocks": 0,                                                    
                           "Local Written Blocks": 0,                                                    
                           "Temp Read Blocks": 13171,                                                    
                           "Temp Written Blocks": 13208,                                                 
                           "Plans": [                                                                    
                             {                                                                           
                               "Node Type": "Sort",                                                      
                               "Parent Relationship": "Outer",                                           
                               "Parallel Aware": false,                                                  
                               "Startup Cost": 54794.87,                                                 
                               "Total Cost": 54997.44,                                                   
                               "Plan Rows": 2609129,                                                     
                               "Plan Width": 8,                                                          
                               "Actual Startup Time": 2956.269,                                          
                               "Actual Total Time": 3314.561,                                            
                               "Actual Rows": 2609129,                                                   
                               "Actual Loops": 1,                                                        
                               "Sort Key": ["mc.company_id"],                                            
                               "Sort Method": "external merge",                                          
                               "Sort Space Used": 45960,                                                 
                               "Sort Space Type": "Disk",                                                
                               "Shared Hit Blocks": 4,                                                   
                               "Shared Read Blocks": 18786,                                              
                               "Shared Dirtied Blocks": 0,                                               
                               "Shared Written Blocks": 0,                                               
                               "Local Hit Blocks": 0,                                                    
                               "Local Read Blocks": 0,                                                   
                               "Local Dirtied Blocks": 0,                                                
                               "Local Written Blocks": 0,                                                
                               "Temp Read Blocks": 12767,                                                
                               "Temp Written Blocks": 12803,                                             
                               "Plans": [                                                                
                                 {                                                                       
                                   "Node Type": "Merge Join",                                            
                                   "Parent Relationship": "Outer",                                       
                                   "Parallel Aware": false,                                              
                                   "Join Type": "Inner",                                                 
                                   "Startup Cost": 29498.90,                                             
                                   "Total Cost": 30084.44,                                               
                                   "Plan Rows": 2609129,                                                 
                                   "Plan Width": 8,                                                      
                                   "Actual Startup Time": 1161.215,                                      
                                   "Actual Total Time": 2012.880,                                        
                                   "Actual Rows": 2609129,                                               
                                   "Actual Loops": 1,                                                    
                                   "Inner Unique": true,                                                 
                                   "Merge Cond": "(mc.company_type_id = ct.id)",                         
                                   "Shared Hit Blocks": 4,                                               
                                   "Shared Read Blocks": 18786,                                          
                                   "Shared Dirtied Blocks": 0,                                           
                                   "Shared Written Blocks": 0,                                           
                                   "Local Hit Blocks": 0,                                                
                                   "Local Read Blocks": 0,                                               
                                   "Local Dirtied Blocks": 0,                                            
                                   "Local Written Blocks": 0,                                            
                                   "Temp Read Blocks": 7022,                                             
                                   "Temp Written Blocks": 7040,                                          
                                   "Plans": [                                                            
                                     {                                                                   
                                       "Node Type": "Sort",                                              
                                       "Parent Relationship": "Outer",                                   
                                       "Parallel Aware": false,                                          
                                       "Startup Cost": 29498.86,                                         
                                       "Total Cost": 29701.44,                                           
                                       "Plan Rows": 2609129,                                             
                                       "Plan Width": 12,                                                 
                                       "Actual Startup Time": 1161.191,                                  
                                       "Actual Total Time": 1482.609,                                    
                                       "Actual Rows": 2609129,                                           
                                       "Actual Loops": 1,                                                
                                       "Sort Key": ["mc.company_type_id"],                               
                                       "Sort Method": "external merge",                                  
                                       "Sort Space Used": 56176,                                         
                                       "Sort Space Type": "Disk",                                        
                                       "Shared Hit Blocks": 3,                                           
                                       "Shared Read Blocks": 18786,                                      
                                       "Shared Dirtied Blocks": 0,                                       
                                       "Shared Written Blocks": 0,                                       
                                       "Local Hit Blocks": 0,                                            
                                       "Local Read Blocks": 0,                                           
                                       "Local Dirtied Blocks": 0,                                        
                                       "Local Written Blocks": 0,                                        
                                       "Temp Read Blocks": 7022,                                         
                                       "Temp Written Blocks": 7040,                                      
                                       "Plans": [                                                        
                                         {                                                               
                                           "Node Type": "Seq Scan",                                      
                                           "Parent Relationship": "Outer",                               
                                           "Parallel Aware": false,                                      
                                           "Relation Name": "movie_companies",                           
                                           "Alias": "mc",                                                
                                           "Startup Cost": 0.00,                                         
                                           "Total Cost": 769.75,                                         
                                           "Plan Rows": 2609129,                                         
                                           "Plan Width": 12,                                             
                                           "Actual Startup Time": 0.015,                                 
                                           "Actual Total Time": 546.663,                                 
                                           "Actual Rows": 2609129,                                       
                                           "Actual Loops": 1,                                            
                                           "Shared Hit Blocks": 3,                                       
                                           "Shared Read Blocks": 18786,                                  
                                           "Shared Dirtied Blocks": 0,                                   
                                           "Shared Written Blocks": 0,                                   
                                           "Local Hit Blocks": 0,                                        
                                           "Local Read Blocks": 0,                                       
                                           "Local Dirtied Blocks": 0,                                    
                                           "Local Written Blocks": 0,                                    
                                           "Temp Read Blocks": 0,                                        
                                           "Temp Written Blocks": 0                                      
                                         }                                                               
                                       ]                                                                 
                                     },                                                                  
                                     {                                                                   
                                       "Node Type": "Sort",                                              
                                       "Parent Relationship": "Inner",                                   
                                       "Parallel Aware": false,                                          
                                       "Startup Cost": 0.03,                                             
                                       "Total Cost": 0.03,                                               
                                       "Plan Rows": 4,                                                   
                                       "Plan Width": 4,                                                  
                                       "Actual Startup Time": 0.017,                                     
                                       "Actual Total Time": 0.018,                                       
                                       "Actual Rows": 2,                                                 
                                       "Actual Loops": 1,                                                
                                       "Sort Key": ["ct.id"],                                            
                                       "Sort Method": "quicksort",                                       
                                       "Sort Space Used": 25,                                            
                                       "Sort Space Type": "Memory",                                      
                                       "Shared Hit Blocks": 1,                                           
                                       "Shared Read Blocks": 0,                                          
                                       "Shared Dirtied Blocks": 0,                                       
                                       "Shared Written Blocks": 0,                                       
                                       "Local Hit Blocks": 0,                                            
                                       "Local Read Blocks": 0,                                           
                                       "Local Dirtied Blocks": 0,                                        
                                       "Local Written Blocks": 0,                                        
                                       "Temp Read Blocks": 0,                                            
                                       "Temp Written Blocks": 0,                                         
                                       "Plans": [                                                        
                                         {                                                               
                                           "Node Type": "Seq Scan",                                      
                                           "Parent Relationship": "Outer",                               
                                           "Parallel Aware": false,                                      
                                           "Relation Name": "company_type",                              
                                           "Alias": "ct",                                                
                                           "Startup Cost": 0.00,                                         
                                           "Total Cost": 0.03,                                           
                                           "Plan Rows": 4,                                               
                                           "Plan Width": 4,                                              
                                           "Actual Startup Time": 0.007,                                 
                                           "Actual Total Time": 0.009,                                   
                                           "Actual Rows": 4,                                             
                                           "Actual Loops": 1,                                            
                                           "Shared Hit Blocks": 1,                                       
                                           "Shared Read Blocks": 0,                                      
                                           "Shared Dirtied Blocks": 0,                                   
                                           "Shared Written Blocks": 0,                                   
                                           "Local Hit Blocks": 0,                                        
                                           "Local Read Blocks": 0,                                       
                                           "Local Dirtied Blocks": 0,                                    
                                           "Local Written Blocks": 0,                                    
                                           "Temp Read Blocks": 0,                                        
                                           "Temp Written Blocks": 0                                      
                                         }                                                               
                                       ]                                                                 
                                     }                                                                   
                                   ]                                                                     
                                 }                                                                       
                               ]                                                                         
                             },                                                                          
                             {                                                                           
                               "Node Type": "Sort",                                                      
                               "Parent Relationship": "Inner",                                           
                               "Parallel Aware": false,                                                  
                               "Startup Cost": 761.23,                                                   
                               "Total Cost": 779.47,                                                     
                               "Plan Rows": 234997,                                                      
                               "Plan Width": 4,                                                          
                               "Actual Startup Time": 202.659,                                           
                               "Actual Total Time": 228.955,                                             
                               "Actual Rows": 234997,                                                    
                               "Actual Loops": 1,                                                        
                               "Sort Key": ["cn.id"],                                                    
                               "Sort Method": "external merge",                                          
                               "Sort Space Used": 3232,                                                  
                               "Sort Space Type": "Disk",                                                
                               "Shared Hit Blocks": 2,                                                   
                               "Shared Read Blocks": 2992,                                               
                               "Shared Dirtied Blocks": 0,                                               
                               "Shared Written Blocks": 0,                                               
                               "Local Hit Blocks": 0,                                                    
                               "Local Read Blocks": 0,                                                   
                               "Local Dirtied Blocks": 0,                                                
                               "Local Written Blocks": 0,                                                
                               "Temp Read Blocks": 404,                                                  
                               "Temp Written Blocks": 405,                                               
                               "Plans": [                                                                
                                 {                                                                       
                                   "Node Type": "Seq Scan",                                              
                                   "Parent Relationship": "Outer",                                       
                                   "Parallel Aware": false,                                              
                                   "Relation Name": "company_name",                                      
                                   "Alias": "cn",                                                        
                                   "Startup Cost": 0.00,                                                 
                                   "Total Cost": 110.16,                                                 
                                   "Plan Rows": 234997,                                                  
                                   "Plan Width": 4,                                                      
                                   "Actual Startup Time": 15.141,                                        
                                   "Actual Total Time": 77.573,                                          
                                   "Actual Rows": 234997,                                                
                                   "Actual Loops": 1,                                                    
                                   "Shared Hit Blocks": 2,                                               
                                   "Shared Read Blocks": 2992,                                           
                                   "Shared Dirtied Blocks": 0,                                           
                                   "Shared Written Blocks": 0,                                           
                                   "Local Hit Blocks": 0,                                                
                                   "Local Read Blocks": 0,                                               
                                   "Local Dirtied Blocks": 0,                                            
                                   "Local Written Blocks": 0,                                            
                                   "Temp Read Blocks": 0,                                                
                                   "Temp Written Blocks": 0                                              
                                 }                                                                       
                               ]                                                                         
                             }                                                                           
                           ]                                                                             
                         }                                                                               
                       ]                                                                                 
                     },                                                                                  
                     {                                                                                   
                       "Node Type": "Materialize",                                                       
                       "Parent Relationship": "Inner",                                                   
                       "Parallel Aware": false,                                                          
                       "Startup Cost": 325704.51,                                                        
                       "Total Cost": 325897.20,                                                          
                       "Plan Rows": 1240925,                                                             
                       "Plan Width": 39,                                                                 
                       "Actual Startup Time": 24109.778,                                                 
                       "Actual Total Time": 27620.552,                                                   
                       "Actual Rows": 51855362,                                                          
                       "Actual Loops": 1,                                                                
                       "Shared Hit Blocks": 9,                                                           
                       "Shared Read Blocks": 198615,                                                     
                       "Shared Dirtied Blocks": 0,                                                       
                       "Shared Written Blocks": 0,                                                       
                       "Local Hit Blocks": 0,                                                            
                       "Local Read Blocks": 0,                                                           
                       "Local Dirtied Blocks": 0,                                                        
                       "Local Written Blocks": 0,                                                        
                       "Temp Read Blocks": 155774,                                                       
                       "Temp Written Blocks": 118513,                                                    
                       "Plans": [                                                                        
                         {                                                                               
                           "Node Type": "Sort",                                                          
                           "Parent Relationship": "Outer",                                               
                           "Parallel Aware": false,                                                      
                           "Startup Cost": 325704.51,                                                    
                           "Total Cost": 325800.86,                                                      
                           "Plan Rows": 1240925,                                                         
                           "Plan Width": 39,                                                             
                           "Actual Startup Time": 24109.774,                                             
                           "Actual Total Time": 24866.607,                                               
                           "Actual Rows": 3688733,                                                       
                           "Actual Loops": 1,                                                            
                           "Sort Key": ["cc.movie_id"],                                                  
                           "Sort Method": "external merge",                                              
                           "Sort Space Used": 171088,                                                    
                           "Sort Space Type": "Disk",                                                    
                           "Shared Hit Blocks": 9,                                                       
                           "Shared Read Blocks": 198615,                                                 
                           "Shared Dirtied Blocks": 0,                                                   
                           "Shared Written Blocks": 0,                                                   
                           "Local Hit Blocks": 0,                                                        
                           "Local Read Blocks": 0,                                                       
                           "Local Dirtied Blocks": 0,                                                    
                           "Local Written Blocks": 0,                                                    
                           "Temp Read Blocks": 155774,                                                   
                           "Temp Written Blocks": 118513,                                                
                           "Plans": [                                                                    
                             {                                                                           
                               "Node Type": "Merge Join",                                                
                               "Parent Relationship": "Outer",                                           
                               "Parallel Aware": false,                                                  
                               "Join Type": "Inner",                                                     
                               "Startup Cost": 306234.52,                                                
                               "Total Cost": 306513.02,                                                  
                               "Plan Rows": 1240925,                                                     
                               "Plan Width": 39,                                                         
                               "Actual Startup Time": 21064.281,                                         
                               "Actual Total Time": 22534.999,                                           
                               "Actual Rows": 3688793,                                                   
                               "Actual Loops": 1,                                                        
                               "Inner Unique": true,                                                     
                               "Merge Cond": "(mi.info_type_id = it.id)",                               
                               "Shared Hit Blocks": 9,                                                   
                               "Shared Read Blocks": 198615,                                             
                               "Shared Dirtied Blocks": 0,                                               
                               "Shared Written Blocks": 0,                                               
                               "Local Hit Blocks": 0,                                                    
                               "Local Read Blocks": 0,                                                   
                               "Local Dirtied Blocks": 0,                                                
                               "Local Written Blocks": 0,                                                
                               "Temp Read Blocks": 132220,                                               
                               "Temp Written Blocks": 94919,                                             
                               "Plans": [                                                                
                                 {                                                                       
                                   "Node Type": "Sort",                                                  
                                   "Parent Relationship": "Outer",                                       
                                   "Parallel Aware": false,                                              
                                   "Startup Cost": 306234.36,                                            
                                   "Total Cost": 306330.70,                                              
                                   "Plan Rows": 1240925,                                                 
                                   "Plan Width": 43,                                                     
                                   "Actual Startup Time": 21064.224,                                     
                                   "Actual Total Time": 21581.775,                                       
                                   "Actual Rows": 3688793,                                               
                                   "Actual Loops": 1,                                                    
                                   "Sort Key": ["mi.info_type_id"],                                      
                                   "Sort Method": "external merge",                                      
                                   "Sort Space Used": 185528,                                            
                                   "Sort Space Type": "Disk",                                            
                                   "Shared Hit Blocks": 8,                                               
                                   "Shared Read Blocks": 198615,                                         
                                   "Shared Dirtied Blocks": 0,                                           
                                   "Shared Written Blocks": 0,                                           
                                   "Local Hit Blocks": 0,                                                
                                   "Local Read Blocks": 0,                                               
                                   "Local Dirtied Blocks": 0,                                            
                                   "Local Written Blocks": 0,                                            
                                   "Temp Read Blocks": 132220,                                           
                                   "Temp Written Blocks": 94919,                                         
                                   "Plans": [                                                            
                                     {                                                                   
                                       "Node Type": "Merge Join",                                        
                                       "Parent Relationship": "Outer",                                   
                                       "Parallel Aware": false,                                          
                                       "Join Type": "Inner",                                             
                                       "Startup Cost": 282649.76,                                        
                                       "Total Cost": 285131.32,                                          
                                       "Plan Rows": 1240925,                                             
                                       "Plan Width": 43,                                                 
                                       "Actual Startup Time": 14828.122,                                 
                                       "Actual Total Time": 19719.795,                                   
                                       "Actual Rows": 3688793,                                           
                                       "Actual Loops": 1,                                                
                                       "Inner Unique": false,                                            
                                       "Merge Cond": "(mi.movie_id = t.id)",                             
                                       "Shared Hit Blocks": 8,                                           
                                       "Shared Read Blocks": 198615,                                     
                                       "Shared Dirtied Blocks": 0,                                       
                                       "Shared Written Blocks": 0,                                       
                                       "Local Hit Blocks": 0,                                            
                                       "Local Read Blocks": 0,                                           
                                       "Local Dirtied Blocks": 0,                                        
                                       "Local Written Blocks": 0,                                        
                                       "Temp Read Blocks": 105630,                                       
                                       "Temp Written Blocks": 68287,                                     
                                       "Plans": [                                                        
                                         {                                                               
                                           "Node Type": "Sort",                                          
                                           "Parent Relationship": "Outer",                               
                                           "Parallel Aware": false,                                      
                                           "Startup Cost": 243789.34,                                    
                                           "Total Cost": 244941.18,                                      
                                           "Plan Rows": 14835720,                                        
                                           "Plan Width": 8,                                              
                                           "Actual Startup Time": 11648.139,                             
                                           "Actual Total Time": 13752.387,                               
                                           "Actual Rows": 14835720,                                      
                                           "Actual Loops": 1,                                            
                                           "Sort Key": ["mi.movie_id"],                                  
                                           "Sort Method": "external merge",                              
                                           "Sort Space Used": 261320,                                    
                                           "Sort Space Type": "Disk",                                    
                                           "Shared Hit Blocks": 2,                                       
                                           "Shared Read Blocks": 161890,                                 
                                           "Shared Dirtied Blocks": 0,                                   
                                           "Shared Written Blocks": 0,                                   
                                           "Local Hit Blocks": 0,                                        
                                           "Local Read Blocks": 0,                                       
                                           "Local Dirtied Blocks": 0,                                    
                                           "Local Written Blocks": 0,                                    
                                           "Temp Read Blocks": 54405,                                    
                                           "Temp Written Blocks": 54511,                                 
                                           "Plans": [                                                    
                                             {                                                           
                                               "Node Type": "Seq Scan",                                  
                                               "Parent Relationship": "Outer",                           
                                               "Parallel Aware": false,                                  
                                               "Relation Name": "movie_info",                            
                                               "Alias": "mi",                                            
                                               "Startup Cost": 0.00,                                     
                                               "Total Cost": 6103.84,                                    
                                               "Plan Rows": 14835720,                                    
                                               "Plan Width": 8,                                          
                                               "Actual Startup Time": 19.455,                            
                                               "Actual Total Time": 5056.368,                            
                                               "Actual Rows": 14835720,                                  
                                               "Actual Loops": 1,                                        
                                               "Filter": "(info IS NOT NULL)",                           
                                               "Rows Removed by Filter": 0,                              
                                               "Shared Hit Blocks": 2,                                   
                                               "Shared Read Blocks": 161890,                             
                                               "Shared Dirtied Blocks": 0,                               
                                               "Shared Written Blocks": 0,                               
                                               "Local Hit Blocks": 0,                                    
                                               "Local Read Blocks": 0,                                   
                                               "Local Dirtied Blocks": 0,                                
                                               "Local Written Blocks": 0,                                
                                               "Temp Read Blocks": 0,                                    
                                               "Temp Written Blocks": 0                                  
                                             }                                                           
                                           ]                                                             
                                         },                                                              
                                         {                                                               
                                           "Node Type": "Sort",                                          
                                           "Parent Relationship": "Inner",                               
                                           "Parallel Aware": false,                                      
                                           "Startup Cost": 38860.42,                                     
                                           "Total Cost": 38870.91,                                       
                                           "Plan Rows": 135086,                                          
                                           "Plan Width": 35,                                             
                                           "Actual Startup Time": 3179.744,                              
                                           "Actual Total Time": 3533.489,                                
                                           "Actual Rows": 3688886,                                       
                                           "Actual Loops": 1,                                            
                                           "Sort Key": ["cc.movie_id"],                                  
                                           "Sort Method": "external sort",                               
                                           "Sort Space Used": 6416,                                      
                                           "Sort Space Type": "Disk",                                    
                                           "Shared Hit Blocks": 6,                                       
                                           "Shared Read Blocks": 36725,                                  
                                           "Shared Dirtied Blocks": 0,                                   
                                           "Shared Written Blocks": 0,                                   
                                           "Local Hit Blocks": 0,                                        
                                           "Local Read Blocks": 0,                                       
                                           "Local Dirtied Blocks": 0,                                    
                                           "Local Written Blocks": 0,                                    
                                           "Temp Read Blocks": 32479,                                    
                                           "Temp Written Blocks": 13776,                                 
                                           "Plans": [                                                    
                                             {                                                           
                                               "Node Type": "Merge Join",                                
                                               "Parent Relationship": "Outer",                           
                                               "Parallel Aware": false,                                  
                                               "Join Type": "Inner",                                     
                                               "Startup Cost": 38472.60,                                 
                                               "Total Cost": 38502.92,                                   
                                               "Plan Rows": 135086,                                      
                                               "Plan Width": 35,                                         
                                               "Actual Startup Time": 3055.020,                          
                                               "Actual Total Time": 3104.485,                            
                                               "Actual Rows": 135086,                                    
                                               "Actual Loops": 1,                                        
                                               "Inner Unique": true,                                     
                                               "Merge Cond": "(t.kind_id = kt.id)",                      
                                               "Shared Hit Blocks": 6,                                   
                                               "Shared Read Blocks": 36725,                              
                                               "Shared Dirtied Blocks": 0,                               
                                               "Shared Written Blocks": 0,                               
                                               "Local Hit Blocks": 0,                                    
                                               "Local Read Blocks": 0,                                   
                                               "Local Dirtied Blocks": 0,                                
                                               "Local Written Blocks": 0,                                
                                               "Temp Read Blocks": 12145,                                
                                               "Temp Written Blocks": 12171,                             
                                               "Plans": [                                                
                                                 {                                                       
                                                   "Node Type": "Sort",                                  
                                                   "Parent Relationship": "Outer",                       
                                                   "Parallel Aware": false,                              
                                                   "Startup Cost": 38472.57,                             
                                                   "Total Cost": 38483.05,                               
                                                   "Plan Rows": 135086,                                  
                                                   "Plan Width": 29,                                     
                                                   "Actual Startup Time": 3054.992,                      
                                                   "Actual Total Time": 3072.028,                        
                                                   "Actual Rows": 135086,                                
                                                   "Actual Loops": 1,                                    
                                                   "Sort Key": ["t.kind_id"],                            
                                                   "Sort Method": "external merge",                      
                                                   "Sort Space Used": 5448,                              
                                                   "Sort Space Type": "Disk",                            
                                                   "Shared Hit Blocks": 5,                               
                                                   "Shared Read Blocks": 36725,                          
                                                   "Shared Dirtied Blocks": 0,                           
                                                   "Shared Written Blocks": 0,                           
                                                   "Local Hit Blocks": 0,                                
                                                   "Local Read Blocks": 0,                               
                                                   "Local Dirtied Blocks": 0,                            
                                                   "Local Written Blocks": 0,                            
                                                   "Temp Read Blocks": 12145,                            
                                                   "Temp Written Blocks": 12171,                         
                                                   "Plans": [                                            
                                                     {                                                   
                                                       "Node Type": "Merge Join",                        
                                                       "Parent Relationship": "Outer",                   
                                                       "Parallel Aware": false,                          
                                                       "Join Type": "Inner",                             
                                                       "Startup Cost": 37692.19,                         
                                                       "Total Cost": 38115.06,                           
                                                       "Plan Rows": 135086,                              
                                                       "Plan Width": 29,                                 
                                                       "Actual Startup Time": 2316.090,                  
                                                       "Actual Total Time": 3008.364,                    
                                                       "Actual Rows": 135086,                            
                                                       "Actual Loops": 1,                                
                                                       "Inner Unique": true,                             
                                                       "Merge Cond": "(cc.movie_id = t.id)",             
                                                       "Shared Hit Blocks": 5,                           
                                                       "Shared Read Blocks": 36725,                      
                                                       "Shared Dirtied Blocks": 0,                       
                                                       "Shared Written Blocks": 0,                       
                                                       "Local Hit Blocks": 0,                            
                                                       "Local Read Blocks": 0,                           
                                                       "Local Dirtied Blocks": 0,                        
                                                       "Local Written Blocks": 0,                        
                                                       "Temp Read Blocks": 11464,                        
                                                       "Temp Written Blocks": 11489,                     
                                                       "Plans": [                                        
                                                         {                                               
                                                           "Node Type": "Sort",                          
                                                           "Parent Relationship": "Outer",               
                                                           "Parallel Aware": false,                      
                                                           "Startup Cost": 777.63,                       
                                                           "Total Cost": 788.12,                         
                                                           "Plan Rows": 135086,                          
                                                           "Plan Width": 4,                              
                                                           "Actual Startup Time": 163.440,               
                                                           "Actual Total Time": 172.226,                 
                                                           "Actual Rows": 135086,                        
                                                           "Actual Loops": 1,                            
                                                           "Sort Key": ["cc.movie_id"],                  
                                                           "Sort Method": "quicksort",                   
                                                           "Sort Space Used": 9746,                      
                                                           "Sort Space Type": "Memory",                  
                                                           "Shared Hit Blocks": 3,                       
                                                           "Shared Read Blocks": 729,                    
                                                           "Shared Dirtied Blocks": 0,                   
                                                           "Shared Written Blocks": 0,                   
                                                           "Local Hit Blocks": 0,                        
                                                           "Local Read Blocks": 0,                       
                                                           "Local Dirtied Blocks": 0,                    
                                                           "Local Written Blocks": 0,                    
                                                           "Temp Read Blocks": 0,                        
                                                           "Temp Written Blocks": 0,                     
                                                           "Plans": [                                    
                                                             {                                           
                                                               "Node Type": "Merge Join",                
                                                               "Parent Relationship": "Outer",           
                                                               "Parallel Aware": false,                  
                                                               "Join Type": "Inner",                     
                                                               "Startup Cost": 389.81,                   
                                                               "Total Cost": 420.13,                     
                                                               "Plan Rows": 135086,                      
                                                               "Plan Width": 4,                          
                                                               "Actual Startup Time": 88.903,            
                                                               "Actual Total Time": 120.387,             
                                                               "Actual Rows": 135086,                    
                                                               "Actual Loops": 1,                        
                                                               "Inner Unique": true,                     
                                                               "Merge Cond": "(cc.status_id = cct.id)", 
                                                               "Shared Hit Blocks": 3,                   
                                                               "Shared Read Blocks": 729,                
                                                               "Shared Dirtied Blocks": 0,               
                                                               "Shared Written Blocks": 0,               
                                                               "Local Hit Blocks": 0,                    
                                                               "Local Read Blocks": 0,                   
                                                               "Local Dirtied Blocks": 0,                
                                                               "Local Written Blocks": 0,                
                                                               "Temp Read Blocks": 0,                    
                                                               "Temp Written Blocks": 0,                 
                                                               "Plans": [                                
                                                                 {                                       
                                                                   "Node Type": "Sort",                  
                                                                   "Parent Relationship": "Outer",       
                                                                   "Parallel Aware": false,              
                                                                   "Startup Cost": 389.78,               
                                                                   "Total Cost": 400.26,                 
                                                                   "Plan Rows": 135086,                  
                                                                   "Plan Width": 8,                      
                                                                   "Actual Startup Time": 88.884,        
                                                                   "Actual Total Time": 95.558,          
                                                                   "Actual Rows": 135086,                
                                                                   "Actual Loops": 1,                    
                                                                   "Sort Key": ["cc.status_id"],         
                                                                   "Sort Method": "quicksort",           
                                                                   "Sort Space Used": 9746,              
                                                                   "Sort Space Type": "Memory",          
                                                                   "Shared Hit Blocks": 2,               
                                                                   "Shared Read Blocks": 729,            
                                                                   "Shared Dirtied Blocks": 0,           
                                                                   "Shared Written Blocks": 0,           
                                                                   "Local Hit Blocks": 0,                
                                                                   "Local Read Blocks": 0,               
                                                                   "Local Dirtied Blocks": 0,            
                                                                   "Local Written Blocks": 0,            
                                                                   "Temp Read Blocks": 0,                
                                                                   "Temp Written Blocks": 0,             
                                                                   "Plans": [                            
                                                                     {                                   
                                                                       "Node Type": "Seq Scan",          
                                                                       "Parent Relationship": "Outer",   
                                                                       "Parallel Aware": false,          
                                                                       "Relation Name": "complete_cast", 
                                                                       "Alias": "cc",                    
                                                                       "Startup Cost": 0.00,             
                                                                       "Total Cost": 32.27,              
                                                                       "Plan Rows": 135086,              
                                                                       "Plan Width": 8,                  
                                                                       "Actual Startup Time": 23.597,    
                                                                       "Actual Total Time": 54.914,      
                                                                       "Actual Rows": 135086,            
                                                                       "Actual Loops": 1,                
                                                                       "Shared Hit Blocks": 2,           
                                                                       "Shared Read Blocks": 729,        
                                                                       "Shared Dirtied Blocks": 0,       
                                                                       "Shared Written Blocks": 0,       
                                                                       "Local Hit Blocks": 0,            
                                                                       "Local Read Blocks": 0,           
                                                                       "Local Dirtied Blocks": 0,        
                                                                       "Local Written Blocks": 0,        
                                                                       "Temp Read Blocks": 0,            
                                                                       "Temp Written Blocks": 0          
                                                                     }                                   
                                                                   ]                                     
                                                                 },                                      
                                                                 {                                       
                                                                   "Node Type": "Sort",                  
                                                                   "Parent Relationship": "Inner",       
                                                                   "Parallel Aware": false,              
                                                                   "Startup Cost": 0.03,                 
                                                                   "Total Cost": 0.03,                   
                                                                   "Plan Rows": 4,                       
                                                                   "Plan Width": 4,                      
                                                                   "Actual Startup Time": 0.014,         
                                                                   "Actual Total Time": 0.015,           
                                                                   "Actual Rows": 4,                     
                                                                   "Actual Loops": 1,                    
                                                                   "Sort Key": ["cct.id"],              
                                                                   "Sort Method": "quicksort",           
                                                                   "Sort Space Used": 25,                
                                                                   "Sort Space Type": "Memory",          
                                                                   "Shared Hit Blocks": 1,               
                                                                   "Shared Read Blocks": 0,              
                                                                   "Shared Dirtied Blocks": 0,           
                                                                   "Shared Written Blocks": 0,           
                                                                   "Local Hit Blocks": 0,                
                                                                   "Local Read Blocks": 0,               
                                                                   "Local Dirtied Blocks": 0,            
                                                                   "Local Written Blocks": 0,            
                                                                   "Temp Read Blocks": 0,                
                                                                   "Temp Written Blocks": 0,             
                                                                   "Plans": [                            
                                                                     {                                   
                                                                       "Node Type": "Seq Scan",          
                                                                       "Parent Relationship": "Outer",   
                                                                       "Parallel Aware": false,          
                                                                       "Relation Name": "comp_cast_type",
                                                                       "Alias": "cct",                  
                                                                       "Startup Cost": 0.00,             
                                                                       "Total Cost": 0.03,               
                                                                       "Plan Rows": 4,                   
                                                                       "Plan Width": 4,                  
                                                                       "Actual Startup Time": 0.005,     
                                                                       "Actual Total Time": 0.006,       
                                                                       "Actual Rows": 4,                 
                                                                       "Actual Loops": 1,                
                                                                       "Shared Hit Blocks": 1,           
                                                                       "Shared Read Blocks": 0,          
                                                                       "Shared Dirtied Blocks": 0,       
                                                                       "Shared Written Blocks": 0,       
                                                                       "Local Hit Blocks": 0,            
                                                                       "Local Read Blocks": 0,           
                                                                       "Local Dirtied Blocks": 0,        
                                                                       "Local Written Blocks": 0,        
                                                                       "Temp Read Blocks": 0,            
                                                                       "Temp Written Blocks": 0          
                                                                     }                                   
                                                                   ]                                     
                                                                 }                                       
                                                               ]                                         
                                                             }                                           
                                                           ]                                             
                                                         },                                              
                                                         {                                               
                                                           "Node Type": "Sort",                          
                                                           "Parent Relationship": "Inner",               
                                                           "Parallel Aware": false,                      
                                                           "Startup Cost": 36914.52,                     
                                                           "Total Cost": 37110.81,                       
                                                           "Plan Rows": 2528312,                         
                                                           "Plan Width": 25,                             
                                                           "Actual Startup Time": 2152.567,              
                                                           "Actual Total Time": 2509.519,                
                                                           "Actual Rows": 2528312,                       
                                                           "Actual Loops": 1,                            
                                                           "Sort Key": ["t.id"],                         
                                                           "Sort Method": "external merge",              
                                                           "Sort Space Used": 91712,                     
                                                           "Sort Space Type": "Disk",                    
                                                           "Shared Hit Blocks": 2,                       
                                                           "Shared Read Blocks": 35996,                  
                                                           "Shared Dirtied Blocks": 0,                   
                                                           "Shared Written Blocks": 0,                   
                                                           "Local Hit Blocks": 0,                        
                                                           "Local Read Blocks": 0,                       
                                                           "Local Dirtied Blocks": 0,                    
                                                           "Local Written Blocks": 0,                    
                                                           "Temp Read Blocks": 11464,                    
                                                           "Temp Written Blocks": 11489,                 
                                                           "Plans": [                                    
                                                             {                                           
                                                               "Node Type": "Seq Scan",                  
                                                               "Parent Relationship": "Outer",           
                                                               "Parallel Aware": false,                  
                                                               "Relation Name": "title",                 
                                                               "Alias": "t",                             
                                                               "Startup Cost": 0.00,                     
                                                               "Total Cost": 1303.96,                    
                                                               "Plan Rows": 2528312,                     
                                                               "Plan Width": 25,                         
                                                               "Actual Startup Time": 20.480,            
                                                               "Actual Total Time": 701.437,             
                                                               "Actual Rows": 2528312,                   
                                                               "Actual Loops": 1,                        
                                                               "Shared Hit Blocks": 2,                   
                                                               "Shared Read Blocks": 35996,              
                                                               "Shared Dirtied Blocks": 0,               
                                                               "Shared Written Blocks": 0,               
                                                               "Local Hit Blocks": 0,                    
                                                               "Local Read Blocks": 0,                   
                                                               "Local Dirtied Blocks": 0,                
                                                               "Local Written Blocks": 0,                
                                                               "Temp Read Blocks": 0,                    
                                                               "Temp Written Blocks": 0                  
                                                             }                                           
                                                           ]                                             
                                                         }                                               
                                                       ]                                                 
                                                     }                                                   
                                                   ]                                                     
                                                 },                                                      
                                                 {                                                       
                                                   "Node Type": "Sort",                                  
                                                   "Parent Relationship": "Inner",                       
                                                   "Parallel Aware": false,                              
                                                   "Startup Cost": 0.03,                                 
                                                   "Total Cost": 0.04,                                   
                                                   "Plan Rows": 7,                                       
                                                   "Plan Width": 14,                                     
                                                   "Actual Startup Time": 0.023,                         
                                                   "Actual Total Time": 0.024,                           
                                                   "Actual Rows": 7,                                     
                                                   "Actual Loops": 1,                                    
                                                   "Sort Key": ["kt.id"],                                
                                                   "Sort Method": "quicksort",                           
                                                   "Sort Space Used": 25,                                
                                                   "Sort Space Type": "Memory",                          
                                                   "Shared Hit Blocks": 1,                               
                                                   "Shared Read Blocks": 0,                              
                                                   "Shared Dirtied Blocks": 0,                           
                                                   "Shared Written Blocks": 0,                           
                                                   "Local Hit Blocks": 0,                                
                                                   "Local Read Blocks": 0,                               
                                                   "Local Dirtied Blocks": 0,                            
                                                   "Local Written Blocks": 0,                            
                                                   "Temp Read Blocks": 0,                                
                                                   "Temp Written Blocks": 0,                             
                                                   "Plans": [                                            
                                                     {                                                   
                                                       "Node Type": "Seq Scan",                          
                                                       "Parent Relationship": "Outer",                   
                                                       "Parallel Aware": false,                          
                                                       "Relation Name": "kind_type",                     
                                                       "Alias": "kt",                                    
                                                       "Startup Cost": 0.00,                             
                                                       "Total Cost": 0.03,                               
                                                       "Plan Rows": 7,                                   
                                                       "Plan Width": 14,                                 
                                                       "Actual Startup Time": 0.012,                     
                                                       "Actual Total Time": 0.014,                       
                                                       "Actual Rows": 7,                                 
                                                       "Actual Loops": 1,                                
                                                       "Shared Hit Blocks": 1,                           
                                                       "Shared Read Blocks": 0,                          
                                                       "Shared Dirtied Blocks": 0,                       
                                                       "Shared Written Blocks": 0,                       
                                                       "Local Hit Blocks": 0,                            
                                                       "Local Read Blocks": 0,                           
                                                       "Local Dirtied Blocks": 0,                        
                                                       "Local Written Blocks": 0,                        
                                                       "Temp Read Blocks": 0,                            
                                                       "Temp Written Blocks": 0                          
                                                     }                                                   
                                                   ]                                                     
                                                 }                                                       
                                               ]                                                         
                                             }                                                           
                                           ]                                                             
                                         }                                                               
                                       ]                                                                 
                                     }                                                                   
                                   ]                                                                     
                                 },                                                                      
                                 {                                                                       
                                   "Node Type": "Sort",                                                  
                                   "Parent Relationship": "Inner",                                       
                                   "Parallel Aware": false,                                              
                                   "Startup Cost": 0.16,                                                 
                                   "Total Cost": 0.17,                                                   
                                   "Plan Rows": 113,                                                     
                                   "Plan Width": 4,                                                      
                                   "Actual Startup Time": 0.052,                                         
                                   "Actual Total Time": 0.078,                                           
                                   "Actual Rows": 110,                                                   
                                   "Actual Loops": 1,                                                    
                                   "Sort Key": ["it.id"],                                               
                                   "Sort Method": "quicksort",                                           
                                   "Sort Space Used": 30,                                                
                                   "Sort Space Type": "Memory",                                          
                                   "Shared Hit Blocks": 1,                                               
                                   "Shared Read Blocks": 0,                                              
                                   "Shared Dirtied Blocks": 0,                                           
                                   "Shared Written Blocks": 0,                                           
                                   "Local Hit Blocks": 0,                                                
                                   "Local Read Blocks": 0,                                               
                                   "Local Dirtied Blocks": 0,                                            
                                   "Local Written Blocks": 0,                                            
                                   "Temp Read Blocks": 0,                                                
                                   "Temp Written Blocks": 0,                                             
                                   "Plans": [                                                            
                                     {                                                                   
                                       "Node Type": "Seq Scan",                                          
                                       "Parent Relationship": "Outer",                                   
                                       "Parallel Aware": false,                                          
                                       "Relation Name": "info_type",                                     
                                       "Alias": "it",                                                   
                                       "Startup Cost": 0.00,                                             
                                       "Total Cost": 0.04,                                               
                                       "Plan Rows": 113,                                                 
                                       "Plan Width": 4,                                                  
                                       "Actual Startup Time": 0.014,                                     
                                       "Actual Total Time": 0.027,                                       
                                       "Actual Rows": 113,                                               
                                       "Actual Loops": 1,                                                
                                       "Shared Hit Blocks": 1,                                           
                                       "Shared Read Blocks": 0,                                          
                                       "Shared Dirtied Blocks": 0,                                       
                                       "Shared Written Blocks": 0,                                       
                                       "Local Hit Blocks": 0,                                            
                                       "Local Read Blocks": 0,                                           
                                       "Local Dirtied Blocks": 0,                                        
                                       "Local Written Blocks": 0,                                        
                                       "Temp Read Blocks": 0,                                            
                                       "Temp Written Blocks": 0                                          
                                     }                                                                   
                                   ]                                                                     
                                 }                                                                       
                               ]                                                                         
                             }                                                                           
                           ]                                                                             
                         }                                                                               
                       ]                                                                                 
                     }                                                                                   
                   ]                                                                                     
                 }                                                                                       
               ]                                                                                         
             }                                                                                           
           ]                                                                                             
         }                                                                                               
       ]                                                                                                 
     },                                                                                                  
     "Planning Time": 9436.357,                                                                          
     "Triggers": [                                                                                       
     ],                                                                                                  
     "Execution Time": 2710322.430                                                                       
   }                                                                                                     
 ]
