[                                                                          
   {                                                                        
     "Plan": {                                                              
       "Node Type": "Aggregate",                                            
       "Strategy": "Sorted",                                                
       "Partial Mode": "Simple",                                            
       "Parallel Aware": false,                                             
       "Startup Cost": 166904.68,                                           
       "Total Cost": 198628.30,                                             
       "Plan Rows": 1087236,                                                
       "Plan Width": 168,                                                   
       "Actual Startup Time": 25985.860,                                    
       "Actual Total Time": 154928.827,                                     
       "Actual Rows": 370923,                                               
       "Actual Loops": 1,                                                   
       "Group Key": ["mi.movie_id", "mc.movie_id"],                         
       "Shared Hit Blocks": 13,                                             
       "Shared Read Blocks": 228116,                                        
       "Shared Dirtied Blocks": 0,                                          
       "Shared Written Blocks": 0,                                          
       "Local Hit Blocks": 0,                                               
       "Local Read Blocks": 0,                                              
       "Local Dirtied Blocks": 0,                                           
       "Local Written Blocks": 0,                                           
       "Temp Read Blocks": 0,                                               
       "Temp Written Blocks": 0,                                            
       "Plans": [                                                           
         {                                                                  
           "Node Type": "Merge Join",                                       
           "Parent Relationship": "Outer",                                  
           "Parallel Aware": false,                                         
           "Join Type": "Inner",                                            
           "Startup Cost": 166904.68,                                       
           "Total Cost": 172857.92,                                         
           "Plan Rows": 46968578,                                           
           "Plan Width": 58,                                                
           "Actual Startup Time": 25985.761,                                
           "Actual Total Time": 76826.855,                                  
           "Actual Rows": 177388547,                                        
           "Actual Loops": 1,                                               
           "Inner Unique": false,                                           
           "Merge Cond": "(t.id = mi.movie_id)",                            
           "Shared Hit Blocks": 13,                                         
           "Shared Read Blocks": 228116,                                    
           "Shared Dirtied Blocks": 0,                                      
           "Shared Written Blocks": 0,                                      
           "Local Hit Blocks": 0,                                           
           "Local Read Blocks": 0,                                          
           "Local Dirtied Blocks": 0,                                       
           "Local Written Blocks": 0,                                       
           "Temp Read Blocks": 0,                                           
           "Temp Written Blocks": 0,                                        
           "Plans": [                                                       
             {                                                              
               "Node Type": "Merge Join",                                   
               "Parent Relationship": "Outer",                              
               "Parallel Aware": false,                                     
               "Join Type": "Inner",                                        
               "Startup Cost": 47711.97,                                    
               "Total Cost": 49023.82,                                      
               "Plan Rows": 3329177,                                        
               "Plan Width": 58,                                            
               "Actual Startup Time": 8852.205,                             
               "Actual Total Time": 12246.540,                              
               "Actual Rows": 4073078,                                      
               "Actual Loops": 1,                                           
               "Inner Unique": false,                                       
               "Merge Cond": "(t.id = mc.movie_id)",                        
               "Shared Hit Blocks": 10,                                     
               "Shared Read Blocks": 66226,                                 
               "Shared Dirtied Blocks": 0,                                  
               "Shared Written Blocks": 0,                                  
               "Local Hit Blocks": 0,                                       
               "Local Read Blocks": 0,                                      
               "Local Dirtied Blocks": 0,                                   
               "Local Written Blocks": 0,                                   
               "Temp Read Blocks": 0,                                       
               "Temp Written Blocks": 0,                                    
               "Plans": [                                                   
                 {                                                          
                   "Node Type": "Merge Join",                               
                   "Parent Relationship": "Outer",                          
                   "Parallel Aware": false,                                 
                   "Join Type": "Inner",                                    
                   "Startup Cost": 19066.28,                                
                   "Total Cost": 19768.19,                                  
                   "Plan Rows": 1380035,                                    
                   "Plan Width": 31,                                        
                   "Actual Startup Time": 3940.367,                         
                   "Actual Total Time": 5286.909,                           
                   "Actual Rows": 1380012,                                  
                   "Actual Loops": 1,                                       
                   "Inner Unique": true,                                    
                   "Merge Cond": "(mi_idx.movie_id = t.id)",                
                   "Shared Hit Blocks": 4,                                  
                   "Shared Read Blocks": 44448,                             
                   "Shared Dirtied Blocks": 0,                              
                   "Shared Written Blocks": 0,                              
                   "Local Hit Blocks": 0,                                   
                   "Local Read Blocks": 0,                                  
                   "Local Dirtied Blocks": 0,                               
                   "Local Written Blocks": 0,                               
                   "Temp Read Blocks": 0,                                   
                   "Temp Written Blocks": 0,                                
                   "Plans": [                                               
                     {                                                      
                       "Node Type": "Sort",                                 
                       "Parent Relationship": "Outer",                      
                       "Parallel Aware": false,                             
                       "Startup Cost": 9411.92,                             
                       "Total Cost": 9519.07,                               
                       "Plan Rows": 1380035,                                
                       "Plan Width": 10,                                    
                       "Actual Startup Time": 1622.254,                     
                       "Actual Total Time": 1769.878,                       
                       "Actual Rows": 1380012,                              
                       "Actual Loops": 1,                                   
                       "Sort Key": ["mi_idx.movie_id"],                     
                       "Sort Method": "quicksort",                          
                       "Sort Space Used": 113842,                           
                       "Sort Space Type": "Memory",                         
                       "Shared Hit Blocks": 3,                              
                       "Shared Read Blocks": 8451,                          
                       "Shared Dirtied Blocks": 0,                          
                       "Shared Written Blocks": 0,                          
                       "Local Hit Blocks": 0,                               
                       "Local Read Blocks": 0,                              
                       "Local Dirtied Blocks": 0,                           
                       "Local Written Blocks": 0,                           
                       "Temp Read Blocks": 0,                               
                       "Temp Written Blocks": 0,                            
                       "Plans": [                                           
                         {                                                  
                           "Node Type": "Merge Join",                       
                           "Parent Relationship": "Outer",                  
                           "Parallel Aware": false,                         
                           "Join Type": "Inner",                            
                           "Startup Cost": 4731.48,                         
                           "Total Cost": 5041.19,                           
                           "Plan Rows": 1380035,                            
                           "Plan Width": 10,                                
                           "Actual Startup Time": 781.537,                  
                           "Actual Total Time": 1104.790,                   
                           "Actual Rows": 1380035,                          
                           "Actual Loops": 1,                               
                           "Inner Unique": false,                           
                           "Merge Cond": "(it.id = mi_idx.info_type_id)",  
                           "Shared Hit Blocks": 3,                          
                           "Shared Read Blocks": 8451,                      
                           "Shared Dirtied Blocks": 0,                      
                           "Shared Written Blocks": 0,                      
                           "Local Hit Blocks": 0,                           
                           "Local Read Blocks": 0,                          
                           "Local Dirtied Blocks": 0,                       
                           "Local Written Blocks": 0,                       
                           "Temp Read Blocks": 0,                           
                           "Temp Written Blocks": 0,                        
                           "Plans": [                                       
                             {                                              
                               "Node Type": "Sort",                         
                               "Parent Relationship": "Outer",              
                               "Parallel Aware": false,                     
                               "Startup Cost": 0.16,                        
                               "Total Cost": 0.17,                          
                               "Plan Rows": 113,                            
                               "Plan Width": 4,                             
                               "Actual Startup Time": 82.249,               
                               "Actual Total Time": 82.259,                 
                               "Actual Rows": 113,                          
                               "Actual Loops": 1,                           
                               "Sort Key": ["it.id"],                      
                               "Sort Method": "quicksort",                  
                               "Sort Space Used": 30,                       
                               "Sort Space Type": "Memory",                 
                               "Shared Hit Blocks": 1,                      
                               "Shared Read Blocks": 0,                     
                               "Shared Dirtied Blocks": 0,                  
                               "Shared Written Blocks": 0,                  
                               "Local Hit Blocks": 0,                       
                               "Local Read Blocks": 0,                      
                               "Local Dirtied Blocks": 0,                   
                               "Local Written Blocks": 0,                   
                               "Temp Read Blocks": 0,                       
                               "Temp Written Blocks": 0,                    
                               "Plans": [                                   
                                 {                                          
                                   "Node Type": "Seq Scan",                 
                                   "Parent Relationship": "Outer",          
                                   "Parallel Aware": false,                 
                                   "Relation Name": "info_type",            
                                   "Alias": "it",                          
                                   "Startup Cost": 0.00,                    
                                   "Total Cost": 0.04,                      
                                   "Plan Rows": 113,                        
                                   "Plan Width": 4,                         
                                   "Actual Startup Time": 0.007,            
                                   "Actual Total Time": 0.057,              
                                   "Actual Rows": 113,                      
                                   "Actual Loops": 1,                       
                                   "Shared Hit Blocks": 1,                  
                                   "Shared Read Blocks": 0,                 
                                   "Shared Dirtied Blocks": 0,              
                                   "Shared Written Blocks": 0,              
                                   "Local Hit Blocks": 0,                   
                                   "Local Read Blocks": 0,                  
                                   "Local Dirtied Blocks": 0,               
                                   "Local Written Blocks": 0,               
                                   "Temp Read Blocks": 0,                   
                                   "Temp Written Blocks": 0                 
                                 }                                          
                               ]                                            
                             },                                             
                             {                                              
                               "Node Type": "Sort",                         
                               "Parent Relationship": "Inner",              
                               "Parallel Aware": false,                     
                               "Startup Cost": 4731.30,                     
                               "Total Cost": 4838.45,                       
                               "Plan Rows": 1380035,                        
                               "Plan Width": 14,                            
                               "Actual Startup Time": 699.260,              
                               "Actual Total Time": 775.902,                
                               "Actual Rows": 1380035,                      
                               "Actual Loops": 1,                           
                               "Sort Key": ["mi_idx.info_type_id"],         
                               "Sort Method": "quicksort",                  
                               "Sort Space Used": 128214,                   
                               "Sort Space Type": "Memory",                 
                               "Shared Hit Blocks": 2,                      
                               "Shared Read Blocks": 8451,                  
                               "Shared Dirtied Blocks": 0,                  
                               "Shared Written Blocks": 0,                  
                               "Local Hit Blocks": 0,                       
                               "Local Read Blocks": 0,                      
                               "Local Dirtied Blocks": 0,                   
                               "Local Written Blocks": 0,                   
                               "Temp Read Blocks": 0,                       
                               "Temp Written Blocks": 0,                    
                               "Plans": [                                   
                                 {                                          
                                   "Node Type": "Seq Scan",                 
                                   "Parent Relationship": "Outer",          
                                   "Parallel Aware": false,                 
                                   "Relation Name": "movie_info_idx",       
                                   "Alias": "mi_idx",                       
                                   "Startup Cost": 0.00,                    
                                   "Total Cost": 360.56,                    
                                   "Plan Rows": 1380035,                    
                                   "Plan Width": 14,                        
                                   "Actual Startup Time": 0.020,            
                                   "Actual Total Time": 347.360,            
                                   "Actual Rows": 1380035,                  
                                   "Actual Loops": 1,                       
                                   "Shared Hit Blocks": 2,                  
                                   "Shared Read Blocks": 8451,              
                                   "Shared Dirtied Blocks": 0,              
                                   "Shared Written Blocks": 0,              
                                   "Local Hit Blocks": 0,                   
                                   "Local Read Blocks": 0,                  
                                   "Local Dirtied Blocks": 0,               
                                   "Local Written Blocks": 0,               
                                   "Temp Read Blocks": 0,                   
                                   "Temp Written Blocks": 0                 
                                 }                                          
                               ]                                            
                             }                                              
                           ]                                                
                         }                                                  
                       ]                                                    
                     },                                                     
                     {                                                      
                       "Node Type": "Sort",                                 
                       "Parent Relationship": "Inner",                      
                       "Parallel Aware": false,                             
                       "Startup Cost": 9654.35,                             
                       "Total Cost": 9850.65,                               
                       "Plan Rows": 2528312,                                
                       "Plan Width": 21,                                    
                       "Actual Startup Time": 2318.101,                     
                       "Actual Total Time": 2677.479,                       
                       "Actual Rows": 2525757,                              
                       "Actual Loops": 1,                                   
                       "Sort Key": ["t.id"],                                
                       "Sort Method": "quicksort",                          
                       "Sort Space Used": 275055,                           
                       "Sort Space Type": "Memory",                         
                       "Shared Hit Blocks": 1,                              
                       "Shared Read Blocks": 35997,                         
                       "Shared Dirtied Blocks": 0,                          
                       "Shared Written Blocks": 0,                          
                       "Local Hit Blocks": 0,                               
                       "Local Read Blocks": 0,                              
                       "Local Dirtied Blocks": 0,                           
                       "Local Written Blocks": 0,                           
                       "Temp Read Blocks": 0,                               
                       "Temp Written Blocks": 0,                            
                       "Plans": [                                           
                         {                                                  
                           "Node Type": "Seq Scan",                         
                           "Parent Relationship": "Outer",                  
                           "Parallel Aware": false,                         
                           "Relation Name": "title",                        
                           "Alias": "t",                                    
                           "Startup Cost": 0.00,                            
                           "Total Cost": 1303.96,                           
                           "Plan Rows": 2528312,                            
                           "Plan Width": 21,                                
                           "Actual Startup Time": 22.203,                   
                           "Actual Total Time": 1018.501,                   
                           "Actual Rows": 2528312,                          
                           "Actual Loops": 1,                               
                           "Shared Hit Blocks": 1,                          
                           "Shared Read Blocks": 35997,                     
                           "Shared Dirtied Blocks": 0,                      
                           "Shared Written Blocks": 0,                      
                           "Local Hit Blocks": 0,                           
                           "Local Read Blocks": 0,                          
                           "Local Dirtied Blocks": 0,                       
                           "Local Written Blocks": 0,                       
                           "Temp Read Blocks": 0,                           
                           "Temp Written Blocks": 0                         
                         }                                                  
                       ]                                                    
                     }                                                      
                   ]                                                        
                 },                                                         
                 {                                                          
                   "Node Type": "Sort",                                     
                   "Parent Relationship": "Inner",                          
                   "Parallel Aware": false,                                 
                   "Startup Cost": 28645.69,                                
                   "Total Cost": 28848.27,                                  
                   "Plan Rows": 2609129,                                    
                   "Plan Width": 27,                                        
                   "Actual Startup Time": 4911.829,                         
                   "Actual Total Time": 5429.410,                           
                   "Actual Rows": 5327324,                                  
                   "Actual Loops": 1,                                       
                   "Sort Key": ["mc.movie_id"],                             
                   "Sort Method": "quicksort",                              
                   "Sort Space Used": 300227,                               
                   "Sort Space Type": "Memory",                             
                   "Shared Hit Blocks": 6,                                  
                   "Shared Read Blocks": 21778,                             
                   "Shared Dirtied Blocks": 0,                              
                   "Shared Written Blocks": 0,                              
                   "Local Hit Blocks": 0,                                   
                   "Local Read Blocks": 0,                                  
                   "Local Dirtied Blocks": 0,                               
                   "Local Written Blocks": 0,                               
                   "Temp Read Blocks": 0,                                   
                   "Temp Written Blocks": 0,                                
                   "Plans": [                                               
                     {                                                      
                       "Node Type": "Merge Join",                           
                       "Parent Relationship": "Outer",                      
                       "Parallel Aware": false,                             
                       "Join Type": "Inner",                                
                       "Startup Cost": 19387.96,                            
                       "Total Cost": 20009.99,                              
                       "Plan Rows": 2609129,                                
                       "Plan Width": 27,                                    
                       "Actual Startup Time": 2729.293,                     
                       "Actual Total Time": 3763.898,                       
                       "Actual Rows": 2609129,                              
                       "Actual Loops": 1,                                   
                       "Inner Unique": true,                                
                       "Merge Cond": "(mc.company_id = cn.id)",             
                       "Shared Hit Blocks": 6,                              
                       "Shared Read Blocks": 21778,                         
                       "Shared Dirtied Blocks": 0,                          
                       "Shared Written Blocks": 0,                          
                       "Local Hit Blocks": 0,                               
                       "Local Read Blocks": 0,                              
                       "Local Dirtied Blocks": 0,                           
                       "Local Written Blocks": 0,                           
                       "Temp Read Blocks": 0,                               
                       "Temp Written Blocks": 0,                            
                       "Plans": [                                           
                         {                                                  
                           "Node Type": "Sort",                             
                           "Parent Relationship": "Outer",                  
                           "Parallel Aware": false,                         
                           "Startup Cost": 18626.73,                        
                           "Total Cost": 18829.30,                          
                           "Plan Rows": 2609129,                            
                           "Plan Width": 12,                                
                           "Actual Startup Time": 2530.884,                 
                           "Actual Total Time": 2851.958,                   
                           "Actual Rows": 2609129,                          
                           "Actual Loops": 1,                               
                           "Sort Key": ["mc.company_id"],                   
                           "Sort Method": "quicksort",                      
                           "Sort Space Used": 220607,                       
                           "Sort Space Type": "Memory",                     
                           "Shared Hit Blocks": 4,                          
                           "Shared Read Blocks": 18786,                     
                           "Shared Dirtied Blocks": 0,                      
                           "Shared Written Blocks": 0,                      
                           "Local Hit Blocks": 0,                           
                           "Local Read Blocks": 0,                          
                           "Local Dirtied Blocks": 0,                       
                           "Local Written Blocks": 0,                       
                           "Temp Read Blocks": 0,                           
                           "Temp Written Blocks": 0,                        
                           "Plans": [                                       
                             {                                              
                               "Node Type": "Merge Join",                   
                               "Parent Relationship": "Outer",              
                               "Parallel Aware": false,                     
                               "Join Type": "Inner",                        
                               "Startup Cost": 9405.49,                     
                               "Total Cost": 9991.03,                       
                               "Plan Rows": 2609129,                        
                               "Plan Width": 12,                            
                               "Actual Startup Time": 1042.903,             
                               "Actual Total Time": 1675.367,               
                               "Actual Rows": 2609129,                      
                               "Actual Loops": 1,                           
                               "Inner Unique": false,                       
                               "Merge Cond": "(ct.id = mc.company_type_id)",
                               "Shared Hit Blocks": 4,                      
                               "Shared Read Blocks": 18786,                 
                               "Shared Dirtied Blocks": 0,                  
                               "Shared Written Blocks": 0,                  
                               "Local Hit Blocks": 0,                       
                               "Local Read Blocks": 0,                      
                               "Local Dirtied Blocks": 0,                   
                               "Local Written Blocks": 0,                   
                               "Temp Read Blocks": 0,                       
                               "Temp Written Blocks": 0,                    
                               "Plans": [                                   
                                 {                                          
                                   "Node Type": "Sort",                     
                                   "Parent Relationship": "Outer",          
                                   "Parallel Aware": false,                 
                                   "Startup Cost": 0.03,                    
                                   "Total Cost": 0.03,                      
                                   "Plan Rows": 4,                          
                                   "Plan Width": 4,                         
                                   "Actual Startup Time": 0.020,            
                                   "Actual Total Time": 0.020,              
                                   "Actual Rows": 3,                        
                                   "Actual Loops": 1,                       
                                   "Sort Key": ["ct.id"],                   
                                   "Sort Method": "quicksort",              
                                   "Sort Space Used": 25,                   
                                   "Sort Space Type": "Memory",             
                                   "Shared Hit Blocks": 1,                  
                                   "Shared Read Blocks": 0,                 
                                   "Shared Dirtied Blocks": 0,              
                                   "Shared Written Blocks": 0,              
                                   "Local Hit Blocks": 0,                   
                                   "Local Read Blocks": 0,                  
                                   "Local Dirtied Blocks": 0,               
                                   "Local Written Blocks": 0,               
                                   "Temp Read Blocks": 0,                   
                                   "Temp Written Blocks": 0,                
                                   "Plans": [                               
                                     {                                      
                                       "Node Type": "Seq Scan",             
                                       "Parent Relationship": "Outer",      
                                       "Parallel Aware": false,             
                                       "Relation Name": "company_type",     
                                       "Alias": "ct",                       
                                       "Startup Cost": 0.00,                
                                       "Total Cost": 0.03,                  
                                       "Plan Rows": 4,                      
                                       "Plan Width": 4,                     
                                       "Actual Startup Time": 0.014,        
                                       "Actual Total Time": 0.015,          
                                       "Actual Rows": 4,                    
                                       "Actual Loops": 1,                   
                                       "Shared Hit Blocks": 1,              
                                       "Shared Read Blocks": 0,             
                                       "Shared Dirtied Blocks": 0,          
                                       "Shared Written Blocks": 0,          
                                       "Local Hit Blocks": 0,               
                                       "Local Read Blocks": 0,              
                                       "Local Dirtied Blocks": 0,           
                                       "Local Written Blocks": 0,           
                                       "Temp Read Blocks": 0,               
                                       "Temp Written Blocks": 0             
                                     }                                      
                                   ]                                        
                                 },                                         
                                 {                                          
                                   "Node Type": "Sort",                     
                                   "Parent Relationship": "Inner",          
                                   "Parallel Aware": false,                 
                                   "Startup Cost": 9405.45,                 
                                   "Total Cost": 9608.03,                   
                                   "Plan Rows": 2609129,                    
                                   "Plan Width": 12,                        
                                   "Actual Startup Time": 1042.876,         
                                   "Actual Total Time": 1162.957,           
                                   "Actual Rows": 2609129,                  
                                   "Actual Loops": 1,                       
                                   "Sort Key": ["mc.company_type_id"],      
                                   "Sort Method": "quicksort",              
                                   "Sort Space Used": 220607,               
                                   "Sort Space Type": "Memory",             
                                   "Shared Hit Blocks": 3,                  
                                   "Shared Read Blocks": 18786,             
                                   "Shared Dirtied Blocks": 0,              
                                   "Shared Written Blocks": 0,              
                                   "Local Hit Blocks": 0,                   
                                   "Local Read Blocks": 0,                  
                                   "Local Dirtied Blocks": 0,               
                                   "Local Written Blocks": 0,               
                                   "Temp Read Blocks": 0,                   
                                   "Temp Written Blocks": 0,                
                                   "Plans": [                               
                                     {                                      
                                       "Node Type": "Seq Scan",             
                                       "Parent Relationship": "Outer",      
                                       "Parallel Aware": false,             
                                       "Relation Name": "movie_companies",  
                                       "Alias": "mc",                       
                                       "Startup Cost": 0.00,                
                                       "Total Cost": 769.75,                
                                       "Plan Rows": 2609129,                
                                       "Plan Width": 12,                    
                                       "Actual Startup Time": 0.012,        
                                       "Actual Total Time": 536.329,        
                                       "Actual Rows": 2609129,              
                                       "Actual Loops": 1,                   
                                       "Shared Hit Blocks": 3,              
                                       "Shared Read Blocks": 18786,         
                                       "Shared Dirtied Blocks": 0,          
                                       "Shared Written Blocks": 0,          
                                       "Local Hit Blocks": 0,               
                                       "Local Read Blocks": 0,              
                                       "Local Dirtied Blocks": 0,           
                                       "Local Written Blocks": 0,           
                                       "Temp Read Blocks": 0,               
                                       "Temp Written Blocks": 0             
                                     }                                      
                                   ]                                        
                                 }                                          
                               ]                                            
                             }                                              
                           ]                                                
                         },                                                 
                         {                                                  
                           "Node Type": "Sort",                             
                           "Parent Relationship": "Inner",                  
                           "Parallel Aware": false,                         
                           "Startup Cost": 761.23,                          
                           "Total Cost": 779.47,                            
                           "Plan Rows": 234997,                             
                           "Plan Width": 23,                                
                           "Actual Startup Time": 198.398,                  
                           "Actual Total Time": 234.104,                    
                           "Actual Rows": 234997,                           
                           "Actual Loops": 1,                               
                           "Sort Key": ["cn.id"],                           
                           "Sort Method": "quicksort",                      
                           "Sort Space Used": 23201,                        
                           "Sort Space Type": "Memory",                     
                           "Shared Hit Blocks": 2,                          
                           "Shared Read Blocks": 2992,                      
                           "Shared Dirtied Blocks": 0,                      
                           "Shared Written Blocks": 0,                      
                           "Local Hit Blocks": 0,                           
                           "Local Read Blocks": 0,                          
                           "Local Dirtied Blocks": 0,                       
                           "Local Written Blocks": 0,                       
                           "Temp Read Blocks": 0,                           
                           "Temp Written Blocks": 0,                        
                           "Plans": [                                       
                             {                                              
                               "Node Type": "Seq Scan",                     
                               "Parent Relationship": "Outer",              
                               "Parallel Aware": false,                     
                               "Relation Name": "company_name",             
                               "Alias": "cn",                               
                               "Startup Cost": 0.00,                        
                               "Total Cost": 110.16,                        
                               "Plan Rows": 234997,                         
                               "Plan Width": 23,                            
                               "Actual Startup Time": 14.296,               
                               "Actual Total Time": 89.562,                 
                               "Actual Rows": 234997,                       
                               "Actual Loops": 1,                           
                               "Shared Hit Blocks": 2,                      
                               "Shared Read Blocks": 2992,                  
                               "Shared Dirtied Blocks": 0,                  
                               "Shared Written Blocks": 0,                  
                               "Local Hit Blocks": 0,                       
                               "Local Read Blocks": 0,                      
                               "Local Dirtied Blocks": 0,                   
                               "Local Written Blocks": 0,                   
                               "Temp Read Blocks": 0,                       
                               "Temp Written Blocks": 0                     
                             }                                              
                           ]                                                
                         }                                                  
                       ]                                                    
                     }                                                      
                   ]                                                        
                 }                                                          
               ]                                                            
             },                                                             
             {                                                              
               "Node Type": "Sort",                                         
               "Parent Relationship": "Inner",                              
               "Parallel Aware": false,                                     
               "Startup Cost": 119192.71,                                   
               "Total Cost": 120344.55,                                     
               "Plan Rows": 14835720,                                       
               "Plan Width": 4,                                             
               "Actual Startup Time": 17133.543,                            
               "Actual Total Time": 26932.972,                              
               "Actual Rows": 185777409,                                    
               "Actual Loops": 1,                                           
               "Sort Key": ["mi.movie_id"],                                 
               "Sort Method": "quicksort",                                  
               "Sort Space Used": 1088641,                                  
               "Sort Space Type": "Memory",                                 
               "Shared Hit Blocks": 3,                                      
               "Shared Read Blocks": 161890,                                
               "Shared Dirtied Blocks": 0,                                  
               "Shared Written Blocks": 0,                                  
               "Local Hit Blocks": 0,                                       
               "Local Read Blocks": 0,                                      
               "Local Dirtied Blocks": 0,                                   
               "Local Written Blocks": 0,                                   
               "Temp Read Blocks": 0,                                       
               "Temp Written Blocks": 0,                                    
               "Plans": [                                                   
                 {                                                          
                   "Node Type": "Merge Join",                               
                   "Parent Relationship": "Outer",                          
                   "Parallel Aware": false,                                 
                   "Join Type": "Inner",                                    
                   "Startup Cost": 60983.62,                                
                   "Total Cost": 64313.09,                                  
                   "Plan Rows": 14835720,                                   
                   "Plan Width": 4,                                         
                   "Actual Startup Time": 9006.528,                         
                   "Actual Total Time": 12164.464,                          
                   "Actual Rows": 14835720,                                 
                   "Actual Loops": 1,                                       
                   "Inner Unique": false,                                   
                   "Merge Cond": "(it.id = mi.info_type_id)",              
                   "Shared Hit Blocks": 3,                                  
                   "Shared Read Blocks": 161890,                            
                   "Shared Dirtied Blocks": 0,                              
                   "Shared Written Blocks": 0,                              
                   "Local Hit Blocks": 0,                                   
                   "Local Read Blocks": 0,                                  
                   "Local Dirtied Blocks": 0,                               
                   "Local Written Blocks": 0,                               
                   "Temp Read Blocks": 0,                                   
                   "Temp Written Blocks": 0,                                
                   "Plans": [                                               
                     {                                                      
                       "Node Type": "Sort",                                 
                       "Parent Relationship": "Outer",                      
                       "Parallel Aware": false,                             
                       "Startup Cost": 0.16,                                
                       "Total Cost": 0.17,                                  
                       "Plan Rows": 113,                                    
                       "Plan Width": 4,                                     
                       "Actual Startup Time": 0.046,                        
                       "Actual Total Time": 0.075,                          
                       "Actual Rows": 111,                                  
                       "Actual Loops": 1,                                   
                       "Sort Key": ["it.id"],                              
                       "Sort Method": "quicksort",                          
                       "Sort Space Used": 30,                               
                       "Sort Space Type": "Memory",                         
                       "Shared Hit Blocks": 1,                              
                       "Shared Read Blocks": 0,                             
                       "Shared Dirtied Blocks": 0,                          
                       "Shared Written Blocks": 0,                          
                       "Local Hit Blocks": 0,                               
                       "Local Read Blocks": 0,                              
                       "Local Dirtied Blocks": 0,                           
                       "Local Written Blocks": 0,                           
                       "Temp Read Blocks": 0,                               
                       "Temp Written Blocks": 0,                            
                       "Plans": [                                           
                         {                                                  
                           "Node Type": "Seq Scan",                         
                           "Parent Relationship": "Outer",                  
                           "Parallel Aware": false,                         
                           "Relation Name": "info_type",                    
                           "Alias": "it",                                  
                           "Startup Cost": 0.00,                            
                           "Total Cost": 0.04,                              
                           "Plan Rows": 113,                                
                           "Plan Width": 4,                                 
                           "Actual Startup Time": 0.014,                    
                           "Actual Total Time": 0.027,                      
                           "Actual Rows": 113,                              
                           "Actual Loops": 1,                               
                           "Shared Hit Blocks": 1,                          
                           "Shared Read Blocks": 0,                         
                           "Shared Dirtied Blocks": 0,                      
                           "Shared Written Blocks": 0,                      
                           "Local Hit Blocks": 0,                           
                           "Local Read Blocks": 0,                          
                           "Local Dirtied Blocks": 0,                       
                           "Local Written Blocks": 0,                       
                           "Temp Read Blocks": 0,                           
                           "Temp Written Blocks": 0                         
                         }                                                  
                       ]                                                    
                     },                                                     
                     {                                                      
                       "Node Type": "Sort",                                 
                       "Parent Relationship": "Inner",                      
                       "Parallel Aware": false,                             
                       "Startup Cost": 60983.46,                            
                       "Total Cost": 62135.30,                              
                       "Plan Rows": 14835720,                               
                       "Plan Width": 8,                                     
                       "Actual Startup Time": 9006.476,                     
                       "Actual Total Time": 9736.764,                       
                       "Actual Rows": 14835720,                             
                       "Actual Loops": 1,                                   
                       "Sort Key": ["mi.info_type_id"],                     
                       "Sort Method": "quicksort",                          
                       "Sort Space Used": 1088641,                          
                       "Sort Space Type": "Memory",                         
                       "Shared Hit Blocks": 2,                              
                       "Shared Read Blocks": 161890,                        
                       "Shared Dirtied Blocks": 0,                          
                       "Shared Written Blocks": 0,                          
                       "Local Hit Blocks": 0,                               
                       "Local Read Blocks": 0,                              
                       "Local Dirtied Blocks": 0,                           
                       "Local Written Blocks": 0,                           
                       "Temp Read Blocks": 0,                               
                       "Temp Written Blocks": 0,                            
                       "Plans": [                                           
                         {                                                  
                           "Node Type": "Seq Scan",                         
                           "Parent Relationship": "Outer",                  
                           "Parallel Aware": false,                         
                           "Relation Name": "movie_info",                   
                           "Alias": "mi",                                   
                           "Startup Cost": 0.00,                            
                           "Total Cost": 6103.84,                           
                           "Plan Rows": 14835720,                           
                           "Plan Width": 8,                                 
                           "Actual Startup Time": 3.450,                    
                           "Actual Total Time": 5504.007,                   
                           "Actual Rows": 14835720,                         
                           "Actual Loops": 1,                               
                           "Shared Hit Blocks": 2,                          
                           "Shared Read Blocks": 161890,                    
                           "Shared Dirtied Blocks": 0,                      
                           "Shared Written Blocks": 0,                      
                           "Local Hit Blocks": 0,                           
                           "Local Read Blocks": 0,                          
                           "Local Dirtied Blocks": 0,                       
                           "Local Written Blocks": 0,                       
                           "Temp Read Blocks": 0,                           
                           "Temp Written Blocks": 0                         
                         }                                                  
                       ]                                                    
                     }                                                      
                   ]                                                        
                 }                                                          
               ]                                                            
             }                                                              
           ]                                                                
         }                                                                  
       ]                                                                    
     },                                                                     
     "Planning Time": 4921.814,                                             
     "Triggers": [                                                          
     ],                                                                     
     "Execution Time": 155093.871                                           
   }                                                                        
 ]
