[                                                                                                               
   {                                                                                                             
     "Plan": {                                                                                                   
       "Node Type": "Aggregate",                                                                                 
       "Strategy": "Sorted",                                                                                     
       "Partial Mode": "Simple",                                                                                 
       "Parallel Aware": false,                                                                                  
       "Startup Cost": 276047.29,                                                                                
       "Total Cost": 278660.89,                                                                                  
       "Plan Rows": 2582400,                                                                                     
       "Plan Width": 16,                                                                                         
       "Actual Startup Time": 120548.408,                                                                        
       "Actual Total Time": 139999.404,                                                                          
       "Actual Rows": 52448,                                                                                     
       "Actual Loops": 1,                                                                                        
       "Group Key": ["t.kind_id", "mk.movie_id", "ci.movie_id"],                                                 
       "Shared Hit Blocks": 20,                                                                                  
       "Shared Read Blocks": 406829,                                                                             
       "Shared Dirtied Blocks": 0,                                                                               
       "Shared Written Blocks": 0,                                                                               
       "Local Hit Blocks": 0,                                                                                    
       "Local Read Blocks": 0,                                                                                   
       "Local Dirtied Blocks": 0,                                                                                
       "Local Written Blocks": 0,                                                                                
       "Temp Read Blocks": 0,                                                                                    
       "Temp Written Blocks": 0,                                                                                 
       "Plans": [                                                                                                
         {                                                                                                       
           "Node Type": "Sort",                                                                                  
           "Parent Relationship": "Outer",                                                                       
           "Parallel Aware": false,                                                                              
           "Startup Cost": 276047.29,                                                                            
           "Total Cost": 276534.30,                                                                              
           "Plan Rows": 6272686,                                                                                 
           "Plan Width": 16,                                                                                     
           "Actual Startup Time": 120548.086,                                                                    
           "Actual Total Time": 124382.431,                                                                      
           "Actual Rows": 82254916,                                                                              
           "Actual Loops": 1,                                                                                    
           "Sort Key": ["t.kind_id", "mk.movie_id"],                                                             
           "Sort Method": "quicksort",                                                                           
           "Sort Space Used": 6651902,                                                                           
           "Sort Space Type": "Memory",                                                                          
           "Shared Hit Blocks": 20,                                                                              
           "Shared Read Blocks": 406829,                                                                         
           "Shared Dirtied Blocks": 0,                                                                           
           "Shared Written Blocks": 0,                                                                           
           "Local Hit Blocks": 0,                                                                                
           "Local Read Blocks": 0,                                                                               
           "Local Dirtied Blocks": 0,                                                                            
           "Local Written Blocks": 0,                                                                            
           "Temp Read Blocks": 0,                                                                                
           "Temp Written Blocks": 0,                                                                             
           "Plans": [                                                                                            
             {                                                                                                   
               "Node Type": "Merge Join",                                                                        
               "Parent Relationship": "Outer",                                                                   
               "Parallel Aware": false,                                                                          
               "Join Type": "Inner",                                                                             
               "Startup Cost": 252932.98,                                                                        
               "Total Cost": 254053.30,                                                                          
               "Plan Rows": 6272686,                                                                             
               "Plan Width": 16,                                                                                 
               "Actual Startup Time": 54172.729,                                                                 
               "Actual Total Time": 74182.572,                                                                   
               "Actual Rows": 82254916,                                                                          
               "Actual Loops": 1,                                                                                
               "Inner Unique": false,                                                                            
               "Merge Cond": "(t.id = mk.movie_id)",                                                             
               "Shared Hit Blocks": 20,                                                                          
               "Shared Read Blocks": 406829,                                                                     
               "Shared Dirtied Blocks": 0,                                                                       
               "Shared Written Blocks": 0,                                                                       
               "Local Hit Blocks": 0,                                                                            
               "Local Read Blocks": 0,                                                                           
               "Local Dirtied Blocks": 0,                                                                        
               "Local Written Blocks": 0,                                                                        
               "Temp Read Blocks": 0,                                                                            
               "Temp Written Blocks": 0,                                                                         
               "Plans": [                                                                                        
                 {                                                                                               
                   "Node Type": "Sort",                                                                          
                   "Parent Relationship": "Outer",                                                               
                   "Parallel Aware": false,                                                                      
                   "Startup Cost": 219360.96,                                                                    
                   "Total Cost": 219477.30,                                                                      
                   "Plan Rows": 1498470,                                                                         
                   "Plan Width": 20,                                                                             
                   "Actual Startup Time": 48679.278,                                                             
                   "Actual Total Time": 49109.903,                                                               
                   "Actual Rows": 2679508,                                                                       
                   "Actual Loops": 1,                                                                            
                   "Sort Key": ["cc.movie_id"],                                                                  
                   "Sort Method": "quicksort",                                                                   
                   "Sort Space Used": 307641,                                                                    
                   "Sort Space Type": "Memory",                                                                  
                   "Shared Hit Blocks": 15,                                                                      
                   "Shared Read Blocks": 381431,                                                                 
                   "Shared Dirtied Blocks": 0,                                                                   
                   "Shared Written Blocks": 0,                                                                   
                   "Local Hit Blocks": 0,                                                                        
                   "Local Read Blocks": 0,                                                                       
                   "Local Dirtied Blocks": 0,                                                                    
                   "Local Written Blocks": 0,                                                                    
                   "Temp Read Blocks": 0,                                                                        
                   "Temp Written Blocks": 0,                                                                     
                   "Plans": [                                                                                    
                     {                                                                                           
                       "Node Type": "Merge Join",                                                                
                       "Parent Relationship": "Outer",                                                           
                       "Parallel Aware": false,                                                                  
                       "Join Type": "Inner",                                                                     
                       "Startup Cost": 213620.46,                                                                
                       "Total Cost": 214587.48,                                                                  
                       "Plan Rows": 1498470,                                                                     
                       "Plan Width": 20,                                                                         
                       "Actual Startup Time": 45913.784,                                                         
                       "Actual Total Time": 47618.288,                                                           
                       "Actual Rows": 2679508,                                                                   
                       "Actual Loops": 1,                                                                        
                       "Inner Unique": true,                                                                     
                       "Merge Cond": "(ci.person_id = n.id)",                                                    
                       "Shared Hit Blocks": 15,                                                                  
                       "Shared Read Blocks": 381431,                                                             
                       "Shared Dirtied Blocks": 0,                                                               
                       "Shared Written Blocks": 0,                                                               
                       "Local Hit Blocks": 0,                                                                    
                       "Local Read Blocks": 0,                                                                   
                       "Local Dirtied Blocks": 0,                                                                
                       "Local Written Blocks": 0,                                                                
                       "Temp Read Blocks": 0,                                                                    
                       "Temp Written Blocks": 0,                                                                 
                       "Plans": [                                                                                
                         {                                                                                       
                           "Node Type": "Sort",                                                                  
                           "Parent Relationship": "Outer",                                                       
                           "Parallel Aware": false,                                                              
                           "Startup Cost": 197357.13,                                                            
                           "Total Cost": 197473.47,                                                              
                           "Plan Rows": 1498470,                                                                 
                           "Plan Width": 24,                                                                     
                           "Actual Startup Time": 42422.578,                                                     
                           "Actual Total Time": 42748.067,                                                       
                           "Actual Rows": 2679508,                                                               
                           "Actual Loops": 1,                                                                    
                           "Sort Key": ["ci.person_id"],                                                         
                           "Sort Method": "quicksort",                                                           
                           "Sort Space Used": 307641,                                                            
                           "Sort Space Type": "Memory",                                                          
                           "Shared Hit Blocks": 14,                                                              
                           "Shared Read Blocks": 325819,                                                         
                           "Shared Dirtied Blocks": 0,                                                           
                           "Shared Written Blocks": 0,                                                           
                           "Local Hit Blocks": 0,                                                                
                           "Local Read Blocks": 0,                                                               
                           "Local Dirtied Blocks": 0,                                                            
                           "Local Written Blocks": 0,                                                            
                           "Temp Read Blocks": 0,                                                                
                           "Temp Written Blocks": 0,                                                             
                           "Plans": [                                                                            
                             {                                                                                   
                               "Node Type": "Merge Join",                                                        
                               "Parent Relationship": "Outer",                                                   
                               "Parallel Aware": false,                                                          
                               "Join Type": "Inner",                                                             
                               "Startup Cost": 191759.73,                                                        
                               "Total Cost": 192583.65,                                                          
                               "Plan Rows": 1498470,                                                             
                               "Plan Width": 24,                                                                 
                               "Actual Startup Time": 39160.424,                                                 
                               "Actual Total Time": 41296.909,                                                   
                               "Actual Rows": 2679508,                                                           
                               "Actual Loops": 1,                                                                
                               "Inner Unique": true,                                                             
                               "Merge Cond": "(ci.person_role_id = chn.id)",                                     
                               "Shared Hit Blocks": 14,                                                          
                               "Shared Read Blocks": 325819,                                                     
                               "Shared Dirtied Blocks": 0,                                                       
                               "Shared Written Blocks": 0,                                                       
                               "Local Hit Blocks": 0,                                                            
                               "Local Read Blocks": 0,                                                           
                               "Local Dirtied Blocks": 0,                                                        
                               "Local Written Blocks": 0,                                                        
                               "Temp Read Blocks": 0,                                                            
                               "Temp Written Blocks": 0,                                                         
                               "Plans": [                                                                        
                                 {                                                                               
                                   "Node Type": "Sort",                                                          
                                   "Parent Relationship": "Outer",                                               
                                   "Parallel Aware": false,                                                      
                                   "Startup Cost": 179875.10,                                                    
                                   "Total Cost": 180115.07,                                                      
                                   "Plan Rows": 3090736,                                                         
                                   "Plan Width": 28,                                                             
                                   "Actual Startup Time": 36691.079,                                             
                                   "Actual Total Time": 37119.476,                                               
                                   "Actual Rows": 2679509,                                                       
                                   "Actual Loops": 1,                                                            
                                   "Sort Key": ["ci.person_role_id"],                                            
                                   "Sort Method": "quicksort",                                                   
                                   "Sort Space Used": 603809,                                                    
                                   "Sort Space Type": "Memory",                                                  
                                   "Shared Hit Blocks": 12,                                                      
                                   "Shared Read Blocks": 289374,                                                 
                                   "Shared Dirtied Blocks": 0,                                                   
                                   "Shared Written Blocks": 0,                                                   
                                   "Local Hit Blocks": 0,                                                        
                                   "Local Read Blocks": 0,                                                       
                                   "Local Dirtied Blocks": 0,                                                    
                                   "Local Written Blocks": 0,                                                    
                                   "Temp Read Blocks": 0,                                                        
                                   "Temp Written Blocks": 0,                                                     
                                   "Plans": [                                                                    
                                     {                                                                           
                                       "Node Type": "Merge Join",                                                
                                       "Parent Relationship": "Outer",                                           
                                       "Parallel Aware": false,                                                  
                                       "Join Type": "Inner",                                                     
                                       "Startup Cost": 163745.24,                                                
                                       "Total Cost": 169528.09,                                                  
                                       "Plan Rows": 3090736,                                                     
                                       "Plan Width": 28,                                                         
                                       "Actual Startup Time": 25115.603,                                         
                                       "Actual Total Time": 34812.028,                                           
                                       "Actual Rows": 5212164,                                                   
                                       "Actual Loops": 1,                                                        
                                       "Inner Unique": false,                                                    
                                       "Merge Cond": "(t.id = ci.movie_id)",                                     
                                       "Shared Hit Blocks": 12,                                                  
                                       "Shared Read Blocks": 289374,                                             
                                       "Shared Dirtied Blocks": 0,                                               
                                       "Shared Written Blocks": 0,                                               
                                       "Local Hit Blocks": 0,                                                    
                                       "Local Read Blocks": 0,                                                   
                                       "Local Dirtied Blocks": 0,                                                
                                       "Local Written Blocks": 0,                                                
                                       "Temp Read Blocks": 0,                                                    
                                       "Temp Written Blocks": 0,                                                 
                                       "Plans": [                                                                
                                         {                                                                       
                                           "Node Type": "Sort",                                                  
                                           "Parent Relationship": "Outer",                                       
                                           "Parallel Aware": false,                                              
                                           "Startup Cost": 11988.11,                                             
                                           "Total Cost": 11998.60,                                               
                                           "Plan Rows": 135086,                                                  
                                           "Plan Width": 16,                                                     
                                           "Actual Startup Time": 3454.831,                                      
                                           "Actual Total Time": 3472.412,                                        
                                           "Actual Rows": 132440,                                                
                                           "Actual Loops": 1,                                                    
                                           "Sort Key": ["cc.movie_id"],                                          
                                           "Sort Method": "quicksort",                                           
                                           "Sort Space Used": 12477,                                             
                                           "Sort Space Type": "Memory",                                          
                                           "Shared Hit Blocks": 7,                                               
                                           "Shared Read Blocks": 36725,                                          
                                           "Shared Dirtied Blocks": 0,                                           
                                           "Shared Written Blocks": 0,                                           
                                           "Local Hit Blocks": 0,                                                
                                           "Local Read Blocks": 0,                                               
                                           "Local Dirtied Blocks": 0,                                            
                                           "Local Written Blocks": 0,                                            
                                           "Temp Read Blocks": 0,                                                
                                           "Temp Written Blocks": 0,                                             
                                           "Plans": [                                                            
                                             {                                                                   
                                               "Node Type": "Merge Join",                                        
                                               "Parent Relationship": "Outer",                                   
                                               "Parallel Aware": false,                                          
                                               "Join Type": "Inner",                                             
                                               "Startup Cost": 11600.29,                                         
                                               "Total Cost": 11630.61,                                           
                                               "Plan Rows": 135086,                                              
                                               "Plan Width": 16,                                                 
                                               "Actual Startup Time": 3368.700,                                  
                                               "Actual Total Time": 3406.511,                                    
                                               "Actual Rows": 135086,                                            
                                               "Actual Loops": 1,                                                
                                               "Inner Unique": true,                                             
                                               "Merge Cond": "(t.kind_id = kt.id)",                              
                                               "Shared Hit Blocks": 7,                                           
                                               "Shared Read Blocks": 36725,                                      
                                               "Shared Dirtied Blocks": 0,                                       
                                               "Shared Written Blocks": 0,                                       
                                               "Local Hit Blocks": 0,                                            
                                               "Local Read Blocks": 0,                                           
                                               "Local Dirtied Blocks": 0,                                        
                                               "Local Written Blocks": 0,                                        
                                               "Temp Read Blocks": 0,                                            
                                               "Temp Written Blocks": 0,                                         
                                               "Plans": [                                                        
                                                 {                                                               
                                                   "Node Type": "Sort",                                          
                                                   "Parent Relationship": "Outer",                               
                                                   "Parallel Aware": false,                                      
                                                   "Startup Cost": 11600.26,                                     
                                                   "Total Cost": 11610.74,                                       
                                                   "Plan Rows": 135086,                                          
                                                   "Plan Width": 16,                                             
                                                   "Actual Startup Time": 3368.672,                              
                                                   "Actual Total Time": 3375.862,                                
                                                   "Actual Rows": 135086,                                        
                                                   "Actual Loops": 1,                                            
                                                   "Sort Key": ["t.kind_id"],                                    
                                                   "Sort Method": "quicksort",                                   
                                                   "Sort Space Used": 12477,                                     
                                                   "Sort Space Type": "Memory",                                  
                                                   "Shared Hit Blocks": 6,                                       
                                                   "Shared Read Blocks": 36725,                                  
                                                   "Shared Dirtied Blocks": 0,                                   
                                                   "Shared Written Blocks": 0,                                   
                                                   "Local Hit Blocks": 0,                                        
                                                   "Local Read Blocks": 0,                                       
                                                   "Local Dirtied Blocks": 0,                                    
                                                   "Local Written Blocks": 0,                                    
                                                   "Temp Read Blocks": 0,                                        
                                                   "Temp Written Blocks": 0,                                     
                                                   "Plans": [                                                    
                                                     {                                                           
                                                       "Node Type": "Merge Join",                                
                                                       "Parent Relationship": "Outer",                           
                                                       "Parallel Aware": false,                                  
                                                       "Join Type": "Inner",                                     
                                                       "Startup Cost": 10819.88,                                 
                                                       "Total Cost": 11242.75,                                   
                                                       "Plan Rows": 135086,                                      
                                                       "Plan Width": 16,                                         
                                                       "Actual Startup Time": 2696.423,                          
                                                       "Actual Total Time": 3338.034,                            
                                                       "Actual Rows": 135086,                                    
                                                       "Actual Loops": 1,                                        
                                                       "Inner Unique": true,                                     
                                                       "Merge Cond": "(cc.movie_id = t.id)",                     
                                                       "Shared Hit Blocks": 6,                                   
                                                       "Shared Read Blocks": 36725,                              
                                                       "Shared Dirtied Blocks": 0,                               
                                                       "Shared Written Blocks": 0,                               
                                                       "Local Hit Blocks": 0,                                    
                                                       "Local Read Blocks": 0,                                   
                                                       "Local Dirtied Blocks": 0,                                
                                                       "Local Written Blocks": 0,                                
                                                       "Temp Read Blocks": 0,                                    
                                                       "Temp Written Blocks": 0,                                 
                                                       "Plans": [                                                
                                                         {                                                       
                                                           "Node Type": "Sort",                                  
                                                           "Parent Relationship": "Outer",                       
                                                           "Parallel Aware": false,                              
                                                           "Startup Cost": 1165.49,                              
                                                           "Total Cost": 1175.98,                                
                                                           "Plan Rows": 135086,                                  
                                                           "Plan Width": 8,                                      
                                                           "Actual Startup Time": 207.355,                       
                                                           "Actual Total Time": 221.297,                         
                                                           "Actual Rows": 135086,                                
                                                           "Actual Loops": 1,                                    
                                                           "Sort Key": ["cc.movie_id"],                          
                                                           "Sort Method": "quicksort",                           
                                                           "Sort Space Used": 12477,                             
                                                           "Sort Space Type": "Memory",                          
                                                           "Shared Hit Blocks": 4,                               
                                                           "Shared Read Blocks": 729,                            
                                                           "Shared Dirtied Blocks": 0,                           
                                                           "Shared Written Blocks": 0,                           
                                                           "Local Hit Blocks": 0,                                
                                                           "Local Read Blocks": 0,                               
                                                           "Local Dirtied Blocks": 0,                            
                                                           "Local Written Blocks": 0,                            
                                                           "Temp Read Blocks": 0,                                
                                                           "Temp Written Blocks": 0,                             
                                                           "Plans": [                                            
                                                             {                                                   
                                                               "Node Type": "Merge Join",                        
                                                               "Parent Relationship": "Outer",                   
                                                               "Parallel Aware": false,                          
                                                               "Join Type": "Inner",                             
                                                               "Startup Cost": 777.66,                           
                                                               "Total Cost": 807.98,                             
                                                               "Plan Rows": 135086,                              
                                                               "Plan Width": 8,                                  
                                                               "Actual Startup Time": 127.200,                   
                                                               "Actual Total Time": 160.889,                     
                                                               "Actual Rows": 135086,                            
                                                               "Actual Loops": 1,                                
                                                               "Inner Unique": true,                             
                                                               "Merge Cond": "(cc.subject_id = cct.id)",        
                                                               "Shared Hit Blocks": 4,                           
                                                               "Shared Read Blocks": 729,                        
                                                               "Shared Dirtied Blocks": 0,                       
                                                               "Shared Written Blocks": 0,                       
                                                               "Local Hit Blocks": 0,                            
                                                               "Local Read Blocks": 0,                           
                                                               "Local Dirtied Blocks": 0,                        
                                                               "Local Written Blocks": 0,                        
                                                               "Temp Read Blocks": 0,                            
                                                               "Temp Written Blocks": 0,                         
                                                               "Plans": [                                        
                                                                 {                                               
                                                                   "Node Type": "Sort",                          
                                                                   "Parent Relationship": "Outer",               
                                                                   "Parallel Aware": false,                      
                                                                   "Startup Cost": 777.63,                       
                                                                   "Total Cost": 788.12,                         
                                                                   "Plan Rows": 135086,                          
                                                                   "Plan Width": 12,                             
                                                                   "Actual Startup Time": 127.181,               
                                                                   "Actual Total Time": 133.624,                 
                                                                   "Actual Rows": 135086,                        
                                                                   "Actual Loops": 1,                            
                                                                   "Sort Key": ["cc.subject_id"],                
                                                                   "Sort Method": "quicksort",                   
                                                                   "Sort Space Used": 12477,                     
                                                                   "Sort Space Type": "Memory",                  
                                                                   "Shared Hit Blocks": 3,                       
                                                                   "Shared Read Blocks": 729,                    
                                                                   "Shared Dirtied Blocks": 0,                   
                                                                   "Shared Written Blocks": 0,                   
                                                                   "Local Hit Blocks": 0,                        
                                                                   "Local Read Blocks": 0,                       
                                                                   "Local Dirtied Blocks": 0,                    
                                                                   "Local Written Blocks": 0,                    
                                                                   "Temp Read Blocks": 0,                        
                                                                   "Temp Written Blocks": 0,                     
                                                                   "Plans": [                                    
                                                                     {                                           
                                                                       "Node Type": "Merge Join",                
                                                                       "Parent Relationship": "Outer",           
                                                                       "Parallel Aware": false,                  
                                                                       "Join Type": "Inner",                     
                                                                       "Startup Cost": 389.81,                   
                                                                       "Total Cost": 420.13,                     
                                                                       "Plan Rows": 135086,                      
                                                                       "Plan Width": 12,                         
                                                                       "Actual Startup Time": 65.940,            
                                                                       "Actual Total Time": 100.672,             
                                                                       "Actual Rows": 135086,                    
                                                                       "Actual Loops": 1,                        
                                                                       "Inner Unique": true,                     
                                                                       "Merge Cond": "(cc.status_id = cct.id)", 
                                                                       "Shared Hit Blocks": 3,                   
                                                                       "Shared Read Blocks": 729,                
                                                                       "Shared Dirtied Blocks": 0,               
                                                                       "Shared Written Blocks": 0,               
                                                                       "Local Hit Blocks": 0,                    
                                                                       "Local Read Blocks": 0,                   
                                                                       "Local Dirtied Blocks": 0,                
                                                                       "Local Written Blocks": 0,                
                                                                       "Temp Read Blocks": 0,                    
                                                                       "Temp Written Blocks": 0,                 
                                                                       "Plans": [                                
                                                                         {                                       
                                                                           "Node Type": "Sort",                  
                                                                           "Parent Relationship": "Outer",       
                                                                           "Parallel Aware": false,              
                                                                           "Startup Cost": 389.78,               
                                                                           "Total Cost": 400.26,                 
                                                                           "Plan Rows": 135086,                  
                                                                           "Plan Width": 16,                     
                                                                           "Actual Startup Time": 65.918,        
                                                                           "Actual Total Time": 72.382,          
                                                                           "Actual Rows": 135086,                
                                                                           "Actual Loops": 1,                    
                                                                           "Sort Key": ["cc.status_id"],         
                                                                           "Sort Method": "quicksort",           
                                                                           "Sort Space Used": 12477,             
                                                                           "Sort Space Type": "Memory",          
                                                                           "Shared Hit Blocks": 2,               
                                                                           "Shared Read Blocks": 729,            
                                                                           "Shared Dirtied Blocks": 0,           
                                                                           "Shared Written Blocks": 0,           
                                                                           "Local Hit Blocks": 0,                
                                                                           "Local Read Blocks": 0,               
                                                                           "Local Dirtied Blocks": 0,            
                                                                           "Local Written Blocks": 0,            
                                                                           "Temp Read Blocks": 0,                
                                                                           "Temp Written Blocks": 0,             
                                                                           "Plans": [                            
                                                                             {                                   
                                                                               "Node Type": "Seq Scan",          
                                                                               "Parent Relationship": "Outer",   
                                                                               "Parallel Aware": false,          
                                                                               "Relation Name": "complete_cast", 
                                                                               "Alias": "cc",                    
                                                                               "Startup Cost": 0.00,             
                                                                               "Total Cost": 32.27,              
                                                                               "Plan Rows": 135086,              
                                                                               "Plan Width": 16,                 
                                                                               "Actual Startup Time": 0.122,     
                                                                               "Actual Total Time": 35.841,      
                                                                               "Actual Rows": 135086,            
                                                                               "Actual Loops": 1,                
                                                                               "Shared Hit Blocks": 2,           
                                                                               "Shared Read Blocks": 729,        
                                                                               "Shared Dirtied Blocks": 0,       
                                                                               "Shared Written Blocks": 0,       
                                                                               "Local Hit Blocks": 0,            
                                                                               "Local Read Blocks": 0,           
                                                                               "Local Dirtied Blocks": 0,        
                                                                               "Local Written Blocks": 0,        
                                                                               "Temp Read Blocks": 0,            
                                                                               "Temp Written Blocks": 0          
                                                                             }                                   
                                                                           ]                                     
                                                                         },                                      
                                                                         {                                       
                                                                           "Node Type": "Sort",                  
                                                                           "Parent Relationship": "Inner",       
                                                                           "Parallel Aware": false,              
                                                                           "Startup Cost": 0.03,                 
                                                                           "Total Cost": 0.03,                   
                                                                           "Plan Rows": 4,                       
                                                                           "Plan Width": 4,                      
                                                                           "Actual Startup Time": 0.015,         
                                                                           "Actual Total Time": 0.015,           
                                                                           "Actual Rows": 4,                     
                                                                           "Actual Loops": 1,                    
                                                                           "Sort Key": ["cct.id"],              
                                                                           "Sort Method": "quicksort",           
                                                                           "Sort Space Used": 25,                
                                                                           "Sort Space Type": "Memory",          
                                                                           "Shared Hit Blocks": 1,               
                                                                           "Shared Read Blocks": 0,              
                                                                           "Shared Dirtied Blocks": 0,           
                                                                           "Shared Written Blocks": 0,           
                                                                           "Local Hit Blocks": 0,                
                                                                           "Local Read Blocks": 0,               
                                                                           "Local Dirtied Blocks": 0,            
                                                                           "Local Written Blocks": 0,            
                                                                           "Temp Read Blocks": 0,                
                                                                           "Temp Written Blocks": 0,             
                                                                           "Plans": [                            
                                                                             {                                   
                                                                               "Node Type": "Seq Scan",          
                                                                               "Parent Relationship": "Outer",   
                                                                               "Parallel Aware": false,          
                                                                               "Relation Name": "comp_cast_type",
                                                                               "Alias": "cct",                  
                                                                               "Startup Cost": 0.00,             
                                                                               "Total Cost": 0.03,               
                                                                               "Plan Rows": 4,                   
                                                                               "Plan Width": 4,                  
                                                                               "Actual Startup Time": 0.006,     
                                                                               "Actual Total Time": 0.007,       
                                                                               "Actual Rows": 4,                 
                                                                               "Actual Loops": 1,                
                                                                               "Shared Hit Blocks": 1,           
                                                                               "Shared Read Blocks": 0,          
                                                                               "Shared Dirtied Blocks": 0,       
                                                                               "Shared Written Blocks": 0,       
                                                                               "Local Hit Blocks": 0,            
                                                                               "Local Read Blocks": 0,           
                                                                               "Local Dirtied Blocks": 0,        
                                                                               "Local Written Blocks": 0,        
                                                                               "Temp Read Blocks": 0,            
                                                                               "Temp Written Blocks": 0          
                                                                             }                                   
                                                                           ]                                     
                                                                         }                                       
                                                                       ]                                         
                                                                     }                                           
                                                                   ]                                             
                                                                 },                                              
                                                                 {                                               
                                                                   "Node Type": "Sort",                          
                                                                   "Parent Relationship": "Inner",               
                                                                   "Parallel Aware": false,                      
                                                                   "Startup Cost": 0.03,                         
                                                                   "Total Cost": 0.03,                           
                                                                   "Plan Rows": 4,                               
                                                                   "Plan Width": 4,                              
                                                                   "Actual Startup Time": 0.015,                 
                                                                   "Actual Total Time": 0.015,                   
                                                                   "Actual Rows": 2,                             
                                                                   "Actual Loops": 1,                            
                                                                   "Sort Key": ["cct.id"],                      
                                                                   "Sort Method": "quicksort",                   
                                                                   "Sort Space Used": 25,                        
                                                                   "Sort Space Type": "Memory",                  
                                                                   "Shared Hit Blocks": 1,                       
                                                                   "Shared Read Blocks": 0,                      
                                                                   "Shared Dirtied Blocks": 0,                   
                                                                   "Shared Written Blocks": 0,                   
                                                                   "Local Hit Blocks": 0,                        
                                                                   "Local Read Blocks": 0,                       
                                                                   "Local Dirtied Blocks": 0,                    
                                                                   "Local Written Blocks": 0,                    
                                                                   "Temp Read Blocks": 0,                        
                                                                   "Temp Written Blocks": 0,                     
                                                                   "Plans": [                                    
                                                                     {                                           
                                                                       "Node Type": "Seq Scan",                  
                                                                       "Parent Relationship": "Outer",           
                                                                       "Parallel Aware": false,                  
                                                                       "Relation Name": "comp_cast_type",        
                                                                       "Alias": "cct",                          
                                                                       "Startup Cost": 0.00,                     
                                                                       "Total Cost": 0.03,                       
                                                                       "Plan Rows": 4,                           
                                                                       "Plan Width": 4,                          
                                                                       "Actual Startup Time": 0.007,             
                                                                       "Actual Total Time": 0.008,               
                                                                       "Actual Rows": 4,                         
                                                                       "Actual Loops": 1,                        
                                                                       "Shared Hit Blocks": 1,                   
                                                                       "Shared Read Blocks": 0,                  
                                                                       "Shared Dirtied Blocks": 0,               
                                                                       "Shared Written Blocks": 0,               
                                                                       "Local Hit Blocks": 0,                    
                                                                       "Local Read Blocks": 0,                   
                                                                       "Local Dirtied Blocks": 0,                
                                                                       "Local Written Blocks": 0,                
                                                                       "Temp Read Blocks": 0,                    
                                                                       "Temp Written Blocks": 0                  
                                                                     }                                           
                                                                   ]                                             
                                                                 }                                               
                                                               ]                                                 
                                                             }                                                   
                                                           ]                                                     
                                                         },                                                      
                                                         {                                                       
                                                           "Node Type": "Sort",                                  
                                                           "Parent Relationship": "Inner",                       
                                                           "Parallel Aware": false,                              
                                                           "Startup Cost": 9654.35,                              
                                                           "Total Cost": 9850.65,                                
                                                           "Plan Rows": 2528312,                                 
                                                           "Plan Width": 8,                                      
                                                           "Actual Startup Time": 2488.968,                      
                                                           "Actual Total Time": 2782.399,                        
                                                           "Actual Rows": 2528312,                               
                                                           "Actual Loops": 1,                                    
                                                           "Sort Key": ["t.id"],                                 
                                                           "Sort Method": "quicksort",                           
                                                           "Sort Space Used": 216819,                            
                                                           "Sort Space Type": "Memory",                          
                                                           "Shared Hit Blocks": 2,                               
                                                           "Shared Read Blocks": 35996,                          
                                                           "Shared Dirtied Blocks": 0,                           
                                                           "Shared Written Blocks": 0,                           
                                                           "Local Hit Blocks": 0,                                
                                                           "Local Read Blocks": 0,                               
                                                           "Local Dirtied Blocks": 0,                            
                                                           "Local Written Blocks": 0,                            
                                                           "Temp Read Blocks": 0,                                
                                                           "Temp Written Blocks": 0,                             
                                                           "Plans": [                                            
                                                             {                                                   
                                                               "Node Type": "Seq Scan",                          
                                                               "Parent Relationship": "Outer",                   
                                                               "Parallel Aware": false,                          
                                                               "Relation Name": "title",                         
                                                               "Alias": "t",                                     
                                                               "Startup Cost": 0.00,                             
                                                               "Total Cost": 1303.96,                            
                                                               "Plan Rows": 2528312,                             
                                                               "Plan Width": 8,                                  
                                                               "Actual Startup Time": 24.871,                    
                                                               "Actual Total Time": 1258.472,                    
                                                               "Actual Rows": 2528312,                           
                                                               "Actual Loops": 1,                                
                                                               "Shared Hit Blocks": 2,                           
                                                               "Shared Read Blocks": 35996,                      
                                                               "Shared Dirtied Blocks": 0,                       
                                                               "Shared Written Blocks": 0,                       
                                                               "Local Hit Blocks": 0,                            
                                                               "Local Read Blocks": 0,                           
                                                               "Local Dirtied Blocks": 0,                        
                                                               "Local Written Blocks": 0,                        
                                                               "Temp Read Blocks": 0,                            
                                                               "Temp Written Blocks": 0                          
                                                             }                                                   
                                                           ]                                                     
                                                         }                                                       
                                                       ]                                                         
                                                     }                                                           
                                                   ]                                                             
                                                 },                                                              
                                                 {                                                               
                                                   "Node Type": "Sort",                                          
                                                   "Parent Relationship": "Inner",                               
                                                   "Parallel Aware": false,                                      
                                                   "Startup Cost": 0.03,                                         
                                                   "Total Cost": 0.04,                                           
                                                   "Plan Rows": 7,                                               
                                                   "Plan Width": 4,                                              
                                                   "Actual Startup Time": 0.023,                                 
                                                   "Actual Total Time": 0.024,                                   
                                                   "Actual Rows": 7,                                             
                                                   "Actual Loops": 1,                                            
                                                   "Sort Key": ["kt.id"],                                        
                                                   "Sort Method": "quicksort",                                   
                                                   "Sort Space Used": 25,                                        
                                                   "Sort Space Type": "Memory",                                  
                                                   "Shared Hit Blocks": 1,                                       
                                                   "Shared Read Blocks": 0,                                      
                                                   "Shared Dirtied Blocks": 0,                                   
                                                   "Shared Written Blocks": 0,                                   
                                                   "Local Hit Blocks": 0,                                        
                                                   "Local Read Blocks": 0,                                       
                                                   "Local Dirtied Blocks": 0,                                    
                                                   "Local Written Blocks": 0,                                    
                                                   "Temp Read Blocks": 0,                                        
                                                   "Temp Written Blocks": 0,                                     
                                                   "Plans": [                                                    
                                                     {                                                           
                                                       "Node Type": "Seq Scan",                                  
                                                       "Parent Relationship": "Outer",                           
                                                       "Parallel Aware": false,                                  
                                                       "Relation Name": "kind_type",                             
                                                       "Alias": "kt",                                            
                                                       "Startup Cost": 0.00,                                     
                                                       "Total Cost": 0.03,                                       
                                                       "Plan Rows": 7,                                           
                                                       "Plan Width": 4,                                          
                                                       "Actual Startup Time": 0.012,                             
                                                       "Actual Total Time": 0.014,                               
                                                       "Actual Rows": 7,                                         
                                                       "Actual Loops": 1,                                        
                                                       "Shared Hit Blocks": 1,                                   
                                                       "Shared Read Blocks": 0,                                  
                                                       "Shared Dirtied Blocks": 0,                               
                                                       "Shared Written Blocks": 0,                               
                                                       "Local Hit Blocks": 0,                                    
                                                       "Local Read Blocks": 0,                                   
                                                       "Local Dirtied Blocks": 0,                                
                                                       "Local Written Blocks": 0,                                
                                                       "Temp Read Blocks": 0,                                    
                                                       "Temp Written Blocks": 0                                  
                                                     }                                                           
                                                   ]                                                             
                                                 }                                                               
                                               ]                                                                 
                                             }                                                                   
                                           ]                                                                     
                                         },                                                                      
                                         {                                                                       
                                           "Node Type": "Sort",                                                  
                                           "Parent Relationship": "Inner",                                       
                                           "Parallel Aware": false,                                              
                                           "Startup Cost": 151757.13,                                            
                                           "Total Cost": 154571.13,                                              
                                           "Plan Rows": 36244344,                                                
                                           "Plan Width": 12,                                                     
                                           "Actual Startup Time": 21660.126,                                     
                                           "Actual Total Time": 26199.417,                                       
                                           "Actual Rows": 37874029,                                              
                                           "Actual Loops": 1,                                                    
                                           "Sort Key": ["ci.movie_id"],                                          
                                           "Sort Method": "quicksort",                                           
                                           "Sort Space Used": 3271818,                                           
                                           "Sort Space Type": "Memory",                                          
                                           "Shared Hit Blocks": 5,                                               
                                           "Shared Read Blocks": 252649,                                         
                                           "Shared Dirtied Blocks": 0,                                           
                                           "Shared Written Blocks": 0,                                           
                                           "Local Hit Blocks": 0,                                                
                                           "Local Read Blocks": 0,                                               
                                           "Local Dirtied Blocks": 0,                                            
                                           "Local Written Blocks": 0,                                            
                                           "Temp Read Blocks": 0,                                                
                                           "Temp Written Blocks": 0,                                             
                                           "Plans": [                                                            
                                             {                                                                   
                                               "Node Type": "Seq Scan",                                          
                                               "Parent Relationship": "Outer",                                   
                                               "Parallel Aware": false,                                          
                                               "Relation Name": "cast_info",                                     
                                               "Alias": "ci",                                                    
                                               "Startup Cost": 0.00,                                             
                                               "Total Cost": 10431.00,                                           
                                               "Plan Rows": 36244344,                                            
                                               "Plan Width": 12,                                                 
                                               "Actual Startup Time": 0.012,                                     
                                               "Actual Total Time": 7080.335,                                    
                                               "Actual Rows": 36244344,                                          
                                               "Actual Loops": 1,                                                
                                               "Shared Hit Blocks": 5,                                           
                                               "Shared Read Blocks": 252649,                                     
                                               "Shared Dirtied Blocks": 0,                                       
                                               "Shared Written Blocks": 0,                                       
                                               "Local Hit Blocks": 0,                                            
                                               "Local Read Blocks": 0,                                           
                                               "Local Dirtied Blocks": 0,                                        
                                               "Local Written Blocks": 0,                                        
                                               "Temp Read Blocks": 0,                                            
                                               "Temp Written Blocks": 0                                          
                                             }                                                                   
                                           ]                                                                     
                                         }                                                                       
                                       ]                                                                         
                                     }                                                                           
                                   ]                                                                             
                                 },                                                                              
                                 {                                                                               
                                   "Node Type": "Sort",                                                          
                                   "Parent Relationship": "Inner",                                               
                                   "Parallel Aware": false,                                                      
                                   "Startup Cost": 11884.63,                                                     
                                   "Total Cost": 12128.45,                                                       
                                   "Plan Rows": 3140339,                                                         
                                   "Plan Width": 4,                                                              
                                   "Actual Startup Time": 2469.333,                                              
                                   "Actual Total Time": 2895.535,                                                
                                   "Actual Rows": 3140267,                                                       
                                   "Actual Loops": 1,                                                            
                                   "Sort Key": ["chn.id"],                                                       
                                   "Sort Method": "quicksort",                                                   
                                   "Sort Space Used": 245508,                                                    
                                   "Sort Space Type": "Memory",                                                  
                                   "Shared Hit Blocks": 2,                                                       
                                   "Shared Read Blocks": 36445,                                                  
                                   "Shared Dirtied Blocks": 0,                                                   
                                   "Shared Written Blocks": 0,                                                   
                                   "Local Hit Blocks": 0,                                                        
                                   "Local Read Blocks": 0,                                                       
                                   "Local Dirtied Blocks": 0,                                                    
                                   "Local Written Blocks": 0,                                                    
                                   "Temp Read Blocks": 0,                                                        
                                   "Temp Written Blocks": 0,                                                     
                                   "Plans": [                                                                    
                                     {                                                                           
                                       "Node Type": "Seq Scan",                                                  
                                       "Parent Relationship": "Outer",                                           
                                       "Parallel Aware": false,                                                  
                                       "Relation Name": "char_name",                                             
                                       "Alias": "chn",                                                           
                                       "Startup Cost": 0.00,                                                     
                                       "Total Cost": 1360.36,                                                    
                                       "Plan Rows": 3140339,                                                     
                                       "Plan Width": 4,                                                          
                                       "Actual Startup Time": 17.604,                                            
                                       "Actual Total Time": 1058.902,                                            
                                       "Actual Rows": 3140339,                                                   
                                       "Actual Loops": 1,                                                        
                                       "Shared Hit Blocks": 2,                                                   
                                       "Shared Read Blocks": 36445,                                              
                                       "Shared Dirtied Blocks": 0,                                               
                                       "Shared Written Blocks": 0,                                               
                                       "Local Hit Blocks": 0,                                                    
                                       "Local Read Blocks": 0,                                                   
                                       "Local Dirtied Blocks": 0,                                                
                                       "Local Written Blocks": 0,                                                
                                       "Temp Read Blocks": 0,                                                    
                                       "Temp Written Blocks": 0                                                  
                                     }                                                                           
                                   ]                                                                             
                                 }                                                                               
                               ]                                                                                 
                             }                                                                                   
                           ]                                                                                     
                         },                                                                                      
                         {                                                                                       
                           "Node Type": "Sort",                                                                  
                           "Parent Relationship": "Inner",                                                       
                           "Parallel Aware": false,                                                              
                           "Startup Cost": 16263.33,                                                             
                           "Total Cost": 16586.90,                                                               
                           "Plan Rows": 4167491,                                                                 
                           "Plan Width": 4,                                                                      
                           "Actual Startup Time": 3491.193,                                                      
                           "Actual Total Time": 3770.833,                                                        
                           "Actual Rows": 2701090,                                                               
                           "Actual Loops": 1,                                                                    
                           "Sort Key": ["n.id"],                                                                 
                           "Sort Method": "quicksort",                                                           
                           "Sort Space Used": 293656,                                                            
                           "Sort Space Type": "Memory",                                                          
                           "Shared Hit Blocks": 1,                                                               
                           "Shared Read Blocks": 55612,                                                          
                           "Shared Dirtied Blocks": 0,                                                           
                           "Shared Written Blocks": 0,                                                           
                           "Local Hit Blocks": 0,                                                                
                           "Local Read Blocks": 0,                                                               
                           "Local Dirtied Blocks": 0,                                                            
                           "Local Written Blocks": 0,                                                            
                           "Temp Read Blocks": 0,                                                                
                           "Temp Written Blocks": 0,                                                             
                           "Plans": [                                                                            
                             {                                                                                   
                               "Node Type": "Seq Scan",                                                          
                               "Parent Relationship": "Outer",                                                   
                               "Parallel Aware": false,                                                          
                               "Relation Name": "name",                                                          
                               "Alias": "n",                                                                     
                               "Startup Cost": 0.00,                                                             
                               "Total Cost": 2032.56,                                                            
                               "Plan Rows": 4167491,                                                             
                               "Plan Width": 4,                                                                  
                               "Actual Startup Time": 9.161,                                                     
                               "Actual Total Time": 1619.325,                                                    
                               "Actual Rows": 4167491,                                                           
                               "Actual Loops": 1,                                                                
                               "Shared Hit Blocks": 1,                                                           
                               "Shared Read Blocks": 55612,                                                      
                               "Shared Dirtied Blocks": 0,                                                       
                               "Shared Written Blocks": 0,                                                       
                               "Local Hit Blocks": 0,                                                            
                               "Local Read Blocks": 0,                                                           
                               "Local Dirtied Blocks": 0,                                                        
                               "Local Written Blocks": 0,                                                        
                               "Temp Read Blocks": 0,                                                            
                               "Temp Written Blocks": 0                                                          
                             }                                                                                   
                           ]                                                                                     
                         }                                                                                       
                       ]                                                                                         
                     }                                                                                           
                   ]                                                                                             
                 },                                                                                              
                 {                                                                                               
                   "Node Type": "Sort",                                                                          
                   "Parent Relationship": "Inner",                                                               
                   "Parallel Aware": false,                                                                      
                   "Startup Cost": 33572.02,                                                                     
                   "Total Cost": 33923.26,                                                                       
                   "Plan Rows": 4523930,                                                                         
                   "Plan Width": 4,                                                                              
                   "Actual Startup Time": 5493.066,                                                              
                   "Actual Total Time": 9943.638,                                                                
                   "Actual Rows": 85322725,                                                                      
                   "Actual Loops": 1,                                                                            
                   "Sort Key": ["mk.movie_id"],                                                                  
                   "Sort Method": "quicksort",                                                                   
                   "Sort Space Used": 408668,                                                                    
                   "Sort Space Type": "Memory",                                                                  
                   "Shared Hit Blocks": 5,                                                                       
                   "Shared Read Blocks": 25398,                                                                  
                   "Shared Dirtied Blocks": 0,                                                                   
                   "Shared Written Blocks": 0,                                                                   
                   "Local Hit Blocks": 0,                                                                        
                   "Local Read Blocks": 0,                                                                       
                   "Local Dirtied Blocks": 0,                                                                    
                   "Local Written Blocks": 0,                                                                    
                   "Temp Read Blocks": 0,                                                                        
                   "Temp Written Blocks": 0,                                                                     
                   "Plans": [                                                                                    
                     {                                                                                           
                       "Node Type": "Merge Join",                                                                
                       "Parent Relationship": "Outer",                                                           
                       "Parallel Aware": false,                                                                  
                       "Join Type": "Inner",                                                                     
                       "Startup Cost": 17004.84,                                                                 
                       "Total Cost": 18040.94,                                                                   
                       "Plan Rows": 4523930,                                                                     
                       "Plan Width": 4,                                                                          
                       "Actual Startup Time": 2324.624,                                                          
                       "Actual Total Time": 3895.297,                                                            
                       "Actual Rows": 4523930,                                                                   
                       "Actual Loops": 1,                                                                        
                       "Inner Unique": false,                                                                    
                       "Merge Cond": "(k.id = mk.keyword_id)",                                                   
                       "Shared Hit Blocks": 5,                                                                   
                       "Shared Read Blocks": 25398,                                                              
                       "Shared Dirtied Blocks": 0,                                                               
                       "Shared Written Blocks": 0,                                                               
                       "Local Hit Blocks": 0,                                                                    
                       "Local Read Blocks": 0,                                                                   
                       "Local Dirtied Blocks": 0,                                                                
                       "Local Written Blocks": 0,                                                                
                       "Temp Read Blocks": 0,                                                                    
                       "Temp Written Blocks": 0,                                                                 
                       "Plans": [                                                                                
                         {                                                                                       
                           "Node Type": "Sort",                                                                  
                           "Parent Relationship": "Outer",                                                       
                           "Parallel Aware": false,                                                              
                           "Startup Cost": 393.92,                                                               
                           "Total Cost": 404.34,                                                                 
                           "Plan Rows": 134170,                                                                  
                           "Plan Width": 4,                                                                      
                           "Actual Startup Time": 113.530,                                                       
                           "Actual Total Time": 132.461,                                                         
                           "Actual Rows": 134170,                                                                
                           "Actual Loops": 1,                                                                    
                           "Sort Key": ["k.id"],                                                                 
                           "Sort Method": "quicksort",                                                           
                           "Sort Space Used": 12434,                                                             
                           "Sort Space Type": "Memory",                                                          
                           "Shared Hit Blocks": 2,                                                               
                           "Shared Read Blocks": 947,                                                            
                           "Shared Dirtied Blocks": 0,                                                           
                           "Shared Written Blocks": 0,                                                           
                           "Local Hit Blocks": 0,                                                                
                           "Local Read Blocks": 0,                                                               
                           "Local Dirtied Blocks": 0,                                                            
                           "Local Written Blocks": 0,                                                            
                           "Temp Read Blocks": 0,                                                                
                           "Temp Written Blocks": 0,                                                             
                           "Plans": [                                                                            
                             {                                                                                   
                               "Node Type": "Seq Scan",                                                          
                               "Parent Relationship": "Outer",                                                   
                               "Parallel Aware": false,                                                          
                               "Relation Name": "keyword",                                                       
                               "Alias": "k",                                                                     
                               "Startup Cost": 0.00,                                                             
                               "Total Cost": 39.04,                                                              
                               "Plan Rows": 134170,                                                              
                               "Plan Width": 4,                                                                  
                               "Actual Startup Time": 23.215,                                                    
                               "Actual Total Time": 57.212,                                                      
                               "Actual Rows": 134170,                                                            
                               "Actual Loops": 1,                                                                
                               "Shared Hit Blocks": 2,                                                           
                               "Shared Read Blocks": 947,                                                        
                               "Shared Dirtied Blocks": 0,                                                       
                               "Shared Written Blocks": 0,                                                       
                               "Local Hit Blocks": 0,                                                            
                               "Local Read Blocks": 0,                                                           
                               "Local Dirtied Blocks": 0,                                                        
                               "Local Written Blocks": 0,                                                        
                               "Temp Read Blocks": 0,                                                            
                               "Temp Written Blocks": 0                                                          
                             }                                                                                   
                           ]                                                                                     
                         },                                                                                      
                         {                                                                                       
                           "Node Type": "Sort",                                                                  
                           "Parent Relationship": "Inner",                                                       
                           "Parallel Aware": false,                                                              
                           "Startup Cost": 16610.92,                                                             
                           "Total Cost": 16962.16,                                                               
                           "Plan Rows": 4523930,                                                                 
                           "Plan Width": 8,                                                                      
                           "Actual Startup Time": 2211.086,                                                      
                           "Actual Total Time": 2894.572,                                                        
                           "Actual Rows": 4523930,                                                               
                           "Actual Loops": 1,                                                                    
                           "Sort Key": ["mk.keyword_id"],                                                        
                           "Sort Method": "quicksort",                                                           
                           "Sort Space Used": 408668,                                                            
                           "Sort Space Type": "Memory",                                                          
                           "Shared Hit Blocks": 3,                                                               
                           "Shared Read Blocks": 24451,                                                          
                           "Shared Dirtied Blocks": 0,                                                           
                           "Shared Written Blocks": 0,                                                           
                           "Local Hit Blocks": 0,                                                                
                           "Local Read Blocks": 0,                                                               
                           "Local Dirtied Blocks": 0,                                                            
                           "Local Written Blocks": 0,                                                            
                           "Temp Read Blocks": 0,                                                                
                           "Temp Written Blocks": 0,                                                             
                           "Plans": [                                                                            
                             {                                                                                   
                               "Node Type": "Seq Scan",                                                          
                               "Parent Relationship": "Outer",                                                   
                               "Parallel Aware": false,                                                          
                               "Relation Name": "movie_keyword",                                                 
                               "Alias": "mk",                                                                    
                               "Startup Cost": 0.00,                                                             
                               "Total Cost": 1079.84,                                                            
                               "Plan Rows": 4523930,                                                             
                               "Plan Width": 8,                                                                  
                               "Actual Startup Time": 0.007,                                                     
                               "Actual Total Time": 780.215,                                                     
                               "Actual Rows": 4523930,                                                           
                               "Actual Loops": 1,                                                                
                               "Shared Hit Blocks": 3,                                                           
                               "Shared Read Blocks": 24451,                                                      
                               "Shared Dirtied Blocks": 0,                                                       
                               "Shared Written Blocks": 0,                                                       
                               "Local Hit Blocks": 0,                                                            
                               "Local Read Blocks": 0,                                                           
                               "Local Dirtied Blocks": 0,                                                        
                               "Local Written Blocks": 0,                                                        
                               "Temp Read Blocks": 0,                                                            
                               "Temp Written Blocks": 0                                                          
                             }                                                                                   
                           ]                                                                                     
                         }                                                                                       
                       ]                                                                                         
                     }                                                                                           
                   ]                                                                                             
                 }                                                                                               
               ]                                                                                                 
             }                                                                                                   
           ]                                                                                                     
         }                                                                                                       
       ]                                                                                                         
     },                                                                                                          
     "Planning Time": 6123.078,                                                                                  
     "Triggers": [                                                                                               
     ],                                                                                                          
     "Execution Time": 140338.013                                                                                
   }                                                                                                             
 ]