 [                                                                                        
   {                                                                                      
     "Plan": {                                                                            
       "Node Type": "Aggregate",                                                          
       "Strategy": "Plain",                                                               
       "Partial Mode": "Simple",                                                          
       "Parallel Aware": false,                                                           
       "Startup Cost": 54442.25,                                                          
       "Total Cost": 54442.25,                                                            
       "Plan Rows": 1,                                                                    
       "Plan Width": 64,                                                                  
       "Actual Startup Time": 19514.286,                                                  
       "Actual Total Time": 19514.286,                                                    
       "Actual Rows": 1,                                                                  
       "Actual Loops": 1,                                                                 
       "Shared Hit Blocks": 18,                                                           
       "Shared Read Blocks": 346870,                                                      
       "Shared Dirtied Blocks": 0,                                                        
       "Shared Written Blocks": 0,                                                        
       "Local Hit Blocks": 0,                                                             
       "Local Read Blocks": 0,                                                            
       "Local Dirtied Blocks": 0,                                                         
       "Local Written Blocks": 0,                                                         
       "Temp Read Blocks": 0,                                                             
       "Temp Written Blocks": 0,                                                          
       "Plans": [                                                                         
         {                                                                                
           "Node Type": "Nested Loop",                                                    
           "Parent Relationship": "Outer",                                                
           "Parallel Aware": false,                                                       
           "Join Type": "Inner",                                                          
           "Startup Cost": 53111.24,                                                      
           "Total Cost": 54390.06,                                                        
           "Plan Rows": 336106,                                                           
           "Plan Width": 33,                                                              
           "Actual Startup Time": 19502.369,                                              
           "Actual Total Time": 19514.224,                                                
           "Actual Rows": 10,                                                             
           "Actual Loops": 1,                                                             
           "Inner Unique": true,                                                          
           "Join Filter": "(ci.role_id = rt.id)",                                         
           "Rows Removed by Join Filter": 0,                                              
           "Shared Hit Blocks": 18,                                                       
           "Shared Read Blocks": 346870,                                                  
           "Shared Dirtied Blocks": 0,                                                    
           "Shared Written Blocks": 0,                                                    
           "Local Hit Blocks": 0,                                                         
           "Local Read Blocks": 0,                                                        
           "Local Dirtied Blocks": 0,                                                     
           "Local Written Blocks": 0,                                                     
           "Temp Read Blocks": 0,                                                         
           "Temp Written Blocks": 0,                                                      
           "Plans": [                                                                     
             {                                                                            
               "Node Type": "Nested Loop",                                                
               "Parent Relationship": "Outer",                                            
               "Parallel Aware": false,                                                   
               "Join Type": "Inner",                                                      
               "Startup Cost": 53111.24,                                                  
               "Total Cost": 53548.70,                                                    
               "Plan Rows": 336106,                                                       
               "Plan Width": 37,                                                          
               "Actual Startup Time": 19502.362,                                          
               "Actual Total Time": 19514.212,                                            
               "Actual Rows": 10,                                                         
               "Actual Loops": 1,                                                         
               "Inner Unique": true,                                                      
               "Join Filter": "(mc.company_type_id = ct.id)",                             
               "Rows Removed by Join Filter": 4,                                          
               "Shared Hit Blocks": 17,                                                   
               "Shared Read Blocks": 346870,                                              
               "Shared Dirtied Blocks": 0,                                                
               "Shared Written Blocks": 0,                                                
               "Local Hit Blocks": 0,                                                     
               "Local Read Blocks": 0,                                                    
               "Local Dirtied Blocks": 0,                                                 
               "Local Written Blocks": 0,                                                 
               "Temp Read Blocks": 0,                                                     
               "Temp Written Blocks": 0,                                                  
               "Plans": [                                                                 
                 {                                                                        
                   "Node Type": "Merge Join",                                             
                   "Parent Relationship": "Outer",                                        
                   "Parallel Aware": false,                                               
                   "Join Type": "Inner",                                                  
                   "Startup Cost": 53111.24,                                              
                   "Total Cost": 53292.21,                                                
                   "Plan Rows": 336106,                                                   
                   "Plan Width": 41,                                                      
                   "Actual Startup Time": 19502.346,                                      
                   "Actual Total Time": 19514.189,                                        
                   "Actual Rows": 10,                                                     
                   "Actual Loops": 1,                                                     
                   "Inner Unique": true,                                                  
                   "Merge Cond": "(mc.company_id = cn.id)",                               
                   "Shared Hit Blocks": 16,                                               
                   "Shared Read Blocks": 346870,                                          
                   "Shared Dirtied Blocks": 0,                                            
                   "Shared Written Blocks": 0,                                            
                   "Local Hit Blocks": 0,                                                 
                   "Local Read Blocks": 0,                                                
                   "Local Dirtied Blocks": 0,                                             
                   "Local Written Blocks": 0,                                             
                   "Temp Read Blocks": 0,                                                 
                   "Temp Written Blocks": 0,                                              
                   "Plans": [                                                             
                     {                                                                    
                       "Node Type": "Sort",                                               
                       "Parent Relationship": "Outer",                                    
                       "Parallel Aware": false,                                           
                       "Startup Cost": 52767.14,                                          
                       "Total Cost": 52839.41,                                            
                       "Plan Rows": 930944,                                               
                       "Plan Width": 45,                                                  
                       "Actual Startup Time": 19303.943,                                  
                       "Actual Total Time": 19303.946,                                    
                       "Actual Rows": 23,                                                 
                       "Actual Loops": 1,                                                 
                       "Sort Key": ["mc.company_id"],                                     
                       "Sort Method": "quicksort",                                        
                       "Sort Space Used": 27,                                             
                       "Sort Space Type": "Memory",                                       
                       "Shared Hit Blocks": 14,                                           
                       "Shared Read Blocks": 343878,                                      
                       "Shared Dirtied Blocks": 0,                                        
                       "Shared Written Blocks": 0,                                        
                       "Local Hit Blocks": 0,                                             
                       "Local Read Blocks": 0,                                            
                       "Local Dirtied Blocks": 0,                                         
                       "Local Written Blocks": 0,                                         
                       "Temp Read Blocks": 0,                                             
                       "Temp Written Blocks": 0,                                          
                       "Plans": [                                                         
                         {                                                                
                           "Node Type": "Merge Join",                                     
                           "Parent Relationship": "Outer",                                
                           "Parallel Aware": false,                                       
                           "Join Type": "Inner",                                          
                           "Startup Cost": 49010.47,                                      
                           "Total Cost": 49900.82,                                        
                           "Plan Rows": 930944,                                           
                           "Plan Width": 45,                                              
                           "Actual Startup Time": 19052.896,                              
                           "Actual Total Time": 19303.856,                                
                           "Actual Rows": 23,                                             
                           "Actual Loops": 1,                                             
                           "Inner Unique": false,                                         
                           "Merge Cond": "(t.id = mc.movie_id)",                          
                           "Shared Hit Blocks": 10,                                       
                           "Shared Read Blocks": 343878,                                  
                           "Shared Dirtied Blocks": 0,                                    
                           "Shared Written Blocks": 0,                                    
                           "Local Hit Blocks": 0,                                         
                           "Local Read Blocks": 0,                                        
                           "Local Dirtied Blocks": 0,                                     
                           "Local Written Blocks": 0,                                     
                           "Temp Read Blocks": 0,                                         
                           "Temp Written Blocks": 0,                                      
                           "Plans": [                                                     
                             {                                                            
                               "Node Type": "Merge Join",                                 
                               "Parent Relationship": "Outer",                            
                               "Parallel Aware": false,                                   
                               "Join Type": "Inner",                                      
                               "Startup Cost": 39605.01,                                  
                               "Total Cost": 40018.53,                                    
                               "Plan Rows": 484263,                                       
                               "Plan Width": 45,                                          
                               "Actual Startup Time": 17250.131,                          
                               "Actual Total Time": 17373.444,                            
                               "Actual Rows": 12,                                         
                               "Actual Loops": 1,                                         
                               "Inner Unique": true,                                      
                               "Merge Cond": "(ci.movie_id = t.id)",                      
                               "Shared Hit Blocks": 7,                                    
                               "Shared Read Blocks": 325092,                              
                               "Shared Dirtied Blocks": 0,                                
                               "Shared Written Blocks": 0,                                
                               "Local Hit Blocks": 0,                                     
                               "Local Read Blocks": 0,                                    
                               "Local Dirtied Blocks": 0,                                 
                               "Local Written Blocks": 0,                                 
                               "Temp Read Blocks": 0,                                     
                               "Temp Written Blocks": 0,                                  
                               "Plans": [                                                 
                                 {                                                        
                                   "Node Type": "Sort",                                   
                                   "Parent Relationship": "Outer",                        
                                   "Parallel Aware": false,                               
                                   "Startup Cost": 32472.51,                              
                                   "Total Cost": 32526.86,                                
                                   "Plan Rows": 700025,                                   
                                   "Plan Width": 24,                                      
                                   "Actual Startup Time": 14799.985,                      
                                   "Actual Total Time": 14799.988,                        
                                   "Actual Rows": 15,                                     
                                   "Actual Loops": 1,                                     
                                   "Sort Key": ["ci.movie_id"],                           
                                   "Sort Method": "quicksort",                            
                                   "Sort Space Used": 25,                                 
                                   "Sort Space Type": "Memory",                           
                                   "Shared Hit Blocks": 6,                                
                                   "Shared Read Blocks": 289095,                          
                                   "Shared Dirtied Blocks": 0,                            
                                   "Shared Written Blocks": 0,                            
                                   "Local Hit Blocks": 0,                                 
                                   "Local Read Blocks": 0,                                
                                   "Local Dirtied Blocks": 0,                             
                                   "Local Written Blocks": 0,                             
                                   "Temp Read Blocks": 0,                                 
                                   "Temp Written Blocks": 0,                              
                                   "Plans": [                                             
                                     {                                                    
                                       "Node Type": "Merge Join",                         
                                       "Parent Relationship": "Outer",                    
                                       "Parallel Aware": false,                           
                                       "Join Type": "Inner",                              
                                       "Startup Cost": 29717.16,                          
                                       "Total Cost": 30361.89,                            
                                       "Plan Rows": 700025,                               
                                       "Plan Width": 24,                                  
                                       "Actual Startup Time": 14569.379,                  
                                       "Actual Total Time": 14799.955,                    
                                       "Actual Rows": 15,                                 
                                       "Actual Loops": 1,                                 
                                       "Inner Unique": false,                             
                                       "Merge Cond": "(chn.id = ci.person_role_id)",      
                                       "Shared Hit Blocks": 6,                            
                                       "Shared Read Blocks": 289095,                      
                                       "Shared Dirtied Blocks": 0,                        
                                       "Shared Written Blocks": 0,                        
                                       "Local Hit Blocks": 0,                             
                                       "Local Read Blocks": 0,                            
                                       "Local Dirtied Blocks": 0,                         
                                       "Local Written Blocks": 0,                         
                                       "Temp Read Blocks": 0,                             
                                       "Temp Written Blocks": 0,                          
                                       "Plans": [                                         
                                         {                                                
                                           "Node Type": "Sort",                           
                                           "Parent Relationship": "Outer",                
                                           "Parallel Aware": false,                       
                                           "Startup Cost": 11884.63,                      
                                           "Total Cost": 12128.45,                        
                                           "Plan Rows": 3140339,                          
                                           "Plan Width": 20,                              
                                           "Actual Startup Time": 2655.751,               
                                           "Actual Total Time": 2765.713,                 
                                           "Actual Rows": 881592,                         
                                           "Actual Loops": 1,                             
                                           "Sort Key": ["chn.id"],                        
                                           "Sort Method": "quicksort",                    
                                           "Sort Space Used": 318833,                     
                                           "Sort Space Type": "Memory",                   
                                           "Shared Hit Blocks": 2,                        
                                           "Shared Read Blocks": 36445,                   
                                           "Shared Dirtied Blocks": 0,                    
                                           "Shared Written Blocks": 0,                    
                                           "Local Hit Blocks": 0,                         
                                           "Local Read Blocks": 0,                        
                                           "Local Dirtied Blocks": 0,                     
                                           "Local Written Blocks": 0,                     
                                           "Temp Read Blocks": 0,                         
                                           "Temp Written Blocks": 0,                      
                                           "Plans": [                                     
                                             {                                            
                                               "Node Type": "Seq Scan",                   
                                               "Parent Relationship": "Outer",            
                                               "Parallel Aware": false,                   
                                               "Relation Name": "char_name",              
                                               "Alias": "chn",                            
                                               "Startup Cost": 0.00,                      
                                               "Total Cost": 1360.36,                     
                                               "Plan Rows": 3140339,                      
                                               "Plan Width": 20,                          
                                               "Actual Startup Time": 47.414,             
                                               "Actual Total Time": 1134.586,             
                                               "Actual Rows": 3140339,                    
                                               "Actual Loops": 1,                         
                                               "Shared Hit Blocks": 2,                    
                                               "Shared Read Blocks": 36445,               
                                               "Shared Dirtied Blocks": 0,                
                                               "Shared Written Blocks": 0,                
                                               "Local Hit Blocks": 0,                     
                                               "Local Read Blocks": 0,                    
                                               "Local Dirtied Blocks": 0,                 
                                               "Local Written Blocks": 0,                 
                                               "Temp Read Blocks": 0,                     
                                               "Temp Written Blocks": 0                   
                                             }                                            
                                           ]                                              
                                         },                                               
                                         {                                                
                                           "Node Type": "Sort",                           
                                           "Parent Relationship": "Inner",                
                                           "Parallel Aware": false,                       
                                           "Startup Cost": 17832.53,                      
                                           "Total Cost": 17944.63,                        
                                           "Plan Rows": 1443867,                          
                                           "Plan Width": 12,                              
                                           "Actual Startup Time": 11913.616,              
                                           "Actual Total Time": 11913.618,                
                                           "Actual Rows": 16,                             
                                           "Actual Loops": 1,                             
                                           "Sort Key": ["ci.person_role_id"],             
                                           "Sort Method": "quicksort",                    
                                           "Sort Space Used": 116439,                     
                                           "Sort Space Type": "Memory",                   
                                           "Shared Hit Blocks": 4,                        
                                           "Shared Read Blocks": 252650,                  
                                           "Shared Dirtied Blocks": 0,                    
                                           "Shared Written Blocks": 0,                    
                                           "Local Hit Blocks": 0,                         
                                           "Local Read Blocks": 0,                        
                                           "Local Dirtied Blocks": 0,                     
                                           "Local Written Blocks": 0,                     
                                           "Temp Read Blocks": 0,                         
                                           "Temp Written Blocks": 0,                      
                                           "Plans": [                                     
                                             {                                            
                                               "Node Type": "Seq Scan",                   
                                               "Parent Relationship": "Outer",            
                                               "Parallel Aware": false,                   
                                               "Relation Name": "cast_info",              
                                               "Alias": "ci",                             
                                               "Startup Cost": 0.00,                      
                                               "Total Cost": 13245.00,                    
                                               "Plan Rows": 1443867,                      
                                               "Plan Width": 12,                          
                                               "Actual Startup Time": 847.999,            
                                               "Actual Total Time": 11611.280,            
                                               "Actual Rows": 1435439,                    
                                               "Actual Loops": 1,                         
                                               "Filter": "(note ~~ '%(producer)%'::text)",
                                               "Rows Removed by Filter": 34808905,        
                                               "Shared Hit Blocks": 4,                    
                                               "Shared Read Blocks": 252650,              
                                               "Shared Dirtied Blocks": 0,                
                                               "Shared Written Blocks": 0,                
                                               "Local Hit Blocks": 0,                     
                                               "Local Read Blocks": 0,                    
                                               "Local Dirtied Blocks": 0,                 
                                               "Local Written Blocks": 0,                 
                                               "Temp Read Blocks": 0,                     
                                               "Temp Written Blocks": 0                   
                                             }                                            
                                           ]                                              
                                         }                                                
                                       ]                                                  
                                     }                                                    
                                   ]                                                      
                                 },                                                       
                                 {                                                        
                                   "Node Type": "Sort",                                   
                                   "Parent Relationship": "Inner",                        
                                   "Parallel Aware": false,                               
                                   "Startup Cost": 7132.50,                               
                                   "Total Cost": 7268.30,                                 
                                   "Plan Rows": 1749033,                                  
                                   "Plan Width": 21,                                      
                                   "Actual Startup Time": 2122.994,                       
                                   "Actual Total Time": 2334.259,                         
                                   "Actual Rows": 1740105,                                
                                   "Actual Loops": 1,                                     
                                   "Sort Key": ["t.id"],                                  
                                   "Sort Method": "quicksort",                            
                                   "Sort Space Used": 171002,                             
                                   "Sort Space Type": "Memory",                           
                                   "Shared Hit Blocks": 1,                                
                                   "Shared Read Blocks": 35997,                           
                                   "Shared Dirtied Blocks": 0,                            
                                   "Shared Written Blocks": 0,                            
                                   "Local Hit Blocks": 0,                                 
                                   "Local Read Blocks": 0,                                
                                   "Local Dirtied Blocks": 0,                             
                                   "Local Written Blocks": 0,                             
                                   "Temp Read Blocks": 0,                                 
                                   "Temp Written Blocks": 0,                              
                                   "Plans": [                                             
                                     {                                                    
                                       "Node Type": "Seq Scan",                           
                                       "Parent Relationship": "Outer",                    
                                       "Parallel Aware": false,                           
                                       "Relation Name": "title",                          
                                       "Alias": "t",                                      
                                       "Startup Cost": 0.00,                              
                                       "Total Cost": 1500.26,                             
                                       "Plan Rows": 1749033,                              
                                       "Plan Width": 21,                                  
                                       "Actual Startup Time": 9.829,                      
                                       "Actual Total Time": 1173.234,                     
                                       "Actual Rows": 1749032,                            
                                       "Actual Loops": 1,                                 
                                       "Filter": "(production_year > 1990)",              
                                       "Rows Removed by Filter": 779280,                  
                                       "Shared Hit Blocks": 1,                            
                                       "Shared Read Blocks": 35997,                       
                                       "Shared Dirtied Blocks": 0,                        
                                       "Shared Written Blocks": 0,                        
                                       "Local Hit Blocks": 0,                             
                                       "Local Read Blocks": 0,                            
                                       "Local Dirtied Blocks": 0,                         
                                       "Local Written Blocks": 0,                         
                                       "Temp Read Blocks": 0,                             
                                       "Temp Written Blocks": 0                           
                                     }                                                    
                                   ]                                                      
                                 }                                                        
                               ]                                                          
                             },                                                           
                             {                                                            
                               "Node Type": "Sort",                                       
                               "Parent Relationship": "Inner",                            
                               "Parallel Aware": false,                                   
                               "Startup Cost": 9405.45,                                   
                               "Total Cost": 9608.03,                                     
                               "Plan Rows": 2609129,                                      
                               "Plan Width": 12,                                          
                               "Actual Startup Time": 1656.879,                           
                               "Actual Total Time": 1745.510,                             
                               "Actual Rows": 1974994,                                    
                               "Actual Loops": 1,                                         
                               "Sort Key": ["mc.movie_id"],                               
                               "Sort Method": "quicksort",                                
                               "Sort Space Used": 220607,                                 
                               "Sort Space Type": "Memory",                               
                               "Shared Hit Blocks": 3,                                    
                               "Shared Read Blocks": 18786,                               
                               "Shared Dirtied Blocks": 0,                                
                               "Shared Written Blocks": 0,                                
                               "Local Hit Blocks": 0,                                     
                               "Local Read Blocks": 0,                                    
                               "Local Dirtied Blocks": 0,                                 
                               "Local Written Blocks": 0,                                 
                               "Temp Read Blocks": 0,                                     
                               "Temp Written Blocks": 0,                                  
                               "Plans": [                                                 
                                 {                                                        
                                   "Node Type": "Seq Scan",                               
                                   "Parent Relationship": "Outer",                        
                                   "Parallel Aware": false,                               
                                   "Relation Name": "movie_companies",                    
                                   "Alias": "mc",                                         
                                   "Startup Cost": 0.00,                                  
                                   "Total Cost": 769.75,                                  
                                   "Plan Rows": 2609129,                                  
                                   "Plan Width": 12,                                      
                                   "Actual Startup Time": 0.015,                          
                                   "Actual Total Time": 679.948,                          
                                   "Actual Rows": 2609129,                                
                                   "Actual Loops": 1,                                     
                                   "Shared Hit Blocks": 3,                                
                                   "Shared Read Blocks": 18786,                           
                                   "Shared Dirtied Blocks": 0,                            
                                   "Shared Written Blocks": 0,                            
                                   "Local Hit Blocks": 0,                                 
                                   "Local Read Blocks": 0,                                
                                   "Local Dirtied Blocks": 0,                             
                                   "Local Written Blocks": 0,                             
                                   "Temp Read Blocks": 0,                                 
                                   "Temp Written Blocks": 0                               
                                 }                                                        
                               ]                                                          
                             }                                                            
                           ]                                                              
                         }                                                                
                       ]                                                                  
                     },                                                                   
                     {                                                                    
                       "Node Type": "Sort",                                               
                       "Parent Relationship": "Inner",                                    
                       "Parallel Aware": false,                                           
                       "Startup Cost": 344.10,                                            
                       "Total Cost": 350.69,                                              
                       "Plan Rows": 84843,                                                
                       "Plan Width": 4,                                                   
                       "Actual Startup Time": 198.264,                                    
                       "Actual Total Time": 204.042,                                      
                       "Actual Rows": 57716,                                              
                       "Actual Loops": 1,                                                 
                       "Sort Key": ["cn.id"],                                             
                       "Sort Method": "quicksort",                                        
                       "Sort Space Used": 7050,                                           
                       "Sort Space Type": "Memory",                                       
                       "Shared Hit Blocks": 2,                                            
                       "Shared Read Blocks": 2992,                                        
                       "Shared Dirtied Blocks": 0,                                        
                       "Shared Written Blocks": 0,                                        
                       "Local Hit Blocks": 0,                                             
                       "Local Read Blocks": 0,                                            
                       "Local Dirtied Blocks": 0,                                         
                       "Local Written Blocks": 0,                                         
                       "Temp Read Blocks": 0,                                             
                       "Temp Written Blocks": 0,                                          
                       "Plans": [                                                         
                         {                                                                
                           "Node Type": "Seq Scan",                                       
                           "Parent Relationship": "Outer",                                
                           "Parallel Aware": false,                                       
                           "Relation Name": "company_name",                               
                           "Alias": "cn",                                                 
                           "Startup Cost": 0.00,                                          
                           "Total Cost": 128.41,                                          
                           "Plan Rows": 84843,                                            
                           "Plan Width": 4,                                               
                           "Actual Startup Time": 47.027,                                 
                           "Actual Total Time": 159.962,                                  
                           "Actual Rows": 84843,                                          
                           "Actual Loops": 1,                                             
                           "Filter": "((country_code)::text = '[us]'::text)",             
                           "Rows Removed by Filter": 150154,                              
                           "Shared Hit Blocks": 2,                                        
                           "Shared Read Blocks": 2992,                                    
                           "Shared Dirtied Blocks": 0,                                    
                           "Shared Written Blocks": 0,                                    
                           "Local Hit Blocks": 0,                                         
                           "Local Read Blocks": 0,                                        
                           "Local Dirtied Blocks": 0,                                     
                           "Local Written Blocks": 0,                                     
                           "Temp Read Blocks": 0,                                         
                           "Temp Written Blocks": 0                                       
                         }                                                                
                       ]                                                                  
                     }                                                                    
                   ]                                                                      
                 },                                                                       
                 {                                                                        
                   "Node Type": "Materialize",                                            
                   "Parent Relationship": "Inner",                                        
                   "Parallel Aware": false,                                               
                   "Startup Cost": 0.00,                                                  
                   "Total Cost": 0.03,                                                    
                   "Plan Rows": 4,                                                        
                   "Plan Width": 4,                                                       
                   "Actual Startup Time": 0.001,                                          
                   "Actual Total Time": 0.001,                                            
                   "Actual Rows": 1,                                                      
                   "Actual Loops": 10,                                                    
                   "Shared Hit Blocks": 1,                                                
                   "Shared Read Blocks": 0,                                               
                   "Shared Dirtied Blocks": 0,                                            
                   "Shared Written Blocks": 0,                                            
                   "Local Hit Blocks": 0,                                                 
                   "Local Read Blocks": 0,                                                
                   "Local Dirtied Blocks": 0,                                             
                   "Local Written Blocks": 0,                                             
                   "Temp Read Blocks": 0,                                                 
                   "Temp Written Blocks": 0,                                              
                   "Plans": [                                                             
                     {                                                                    
                       "Node Type": "Seq Scan",                                           
                       "Parent Relationship": "Outer",                                    
                       "Parallel Aware": false,                                           
                       "Relation Name": "company_type",                                   
                       "Alias": "ct",                                                     
                       "Startup Cost": 0.00,                                              
                       "Total Cost": 0.03,                                                
                       "Plan Rows": 4,                                                    
                       "Plan Width": 4,                                                   
                       "Actual Startup Time": 0.006,                                      
                       "Actual Total Time": 0.006,                                        
                       "Actual Rows": 2,                                                  
                       "Actual Loops": 1,                                                 
                       "Shared Hit Blocks": 1,                                            
                       "Shared Read Blocks": 0,                                           
                       "Shared Dirtied Blocks": 0,                                        
                       "Shared Written Blocks": 0,                                        
                       "Local Hit Blocks": 0,                                             
                       "Local Read Blocks": 0,                                            
                       "Local Dirtied Blocks": 0,                                         
                       "Local Written Blocks": 0,                                         
                       "Temp Read Blocks": 0,                                             
                       "Temp Written Blocks": 0                                           
                     }                                                                    
                   ]                                                                      
                 }                                                                        
               ]                                                                          
             },                                                                           
             {                                                                            
               "Node Type": "Materialize",                                                
               "Parent Relationship": "Inner",                                            
               "Parallel Aware": false,                                                   
               "Startup Cost": 0.00,                                                      
               "Total Cost": 0.03,                                                        
               "Plan Rows": 12,                                                           
               "Plan Width": 4,                                                           
               "Actual Startup Time": 0.001,                                              
               "Actual Total Time": 0.001,                                                
               "Actual Rows": 1,                                                          
               "Actual Loops": 10,                                                        
               "Shared Hit Blocks": 1,                                                    
               "Shared Read Blocks": 0,                                                   
               "Shared Dirtied Blocks": 0,                                                
               "Shared Written Blocks": 0,                                                
               "Local Hit Blocks": 0,                                                     
               "Local Read Blocks": 0,                                                    
               "Local Dirtied Blocks": 0,                                                 
               "Local Written Blocks": 0,                                                 
               "Temp Read Blocks": 0,                                                     
               "Temp Written Blocks": 0,                                                  
               "Plans": [                                                                 
                 {                                                                        
                   "Node Type": "Seq Scan",                                               
                   "Parent Relationship": "Outer",                                        
                   "Parallel Aware": false,                                               
                   "Relation Name": "role_type",                                          
                   "Alias": "rt",                                                         
                   "Startup Cost": 0.00,                                                  
                   "Total Cost": 0.03,                                                    
                   "Plan Rows": 12,                                                       
                   "Plan Width": 4,                                                       
                   "Actual Startup Time": 0.003,                                          
                   "Actual Total Time": 0.003,                                            
                   "Actual Rows": 1,                                                      
                   "Actual Loops": 1,                                                     
                   "Shared Hit Blocks": 1,                                                
                   "Shared Read Blocks": 0,                                               
                   "Shared Dirtied Blocks": 0,                                            
                   "Shared Written Blocks": 0,                                            
                   "Local Hit Blocks": 0,                                                 
                   "Local Read Blocks": 0,                                                
                   "Local Dirtied Blocks": 0,                                             
                   "Local Written Blocks": 0,                                             
                   "Temp Read Blocks": 0,                                                 
                   "Temp Written Blocks": 0                                               
                 }                                                                        
               ]                                                                          
             }                                                                            
           ]                                                                              
         }                                                                                
       ]                                                                                  
     },                                                                                   
     "Planning Time": 2960.532,                                                           
     "Triggers": [                                                                        
     ],                                                                                   
     "Execution Time": 19577.249                                                          
   }                                                                                      
 ]
