 [                                                                                             
   {                                                                                           
     "Plan": {                                                                                 
       "Node Type": "Aggregate",                                                               
       "Strategy": "Plain",                                                                    
       "Partial Mode": "Simple",                                                               
       "Parallel Aware": false,                                                                
       "Startup Cost": 676.03,                                                                 
       "Total Cost": 676.03,                                                                   
       "Plan Rows": 1,                                                                         
       "Plan Width": 64,                                                                       
       "Actual Startup Time": 454630.778,                                                      
       "Actual Total Time": 454630.778,                                                        
       "Actual Rows": 1,                                                                       
       "Actual Loops": 1,                                                                      
       "Shared Hit Blocks": 1995731,                                                           
       "Shared Read Blocks": 98719,                                                            
       "Shared Dirtied Blocks": 0,                                                             
       "Shared Written Blocks": 0,                                                             
       "Local Hit Blocks": 0,                                                                  
       "Local Read Blocks": 0,                                                                 
       "Local Dirtied Blocks": 0,                                                              
       "Local Written Blocks": 0,                                                              
       "Temp Read Blocks": 0,                                                                  
       "Temp Written Blocks": 0,                                                               
       "Plans": [                                                                              
         {                                                                                     
           "Node Type": "Nested Loop",                                                         
           "Parent Relationship": "Outer",                                                     
           "Parallel Aware": false,                                                            
           "Join Type": "Inner",                                                               
           "Startup Cost": 0.10,                                                               
           "Total Cost": 676.00,                                                               
           "Plan Rows": 186,                                                                   
           "Plan Width": 33,                                                                   
           "Actual Startup Time": 263.733,                                                     
           "Actual Total Time": 454287.014,                                                    
           "Actual Rows": 249455,                                                              
           "Actual Loops": 1,                                                                  
           "Inner Unique": true,                                                               
           "Join Filter": "(an.person_id = n.id)",                                             
           "Rows Removed by Join Filter": 0,                                                   
           "Shared Hit Blocks": 1995731,                                                       
           "Shared Read Blocks": 98719,                                                        
           "Shared Dirtied Blocks": 0,                                                         
           "Shared Written Blocks": 0,                                                         
           "Local Hit Blocks": 0,                                                              
           "Local Read Blocks": 0,                                                             
           "Local Dirtied Blocks": 0,                                                          
           "Local Written Blocks": 0,                                                          
           "Temp Read Blocks": 0,                                                              
           "Temp Written Blocks": 0,                                                           
           "Plans": [                                                                          
             {                                                                                 
               "Node Type": "Nested Loop",                                                     
               "Parent Relationship": "Outer",                                                 
               "Parallel Aware": false,                                                        
               "Join Type": "Inner",                                                           
               "Startup Cost": 0.08,                                                           
               "Total Cost": 672.34,                                                           
               "Plan Rows": 186,                                                               
               "Plan Width": 41,                                                               
               "Actual Startup Time": 245.411,                                                 
               "Actual Total Time": 323369.418,                                                
               "Actual Rows": 249455,                                                          
               "Actual Loops": 1,                                                              
               "Inner Unique": false,                                                          
               "Shared Hit Blocks": 1016106,                                                   
               "Shared Read Blocks": 79756,                                                    
               "Shared Dirtied Blocks": 0,                                                     
               "Shared Written Blocks": 0,                                                     
               "Local Hit Blocks": 0,                                                          
               "Local Read Blocks": 0,                                                         
               "Local Dirtied Blocks": 0,                                                      
               "Local Written Blocks": 0,                                                      
               "Temp Read Blocks": 0,                                                          
               "Temp Written Blocks": 0,                                                       
               "Plans": [                                                                      
                 {                                                                             
                   "Node Type": "Nested Loop",                                                 
                   "Parent Relationship": "Outer",                                             
                   "Parallel Aware": false,                                                    
                   "Join Type": "Inner",                                                       
                   "Startup Cost": 0.07,                                                       
                   "Total Cost": 669.14,                                                       
                   "Plan Rows": 215,                                                           
                   "Plan Width": 21,                                                           
                   "Actual Startup Time": 216.490,                                             
                   "Actual Total Time": 261464.539,                                            
                   "Actual Rows": 169273,                                                      
                   "Actual Loops": 1,                                                          
                   "Inner Unique": false,                                                      
                   "Join Filter": "(t.id = ci.movie_id)",                                      
                   "Rows Removed by Join Filter": 0,                                           
                   "Shared Hit Blocks": 359362,                                                
                   "Shared Read Blocks": 69922,                                                
                   "Shared Dirtied Blocks": 0,                                                 
                   "Shared Written Blocks": 0,                                                 
                   "Local Hit Blocks": 0,                                                      
                   "Local Read Blocks": 0,                                                     
                   "Local Dirtied Blocks": 0,                                                  
                   "Local Written Blocks": 0,                                                  
                   "Temp Read Blocks": 0,                                                      
                   "Temp Written Blocks": 0,                                                   
                   "Plans": [                                                                  
                     {                                                                         
                       "Node Type": "Nested Loop",                                             
                       "Parent Relationship": "Outer",                                         
                       "Parallel Aware": false,                                                
                       "Join Type": "Inner",                                                   
                       "Startup Cost": 0.05,                                                   
                       "Total Cost": 664.14,                                                   
                       "Plan Rows": 19,                                                        
                       "Plan Width": 29,                                                       
                       "Actual Startup Time": 187.740,                                         
                       "Actual Total Time": 65082.271,                                         
                       "Actual Rows": 6766,                                                    
                       "Actual Loops": 1,                                                      
                       "Inner Unique": true,                                                   
                       "Shared Hit Blocks": 196097,                                            
                       "Shared Read Blocks": 41079,                                            
                       "Shared Dirtied Blocks": 0,                                             
                       "Shared Written Blocks": 0,                                             
                       "Local Hit Blocks": 0,                                                  
                       "Local Read Blocks": 0,                                                 
                       "Local Dirtied Blocks": 0,                                              
                       "Local Written Blocks": 0,                                              
                       "Temp Read Blocks": 0,                                                  
                       "Temp Written Blocks": 0,                                               
                       "Plans": [                                                              
                         {                                                                     
                           "Node Type": "Nested Loop",                                         
                           "Parent Relationship": "Outer",                                     
                           "Parallel Aware": false,                                            
                           "Join Type": "Inner",                                               
                           "Startup Cost": 0.04,                                               
                           "Total Cost": 663.21,                                               
                           "Plan Rows": 52,                                                    
                           "Plan Width": 33,                                                   
                           "Actual Startup Time": 78.764,                                      
                           "Actual Total Time": 56164.607,                                     
                           "Actual Rows": 8661,                                                
                           "Actual Loops": 1,                                                  
                           "Inner Unique": false,                                              
                           "Join Filter": "(t.id = mc.movie_id)",                              
                           "Rows Removed by Join Filter": 0,                                   
                           "Shared Hit Blocks": 162230,                                        
                           "Shared Read Blocks": 40291,                                        
                           "Shared Dirtied Blocks": 0,                                         
                           "Shared Written Blocks": 0,                                         
                           "Local Hit Blocks": 0,                                              
                           "Local Read Blocks": 0,                                             
                           "Local Dirtied Blocks": 0,                                          
                           "Local Written Blocks": 0,                                          
                           "Temp Read Blocks": 0,                                              
                           "Temp Written Blocks": 0,                                           
                           "Plans": [                                                          
                             {                                                                 
                               "Node Type": "Nested Loop",                                     
                               "Parent Relationship": "Outer",                                 
                               "Parallel Aware": false,                                        
                               "Join Type": "Inner",                                           
                               "Startup Cost": 0.03,                                           
                               "Total Cost": 662.93,                                           
                               "Plan Rows": 9,                                                 
                               "Plan Width": 25,                                               
                               "Actual Startup Time": 54.582,                                  
                               "Actual Total Time": 48652.427,                                 
                               "Actual Rows": 5385,                                            
                               "Actual Loops": 1,                                              
                               "Inner Unique": true,                                           
                               "Shared Hit Blocks": 141706,                                    
                               "Shared Read Blocks": 38473,                                    
                               "Shared Dirtied Blocks": 0,                                     
                               "Shared Written Blocks": 0,                                     
                               "Local Hit Blocks": 0,                                          
                               "Local Read Blocks": 0,                                         
                               "Local Dirtied Blocks": 0,                                      
                               "Local Written Blocks": 0,                                      
                               "Temp Read Blocks": 0,                                          
                               "Temp Written Blocks": 0,                                       
                               "Plans": [                                                      
                                 {                                                             
                                   "Node Type": "Nested Loop",                                 
                                   "Parent Relationship": "Outer",                             
                                   "Parallel Aware": false,                                    
                                   "Join Type": "Inner",                                       
                                   "Startup Cost": 0.01,                                       
                                   "Total Cost": 661.48,                                       
                                   "Plan Rows": 34,                                            
                                   "Plan Width": 4,                                            
                                   "Actual Startup Time": 36.812,                              
                                   "Actual Total Time": 2829.031,                              
                                   "Actual Rows": 41840,                                       
                                   "Actual Loops": 1,                                          
                                   "Inner Unique": false,                                      
                                   "Shared Hit Blocks": 5,                                     
                                   "Shared Read Blocks": 12602,                                
                                   "Shared Dirtied Blocks": 0,                                 
                                   "Shared Written Blocks": 0,                                 
                                   "Local Hit Blocks": 0,                                      
                                   "Local Read Blocks": 0,                                     
                                   "Local Dirtied Blocks": 0,                                  
                                   "Local Written Blocks": 0,                                  
                                   "Temp Read Blocks": 0,                                      
                                   "Temp Written Blocks": 0,                                   
                                   "Plans": [                                                  
                                     {                                                         
                                       "Node Type": "Seq Scan",                                
                                       "Parent Relationship": "Outer",                         
                                       "Parallel Aware": false,                                
                                       "Relation Name": "keyword",                             
                                       "Alias": "k",                                           
                                       "Startup Cost": 0.00,                                   
                                       "Total Cost": 49.46,                                    
                                       "Plan Rows": 1,                                         
                                       "Plan Width": 4,                                        
                                       "Actual Startup Time": 20.173,                          
                                       "Actual Total Time": 102.355,                           
                                       "Actual Rows": 1,                                       
                                       "Actual Loops": 1,                                      
                                       "Filter": "(keyword = 'character-name-in-title'::text)",
                                       "Rows Removed by Filter": 134169,                       
                                       "Shared Hit Blocks": 2,                                 
                                       "Shared Read Blocks": 947,                              
                                       "Shared Dirtied Blocks": 0,                             
                                       "Shared Written Blocks": 0,                             
                                       "Local Hit Blocks": 0,                                  
                                       "Local Read Blocks": 0,                                 
                                       "Local Dirtied Blocks": 0,                              
                                       "Local Written Blocks": 0,                              
                                       "Temp Read Blocks": 0,                                  
                                       "Temp Written Blocks": 0                                
                                     },                                                        
                                     {                                                         
                                       "Node Type": "Index Scan",                              
                                       "Parent Relationship": "Inner",                         
                                       "Parallel Aware": false,                                
                                       "Scan Direction": "Forward",                            
                                       "Index Name": "keyword_id_movie_keyword",               
                                       "Relation Name": "movie_keyword",                       
                                       "Alias": "mk",                                          
                                       "Startup Cost": 0.01,                                   
                                       "Total Cost": 122.40,                                   
                                       "Plan Rows": 39,                                        
                                       "Plan Width": 8,                                        
                                       "Actual Startup Time": 16.632,                          
                                       "Actual Total Time": 2700.834,                          
                                       "Actual Rows": 41840,                                   
                                       "Actual Loops": 1,                                      
                                       "Index Cond": "(keyword_id = k.id)",                    
                                       "Rows Removed by Index Recheck": 0,                     
                                       "Shared Hit Blocks": 3,                                 
                                       "Shared Read Blocks": 11655,                            
                                       "Shared Dirtied Blocks": 0,                             
                                       "Shared Written Blocks": 0,                             
                                       "Local Hit Blocks": 0,                                  
                                       "Local Read Blocks": 0,                                 
                                       "Local Dirtied Blocks": 0,                              
                                       "Local Written Blocks": 0,                              
                                       "Temp Read Blocks": 0,                                  
                                       "Temp Written Blocks": 0                                
                                     }                                                         
                                   ]                                                           
                                 },                                                            
                                 {                                                             
                                   "Node Type": "Index Scan",                                  
                                   "Parent Relationship": "Inner",                             
                                   "Parallel Aware": false,                                    
                                   "Scan Direction": "Forward",                                
                                   "Index Name": "title_idx_id",                               
                                   "Relation Name": "title",                                   
                                   "Alias": "t",                                               
                                   "Startup Cost": 0.01,                                       
                                   "Total Cost": 0.04,                                         
                                   "Plan Rows": 1,                                             
                                   "Plan Width": 21,                                           
                                   "Actual Startup Time": 1.094,                               
                                   "Actual Total Time": 1.094,                                 
                                   "Actual Rows": 0,                                           
                                   "Actual Loops": 41840,                                      
                                   "Index Cond": "(id = mk.movie_id)",                         
                                   "Rows Removed by Index Recheck": 0,                         
                                   "Filter": "((episode_nr >= 5) AND (episode_nr < 100))",     
                                   "Rows Removed by Filter": 1,                                
                                   "Shared Hit Blocks": 141701,                                
                                   "Shared Read Blocks": 25871,                                
                                   "Shared Dirtied Blocks": 0,                                 
                                   "Shared Written Blocks": 0,                                 
                                   "Local Hit Blocks": 0,                                      
                                   "Local Read Blocks": 0,                                     
                                   "Local Dirtied Blocks": 0,                                  
                                   "Local Written Blocks": 0,                                  
                                   "Temp Read Blocks": 0,                                      
                                   "Temp Written Blocks": 0                                    
                                 }                                                             
                               ]                                                               
                             },                                                                
                             {                                                                 
                               "Node Type": "Index Scan",                                      
                               "Parent Relationship": "Inner",                                 
                               "Parallel Aware": false,                                        
                               "Scan Direction": "Forward",                                    
                               "Index Name": "movie_id_movie_companies",                       
                               "Relation Name": "movie_companies",                             
                               "Alias": "mc",                                                  
                               "Startup Cost": 0.01,                                           
                               "Total Cost": 0.03,                                             
                               "Plan Rows": 2,                                                 
                               "Plan Width": 8,                                                
                               "Actual Startup Time": 1.088,                                   
                               "Actual Total Time": 1.388,                                     
                               "Actual Rows": 2,                                               
                               "Actual Loops": 5385,                                           
                               "Index Cond": "(movie_id = mk.movie_id)",                       
                               "Rows Removed by Index Recheck": 0,                             
                               "Shared Hit Blocks": 20524,                                     
                               "Shared Read Blocks": 1818,                                     
                               "Shared Dirtied Blocks": 0,                                     
                               "Shared Written Blocks": 0,                                     
                               "Local Hit Blocks": 0,                                          
                               "Local Read Blocks": 0,                                         
                               "Local Dirtied Blocks": 0,                                      
                               "Local Written Blocks": 0,                                      
                               "Temp Read Blocks": 0,                                          
                               "Temp Written Blocks": 0                                        
                             }                                                                 
                           ]                                                                   
                         },                                                                    
                         {                                                                     
                           "Node Type": "Index Scan",                                          
                           "Parent Relationship": "Inner",                                     
                           "Parallel Aware": false,                                            
                           "Scan Direction": "Forward",                                        
                           "Index Name": "company_name_pkey",                                  
                           "Relation Name": "company_name",                                    
                           "Alias": "cn",                                                      
                           "Startup Cost": 0.01,                                               
                           "Total Cost": 0.02,                                                 
                           "Plan Rows": 1,                                                     
                           "Plan Width": 4,                                                    
                           "Actual Startup Time": 1.026,                                       
                           "Actual Total Time": 1.026,                                         
                           "Actual Rows": 1,                                                   
                           "Actual Loops": 8661,                                               
                           "Index Cond": "(id = mc.company_id)",                               
                           "Rows Removed by Index Recheck": 0,                                 
                           "Filter": "((country_code)::text = '[us]'::text)",                  
                           "Rows Removed by Filter": 0,                                        
                           "Shared Hit Blocks": 33867,                                         
                           "Shared Read Blocks": 788,                                          
                           "Shared Dirtied Blocks": 0,                                         
                           "Shared Written Blocks": 0,                                         
                           "Local Hit Blocks": 0,                                              
                           "Local Read Blocks": 0,                                             
                           "Local Dirtied Blocks": 0,                                          
                           "Local Written Blocks": 0,                                          
                           "Temp Read Blocks": 0,                                              
                           "Temp Written Blocks": 0                                            
                         }                                                                     
                       ]                                                                       
                     },                                                                        
                     {                                                                         
                       "Node Type": "Index Scan",                                              
                       "Parent Relationship": "Inner",                                         
                       "Parallel Aware": false,                                                
                       "Scan Direction": "Forward",                                            
                       "Index Name": "movie_id_cast_info",                                     
                       "Relation Name": "cast_info",                                           
                       "Alias": "ci",                                                          
                       "Startup Cost": 0.02,                                                   
                       "Total Cost": 0.26,                                                     
                       "Plan Rows": 23,                                                        
                       "Plan Width": 8,                                                        
                       "Actual Startup Time": 2.922,                                           
                       "Actual Total Time": 28.988,                                            
                       "Actual Rows": 25,                                                      
                       "Actual Loops": 6766,                                                   
                       "Index Cond": "(movie_id = mk.movie_id)",                               
                       "Rows Removed by Index Recheck": 0,                                     
                       "Shared Hit Blocks": 163265,                                            
                       "Shared Read Blocks": 28843,                                            
                       "Shared Dirtied Blocks": 0,                                             
                       "Shared Written Blocks": 0,                                             
                       "Local Hit Blocks": 0,                                                  
                       "Local Read Blocks": 0,                                                 
                       "Local Dirtied Blocks": 0,                                              
                       "Local Written Blocks": 0,                                              
                       "Temp Read Blocks": 0,                                                  
                       "Temp Written Blocks": 0                                                
                     }                                                                         
                   ]                                                                           
                 },                                                                            
                 {                                                                             
                   "Node Type": "Index Scan",                                                  
                   "Parent Relationship": "Inner",                                             
                   "Parallel Aware": false,                                                    
                   "Scan Direction": "Forward",                                                
                   "Index Name": "person_id_aka_name",                                         
                   "Relation Name": "aka_name",                                                
                   "Alias": "an",                                                              
                   "Startup Cost": 0.01,                                                       
                   "Total Cost": 0.01,                                                         
                   "Plan Rows": 2,                                                             
                   "Plan Width": 20,                                                           
                   "Actual Startup Time": 0.321,                                               
                   "Actual Total Time": 0.363,                                                 
                   "Actual Rows": 1,                                                           
                   "Actual Loops": 169273,                                                     
                   "Index Cond": "(person_id = ci.person_id)",                                 
                   "Rows Removed by Index Recheck": 0,                                         
                   "Shared Hit Blocks": 656744,                                                
                   "Shared Read Blocks": 9834,                                                 
                   "Shared Dirtied Blocks": 0,                                                 
                   "Shared Written Blocks": 0,                                                 
                   "Local Hit Blocks": 0,                                                      
                   "Local Read Blocks": 0,                                                     
                   "Local Dirtied Blocks": 0,                                                  
                   "Local Written Blocks": 0,                                                  
                   "Temp Read Blocks": 0,                                                      
                   "Temp Written Blocks": 0                                                    
                 }                                                                             
               ]                                                                               
             },                                                                                
             {                                                                                 
               "Node Type": "Index Scan",                                                      
               "Parent Relationship": "Inner",                                                 
               "Parallel Aware": false,                                                        
               "Scan Direction": "Forward",                                                    
               "Index Name": "name_pkey",                                                      
               "Relation Name": "name",                                                        
               "Alias": "n",                                                                   
               "Startup Cost": 0.01,                                                           
               "Total Cost": 0.02,                                                             
               "Plan Rows": 1,                                                                 
               "Plan Width": 4,                                                                
               "Actual Startup Time": 0.522,                                                   
               "Actual Total Time": 0.522,                                                     
               "Actual Rows": 1,                                                               
               "Actual Loops": 249455,                                                         
               "Index Cond": "(id = ci.person_id)",                                            
               "Rows Removed by Index Recheck": 0,                                             
               "Shared Hit Blocks": 979625,                                                    
               "Shared Read Blocks": 18963,                                                    
               "Shared Dirtied Blocks": 0,                                                     
               "Shared Written Blocks": 0,                                                     
               "Local Hit Blocks": 0,                                                          
               "Local Read Blocks": 0,                                                         
               "Local Dirtied Blocks": 0,                                                      
               "Local Written Blocks": 0,                                                      
               "Temp Read Blocks": 0,                                                          
               "Temp Written Blocks": 0                                                        
             }                                                                                 
           ]                                                                                   
         }                                                                                     
       ]                                                                                       
     },                                                                                        
     "Planning Time": 7622.580,                                                                
     "Triggers": [                                                                             
     ],                                                                                        
     "Execution Time": 454631.634                                                              
   }                                                                                           
 ]
