 [                                                                                         
   {                                                                                       
     "Plan": {                                                                             
       "Node Type": "Aggregate",                                                           
       "Strategy": "Plain",                                                                
       "Partial Mode": "Simple",                                                           
       "Parallel Aware": false,                                                            
       "Startup Cost": 698.33,                                                             
       "Total Cost": 698.33,                                                               
       "Plan Rows": 1,                                                                     
       "Plan Width": 64,                                                                   
       "Actual Startup Time": 1587079.387,                                                 
       "Actual Total Time": 1587079.387,                                                   
       "Actual Rows": 1,                                                                   
       "Actual Loops": 1,                                                                  
       "Shared Hit Blocks": 9313357,                                                       
       "Shared Read Blocks": 333194,                                                       
       "Shared Dirtied Blocks": 0,                                                         
       "Shared Written Blocks": 0,                                                         
       "Local Hit Blocks": 0,                                                              
       "Local Read Blocks": 0,                                                             
       "Local Dirtied Blocks": 0,                                                          
       "Local Written Blocks": 0,                                                          
       "Temp Read Blocks": 0,                                                              
       "Temp Written Blocks": 0,                                                           
       "Plans": [                                                                          
         {                                                                                 
           "Node Type": "Nested Loop",                                                     
           "Parent Relationship": "Outer",                                                 
           "Parallel Aware": false,                                                        
           "Join Type": "Inner",                                                           
           "Startup Cost": 0.08,                                                           
           "Total Cost": 698.32,                                                           
           "Plan Rows": 65,                                                                
           "Plan Width": 15,                                                               
           "Actual Startup Time": 3036.782,                                                
           "Actual Total Time": 1586756.218,                                               
           "Actual Rows": 258289,                                                          
           "Actual Loops": 1,                                                              
           "Inner Unique": true,                                                           
           "Shared Hit Blocks": 9313357,                                                   
           "Shared Read Blocks": 333194,                                                   
           "Shared Dirtied Blocks": 0,                                                     
           "Shared Written Blocks": 0,                                                     
           "Local Hit Blocks": 0,                                                          
           "Local Read Blocks": 0,                                                         
           "Local Dirtied Blocks": 0,                                                      
           "Local Written Blocks": 0,                                                      
           "Temp Read Blocks": 0,                                                          
           "Temp Written Blocks": 0,                                                       
           "Plans": [                                                                      
             {                                                                             
               "Node Type": "Nested Loop",                                                 
               "Parent Relationship": "Outer",                                             
               "Parallel Aware": false,                                                    
               "Join Type": "Inner",                                                       
               "Startup Cost": 0.07,                                                       
               "Total Cost": 697.21,                                                       
               "Plan Rows": 65,                                                            
               "Plan Width": 27,                                                           
               "Actual Startup Time": 2985.061,                                            
               "Actual Total Time": 1503674.872,                                           
               "Actual Rows": 258289,                                                      
               "Actual Loops": 1,                                                          
               "Inner Unique": true,                                                       
               "Shared Hit Blocks": 8294302,                                               
               "Shared Read Blocks": 317942,                                               
               "Shared Dirtied Blocks": 0,                                                 
               "Shared Written Blocks": 0,                                                 
               "Local Hit Blocks": 0,                                                      
               "Local Read Blocks": 0,                                                     
               "Local Dirtied Blocks": 0,                                                  
               "Local Written Blocks": 0,                                                  
               "Temp Read Blocks": 0,                                                      
               "Temp Written Blocks": 0,                                                   
               "Plans": [                                                                  
                 {                                                                         
                   "Node Type": "Nested Loop",                                             
                   "Parent Relationship": "Outer",                                         
                   "Parallel Aware": false,                                                
                   "Join Type": "Inner",                                                   
                   "Startup Cost": 0.06,                                                   
                   "Total Cost": 694.02,                                                   
                   "Plan Rows": 179,                                                       
                   "Plan Width": 31,                                                       
                   "Actual Startup Time": 2142.287,                                        
                   "Actual Total Time": 1468531.692,                                       
                   "Actual Rows": 702849,                                                  
                   "Actual Loops": 1,                                                      
                   "Inner Unique": false,                                                  
                   "Shared Hit Blocks": 5483298,                                           
                   "Shared Read Blocks": 314159,                                           
                   "Shared Dirtied Blocks": 0,                                             
                   "Shared Written Blocks": 0,                                             
                   "Local Hit Blocks": 0,                                                  
                   "Local Read Blocks": 0,                                                 
                   "Local Dirtied Blocks": 0,                                              
                   "Local Written Blocks": 0,                                              
                   "Temp Read Blocks": 0,                                                  
                   "Temp Written Blocks": 0,                                               
                   "Plans": [                                                              
                     {                                                                     
                       "Node Type": "Nested Loop",                                         
                       "Parent Relationship": "Outer",                                     
                       "Parallel Aware": false,                                            
                       "Join Type": "Inner",                                               
                       "Startup Cost": 0.04,                                               
                       "Total Cost": 692.53,                                               
                       "Plan Rows": 93,                                                    
                       "Plan Width": 23,                                                   
                       "Actual Startup Time": 89.140,                                      
                       "Actual Total Time": 1455070.997,                                   
                       "Actual Rows": 93315,                                               
                       "Actual Loops": 1,                                                  
                       "Inner Unique": true,                                               
                       "Shared Hit Blocks": 5052017,                                       
                       "Shared Read Blocks": 297524,                                       
                       "Shared Dirtied Blocks": 0,                                         
                       "Shared Written Blocks": 0,                                         
                       "Local Hit Blocks": 0,                                              
                       "Local Read Blocks": 0,                                             
                       "Local Dirtied Blocks": 0,                                          
                       "Local Written Blocks": 0,                                          
                       "Temp Read Blocks": 0,                                              
                       "Temp Written Blocks": 0,                                           
                       "Plans": [                                                          
                         {                                                                 
                           "Node Type": "Nested Loop",                                     
                           "Parent Relationship": "Outer",                                 
                           "Parallel Aware": false,                                        
                           "Join Type": "Inner",                                           
                           "Startup Cost": 0.03,                                           
                           "Total Cost": 670.37,                                           
                           "Plan Rows": 1131,                                              
                           "Plan Width": 12,                                               
                           "Actual Startup Time": 72.355,                                  
                           "Actual Total Time": 1116996.794,                               
                           "Actual Rows": 1038393,                                         
                           "Actual Loops": 1,                                              
                           "Inner Unique": false,                                          
                           "Shared Hit Blocks": 960432,                                    
                           "Shared Read Blocks": 228620,                                   
                           "Shared Dirtied Blocks": 0,                                     
                           "Shared Written Blocks": 0,                                     
                           "Local Hit Blocks": 0,                                          
                           "Local Read Blocks": 0,                                         
                           "Local Dirtied Blocks": 0,                                      
                           "Local Written Blocks": 0,                                      
                           "Temp Read Blocks": 0,                                          
                           "Temp Written Blocks": 0,                                       
                           "Plans": [                                                      
                             {                                                             
                               "Node Type": "Nested Loop",                                 
                               "Parent Relationship": "Outer",                             
                               "Parallel Aware": false,                                    
                               "Join Type": "Inner",                                       
                               "Startup Cost": 0.01,                                       
                               "Total Cost": 661.48,                                       
                               "Plan Rows": 34,                                            
                               "Plan Width": 4,                                            
                               "Actual Startup Time": 58.741,                              
                               "Actual Total Time": 6232.852,                              
                               "Actual Rows": 41840,                                       
                               "Actual Loops": 1,                                          
                               "Inner Unique": false,                                      
                               "Shared Hit Blocks": 5,                                     
                               "Shared Read Blocks": 12602,                                
                               "Shared Dirtied Blocks": 0,                                 
                               "Shared Written Blocks": 0,                                 
                               "Local Hit Blocks": 0,                                      
                               "Local Read Blocks": 0,                                     
                               "Local Dirtied Blocks": 0,                                  
                               "Local Written Blocks": 0,                                  
                               "Temp Read Blocks": 0,                                      
                               "Temp Written Blocks": 0,                                   
                               "Plans": [                                                  
                                 {                                                         
                                   "Node Type": "Seq Scan",                                
                                   "Parent Relationship": "Outer",                         
                                   "Parallel Aware": false,                                
                                   "Relation Name": "keyword",                             
                                   "Alias": "k",                                           
                                   "Startup Cost": 0.00,                                   
                                   "Total Cost": 49.46,                                    
                                   "Plan Rows": 1,                                         
                                   "Plan Width": 4,                                        
                                   "Actual Startup Time": 33.813,                          
                                   "Actual Total Time": 113.787,                           
                                   "Actual Rows": 1,                                       
                                   "Actual Loops": 1,                                      
                                   "Filter": "(keyword = 'character-name-in-title'::text)",
                                   "Rows Removed by Filter": 134169,                       
                                   "Shared Hit Blocks": 2,                                 
                                   "Shared Read Blocks": 947,                              
                                   "Shared Dirtied Blocks": 0,                             
                                   "Shared Written Blocks": 0,                             
                                   "Local Hit Blocks": 0,                                  
                                   "Local Read Blocks": 0,                                 
                                   "Local Dirtied Blocks": 0,                              
                                   "Local Written Blocks": 0,                              
                                   "Temp Read Blocks": 0,                                  
                                   "Temp Written Blocks": 0                                
                                 },                                                        
                                 {                                                         
                                   "Node Type": "Index Scan",                              
                                   "Parent Relationship": "Inner",                         
                                   "Parallel Aware": false,                                
                                   "Scan Direction": "Forward",                            
                                   "Index Name": "keyword_id_movie_keyword",               
                                   "Relation Name": "movie_keyword",                       
                                   "Alias": "mk",                                          
                                   "Startup Cost": 0.01,                                   
                                   "Total Cost": 122.40,                                   
                                   "Plan Rows": 39,                                        
                                   "Plan Width": 8,                                        
                                   "Actual Startup Time": 24.919,                          
                                   "Actual Total Time": 6072.978,                          
                                   "Actual Rows": 41840,                                   
                                   "Actual Loops": 1,                                      
                                   "Index Cond": "(keyword_id = k.id)",                    
                                   "Rows Removed by Index Recheck": 0,                     
                                   "Shared Hit Blocks": 3,                                 
                                   "Shared Read Blocks": 11655,                            
                                   "Shared Dirtied Blocks": 0,                             
                                   "Shared Written Blocks": 0,                             
                                   "Local Hit Blocks": 0,                                  
                                   "Local Read Blocks": 0,                                 
                                   "Local Dirtied Blocks": 0,                              
                                   "Local Written Blocks": 0,                              
                                   "Temp Read Blocks": 0,                                  
                                   "Temp Written Blocks": 0                                
                                 }                                                         
                               ]                                                           
                             },                                                            
                             {                                                             
                               "Node Type": "Index Scan",                                  
                               "Parent Relationship": "Inner",                             
                               "Parallel Aware": false,                                    
                               "Scan Direction": "Forward",                                
                               "Index Name": "movie_id_cast_info",                         
                               "Relation Name": "cast_info",                               
                               "Alias": "ci",                                              
                               "Startup Cost": 0.02,                                       
                               "Total Cost": 0.26,                                         
                               "Plan Rows": 23,                                            
                               "Plan Width": 8,                                            
                               "Actual Startup Time": 2.459,                               
                               "Actual Total Time": 26.520,                                
                               "Actual Rows": 25,                                          
                               "Actual Loops": 41840,                                      
                               "Index Cond": "(movie_id = mk.movie_id)",                   
                               "Rows Removed by Index Recheck": 0,                         
                               "Shared Hit Blocks": 960427,                                
                               "Shared Read Blocks": 216018,                               
                               "Shared Dirtied Blocks": 0,                                 
                               "Shared Written Blocks": 0,                                 
                               "Local Hit Blocks": 0,                                      
                               "Local Read Blocks": 0,                                     
                               "Local Dirtied Blocks": 0,                                  
                               "Local Written Blocks": 0,                                  
                               "Temp Read Blocks": 0,                                      
                               "Temp Written Blocks": 0                                    
                             }                                                             
                           ]                                                               
                         },                                                                
                         {                                                                 
                           "Node Type": "Index Scan",                                      
                           "Parent Relationship": "Inner",                                 
                           "Parallel Aware": false,                                        
                           "Scan Direction": "Forward",                                    
                           "Index Name": "name_pkey",                                      
                           "Relation Name": "name",                                        
                           "Alias": "n",                                                   
                           "Startup Cost": 0.01,                                           
                           "Total Cost": 0.02,                                             
                           "Plan Rows": 1,                                                 
                           "Plan Width": 19,                                               
                           "Actual Startup Time": 0.324,                                   
                           "Actual Total Time": 0.324,                                     
                           "Actual Rows": 0,                                               
                           "Actual Loops": 1038393,                                        
                           "Index Cond": "(id = ci.person_id)",                            
                           "Rows Removed by Index Recheck": 0,                             
                           "Filter": "(name ~~ 'B%'::text)",                               
                           "Rows Removed by Filter": 1,                                    
                           "Shared Hit Blocks": 4091585,                                   
                           "Shared Read Blocks": 68904,                                    
                           "Shared Dirtied Blocks": 0,                                     
                           "Shared Written Blocks": 0,                                     
                           "Local Hit Blocks": 0,                                          
                           "Local Read Blocks": 0,                                         
                           "Local Dirtied Blocks": 0,                                      
                           "Local Written Blocks": 0,                                      
                           "Temp Read Blocks": 0,                                          
                           "Temp Written Blocks": 0                                        
                         }                                                                 
                       ]                                                                   
                     },                                                                    
                     {                                                                     
                       "Node Type": "Index Scan",                                          
                       "Parent Relationship": "Inner",                                     
                       "Parallel Aware": false,                                            
                       "Scan Direction": "Forward",                                        
                       "Index Name": "movie_id_movie_companies",                           
                       "Relation Name": "movie_companies",                                 
                       "Alias": "mc",                                                      
                       "Startup Cost": 0.01,                                               
                       "Total Cost": 0.02,                                                 
                       "Plan Rows": 2,                                                     
                       "Plan Width": 8,                                                    
                       "Actual Startup Time": 0.102,                                       
                       "Actual Total Time": 0.138,                                         
                       "Actual Rows": 8,                                                   
                       "Actual Loops": 93315,                                              
                       "Index Cond": "(movie_id = ci.movie_id)",                           
                       "Rows Removed by Index Recheck": 0,                                 
                       "Shared Hit Blocks": 431281,                                        
                       "Shared Read Blocks": 16635,                                        
                       "Shared Dirtied Blocks": 0,                                         
                       "Shared Written Blocks": 0,                                         
                       "Local Hit Blocks": 0,                                              
                       "Local Read Blocks": 0,                                             
                       "Local Dirtied Blocks": 0,                                          
                       "Local Written Blocks": 0,                                          
                       "Temp Read Blocks": 0,                                              
                       "Temp Written Blocks": 0                                            
                     }                                                                     
                   ]                                                                       
                 },                                                                        
                 {                                                                         
                   "Node Type": "Index Scan",                                              
                   "Parent Relationship": "Inner",                                         
                   "Parallel Aware": false,                                                
                   "Scan Direction": "Forward",                                            
                   "Index Name": "company_name_pkey",                                      
                   "Relation Name": "company_name",                                        
                   "Alias": "cn",                                                          
                   "Startup Cost": 0.01,                                                   
                   "Total Cost": 0.02,                                                     
                   "Plan Rows": 1,                                                         
                   "Plan Width": 4,                                                        
                   "Actual Startup Time": 0.049,                                           
                   "Actual Total Time": 0.049,                                             
                   "Actual Rows": 0,                                                       
                   "Actual Loops": 702849,                                                 
                   "Index Cond": "(id = mc.company_id)",                                   
                   "Rows Removed by Index Recheck": 0,                                     
                   "Filter": "((country_code)::text = '[us]'::text)",                      
                   "Rows Removed by Filter": 1,                                            
                   "Shared Hit Blocks": 2811004,                                           
                   "Shared Read Blocks": 3783,                                             
                   "Shared Dirtied Blocks": 0,                                             
                   "Shared Written Blocks": 0,                                             
                   "Local Hit Blocks": 0,                                                  
                   "Local Read Blocks": 0,                                                 
                   "Local Dirtied Blocks": 0,                                              
                   "Local Written Blocks": 0,                                              
                   "Temp Read Blocks": 0,                                                  
                   "Temp Written Blocks": 0                                                
                 }                                                                         
               ]                                                                           
             },                                                                            
             {                                                                             
               "Node Type": "Index Scan",                                                  
               "Parent Relationship": "Inner",                                             
               "Parallel Aware": false,                                                    
               "Scan Direction": "Forward",                                                
               "Index Name": "title_idx_id",                                               
               "Relation Name": "title",                                                   
               "Alias": "t",                                                               
               "Startup Cost": 0.01,                                                       
               "Total Cost": 0.02,                                                         
               "Plan Rows": 1,                                                             
               "Plan Width": 4,                                                            
               "Actual Startup Time": 0.320,                                               
               "Actual Total Time": 0.320,                                                 
               "Actual Rows": 1,                                                           
               "Actual Loops": 258289,                                                     
               "Index Cond": "(id = ci.movie_id)",                                         
               "Rows Removed by Index Recheck": 0,                                         
               "Shared Hit Blocks": 1019055,                                               
               "Shared Read Blocks": 15252,                                                
               "Shared Dirtied Blocks": 0,                                                 
               "Shared Written Blocks": 0,                                                 
               "Local Hit Blocks": 0,                                                      
               "Local Read Blocks": 0,                                                     
               "Local Dirtied Blocks": 0,                                                  
               "Local Written Blocks": 0,                                                  
               "Temp Read Blocks": 0,                                                      
               "Temp Written Blocks": 0                                                    
             }                                                                             
           ]                                                                               
         }                                                                                 
       ]                                                                                   
     },                                                                                    
     "Planning Time": 5917.603,                                                            
     "Triggers": [                                                                         
     ],                                                                                    
     "Execution Time": 1587080.010                                                         
   }                                                                                       
 ]
