 [                                                                                         
   {                                                                                       
     "Plan": {                                                                             
       "Node Type": "Aggregate",                                                           
       "Strategy": "Plain",                                                                
       "Partial Mode": "Simple",                                                           
       "Parallel Aware": false,                                                            
       "Startup Cost": 692.71,                                                             
       "Total Cost": 692.71,                                                               
       "Plan Rows": 1,                                                                     
       "Plan Width": 32,                                                                   
       "Actual Startup Time": 1511206.100,                                                 
       "Actual Total Time": 1511206.100,                                                   
       "Actual Rows": 1,                                                                   
       "Actual Loops": 1,                                                                  
       "Shared Hit Blocks": 5145979,                                                       
       "Shared Read Blocks": 305556,                                                       
       "Shared Dirtied Blocks": 0,                                                         
       "Shared Written Blocks": 0,                                                         
       "Local Hit Blocks": 0,                                                              
       "Local Read Blocks": 0,                                                             
       "Local Dirtied Blocks": 0,                                                          
       "Local Written Blocks": 0,                                                          
       "Temp Read Blocks": 0,                                                              
       "Temp Written Blocks": 0,                                                           
       "Plans": [                                                                          
         {                                                                                 
           "Node Type": "Nested Loop",                                                     
           "Parent Relationship": "Outer",                                                 
           "Parallel Aware": false,                                                        
           "Join Type": "Inner",                                                           
           "Startup Cost": 0.08,                                                           
           "Total Cost": 692.71,                                                           
           "Plan Rows": 3,                                                                 
           "Plan Width": 15,                                                               
           "Actual Startup Time": 38281.822,                                               
           "Actual Total Time": 1511180.860,                                               
           "Actual Rows": 11538,                                                           
           "Actual Loops": 1,                                                              
           "Inner Unique": true,                                                           
           "Shared Hit Blocks": 5145979,                                                   
           "Shared Read Blocks": 305556,                                                   
           "Shared Dirtied Blocks": 0,                                                     
           "Shared Written Blocks": 0,                                                     
           "Local Hit Blocks": 0,                                                          
           "Local Read Blocks": 0,                                                         
           "Local Dirtied Blocks": 0,                                                      
           "Local Written Blocks": 0,                                                      
           "Temp Read Blocks": 0,                                                          
           "Temp Written Blocks": 0,                                                       
           "Plans": [                                                                      
             {                                                                             
               "Node Type": "Nested Loop",                                                 
               "Parent Relationship": "Outer",                                             
               "Parallel Aware": false,                                                    
               "Join Type": "Inner",                                                       
               "Startup Cost": 0.07,                                                       
               "Total Cost": 692.66,                                                       
               "Plan Rows": 3,                                                             
               "Plan Width": 27,                                                           
               "Actual Startup Time": 38240.318,                                           
               "Actual Total Time": 1487052.441,                                           
               "Actual Rows": 11538,                                                       
               "Actual Loops": 1,                                                          
               "Inner Unique": true,                                                       
               "Shared Hit Blocks": 5102350,                                               
               "Shared Read Blocks": 303022,                                               
               "Shared Dirtied Blocks": 0,                                                 
               "Shared Written Blocks": 0,                                                 
               "Local Hit Blocks": 0,                                                      
               "Local Read Blocks": 0,                                                     
               "Local Dirtied Blocks": 0,                                                  
               "Local Written Blocks": 0,                                                  
               "Temp Read Blocks": 0,                                                      
               "Temp Written Blocks": 0,                                                   
               "Plans": [                                                                  
                 {                                                                         
                   "Node Type": "Nested Loop",                                             
                   "Parent Relationship": "Outer",                                         
                   "Parallel Aware": false,                                                
                   "Join Type": "Inner",                                                   
                   "Startup Cost": 0.06,                                                   
                   "Total Cost": 692.61,                                                   
                   "Plan Rows": 3,                                                         
                   "Plan Width": 31,                                                       
                   "Actual Startup Time": 38234.403,                                       
                   "Actual Total Time": 1461928.225,                                       
                   "Actual Rows": 11538,                                                   
                   "Actual Loops": 1,                                                      
                   "Inner Unique": false,                                                  
                   "Shared Hit Blocks": 5058391,                                           
                   "Shared Read Blocks": 300794,                                           
                   "Shared Dirtied Blocks": 0,                                             
                   "Shared Written Blocks": 0,                                             
                   "Local Hit Blocks": 0,                                                  
                   "Local Read Blocks": 0,                                                 
                   "Local Dirtied Blocks": 0,                                              
                   "Local Written Blocks": 0,                                              
                   "Temp Read Blocks": 0,                                                  
                   "Temp Written Blocks": 0,                                               
                   "Plans": [                                                              
                     {                                                                     
                       "Node Type": "Nested Loop",                                         
                       "Parent Relationship": "Outer",                                     
                       "Parallel Aware": false,                                            
                       "Join Type": "Inner",                                               
                       "Startup Cost": 0.04,                                               
                       "Total Cost": 692.53,                                               
                       "Plan Rows": 1,                                                     
                       "Plan Width": 23,                                                   
                       "Actual Startup Time": 38205.782,                                   
                       "Actual Total Time": 1442499.239,                                   
                       "Actual Rows": 1972,                                                
                       "Actual Loops": 1,                                                  
                       "Inner Unique": true,                                               
                       "Shared Hit Blocks": 5052317,                                       
                       "Shared Read Blocks": 297524,                                       
                       "Shared Dirtied Blocks": 0,                                         
                       "Shared Written Blocks": 0,                                         
                       "Local Hit Blocks": 0,                                              
                       "Local Read Blocks": 0,                                             
                       "Local Dirtied Blocks": 0,                                          
                       "Local Written Blocks": 0,                                          
                       "Temp Read Blocks": 0,                                              
                       "Temp Written Blocks": 0,                                           
                       "Plans": [                                                          
                         {                                                                 
                           "Node Type": "Nested Loop",                                     
                           "Parent Relationship": "Outer",                                 
                           "Parallel Aware": false,                                        
                           "Join Type": "Inner",                                           
                           "Startup Cost": 0.03,                                           
                           "Total Cost": 670.37,                                           
                           "Plan Rows": 1131,                                              
                           "Plan Width": 12,                                               
                           "Actual Startup Time": 68.818,                                  
                           "Actual Total Time": 1105494.470,                               
                           "Actual Rows": 1038393,                                         
                           "Actual Loops": 1,                                              
                           "Inner Unique": false,                                          
                           "Shared Hit Blocks": 960432,                                    
                           "Shared Read Blocks": 228620,                                   
                           "Shared Dirtied Blocks": 0,                                     
                           "Shared Written Blocks": 0,                                     
                           "Local Hit Blocks": 0,                                          
                           "Local Read Blocks": 0,                                         
                           "Local Dirtied Blocks": 0,                                      
                           "Local Written Blocks": 0,                                      
                           "Temp Read Blocks": 0,                                          
                           "Temp Written Blocks": 0,                                       
                           "Plans": [                                                      
                             {                                                             
                               "Node Type": "Nested Loop",                                 
                               "Parent Relationship": "Outer",                             
                               "Parallel Aware": false,                                    
                               "Join Type": "Inner",                                       
                               "Startup Cost": 0.01,                                       
                               "Total Cost": 661.48,                                       
                               "Plan Rows": 34,                                            
                               "Plan Width": 4,                                            
                               "Actual Startup Time": 55.218,                              
                               "Actual Total Time": 5760.857,                              
                               "Actual Rows": 41840,                                       
                               "Actual Loops": 1,                                          
                               "Inner Unique": false,                                      
                               "Shared Hit Blocks": 5,                                     
                               "Shared Read Blocks": 12602,                                
                               "Shared Dirtied Blocks": 0,                                 
                               "Shared Written Blocks": 0,                                 
                               "Local Hit Blocks": 0,                                      
                               "Local Read Blocks": 0,                                     
                               "Local Dirtied Blocks": 0,                                  
                               "Local Written Blocks": 0,                                  
                               "Temp Read Blocks": 0,                                      
                               "Temp Written Blocks": 0,                                   
                               "Plans": [                                                  
                                 {                                                         
                                   "Node Type": "Seq Scan",                                
                                   "Parent Relationship": "Outer",                         
                                   "Parallel Aware": false,                                
                                   "Relation Name": "keyword",                             
                                   "Alias": "k",                                           
                                   "Startup Cost": 0.00,                                   
                                   "Total Cost": 49.46,                                    
                                   "Plan Rows": 1,                                         
                                   "Plan Width": 4,                                        
                                   "Actual Startup Time": 30.256,                          
                                   "Actual Total Time": 111.200,                           
                                   "Actual Rows": 1,                                       
                                   "Actual Loops": 1,                                      
                                   "Filter": "(keyword = 'character-name-in-title'::text)",
                                   "Rows Removed by Filter": 134169,                       
                                   "Shared Hit Blocks": 2,                                 
                                   "Shared Read Blocks": 947,                              
                                   "Shared Dirtied Blocks": 0,                             
                                   "Shared Written Blocks": 0,                             
                                   "Local Hit Blocks": 0,                                  
                                   "Local Read Blocks": 0,                                 
                                   "Local Dirtied Blocks": 0,                              
                                   "Local Written Blocks": 0,                              
                                   "Temp Read Blocks": 0,                                  
                                   "Temp Written Blocks": 0                                
                                 },                                                        
                                 {                                                         
                                   "Node Type": "Index Scan",                              
                                   "Parent Relationship": "Inner",                         
                                   "Parallel Aware": false,                                
                                   "Scan Direction": "Forward",                            
                                   "Index Name": "keyword_id_movie_keyword",               
                                   "Relation Name": "movie_keyword",                       
                                   "Alias": "mk",                                          
                                   "Startup Cost": 0.01,                                   
                                   "Total Cost": 122.40,                                   
                                   "Plan Rows": 39,                                        
                                   "Plan Width": 8,                                        
                                   "Actual Startup Time": 24.952,                          
                                   "Actual Total Time": 5603.516,                          
                                   "Actual Rows": 41840,                                   
                                   "Actual Loops": 1,                                      
                                   "Index Cond": "(keyword_id = k.id)",                    
                                   "Rows Removed by Index Recheck": 0,                     
                                   "Shared Hit Blocks": 3,                                 
                                   "Shared Read Blocks": 11655,                            
                                   "Shared Dirtied Blocks": 0,                             
                                   "Shared Written Blocks": 0,                             
                                   "Local Hit Blocks": 0,                                  
                                   "Local Read Blocks": 0,                                 
                                   "Local Dirtied Blocks": 0,                              
                                   "Local Written Blocks": 0,                              
                                   "Temp Read Blocks": 0,                                  
                                   "Temp Written Blocks": 0                                
                                 }                                                         
                               ]                                                           
                             },                                                            
                             {                                                             
                               "Node Type": "Index Scan",                                  
                               "Parent Relationship": "Inner",                             
                               "Parallel Aware": false,                                    
                               "Scan Direction": "Forward",                                
                               "Index Name": "movie_id_cast_info",                         
                               "Relation Name": "cast_info",                               
                               "Alias": "ci",                                              
                               "Startup Cost": 0.02,                                       
                               "Total Cost": 0.26,                                         
                               "Plan Rows": 23,                                            
                               "Plan Width": 8,                                            
                               "Actual Startup Time": 2.449,                               
                               "Actual Total Time": 26.256,                                
                               "Actual Rows": 25,                                          
                               "Actual Loops": 41840,                                      
                               "Index Cond": "(movie_id = mk.movie_id)",                   
                               "Rows Removed by Index Recheck": 0,                         
                               "Shared Hit Blocks": 960427,                                
                               "Shared Read Blocks": 216018,                               
                               "Shared Dirtied Blocks": 0,                                 
                               "Shared Written Blocks": 0,                                 
                               "Local Hit Blocks": 0,                                      
                               "Local Read Blocks": 0,                                     
                               "Local Dirtied Blocks": 0,                                  
                               "Local Written Blocks": 0,                                  
                               "Temp Read Blocks": 0,                                      
                               "Temp Written Blocks": 0                                    
                             }                                                             
                           ]                                                               
                         },                                                                
                         {                                                                 
                           "Node Type": "Index Scan",                                      
                           "Parent Relationship": "Inner",                                 
                           "Parallel Aware": false,                                        
                           "Scan Direction": "Forward",                                    
                           "Index Name": "name_pkey",                                      
                           "Relation Name": "name",                                        
                           "Alias": "n",                                                   
                           "Startup Cost": 0.01,                                           
                           "Total Cost": 0.02,                                             
                           "Plan Rows": 1,                                                 
                           "Plan Width": 19,                                               
                           "Actual Startup Time": 0.323,                                   
                           "Actual Total Time": 0.323,                                     
                           "Actual Rows": 0,                                               
                           "Actual Loops": 1038393,                                        
                           "Index Cond": "(id = ci.person_id)",                            
                           "Rows Removed by Index Recheck": 0,                             
                           "Filter": "(name ~~ '%Bert%'::text)",                           
                           "Rows Removed by Filter": 1,                                    
                           "Shared Hit Blocks": 4091885,                                   
                           "Shared Read Blocks": 68904,                                    
                           "Shared Dirtied Blocks": 0,                                     
                           "Shared Written Blocks": 0,                                     
                           "Local Hit Blocks": 0,                                          
                           "Local Read Blocks": 0,                                         
                           "Local Dirtied Blocks": 0,                                      
                           "Local Written Blocks": 0,                                      
                           "Temp Read Blocks": 0,                                          
                           "Temp Written Blocks": 0                                        
                         }                                                                 
                       ]                                                                   
                     },                                                                    
                     {                                                                     
                       "Node Type": "Index Scan",                                          
                       "Parent Relationship": "Inner",                                     
                       "Parallel Aware": false,                                            
                       "Scan Direction": "Forward",                                        
                       "Index Name": "movie_id_movie_companies",                           
                       "Relation Name": "movie_companies",                                 
                       "Alias": "mc",                                                      
                       "Startup Cost": 0.01,                                               
                       "Total Cost": 0.02,                                                 
                       "Plan Rows": 2,                                                     
                       "Plan Width": 8,                                                    
                       "Actual Startup Time": 8.040,                                       
                       "Actual Total Time": 9.842,                                         
                       "Actual Rows": 6,                                                   
                       "Actual Loops": 1972,                                               
                       "Index Cond": "(movie_id = ci.movie_id)",                           
                       "Rows Removed by Index Recheck": 0,                                 
                       "Shared Hit Blocks": 6074,                                          
                       "Shared Read Blocks": 3270,                                         
                       "Shared Dirtied Blocks": 0,                                         
                       "Shared Written Blocks": 0,                                         
                       "Local Hit Blocks": 0,                                              
                       "Local Read Blocks": 0,                                             
                       "Local Dirtied Blocks": 0,                                          
                       "Local Written Blocks": 0,                                          
                       "Temp Read Blocks": 0,                                              
                       "Temp Written Blocks": 0                                            
                     }                                                                     
                   ]                                                                       
                 },                                                                        
                 {                                                                         
                   "Node Type": "Index Scan",                                              
                   "Parent Relationship": "Inner",                                         
                   "Parallel Aware": false,                                                
                   "Scan Direction": "Forward",                                            
                   "Index Name": "company_name_pkey",                                      
                   "Relation Name": "company_name",                                        
                   "Alias": "cn",                                                          
                   "Startup Cost": 0.01,                                                   
                   "Total Cost": 0.02,                                                     
                   "Plan Rows": 1,                                                         
                   "Plan Width": 4,                                                        
                   "Actual Startup Time": 2.174,                                           
                   "Actual Total Time": 2.174,                                             
                   "Actual Rows": 1,                                                       
                   "Actual Loops": 11538,                                                  
                   "Index Cond": "(id = mc.company_id)",                                   
                   "Rows Removed by Index Recheck": 0,                                     
                   "Shared Hit Blocks": 43959,                                             
                   "Shared Read Blocks": 2228,                                             
                   "Shared Dirtied Blocks": 0,                                             
                   "Shared Written Blocks": 0,                                             
                   "Local Hit Blocks": 0,                                                  
                   "Local Read Blocks": 0,                                                 
                   "Local Dirtied Blocks": 0,                                              
                   "Local Written Blocks": 0,                                              
                   "Temp Read Blocks": 0,                                                  
                   "Temp Written Blocks": 0                                                
                 }                                                                         
               ]                                                                           
             },                                                                            
             {                                                                             
               "Node Type": "Index Scan",                                                  
               "Parent Relationship": "Inner",                                             
               "Parallel Aware": false,                                                    
               "Scan Direction": "Forward",                                                
               "Index Name": "title_idx_id",                                               
               "Relation Name": "title",                                                   
               "Alias": "t",                                                               
               "Startup Cost": 0.01,                                                       
               "Total Cost": 0.02,                                                         
               "Plan Rows": 1,                                                             
               "Plan Width": 4,                                                            
               "Actual Startup Time": 2.088,                                               
               "Actual Total Time": 2.088,                                                 
               "Actual Rows": 1,                                                           
               "Actual Loops": 11538,                                                      
               "Index Cond": "(id = ci.movie_id)",                                         
               "Rows Removed by Index Recheck": 0,                                         
               "Shared Hit Blocks": 43629,                                                 
               "Shared Read Blocks": 2534,                                                 
               "Shared Dirtied Blocks": 0,                                                 
               "Shared Written Blocks": 0,                                                 
               "Local Hit Blocks": 0,                                                      
               "Local Read Blocks": 0,                                                     
               "Local Dirtied Blocks": 0,                                                  
               "Local Written Blocks": 0,                                                  
               "Temp Read Blocks": 0,                                                      
               "Temp Written Blocks": 0                                                    
             }                                                                             
           ]                                                                               
         }                                                                                 
       ]                                                                                   
     },                                                                                    
     "Planning Time": 5821.241,                                                            
     "Triggers": [                                                                         
     ],                                                                                    
     "Execution Time": 1511206.646                                                         
   }                                                                                       
 ]
