 [                                                                                                                                                                           
   {                                                                                                                                                                         
     "Plan": {                                                                                                                                                               
       "Node Type": "Aggregate",                                                                                                                                             
       "Strategy": "Plain",                                                                                                                                                  
       "Partial Mode": "Simple",                                                                                                                                             
       "Parallel Aware": false,                                                                                                                                              
       "Startup Cost": 1062.53,                                                                                                                                              
       "Total Cost": 1062.53,                                                                                                                                                
       "Plan Rows": 1,                                                                                                                                                       
       "Plan Width": 32,                                                                                                                                                     
       "Actual Startup Time": 1035659.592,                                                                                                                                   
       "Actual Total Time": 1035659.592,                                                                                                                                     
       "Actual Rows": 1,                                                                                                                                                     
       "Actual Loops": 1,                                                                                                                                                    
       "Shared Hit Blocks": 1549091,                                                                                                                                         
       "Shared Read Blocks": 196315,                                                                                                                                         
       "Shared Dirtied Blocks": 0,                                                                                                                                           
       "Shared Written Blocks": 0,                                                                                                                                           
       "Local Hit Blocks": 0,                                                                                                                                                
       "Local Read Blocks": 0,                                                                                                                                               
       "Local Dirtied Blocks": 0,                                                                                                                                            
       "Local Written Blocks": 0,                                                                                                                                            
       "Temp Read Blocks": 0,                                                                                                                                                
       "Temp Written Blocks": 0,                                                                                                                                             
       "Plans": [                                                                                                                                                            
         {                                                                                                                                                                   
           "Node Type": "Nested Loop",                                                                                                                                       
           "Parent Relationship": "Outer",                                                                                                                                   
           "Parallel Aware": false,                                                                                                                                          
           "Join Type": "Inner",                                                                                                                                             
           "Startup Cost": 0.08,                                                                                                                                             
           "Total Cost": 1062.53,                                                                                                                                            
           "Plan Rows": 1,                                                                                                                                                   
           "Plan Width": 17,                                                                                                                                                 
           "Actual Startup Time": 64347.134,                                                                                                                                 
           "Actual Total Time": 1035659.386,                                                                                                                                 
           "Actual Rows": 33,                                                                                                                                                
           "Actual Loops": 1,                                                                                                                                                
           "Inner Unique": true,                                                                                                                                             
           "Shared Hit Blocks": 1549091,                                                                                                                                     
           "Shared Read Blocks": 196315,                                                                                                                                     
           "Shared Dirtied Blocks": 0,                                                                                                                                       
           "Shared Written Blocks": 0,                                                                                                                                       
           "Local Hit Blocks": 0,                                                                                                                                            
           "Local Read Blocks": 0,                                                                                                                                           
           "Local Dirtied Blocks": 0,                                                                                                                                        
           "Local Written Blocks": 0,                                                                                                                                        
           "Temp Read Blocks": 0,                                                                                                                                            
           "Temp Written Blocks": 0,                                                                                                                                         
           "Plans": [                                                                                                                                                        
             {                                                                                                                                                               
               "Node Type": "Nested Loop",                                                                                                                                   
               "Parent Relationship": "Outer",                                                                                                                               
               "Parallel Aware": false,                                                                                                                                      
               "Join Type": "Inner",                                                                                                                                         
               "Startup Cost": 0.07,                                                                                                                                         
               "Total Cost": 1062.43,                                                                                                                                        
               "Plan Rows": 1,                                                                                                                                               
               "Plan Width": 21,                                                                                                                                             
               "Actual Startup Time": 64323.973,                                                                                                                             
               "Actual Total Time": 1035589.470,                                                                                                                             
               "Actual Rows": 33,                                                                                                                                            
               "Actual Loops": 1,                                                                                                                                            
               "Inner Unique": true,                                                                                                                                         
               "Shared Hit Blocks": 1548973,                                                                                                                                 
               "Shared Read Blocks": 196301,                                                                                                                                 
               "Shared Dirtied Blocks": 0,                                                                                                                                   
               "Shared Written Blocks": 0,                                                                                                                                   
               "Local Hit Blocks": 0,                                                                                                                                        
               "Local Read Blocks": 0,                                                                                                                                       
               "Local Dirtied Blocks": 0,                                                                                                                                    
               "Local Written Blocks": 0,                                                                                                                                    
               "Temp Read Blocks": 0,                                                                                                                                        
               "Temp Written Blocks": 0,                                                                                                                                     
               "Plans": [                                                                                                                                                    
                 {                                                                                                                                                           
                   "Node Type": "Nested Loop",                                                                                                                               
                   "Parent Relationship": "Outer",                                                                                                                           
                   "Parallel Aware": false,                                                                                                                                  
                   "Join Type": "Inner",                                                                                                                                     
                   "Startup Cost": 0.06,                                                                                                                                     
                   "Total Cost": 1062.32,                                                                                                                                    
                   "Plan Rows": 6,                                                                                                                                           
                   "Plan Width": 25,                                                                                                                                         
                   "Actual Startup Time": 1837.600,                                                                                                                          
                   "Actual Total Time": 819480.896,                                                                                                                          
                   "Actual Rows": 532809,                                                                                                                                    
                   "Actual Loops": 1,                                                                                                                                        
                   "Inner Unique": false,                                                                                                                                    
                   "Join Filter": "(t.id = ci.movie_id)",                                                                                                                    
                   "Rows Removed by Join Filter": 0,                                                                                                                         
                   "Shared Hit Blocks": 570749,                                                                                                                              
                   "Shared Read Blocks": 152341,                                                                                                                             
                   "Shared Dirtied Blocks": 0,                                                                                                                               
                   "Shared Written Blocks": 0,                                                                                                                               
                   "Local Hit Blocks": 0,                                                                                                                                    
                   "Local Read Blocks": 0,                                                                                                                                   
                   "Local Dirtied Blocks": 0,                                                                                                                                
                   "Local Written Blocks": 0,                                                                                                                                
                   "Temp Read Blocks": 0,                                                                                                                                    
                   "Temp Written Blocks": 0,                                                                                                                                 
                   "Plans": [                                                                                                                                                
                     {                                                                                                                                                       
                       "Node Type": "Nested Loop",                                                                                                                           
                       "Parent Relationship": "Outer",                                                                                                                       
                       "Parallel Aware": false,                                                                                                                              
                       "Join Type": "Inner",                                                                                                                                 
                       "Startup Cost": 0.04,                                                                                                                                 
                       "Total Cost": 1061.00,                                                                                                                                
                       "Plan Rows": 1,                                                                                                                                       
                       "Plan Width": 29,                                                                                                                                     
                       "Actual Startup Time": 1809.596,                                                                                                                      
                       "Actual Total Time": 74221.509,                                                                                                                       
                       "Actual Rows": 6016,                                                                                                                                  
                       "Actual Loops": 1,                                                                                                                                    
                       "Inner Unique": true,                                                                                                                                 
                       "Join Filter": "(t.kind_id = kt.id)",                                                                                                                 
                       "Rows Removed by Join Filter": 1347,                                                                                                                  
                       "Shared Hit Blocks": 154693,                                                                                                                          
                       "Shared Read Blocks": 24572,                                                                                                                          
                       "Shared Dirtied Blocks": 0,                                                                                                                           
                       "Shared Written Blocks": 0,                                                                                                                           
                       "Local Hit Blocks": 0,                                                                                                                                
                       "Local Read Blocks": 0,                                                                                                                               
                       "Local Dirtied Blocks": 0,                                                                                                                            
                       "Local Written Blocks": 0,                                                                                                                            
                       "Temp Read Blocks": 0,                                                                                                                                
                       "Temp Written Blocks": 0,                                                                                                                             
                       "Plans": [                                                                                                                                            
                         {                                                                                                                                                   
                           "Node Type": "Nested Loop",                                                                                                                       
                           "Parent Relationship": "Outer",                                                                                                                   
                           "Parallel Aware": false,                                                                                                                          
                           "Join Type": "Inner",                                                                                                                             
                           "Startup Cost": 0.04,                                                                                                                             
                           "Total Cost": 1060.97,                                                                                                                            
                           "Plan Rows": 5,                                                                                                                                   
                           "Plan Width": 33,                                                                                                                                 
                           "Actual Startup Time": 159.288,                                                                                                                   
                           "Actual Total Time": 74194.498,                                                                                                                   
                           "Actual Rows": 7363,                                                                                                                              
                           "Actual Loops": 1,                                                                                                                                
                           "Inner Unique": true,                                                                                                                             
                           "Shared Hit Blocks": 154692,                                                                                                                      
                           "Shared Read Blocks": 24572,                                                                                                                      
                           "Shared Dirtied Blocks": 0,                                                                                                                       
                           "Shared Written Blocks": 0,                                                                                                                       
                           "Local Hit Blocks": 0,                                                                                                                            
                           "Local Read Blocks": 0,                                                                                                                           
                           "Local Dirtied Blocks": 0,                                                                                                                        
                           "Local Written Blocks": 0,                                                                                                                        
                           "Temp Read Blocks": 0,                                                                                                                            
                           "Temp Written Blocks": 0,                                                                                                                         
                           "Plans": [                                                                                                                                        
                             {                                                                                                                                               
                               "Node Type": "Nested Loop",                                                                                                                   
                               "Parent Relationship": "Outer",                                                                                                               
                               "Parallel Aware": false,                                                                                                                      
                               "Join Type": "Inner",                                                                                                                         
                               "Startup Cost": 0.03,                                                                                                                         
                               "Total Cost": 1060.76,                                                                                                                        
                               "Plan Rows": 5,                                                                                                                               
                               "Plan Width": 8,                                                                                                                              
                               "Actual Startup Time": 113.481,                                                                                                               
                               "Actual Total Time": 23826.156,                                                                                                               
                               "Actual Rows": 8765,                                                                                                                          
                               "Actual Loops": 1,                                                                                                                            
                               "Inner Unique": true,                                                                                                                         
                               "Join Filter": "(cc.status_id = cct.id)",                                                                                                    
                               "Rows Removed by Join Filter": 4311,                                                                                                          
                               "Shared Hit Blocks": 127305,                                                                                                                  
                               "Shared Read Blocks": 16879,                                                                                                                  
                               "Shared Dirtied Blocks": 0,                                                                                                                   
                               "Shared Written Blocks": 0,                                                                                                                   
                               "Local Hit Blocks": 0,                                                                                                                        
                               "Local Read Blocks": 0,                                                                                                                       
                               "Local Dirtied Blocks": 0,                                                                                                                    
                               "Local Written Blocks": 0,                                                                                                                    
                               "Temp Read Blocks": 0,                                                                                                                        
                               "Temp Written Blocks": 0,                                                                                                                     
                               "Plans": [                                                                                                                                    
                                 {                                                                                                                                           
                                   "Node Type": "Nested Loop",                                                                                                               
                                   "Parent Relationship": "Outer",                                                                                                           
                                   "Parallel Aware": false,                                                                                                                  
                                   "Join Type": "Inner",                                                                                                                     
                                   "Startup Cost": 0.03,                                                                                                                     
                                   "Total Cost": 1060.72,                                                                                                                    
                                   "Plan Rows": 20,                                                                                                                          
                                   "Plan Width": 12,                                                                                                                         
                                   "Actual Startup Time": 113.457,                                                                                                           
                                   "Actual Total Time": 23804.135,                                                                                                           
                                   "Actual Rows": 8765,                                                                                                                      
                                   "Actual Loops": 1,                                                                                                                        
                                   "Inner Unique": true,                                                                                                                     
                                   "Join Filter": "(cc.subject_id = cct.id)",                                                                                               
                                   "Rows Removed by Join Filter": 4045,                                                                                                      
                                   "Shared Hit Blocks": 127304,                                                                                                              
                                   "Shared Read Blocks": 16879,                                                                                                              
                                   "Shared Dirtied Blocks": 0,                                                                                                               
                                   "Shared Written Blocks": 0,                                                                                                               
                                   "Local Hit Blocks": 0,                                                                                                                    
                                   "Local Read Blocks": 0,                                                                                                                   
                                   "Local Dirtied Blocks": 0,                                                                                                                
                                   "Local Written Blocks": 0,                                                                                                                
                                   "Temp Read Blocks": 0,                                                                                                                    
                                   "Temp Written Blocks": 0,                                                                                                                 
                                   "Plans": [                                                                                                                                
                                     {                                                                                                                                       
                                       "Node Type": "Nested Loop",                                                                                                           
                                       "Parent Relationship": "Outer",                                                                                                       
                                       "Parallel Aware": false,                                                                                                              
                                       "Join Type": "Inner",                                                                                                                 
                                       "Startup Cost": 0.03,                                                                                                                 
                                       "Total Cost": 1060.67,                                                                                                                
                                       "Plan Rows": 82,                                                                                                                      
                                       "Plan Width": 16,                                                                                                                     
                                       "Actual Startup Time": 113.419,                                                                                                       
                                       "Actual Total Time": 23765.948,                                                                                                       
                                       "Actual Rows": 12810,                                                                                                                 
                                       "Actual Loops": 1,                                                                                                                    
                                       "Inner Unique": false,                                                                                                                
                                       "Shared Hit Blocks": 127303,                                                                                                          
                                       "Shared Read Blocks": 16879,                                                                                                          
                                       "Shared Dirtied Blocks": 0,                                                                                                           
                                       "Shared Written Blocks": 0,                                                                                                           
                                       "Local Hit Blocks": 0,                                                                                                                
                                       "Local Read Blocks": 0,                                                                                                               
                                       "Local Dirtied Blocks": 0,                                                                                                            
                                       "Local Written Blocks": 0,                                                                                                            
                                       "Temp Read Blocks": 0,                                                                                                                
                                       "Temp Written Blocks": 0,                                                                                                             
                                       "Plans": [                                                                                                                            
                                         {                                                                                                                                   
                                           "Node Type": "Nested Loop",                                                                                                       
                                           "Parent Relationship": "Outer",                                                                                                   
                                           "Parallel Aware": false,                                                                                                          
                                           "Join Type": "Inner",                                                                                                             
                                           "Startup Cost": 0.01,                                                                                                             
                                           "Total Cost": 1056.88,                                                                                                            
                                           "Plan Rows": 270,                                                                                                                 
                                           "Plan Width": 4,                                                                                                                  
                                           "Actual Startup Time": 45.791,                                                                                                    
                                           "Actual Total Time": 19133.293,                                                                                                   
                                           "Actual Rows": 35548,                                                                                                             
                                           "Actual Loops": 1,                                                                                                                
                                           "Inner Unique": false,                                                                                                            
                                           "Shared Hit Blocks": 8724,                                                                                                        
                                           "Shared Read Blocks": 15835,                                                                                                      
                                           "Shared Dirtied Blocks": 0,                                                                                                       
                                           "Shared Written Blocks": 0,                                                                                                       
                                           "Local Hit Blocks": 0,                                                                                                            
                                           "Local Read Blocks": 0,                                                                                                           
                                           "Local Dirtied Blocks": 0,                                                                                                        
                                           "Local Written Blocks": 0,                                                                                                        
                                           "Temp Read Blocks": 0,                                                                                                            
                                           "Temp Written Blocks": 0,                                                                                                         
                                           "Plans": [                                                                                                                        
                                             {                                                                                                                               
                                               "Node Type": "Seq Scan",                                                                                                      
                                               "Parent Relationship": "Outer",                                                                                               
                                               "Parallel Aware": false,                                                                                                      
                                               "Relation Name": "keyword",                                                                                                   
                                               "Alias": "k",                                                                                                                 
                                               "Startup Cost": 0.00,                                                                                                         
                                               "Total Cost": 80.71,                                                                                                          
                                               "Plan Rows": 8,                                                                                                               
                                               "Plan Width": 4,                                                                                                              
                                               "Actual Startup Time": 20.371,                                                                                                
                                               "Actual Total Time": 129.694,                                                                                                 
                                               "Actual Rows": 8,                                                                                                             
                                               "Actual Loops": 1,                                                                                                            
                                               "Filter": "(keyword = ANY ('{superhero,sequel,second-part,marvel-comics,based-on-comic,tv-special,fight,violence}'::text[]))",
                                               "Rows Removed by Filter": 134162,                                                                                             
                                               "Shared Hit Blocks": 2,                                                                                                       
                                               "Shared Read Blocks": 947,                                                                                                    
                                               "Shared Dirtied Blocks": 0,                                                                                                   
                                               "Shared Written Blocks": 0,                                                                                                   
                                               "Local Hit Blocks": 0,                                                                                                        
                                               "Local Read Blocks": 0,                                                                                                       
                                               "Local Dirtied Blocks": 0,                                                                                                    
                                               "Local Written Blocks": 0,                                                                                                    
                                               "Temp Read Blocks": 0,                                                                                                        
                                               "Temp Written Blocks": 0                                                                                                      
                                             },                                                                                                                              
                                             {                                                                                                                               
                                               "Node Type": "Index Scan",                                                                                                    
                                               "Parent Relationship": "Inner",                                                                                               
                                               "Parallel Aware": false,                                                                                                      
                                               "Scan Direction": "Forward",                                                                                                  
                                               "Index Name": "keyword_id_movie_keyword",                                                                                     
                                               "Relation Name": "movie_keyword",                                                                                             
                                               "Alias": "mk",                                                                                                                
                                               "Startup Cost": 0.01,                                                                                                         
                                               "Total Cost": 122.02,                                                                                                         
                                               "Plan Rows": 39,                                                                                                              
                                               "Plan Width": 8,                                                                                                              
                                               "Actual Startup Time": 37.423,                                                                                                
                                               "Actual Total Time": 2371.468,                                                                                                
                                               "Actual Rows": 4444,                                                                                                          
                                               "Actual Loops": 8,                                                                                                            
                                               "Index Cond": "(keyword_id = k.id)",                                                                                          
                                               "Rows Removed by Index Recheck": 0,                                                                                           
                                               "Shared Hit Blocks": 8722,                                                                                                    
                                               "Shared Read Blocks": 14888,                                                                                                  
                                               "Shared Dirtied Blocks": 0,                                                                                                   
                                               "Shared Written Blocks": 0,                                                                                                   
                                               "Local Hit Blocks": 0,                                                                                                        
                                               "Local Read Blocks": 0,                                                                                                       
                                               "Local Dirtied Blocks": 0,                                                                                                    
                                               "Local Written Blocks": 0,                                                                                                    
                                               "Temp Read Blocks": 0,                                                                                                        
                                               "Temp Written Blocks": 0                                                                                                      
                                             }                                                                                                                               
                                           ]                                                                                                                                 
                                         },                                                                                                                                  
                                         {                                                                                                                                   
                                           "Node Type": "Index Scan",                                                                                                        
                                           "Parent Relationship": "Inner",                                                                                                   
                                           "Parallel Aware": false,                                                                                                          
                                           "Scan Direction": "Forward",                                                                                                      
                                           "Index Name": "movie_id_complete_cast",                                                                                           
                                           "Relation Name": "complete_cast",                                                                                                 
                                           "Alias": "cc",                                                                                                                    
                                           "Startup Cost": 0.01,                                                                                                             
                                           "Total Cost": 0.01,                                                                                                               
                                           "Plan Rows": 1,                                                                                                                   
                                           "Plan Width": 12,                                                                                                                 
                                           "Actual Startup Time": 0.084,                                                                                                     
                                           "Actual Total Time": 0.128,                                                                                                       
                                           "Actual Rows": 0,                                                                                                                 
                                           "Actual Loops": 35548,                                                                                                            
                                           "Index Cond": "(movie_id = mk.movie_id)",                                                                                         
                                           "Rows Removed by Index Recheck": 0,                                                                                               
                                           "Shared Hit Blocks": 118579,                                                                                                      
                                           "Shared Read Blocks": 1044,                                                                                                       
                                           "Shared Dirtied Blocks": 0,                                                                                                       
                                           "Shared Written Blocks": 0,                                                                                                       
                                           "Local Hit Blocks": 0,                                                                                                            
                                           "Local Read Blocks": 0,                                                                                                           
                                           "Local Dirtied Blocks": 0,                                                                                                        
                                           "Local Written Blocks": 0,                                                                                                        
                                           "Temp Read Blocks": 0,                                                                                                            
                                           "Temp Written Blocks": 0                                                                                                          
                                         }                                                                                                                                   
                                       ]                                                                                                                                     
                                     },                                                                                                                                      
                                     {                                                                                                                                       
                                       "Node Type": "Materialize",                                                                                                           
                                       "Parent Relationship": "Inner",                                                                                                       
                                       "Parallel Aware": false,                                                                                                              
                                       "Startup Cost": 0.00,                                                                                                                 
                                       "Total Cost": 0.03,                                                                                                                   
                                       "Plan Rows": 1,                                                                                                                       
                                       "Plan Width": 4,                                                                                                                      
                                       "Actual Startup Time": 0.001,                                                                                                         
                                       "Actual Total Time": 0.001,                                                                                                           
                                       "Actual Rows": 1,                                                                                                                     
                                       "Actual Loops": 12810,                                                                                                                
                                       "Shared Hit Blocks": 1,                                                                                                               
                                       "Shared Read Blocks": 0,                                                                                                              
                                       "Shared Dirtied Blocks": 0,                                                                                                           
                                       "Shared Written Blocks": 0,                                                                                                           
                                       "Local Hit Blocks": 0,                                                                                                                
                                       "Local Read Blocks": 0,                                                                                                               
                                       "Local Dirtied Blocks": 0,                                                                                                            
                                       "Local Written Blocks": 0,                                                                                                            
                                       "Temp Read Blocks": 0,                                                                                                                
                                       "Temp Written Blocks": 0,                                                                                                             
                                       "Plans": [                                                                                                                            
                                         {                                                                                                                                   
                                           "Node Type": "Seq Scan",                                                                                                          
                                           "Parent Relationship": "Outer",                                                                                                   
                                           "Parallel Aware": false,                                                                                                          
                                           "Relation Name": "comp_cast_type",                                                                                                
                                           "Alias": "cct",                                                                                                                  
                                           "Startup Cost": 0.00,                                                                                                             
                                           "Total Cost": 0.03,                                                                                                               
                                           "Plan Rows": 1,                                                                                                                   
                                           "Plan Width": 4,                                                                                                                  
                                           "Actual Startup Time": 0.016,                                                                                                     
                                           "Actual Total Time": 0.024,                                                                                                       
                                           "Actual Rows": 1,                                                                                                                 
                                           "Actual Loops": 1,                                                                                                                
                                           "Filter": "((kind)::text = 'cast'::text)",                                                                                        
                                           "Rows Removed by Filter": 3,                                                                                                      
                                           "Shared Hit Blocks": 1,                                                                                                           
                                           "Shared Read Blocks": 0,                                                                                                          
                                           "Shared Dirtied Blocks": 0,                                                                                                       
                                           "Shared Written Blocks": 0,                                                                                                       
                                           "Local Hit Blocks": 0,                                                                                                            
                                           "Local Read Blocks": 0,                                                                                                           
                                           "Local Dirtied Blocks": 0,                                                                                                        
                                           "Local Written Blocks": 0,                                                                                                        
                                           "Temp Read Blocks": 0,                                                                                                            
                                           "Temp Written Blocks": 0                                                                                                          
                                         }                                                                                                                                   
                                       ]                                                                                                                                     
                                     }                                                                                                                                       
                                   ]                                                                                                                                         
                                 },                                                                                                                                          
                                 {                                                                                                                                           
                                   "Node Type": "Materialize",                                                                                                               
                                   "Parent Relationship": "Inner",                                                                                                           
                                   "Parallel Aware": false,                                                                                                                  
                                   "Startup Cost": 0.00,                                                                                                                     
                                   "Total Cost": 0.03,                                                                                                                       
                                   "Plan Rows": 1,                                                                                                                           
                                   "Plan Width": 4,                                                                                                                          
                                   "Actual Startup Time": 0.000,                                                                                                             
                                   "Actual Total Time": 0.000,                                                                                                               
                                   "Actual Rows": 1,                                                                                                                         
                                   "Actual Loops": 8765,                                                                                                                     
                                   "Shared Hit Blocks": 1,                                                                                                                   
                                   "Shared Read Blocks": 0,                                                                                                                  
                                   "Shared Dirtied Blocks": 0,                                                                                                               
                                   "Shared Written Blocks": 0,                                                                                                               
                                   "Local Hit Blocks": 0,                                                                                                                    
                                   "Local Read Blocks": 0,                                                                                                                   
                                   "Local Dirtied Blocks": 0,                                                                                                                
                                   "Local Written Blocks": 0,                                                                                                                
                                   "Temp Read Blocks": 0,                                                                                                                    
                                   "Temp Written Blocks": 0,                                                                                                                 
                                   "Plans": [                                                                                                                                
                                     {                                                                                                                                       
                                       "Node Type": "Seq Scan",                                                                                                              
                                       "Parent Relationship": "Outer",                                                                                                       
                                       "Parallel Aware": false,                                                                                                              
                                       "Relation Name": "comp_cast_type",                                                                                                    
                                       "Alias": "cct",                                                                                                                      
                                       "Startup Cost": 0.00,                                                                                                                 
                                       "Total Cost": 0.03,                                                                                                                   
                                       "Plan Rows": 1,                                                                                                                       
                                       "Plan Width": 4,                                                                                                                      
                                       "Actual Startup Time": 0.010,                                                                                                         
                                       "Actual Total Time": 0.011,                                                                                                           
                                       "Actual Rows": 2,                                                                                                                     
                                       "Actual Loops": 1,                                                                                                                    
                                       "Filter": "((kind)::text ~~ '%complete%'::text)",                                                                                     
                                       "Rows Removed by Filter": 2,                                                                                                          
                                       "Shared Hit Blocks": 1,                                                                                                               
                                       "Shared Read Blocks": 0,                                                                                                              
                                       "Shared Dirtied Blocks": 0,                                                                                                           
                                       "Shared Written Blocks": 0,                                                                                                           
                                       "Local Hit Blocks": 0,                                                                                                                
                                       "Local Read Blocks": 0,                                                                                                               
                                       "Local Dirtied Blocks": 0,                                                                                                            
                                       "Local Written Blocks": 0,                                                                                                            
                                       "Temp Read Blocks": 0,                                                                                                                
                                       "Temp Written Blocks": 0                                                                                                              
                                     }                                                                                                                                       
                                   ]                                                                                                                                         
                                 }                                                                                                                                           
                               ]                                                                                                                                             
                             },                                                                                                                                              
                             {                                                                                                                                               
                               "Node Type": "Index Scan",                                                                                                                    
                               "Parent Relationship": "Inner",                                                                                                               
                               "Parallel Aware": false,                                                                                                                      
                               "Scan Direction": "Forward",                                                                                                                  
                               "Index Name": "title_idx_id",                                                                                                                 
                               "Relation Name": "title",                                                                                                                     
                               "Alias": "t",                                                                                                                                 
                               "Startup Cost": 0.01,                                                                                                                         
                               "Total Cost": 0.04,                                                                                                                           
                               "Plan Rows": 1,                                                                                                                               
                               "Plan Width": 25,                                                                                                                             
                               "Actual Startup Time": 5.743,                                                                                                                 
                               "Actual Total Time": 5.743,                                                                                                                   
                               "Actual Rows": 1,                                                                                                                             
                               "Actual Loops": 8765,                                                                                                                         
                               "Index Cond": "(id = mk.movie_id)",                                                                                                           
                               "Rows Removed by Index Recheck": 0,                                                                                                           
                               "Filter": "(production_year > 1950)",                                                                                                         
                               "Rows Removed by Filter": 0,                                                                                                                  
                               "Shared Hit Blocks": 27387,                                                                                                                   
                               "Shared Read Blocks": 7693,                                                                                                                   
                               "Shared Dirtied Blocks": 0,                                                                                                                   
                               "Shared Written Blocks": 0,                                                                                                                   
                               "Local Hit Blocks": 0,                                                                                                                        
                               "Local Read Blocks": 0,                                                                                                                       
                               "Local Dirtied Blocks": 0,                                                                                                                    
                               "Local Written Blocks": 0,                                                                                                                    
                               "Temp Read Blocks": 0,                                                                                                                        
                               "Temp Written Blocks": 0                                                                                                                      
                             }                                                                                                                                               
                           ]                                                                                                                                                 
                         },                                                                                                                                                  
                         {                                                                                                                                                   
                           "Node Type": "Materialize",                                                                                                                       
                           "Parent Relationship": "Inner",                                                                                                                   
                           "Parallel Aware": false,                                                                                                                          
                           "Startup Cost": 0.00,                                                                                                                             
                           "Total Cost": 0.03,                                                                                                                               
                           "Plan Rows": 1,                                                                                                                                   
                           "Plan Width": 4,                                                                                                                                  
                           "Actual Startup Time": 0.001,                                                                                                                     
                           "Actual Total Time": 0.001,                                                                                                                       
                           "Actual Rows": 1,                                                                                                                                 
                           "Actual Loops": 7363,                                                                                                                             
                           "Shared Hit Blocks": 1,                                                                                                                           
                           "Shared Read Blocks": 0,                                                                                                                          
                           "Shared Dirtied Blocks": 0,                                                                                                                       
                           "Shared Written Blocks": 0,                                                                                                                       
                           "Local Hit Blocks": 0,                                                                                                                            
                           "Local Read Blocks": 0,                                                                                                                           
                           "Local Dirtied Blocks": 0,                                                                                                                        
                           "Local Written Blocks": 0,                                                                                                                        
                           "Temp Read Blocks": 0,                                                                                                                            
                           "Temp Written Blocks": 0,                                                                                                                         
                           "Plans": [                                                                                                                                        
                             {                                                                                                                                               
                               "Node Type": "Seq Scan",                                                                                                                      
                               "Parent Relationship": "Outer",                                                                                                               
                               "Parallel Aware": false,                                                                                                                      
                               "Relation Name": "kind_type",                                                                                                                 
                               "Alias": "kt",                                                                                                                                
                               "Startup Cost": 0.00,                                                                                                                         
                               "Total Cost": 0.03,                                                                                                                           
                               "Plan Rows": 1,                                                                                                                               
                               "Plan Width": 4,                                                                                                                              
                               "Actual Startup Time": 0.016,                                                                                                                 
                               "Actual Total Time": 0.022,                                                                                                                   
                               "Actual Rows": 1,                                                                                                                             
                               "Actual Loops": 1,                                                                                                                            
                               "Filter": "((kind)::text = 'movie'::text)",                                                                                                   
                               "Rows Removed by Filter": 6,                                                                                                                  
                               "Shared Hit Blocks": 1,                                                                                                                       
                               "Shared Read Blocks": 0,                                                                                                                      
                               "Shared Dirtied Blocks": 0,                                                                                                                   
                               "Shared Written Blocks": 0,                                                                                                                   
                               "Local Hit Blocks": 0,                                                                                                                        
                               "Local Read Blocks": 0,                                                                                                                       
                               "Local Dirtied Blocks": 0,                                                                                                                    
                               "Local Written Blocks": 0,                                                                                                                    
                               "Temp Read Blocks": 0,                                                                                                                        
                               "Temp Written Blocks": 0                                                                                                                      
                             }                                                                                                                                               
                           ]                                                                                                                                                 
                         }                                                                                                                                                   
                       ]                                                                                                                                                     
                     },                                                                                                                                                      
                     {                                                                                                                                                       
                       "Node Type": "Index Scan",                                                                                                                            
                       "Parent Relationship": "Inner",                                                                                                                       
                       "Parallel Aware": false,                                                                                                                              
                       "Scan Direction": "Forward",                                                                                                                          
                       "Index Name": "movie_id_cast_info",                                                                                                                   
                       "Relation Name": "cast_info",                                                                                                                         
                       "Alias": "ci",                                                                                                                                        
                       "Startup Cost": 0.02,                                                                                                                                 
                       "Total Cost": 0.26,                                                                                                                                   
                       "Plan Rows": 23,                                                                                                                                      
                       "Plan Width": 12,                                                                                                                                     
                       "Actual Startup Time": 8.685,                                                                                                                         
                       "Actual Total Time": 123.729,                                                                                                                         
                       "Actual Rows": 89,                                                                                                                                    
                       "Actual Loops": 6016,                                                                                                                                 
                       "Index Cond": "(movie_id = mk.movie_id)",                                                                                                             
                       "Rows Removed by Index Recheck": 0,                                                                                                                   
                       "Shared Hit Blocks": 416056,                                                                                                                          
                       "Shared Read Blocks": 127769,                                                                                                                         
                       "Shared Dirtied Blocks": 0,                                                                                                                           
                       "Shared Written Blocks": 0,                                                                                                                           
                       "Local Hit Blocks": 0,                                                                                                                                
                       "Local Read Blocks": 0,                                                                                                                               
                       "Local Dirtied Blocks": 0,                                                                                                                            
                       "Local Written Blocks": 0,                                                                                                                            
                       "Temp Read Blocks": 0,                                                                                                                                
                       "Temp Written Blocks": 0                                                                                                                              
                     }                                                                                                                                                       
                   ]                                                                                                                                                         
                 },                                                                                                                                                          
                 {                                                                                                                                                           
                   "Node Type": "Index Scan",                                                                                                                                
                   "Parent Relationship": "Inner",                                                                                                                           
                   "Parallel Aware": false,                                                                                                                                  
                   "Scan Direction": "Forward",                                                                                                                              
                   "Index Name": "char_name_pkey",                                                                                                                           
                   "Relation Name": "char_name",                                                                                                                             
                   "Alias": "chn",                                                                                                                                           
                   "Startup Cost": 0.01,                                                                                                                                     
                   "Total Cost": 0.02,                                                                                                                                       
                   "Plan Rows": 1,                                                                                                                                           
                   "Plan Width": 4,                                                                                                                                          
                   "Actual Startup Time": 0.403,                                                                                                                             
                   "Actual Total Time": 0.403,                                                                                                                               
                   "Actual Rows": 0,                                                                                                                                         
                   "Actual Loops": 532809,                                                                                                                                   
                   "Index Cond": "(id = ci.person_role_id)",                                                                                                                 
                   "Rows Removed by Index Recheck": 0,                                                                                                                       
                   "Filter": "((name !~~ '%Sherlock%'::text) AND ((name ~~ '%Tony%Stark%'::text) OR (name ~~ '%Iron%Man%'::text)))",                                         
                   "Rows Removed by Filter": 0,                                                                                                                              
                   "Shared Hit Blocks": 978224,                                                                                                                              
                   "Shared Read Blocks": 43960,                                                                                                                              
                   "Shared Dirtied Blocks": 0,                                                                                                                               
                   "Shared Written Blocks": 0,                                                                                                                               
                   "Local Hit Blocks": 0,                                                                                                                                    
                   "Local Read Blocks": 0,                                                                                                                                   
                   "Local Dirtied Blocks": 0,                                                                                                                                
                   "Local Written Blocks": 0,                                                                                                                                
                   "Temp Read Blocks": 0,                                                                                                                                    
                   "Temp Written Blocks": 0                                                                                                                                  
                 }                                                                                                                                                           
               ]                                                                                                                                                             
             },                                                                                                                                                              
             {                                                                                                                                                               
               "Node Type": "Index Scan",                                                                                                                                    
               "Parent Relationship": "Inner",                                                                                                                               
               "Parallel Aware": false,                                                                                                                                      
               "Scan Direction": "Forward",                                                                                                                                  
               "Index Name": "name_pkey",                                                                                                                                    
               "Relation Name": "name",                                                                                                                                      
               "Alias": "n",                                                                                                                                                 
               "Startup Cost": 0.01,                                                                                                                                         
               "Total Cost": 0.02,                                                                                                                                           
               "Plan Rows": 1,                                                                                                                                               
               "Plan Width": 4,                                                                                                                                              
               "Actual Startup Time": 2.114,                                                                                                                                 
               "Actual Total Time": 2.114,                                                                                                                                   
               "Actual Rows": 1,                                                                                                                                             
               "Actual Loops": 33,                                                                                                                                           
               "Index Cond": "(id = ci.person_id)",                                                                                                                          
               "Rows Removed by Index Recheck": 0,                                                                                                                           
               "Shared Hit Blocks": 118,                                                                                                                                     
               "Shared Read Blocks": 14,                                                                                                                                     
               "Shared Dirtied Blocks": 0,                                                                                                                                   
               "Shared Written Blocks": 0,                                                                                                                                   
               "Local Hit Blocks": 0,                                                                                                                                        
               "Local Read Blocks": 0,                                                                                                                                       
               "Local Dirtied Blocks": 0,                                                                                                                                    
               "Local Written Blocks": 0,                                                                                                                                    
               "Temp Read Blocks": 0,                                                                                                                                        
               "Temp Written Blocks": 0                                                                                                                                      
             }                                                                                                                                                               
           ]                                                                                                                                                                 
         }                                                                                                                                                                   
       ]                                                                                                                                                                     
     },                                                                                                                                                                      
     "Planning Time": 6239.250,                                                                                                                                              
     "Triggers": [                                                                                                                                                           
     ],                                                                                                                                                                      
     "Execution Time": 1035686.962                                                                                                                                           
   }                                                                                                                                                                         
 ]
