 [                                                                                                                                                                           
   {                                                                                                                                                                         
     "Plan": {                                                                                                                                                               
       "Node Type": "Aggregate",                                                                                                                                             
       "Strategy": "Plain",                                                                                                                                                  
       "Partial Mode": "Simple",                                                                                                                                             
       "Parallel Aware": false,                                                                                                                                              
       "Startup Cost": 1061.97,                                                                                                                                              
       "Total Cost": 1061.97,                                                                                                                                                
       "Plan Rows": 1,                                                                                                                                                       
       "Plan Width": 32,                                                                                                                                                     
       "Actual Startup Time": 837395.646,                                                                                                                                    
       "Actual Total Time": 837395.646,                                                                                                                                      
       "Actual Rows": 1,                                                                                                                                                     
       "Actual Loops": 1,                                                                                                                                                    
       "Shared Hit Blocks": 1162473,                                                                                                                                         
       "Shared Read Blocks": 153954,                                                                                                                                         
       "Shared Dirtied Blocks": 0,                                                                                                                                           
       "Shared Written Blocks": 0,                                                                                                                                           
       "Local Hit Blocks": 0,                                                                                                                                                
       "Local Read Blocks": 0,                                                                                                                                               
       "Local Dirtied Blocks": 0,                                                                                                                                            
       "Local Written Blocks": 0,                                                                                                                                            
       "Temp Read Blocks": 0,                                                                                                                                                
       "Temp Written Blocks": 0,                                                                                                                                             
       "Plans": [                                                                                                                                                            
         {                                                                                                                                                                   
           "Node Type": "Nested Loop",                                                                                                                                       
           "Parent Relationship": "Outer",                                                                                                                                   
           "Parallel Aware": false,                                                                                                                                          
           "Join Type": "Inner",                                                                                                                                             
           "Startup Cost": 0.08,                                                                                                                                             
           "Total Cost": 1061.97,                                                                                                                                            
           "Plan Rows": 1,                                                                                                                                                   
           "Plan Width": 17,                                                                                                                                                 
           "Actual Startup Time": 65690.591,                                                                                                                                 
           "Actual Total Time": 837395.508,                                                                                                                                  
           "Actual Rows": 17,                                                                                                                                                
           "Actual Loops": 1,                                                                                                                                                
           "Inner Unique": true,                                                                                                                                             
           "Shared Hit Blocks": 1162473,                                                                                                                                     
           "Shared Read Blocks": 153954,                                                                                                                                     
           "Shared Dirtied Blocks": 0,                                                                                                                                       
           "Shared Written Blocks": 0,                                                                                                                                       
           "Local Hit Blocks": 0,                                                                                                                                            
           "Local Read Blocks": 0,                                                                                                                                           
           "Local Dirtied Blocks": 0,                                                                                                                                        
           "Local Written Blocks": 0,                                                                                                                                        
           "Temp Read Blocks": 0,                                                                                                                                            
           "Temp Written Blocks": 0,                                                                                                                                         
           "Plans": [                                                                                                                                                        
             {                                                                                                                                                               
               "Node Type": "Nested Loop",                                                                                                                                   
               "Parent Relationship": "Outer",                                                                                                                               
               "Parallel Aware": false,                                                                                                                                      
               "Join Type": "Inner",                                                                                                                                         
               "Startup Cost": 0.07,                                                                                                                                         
               "Total Cost": 1061.88,                                                                                                                                        
               "Plan Rows": 1,                                                                                                                                               
               "Plan Width": 21,                                                                                                                                             
               "Actual Startup Time": 65672.075,                                                                                                                             
               "Actual Total Time": 837278.943,                                                                                                                              
               "Actual Rows": 27,                                                                                                                                            
               "Actual Loops": 1,                                                                                                                                            
               "Inner Unique": true,                                                                                                                                         
               "Shared Hit Blocks": 1162385,                                                                                                                                 
               "Shared Read Blocks": 153938,                                                                                                                                 
               "Shared Dirtied Blocks": 0,                                                                                                                                   
               "Shared Written Blocks": 0,                                                                                                                                   
               "Local Hit Blocks": 0,                                                                                                                                        
               "Local Read Blocks": 0,                                                                                                                                       
               "Local Dirtied Blocks": 0,                                                                                                                                    
               "Local Written Blocks": 0,                                                                                                                                    
               "Temp Read Blocks": 0,                                                                                                                                        
               "Temp Written Blocks": 0,                                                                                                                                     
               "Plans": [                                                                                                                                                    
                 {                                                                                                                                                           
                   "Node Type": "Nested Loop",                                                                                                                               
                   "Parent Relationship": "Outer",                                                                                                                           
                   "Parallel Aware": false,                                                                                                                                  
                   "Join Type": "Inner",                                                                                                                                     
                   "Startup Cost": 0.06,                                                                                                                                     
                   "Total Cost": 1061.80,                                                                                                                                    
                   "Plan Rows": 4,                                                                                                                                           
                   "Plan Width": 25,                                                                                                                                         
                   "Actual Startup Time": 2195.897,                                                                                                                          
                   "Actual Total Time": 555275.209,                                                                                                                          
                   "Actual Rows": 222518,                                                                                                                                    
                   "Actual Loops": 1,                                                                                                                                        
                   "Inner Unique": true,                                                                                                                                     
                   "Join Filter": "(t.kind_id = kt.id)",                                                                                                                     
                   "Rows Removed by Join Filter": 22353,                                                                                                                     
                   "Shared Hit Blocks": 324502,                                                                                                                              
                   "Shared Read Blocks": 100166,                                                                                                                             
                   "Shared Dirtied Blocks": 0,                                                                                                                               
                   "Shared Written Blocks": 0,                                                                                                                               
                   "Local Hit Blocks": 0,                                                                                                                                    
                   "Local Read Blocks": 0,                                                                                                                                   
                   "Local Dirtied Blocks": 0,                                                                                                                                
                   "Local Written Blocks": 0,                                                                                                                                
                   "Temp Read Blocks": 0,                                                                                                                                    
                   "Temp Written Blocks": 0,                                                                                                                                 
                   "Plans": [                                                                                                                                                
                     {                                                                                                                                                       
                       "Node Type": "Nested Loop",                                                                                                                           
                       "Parent Relationship": "Outer",                                                                                                                       
                       "Parallel Aware": false,                                                                                                                              
                       "Join Type": "Inner",                                                                                                                                 
                       "Startup Cost": 0.06,                                                                                                                                 
                       "Total Cost": 1061.76,                                                                                                                                
                       "Plan Rows": 26,                                                                                                                                      
                       "Plan Width": 29,                                                                                                                                     
                       "Actual Startup Time": 830.782,                                                                                                                       
                       "Actual Total Time": 554705.081,                                                                                                                      
                       "Actual Rows": 244871,                                                                                                                                
                       "Actual Loops": 1,                                                                                                                                    
                       "Inner Unique": false,                                                                                                                                
                       "Join Filter": "(t.id = ci.movie_id)",                                                                                                                
                       "Rows Removed by Join Filter": 0,                                                                                                                     
                       "Shared Hit Blocks": 324501,                                                                                                                          
                       "Shared Read Blocks": 100166,                                                                                                                         
                       "Shared Dirtied Blocks": 0,                                                                                                                           
                       "Shared Written Blocks": 0,                                                                                                                           
                       "Local Hit Blocks": 0,                                                                                                                                
                       "Local Read Blocks": 0,                                                                                                                               
                       "Local Dirtied Blocks": 0,                                                                                                                            
                       "Local Written Blocks": 0,                                                                                                                            
                       "Temp Read Blocks": 0,                                                                                                                                
                       "Temp Written Blocks": 0,                                                                                                                             
                       "Plans": [                                                                                                                                            
                         {                                                                                                                                                   
                           "Node Type": "Nested Loop",                                                                                                                       
                           "Parent Relationship": "Outer",                                                                                                                   
                           "Parallel Aware": false,                                                                                                                          
                           "Join Type": "Inner",                                                                                                                             
                           "Startup Cost": 0.04,                                                                                                                             
                           "Total Cost": 1060.97,                                                                                                                            
                           "Plan Rows": 3,                                                                                                                                   
                           "Plan Width": 33,                                                                                                                                 
                           "Actual Startup Time": 792.337,                                                                                                                   
                           "Actual Total Time": 66553.273,                                                                                                                   
                           "Actual Rows": 1872,                                                                                                                              
                           "Actual Loops": 1,                                                                                                                                
                           "Inner Unique": true,                                                                                                                             
                           "Shared Hit Blocks": 154705,                                                                                                                      
                           "Shared Read Blocks": 24573,                                                                                                                      
                           "Shared Dirtied Blocks": 0,                                                                                                                       
                           "Shared Written Blocks": 0,                                                                                                                       
                           "Local Hit Blocks": 0,                                                                                                                            
                           "Local Read Blocks": 0,                                                                                                                           
                           "Local Dirtied Blocks": 0,                                                                                                                        
                           "Local Written Blocks": 0,                                                                                                                        
                           "Temp Read Blocks": 0,                                                                                                                            
                           "Temp Written Blocks": 0,                                                                                                                         
                           "Plans": [                                                                                                                                        
                             {                                                                                                                                               
                               "Node Type": "Nested Loop",                                                                                                                   
                               "Parent Relationship": "Outer",                                                                                                               
                               "Parallel Aware": false,                                                                                                                      
                               "Join Type": "Inner",                                                                                                                         
                               "Startup Cost": 0.03,                                                                                                                         
                               "Total Cost": 1060.76,                                                                                                                        
                               "Plan Rows": 5,                                                                                                                               
                               "Plan Width": 8,                                                                                                                              
                               "Actual Startup Time": 105.184,                                                                                                               
                               "Actual Total Time": 21380.884,                                                                                                               
                               "Actual Rows": 8765,                                                                                                                          
                               "Actual Loops": 1,                                                                                                                            
                               "Inner Unique": true,                                                                                                                         
                               "Join Filter": "(cc.status_id = cct.id)",                                                                                                    
                               "Rows Removed by Join Filter": 4311,                                                                                                          
                               "Shared Hit Blocks": 127305,                                                                                                                  
                               "Shared Read Blocks": 16879,                                                                                                                  
                               "Shared Dirtied Blocks": 0,                                                                                                                   
                               "Shared Written Blocks": 0,                                                                                                                   
                               "Local Hit Blocks": 0,                                                                                                                        
                               "Local Read Blocks": 0,                                                                                                                       
                               "Local Dirtied Blocks": 0,                                                                                                                    
                               "Local Written Blocks": 0,                                                                                                                    
                               "Temp Read Blocks": 0,                                                                                                                        
                               "Temp Written Blocks": 0,                                                                                                                     
                               "Plans": [                                                                                                                                    
                                 {                                                                                                                                           
                                   "Node Type": "Nested Loop",                                                                                                               
                                   "Parent Relationship": "Outer",                                                                                                           
                                   "Parallel Aware": false,                                                                                                                  
                                   "Join Type": "Inner",                                                                                                                     
                                   "Startup Cost": 0.03,                                                                                                                     
                                   "Total Cost": 1060.72,                                                                                                                    
                                   "Plan Rows": 20,                                                                                                                          
                                   "Plan Width": 12,                                                                                                                         
                                   "Actual Startup Time": 105.148,                                                                                                           
                                   "Actual Total Time": 21360.237,                                                                                                           
                                   "Actual Rows": 8765,                                                                                                                      
                                   "Actual Loops": 1,                                                                                                                        
                                   "Inner Unique": true,                                                                                                                     
                                   "Join Filter": "(cc.subject_id = cct.id)",                                                                                               
                                   "Rows Removed by Join Filter": 4045,                                                                                                      
                                   "Shared Hit Blocks": 127304,                                                                                                              
                                   "Shared Read Blocks": 16879,                                                                                                              
                                   "Shared Dirtied Blocks": 0,                                                                                                               
                                   "Shared Written Blocks": 0,                                                                                                               
                                   "Local Hit Blocks": 0,                                                                                                                    
                                   "Local Read Blocks": 0,                                                                                                                   
                                   "Local Dirtied Blocks": 0,                                                                                                                
                                   "Local Written Blocks": 0,                                                                                                                
                                   "Temp Read Blocks": 0,                                                                                                                    
                                   "Temp Written Blocks": 0,                                                                                                                 
                                   "Plans": [                                                                                                                                
                                     {                                                                                                                                       
                                       "Node Type": "Nested Loop",                                                                                                           
                                       "Parent Relationship": "Outer",                                                                                                       
                                       "Parallel Aware": false,                                                                                                              
                                       "Join Type": "Inner",                                                                                                                 
                                       "Startup Cost": 0.03,                                                                                                                 
                                       "Total Cost": 1060.67,                                                                                                                
                                       "Plan Rows": 82,                                                                                                                      
                                       "Plan Width": 16,                                                                                                                     
                                       "Actual Startup Time": 105.107,                                                                                                       
                                       "Actual Total Time": 21324.357,                                                                                                       
                                       "Actual Rows": 12810,                                                                                                                 
                                       "Actual Loops": 1,                                                                                                                    
                                       "Inner Unique": false,                                                                                                                
                                       "Shared Hit Blocks": 127303,                                                                                                          
                                       "Shared Read Blocks": 16879,                                                                                                          
                                       "Shared Dirtied Blocks": 0,                                                                                                           
                                       "Shared Written Blocks": 0,                                                                                                           
                                       "Local Hit Blocks": 0,                                                                                                                
                                       "Local Read Blocks": 0,                                                                                                               
                                       "Local Dirtied Blocks": 0,                                                                                                            
                                       "Local Written Blocks": 0,                                                                                                            
                                       "Temp Read Blocks": 0,                                                                                                                
                                       "Temp Written Blocks": 0,                                                                                                             
                                       "Plans": [                                                                                                                            
                                         {                                                                                                                                   
                                           "Node Type": "Nested Loop",                                                                                                       
                                           "Parent Relationship": "Outer",                                                                                                   
                                           "Parallel Aware": false,                                                                                                          
                                           "Join Type": "Inner",                                                                                                             
                                           "Startup Cost": 0.01,                                                                                                             
                                           "Total Cost": 1056.88,                                                                                                            
                                           "Plan Rows": 270,                                                                                                                 
                                           "Plan Width": 4,                                                                                                                  
                                           "Actual Startup Time": 37.475,                                                                                                    
                                           "Actual Total Time": 17258.356,                                                                                                   
                                           "Actual Rows": 35548,                                                                                                             
                                           "Actual Loops": 1,                                                                                                                
                                           "Inner Unique": false,                                                                                                            
                                           "Shared Hit Blocks": 8724,                                                                                                        
                                           "Shared Read Blocks": 15835,                                                                                                      
                                           "Shared Dirtied Blocks": 0,                                                                                                       
                                           "Shared Written Blocks": 0,                                                                                                       
                                           "Local Hit Blocks": 0,                                                                                                            
                                           "Local Read Blocks": 0,                                                                                                           
                                           "Local Dirtied Blocks": 0,                                                                                                        
                                           "Local Written Blocks": 0,                                                                                                        
                                           "Temp Read Blocks": 0,                                                                                                            
                                           "Temp Written Blocks": 0,                                                                                                         
                                           "Plans": [                                                                                                                        
                                             {                                                                                                                               
                                               "Node Type": "Seq Scan",                                                                                                      
                                               "Parent Relationship": "Outer",                                                                                               
                                               "Parallel Aware": false,                                                                                                      
                                               "Relation Name": "keyword",                                                                                                   
                                               "Alias": "k",                                                                                                                 
                                               "Startup Cost": 0.00,                                                                                                         
                                               "Total Cost": 80.71,                                                                                                          
                                               "Plan Rows": 8,                                                                                                               
                                               "Plan Width": 4,                                                                                                              
                                               "Actual Startup Time": 12.053,                                                                                                
                                               "Actual Total Time": 122.994,                                                                                                 
                                               "Actual Rows": 8,                                                                                                             
                                               "Actual Loops": 1,                                                                                                            
                                               "Filter": "(keyword = ANY ('{superhero,sequel,second-part,marvel-comics,based-on-comic,tv-special,fight,violence}'::text[]))",
                                               "Rows Removed by Filter": 134162,                                                                                             
                                               "Shared Hit Blocks": 2,                                                                                                       
                                               "Shared Read Blocks": 947,                                                                                                    
                                               "Shared Dirtied Blocks": 0,                                                                                                   
                                               "Shared Written Blocks": 0,                                                                                                   
                                               "Local Hit Blocks": 0,                                                                                                        
                                               "Local Read Blocks": 0,                                                                                                       
                                               "Local Dirtied Blocks": 0,                                                                                                    
                                               "Local Written Blocks": 0,                                                                                                    
                                               "Temp Read Blocks": 0,                                                                                                        
                                               "Temp Written Blocks": 0                                                                                                      
                                             },                                                                                                                              
                                             {                                                                                                                               
                                               "Node Type": "Index Scan",                                                                                                    
                                               "Parent Relationship": "Inner",                                                                                               
                                               "Parallel Aware": false,                                                                                                      
                                               "Scan Direction": "Forward",                                                                                                  
                                               "Index Name": "keyword_id_movie_keyword",                                                                                     
                                               "Relation Name": "movie_keyword",                                                                                             
                                               "Alias": "mk",                                                                                                                
                                               "Startup Cost": 0.01,                                                                                                         
                                               "Total Cost": 122.02,                                                                                                         
                                               "Plan Rows": 39,                                                                                                              
                                               "Plan Width": 8,                                                                                                              
                                               "Actual Startup Time": 36.270,                                                                                                
                                               "Actual Total Time": 2138.017,                                                                                                
                                               "Actual Rows": 4444,                                                                                                          
                                               "Actual Loops": 8,                                                                                                            
                                               "Index Cond": "(keyword_id = k.id)",                                                                                          
                                               "Rows Removed by Index Recheck": 0,                                                                                           
                                               "Shared Hit Blocks": 8722,                                                                                                    
                                               "Shared Read Blocks": 14888,                                                                                                  
                                               "Shared Dirtied Blocks": 0,                                                                                                   
                                               "Shared Written Blocks": 0,                                                                                                   
                                               "Local Hit Blocks": 0,                                                                                                        
                                               "Local Read Blocks": 0,                                                                                                       
                                               "Local Dirtied Blocks": 0,                                                                                                    
                                               "Local Written Blocks": 0,                                                                                                    
                                               "Temp Read Blocks": 0,                                                                                                        
                                               "Temp Written Blocks": 0                                                                                                      
                                             }                                                                                                                               
                                           ]                                                                                                                                 
                                         },                                                                                                                                  
                                         {                                                                                                                                   
                                           "Node Type": "Index Scan",                                                                                                        
                                           "Parent Relationship": "Inner",                                                                                                   
                                           "Parallel Aware": false,                                                                                                          
                                           "Scan Direction": "Forward",                                                                                                      
                                           "Index Name": "movie_id_complete_cast",                                                                                           
                                           "Relation Name": "complete_cast",                                                                                                 
                                           "Alias": "cc",                                                                                                                    
                                           "Startup Cost": 0.01,                                                                                                             
                                           "Total Cost": 0.01,                                                                                                               
                                           "Plan Rows": 1,                                                                                                                   
                                           "Plan Width": 12,                                                                                                                 
                                           "Actual Startup Time": 0.072,                                                                                                     
                                           "Actual Total Time": 0.112,                                                                                                       
                                           "Actual Rows": 0,                                                                                                                 
                                           "Actual Loops": 35548,                                                                                                            
                                           "Index Cond": "(movie_id = mk.movie_id)",                                                                                         
                                           "Rows Removed by Index Recheck": 0,                                                                                               
                                           "Shared Hit Blocks": 118579,                                                                                                      
                                           "Shared Read Blocks": 1044,                                                                                                       
                                           "Shared Dirtied Blocks": 0,                                                                                                       
                                           "Shared Written Blocks": 0,                                                                                                       
                                           "Local Hit Blocks": 0,                                                                                                            
                                           "Local Read Blocks": 0,                                                                                                           
                                           "Local Dirtied Blocks": 0,                                                                                                        
                                           "Local Written Blocks": 0,                                                                                                        
                                           "Temp Read Blocks": 0,                                                                                                            
                                           "Temp Written Blocks": 0                                                                                                          
                                         }                                                                                                                                   
                                       ]                                                                                                                                     
                                     },                                                                                                                                      
                                     {                                                                                                                                       
                                       "Node Type": "Materialize",                                                                                                           
                                       "Parent Relationship": "Inner",                                                                                                       
                                       "Parallel Aware": false,                                                                                                              
                                       "Startup Cost": 0.00,                                                                                                                 
                                       "Total Cost": 0.03,                                                                                                                   
                                       "Plan Rows": 1,                                                                                                                       
                                       "Plan Width": 4,                                                                                                                      
                                       "Actual Startup Time": 0.001,                                                                                                         
                                       "Actual Total Time": 0.001,                                                                                                           
                                       "Actual Rows": 1,                                                                                                                     
                                       "Actual Loops": 12810,                                                                                                                
                                       "Shared Hit Blocks": 1,                                                                                                               
                                       "Shared Read Blocks": 0,                                                                                                              
                                       "Shared Dirtied Blocks": 0,                                                                                                           
                                       "Shared Written Blocks": 0,                                                                                                           
                                       "Local Hit Blocks": 0,                                                                                                                
                                       "Local Read Blocks": 0,                                                                                                               
                                       "Local Dirtied Blocks": 0,                                                                                                            
                                       "Local Written Blocks": 0,                                                                                                            
                                       "Temp Read Blocks": 0,                                                                                                                
                                       "Temp Written Blocks": 0,                                                                                                             
                                       "Plans": [                                                                                                                            
                                         {                                                                                                                                   
                                           "Node Type": "Seq Scan",                                                                                                          
                                           "Parent Relationship": "Outer",                                                                                                   
                                           "Parallel Aware": false,                                                                                                          
                                           "Relation Name": "comp_cast_type",                                                                                                
                                           "Alias": "cct",                                                                                                                  
                                           "Startup Cost": 0.00,                                                                                                             
                                           "Total Cost": 0.03,                                                                                                               
                                           "Plan Rows": 1,                                                                                                                   
                                           "Plan Width": 4,                                                                                                                  
                                           "Actual Startup Time": 0.016,                                                                                                     
                                           "Actual Total Time": 0.024,                                                                                                       
                                           "Actual Rows": 1,                                                                                                                 
                                           "Actual Loops": 1,                                                                                                                
                                           "Filter": "((kind)::text = 'cast'::text)",                                                                                        
                                           "Rows Removed by Filter": 3,                                                                                                      
                                           "Shared Hit Blocks": 1,                                                                                                           
                                           "Shared Read Blocks": 0,                                                                                                          
                                           "Shared Dirtied Blocks": 0,                                                                                                       
                                           "Shared Written Blocks": 0,                                                                                                       
                                           "Local Hit Blocks": 0,                                                                                                            
                                           "Local Read Blocks": 0,                                                                                                           
                                           "Local Dirtied Blocks": 0,                                                                                                        
                                           "Local Written Blocks": 0,                                                                                                        
                                           "Temp Read Blocks": 0,                                                                                                            
                                           "Temp Written Blocks": 0                                                                                                          
                                         }                                                                                                                                   
                                       ]                                                                                                                                     
                                     }                                                                                                                                       
                                   ]                                                                                                                                         
                                 },                                                                                                                                          
                                 {                                                                                                                                           
                                   "Node Type": "Materialize",                                                                                                               
                                   "Parent Relationship": "Inner",                                                                                                           
                                   "Parallel Aware": false,                                                                                                                  
                                   "Startup Cost": 0.00,                                                                                                                     
                                   "Total Cost": 0.03,                                                                                                                       
                                   "Plan Rows": 1,                                                                                                                           
                                   "Plan Width": 4,                                                                                                                          
                                   "Actual Startup Time": 0.000,                                                                                                             
                                   "Actual Total Time": 0.000,                                                                                                               
                                   "Actual Rows": 1,                                                                                                                         
                                   "Actual Loops": 8765,                                                                                                                     
                                   "Shared Hit Blocks": 1,                                                                                                                   
                                   "Shared Read Blocks": 0,                                                                                                                  
                                   "Shared Dirtied Blocks": 0,                                                                                                               
                                   "Shared Written Blocks": 0,                                                                                                               
                                   "Local Hit Blocks": 0,                                                                                                                    
                                   "Local Read Blocks": 0,                                                                                                                   
                                   "Local Dirtied Blocks": 0,                                                                                                                
                                   "Local Written Blocks": 0,                                                                                                                
                                   "Temp Read Blocks": 0,                                                                                                                    
                                   "Temp Written Blocks": 0,                                                                                                                 
                                   "Plans": [                                                                                                                                
                                     {                                                                                                                                       
                                       "Node Type": "Seq Scan",                                                                                                              
                                       "Parent Relationship": "Outer",                                                                                                       
                                       "Parallel Aware": false,                                                                                                              
                                       "Relation Name": "comp_cast_type",                                                                                                    
                                       "Alias": "cct",                                                                                                                      
                                       "Startup Cost": 0.00,                                                                                                                 
                                       "Total Cost": 0.03,                                                                                                                   
                                       "Plan Rows": 1,                                                                                                                       
                                       "Plan Width": 4,                                                                                                                      
                                       "Actual Startup Time": 0.010,                                                                                                         
                                       "Actual Total Time": 0.011,                                                                                                           
                                       "Actual Rows": 2,                                                                                                                     
                                       "Actual Loops": 1,                                                                                                                    
                                       "Filter": "((kind)::text ~~ '%complete%'::text)",                                                                                     
                                       "Rows Removed by Filter": 2,                                                                                                          
                                       "Shared Hit Blocks": 1,                                                                                                               
                                       "Shared Read Blocks": 0,                                                                                                              
                                       "Shared Dirtied Blocks": 0,                                                                                                           
                                       "Shared Written Blocks": 0,                                                                                                           
                                       "Local Hit Blocks": 0,                                                                                                                
                                       "Local Read Blocks": 0,                                                                                                               
                                       "Local Dirtied Blocks": 0,                                                                                                            
                                       "Local Written Blocks": 0,                                                                                                            
                                       "Temp Read Blocks": 0,                                                                                                                
                                       "Temp Written Blocks": 0                                                                                                              
                                     }                                                                                                                                       
                                   ]                                                                                                                                         
                                 }                                                                                                                                           
                               ]                                                                                                                                             
                             },                                                                                                                                              
                             {                                                                                                                                               
                               "Node Type": "Index Scan",                                                                                                                    
                               "Parent Relationship": "Inner",                                                                                                               
                               "Parallel Aware": false,                                                                                                                      
                               "Scan Direction": "Forward",                                                                                                                  
                               "Index Name": "title_idx_id",                                                                                                                 
                               "Relation Name": "title",                                                                                                                     
                               "Alias": "t",                                                                                                                                 
                               "Startup Cost": 0.01,                                                                                                                         
                               "Total Cost": 0.04,                                                                                                                           
                               "Plan Rows": 1,                                                                                                                               
                               "Plan Width": 25,                                                                                                                             
                               "Actual Startup Time": 5.151,                                                                                                                 
                               "Actual Total Time": 5.151,                                                                                                                   
                               "Actual Rows": 0,                                                                                                                             
                               "Actual Loops": 8765,                                                                                                                         
                               "Index Cond": "(id = mk.movie_id)",                                                                                                           
                               "Rows Removed by Index Recheck": 0,                                                                                                           
                               "Filter": "(production_year > 2000)",                                                                                                         
                               "Rows Removed by Filter": 1,                                                                                                                  
                               "Shared Hit Blocks": 27400,                                                                                                                   
                               "Shared Read Blocks": 7694,                                                                                                                   
                               "Shared Dirtied Blocks": 0,                                                                                                                   
                               "Shared Written Blocks": 0,                                                                                                                   
                               "Local Hit Blocks": 0,                                                                                                                        
                               "Local Read Blocks": 0,                                                                                                                       
                               "Local Dirtied Blocks": 0,                                                                                                                    
                               "Local Written Blocks": 0,                                                                                                                    
                               "Temp Read Blocks": 0,                                                                                                                        
                               "Temp Written Blocks": 0                                                                                                                      
                             }                                                                                                                                               
                           ]                                                                                                                                                 
                         },                                                                                                                                                  
                         {                                                                                                                                                   
                           "Node Type": "Index Scan",                                                                                                                        
                           "Parent Relationship": "Inner",                                                                                                                   
                           "Parallel Aware": false,                                                                                                                          
                           "Scan Direction": "Forward",                                                                                                                      
                           "Index Name": "movie_id_cast_info",                                                                                                               
                           "Relation Name": "cast_info",                                                                                                                     
                           "Alias": "ci",                                                                                                                                    
                           "Startup Cost": 0.02,                                                                                                                             
                           "Total Cost": 0.26,                                                                                                                               
                           "Plan Rows": 23,                                                                                                                                  
                           "Plan Width": 12,                                                                                                                                 
                           "Actual Startup Time": 14.763,                                                                                                                    
                           "Actual Total Time": 260.482,                                                                                                                     
                           "Actual Rows": 131,                                                                                                                               
                           "Actual Loops": 1872,                                                                                                                             
                           "Index Cond": "(movie_id = mk.movie_id)",                                                                                                         
                           "Rows Removed by Index Recheck": 0,                                                                                                               
                           "Shared Hit Blocks": 169796,                                                                                                                      
                           "Shared Read Blocks": 75593,                                                                                                                      
                           "Shared Dirtied Blocks": 0,                                                                                                                       
                           "Shared Written Blocks": 0,                                                                                                                       
                           "Local Hit Blocks": 0,                                                                                                                            
                           "Local Read Blocks": 0,                                                                                                                           
                           "Local Dirtied Blocks": 0,                                                                                                                        
                           "Local Written Blocks": 0,                                                                                                                        
                           "Temp Read Blocks": 0,                                                                                                                            
                           "Temp Written Blocks": 0                                                                                                                          
                         }                                                                                                                                                   
                       ]                                                                                                                                                     
                     },                                                                                                                                                      
                     {                                                                                                                                                       
                       "Node Type": "Materialize",                                                                                                                           
                       "Parent Relationship": "Inner",                                                                                                                       
                       "Parallel Aware": false,                                                                                                                              
                       "Startup Cost": 0.00,                                                                                                                                 
                       "Total Cost": 0.03,                                                                                                                                   
                       "Plan Rows": 1,                                                                                                                                       
                       "Plan Width": 4,                                                                                                                                      
                       "Actual Startup Time": 0.000,                                                                                                                         
                       "Actual Total Time": 0.000,                                                                                                                           
                       "Actual Rows": 1,                                                                                                                                     
                       "Actual Loops": 244871,                                                                                                                               
                       "Shared Hit Blocks": 1,                                                                                                                               
                       "Shared Read Blocks": 0,                                                                                                                              
                       "Shared Dirtied Blocks": 0,                                                                                                                           
                       "Shared Written Blocks": 0,                                                                                                                           
                       "Local Hit Blocks": 0,                                                                                                                                
                       "Local Read Blocks": 0,                                                                                                                               
                       "Local Dirtied Blocks": 0,                                                                                                                            
                       "Local Written Blocks": 0,                                                                                                                            
                       "Temp Read Blocks": 0,                                                                                                                                
                       "Temp Written Blocks": 0,                                                                                                                             
                       "Plans": [                                                                                                                                            
                         {                                                                                                                                                   
                           "Node Type": "Seq Scan",                                                                                                                          
                           "Parent Relationship": "Outer",                                                                                                                   
                           "Parallel Aware": false,                                                                                                                          
                           "Relation Name": "kind_type",                                                                                                                     
                           "Alias": "kt",                                                                                                                                    
                           "Startup Cost": 0.00,                                                                                                                             
                           "Total Cost": 0.03,                                                                                                                               
                           "Plan Rows": 1,                                                                                                                                   
                           "Plan Width": 4,                                                                                                                                  
                           "Actual Startup Time": 0.033,                                                                                                                     
                           "Actual Total Time": 0.038,                                                                                                                       
                           "Actual Rows": 1,                                                                                                                                 
                           "Actual Loops": 1,                                                                                                                                
                           "Filter": "((kind)::text = 'movie'::text)",                                                                                                       
                           "Rows Removed by Filter": 6,                                                                                                                      
                           "Shared Hit Blocks": 1,                                                                                                                           
                           "Shared Read Blocks": 0,                                                                                                                          
                           "Shared Dirtied Blocks": 0,                                                                                                                       
                           "Shared Written Blocks": 0,                                                                                                                       
                           "Local Hit Blocks": 0,                                                                                                                            
                           "Local Read Blocks": 0,                                                                                                                           
                           "Local Dirtied Blocks": 0,                                                                                                                        
                           "Local Written Blocks": 0,                                                                                                                        
                           "Temp Read Blocks": 0,                                                                                                                            
                           "Temp Written Blocks": 0                                                                                                                          
                         }                                                                                                                                                   
                       ]                                                                                                                                                     
                     }                                                                                                                                                       
                   ]                                                                                                                                                         
                 },                                                                                                                                                          
                 {                                                                                                                                                           
                   "Node Type": "Index Scan",                                                                                                                                
                   "Parent Relationship": "Inner",                                                                                                                           
                   "Parallel Aware": false,                                                                                                                                  
                   "Scan Direction": "Forward",                                                                                                                              
                   "Index Name": "name_pkey",                                                                                                                                
                   "Relation Name": "name",                                                                                                                                  
                   "Alias": "n",                                                                                                                                             
                   "Startup Cost": 0.01,                                                                                                                                     
                   "Total Cost": 0.02,                                                                                                                                       
                   "Plan Rows": 1,                                                                                                                                           
                   "Plan Width": 4,                                                                                                                                          
                   "Actual Startup Time": 1.265,                                                                                                                             
                   "Actual Total Time": 1.265,                                                                                                                               
                   "Actual Rows": 0,                                                                                                                                         
                   "Actual Loops": 222518,                                                                                                                                   
                   "Index Cond": "(id = ci.person_id)",                                                                                                                      
                   "Rows Removed by Index Recheck": 0,                                                                                                                       
                   "Filter": "(name ~~ '%Downey%Robert%'::text)",                                                                                                            
                   "Rows Removed by Filter": 1,                                                                                                                              
                   "Shared Hit Blocks": 837883,                                                                                                                              
                   "Shared Read Blocks": 53772,                                                                                                                              
                   "Shared Dirtied Blocks": 0,                                                                                                                               
                   "Shared Written Blocks": 0,                                                                                                                               
                   "Local Hit Blocks": 0,                                                                                                                                    
                   "Local Read Blocks": 0,                                                                                                                                   
                   "Local Dirtied Blocks": 0,                                                                                                                                
                   "Local Written Blocks": 0,                                                                                                                                
                   "Temp Read Blocks": 0,                                                                                                                                    
                   "Temp Written Blocks": 0                                                                                                                                  
                 }                                                                                                                                                           
               ]                                                                                                                                                             
             },                                                                                                                                                              
             {                                                                                                                                                               
               "Node Type": "Index Scan",                                                                                                                                    
               "Parent Relationship": "Inner",                                                                                                                               
               "Parallel Aware": false,                                                                                                                                      
               "Scan Direction": "Forward",                                                                                                                                  
               "Index Name": "char_name_pkey",                                                                                                                               
               "Relation Name": "char_name",                                                                                                                                 
               "Alias": "chn",                                                                                                                                               
               "Startup Cost": 0.01,                                                                                                                                         
               "Total Cost": 0.02,                                                                                                                                           
               "Plan Rows": 1,                                                                                                                                               
               "Plan Width": 4,                                                                                                                                              
               "Actual Startup Time": 4.313,                                                                                                                                 
               "Actual Total Time": 4.313,                                                                                                                                   
               "Actual Rows": 1,                                                                                                                                             
               "Actual Loops": 27,                                                                                                                                           
               "Index Cond": "(id = ci.person_role_id)",                                                                                                                     
               "Rows Removed by Index Recheck": 0,                                                                                                                           
               "Filter": "((name !~~ '%Sherlock%'::text) AND ((name ~~ '%Tony%Stark%'::text) OR (name ~~ '%Iron%Man%'::text)))",                                             
               "Rows Removed by Filter": 0,                                                                                                                                  
               "Shared Hit Blocks": 88,                                                                                                                                      
               "Shared Read Blocks": 16,                                                                                                                                     
               "Shared Dirtied Blocks": 0,                                                                                                                                   
               "Shared Written Blocks": 0,                                                                                                                                   
               "Local Hit Blocks": 0,                                                                                                                                        
               "Local Read Blocks": 0,                                                                                                                                       
               "Local Dirtied Blocks": 0,                                                                                                                                    
               "Local Written Blocks": 0,                                                                                                                                    
               "Temp Read Blocks": 0,                                                                                                                                        
               "Temp Written Blocks": 0                                                                                                                                      
             }                                                                                                                                                               
           ]                                                                                                                                                                 
         }                                                                                                                                                                   
       ]                                                                                                                                                                     
     },                                                                                                                                                                      
     "Planning Time": 6295.535,                                                                                                                                              
     "Triggers": [                                                                                                                                                           
     ],                                                                                                                                                                      
     "Execution Time": 837414.074                                                                                                                                            
   }                                                                                                                                                                         
 ]
