 [                                                                                                                                                                              
   {                                                                                                                                                                            
     "Plan": {                                                                                                                                                                  
       "Node Type": "Aggregate",                                                                                                                                                
       "Strategy": "Plain",                                                                                                                                                     
       "Partial Mode": "Simple",                                                                                                                                                
       "Parallel Aware": false,                                                                                                                                                 
       "Startup Cost": 1312.08,                                                                                                                                                 
       "Total Cost": 1312.08,                                                                                                                                                   
       "Plan Rows": 1,                                                                                                                                                          
       "Plan Width": 64,                                                                                                                                                        
       "Actual Startup Time": 695487.094,                                                                                                                                       
       "Actual Total Time": 695487.094,                                                                                                                                         
       "Actual Rows": 1,                                                                                                                                                        
       "Actual Loops": 1,                                                                                                                                                       
       "Shared Hit Blocks": 525076,                                                                                                                                             
       "Shared Read Blocks": 127198,                                                                                                                                            
       "Shared Dirtied Blocks": 0,                                                                                                                                              
       "Shared Written Blocks": 0,                                                                                                                                              
       "Local Hit Blocks": 0,                                                                                                                                                   
       "Local Read Blocks": 0,                                                                                                                                                  
       "Local Dirtied Blocks": 0,                                                                                                                                               
       "Local Written Blocks": 0,                                                                                                                                               
       "Temp Read Blocks": 0,                                                                                                                                                   
       "Temp Written Blocks": 0,                                                                                                                                                
       "Plans": [                                                                                                                                                               
         {                                                                                                                                                                      
           "Node Type": "Nested Loop",                                                                                                                                          
           "Parent Relationship": "Outer",                                                                                                                                      
           "Parallel Aware": false,                                                                                                                                             
           "Join Type": "Inner",                                                                                                                                                
           "Startup Cost": 0.08,                                                                                                                                                
           "Total Cost": 1312.08,                                                                                                                                               
           "Plan Rows": 1,                                                                                                                                                      
           "Plan Width": 32,                                                                                                                                                    
           "Actual Startup Time": 3746.540,                                                                                                                                     
           "Actual Total Time": 695448.018,                                                                                                                                     
           "Actual Rows": 5406,                                                                                                                                                 
           "Actual Loops": 1,                                                                                                                                                   
           "Inner Unique": true,                                                                                                                                                
           "Shared Hit Blocks": 525076,                                                                                                                                         
           "Shared Read Blocks": 127198,                                                                                                                                        
           "Shared Dirtied Blocks": 0,                                                                                                                                          
           "Shared Written Blocks": 0,                                                                                                                                          
           "Local Hit Blocks": 0,                                                                                                                                               
           "Local Read Blocks": 0,                                                                                                                                              
           "Local Dirtied Blocks": 0,                                                                                                                                           
           "Local Written Blocks": 0,                                                                                                                                           
           "Temp Read Blocks": 0,                                                                                                                                               
           "Temp Written Blocks": 0,                                                                                                                                            
           "Plans": [                                                                                                                                                           
             {                                                                                                                                                                  
               "Node Type": "Nested Loop",                                                                                                                                      
               "Parent Relationship": "Outer",                                                                                                                                  
               "Parallel Aware": false,                                                                                                                                         
               "Join Type": "Inner",                                                                                                                                            
               "Startup Cost": 0.07,                                                                                                                                            
               "Total Cost": 1311.98,                                                                                                                                           
               "Plan Rows": 1,                                                                                                                                                  
               "Plan Width": 21,                                                                                                                                                
               "Actual Startup Time": 3730.107,                                                                                                                                 
               "Actual Total Time": 653581.354,                                                                                                                                 
               "Actual Rows": 5406,                                                                                                                                             
               "Actual Loops": 1,                                                                                                                                               
               "Inner Unique": true,                                                                                                                                            
               "Shared Hit Blocks": 509578,                                                                                                                                     
               "Shared Read Blocks": 121048,                                                                                                                                    
               "Shared Dirtied Blocks": 0,                                                                                                                                      
               "Shared Written Blocks": 0,                                                                                                                                      
               "Local Hit Blocks": 0,                                                                                                                                           
               "Local Read Blocks": 0,                                                                                                                                          
               "Local Dirtied Blocks": 0,                                                                                                                                       
               "Local Written Blocks": 0,                                                                                                                                       
               "Temp Read Blocks": 0,                                                                                                                                           
               "Temp Written Blocks": 0,                                                                                                                                        
               "Plans": [                                                                                                                                                       
                 {                                                                                                                                                              
                   "Node Type": "Nested Loop",                                                                                                                                  
                   "Parent Relationship": "Outer",                                                                                                                              
                   "Parallel Aware": false,                                                                                                                                     
                   "Join Type": "Inner",                                                                                                                                        
                   "Startup Cost": 0.06,                                                                                                                                        
                   "Total Cost": 1311.89,                                                                                                                                       
                   "Plan Rows": 5,                                                                                                                                              
                   "Plan Width": 25,                                                                                                                                            
                   "Actual Startup Time": 2170.926,                                                                                                                             
                   "Actual Total Time": 489480.316,                                                                                                                             
                   "Actual Rows": 189844,                                                                                                                                       
                   "Actual Loops": 1,                                                                                                                                           
                   "Inner Unique": true,                                                                                                                                        
                   "Join Filter": "(t.kind_id = kt.id)",                                                                                                                        
                   "Rows Removed by Join Filter": 17433,                                                                                                                        
                   "Shared Hit Blocks": 240961,                                                                                                                                 
                   "Shared Read Blocks": 92513,                                                                                                                                 
                   "Shared Dirtied Blocks": 0,                                                                                                                                  
                   "Shared Written Blocks": 0,                                                                                                                                  
                   "Local Hit Blocks": 0,                                                                                                                                       
                   "Local Read Blocks": 0,                                                                                                                                      
                   "Local Dirtied Blocks": 0,                                                                                                                                   
                   "Local Written Blocks": 0,                                                                                                                                   
                   "Temp Read Blocks": 0,                                                                                                                                       
                   "Temp Written Blocks": 0,                                                                                                                                    
                   "Plans": [                                                                                                                                                   
                     {                                                                                                                                                          
                       "Node Type": "Nested Loop",                                                                                                                              
                       "Parent Relationship": "Outer",                                                                                                                          
                       "Parallel Aware": false,                                                                                                                                 
                       "Join Type": "Inner",                                                                                                                                    
                       "Startup Cost": 0.06,                                                                                                                                    
                       "Total Cost": 1311.85,                                                                                                                                   
                       "Plan Rows": 33,                                                                                                                                         
                       "Plan Width": 29,                                                                                                                                        
                       "Actual Startup Time": 830.751,                                                                                                                          
                       "Actual Total Time": 488998.497,                                                                                                                         
                       "Actual Rows": 207277,                                                                                                                                   
                       "Actual Loops": 1,                                                                                                                                       
                       "Inner Unique": false,                                                                                                                                   
                       "Join Filter": "(t.id = ci.movie_id)",                                                                                                                   
                       "Rows Removed by Join Filter": 0,                                                                                                                        
                       "Shared Hit Blocks": 240960,                                                                                                                             
                       "Shared Read Blocks": 92513,                                                                                                                             
                       "Shared Dirtied Blocks": 0,                                                                                                                              
                       "Shared Written Blocks": 0,                                                                                                                              
                       "Local Hit Blocks": 0,                                                                                                                                   
                       "Local Read Blocks": 0,                                                                                                                                  
                       "Local Dirtied Blocks": 0,                                                                                                                               
                       "Local Written Blocks": 0,                                                                                                                               
                       "Temp Read Blocks": 0,                                                                                                                                   
                       "Temp Written Blocks": 0,                                                                                                                                
                       "Plans": [                                                                                                                                               
                         {                                                                                                                                                      
                           "Node Type": "Nested Loop",                                                                                                                          
                           "Parent Relationship": "Outer",                                                                                                                      
                           "Parallel Aware": false,                                                                                                                             
                           "Join Type": "Inner",                                                                                                                                
                           "Startup Cost": 0.04,                                                                                                                                
                           "Total Cost": 1311.06,                                                                                                                               
                           "Plan Rows": 3,                                                                                                                                      
                           "Plan Width": 33,                                                                                                                                    
                           "Actual Startup Time": 792.289,                                                                                                                      
                           "Actual Total Time": 64955.666,                                                                                                                      
                           "Actual Rows": 1595,                                                                                                                                 
                           "Actual Loops": 1,                                                                                                                                   
                           "Inner Unique": true,                                                                                                                                
                           "Shared Hit Blocks": 104368,                                                                                                                         
                           "Shared Read Blocks": 21203,                                                                                                                         
                           "Shared Dirtied Blocks": 0,                                                                                                                          
                           "Shared Written Blocks": 0,                                                                                                                          
                           "Local Hit Blocks": 0,                                                                                                                               
                           "Local Read Blocks": 0,                                                                                                                              
                           "Local Dirtied Blocks": 0,                                                                                                                           
                           "Local Written Blocks": 0,                                                                                                                           
                           "Temp Read Blocks": 0,                                                                                                                               
                           "Temp Written Blocks": 0,                                                                                                                            
                           "Plans": [                                                                                                                                           
                             {                                                                                                                                                  
                               "Node Type": "Nested Loop",                                                                                                                      
                               "Parent Relationship": "Outer",                                                                                                                  
                               "Parallel Aware": false,                                                                                                                         
                               "Join Type": "Inner",                                                                                                                            
                               "Startup Cost": 0.03,                                                                                                                            
                               "Total Cost": 1310.81,                                                                                                                           
                               "Plan Rows": 6,                                                                                                                                  
                               "Plan Width": 8,                                                                                                                                 
                               "Actual Startup Time": 113.489,                                                                                                                  
                               "Actual Total Time": 21999.342,                                                                                                                  
                               "Actual Rows": 6396,                                                                                                                             
                               "Actual Loops": 1,                                                                                                                               
                               "Inner Unique": true,                                                                                                                            
                               "Join Filter": "(cc.status_id = cct.id)",                                                                                                       
                               "Rows Removed by Join Filter": 3253,                                                                                                             
                               "Shared Hit Blocks": 85244,                                                                                                                      
                               "Shared Read Blocks": 14723,                                                                                                                     
                               "Shared Dirtied Blocks": 0,                                                                                                                      
                               "Shared Written Blocks": 0,                                                                                                                      
                               "Local Hit Blocks": 0,                                                                                                                           
                               "Local Read Blocks": 0,                                                                                                                          
                               "Local Dirtied Blocks": 0,                                                                                                                       
                               "Local Written Blocks": 0,                                                                                                                       
                               "Temp Read Blocks": 0,                                                                                                                           
                               "Temp Written Blocks": 0,                                                                                                                        
                               "Plans": [                                                                                                                                       
                                 {                                                                                                                                              
                                   "Node Type": "Nested Loop",                                                                                                                  
                                   "Parent Relationship": "Outer",                                                                                                              
                                   "Parallel Aware": false,                                                                                                                     
                                   "Join Type": "Inner",                                                                                                                        
                                   "Startup Cost": 0.03,                                                                                                                        
                                   "Total Cost": 1310.77,                                                                                                                       
                                   "Plan Rows": 25,                                                                                                                             
                                   "Plan Width": 12,                                                                                                                            
                                   "Actual Startup Time": 113.468,                                                                                                              
                                   "Actual Total Time": 21983.701,                                                                                                              
                                   "Actual Rows": 6396,                                                                                                                         
                                   "Actual Loops": 1,                                                                                                                           
                                   "Inner Unique": true,                                                                                                                        
                                   "Join Filter": "(cc.subject_id = cct.id)",                                                                                                  
                                   "Rows Removed by Join Filter": 2996,                                                                                                         
                                   "Shared Hit Blocks": 85243,                                                                                                                  
                                   "Shared Read Blocks": 14723,                                                                                                                 
                                   "Shared Dirtied Blocks": 0,                                                                                                                  
                                   "Shared Written Blocks": 0,                                                                                                                  
                                   "Local Hit Blocks": 0,                                                                                                                       
                                   "Local Read Blocks": 0,                                                                                                                      
                                   "Local Dirtied Blocks": 0,                                                                                                                   
                                   "Local Written Blocks": 0,                                                                                                                   
                                   "Temp Read Blocks": 0,                                                                                                                       
                                   "Temp Written Blocks": 0,                                                                                                                    
                                   "Plans": [                                                                                                                                   
                                     {                                                                                                                                          
                                       "Node Type": "Nested Loop",                                                                                                              
                                       "Parent Relationship": "Outer",                                                                                                          
                                       "Parallel Aware": false,                                                                                                                 
                                       "Join Type": "Inner",                                                                                                                    
                                       "Startup Cost": 0.03,                                                                                                                    
                                       "Total Cost": 1310.72,                                                                                                                   
                                       "Plan Rows": 102,                                                                                                                        
                                       "Plan Width": 16,                                                                                                                        
                                       "Actual Startup Time": 113.429,                                                                                                          
                                       "Actual Total Time": 21956.146,                                                                                                          
                                       "Actual Rows": 9392,                                                                                                                     
                                       "Actual Loops": 1,                                                                                                                       
                                       "Inner Unique": false,                                                                                                                   
                                       "Shared Hit Blocks": 85242,                                                                                                              
                                       "Shared Read Blocks": 14723,                                                                                                             
                                       "Shared Dirtied Blocks": 0,                                                                                                              
                                       "Shared Written Blocks": 0,                                                                                                              
                                       "Local Hit Blocks": 0,                                                                                                                   
                                       "Local Read Blocks": 0,                                                                                                                  
                                       "Local Dirtied Blocks": 0,                                                                                                               
                                       "Local Written Blocks": 0,                                                                                                               
                                       "Temp Read Blocks": 0,                                                                                                                   
                                       "Temp Written Blocks": 0,                                                                                                                
                                       "Plans": [                                                                                                                               
                                         {                                                                                                                                      
                                           "Node Type": "Nested Loop",                                                                                                          
                                           "Parent Relationship": "Outer",                                                                                                      
                                           "Parallel Aware": false,                                                                                                             
                                           "Join Type": "Inner",                                                                                                                
                                           "Startup Cost": 0.01,                                                                                                                
                                           "Total Cost": 1305.98,                                                                                                               
                                           "Plan Rows": 337,                                                                                                                    
                                           "Plan Width": 4,                                                                                                                     
                                           "Actual Startup Time": 45.797,                                                                                                       
                                           "Actual Total Time": 17329.439,                                                                                                      
                                           "Actual Rows": 24091,                                                                                                                
                                           "Actual Loops": 1,                                                                                                                   
                                           "Inner Unique": false,                                                                                                               
                                           "Shared Hit Blocks": 4487,                                                                                                           
                                           "Shared Read Blocks": 13685,                                                                                                         
                                           "Shared Dirtied Blocks": 0,                                                                                                          
                                           "Shared Written Blocks": 0,                                                                                                          
                                           "Local Hit Blocks": 0,                                                                                                               
                                           "Local Read Blocks": 0,                                                                                                              
                                           "Local Dirtied Blocks": 0,                                                                                                           
                                           "Local Written Blocks": 0,                                                                                                           
                                           "Temp Read Blocks": 0,                                                                                                               
                                           "Temp Written Blocks": 0,                                                                                                            
                                           "Plans": [                                                                                                                           
                                             {                                                                                                                                  
                                               "Node Type": "Seq Scan",                                                                                                         
                                               "Parent Relationship": "Outer",                                                                                                  
                                               "Parallel Aware": false,                                                                                                         
                                               "Relation Name": "keyword",                                                                                                      
                                               "Alias": "k",                                                                                                                    
                                               "Startup Cost": 0.00,                                                                                                            
                                               "Total Cost": 91.13,                                                                                                             
                                               "Plan Rows": 10,                                                                                                                 
                                               "Plan Width": 4,                                                                                                                 
                                               "Actual Startup Time": 20.449,                                                                                                   
                                               "Actual Total Time": 127.972,                                                                                                    
                                               "Actual Rows": 10,                                                                                                               
                                               "Actual Loops": 1,                                                                                                               
                                               "Filter": "(keyword = ANY ('{superhero,marvel-comics,based-on-comic,tv-special,fight,violence,magnet,web,claw,laser}'::text[]))",
                                               "Rows Removed by Filter": 134160,                                                                                                
                                               "Shared Hit Blocks": 2,                                                                                                          
                                               "Shared Read Blocks": 947,                                                                                                       
                                               "Shared Dirtied Blocks": 0,                                                                                                      
                                               "Shared Written Blocks": 0,                                                                                                      
                                               "Local Hit Blocks": 0,                                                                                                           
                                               "Local Read Blocks": 0,                                                                                                          
                                               "Local Dirtied Blocks": 0,                                                                                                       
                                               "Local Written Blocks": 0,                                                                                                       
                                               "Temp Read Blocks": 0,                                                                                                           
                                               "Temp Written Blocks": 0                                                                                                         
                                             },                                                                                                                                 
                                             {                                                                                                                                  
                                               "Node Type": "Index Scan",                                                                                                       
                                               "Parent Relationship": "Inner",                                                                                                  
                                               "Parallel Aware": false,                                                                                                         
                                               "Scan Direction": "Forward",                                                                                                     
                                               "Index Name": "keyword_id_movie_keyword",                                                                                        
                                               "Relation Name": "movie_keyword",                                                                                                
                                               "Alias": "mk",                                                                                                                   
                                               "Startup Cost": 0.01,                                                                                                            
                                               "Total Cost": 121.48,                                                                                                            
                                               "Plan Rows": 39,                                                                                                                 
                                               "Plan Width": 8,                                                                                                                 
                                               "Actual Startup Time": 39.480,                                                                                                   
                                               "Actual Total Time": 1717.626,                                                                                                   
                                               "Actual Rows": 2409,                                                                                                             
                                               "Actual Loops": 10,                                                                                                              
                                               "Index Cond": "(keyword_id = k.id)",                                                                                             
                                               "Rows Removed by Index Recheck": 0,                                                                                              
                                               "Shared Hit Blocks": 4485,                                                                                                       
                                               "Shared Read Blocks": 12738,                                                                                                     
                                               "Shared Dirtied Blocks": 0,                                                                                                      
                                               "Shared Written Blocks": 0,                                                                                                      
                                               "Local Hit Blocks": 0,                                                                                                           
                                               "Local Read Blocks": 0,                                                                                                          
                                               "Local Dirtied Blocks": 0,                                                                                                       
                                               "Local Written Blocks": 0,                                                                                                       
                                               "Temp Read Blocks": 0,                                                                                                           
                                               "Temp Written Blocks": 0                                                                                                         
                                             }                                                                                                                                  
                                           ]                                                                                                                                    
                                         },                                                                                                                                     
                                         {                                                                                                                                      
                                           "Node Type": "Index Scan",                                                                                                           
                                           "Parent Relationship": "Inner",                                                                                                      
                                           "Parallel Aware": false,                                                                                                             
                                           "Scan Direction": "Forward",                                                                                                         
                                           "Index Name": "movie_id_complete_cast",                                                                                              
                                           "Relation Name": "complete_cast",                                                                                                    
                                           "Alias": "cc",                                                                                                                       
                                           "Startup Cost": 0.01,                                                                                                                
                                           "Total Cost": 0.01,                                                                                                                  
                                           "Plan Rows": 1,                                                                                                                      
                                           "Plan Width": 12,                                                                                                                    
                                           "Actual Startup Time": 0.121,                                                                                                        
                                           "Actual Total Time": 0.189,                                                                                                          
                                           "Actual Rows": 0,                                                                                                                    
                                           "Actual Loops": 24091,                                                                                                               
                                           "Index Cond": "(movie_id = mk.movie_id)",                                                                                            
                                           "Rows Removed by Index Recheck": 0,                                                                                                  
                                           "Shared Hit Blocks": 80755,                                                                                                          
                                           "Shared Read Blocks": 1038,                                                                                                          
                                           "Shared Dirtied Blocks": 0,                                                                                                          
                                           "Shared Written Blocks": 0,                                                                                                          
                                           "Local Hit Blocks": 0,                                                                                                               
                                           "Local Read Blocks": 0,                                                                                                              
                                           "Local Dirtied Blocks": 0,                                                                                                           
                                           "Local Written Blocks": 0,                                                                                                           
                                           "Temp Read Blocks": 0,                                                                                                               
                                           "Temp Written Blocks": 0                                                                                                             
                                         }                                                                                                                                      
                                       ]                                                                                                                                        
                                     },                                                                                                                                         
                                     {                                                                                                                                          
                                       "Node Type": "Materialize",                                                                                                              
                                       "Parent Relationship": "Inner",                                                                                                          
                                       "Parallel Aware": false,                                                                                                                 
                                       "Startup Cost": 0.00,                                                                                                                    
                                       "Total Cost": 0.03,                                                                                                                      
                                       "Plan Rows": 1,                                                                                                                          
                                       "Plan Width": 4,                                                                                                                         
                                       "Actual Startup Time": 0.001,                                                                                                            
                                       "Actual Total Time": 0.001,                                                                                                              
                                       "Actual Rows": 1,                                                                                                                        
                                       "Actual Loops": 9392,                                                                                                                    
                                       "Shared Hit Blocks": 1,                                                                                                                  
                                       "Shared Read Blocks": 0,                                                                                                                 
                                       "Shared Dirtied Blocks": 0,                                                                                                              
                                       "Shared Written Blocks": 0,                                                                                                              
                                       "Local Hit Blocks": 0,                                                                                                                   
                                       "Local Read Blocks": 0,                                                                                                                  
                                       "Local Dirtied Blocks": 0,                                                                                                               
                                       "Local Written Blocks": 0,                                                                                                               
                                       "Temp Read Blocks": 0,                                                                                                                   
                                       "Temp Written Blocks": 0,                                                                                                                
                                       "Plans": [                                                                                                                               
                                         {                                                                                                                                      
                                           "Node Type": "Seq Scan",                                                                                                             
                                           "Parent Relationship": "Outer",                                                                                                      
                                           "Parallel Aware": false,                                                                                                             
                                           "Relation Name": "comp_cast_type",                                                                                                   
                                           "Alias": "cct",                                                                                                                     
                                           "Startup Cost": 0.00,                                                                                                                
                                           "Total Cost": 0.03,                                                                                                                  
                                           "Plan Rows": 1,                                                                                                                      
                                           "Plan Width": 4,                                                                                                                     
                                           "Actual Startup Time": 0.016,                                                                                                        
                                           "Actual Total Time": 0.024,                                                                                                          
                                           "Actual Rows": 1,                                                                                                                    
                                           "Actual Loops": 1,                                                                                                                   
                                           "Filter": "((kind)::text = 'cast'::text)",                                                                                           
                                           "Rows Removed by Filter": 3,                                                                                                         
                                           "Shared Hit Blocks": 1,                                                                                                              
                                           "Shared Read Blocks": 0,                                                                                                             
                                           "Shared Dirtied Blocks": 0,                                                                                                          
                                           "Shared Written Blocks": 0,                                                                                                          
                                           "Local Hit Blocks": 0,                                                                                                               
                                           "Local Read Blocks": 0,                                                                                                              
                                           "Local Dirtied Blocks": 0,                                                                                                           
                                           "Local Written Blocks": 0,                                                                                                           
                                           "Temp Read Blocks": 0,                                                                                                               
                                           "Temp Written Blocks": 0                                                                                                             
                                         }                                                                                                                                      
                                       ]                                                                                                                                        
                                     }                                                                                                                                          
                                   ]                                                                                                                                            
                                 },                                                                                                                                             
                                 {                                                                                                                                              
                                   "Node Type": "Materialize",                                                                                                                  
                                   "Parent Relationship": "Inner",                                                                                                              
                                   "Parallel Aware": false,                                                                                                                     
                                   "Startup Cost": 0.00,                                                                                                                        
                                   "Total Cost": 0.03,                                                                                                                          
                                   "Plan Rows": 1,                                                                                                                              
                                   "Plan Width": 4,                                                                                                                             
                                   "Actual Startup Time": 0.000,                                                                                                                
                                   "Actual Total Time": 0.000,                                                                                                                  
                                   "Actual Rows": 2,                                                                                                                            
                                   "Actual Loops": 6396,                                                                                                                        
                                   "Shared Hit Blocks": 1,                                                                                                                      
                                   "Shared Read Blocks": 0,                                                                                                                     
                                   "Shared Dirtied Blocks": 0,                                                                                                                  
                                   "Shared Written Blocks": 0,                                                                                                                  
                                   "Local Hit Blocks": 0,                                                                                                                       
                                   "Local Read Blocks": 0,                                                                                                                      
                                   "Local Dirtied Blocks": 0,                                                                                                                   
                                   "Local Written Blocks": 0,                                                                                                                   
                                   "Temp Read Blocks": 0,                                                                                                                       
                                   "Temp Written Blocks": 0,                                                                                                                    
                                   "Plans": [                                                                                                                                   
                                     {                                                                                                                                          
                                       "Node Type": "Seq Scan",                                                                                                                 
                                       "Parent Relationship": "Outer",                                                                                                          
                                       "Parallel Aware": false,                                                                                                                 
                                       "Relation Name": "comp_cast_type",                                                                                                       
                                       "Alias": "cct",                                                                                                                         
                                       "Startup Cost": 0.00,                                                                                                                    
                                       "Total Cost": 0.03,                                                                                                                      
                                       "Plan Rows": 1,                                                                                                                          
                                       "Plan Width": 4,                                                                                                                         
                                       "Actual Startup Time": 0.010,                                                                                                            
                                       "Actual Total Time": 0.011,                                                                                                              
                                       "Actual Rows": 2,                                                                                                                        
                                       "Actual Loops": 1,                                                                                                                       
                                       "Filter": "((kind)::text ~~ '%complete%'::text)",                                                                                        
                                       "Rows Removed by Filter": 2,                                                                                                             
                                       "Shared Hit Blocks": 1,                                                                                                                  
                                       "Shared Read Blocks": 0,                                                                                                                 
                                       "Shared Dirtied Blocks": 0,                                                                                                              
                                       "Shared Written Blocks": 0,                                                                                                              
                                       "Local Hit Blocks": 0,                                                                                                                   
                                       "Local Read Blocks": 0,                                                                                                                  
                                       "Local Dirtied Blocks": 0,                                                                                                               
                                       "Local Written Blocks": 0,                                                                                                               
                                       "Temp Read Blocks": 0,                                                                                                                   
                                       "Temp Written Blocks": 0                                                                                                                 
                                     }                                                                                                                                          
                                   ]                                                                                                                                            
                                 }                                                                                                                                              
                               ]                                                                                                                                                
                             },                                                                                                                                                 
                             {                                                                                                                                                  
                               "Node Type": "Index Scan",                                                                                                                       
                               "Parent Relationship": "Inner",                                                                                                                  
                               "Parallel Aware": false,                                                                                                                         
                               "Scan Direction": "Forward",                                                                                                                     
                               "Index Name": "title_idx_id",                                                                                                                    
                               "Relation Name": "title",                                                                                                                        
                               "Alias": "t",                                                                                                                                    
                               "Startup Cost": 0.01,                                                                                                                            
                               "Total Cost": 0.04,                                                                                                                              
                               "Plan Rows": 1,                                                                                                                                  
                               "Plan Width": 25,                                                                                                                                
                               "Actual Startup Time": 6.713,                                                                                                                    
                               "Actual Total Time": 6.713,                                                                                                                      
                               "Actual Rows": 0,                                                                                                                                
                               "Actual Loops": 6396,                                                                                                                            
                               "Index Cond": "(id = mk.movie_id)",                                                                                                              
                               "Rows Removed by Index Recheck": 0,                                                                                                              
                               "Filter": "(production_year > 2000)",                                                                                                            
                               "Rows Removed by Filter": 1,                                                                                                                     
                               "Shared Hit Blocks": 19124,                                                                                                                      
                               "Shared Read Blocks": 6480,                                                                                                                      
                               "Shared Dirtied Blocks": 0,                                                                                                                      
                               "Shared Written Blocks": 0,                                                                                                                      
                               "Local Hit Blocks": 0,                                                                                                                           
                               "Local Read Blocks": 0,                                                                                                                          
                               "Local Dirtied Blocks": 0,                                                                                                                       
                               "Local Written Blocks": 0,                                                                                                                       
                               "Temp Read Blocks": 0,                                                                                                                           
                               "Temp Written Blocks": 0                                                                                                                         
                             }                                                                                                                                                  
                           ]                                                                                                                                                    
                         },                                                                                                                                                     
                         {                                                                                                                                                      
                           "Node Type": "Index Scan",                                                                                                                           
                           "Parent Relationship": "Inner",                                                                                                                      
                           "Parallel Aware": false,                                                                                                                             
                           "Scan Direction": "Forward",                                                                                                                         
                           "Index Name": "movie_id_cast_info",                                                                                                                  
                           "Relation Name": "cast_info",                                                                                                                        
                           "Alias": "ci",                                                                                                                                       
                           "Startup Cost": 0.02,                                                                                                                                
                           "Total Cost": 0.26,                                                                                                                                  
                           "Plan Rows": 23,                                                                                                                                     
                           "Plan Width": 12,                                                                                                                                    
                           "Actual Startup Time": 15.612,                                                                                                                       
                           "Actual Total Time": 265.580,                                                                                                                        
                           "Actual Rows": 130,                                                                                                                                  
                           "Actual Loops": 1595,                                                                                                                                
                           "Index Cond": "(movie_id = mk.movie_id)",                                                                                                            
                           "Rows Removed by Index Recheck": 0,                                                                                                                  
                           "Shared Hit Blocks": 136592,                                                                                                                         
                           "Shared Read Blocks": 71310,                                                                                                                         
                           "Shared Dirtied Blocks": 0,                                                                                                                          
                           "Shared Written Blocks": 0,                                                                                                                          
                           "Local Hit Blocks": 0,                                                                                                                               
                           "Local Read Blocks": 0,                                                                                                                              
                           "Local Dirtied Blocks": 0,                                                                                                                           
                           "Local Written Blocks": 0,                                                                                                                           
                           "Temp Read Blocks": 0,                                                                                                                               
                           "Temp Written Blocks": 0                                                                                                                             
                         }                                                                                                                                                      
                       ]                                                                                                                                                        
                     },                                                                                                                                                         
                     {                                                                                                                                                          
                       "Node Type": "Materialize",                                                                                                                              
                       "Parent Relationship": "Inner",                                                                                                                          
                       "Parallel Aware": false,                                                                                                                                 
                       "Startup Cost": 0.00,                                                                                                                                    
                       "Total Cost": 0.03,                                                                                                                                      
                       "Plan Rows": 1,                                                                                                                                          
                       "Plan Width": 4,                                                                                                                                         
                       "Actual Startup Time": 0.000,                                                                                                                            
                       "Actual Total Time": 0.000,                                                                                                                              
                       "Actual Rows": 1,                                                                                                                                        
                       "Actual Loops": 207277,                                                                                                                                  
                       "Shared Hit Blocks": 1,                                                                                                                                  
                       "Shared Read Blocks": 0,                                                                                                                                 
                       "Shared Dirtied Blocks": 0,                                                                                                                              
                       "Shared Written Blocks": 0,                                                                                                                              
                       "Local Hit Blocks": 0,                                                                                                                                   
                       "Local Read Blocks": 0,                                                                                                                                  
                       "Local Dirtied Blocks": 0,                                                                                                                               
                       "Local Written Blocks": 0,                                                                                                                               
                       "Temp Read Blocks": 0,                                                                                                                                   
                       "Temp Written Blocks": 0,                                                                                                                                
                       "Plans": [                                                                                                                                               
                         {                                                                                                                                                      
                           "Node Type": "Seq Scan",                                                                                                                             
                           "Parent Relationship": "Outer",                                                                                                                      
                           "Parallel Aware": false,                                                                                                                             
                           "Relation Name": "kind_type",                                                                                                                        
                           "Alias": "kt",                                                                                                                                       
                           "Startup Cost": 0.00,                                                                                                                                
                           "Total Cost": 0.03,                                                                                                                                  
                           "Plan Rows": 1,                                                                                                                                      
                           "Plan Width": 4,                                                                                                                                     
                           "Actual Startup Time": 0.020,                                                                                                                        
                           "Actual Total Time": 0.032,                                                                                                                          
                           "Actual Rows": 1,                                                                                                                                    
                           "Actual Loops": 1,                                                                                                                                   
                           "Filter": "((kind)::text = 'movie'::text)",                                                                                                          
                           "Rows Removed by Filter": 6,                                                                                                                         
                           "Shared Hit Blocks": 1,                                                                                                                              
                           "Shared Read Blocks": 0,                                                                                                                             
                           "Shared Dirtied Blocks": 0,                                                                                                                          
                           "Shared Written Blocks": 0,                                                                                                                          
                           "Local Hit Blocks": 0,                                                                                                                               
                           "Local Read Blocks": 0,                                                                                                                              
                           "Local Dirtied Blocks": 0,                                                                                                                           
                           "Local Written Blocks": 0,                                                                                                                           
                           "Temp Read Blocks": 0,                                                                                                                               
                           "Temp Written Blocks": 0                                                                                                                             
                         }                                                                                                                                                      
                       ]                                                                                                                                                        
                     }                                                                                                                                                          
                   ]                                                                                                                                                            
                 },                                                                                                                                                             
                 {                                                                                                                                                              
                   "Node Type": "Index Scan",                                                                                                                                   
                   "Parent Relationship": "Inner",                                                                                                                              
                   "Parallel Aware": false,                                                                                                                                     
                   "Scan Direction": "Forward",                                                                                                                                 
                   "Index Name": "char_name_pkey",                                                                                                                              
                   "Relation Name": "char_name",                                                                                                                                
                   "Alias": "chn",                                                                                                                                              
                   "Startup Cost": 0.01,                                                                                                                                        
                   "Total Cost": 0.02,                                                                                                                                          
                   "Plan Rows": 1,                                                                                                                                              
                   "Plan Width": 4,                                                                                                                                             
                   "Actual Startup Time": 0.862,                                                                                                                                
                   "Actual Total Time": 0.862,                                                                                                                                  
                   "Actual Rows": 0,                                                                                                                                            
                   "Actual Loops": 189844,                                                                                                                                      
                   "Index Cond": "(id = ci.person_role_id)",                                                                                                                    
                   "Rows Removed by Index Recheck": 0,                                                                                                                          
                   "Filter": "((name IS NOT NULL) AND ((name ~~ '%man%'::text) OR (name ~~ '%Man%'::text)))",                                                                   
                   "Rows Removed by Filter": 0,                                                                                                                                 
                   "Shared Hit Blocks": 268617,                                                                                                                                 
                   "Shared Read Blocks": 28535,                                                                                                                                 
                   "Shared Dirtied Blocks": 0,                                                                                                                                  
                   "Shared Written Blocks": 0,                                                                                                                                  
                   "Local Hit Blocks": 0,                                                                                                                                       
                   "Local Read Blocks": 0,                                                                                                                                      
                   "Local Dirtied Blocks": 0,                                                                                                                                   
                   "Local Written Blocks": 0,                                                                                                                                   
                   "Temp Read Blocks": 0,                                                                                                                                       
                   "Temp Written Blocks": 0                                                                                                                                     
                 }                                                                                                                                                              
               ]                                                                                                                                                                
             },                                                                                                                                                                 
             {                                                                                                                                                                  
               "Node Type": "Index Scan",                                                                                                                                       
               "Parent Relationship": "Inner",                                                                                                                                  
               "Parallel Aware": false,                                                                                                                                         
               "Scan Direction": "Forward",                                                                                                                                     
               "Index Name": "name_pkey",                                                                                                                                       
               "Relation Name": "name",                                                                                                                                         
               "Alias": "n",                                                                                                                                                    
               "Startup Cost": 0.01,                                                                                                                                            
               "Total Cost": 0.02,                                                                                                                                              
               "Plan Rows": 1,                                                                                                                                                  
               "Plan Width": 19,                                                                                                                                                
               "Actual Startup Time": 7.738,                                                                                                                                    
               "Actual Total Time": 7.738,                                                                                                                                      
               "Actual Rows": 1,                                                                                                                                                
               "Actual Loops": 5406,                                                                                                                                            
               "Index Cond": "(id = ci.person_id)",                                                                                                                             
               "Rows Removed by Index Recheck": 0,                                                                                                                              
               "Shared Hit Blocks": 15498,                                                                                                                                      
               "Shared Read Blocks": 6150,                                                                                                                                      
               "Shared Dirtied Blocks": 0,                                                                                                                                      
               "Shared Written Blocks": 0,                                                                                                                                      
               "Local Hit Blocks": 0,                                                                                                                                           
               "Local Read Blocks": 0,                                                                                                                                          
               "Local Dirtied Blocks": 0,                                                                                                                                       
               "Local Written Blocks": 0,                                                                                                                                       
               "Temp Read Blocks": 0,                                                                                                                                           
               "Temp Written Blocks": 0                                                                                                                                         
             }                                                                                                                                                                  
           ]                                                                                                                                                                    
         }                                                                                                                                                                      
       ]                                                                                                                                                                        
     },                                                                                                                                                                         
     "Planning Time": 6123.565,                                                                                                                                                 
     "Triggers": [                                                                                                                                                              
     ],                                                                                                                                                                         
     "Execution Time": 695529.078                                                                                                                                               
   }                                                                                                                                                                            
 ]
