 [                                                                                                                                         
   {                                                                                                                                       
     "Plan": {                                                                                                                             
       "Node Type": "Aggregate",                                                                                                           
       "Strategy": "Plain",                                                                                                                
       "Partial Mode": "Simple",                                                                                                           
       "Parallel Aware": false,                                                                                                            
       "Startup Cost": 553.96,                                                                                                             
       "Total Cost": 553.96,                                                                                                               
       "Plan Rows": 1,                                                                                                                     
       "Plan Width": 96,                                                                                                                   
       "Actual Startup Time": 206956.075,                                                                                                  
       "Actual Total Time": 206956.075,                                                                                                    
       "Actual Rows": 1,                                                                                                                   
       "Actual Loops": 1,                                                                                                                  
       "Shared Hit Blocks": 546519,                                                                                                        
       "Shared Read Blocks": 135461,                                                                                                       
       "Shared Dirtied Blocks": 0,                                                                                                         
       "Shared Written Blocks": 0,                                                                                                         
       "Local Hit Blocks": 0,                                                                                                              
       "Local Read Blocks": 0,                                                                                                             
       "Local Dirtied Blocks": 0,                                                                                                          
       "Local Written Blocks": 0,                                                                                                          
       "Temp Read Blocks": 0,                                                                                                              
       "Temp Written Blocks": 0,                                                                                                           
       "Plans": [                                                                                                                          
         {                                                                                                                                 
           "Node Type": "Nested Loop",                                                                                                     
           "Parent Relationship": "Outer",                                                                                                 
           "Parallel Aware": false,                                                                                                        
           "Join Type": "Inner",                                                                                                           
           "Startup Cost": 0.08,                                                                                                           
           "Total Cost": 553.96,                                                                                                           
           "Plan Rows": 1,                                                                                                                 
           "Plan Width": 42,                                                                                                               
           "Actual Startup Time": 14397.101,                                                                                               
           "Actual Total Time": 206955.872,                                                                                                
           "Actual Rows": 31,                                                                                                              
           "Actual Loops": 1,                                                                                                              
           "Inner Unique": false,                                                                                                          
           "Join Filter": "(t.kind_id = kt.id)",                                                                                           
           "Rows Removed by Join Filter": 33,                                                                                              
           "Shared Hit Blocks": 546519,                                                                                                    
           "Shared Read Blocks": 135461,                                                                                                   
           "Shared Dirtied Blocks": 0,                                                                                                     
           "Shared Written Blocks": 0,                                                                                                     
           "Local Hit Blocks": 0,                                                                                                          
           "Local Read Blocks": 0,                                                                                                         
           "Local Dirtied Blocks": 0,                                                                                                      
           "Local Written Blocks": 0,                                                                                                      
           "Temp Read Blocks": 0,                                                                                                          
           "Temp Written Blocks": 0,                                                                                                       
           "Plans": [                                                                                                                      
             {                                                                                                                             
               "Node Type": "Seq Scan",                                                                                                    
               "Parent Relationship": "Outer",                                                                                             
               "Parallel Aware": false,                                                                                                    
               "Relation Name": "kind_type",                                                                                               
               "Alias": "kt",                                                                                                              
               "Startup Cost": 0.00,                                                                                                       
               "Total Cost": 0.03,                                                                                                         
               "Plan Rows": 2,                                                                                                             
               "Plan Width": 4,                                                                                                            
               "Actual Startup Time": 0.018,                                                                                               
               "Actual Total Time": 0.021,                                                                                                 
               "Actual Rows": 2,                                                                                                           
               "Actual Loops": 1,                                                                                                          
               "Filter": "((kind)::text = ANY ('{movie,episode}'::text[]))",                                                               
               "Rows Removed by Filter": 5,                                                                                                
               "Shared Hit Blocks": 1,                                                                                                     
               "Shared Read Blocks": 0,                                                                                                    
               "Shared Dirtied Blocks": 0,                                                                                                 
               "Shared Written Blocks": 0,                                                                                                 
               "Local Hit Blocks": 0,                                                                                                      
               "Local Read Blocks": 0,                                                                                                     
               "Local Dirtied Blocks": 0,                                                                                                  
               "Local Written Blocks": 0,                                                                                                  
               "Temp Read Blocks": 0,                                                                                                      
               "Temp Written Blocks": 0                                                                                                    
             },                                                                                                                            
             {                                                                                                                             
               "Node Type": "Materialize",                                                                                                 
               "Parent Relationship": "Inner",                                                                                             
               "Parallel Aware": false,                                                                                                    
               "Startup Cost": 0.08,                                                                                                       
               "Total Cost": 553.93,                                                                                                       
               "Plan Rows": 1,                                                                                                             
               "Plan Width": 46,                                                                                                           
               "Actual Startup Time": 7198.538,                                                                                            
               "Actual Total Time": 103477.895,                                                                                            
               "Actual Rows": 32,                                                                                                          
               "Actual Loops": 2,                                                                                                          
               "Shared Hit Blocks": 546518,                                                                                                
               "Shared Read Blocks": 135461,                                                                                               
               "Shared Dirtied Blocks": 0,                                                                                                 
               "Shared Written Blocks": 0,                                                                                                 
               "Local Hit Blocks": 0,                                                                                                      
               "Local Read Blocks": 0,                                                                                                     
               "Local Dirtied Blocks": 0,                                                                                                  
               "Local Written Blocks": 0,                                                                                                  
               "Temp Read Blocks": 0,                                                                                                      
               "Temp Written Blocks": 0,                                                                                                   
               "Plans": [                                                                                                                  
                 {                                                                                                                         
                   "Node Type": "Nested Loop",                                                                                             
                   "Parent Relationship": "Outer",                                                                                         
                   "Parallel Aware": false,                                                                                                
                   "Join Type": "Inner",                                                                                                   
                   "Startup Cost": 0.08,                                                                                                   
                   "Total Cost": 553.93,                                                                                                   
                   "Plan Rows": 1,                                                                                                         
                   "Plan Width": 46,                                                                                                       
                   "Actual Startup Time": 14397.069,                                                                                       
                   "Actual Total Time": 206955.726,                                                                                        
                   "Actual Rows": 32,                                                                                                      
                   "Actual Loops": 1,                                                                                                      
                   "Inner Unique": true,                                                                                                   
                   "Join Filter": "(mi.info_type_id = it.id)",                                                                            
                   "Rows Removed by Join Filter": 3,                                                                                       
                   "Shared Hit Blocks": 546518,                                                                                            
                   "Shared Read Blocks": 135461,                                                                                           
                   "Shared Dirtied Blocks": 0,                                                                                             
                   "Shared Written Blocks": 0,                                                                                             
                   "Local Hit Blocks": 0,                                                                                                  
                   "Local Read Blocks": 0,                                                                                                 
                   "Local Dirtied Blocks": 0,                                                                                              
                   "Local Written Blocks": 0,                                                                                              
                   "Temp Read Blocks": 0,                                                                                                  
                   "Temp Written Blocks": 0,                                                                                               
                   "Plans": [                                                                                                              
                     {                                                                                                                     
                       "Node Type": "Nested Loop",                                                                                         
                       "Parent Relationship": "Outer",                                                                                     
                       "Parallel Aware": false,                                                                                            
                       "Join Type": "Inner",                                                                                               
                       "Startup Cost": 0.08,                                                                                               
                       "Total Cost": 553.88,                                                                                               
                       "Plan Rows": 1,                                                                                                     
                       "Plan Width": 50,                                                                                                   
                       "Actual Startup Time": 14397.011,                                                                                   
                       "Actual Total Time": 206955.507,                                                                                    
                       "Actual Rows": 35,                                                                                                  
                       "Actual Loops": 1,                                                                                                  
                       "Inner Unique": false,                                                                                              
                       "Join Filter": "(mc.company_type_id = ct.id)",                                                                      
                       "Rows Removed by Join Filter": 105,                                                                                 
                       "Shared Hit Blocks": 546517,                                                                                        
                       "Shared Read Blocks": 135461,                                                                                       
                       "Shared Dirtied Blocks": 0,                                                                                         
                       "Shared Written Blocks": 0,                                                                                         
                       "Local Hit Blocks": 0,                                                                                              
                       "Local Read Blocks": 0,                                                                                             
                       "Local Dirtied Blocks": 0,                                                                                          
                       "Local Written Blocks": 0,                                                                                          
                       "Temp Read Blocks": 0,                                                                                              
                       "Temp Written Blocks": 0,                                                                                           
                       "Plans": [                                                                                                          
                         {                                                                                                                 
                           "Node Type": "Seq Scan",                                                                                        
                           "Parent Relationship": "Outer",                                                                                 
                           "Parallel Aware": false,                                                                                        
                           "Relation Name": "company_type",                                                                                
                           "Alias": "ct",                                                                                                  
                           "Startup Cost": 0.00,                                                                                           
                           "Total Cost": 0.03,                                                                                             
                           "Plan Rows": 4,                                                                                                 
                           "Plan Width": 4,                                                                                                
                           "Actual Startup Time": 0.006,                                                                                   
                           "Actual Total Time": 0.007,                                                                                     
                           "Actual Rows": 4,                                                                                               
                           "Actual Loops": 1,                                                                                              
                           "Shared Hit Blocks": 1,                                                                                         
                           "Shared Read Blocks": 0,                                                                                        
                           "Shared Dirtied Blocks": 0,                                                                                     
                           "Shared Written Blocks": 0,                                                                                     
                           "Local Hit Blocks": 0,                                                                                          
                           "Local Read Blocks": 0,                                                                                         
                           "Local Dirtied Blocks": 0,                                                                                      
                           "Local Written Blocks": 0,                                                                                      
                           "Temp Read Blocks": 0,                                                                                          
                           "Temp Written Blocks": 0                                                                                        
                         },                                                                                                                
                         {                                                                                                                 
                           "Node Type": "Materialize",                                                                                     
                           "Parent Relationship": "Inner",                                                                                 
                           "Parallel Aware": false,                                                                                        
                           "Startup Cost": 0.08,                                                                                           
                           "Total Cost": 553.84,                                                                                           
                           "Plan Rows": 1,                                                                                                 
                           "Plan Width": 54,                                                                                               
                           "Actual Startup Time": 3599.250,                                                                                
                           "Actual Total Time": 51738.854,                                                                                 
                           "Actual Rows": 35,                                                                                              
                           "Actual Loops": 4,                                                                                              
                           "Shared Hit Blocks": 546516,                                                                                    
                           "Shared Read Blocks": 135461,                                                                                   
                           "Shared Dirtied Blocks": 0,                                                                                     
                           "Shared Written Blocks": 0,                                                                                     
                           "Local Hit Blocks": 0,                                                                                          
                           "Local Read Blocks": 0,                                                                                         
                           "Local Dirtied Blocks": 0,                                                                                      
                           "Local Written Blocks": 0,                                                                                      
                           "Temp Read Blocks": 0,                                                                                          
                           "Temp Written Blocks": 0,                                                                                       
                           "Plans": [                                                                                                      
                             {                                                                                                             
                               "Node Type": "Nested Loop",                                                                                 
                               "Parent Relationship": "Outer",                                                                             
                               "Parallel Aware": false,                                                                                    
                               "Join Type": "Inner",                                                                                       
                               "Startup Cost": 0.08,                                                                                       
                               "Total Cost": 553.84,                                                                                       
                               "Plan Rows": 1,                                                                                             
                               "Plan Width": 54,                                                                                           
                               "Actual Startup Time": 14396.988,                                                                           
                               "Actual Total Time": 206955.263,                                                                            
                               "Actual Rows": 35,                                                                                          
                               "Actual Loops": 1,                                                                                          
                               "Inner Unique": true,                                                                                       
                               "Shared Hit Blocks": 546516,                                                                                
                               "Shared Read Blocks": 135461,                                                                               
                               "Shared Dirtied Blocks": 0,                                                                                 
                               "Shared Written Blocks": 0,                                                                                 
                               "Local Hit Blocks": 0,                                                                                      
                               "Local Read Blocks": 0,                                                                                     
                               "Local Dirtied Blocks": 0,                                                                                  
                               "Local Written Blocks": 0,                                                                                  
                               "Temp Read Blocks": 0,                                                                                      
                               "Temp Written Blocks": 0,                                                                                   
                               "Plans": [                                                                                                  
                                 {                                                                                                         
                                   "Node Type": "Nested Loop",                                                                             
                                   "Parent Relationship": "Outer",                                                                         
                                   "Parallel Aware": false,                                                                                
                                   "Join Type": "Inner",                                                                                   
                                   "Startup Cost": 0.07,                                                                                   
                                   "Total Cost": 553.37,                                                                                   
                                   "Plan Rows": 1,                                                                                         
                                   "Plan Width": 39,                                                                                       
                                   "Actual Startup Time": 14364.352,                                                                       
                                   "Actual Total Time": 206076.042,                                                                        
                                   "Actual Rows": 45,                                                                                      
                                   "Actual Loops": 1,                                                                                      
                                   "Inner Unique": false,                                                                                  
                                   "Join Filter": "(t.id = mc.movie_id)",                                                                  
                                   "Rows Removed by Join Filter": 0,                                                                       
                                   "Shared Hit Blocks": 546380,                                                                            
                                   "Shared Read Blocks": 135416,                                                                           
                                   "Shared Dirtied Blocks": 0,                                                                             
                                   "Shared Written Blocks": 0,                                                                             
                                   "Local Hit Blocks": 0,                                                                                  
                                   "Local Read Blocks": 0,                                                                                 
                                   "Local Dirtied Blocks": 0,                                                                              
                                   "Local Written Blocks": 0,                                                                              
                                   "Temp Read Blocks": 0,                                                                                  
                                   "Temp Written Blocks": 0,                                                                               
                                   "Plans": [                                                                                              
                                     {                                                                                                     
                                       "Node Type": "Nested Loop",                                                                         
                                       "Parent Relationship": "Outer",                                                                     
                                       "Parallel Aware": false,                                                                            
                                       "Join Type": "Inner",                                                                               
                                       "Startup Cost": 0.05,                                                                               
                                       "Total Cost": 553.21,                                                                               
                                       "Plan Rows": 1,                                                                                     
                                       "Plan Width": 47,                                                                                   
                                       "Actual Startup Time": 275.110,                                                                     
                                       "Actual Total Time": 195338.385,                                                                    
                                       "Actual Rows": 1303,                                                                                
                                       "Actual Loops": 1,                                                                                  
                                       "Inner Unique": true,                                                                               
                                       "Join Filter": "(mi.movie_id = t.id)",                                                              
                                       "Rows Removed by Join Filter": 0,                                                                   
                                       "Shared Hit Blocks": 541959,                                                                        
                                       "Shared Read Blocks": 133403,                                                                       
                                       "Shared Dirtied Blocks": 0,                                                                         
                                       "Shared Written Blocks": 0,                                                                         
                                       "Local Hit Blocks": 0,                                                                              
                                       "Local Read Blocks": 0,                                                                             
                                       "Local Dirtied Blocks": 0,                                                                          
                                       "Local Written Blocks": 0,                                                                          
                                       "Temp Read Blocks": 0,                                                                              
                                       "Temp Written Blocks": 0,                                                                           
                                       "Plans": [                                                                                          
                                         {                                                                                                 
                                           "Node Type": "Nested Loop",                                                                     
                                           "Parent Relationship": "Outer",                                                                 
                                           "Parallel Aware": false,                                                                        
                                           "Join Type": "Inner",                                                                           
                                           "Startup Cost": 0.04,                                                                           
                                           "Total Cost": 553.12,                                                                           
                                           "Plan Rows": 2,                                                                                 
                                           "Plan Width": 22,                                                                               
                                           "Actual Startup Time": 107.010,                                                                 
                                           "Actual Total Time": 154114.034,                                                                
                                           "Actual Rows": 21446,                                                                           
                                           "Actual Loops": 1,                                                                              
                                           "Inner Unique": false,                                                                          
                                           "Shared Hit Blocks": 466184,                                                                    
                                           "Shared Read Blocks": 123312,                                                                   
                                           "Shared Dirtied Blocks": 0,                                                                     
                                           "Shared Written Blocks": 0,                                                                     
                                           "Local Hit Blocks": 0,                                                                          
                                           "Local Read Blocks": 0,                                                                         
                                           "Local Dirtied Blocks": 0,                                                                      
                                           "Local Written Blocks": 0,                                                                      
                                           "Temp Read Blocks": 0,                                                                          
                                           "Temp Written Blocks": 0,                                                                       
                                           "Plans": [                                                                                      
                                             {                                                                                             
                                               "Node Type": "Nested Loop",                                                                 
                                               "Parent Relationship": "Outer",                                                             
                                               "Parallel Aware": false,                                                                    
                                               "Join Type": "Inner",                                                                       
                                               "Startup Cost": 0.03,                                                                       
                                               "Total Cost": 552.66,                                                                       
                                               "Plan Rows": 3,                                                                             
                                               "Plan Width": 14,                                                                           
                                               "Actual Startup Time": 43.077,                                                              
                                               "Actual Total Time": 21465.613,                                                             
                                               "Actual Rows": 24800,                                                                       
                                               "Actual Loops": 1,                                                                          
                                               "Inner Unique": true,                                                                       
                                               "Join Filter": "(mi_idx.info_type_id = it.id)",                                            
                                               "Rows Removed by Join Filter": 60258,                                                       
                                               "Shared Hit Blocks": 145683,                                                                
                                               "Shared Read Blocks": 26340,                                                                
                                               "Shared Dirtied Blocks": 0,                                                                 
                                               "Shared Written Blocks": 0,                                                                 
                                               "Local Hit Blocks": 0,                                                                      
                                               "Local Read Blocks": 0,                                                                     
                                               "Local Dirtied Blocks": 0,                                                                  
                                               "Local Written Blocks": 0,                                                                  
                                               "Temp Read Blocks": 0,                                                                      
                                               "Temp Written Blocks": 0,                                                                   
                                               "Plans": [                                                                                  
                                                 {                                                                                         
                                                   "Node Type": "Nested Loop",                                                             
                                                   "Parent Relationship": "Outer",                                                         
                                                   "Parallel Aware": false,                                                                
                                                   "Join Type": "Inner",                                                                   
                                                   "Startup Cost": 0.03,                                                                   
                                                   "Total Cost": 552.54,                                                                   
                                                   "Plan Rows": 345,                                                                       
                                                   "Plan Width": 18,                                                                       
                                                   "Actual Startup Time": 42.993,                                                          
                                                   "Actual Total Time": 21331.661,                                                         
                                                   "Actual Rows": 85058,                                                                   
                                                   "Actual Loops": 1,                                                                      
                                                   "Inner Unique": false,                                                                  
                                                   "Shared Hit Blocks": 145682,                                                            
                                                   "Shared Read Blocks": 26340,                                                            
                                                   "Shared Dirtied Blocks": 0,                                                             
                                                   "Shared Written Blocks": 0,                                                             
                                                   "Local Hit Blocks": 0,                                                                  
                                                   "Local Read Blocks": 0,                                                                 
                                                   "Local Dirtied Blocks": 0,                                                              
                                                   "Local Written Blocks": 0,                                                              
                                                   "Temp Read Blocks": 0,                                                                  
                                                   "Temp Written Blocks": 0,                                                               
                                                   "Plans": [                                                                              
                                                     {                                                                                     
                                                       "Node Type": "Nested Loop",                                                         
                                                       "Parent Relationship": "Outer",                                                     
                                                       "Parallel Aware": false,                                                            
                                                       "Join Type": "Inner",                                                               
                                                       "Startup Cost": 0.01,                                                               
                                                       "Total Cost": 549.49,                                                               
                                                       "Plan Rows": 135,                                                                   
                                                       "Plan Width": 4,                                                                    
                                                       "Actual Startup Time": 42.494,                                                      
                                                       "Actual Total Time": 13204.427,                                                     
                                                       "Actual Rows": 37091,                                                               
                                                       "Actual Loops": 1,                                                                  
                                                       "Inner Unique": false,                                                              
                                                       "Shared Hit Blocks": 10139,                                                         
                                                       "Shared Read Blocks": 17234,                                                        
                                                       "Shared Dirtied Blocks": 0,                                                         
                                                       "Shared Written Blocks": 0,                                                         
                                                       "Local Hit Blocks": 0,                                                              
                                                       "Local Read Blocks": 0,                                                             
                                                       "Local Dirtied Blocks": 0,                                                          
                                                       "Local Written Blocks": 0,                                                          
                                                       "Temp Read Blocks": 0,                                                              
                                                       "Temp Written Blocks": 0,                                                           
                                                       "Plans": [                                                                          
                                                         {                                                                                 
                                                           "Node Type": "Seq Scan",                                                        
                                                           "Parent Relationship": "Outer",                                                 
                                                           "Parallel Aware": false,                                                        
                                                           "Relation Name": "keyword",                                                     
                                                           "Alias": "k",                                                                   
                                                           "Startup Cost": 0.00,                                                           
                                                           "Total Cost": 59.88,                                                            
                                                           "Plan Rows": 4,                                                                 
                                                           "Plan Width": 4,                                                                
                                                           "Actual Startup Time": 15.687,                                                  
                                                           "Actual Total Time": 102.723,                                                   
                                                           "Actual Rows": 3,                                                               
                                                           "Actual Loops": 1,                                                              
                                                           "Filter": "(keyword = ANY ('{murder,murder-in-title,blood,violence}'::text[]))",
                                                           "Rows Removed by Filter": 134167,                                               
                                                           "Shared Hit Blocks": 2,                                                         
                                                           "Shared Read Blocks": 947,                                                      
                                                           "Shared Dirtied Blocks": 0,                                                     
                                                           "Shared Written Blocks": 0,                                                     
                                                           "Local Hit Blocks": 0,                                                          
                                                           "Local Read Blocks": 0,                                                         
                                                           "Local Dirtied Blocks": 0,                                                      
                                                           "Local Written Blocks": 0,                                                      
                                                           "Temp Read Blocks": 0,                                                          
                                                           "Temp Written Blocks": 0                                                        
                                                         },                                                                                
                                                         {                                                                                 
                                                           "Node Type": "Index Scan",                                                      
                                                           "Parent Relationship": "Inner",                                                 
                                                           "Parallel Aware": false,                                                        
                                                           "Scan Direction": "Forward",                                                    
                                                           "Index Name": "keyword_id_movie_keyword",                                       
                                                           "Relation Name": "movie_keyword",                                               
                                                           "Alias": "mk",                                                                  
                                                           "Startup Cost": 0.01,                                                           
                                                           "Total Cost": 122.40,                                                           
                                                           "Plan Rows": 39,                                                                
                                                           "Plan Width": 8,                                                                
                                                           "Actual Startup Time": 37.376,                                                  
                                                           "Actual Total Time": 4356.134,                                                  
                                                           "Actual Rows": 12364,                                                           
                                                           "Actual Loops": 3,                                                              
                                                           "Index Cond": "(keyword_id = k.id)",                                            
                                                           "Rows Removed by Index Recheck": 0,                                             
                                                           "Shared Hit Blocks": 10137,                                                     
                                                           "Shared Read Blocks": 16287,                                                    
                                                           "Shared Dirtied Blocks": 0,                                                     
                                                           "Shared Written Blocks": 0,                                                     
                                                           "Local Hit Blocks": 0,                                                          
                                                           "Local Read Blocks": 0,                                                         
                                                           "Local Dirtied Blocks": 0,                                                      
                                                           "Local Written Blocks": 0,                                                      
                                                           "Temp Read Blocks": 0,                                                          
                                                           "Temp Written Blocks": 0                                                        
                                                         }                                                                                 
                                                       ]                                                                                   
                                                     },                                                                                    
                                                     {                                                                                     
                                                       "Node Type": "Index Scan",                                                          
                                                       "Parent Relationship": "Inner",                                                     
                                                       "Parallel Aware": false,                                                            
                                                       "Scan Direction": "Forward",                                                        
                                                       "Index Name": "movie_id_movie_info_idx",                                            
                                                       "Relation Name": "movie_info_idx",                                                  
                                                       "Alias": "mi_idx",                                                                  
                                                       "Startup Cost": 0.01,                                                               
                                                       "Total Cost": 0.02,                                                                 
                                                       "Plan Rows": 3,                                                                     
                                                       "Plan Width": 14,                                                                   
                                                       "Actual Startup Time": 0.210,                                                       
                                                       "Actual Total Time": 0.216,                                                         
                                                       "Actual Rows": 2,                                                                   
                                                       "Actual Loops": 37091,                                                              
                                                       "Index Cond": "(movie_id = mk.movie_id)",                                           
                                                       "Rows Removed by Index Recheck": 0,                                                 
                                                       "Filter": "(info < '7.0'::text)",                                                   
                                                       "Rows Removed by Filter": 0,                                                        
                                                       "Shared Hit Blocks": 135543,                                                        
                                                       "Shared Read Blocks": 9106,                                                         
                                                       "Shared Dirtied Blocks": 0,                                                         
                                                       "Shared Written Blocks": 0,                                                         
                                                       "Local Hit Blocks": 0,                                                              
                                                       "Local Read Blocks": 0,                                                             
                                                       "Local Dirtied Blocks": 0,                                                          
                                                       "Local Written Blocks": 0,                                                          
                                                       "Temp Read Blocks": 0,                                                              
                                                       "Temp Written Blocks": 0                                                            
                                                     }                                                                                     
                                                   ]                                                                                       
                                                 },                                                                                        
                                                 {                                                                                         
                                                   "Node Type": "Materialize",                                                             
                                                   "Parent Relationship": "Inner",                                                         
                                                   "Parallel Aware": false,                                                                
                                                   "Startup Cost": 0.00,                                                                   
                                                   "Total Cost": 0.05,                                                                     
                                                   "Plan Rows": 1,                                                                         
                                                   "Plan Width": 4,                                                                        
                                                   "Actual Startup Time": 0.000,                                                           
                                                   "Actual Total Time": 0.000,                                                             
                                                   "Actual Rows": 1,                                                                       
                                                   "Actual Loops": 85058,                                                                  
                                                   "Shared Hit Blocks": 1,                                                                 
                                                   "Shared Read Blocks": 0,                                                                
                                                   "Shared Dirtied Blocks": 0,                                                             
                                                   "Shared Written Blocks": 0,                                                             
                                                   "Local Hit Blocks": 0,                                                                  
                                                   "Local Read Blocks": 0,                                                                 
                                                   "Local Dirtied Blocks": 0,                                                              
                                                   "Local Written Blocks": 0,                                                              
                                                   "Temp Read Blocks": 0,                                                                  
                                                   "Temp Written Blocks": 0,                                                               
                                                   "Plans": [                                                                              
                                                     {                                                                                     
                                                       "Node Type": "Seq Scan",                                                            
                                                       "Parent Relationship": "Outer",                                                     
                                                       "Parallel Aware": false,                                                            
                                                       "Relation Name": "info_type",                                                       
                                                       "Alias": "it",                                                                     
                                                       "Startup Cost": 0.00,                                                               
                                                       "Total Cost": 0.05,                                                                 
                                                       "Plan Rows": 1,                                                                     
                                                       "Plan Width": 4,                                                                    
                                                       "Actual Startup Time": 0.050,                                                       
                                                       "Actual Total Time": 0.055,                                                         
                                                       "Actual Rows": 1,                                                                   
                                                       "Actual Loops": 1,                                                                  
                                                       "Filter": "((info)::text = 'rating'::text)",                                        
                                                       "Rows Removed by Filter": 112,                                                      
                                                       "Shared Hit Blocks": 1,                                                             
                                                       "Shared Read Blocks": 0,                                                            
                                                       "Shared Dirtied Blocks": 0,                                                         
                                                       "Shared Written Blocks": 0,                                                         
                                                       "Local Hit Blocks": 0,                                                              
                                                       "Local Read Blocks": 0,                                                             
                                                       "Local Dirtied Blocks": 0,                                                          
                                                       "Local Written Blocks": 0,                                                          
                                                       "Temp Read Blocks": 0,                                                              
                                                       "Temp Written Blocks": 0                                                            
                                                     }                                                                                     
                                                   ]                                                                                       
                                                 }                                                                                         
                                               ]                                                                                           
                                             },                                                                                            
                                             {                                                                                             
                                               "Node Type": "Index Scan",                                                                  
                                               "Parent Relationship": "Inner",                                                             
                                               "Parallel Aware": false,                                                                    
                                               "Scan Direction": "Forward",                                                                
                                               "Index Name": "movie_id_movie_info",                                                        
                                               "Relation Name": "movie_info",                                                              
                                               "Alias": "mi",                                                                              
                                               "Startup Cost": 0.01,                                                                       
                                               "Total Cost": 0.15,                                                                         
                                               "Plan Rows": 1,                                                                             
                                               "Plan Width": 8,                                                                            
                                               "Actual Startup Time": 4.829,                                                               
                                               "Actual Total Time": 5.346,                                                                 
                                               "Actual Rows": 1,                                                                           
                                               "Actual Loops": 24800,                                                                      
                                               "Index Cond": "(movie_id = mk.movie_id)",                                                   
                                               "Rows Removed by Index Recheck": 0,                                                         
                                               "Filter": "(info = ANY ('{Germany,German,USA,American}'::text[]))",                         
                                               "Rows Removed by Filter": 49,                                                               
                                               "Shared Hit Blocks": 320501,                                                                
                                               "Shared Read Blocks": 96972,                                                                
                                               "Shared Dirtied Blocks": 0,                                                                 
                                               "Shared Written Blocks": 0,                                                                 
                                               "Local Hit Blocks": 0,                                                                      
                                               "Local Read Blocks": 0,                                                                     
                                               "Local Dirtied Blocks": 0,                                                                  
                                               "Local Written Blocks": 0,                                                                  
                                               "Temp Read Blocks": 0,                                                                      
                                               "Temp Written Blocks": 0                                                                    
                                             }                                                                                             
                                           ]                                                                                               
                                         },                                                                                                
                                         {                                                                                                 
                                           "Node Type": "Index Scan",                                                                      
                                           "Parent Relationship": "Inner",                                                                 
                                           "Parallel Aware": false,                                                                        
                                           "Scan Direction": "Forward",                                                                    
                                           "Index Name": "title_idx_id",                                                                   
                                           "Relation Name": "title",                                                                       
                                           "Alias": "t",                                                                                   
                                           "Startup Cost": 0.01,                                                                           
                                           "Total Cost": 0.04,                                                                             
                                           "Plan Rows": 1,                                                                                 
                                           "Plan Width": 25,                                                                               
                                           "Actual Startup Time": 1.920,                                                                   
                                           "Actual Total Time": 1.920,                                                                     
                                           "Actual Rows": 0,                                                                               
                                           "Actual Loops": 21446,                                                                          
                                           "Index Cond": "(id = mk.movie_id)",                                                             
                                           "Rows Removed by Index Recheck": 0,                                                             
                                           "Filter": "(production_year > 2009)",                                                           
                                           "Rows Removed by Filter": 1,                                                                    
                                           "Shared Hit Blocks": 75775,                                                                     
                                           "Shared Read Blocks": 10091,                                                                    
                                           "Shared Dirtied Blocks": 0,                                                                     
                                           "Shared Written Blocks": 0,                                                                     
                                           "Local Hit Blocks": 0,                                                                          
                                           "Local Read Blocks": 0,                                                                         
                                           "Local Dirtied Blocks": 0,                                                                      
                                           "Local Written Blocks": 0,                                                                      
                                           "Temp Read Blocks": 0,                                                                          
                                           "Temp Written Blocks": 0                                                                        
                                         }                                                                                                 
                                       ]                                                                                                   
                                     },                                                                                                    
                                     {                                                                                                     
                                       "Node Type": "Index Scan",                                                                          
                                       "Parent Relationship": "Inner",                                                                     
                                       "Parallel Aware": false,                                                                            
                                       "Scan Direction": "Forward",                                                                        
                                       "Index Name": "movie_id_movie_companies",                                                           
                                       "Relation Name": "movie_companies",                                                                 
                                       "Alias": "mc",                                                                                      
                                       "Startup Cost": 0.01,                                                                               
                                       "Total Cost": 0.03,                                                                                 
                                       "Plan Rows": 1,                                                                                     
                                       "Plan Width": 12,                                                                                   
                                       "Actual Startup Time": 8.221,                                                                       
                                       "Actual Total Time": 8.237,                                                                         
                                       "Actual Rows": 0,                                                                                   
                                       "Actual Loops": 1303,                                                                               
                                       "Index Cond": "(movie_id = mk.movie_id)",                                                           
                                       "Rows Removed by Index Recheck": 0,                                                                 
                                       "Filter": "((note !~~ '%(USA)%'::text) AND (note ~~ '%(200%)%'::text))",                            
                                       "Rows Removed by Filter": 13,                                                                       
                                       "Shared Hit Blocks": 4421,                                                                          
                                       "Shared Read Blocks": 2013,                                                                         
                                       "Shared Dirtied Blocks": 0,                                                                         
                                       "Shared Written Blocks": 0,                                                                         
                                       "Local Hit Blocks": 0,                                                                              
                                       "Local Read Blocks": 0,                                                                             
                                       "Local Dirtied Blocks": 0,                                                                          
                                       "Local Written Blocks": 0,                                                                          
                                       "Temp Read Blocks": 0,                                                                              
                                       "Temp Written Blocks": 0                                                                            
                                     }                                                                                                     
                                   ]                                                                                                       
                                 },                                                                                                        
                                 {                                                                                                         
                                   "Node Type": "Index Scan",                                                                              
                                   "Parent Relationship": "Inner",                                                                         
                                   "Parallel Aware": false,                                                                                
                                   "Scan Direction": "Forward",                                                                            
                                   "Index Name": "company_name_pkey",                                                                      
                                   "Relation Name": "company_name",                                                                        
                                   "Alias": "cn",                                                                                          
                                   "Startup Cost": 0.01,                                                                                   
                                   "Total Cost": 0.10,                                                                                     
                                   "Plan Rows": 1,                                                                                         
                                   "Plan Width": 23,                                                                                       
                                   "Actual Startup Time": 19.533,                                                                          
                                   "Actual Total Time": 19.533,                                                                            
                                   "Actual Rows": 1,                                                                                       
                                   "Actual Loops": 45,                                                                                     
                                   "Index Cond": "(id = mc.company_id)",                                                                   
                                   "Rows Removed by Index Recheck": 0,                                                                     
                                   "Filter": "((country_code)::text <> '[us]'::text)",                                                     
                                   "Rows Removed by Filter": 0,                                                                            
                                   "Shared Hit Blocks": 136,                                                                               
                                   "Shared Read Blocks": 45,                                                                               
                                   "Shared Dirtied Blocks": 0,                                                                             
                                   "Shared Written Blocks": 0,                                                                             
                                   "Local Hit Blocks": 0,                                                                                  
                                   "Local Read Blocks": 0,                                                                                 
                                   "Local Dirtied Blocks": 0,                                                                              
                                   "Local Written Blocks": 0,                                                                              
                                   "Temp Read Blocks": 0,                                                                                  
                                   "Temp Written Blocks": 0                                                                                
                                 }                                                                                                         
                               ]                                                                                                           
                             }                                                                                                             
                           ]                                                                                                               
                         }                                                                                                                 
                       ]                                                                                                                   
                     },                                                                                                                    
                     {                                                                                                                     
                       "Node Type": "Materialize",                                                                                         
                       "Parent Relationship": "Inner",                                                                                     
                       "Parallel Aware": false,                                                                                            
                       "Startup Cost": 0.00,                                                                                               
                       "Total Cost": 0.05,                                                                                                 
                       "Plan Rows": 1,                                                                                                     
                       "Plan Width": 4,                                                                                                    
                       "Actual Startup Time": 0.002,                                                                                       
                       "Actual Total Time": 0.003,                                                                                         
                       "Actual Rows": 1,                                                                                                   
                       "Actual Loops": 35,                                                                                                 
                       "Shared Hit Blocks": 1,                                                                                             
                       "Shared Read Blocks": 0,                                                                                            
                       "Shared Dirtied Blocks": 0,                                                                                         
                       "Shared Written Blocks": 0,                                                                                         
                       "Local Hit Blocks": 0,                                                                                              
                       "Local Read Blocks": 0,                                                                                             
                       "Local Dirtied Blocks": 0,                                                                                          
                       "Local Written Blocks": 0,                                                                                          
                       "Temp Read Blocks": 0,                                                                                              
                       "Temp Written Blocks": 0,                                                                                           
                       "Plans": [                                                                                                          
                         {                                                                                                                 
                           "Node Type": "Seq Scan",                                                                                        
                           "Parent Relationship": "Outer",                                                                                 
                           "Parallel Aware": false,                                                                                        
                           "Relation Name": "info_type",                                                                                   
                           "Alias": "it",                                                                                                 
                           "Startup Cost": 0.00,                                                                                           
                           "Total Cost": 0.05,                                                                                             
                           "Plan Rows": 1,                                                                                                 
                           "Plan Width": 4,                                                                                                
                           "Actual Startup Time": 0.035,                                                                                   
                           "Actual Total Time": 0.080,                                                                                     
                           "Actual Rows": 1,                                                                                               
                           "Actual Loops": 1,                                                                                              
                           "Filter": "((info)::text = 'countries'::text)",                                                                 
                           "Rows Removed by Filter": 112,                                                                                  
                           "Shared Hit Blocks": 1,                                                                                         
                           "Shared Read Blocks": 0,                                                                                        
                           "Shared Dirtied Blocks": 0,                                                                                     
                           "Shared Written Blocks": 0,                                                                                     
                           "Local Hit Blocks": 0,                                                                                          
                           "Local Read Blocks": 0,                                                                                         
                           "Local Dirtied Blocks": 0,                                                                                      
                           "Local Written Blocks": 0,                                                                                      
                           "Temp Read Blocks": 0,                                                                                          
                           "Temp Written Blocks": 0                                                                                        
                         }                                                                                                                 
                       ]                                                                                                                   
                     }                                                                                                                     
                   ]                                                                                                                       
                 }                                                                                                                         
               ]                                                                                                                           
             }                                                                                                                             
           ]                                                                                                                               
         }                                                                                                                                 
       ]                                                                                                                                   
     },                                                                                                                                    
     "Planning Time": 9410.152,                                                                                                            
     "Triggers": [                                                                                                                         
     ],                                                                                                                                    
     "Execution Time": 206973.808                                                                                                          
   }                                                                                                                                       
 ]
