 [                                                                                                                                                               
   {                                                                                                                                                             
     "Plan": {                                                                                                                                                   
       "Node Type": "Aggregate",                                                                                                                                 
       "Strategy": "Plain",                                                                                                                                      
       "Partial Mode": "Simple",                                                                                                                                 
       "Parallel Aware": false,                                                                                                                                  
       "Startup Cost": 553.98,                                                                                                                                   
       "Total Cost": 553.98,                                                                                                                                     
       "Plan Rows": 1,                                                                                                                                           
       "Plan Width": 96,                                                                                                                                         
       "Actual Startup Time": 231705.448,                                                                                                                        
       "Actual Total Time": 231705.448,                                                                                                                          
       "Actual Rows": 1,                                                                                                                                         
       "Actual Loops": 1,                                                                                                                                        
       "Shared Hit Blocks": 834608,                                                                                                                              
       "Shared Read Blocks": 160184,                                                                                                                             
       "Shared Dirtied Blocks": 0,                                                                                                                               
       "Shared Written Blocks": 0,                                                                                                                               
       "Local Hit Blocks": 0,                                                                                                                                    
       "Local Read Blocks": 0,                                                                                                                                   
       "Local Dirtied Blocks": 0,                                                                                                                                
       "Local Written Blocks": 0,                                                                                                                                
       "Temp Read Blocks": 0,                                                                                                                                    
       "Temp Written Blocks": 0,                                                                                                                                 
       "Plans": [                                                                                                                                                
         {                                                                                                                                                       
           "Node Type": "Nested Loop",                                                                                                                           
           "Parent Relationship": "Outer",                                                                                                                       
           "Parallel Aware": false,                                                                                                                              
           "Join Type": "Inner",                                                                                                                                 
           "Startup Cost": 0.08,                                                                                                                                 
           "Total Cost": 553.98,                                                                                                                                 
           "Plan Rows": 1,                                                                                                                                       
           "Plan Width": 42,                                                                                                                                     
           "Actual Startup Time": 23330.351,                                                                                                                     
           "Actual Total Time": 231659.615,                                                                                                                      
           "Actual Rows": 21489,                                                                                                                                 
           "Actual Loops": 1,                                                                                                                                    
           "Inner Unique": false,                                                                                                                                
           "Join Filter": "(t.kind_id = kt.id)",                                                                                                                 
           "Rows Removed by Join Filter": 24905,                                                                                                                 
           "Shared Hit Blocks": 834608,                                                                                                                          
           "Shared Read Blocks": 160184,                                                                                                                         
           "Shared Dirtied Blocks": 0,                                                                                                                           
           "Shared Written Blocks": 0,                                                                                                                           
           "Local Hit Blocks": 0,                                                                                                                                
           "Local Read Blocks": 0,                                                                                                                               
           "Local Dirtied Blocks": 0,                                                                                                                            
           "Local Written Blocks": 0,                                                                                                                            
           "Temp Read Blocks": 0,                                                                                                                                
           "Temp Written Blocks": 0,                                                                                                                             
           "Plans": [                                                                                                                                            
             {                                                                                                                                                   
               "Node Type": "Seq Scan",                                                                                                                          
               "Parent Relationship": "Outer",                                                                                                                   
               "Parallel Aware": false,                                                                                                                          
               "Relation Name": "kind_type",                                                                                                                     
               "Alias": "kt",                                                                                                                                    
               "Startup Cost": 0.00,                                                                                                                             
               "Total Cost": 0.03,                                                                                                                               
               "Plan Rows": 2,                                                                                                                                   
               "Plan Width": 4,                                                                                                                                  
               "Actual Startup Time": 0.019,                                                                                                                     
               "Actual Total Time": 0.024,                                                                                                                       
               "Actual Rows": 2,                                                                                                                                 
               "Actual Loops": 1,                                                                                                                                
               "Filter": "((kind)::text = ANY ('{movie,episode}'::text[]))",                                                                                     
               "Rows Removed by Filter": 5,                                                                                                                      
               "Shared Hit Blocks": 1,                                                                                                                           
               "Shared Read Blocks": 0,                                                                                                                          
               "Shared Dirtied Blocks": 0,                                                                                                                       
               "Shared Written Blocks": 0,                                                                                                                       
               "Local Hit Blocks": 0,                                                                                                                            
               "Local Read Blocks": 0,                                                                                                                           
               "Local Dirtied Blocks": 0,                                                                                                                        
               "Local Written Blocks": 0,                                                                                                                        
               "Temp Read Blocks": 0,                                                                                                                            
               "Temp Written Blocks": 0                                                                                                                          
             },                                                                                                                                                  
             {                                                                                                                                                   
               "Node Type": "Materialize",                                                                                                                       
               "Parent Relationship": "Inner",                                                                                                                   
               "Parallel Aware": false,                                                                                                                          
               "Startup Cost": 0.08,                                                                                                                             
               "Total Cost": 553.94,                                                                                                                             
               "Plan Rows": 1,                                                                                                                                   
               "Plan Width": 46,                                                                                                                                 
               "Actual Startup Time": 354.941,                                                                                                                   
               "Actual Total Time": 115821.967,                                                                                                                  
               "Actual Rows": 23197,                                                                                                                             
               "Actual Loops": 2,                                                                                                                                
               "Shared Hit Blocks": 834607,                                                                                                                      
               "Shared Read Blocks": 160184,                                                                                                                     
               "Shared Dirtied Blocks": 0,                                                                                                                       
               "Shared Written Blocks": 0,                                                                                                                       
               "Local Hit Blocks": 0,                                                                                                                            
               "Local Read Blocks": 0,                                                                                                                           
               "Local Dirtied Blocks": 0,                                                                                                                        
               "Local Written Blocks": 0,                                                                                                                        
               "Temp Read Blocks": 0,                                                                                                                            
               "Temp Written Blocks": 0,                                                                                                                         
               "Plans": [                                                                                                                                        
                 {                                                                                                                                               
                   "Node Type": "Nested Loop",                                                                                                                   
                   "Parent Relationship": "Outer",                                                                                                               
                   "Parallel Aware": false,                                                                                                                      
                   "Join Type": "Inner",                                                                                                                         
                   "Startup Cost": 0.08,                                                                                                                         
                   "Total Cost": 553.94,                                                                                                                         
                   "Plan Rows": 1,                                                                                                                               
                   "Plan Width": 46,                                                                                                                             
                   "Actual Startup Time": 709.873,                                                                                                               
                   "Actual Total Time": 231622.518,                                                                                                              
                   "Actual Rows": 23197,                                                                                                                         
                   "Actual Loops": 1,                                                                                                                            
                   "Inner Unique": true,                                                                                                                         
                   "Join Filter": "(mi.info_type_id = it.id)",                                                                                                  
                   "Rows Removed by Join Filter": 3340,                                                                                                          
                   "Shared Hit Blocks": 834607,                                                                                                                  
                   "Shared Read Blocks": 160184,                                                                                                                 
                   "Shared Dirtied Blocks": 0,                                                                                                                   
                   "Shared Written Blocks": 0,                                                                                                                   
                   "Local Hit Blocks": 0,                                                                                                                        
                   "Local Read Blocks": 0,                                                                                                                       
                   "Local Dirtied Blocks": 0,                                                                                                                    
                   "Local Written Blocks": 0,                                                                                                                    
                   "Temp Read Blocks": 0,                                                                                                                        
                   "Temp Written Blocks": 0,                                                                                                                     
                   "Plans": [                                                                                                                                    
                     {                                                                                                                                           
                       "Node Type": "Nested Loop",                                                                                                               
                       "Parent Relationship": "Outer",                                                                                                           
                       "Parallel Aware": false,                                                                                                                  
                       "Join Type": "Inner",                                                                                                                     
                       "Startup Cost": 0.08,                                                                                                                     
                       "Total Cost": 553.89,                                                                                                                     
                       "Plan Rows": 1,                                                                                                                           
                       "Plan Width": 50,                                                                                                                         
                       "Actual Startup Time": 709.835,                                                                                                           
                       "Actual Total Time": 231590.075,                                                                                                          
                       "Actual Rows": 26537,                                                                                                                     
                       "Actual Loops": 1,                                                                                                                        
                       "Inner Unique": false,                                                                                                                    
                       "Join Filter": "(mc.company_type_id = ct.id)",                                                                                            
                       "Rows Removed by Join Filter": 79611,                                                                                                     
                       "Shared Hit Blocks": 834606,                                                                                                              
                       "Shared Read Blocks": 160184,                                                                                                             
                       "Shared Dirtied Blocks": 0,                                                                                                               
                       "Shared Written Blocks": 0,                                                                                                               
                       "Local Hit Blocks": 0,                                                                                                                    
                       "Local Read Blocks": 0,                                                                                                                   
                       "Local Dirtied Blocks": 0,                                                                                                                
                       "Local Written Blocks": 0,                                                                                                                
                       "Temp Read Blocks": 0,                                                                                                                    
                       "Temp Written Blocks": 0,                                                                                                                 
                       "Plans": [                                                                                                                                
                         {                                                                                                                                       
                           "Node Type": "Seq Scan",                                                                                                              
                           "Parent Relationship": "Outer",                                                                                                       
                           "Parallel Aware": false,                                                                                                              
                           "Relation Name": "company_type",                                                                                                      
                           "Alias": "ct",                                                                                                                        
                           "Startup Cost": 0.00,                                                                                                                 
                           "Total Cost": 0.03,                                                                                                                   
                           "Plan Rows": 4,                                                                                                                       
                           "Plan Width": 4,                                                                                                                      
                           "Actual Startup Time": 0.006,                                                                                                         
                           "Actual Total Time": 0.011,                                                                                                           
                           "Actual Rows": 4,                                                                                                                     
                           "Actual Loops": 1,                                                                                                                    
                           "Shared Hit Blocks": 1,                                                                                                               
                           "Shared Read Blocks": 0,                                                                                                              
                           "Shared Dirtied Blocks": 0,                                                                                                           
                           "Shared Written Blocks": 0,                                                                                                           
                           "Local Hit Blocks": 0,                                                                                                                
                           "Local Read Blocks": 0,                                                                                                               
                           "Local Dirtied Blocks": 0,                                                                                                            
                           "Local Written Blocks": 0,                                                                                                            
                           "Temp Read Blocks": 0,                                                                                                                
                           "Temp Written Blocks": 0                                                                                                              
                         },                                                                                                                                      
                         {                                                                                                                                       
                           "Node Type": "Materialize",                                                                                                           
                           "Parent Relationship": "Inner",                                                                                                       
                           "Parallel Aware": false,                                                                                                              
                           "Startup Cost": 0.08,                                                                                                                 
                           "Total Cost": 553.86,                                                                                                                 
                           "Plan Rows": 1,                                                                                                                       
                           "Plan Width": 54,                                                                                                                     
                           "Actual Startup Time": 177.456,                                                                                                       
                           "Actual Total Time": 57890.181,                                                                                                       
                           "Actual Rows": 26537,                                                                                                                 
                           "Actual Loops": 4,                                                                                                                    
                           "Shared Hit Blocks": 834605,                                                                                                          
                           "Shared Read Blocks": 160184,                                                                                                         
                           "Shared Dirtied Blocks": 0,                                                                                                           
                           "Shared Written Blocks": 0,                                                                                                           
                           "Local Hit Blocks": 0,                                                                                                                
                           "Local Read Blocks": 0,                                                                                                               
                           "Local Dirtied Blocks": 0,                                                                                                            
                           "Local Written Blocks": 0,                                                                                                            
                           "Temp Read Blocks": 0,                                                                                                                
                           "Temp Written Blocks": 0,                                                                                                             
                           "Plans": [                                                                                                                            
                             {                                                                                                                                   
                               "Node Type": "Nested Loop",                                                                                                       
                               "Parent Relationship": "Outer",                                                                                                   
                               "Parallel Aware": false,                                                                                                          
                               "Join Type": "Inner",                                                                                                             
                               "Startup Cost": 0.08,                                                                                                             
                               "Total Cost": 553.86,                                                                                                             
                               "Plan Rows": 1,                                                                                                                   
                               "Plan Width": 54,                                                                                                                 
                               "Actual Startup Time": 709.807,                                                                                                   
                               "Actual Total Time": 231519.972,                                                                                                  
                               "Actual Rows": 26537,                                                                                                             
                               "Actual Loops": 1,                                                                                                                
                               "Inner Unique": true,                                                                                                             
                               "Shared Hit Blocks": 834605,                                                                                                      
                               "Shared Read Blocks": 160184,                                                                                                     
                               "Shared Dirtied Blocks": 0,                                                                                                       
                               "Shared Written Blocks": 0,                                                                                                       
                               "Local Hit Blocks": 0,                                                                                                            
                               "Local Read Blocks": 0,                                                                                                           
                               "Local Dirtied Blocks": 0,                                                                                                        
                               "Local Written Blocks": 0,                                                                                                        
                               "Temp Read Blocks": 0,                                                                                                            
                               "Temp Written Blocks": 0,                                                                                                         
                               "Plans": [                                                                                                                        
                                 {                                                                                                                               
                                   "Node Type": "Nested Loop",                                                                                                   
                                   "Parent Relationship": "Outer",                                                                                               
                                   "Parallel Aware": false,                                                                                                      
                                   "Join Type": "Inner",                                                                                                         
                                   "Startup Cost": 0.07,                                                                                                         
                                   "Total Cost": 553.38,                                                                                                         
                                   "Plan Rows": 1,                                                                                                               
                                   "Plan Width": 39,                                                                                                             
                                   "Actual Startup Time": 664.801,                                                                                               
                                   "Actual Total Time": 225676.498,                                                                                              
                                   "Actual Rows": 28780,                                                                                                         
                                   "Actual Loops": 1,                                                                                                            
                                   "Inner Unique": false,                                                                                                        
                                   "Join Filter": "(t.id = mc.movie_id)",                                                                                        
                                   "Rows Removed by Join Filter": 0,                                                                                             
                                   "Shared Hit Blocks": 720287,                                                                                                  
                                   "Shared Read Blocks": 159155,                                                                                                 
                                   "Shared Dirtied Blocks": 0,                                                                                                   
                                   "Shared Written Blocks": 0,                                                                                                   
                                   "Local Hit Blocks": 0,                                                                                                        
                                   "Local Read Blocks": 0,                                                                                                       
                                   "Local Dirtied Blocks": 0,                                                                                                    
                                   "Local Written Blocks": 0,                                                                                                    
                                   "Temp Read Blocks": 0,                                                                                                        
                                   "Temp Written Blocks": 0,                                                                                                     
                                   "Plans": [                                                                                                                    
                                     {                                                                                                                           
                                       "Node Type": "Nested Loop",                                                                                               
                                       "Parent Relationship": "Outer",                                                                                           
                                       "Parallel Aware": false,                                                                                                  
                                       "Join Type": "Inner",                                                                                                     
                                       "Startup Cost": 0.05,                                                                                                     
                                       "Total Cost": 553.23,                                                                                                     
                                       "Plan Rows": 1,                                                                                                           
                                       "Plan Width": 47,                                                                                                         
                                       "Actual Startup Time": 132.486,                                                                                           
                                       "Actual Total Time": 207369.334,                                                                                          
                                       "Actual Rows": 5831,                                                                                                      
                                       "Actual Loops": 1,                                                                                                        
                                       "Inner Unique": true,                                                                                                     
                                       "Join Filter": "(mi.movie_id = t.id)",                                                                                    
                                       "Rows Removed by Join Filter": 0,                                                                                         
                                       "Shared Hit Blocks": 697528,                                                                                              
                                       "Shared Read Blocks": 152736,                                                                                             
                                       "Shared Dirtied Blocks": 0,                                                                                               
                                       "Shared Written Blocks": 0,                                                                                               
                                       "Local Hit Blocks": 0,                                                                                                    
                                       "Local Read Blocks": 0,                                                                                                   
                                       "Local Dirtied Blocks": 0,                                                                                                
                                       "Local Written Blocks": 0,                                                                                                
                                       "Temp Read Blocks": 0,                                                                                                    
                                       "Temp Written Blocks": 0,                                                                                                 
                                       "Plans": [                                                                                                                
                                         {                                                                                                                       
                                           "Node Type": "Nested Loop",                                                                                           
                                           "Parent Relationship": "Outer",                                                                                       
                                           "Parallel Aware": false,                                                                                              
                                           "Join Type": "Inner",                                                                                                 
                                           "Startup Cost": 0.04,                                                                                                 
                                           "Total Cost": 553.14,                                                                                                 
                                           "Plan Rows": 2,                                                                                                       
                                           "Plan Width": 22,                                                                                                     
                                           "Actual Startup Time": 107.011,                                                                                       
                                           "Actual Total Time": 156844.197,                                                                                      
                                           "Actual Rows": 30819,                                                                                                 
                                           "Actual Loops": 1,                                                                                                    
                                           "Inner Unique": false,                                                                                                
                                           "Shared Hit Blocks": 586263,                                                                                          
                                           "Shared Read Blocks": 140603,                                                                                         
                                           "Shared Dirtied Blocks": 0,                                                                                           
                                           "Shared Written Blocks": 0,                                                                                           
                                           "Local Hit Blocks": 0,                                                                                                
                                           "Local Read Blocks": 0,                                                                                               
                                           "Local Dirtied Blocks": 0,                                                                                            
                                           "Local Written Blocks": 0,                                                                                            
                                           "Temp Read Blocks": 0,                                                                                                
                                           "Temp Written Blocks": 0,                                                                                             
                                           "Plans": [                                                                                                            
                                             {                                                                                                                   
                                               "Node Type": "Nested Loop",                                                                                       
                                               "Parent Relationship": "Outer",                                                                                   
                                               "Parallel Aware": false,                                                                                          
                                               "Join Type": "Inner",                                                                                             
                                               "Startup Cost": 0.03,                                                                                             
                                               "Total Cost": 552.67,                                                                                             
                                               "Plan Rows": 3,                                                                                                   
                                               "Plan Width": 14,                                                                                                 
                                               "Actual Startup Time": 43.078,                                                                                    
                                               "Actual Total Time": 23119.937,                                                                                   
                                               "Actual Rows": 31800,                                                                                             
                                               "Actual Loops": 1,                                                                                                
                                               "Inner Unique": true,                                                                                             
                                               "Join Filter": "(mi_idx.info_type_id = it.id)",                                                                  
                                               "Rows Removed by Join Filter": 62852,                                                                             
                                               "Shared Hit Blocks": 145683,                                                                                      
                                               "Shared Read Blocks": 26340,                                                                                      
                                               "Shared Dirtied Blocks": 0,                                                                                       
                                               "Shared Written Blocks": 0,                                                                                       
                                               "Local Hit Blocks": 0,                                                                                            
                                               "Local Read Blocks": 0,                                                                                           
                                               "Local Dirtied Blocks": 0,                                                                                        
                                               "Local Written Blocks": 0,                                                                                        
                                               "Temp Read Blocks": 0,                                                                                            
                                               "Temp Written Blocks": 0,                                                                                         
                                               "Plans": [                                                                                                        
                                                 {                                                                                                               
                                                   "Node Type": "Nested Loop",                                                                                   
                                                   "Parent Relationship": "Outer",                                                                               
                                                   "Parallel Aware": false,                                                                                      
                                                   "Join Type": "Inner",                                                                                         
                                                   "Startup Cost": 0.03,                                                                                         
                                                   "Total Cost": 552.54,                                                                                         
                                                   "Plan Rows": 395,                                                                                             
                                                   "Plan Width": 18,                                                                                             
                                                   "Actual Startup Time": 42.997,                                                                                
                                                   "Actual Total Time": 22973.241,                                                                               
                                                   "Actual Rows": 94652,                                                                                         
                                                   "Actual Loops": 1,                                                                                            
                                                   "Inner Unique": false,                                                                                        
                                                   "Shared Hit Blocks": 145682,                                                                                  
                                                   "Shared Read Blocks": 26340,                                                                                  
                                                   "Shared Dirtied Blocks": 0,                                                                                   
                                                   "Shared Written Blocks": 0,                                                                                   
                                                   "Local Hit Blocks": 0,                                                                                        
                                                   "Local Read Blocks": 0,                                                                                       
                                                   "Local Dirtied Blocks": 0,                                                                                    
                                                   "Local Written Blocks": 0,                                                                                    
                                                   "Temp Read Blocks": 0,                                                                                        
                                                   "Temp Written Blocks": 0,                                                                                     
                                                   "Plans": [                                                                                                    
                                                     {                                                                                                           
                                                       "Node Type": "Nested Loop",                                                                               
                                                       "Parent Relationship": "Outer",                                                                           
                                                       "Parallel Aware": false,                                                                                  
                                                       "Join Type": "Inner",                                                                                     
                                                       "Startup Cost": 0.01,                                                                                     
                                                       "Total Cost": 549.49,                                                                                     
                                                       "Plan Rows": 135,                                                                                         
                                                       "Plan Width": 4,                                                                                          
                                                       "Actual Startup Time": 42.498,                                                                            
                                                       "Actual Total Time": 13681.485,                                                                           
                                                       "Actual Rows": 37091,                                                                                     
                                                       "Actual Loops": 1,                                                                                        
                                                       "Inner Unique": false,                                                                                    
                                                       "Shared Hit Blocks": 10139,                                                                               
                                                       "Shared Read Blocks": 17234,                                                                              
                                                       "Shared Dirtied Blocks": 0,                                                                               
                                                       "Shared Written Blocks": 0,                                                                               
                                                       "Local Hit Blocks": 0,                                                                                    
                                                       "Local Read Blocks": 0,                                                                                   
                                                       "Local Dirtied Blocks": 0,                                                                                
                                                       "Local Written Blocks": 0,                                                                                
                                                       "Temp Read Blocks": 0,                                                                                    
                                                       "Temp Written Blocks": 0,                                                                                 
                                                       "Plans": [                                                                                                
                                                         {                                                                                                       
                                                           "Node Type": "Seq Scan",                                                                              
                                                           "Parent Relationship": "Outer",                                                                       
                                                           "Parallel Aware": false,                                                                              
                                                           "Relation Name": "keyword",                                                                           
                                                           "Alias": "k",                                                                                         
                                                           "Startup Cost": 0.00,                                                                                 
                                                           "Total Cost": 59.88,                                                                                  
                                                           "Plan Rows": 4,                                                                                       
                                                           "Plan Width": 4,                                                                                      
                                                           "Actual Startup Time": 16.180,                                                                        
                                                           "Actual Total Time": 89.624,                                                                          
                                                           "Actual Rows": 3,                                                                                     
                                                           "Actual Loops": 1,                                                                                    
                                                           "Filter": "(keyword = ANY ('{murder,murder-in-title,blood,violence}'::text[]))",                      
                                                           "Rows Removed by Filter": 134167,                                                                     
                                                           "Shared Hit Blocks": 2,                                                                               
                                                           "Shared Read Blocks": 947,                                                                            
                                                           "Shared Dirtied Blocks": 0,                                                                           
                                                           "Shared Written Blocks": 0,                                                                           
                                                           "Local Hit Blocks": 0,                                                                                
                                                           "Local Read Blocks": 0,                                                                               
                                                           "Local Dirtied Blocks": 0,                                                                            
                                                           "Local Written Blocks": 0,                                                                            
                                                           "Temp Read Blocks": 0,                                                                                
                                                           "Temp Written Blocks": 0                                                                              
                                                         },                                                                                                      
                                                         {                                                                                                       
                                                           "Node Type": "Index Scan",                                                                            
                                                           "Parent Relationship": "Inner",                                                                       
                                                           "Parallel Aware": false,                                                                              
                                                           "Scan Direction": "Forward",                                                                          
                                                           "Index Name": "keyword_id_movie_keyword",                                                             
                                                           "Relation Name": "movie_keyword",                                                                     
                                                           "Alias": "mk",                                                                                        
                                                           "Startup Cost": 0.01,                                                                                 
                                                           "Total Cost": 122.40,                                                                                 
                                                           "Plan Rows": 39,                                                                                      
                                                           "Plan Width": 8,                                                                                      
                                                           "Actual Startup Time": 31.454,                                                                        
                                                           "Actual Total Time": 4520.070,                                                                        
                                                           "Actual Rows": 12364,                                                                                 
                                                           "Actual Loops": 3,                                                                                    
                                                           "Index Cond": "(keyword_id = k.id)",                                                                  
                                                           "Rows Removed by Index Recheck": 0,                                                                   
                                                           "Shared Hit Blocks": 10137,                                                                           
                                                           "Shared Read Blocks": 16287,                                                                          
                                                           "Shared Dirtied Blocks": 0,                                                                           
                                                           "Shared Written Blocks": 0,                                                                           
                                                           "Local Hit Blocks": 0,                                                                                
                                                           "Local Read Blocks": 0,                                                                               
                                                           "Local Dirtied Blocks": 0,                                                                            
                                                           "Local Written Blocks": 0,                                                                            
                                                           "Temp Read Blocks": 0,                                                                                
                                                           "Temp Written Blocks": 0                                                                              
                                                         }                                                                                                       
                                                       ]                                                                                                         
                                                     },                                                                                                          
                                                     {                                                                                                           
                                                       "Node Type": "Index Scan",                                                                                
                                                       "Parent Relationship": "Inner",                                                                           
                                                       "Parallel Aware": false,                                                                                  
                                                       "Scan Direction": "Forward",                                                                              
                                                       "Index Name": "movie_id_movie_info_idx",                                                                  
                                                       "Relation Name": "movie_info_idx",                                                                        
                                                       "Alias": "mi_idx",                                                                                        
                                                       "Startup Cost": 0.01,                                                                                     
                                                       "Total Cost": 0.02,                                                                                       
                                                       "Plan Rows": 3,                                                                                           
                                                       "Plan Width": 14,                                                                                         
                                                       "Actual Startup Time": 0.242,                                                                             
                                                       "Actual Total Time": 0.247,                                                                               
                                                       "Actual Rows": 3,                                                                                         
                                                       "Actual Loops": 37091,                                                                                    
                                                       "Index Cond": "(movie_id = mk.movie_id)",                                                                 
                                                       "Rows Removed by Index Recheck": 0,                                                                       
                                                       "Filter": "(info < '8.5'::text)",                                                                         
                                                       "Rows Removed by Filter": 0,                                                                              
                                                       "Shared Hit Blocks": 135543,                                                                              
                                                       "Shared Read Blocks": 9106,                                                                               
                                                       "Shared Dirtied Blocks": 0,                                                                               
                                                       "Shared Written Blocks": 0,                                                                               
                                                       "Local Hit Blocks": 0,                                                                                    
                                                       "Local Read Blocks": 0,                                                                                   
                                                       "Local Dirtied Blocks": 0,                                                                                
                                                       "Local Written Blocks": 0,                                                                                
                                                       "Temp Read Blocks": 0,                                                                                    
                                                       "Temp Written Blocks": 0                                                                                  
                                                     }                                                                                                           
                                                   ]                                                                                                             
                                                 },                                                                                                              
                                                 {                                                                                                               
                                                   "Node Type": "Materialize",                                                                                   
                                                   "Parent Relationship": "Inner",                                                                               
                                                   "Parallel Aware": false,                                                                                      
                                                   "Startup Cost": 0.00,                                                                                         
                                                   "Total Cost": 0.05,                                                                                           
                                                   "Plan Rows": 1,                                                                                               
                                                   "Plan Width": 4,                                                                                              
                                                   "Actual Startup Time": 0.000,                                                                                 
                                                   "Actual Total Time": 0.000,                                                                                   
                                                   "Actual Rows": 1,                                                                                             
                                                   "Actual Loops": 94652,                                                                                        
                                                   "Shared Hit Blocks": 1,                                                                                       
                                                   "Shared Read Blocks": 0,                                                                                      
                                                   "Shared Dirtied Blocks": 0,                                                                                   
                                                   "Shared Written Blocks": 0,                                                                                   
                                                   "Local Hit Blocks": 0,                                                                                        
                                                   "Local Read Blocks": 0,                                                                                       
                                                   "Local Dirtied Blocks": 0,                                                                                    
                                                   "Local Written Blocks": 0,                                                                                    
                                                   "Temp Read Blocks": 0,                                                                                        
                                                   "Temp Written Blocks": 0,                                                                                     
                                                   "Plans": [                                                                                                    
                                                     {                                                                                                           
                                                       "Node Type": "Seq Scan",                                                                                  
                                                       "Parent Relationship": "Outer",                                                                           
                                                       "Parallel Aware": false,                                                                                  
                                                       "Relation Name": "info_type",                                                                             
                                                       "Alias": "it",                                                                                           
                                                       "Startup Cost": 0.00,                                                                                     
                                                       "Total Cost": 0.05,                                                                                       
                                                       "Plan Rows": 1,                                                                                           
                                                       "Plan Width": 4,                                                                                          
                                                       "Actual Startup Time": 0.051,                                                                             
                                                       "Actual Total Time": 0.056,                                                                               
                                                       "Actual Rows": 1,                                                                                         
                                                       "Actual Loops": 1,                                                                                        
                                                       "Filter": "((info)::text = 'rating'::text)",                                                              
                                                       "Rows Removed by Filter": 112,                                                                            
                                                       "Shared Hit Blocks": 1,                                                                                   
                                                       "Shared Read Blocks": 0,                                                                                  
                                                       "Shared Dirtied Blocks": 0,                                                                               
                                                       "Shared Written Blocks": 0,                                                                               
                                                       "Local Hit Blocks": 0,                                                                                    
                                                       "Local Read Blocks": 0,                                                                                   
                                                       "Local Dirtied Blocks": 0,                                                                                
                                                       "Local Written Blocks": 0,                                                                                
                                                       "Temp Read Blocks": 0,                                                                                    
                                                       "Temp Written Blocks": 0                                                                                  
                                                     }                                                                                                           
                                                   ]                                                                                                             
                                                 }                                                                                                               
                                               ]                                                                                                                 
                                             },                                                                                                                  
                                             {                                                                                                                   
                                               "Node Type": "Index Scan",                                                                                        
                                               "Parent Relationship": "Inner",                                                                                   
                                               "Parallel Aware": false,                                                                                          
                                               "Scan Direction": "Forward",                                                                                      
                                               "Index Name": "movie_id_movie_info",                                                                              
                                               "Relation Name": "movie_info",                                                                                    
                                               "Alias": "mi",                                                                                                    
                                               "Startup Cost": 0.01,                                                                                             
                                               "Total Cost": 0.16,                                                                                               
                                               "Plan Rows": 1,                                                                                                   
                                               "Plan Width": 8,                                                                                                  
                                               "Actual Startup Time": 3.744,                                                                                     
                                               "Actual Total Time": 4.203,                                                                                       
                                               "Actual Rows": 1,                                                                                                 
                                               "Actual Loops": 31800,                                                                                            
                                               "Index Cond": "(movie_id = mk.movie_id)",                                                                         
                                               "Rows Removed by Index Recheck": 0,                                                                               
                                               "Filter": "(info = ANY ('{Sweden,Norway,Germany,Denmark,Swedish,Danish,Norwegian,German,USA,American}'::text[]))",
                                               "Rows Removed by Filter": 60,                                                                                     
                                               "Shared Hit Blocks": 440580,                                                                                      
                                               "Shared Read Blocks": 114263,                                                                                     
                                               "Shared Dirtied Blocks": 0,                                                                                       
                                               "Shared Written Blocks": 0,                                                                                       
                                               "Local Hit Blocks": 0,                                                                                            
                                               "Local Read Blocks": 0,                                                                                           
                                               "Local Dirtied Blocks": 0,                                                                                        
                                               "Local Written Blocks": 0,                                                                                        
                                               "Temp Read Blocks": 0,                                                                                            
                                               "Temp Written Blocks": 0                                                                                          
                                             }                                                                                                                   
                                           ]                                                                                                                     
                                         },                                                                                                                      
                                         {                                                                                                                       
                                           "Node Type": "Index Scan",                                                                                            
                                           "Parent Relationship": "Inner",                                                                                       
                                           "Parallel Aware": false,                                                                                              
                                           "Scan Direction": "Forward",                                                                                          
                                           "Index Name": "title_idx_id",                                                                                         
                                           "Relation Name": "title",                                                                                             
                                           "Alias": "t",                                                                                                         
                                           "Startup Cost": 0.01,                                                                                                 
                                           "Total Cost": 0.04,                                                                                                   
                                           "Plan Rows": 1,                                                                                                       
                                           "Plan Width": 25,                                                                                                     
                                           "Actual Startup Time": 1.637,                                                                                         
                                           "Actual Total Time": 1.637,                                                                                           
                                           "Actual Rows": 0,                                                                                                     
                                           "Actual Loops": 30819,                                                                                                
                                           "Index Cond": "(id = mk.movie_id)",                                                                                   
                                           "Rows Removed by Index Recheck": 0,                                                                                   
                                           "Filter": "(production_year > 2005)",                                                                                 
                                           "Rows Removed by Filter": 1,                                                                                          
                                           "Shared Hit Blocks": 111265,                                                                                          
                                           "Shared Read Blocks": 12133,                                                                                          
                                           "Shared Dirtied Blocks": 0,                                                                                           
                                           "Shared Written Blocks": 0,                                                                                           
                                           "Local Hit Blocks": 0,                                                                                                
                                           "Local Read Blocks": 0,                                                                                               
                                           "Local Dirtied Blocks": 0,                                                                                            
                                           "Local Written Blocks": 0,                                                                                            
                                           "Temp Read Blocks": 0,                                                                                                
                                           "Temp Written Blocks": 0                                                                                              
                                         }                                                                                                                       
                                       ]                                                                                                                         
                                     },                                                                                                                          
                                     {                                                                                                                           
                                       "Node Type": "Index Scan",                                                                                                
                                       "Parent Relationship": "Inner",                                                                                           
                                       "Parallel Aware": false,                                                                                                  
                                       "Scan Direction": "Forward",                                                                                              
                                       "Index Name": "movie_id_movie_companies",                                                                                 
                                       "Relation Name": "movie_companies",                                                                                       
                                       "Alias": "mc",                                                                                                            
                                       "Startup Cost": 0.01,                                                                                                     
                                       "Total Cost": 0.03,                                                                                                       
                                       "Plan Rows": 1,                                                                                                           
                                       "Plan Width": 12,                                                                                                         
                                       "Actual Startup Time": 2.742,                                                                                             
                                       "Actual Total Time": 3.134,                                                                                               
                                       "Actual Rows": 5,                                                                                                         
                                       "Actual Loops": 5831,                                                                                                     
                                       "Index Cond": "(movie_id = mk.movie_id)",                                                                                 
                                       "Rows Removed by Index Recheck": 0,                                                                                       
                                       "Filter": "((note !~~ '%(USA)%'::text) AND (note ~~ '%(200%)%'::text))",                                                  
                                       "Rows Removed by Filter": 9,                                                                                              
                                       "Shared Hit Blocks": 22759,                                                                                               
                                       "Shared Read Blocks": 6419,                                                                                               
                                       "Shared Dirtied Blocks": 0,                                                                                               
                                       "Shared Written Blocks": 0,                                                                                               
                                       "Local Hit Blocks": 0,                                                                                                    
                                       "Local Read Blocks": 0,                                                                                                   
                                       "Local Dirtied Blocks": 0,                                                                                                
                                       "Local Written Blocks": 0,                                                                                                
                                       "Temp Read Blocks": 0,                                                                                                    
                                       "Temp Written Blocks": 0                                                                                                  
                                     }                                                                                                                           
                                   ]                                                                                                                             
                                 },                                                                                                                              
                                 {                                                                                                                               
                                   "Node Type": "Index Scan",                                                                                                    
                                   "Parent Relationship": "Inner",                                                                                               
                                   "Parallel Aware": false,                                                                                                      
                                   "Scan Direction": "Forward",                                                                                                  
                                   "Index Name": "company_name_pkey",                                                                                            
                                   "Relation Name": "company_name",                                                                                              
                                   "Alias": "cn",                                                                                                                
                                   "Startup Cost": 0.01,                                                                                                         
                                   "Total Cost": 0.10,                                                                                                           
                                   "Plan Rows": 1,                                                                                                               
                                   "Plan Width": 23,                                                                                                             
                                   "Actual Startup Time": 0.201,                                                                                                 
                                   "Actual Total Time": 0.201,                                                                                                   
                                   "Actual Rows": 1,                                                                                                             
                                   "Actual Loops": 28780,                                                                                                        
                                   "Index Cond": "(id = mc.company_id)",                                                                                         
                                   "Rows Removed by Index Recheck": 0,                                                                                           
                                   "Filter": "((country_code)::text <> '[us]'::text)",                                                                           
                                   "Rows Removed by Filter": 0,                                                                                                  
                                   "Shared Hit Blocks": 114318,                                                                                                  
                                   "Shared Read Blocks": 1029,                                                                                                   
                                   "Shared Dirtied Blocks": 0,                                                                                                   
                                   "Shared Written Blocks": 0,                                                                                                   
                                   "Local Hit Blocks": 0,                                                                                                        
                                   "Local Read Blocks": 0,                                                                                                       
                                   "Local Dirtied Blocks": 0,                                                                                                    
                                   "Local Written Blocks": 0,                                                                                                    
                                   "Temp Read Blocks": 0,                                                                                                        
                                   "Temp Written Blocks": 0                                                                                                      
                                 }                                                                                                                               
                               ]                                                                                                                                 
                             }                                                                                                                                   
                           ]                                                                                                                                     
                         }                                                                                                                                       
                       ]                                                                                                                                         
                     },                                                                                                                                          
                     {                                                                                                                                           
                       "Node Type": "Materialize",                                                                                                               
                       "Parent Relationship": "Inner",                                                                                                           
                       "Parallel Aware": false,                                                                                                                  
                       "Startup Cost": 0.00,                                                                                                                     
                       "Total Cost": 0.05,                                                                                                                       
                       "Plan Rows": 1,                                                                                                                           
                       "Plan Width": 4,                                                                                                                          
                       "Actual Startup Time": 0.000,                                                                                                             
                       "Actual Total Time": 0.000,                                                                                                               
                       "Actual Rows": 1,                                                                                                                         
                       "Actual Loops": 26537,                                                                                                                    
                       "Shared Hit Blocks": 1,                                                                                                                   
                       "Shared Read Blocks": 0,                                                                                                                  
                       "Shared Dirtied Blocks": 0,                                                                                                               
                       "Shared Written Blocks": 0,                                                                                                               
                       "Local Hit Blocks": 0,                                                                                                                    
                       "Local Read Blocks": 0,                                                                                                                   
                       "Local Dirtied Blocks": 0,                                                                                                                
                       "Local Written Blocks": 0,                                                                                                                
                       "Temp Read Blocks": 0,                                                                                                                    
                       "Temp Written Blocks": 0,                                                                                                                 
                       "Plans": [                                                                                                                                
                         {                                                                                                                                       
                           "Node Type": "Seq Scan",                                                                                                              
                           "Parent Relationship": "Outer",                                                                                                       
                           "Parallel Aware": false,                                                                                                              
                           "Relation Name": "info_type",                                                                                                         
                           "Alias": "it",                                                                                                                       
                           "Startup Cost": 0.00,                                                                                                                 
                           "Total Cost": 0.05,                                                                                                                   
                           "Plan Rows": 1,                                                                                                                       
                           "Plan Width": 4,                                                                                                                      
                           "Actual Startup Time": 0.025,                                                                                                         
                           "Actual Total Time": 0.062,                                                                                                           
                           "Actual Rows": 1,                                                                                                                     
                           "Actual Loops": 1,                                                                                                                    
                           "Filter": "((info)::text = 'countries'::text)",                                                                                       
                           "Rows Removed by Filter": 112,                                                                                                        
                           "Shared Hit Blocks": 1,                                                                                                               
                           "Shared Read Blocks": 0,                                                                                                              
                           "Shared Dirtied Blocks": 0,                                                                                                           
                           "Shared Written Blocks": 0,                                                                                                           
                           "Local Hit Blocks": 0,                                                                                                                
                           "Local Read Blocks": 0,                                                                                                               
                           "Local Dirtied Blocks": 0,                                                                                                            
                           "Local Written Blocks": 0,                                                                                                            
                           "Temp Read Blocks": 0,                                                                                                                
                           "Temp Written Blocks": 0                                                                                                              
                         }                                                                                                                                       
                       ]                                                                                                                                         
                     }                                                                                                                                           
                   ]                                                                                                                                             
                 }                                                                                                                                               
               ]                                                                                                                                                 
             }                                                                                                                                                   
           ]                                                                                                                                                     
         }                                                                                                                                                       
       ]                                                                                                                                                         
     },                                                                                                                                                          
     "Planning Time": 9316.001,                                                                                                                                  
     "Triggers": [                                                                                                                                               
     ],                                                                                                                                                          
     "Execution Time": 231737.274                                                                                                                                
   }                                                                                                                                                             
 ]
