 [                                                                                                                             
   {                                                                                                                           
     "Plan": {                                                                                                                 
       "Node Type": "Aggregate",                                                                                               
       "Strategy": "Plain",                                                                                                    
       "Partial Mode": "Simple",                                                                                               
       "Parallel Aware": false,                                                                                                
       "Startup Cost": 552.52,                                                                                                 
       "Total Cost": 552.53,                                                                                                   
       "Plan Rows": 1,                                                                                                         
       "Plan Width": 64,                                                                                                       
       "Actual Startup Time": 22066.608,                                                                                       
       "Actual Total Time": 22066.608,                                                                                         
       "Actual Rows": 1,                                                                                                       
       "Actual Loops": 1,                                                                                                      
       "Shared Hit Blocks": 38639,                                                                                             
       "Shared Read Blocks": 4346,                                                                                             
       "Shared Dirtied Blocks": 0,                                                                                             
       "Shared Written Blocks": 0,                                                                                             
       "Local Hit Blocks": 0,                                                                                                  
       "Local Read Blocks": 0,                                                                                                 
       "Local Dirtied Blocks": 0,                                                                                              
       "Local Written Blocks": 0,                                                                                              
       "Temp Read Blocks": 0,                                                                                                  
       "Temp Written Blocks": 0,                                                                                               
       "Plans": [                                                                                                              
         {                                                                                                                     
           "Node Type": "Nested Loop",                                                                                         
           "Parent Relationship": "Outer",                                                                                     
           "Parallel Aware": false,                                                                                            
           "Join Type": "Inner",                                                                                               
           "Startup Cost": 0.08,                                                                                               
           "Total Cost": 552.52,                                                                                               
           "Plan Rows": 1,                                                                                                     
           "Plan Width": 27,                                                                                                   
           "Actual Startup Time": 22066.535,                                                                                   
           "Actual Total Time": 22066.554,                                                                                     
           "Actual Rows": 16,                                                                                                  
           "Actual Loops": 1,                                                                                                  
           "Inner Unique": true,                                                                                               
           "Join Filter": "(mi.info_type_id = it.id)",                                                                        
           "Rows Removed by Join Filter": 0,                                                                                   
           "Shared Hit Blocks": 38639,                                                                                         
           "Shared Read Blocks": 4346,                                                                                         
           "Shared Dirtied Blocks": 0,                                                                                         
           "Shared Written Blocks": 0,                                                                                         
           "Local Hit Blocks": 0,                                                                                              
           "Local Read Blocks": 0,                                                                                             
           "Local Dirtied Blocks": 0,                                                                                          
           "Local Written Blocks": 0,                                                                                          
           "Temp Read Blocks": 0,                                                                                              
           "Temp Written Blocks": 0,                                                                                           
           "Plans": [                                                                                                          
             {                                                                                                                 
               "Node Type": "Nested Loop",                                                                                     
               "Parent Relationship": "Outer",                                                                                 
               "Parallel Aware": false,                                                                                        
               "Join Type": "Inner",                                                                                           
               "Startup Cost": 0.08,                                                                                           
               "Total Cost": 552.48,                                                                                           
               "Plan Rows": 1,                                                                                                 
               "Plan Width": 31,                                                                                               
               "Actual Startup Time": 22066.514,                                                                               
               "Actual Total Time": 22066.527,                                                                                 
               "Actual Rows": 16,                                                                                              
               "Actual Loops": 1,                                                                                              
               "Inner Unique": false,                                                                                          
               "Join Filter": "(mc.company_type_id = ct.id)",                                                                  
               "Rows Removed by Join Filter": 48,                                                                              
               "Shared Hit Blocks": 38638,                                                                                     
               "Shared Read Blocks": 4346,                                                                                     
               "Shared Dirtied Blocks": 0,                                                                                     
               "Shared Written Blocks": 0,                                                                                     
               "Local Hit Blocks": 0,                                                                                          
               "Local Read Blocks": 0,                                                                                         
               "Local Dirtied Blocks": 0,                                                                                      
               "Local Written Blocks": 0,                                                                                      
               "Temp Read Blocks": 0,                                                                                          
               "Temp Written Blocks": 0,                                                                                       
               "Plans": [                                                                                                      
                 {                                                                                                             
                   "Node Type": "Seq Scan",                                                                                    
                   "Parent Relationship": "Outer",                                                                             
                   "Parallel Aware": false,                                                                                    
                   "Relation Name": "company_type",                                                                            
                   "Alias": "ct",                                                                                              
                   "Startup Cost": 0.00,                                                                                       
                   "Total Cost": 0.03,                                                                                         
                   "Plan Rows": 4,                                                                                             
                   "Plan Width": 4,                                                                                            
                   "Actual Startup Time": 0.014,                                                                               
                   "Actual Total Time": 0.016,                                                                                 
                   "Actual Rows": 4,                                                                                           
                   "Actual Loops": 1,                                                                                          
                   "Shared Hit Blocks": 1,                                                                                     
                   "Shared Read Blocks": 0,                                                                                    
                   "Shared Dirtied Blocks": 0,                                                                                 
                   "Shared Written Blocks": 0,                                                                                 
                   "Local Hit Blocks": 0,                                                                                      
                   "Local Read Blocks": 0,                                                                                     
                   "Local Dirtied Blocks": 0,                                                                                  
                   "Local Written Blocks": 0,                                                                                  
                   "Temp Read Blocks": 0,                                                                                      
                   "Temp Written Blocks": 0                                                                                    
                 },                                                                                                            
                 {                                                                                                             
                   "Node Type": "Materialize",                                                                                 
                   "Parent Relationship": "Inner",                                                                             
                   "Parallel Aware": false,                                                                                    
                   "Startup Cost": 0.08,                                                                                       
                   "Total Cost": 552.44,                                                                                       
                   "Plan Rows": 1,                                                                                             
                   "Plan Width": 35,                                                                                           
                   "Actual Startup Time": 1786.895,                                                                            
                   "Actual Total Time": 5516.619,                                                                              
                   "Actual Rows": 16,                                                                                          
                   "Actual Loops": 4,                                                                                          
                   "Shared Hit Blocks": 38637,                                                                                 
                   "Shared Read Blocks": 4346,                                                                                 
                   "Shared Dirtied Blocks": 0,                                                                                 
                   "Shared Written Blocks": 0,                                                                                 
                   "Local Hit Blocks": 0,                                                                                      
                   "Local Read Blocks": 0,                                                                                     
                   "Local Dirtied Blocks": 0,                                                                                  
                   "Local Written Blocks": 0,                                                                                  
                   "Temp Read Blocks": 0,                                                                                      
                   "Temp Written Blocks": 0,                                                                                   
                   "Plans": [                                                                                                  
                     {                                                                                                         
                       "Node Type": "Nested Loop",                                                                             
                       "Parent Relationship": "Outer",                                                                         
                       "Parallel Aware": false,                                                                                
                       "Join Type": "Inner",                                                                                   
                       "Startup Cost": 0.08,                                                                                   
                       "Total Cost": 552.44,                                                                                   
                       "Plan Rows": 1,                                                                                         
                       "Plan Width": 35,                                                                                       
                       "Actual Startup Time": 7147.565,                                                                        
                       "Actual Total Time": 22066.425,                                                                         
                       "Actual Rows": 16,                                                                                      
                       "Actual Loops": 1,                                                                                      
                       "Inner Unique": true,                                                                                   
                       "Shared Hit Blocks": 38637,                                                                             
                       "Shared Read Blocks": 4346,                                                                             
                       "Shared Dirtied Blocks": 0,                                                                             
                       "Shared Written Blocks": 0,                                                                             
                       "Local Hit Blocks": 0,                                                                                  
                       "Local Read Blocks": 0,                                                                                 
                       "Local Dirtied Blocks": 0,                                                                              
                       "Local Written Blocks": 0,                                                                              
                       "Temp Read Blocks": 0,                                                                                  
                       "Temp Written Blocks": 0,                                                                               
                       "Plans": [                                                                                              
                         {                                                                                                     
                           "Node Type": "Nested Loop",                                                                         
                           "Parent Relationship": "Outer",                                                                     
                           "Parallel Aware": false,                                                                            
                           "Join Type": "Inner",                                                                               
                           "Startup Cost": 0.07,                                                                               
                           "Total Cost": 552.35,                                                                               
                           "Plan Rows": 1,                                                                                     
                           "Plan Width": 39,                                                                                   
                           "Actual Startup Time": 7102.065,                                                                    
                           "Actual Total Time": 22020.699,                                                                     
                           "Actual Rows": 16,                                                                                  
                           "Actual Loops": 1,                                                                                  
                           "Inner Unique": false,                                                                              
                           "Join Filter": "(t.id = mi.movie_id)",                                                              
                           "Rows Removed by Join Filter": 0,                                                                   
                           "Shared Hit Blocks": 38576,                                                                         
                           "Shared Read Blocks": 4343,                                                                         
                           "Shared Dirtied Blocks": 0,                                                                         
                           "Shared Written Blocks": 0,                                                                         
                           "Local Hit Blocks": 0,                                                                              
                           "Local Read Blocks": 0,                                                                             
                           "Local Dirtied Blocks": 0,                                                                          
                           "Local Written Blocks": 0,                                                                          
                           "Temp Read Blocks": 0,                                                                              
                           "Temp Written Blocks": 0,                                                                           
                           "Plans": [                                                                                          
                             {                                                                                                 
                               "Node Type": "Nested Loop",                                                                     
                               "Parent Relationship": "Outer",                                                                 
                               "Parallel Aware": false,                                                                        
                               "Join Type": "Inner",                                                                           
                               "Startup Cost": 0.05,                                                                           
                               "Total Cost": 552.05,                                                                           
                               "Plan Rows": 2,                                                                                 
                               "Plan Width": 51,                                                                               
                               "Actual Startup Time": 927.971,                                                                 
                               "Actual Total Time": 15615.555,                                                                 
                               "Actual Rows": 1218,                                                                            
                               "Actual Loops": 1,                                                                              
                               "Inner Unique": false,                                                                          
                               "Join Filter": "(t.id = mc.movie_id)",                                                          
                               "Rows Removed by Join Filter": 0,                                                               
                               "Shared Hit Blocks": 4442,                                                                      
                               "Shared Read Blocks": 3220,                                                                     
                               "Shared Dirtied Blocks": 0,                                                                     
                               "Shared Written Blocks": 0,                                                                     
                               "Local Hit Blocks": 0,                                                                          
                               "Local Read Blocks": 0,                                                                         
                               "Local Dirtied Blocks": 0,                                                                      
                               "Local Written Blocks": 0,                                                                      
                               "Temp Read Blocks": 0,                                                                          
                               "Temp Written Blocks": 0,                                                                       
                               "Plans": [                                                                                      
                                 {                                                                                             
                                   "Node Type": "Nested Loop",                                                                 
                                   "Parent Relationship": "Outer",                                                             
                                   "Parallel Aware": false,                                                                    
                                   "Join Type": "Inner",                                                                       
                                   "Startup Cost": 0.04,                                                                       
                                   "Total Cost": 551.89,                                                                       
                                   "Plan Rows": 1,                                                                             
                                   "Plan Width": 39,                                                                           
                                   "Actual Startup Time": 900.612,                                                             
                                   "Actual Total Time": 13512.326,                                                             
                                   "Actual Rows": 60,                                                                          
                                   "Actual Loops": 1,                                                                          
                                   "Inner Unique": true,                                                                       
                                   "Join Filter": "(t.kind_id = kt.id)",                                                       
                                   "Rows Removed by Join Filter": 1,                                                           
                                   "Shared Hit Blocks": 4292,                                                                  
                                   "Shared Read Blocks": 3064,                                                                 
                                   "Shared Dirtied Blocks": 0,                                                                 
                                   "Shared Written Blocks": 0,                                                                 
                                   "Local Hit Blocks": 0,                                                                      
                                   "Local Read Blocks": 0,                                                                     
                                   "Local Dirtied Blocks": 0,                                                                  
                                   "Local Written Blocks": 0,                                                                  
                                   "Temp Read Blocks": 0,                                                                      
                                   "Temp Written Blocks": 0,                                                                   
                                   "Plans": [                                                                                  
                                     {                                                                                         
                                       "Node Type": "Nested Loop",                                                             
                                       "Parent Relationship": "Outer",                                                         
                                       "Parallel Aware": false,                                                                
                                       "Join Type": "Inner",                                                                   
                                       "Startup Cost": 0.04,                                                                   
                                       "Total Cost": 551.85,                                                                   
                                       "Plan Rows": 5,                                                                         
                                       "Plan Width": 33,                                                                       
                                       "Actual Startup Time": 900.568,                                                         
                                       "Actual Total Time": 13512.012,                                                         
                                       "Actual Rows": 61,                                                                      
                                       "Actual Loops": 1,                                                                      
                                       "Inner Unique": true,                                                                   
                                       "Shared Hit Blocks": 4291,                                                              
                                       "Shared Read Blocks": 3064,                                                             
                                       "Shared Dirtied Blocks": 0,                                                             
                                       "Shared Written Blocks": 0,                                                             
                                       "Local Hit Blocks": 0,                                                                  
                                       "Local Read Blocks": 0,                                                                 
                                       "Local Dirtied Blocks": 0,                                                              
                                       "Local Written Blocks": 0,                                                              
                                       "Temp Read Blocks": 0,                                                                  
                                       "Temp Written Blocks": 0,                                                               
                                       "Plans": [                                                                              
                                         {                                                                                     
                                           "Node Type": "Nested Loop",                                                         
                                           "Parent Relationship": "Outer",                                                     
                                           "Parallel Aware": false,                                                            
                                           "Join Type": "Inner",                                                               
                                           "Startup Cost": 0.03,                                                               
                                           "Total Cost": 551.43,                                                               
                                           "Plan Rows": 10,                                                                    
                                           "Plan Width": 8,                                                                    
                                           "Actual Startup Time": 807.609,                                                     
                                           "Actual Total Time": 7619.739,                                                      
                                           "Actual Rows": 318,                                                                 
                                           "Actual Loops": 1,                                                                  
                                           "Inner Unique": true,                                                               
                                           "Join Filter": "(cc.status_id = cct.id)",                                          
                                           "Rows Removed by Join Filter": 312,                                                 
                                           "Shared Hit Blocks": 3454,                                                          
                                           "Shared Read Blocks": 2629,                                                         
                                           "Shared Dirtied Blocks": 0,                                                         
                                           "Shared Written Blocks": 0,                                                         
                                           "Local Hit Blocks": 0,                                                              
                                           "Local Read Blocks": 0,                                                             
                                           "Local Dirtied Blocks": 0,                                                          
                                           "Local Written Blocks": 0,                                                          
                                           "Temp Read Blocks": 0,                                                              
                                           "Temp Written Blocks": 0,                                                           
                                           "Plans": [                                                                          
                                             {                                                                                 
                                               "Node Type": "Nested Loop",                                                     
                                               "Parent Relationship": "Outer",                                                 
                                               "Parallel Aware": false,                                                        
                                               "Join Type": "Inner",                                                           
                                               "Startup Cost": 0.03,                                                           
                                               "Total Cost": 551.39,                                                           
                                               "Plan Rows": 41,                                                                
                                               "Plan Width": 12,                                                               
                                               "Actual Startup Time": 154.600,                                                 
                                               "Actual Total Time": 7617.064,                                                  
                                               "Actual Rows": 630,                                                             
                                               "Actual Loops": 1,                                                              
                                               "Inner Unique": false,                                                          
                                               "Shared Hit Blocks": 3453,                                                      
                                               "Shared Read Blocks": 2629,                                                     
                                               "Shared Dirtied Blocks": 0,                                                     
                                               "Shared Written Blocks": 0,                                                     
                                               "Local Hit Blocks": 0,                                                          
                                               "Local Read Blocks": 0,                                                         
                                               "Local Dirtied Blocks": 0,                                                      
                                               "Local Written Blocks": 0,                                                      
                                               "Temp Read Blocks": 0,                                                          
                                               "Temp Written Blocks": 0,                                                       
                                               "Plans": [                                                                      
                                                 {                                                                             
                                                   "Node Type": "Nested Loop",                                                 
                                                   "Parent Relationship": "Outer",                                             
                                                   "Parallel Aware": false,                                                    
                                                   "Join Type": "Inner",                                                       
                                                   "Startup Cost": 0.01,                                                       
                                                   "Total Cost": 549.49,                                                       
                                                   "Plan Rows": 135,                                                           
                                                   "Plan Width": 4,                                                            
                                                   "Actual Startup Time": 39.949,                                              
                                                   "Actual Total Time": 5455.987,                                              
                                                   "Actual Rows": 1133,                                                        
                                                   "Actual Loops": 1,                                                          
                                                   "Inner Unique": false,                                                      
                                                   "Shared Hit Blocks": 43,                                                    
                                                   "Shared Read Blocks": 2004,                                                 
                                                   "Shared Dirtied Blocks": 0,                                                 
                                                   "Shared Written Blocks": 0,                                                 
                                                   "Local Hit Blocks": 0,                                                      
                                                   "Local Read Blocks": 0,                                                     
                                                   "Local Dirtied Blocks": 0,                                                  
                                                   "Local Written Blocks": 0,                                                  
                                                   "Temp Read Blocks": 0,                                                      
                                                   "Temp Written Blocks": 0,                                                   
                                                   "Plans": [                                                                  
                                                     {                                                                         
                                                       "Node Type": "Seq Scan",                                                
                                                       "Parent Relationship": "Outer",                                         
                                                       "Parallel Aware": false,                                                
                                                       "Relation Name": "keyword",                                             
                                                       "Alias": "k",                                                           
                                                       "Startup Cost": 0.00,                                                   
                                                       "Total Cost": 59.88,                                                    
                                                       "Plan Rows": 4,                                                         
                                                       "Plan Width": 4,                                                        
                                                       "Actual Startup Time": 1.914,                                           
                                                       "Actual Total Time": 132.704,                                           
                                                       "Actual Rows": 4,                                                       
                                                       "Actual Loops": 1,                                                      
                                                       "Filter": "(keyword = ANY ('{nerd,loner,alienation,dignity}'::text[]))",
                                                       "Rows Removed by Filter": 134166,                                       
                                                       "Shared Hit Blocks": 2,                                                 
                                                       "Shared Read Blocks": 947,                                              
                                                       "Shared Dirtied Blocks": 0,                                             
                                                       "Shared Written Blocks": 0,                                             
                                                       "Local Hit Blocks": 0,                                                  
                                                       "Local Read Blocks": 0,                                                 
                                                       "Local Dirtied Blocks": 0,                                              
                                                       "Local Written Blocks": 0,                                              
                                                       "Temp Read Blocks": 0,                                                  
                                                       "Temp Written Blocks": 0                                                
                                                     },                                                                        
                                                     {                                                                         
                                                       "Node Type": "Index Scan",                                              
                                                       "Parent Relationship": "Inner",                                         
                                                       "Parallel Aware": false,                                                
                                                       "Scan Direction": "Forward",                                            
                                                       "Index Name": "keyword_id_movie_keyword",                               
                                                       "Relation Name": "movie_keyword",                                       
                                                       "Alias": "mk",                                                          
                                                       "Startup Cost": 0.01,                                                   
                                                       "Total Cost": 122.40,                                                   
                                                       "Plan Rows": 39,                                                        
                                                       "Plan Width": 8,                                                        
                                                       "Actual Startup Time": 34.120,                                          
                                                       "Actual Total Time": 1330.138,                                          
                                                       "Actual Rows": 283,                                                     
                                                       "Actual Loops": 4,                                                      
                                                       "Index Cond": "(keyword_id = k.id)",                                    
                                                       "Rows Removed by Index Recheck": 0,                                     
                                                       "Shared Hit Blocks": 41,                                                
                                                       "Shared Read Blocks": 1057,                                             
                                                       "Shared Dirtied Blocks": 0,                                             
                                                       "Shared Written Blocks": 0,                                             
                                                       "Local Hit Blocks": 0,                                                  
                                                       "Local Read Blocks": 0,                                                 
                                                       "Local Dirtied Blocks": 0,                                              
                                                       "Local Written Blocks": 0,                                              
                                                       "Temp Read Blocks": 0,                                                  
                                                       "Temp Written Blocks": 0                                                
                                                     }                                                                         
                                                   ]                                                                           
                                                 },                                                                            
                                                 {                                                                             
                                                   "Node Type": "Index Scan",                                                  
                                                   "Parent Relationship": "Inner",                                             
                                                   "Parallel Aware": false,                                                    
                                                   "Scan Direction": "Forward",                                                
                                                   "Index Name": "movie_id_complete_cast",                                     
                                                   "Relation Name": "complete_cast",                                           
                                                   "Alias": "cc",                                                              
                                                   "Startup Cost": 0.01,                                                       
                                                   "Total Cost": 0.01,                                                         
                                                   "Plan Rows": 1,                                                             
                                                   "Plan Width": 8,                                                            
                                                   "Actual Startup Time": 1.282,                                               
                                                   "Actual Total Time": 1.901,                                                 
                                                   "Actual Rows": 1,                                                           
                                                   "Actual Loops": 1133,                                                       
                                                   "Index Cond": "(movie_id = mk.movie_id)",                                   
                                                   "Rows Removed by Index Recheck": 0,                                         
                                                   "Shared Hit Blocks": 3410,                                                  
                                                   "Shared Read Blocks": 625,                                                  
                                                   "Shared Dirtied Blocks": 0,                                                 
                                                   "Shared Written Blocks": 0,                                                 
                                                   "Local Hit Blocks": 0,                                                      
                                                   "Local Read Blocks": 0,                                                     
                                                   "Local Dirtied Blocks": 0,                                                  
                                                   "Local Written Blocks": 0,                                                  
                                                   "Temp Read Blocks": 0,                                                      
                                                   "Temp Written Blocks": 0                                                    
                                                 }                                                                             
                                               ]                                                                               
                                             },                                                                                
                                             {                                                                                 
                                               "Node Type": "Materialize",                                                     
                                               "Parent Relationship": "Inner",                                                 
                                               "Parallel Aware": false,                                                        
                                               "Startup Cost": 0.00,                                                           
                                               "Total Cost": 0.03,                                                             
                                               "Plan Rows": 1,                                                                 
                                               "Plan Width": 4,                                                                
                                               "Actual Startup Time": 0.001,                                                   
                                               "Actual Total Time": 0.001,                                                     
                                               "Actual Rows": 1,                                                               
                                               "Actual Loops": 630,                                                            
                                               "Shared Hit Blocks": 1,                                                         
                                               "Shared Read Blocks": 0,                                                        
                                               "Shared Dirtied Blocks": 0,                                                     
                                               "Shared Written Blocks": 0,                                                     
                                               "Local Hit Blocks": 0,                                                          
                                               "Local Read Blocks": 0,                                                         
                                               "Local Dirtied Blocks": 0,                                                      
                                               "Local Written Blocks": 0,                                                      
                                               "Temp Read Blocks": 0,                                                          
                                               "Temp Written Blocks": 0,                                                       
                                               "Plans": [                                                                      
                                                 {                                                                             
                                                   "Node Type": "Seq Scan",                                                    
                                                   "Parent Relationship": "Outer",                                             
                                                   "Parallel Aware": false,                                                    
                                                   "Relation Name": "comp_cast_type",                                          
                                                   "Alias": "cct",                                                            
                                                   "Startup Cost": 0.00,                                                       
                                                   "Total Cost": 0.03,                                                         
                                                   "Plan Rows": 1,                                                             
                                                   "Plan Width": 4,                                                            
                                                   "Actual Startup Time": 0.019,                                               
                                                   "Actual Total Time": 0.020,                                                 
                                                   "Actual Rows": 1,                                                           
                                                   "Actual Loops": 1,                                                          
                                                   "Filter": "((kind)::text = 'completeverified'::text)",                     
                                                   "Rows Removed by Filter": 3,                                                
                                                   "Shared Hit Blocks": 1,                                                     
                                                   "Shared Read Blocks": 0,                                                    
                                                   "Shared Dirtied Blocks": 0,                                                 
                                                   "Shared Written Blocks": 0,                                                 
                                                   "Local Hit Blocks": 0,                                                      
                                                   "Local Read Blocks": 0,                                                     
                                                   "Local Dirtied Blocks": 0,                                                  
                                                   "Local Written Blocks": 0,                                                  
                                                   "Temp Read Blocks": 0,                                                      
                                                   "Temp Written Blocks": 0                                                    
                                                 }                                                                             
                                               ]                                                                               
                                             }                                                                                 
                                           ]                                                                                   
                                         },                                                                                    
                                         {                                                                                     
                                           "Node Type": "Index Scan",                                                          
                                           "Parent Relationship": "Inner",                                                     
                                           "Parallel Aware": false,                                                            
                                           "Scan Direction": "Forward",                                                        
                                           "Index Name": "title_idx_id",                                                       
                                           "Relation Name": "title",                                                           
                                           "Alias": "t",                                                                       
                                           "Startup Cost": 0.01,                                                               
                                           "Total Cost": 0.04,                                                                 
                                           "Plan Rows": 1,                                                                     
                                           "Plan Width": 25,                                                                   
                                           "Actual Startup Time": 18.525,                                                      
                                           "Actual Total Time": 18.525,                                                        
                                           "Actual Rows": 0,                                                                   
                                           "Actual Loops": 318,                                                                
                                           "Index Cond": "(id = mk.movie_id)",                                                 
                                           "Rows Removed by Index Recheck": 0,                                                 
                                           "Filter": "(production_year > 2000)",                                               
                                           "Rows Removed by Filter": 1,                                                        
                                           "Shared Hit Blocks": 837,                                                           
                                           "Shared Read Blocks": 435,                                                          
                                           "Shared Dirtied Blocks": 0,                                                         
                                           "Shared Written Blocks": 0,                                                         
                                           "Local Hit Blocks": 0,                                                              
                                           "Local Read Blocks": 0,                                                             
                                           "Local Dirtied Blocks": 0,                                                          
                                           "Local Written Blocks": 0,                                                          
                                           "Temp Read Blocks": 0,                                                              
                                           "Temp Written Blocks": 0                                                            
                                         }                                                                                     
                                       ]                                                                                       
                                     },                                                                                        
                                     {                                                                                         
                                       "Node Type": "Materialize",                                                             
                                       "Parent Relationship": "Inner",                                                         
                                       "Parallel Aware": false,                                                                
                                       "Startup Cost": 0.00,                                                                   
                                       "Total Cost": 0.03,                                                                     
                                       "Plan Rows": 1,                                                                         
                                       "Plan Width": 14,                                                                       
                                       "Actual Startup Time": 0.001,                                                           
                                       "Actual Total Time": 0.001,                                                             
                                       "Actual Rows": 1,                                                                       
                                       "Actual Loops": 61,                                                                     
                                       "Shared Hit Blocks": 1,                                                                 
                                       "Shared Read Blocks": 0,                                                                
                                       "Shared Dirtied Blocks": 0,                                                             
                                       "Shared Written Blocks": 0,                                                             
                                       "Local Hit Blocks": 0,                                                                  
                                       "Local Read Blocks": 0,                                                                 
                                       "Local Dirtied Blocks": 0,                                                              
                                       "Local Written Blocks": 0,                                                              
                                       "Temp Read Blocks": 0,                                                                  
                                       "Temp Written Blocks": 0,                                                               
                                       "Plans": [                                                                              
                                         {                                                                                     
                                           "Node Type": "Seq Scan",                                                            
                                           "Parent Relationship": "Outer",                                                     
                                           "Parallel Aware": false,                                                            
                                           "Relation Name": "kind_type",                                                       
                                           "Alias": "kt",                                                                      
                                           "Startup Cost": 0.00,                                                               
                                           "Total Cost": 0.03,                                                                 
                                           "Plan Rows": 1,                                                                     
                                           "Plan Width": 14,                                                                   
                                           "Actual Startup Time": 0.022,                                                       
                                           "Actual Total Time": 0.025,                                                         
                                           "Actual Rows": 1,                                                                   
                                           "Actual Loops": 1,                                                                  
                                           "Filter": "((kind)::text = 'movie'::text)",                                         
                                           "Rows Removed by Filter": 6,                                                        
                                           "Shared Hit Blocks": 1,                                                             
                                           "Shared Read Blocks": 0,                                                            
                                           "Shared Dirtied Blocks": 0,                                                         
                                           "Shared Written Blocks": 0,                                                         
                                           "Local Hit Blocks": 0,                                                              
                                           "Local Read Blocks": 0,                                                             
                                           "Local Dirtied Blocks": 0,                                                          
                                           "Local Written Blocks": 0,                                                          
                                           "Temp Read Blocks": 0,                                                              
                                           "Temp Written Blocks": 0                                                            
                                         }                                                                                     
                                       ]                                                                                       
                                     }                                                                                         
                                   ]                                                                                           
                                 },                                                                                            
                                 {                                                                                             
                                   "Node Type": "Index Scan",                                                                  
                                   "Parent Relationship": "Inner",                                                             
                                   "Parallel Aware": false,                                                                    
                                   "Scan Direction": "Forward",                                                                
                                   "Index Name": "movie_id_movie_companies",                                                   
                                   "Relation Name": "movie_companies",                                                         
                                   "Alias": "mc",                                                                              
                                   "Startup Cost": 0.01,                                                                       
                                   "Total Cost": 0.03,                                                                         
                                   "Plan Rows": 2,                                                                             
                                   "Plan Width": 12,                                                                           
                                   "Actual Startup Time": 21.482,                                                              
                                   "Actual Total Time": 35.022,                                                                
                                   "Actual Rows": 20,                                                                          
                                   "Actual Loops": 60,                                                                         
                                   "Index Cond": "(movie_id = mk.movie_id)",                                                   
                                   "Rows Removed by Index Recheck": 0,                                                         
                                   "Shared Hit Blocks": 150,                                                                   
                                   "Shared Read Blocks": 156,                                                                  
                                   "Shared Dirtied Blocks": 0,                                                                 
                                   "Shared Written Blocks": 0,                                                                 
                                   "Local Hit Blocks": 0,                                                                      
                                   "Local Read Blocks": 0,                                                                     
                                   "Local Dirtied Blocks": 0,                                                                  
                                   "Local Written Blocks": 0,                                                                  
                                   "Temp Read Blocks": 0,                                                                      
                                   "Temp Written Blocks": 0                                                                    
                                 }                                                                                             
                               ]                                                                                               
                             },                                                                                                
                             {                                                                                                 
                               "Node Type": "Index Scan",                                                                      
                               "Parent Relationship": "Inner",                                                                 
                               "Parallel Aware": false,                                                                        
                               "Scan Direction": "Forward",                                                                    
                               "Index Name": "movie_id_movie_info",                                                            
                               "Relation Name": "movie_info",                                                                  
                               "Alias": "mi",                                                                                  
                               "Startup Cost": 0.01,                                                                           
                               "Total Cost": 0.15,                                                                             
                               "Plan Rows": 1,                                                                                 
                               "Plan Width": 8,                                                                                
                               "Actual Startup Time": 5.224,                                                                   
                               "Actual Total Time": 5.257,                                                                     
                               "Actual Rows": 0,                                                                               
                               "Actual Loops": 1218,                                                                           
                               "Index Cond": "(movie_id = mk.movie_id)",                                                       
                               "Rows Removed by Index Recheck": 0,                                                             
                               "Filter": "((note ~~ '%internet%'::text) AND (info ~~ 'USA:% 200%'::text))",                    
                               "Rows Removed by Filter": 274,                                                                  
                               "Shared Hit Blocks": 34134,                                                                     
                               "Shared Read Blocks": 1123,                                                                     
                               "Shared Dirtied Blocks": 0,                                                                     
                               "Shared Written Blocks": 0,                                                                     
                               "Local Hit Blocks": 0,                                                                          
                               "Local Read Blocks": 0,                                                                         
                               "Local Dirtied Blocks": 0,                                                                      
                               "Local Written Blocks": 0,                                                                      
                               "Temp Read Blocks": 0,                                                                          
                               "Temp Written Blocks": 0                                                                        
                             }                                                                                                 
                           ]                                                                                                   
                         },                                                                                                    
                         {                                                                                                     
                           "Node Type": "Index Scan",                                                                          
                           "Parent Relationship": "Inner",                                                                     
                           "Parallel Aware": false,                                                                            
                           "Scan Direction": "Forward",                                                                        
                           "Index Name": "company_name_pkey",                                                                  
                           "Relation Name": "company_name",                                                                    
                           "Alias": "cn",                                                                                      
                           "Startup Cost": 0.01,                                                                               
                           "Total Cost": 0.02,                                                                                 
                           "Plan Rows": 1,                                                                                     
                           "Plan Width": 4,                                                                                    
                           "Actual Startup Time": 2.854,                                                                       
                           "Actual Total Time": 2.854,                                                                         
                           "Actual Rows": 1,                                                                                   
                           "Actual Loops": 16,                                                                                 
                           "Index Cond": "(id = mc.company_id)",                                                               
                           "Rows Removed by Index Recheck": 0,                                                                 
                           "Filter": "((country_code)::text = '[us]'::text)",                                                  
                           "Rows Removed by Filter": 0,                                                                        
                           "Shared Hit Blocks": 61,                                                                            
                           "Shared Read Blocks": 3,                                                                            
                           "Shared Dirtied Blocks": 0,                                                                         
                           "Shared Written Blocks": 0,                                                                         
                           "Local Hit Blocks": 0,                                                                              
                           "Local Read Blocks": 0,                                                                             
                           "Local Dirtied Blocks": 0,                                                                          
                           "Local Written Blocks": 0,                                                                          
                           "Temp Read Blocks": 0,                                                                              
                           "Temp Written Blocks": 0                                                                            
                         }                                                                                                     
                       ]                                                                                                       
                     }                                                                                                         
                   ]                                                                                                           
                 }                                                                                                             
               ]                                                                                                               
             },                                                                                                                
             {                                                                                                                 
               "Node Type": "Materialize",                                                                                     
               "Parent Relationship": "Inner",                                                                                 
               "Parallel Aware": false,                                                                                        
               "Startup Cost": 0.00,                                                                                           
               "Total Cost": 0.05,                                                                                             
               "Plan Rows": 1,                                                                                                 
               "Plan Width": 4,                                                                                                
               "Actual Startup Time": 0.001,                                                                                   
               "Actual Total Time": 0.001,                                                                                     
               "Actual Rows": 1,                                                                                               
               "Actual Loops": 16,                                                                                             
               "Shared Hit Blocks": 1,                                                                                         
               "Shared Read Blocks": 0,                                                                                        
               "Shared Dirtied Blocks": 0,                                                                                     
               "Shared Written Blocks": 0,                                                                                     
               "Local Hit Blocks": 0,                                                                                          
               "Local Read Blocks": 0,                                                                                         
               "Local Dirtied Blocks": 0,                                                                                      
               "Local Written Blocks": 0,                                                                                      
               "Temp Read Blocks": 0,                                                                                          
               "Temp Written Blocks": 0,                                                                                       
               "Plans": [                                                                                                      
                 {                                                                                                             
                   "Node Type": "Seq Scan",                                                                                    
                   "Parent Relationship": "Outer",                                                                             
                   "Parallel Aware": false,                                                                                    
                   "Relation Name": "info_type",                                                                               
                   "Alias": "it",                                                                                             
                   "Startup Cost": 0.00,                                                                                       
                   "Total Cost": 0.05,                                                                                         
                   "Plan Rows": 1,                                                                                             
                   "Plan Width": 4,                                                                                            
                   "Actual Startup Time": 0.011,                                                                               
                   "Actual Total Time": 0.011,                                                                                 
                   "Actual Rows": 1,                                                                                           
                   "Actual Loops": 1,                                                                                          
                   "Filter": "((info)::text = 'release dates'::text)",                                                         
                   "Rows Removed by Filter": 15,                                                                               
                   "Shared Hit Blocks": 1,                                                                                     
                   "Shared Read Blocks": 0,                                                                                    
                   "Shared Dirtied Blocks": 0,                                                                                 
                   "Shared Written Blocks": 0,                                                                                 
                   "Local Hit Blocks": 0,                                                                                      
                   "Local Read Blocks": 0,                                                                                     
                   "Local Dirtied Blocks": 0,                                                                                  
                   "Local Written Blocks": 0,                                                                                  
                   "Temp Read Blocks": 0,                                                                                      
                   "Temp Written Blocks": 0                                                                                    
                 }                                                                                                             
               ]                                                                                                               
             }                                                                                                                 
           ]                                                                                                                   
         }                                                                                                                     
       ]                                                                                                                       
     },                                                                                                                        
     "Planning Time": 9542.024,                                                                                                
     "Triggers": [                                                                                                             
     ],                                                                                                                        
     "Execution Time": 22152.391                                                                                               
   }                                                                                                                           
 ]
