 [                                                                                                                                           
   {                                                                                                                                         
     "Plan": {                                                                                                                               
       "Node Type": "Aggregate",                                                                                                             
       "Strategy": "Plain",                                                                                                                  
       "Partial Mode": "Simple",                                                                                                             
       "Parallel Aware": false,                                                                                                              
       "Startup Cost": 683.41,                                                                                                               
       "Total Cost": 683.41,                                                                                                                 
       "Plan Rows": 1,                                                                                                                       
       "Plan Width": 128,                                                                                                                    
       "Actual Startup Time": 1537547.930,                                                                                                   
       "Actual Total Time": 1537547.930,                                                                                                     
       "Actual Rows": 1,                                                                                                                     
       "Actual Loops": 1,                                                                                                                    
       "Shared Hit Blocks": 3230689,                                                                                                         
       "Shared Read Blocks": 348063,                                                                                                         
       "Shared Dirtied Blocks": 0,                                                                                                           
       "Shared Written Blocks": 0,                                                                                                           
       "Local Hit Blocks": 0,                                                                                                                
       "Local Read Blocks": 0,                                                                                                               
       "Local Dirtied Blocks": 0,                                                                                                            
       "Local Written Blocks": 0,                                                                                                            
       "Temp Read Blocks": 0,                                                                                                                
       "Temp Written Blocks": 0,                                                                                                             
       "Plans": [                                                                                                                            
         {                                                                                                                                   
           "Node Type": "Nested Loop",                                                                                                       
           "Parent Relationship": "Outer",                                                                                                   
           "Parallel Aware": false,                                                                                                          
           "Join Type": "Inner",                                                                                                             
           "Startup Cost": 0.08,                                                                                                             
           "Total Cost": 683.41,                                                                                                             
           "Plan Rows": 1,                                                                                                                   
           "Plan Width": 80,                                                                                                                 
           "Actual Startup Time": 1087433.601,                                                                                               
           "Actual Total Time": 1537547.826,                                                                                                 
           "Actual Rows": 6,                                                                                                                 
           "Actual Loops": 1,                                                                                                                
           "Inner Unique": true,                                                                                                             
           "Join Filter": "(mi.movie_id = t.id)",                                                                                            
           "Rows Removed by Join Filter": 0,                                                                                                 
           "Shared Hit Blocks": 3230689,                                                                                                     
           "Shared Read Blocks": 348063,                                                                                                     
           "Shared Dirtied Blocks": 0,                                                                                                       
           "Shared Written Blocks": 0,                                                                                                       
           "Local Hit Blocks": 0,                                                                                                            
           "Local Read Blocks": 0,                                                                                                           
           "Local Dirtied Blocks": 0,                                                                                                        
           "Local Written Blocks": 0,                                                                                                        
           "Temp Read Blocks": 0,                                                                                                            
           "Temp Written Blocks": 0,                                                                                                         
           "Plans": [                                                                                                                        
             {                                                                                                                               
               "Node Type": "Nested Loop",                                                                                                   
               "Parent Relationship": "Outer",                                                                                               
               "Parallel Aware": false,                                                                                                      
               "Join Type": "Inner",                                                                                                         
               "Startup Cost": 0.07,                                                                                                         
               "Total Cost": 683.20,                                                                                                         
               "Plan Rows": 1,                                                                                                               
               "Plan Width": 79,                                                                                                             
               "Actual Startup Time": 34406.627,                                                                                             
               "Actual Total Time": 1506629.113,                                                                                             
               "Actual Rows": 4407,                                                                                                          
               "Actual Loops": 1,                                                                                                            
               "Inner Unique": true,                                                                                                         
               "Join Filter": "(mi.info_type_id = it.id)",                                                                                  
               "Rows Removed by Join Filter": 506,                                                                                           
               "Shared Hit Blocks": 3215595,                                                                                                 
               "Shared Read Blocks": 345523,                                                                                                 
               "Shared Dirtied Blocks": 0,                                                                                                   
               "Shared Written Blocks": 0,                                                                                                   
               "Local Hit Blocks": 0,                                                                                                        
               "Local Read Blocks": 0,                                                                                                       
               "Local Dirtied Blocks": 0,                                                                                                    
               "Local Written Blocks": 0,                                                                                                    
               "Temp Read Blocks": 0,                                                                                                        
               "Temp Written Blocks": 0,                                                                                                     
               "Plans": [                                                                                                                    
                 {                                                                                                                           
                   "Node Type": "Nested Loop",                                                                                               
                   "Parent Relationship": "Outer",                                                                                           
                   "Parallel Aware": false,                                                                                                  
                   "Join Type": "Inner",                                                                                                     
                   "Startup Cost": 0.07,                                                                                                     
                   "Total Cost": 683.15,                                                                                                     
                   "Plan Rows": 1,                                                                                                           
                   "Plan Width": 83,                                                                                                         
                   "Actual Startup Time": 34406.582,                                                                                         
                   "Actual Total Time": 1506614.541,                                                                                         
                   "Actual Rows": 4913,                                                                                                      
                   "Actual Loops": 1,                                                                                                        
                   "Inner Unique": false,                                                                                                    
                   "Join Filter": "(mi_idx.movie_id = mi.movie_id)",                                                                         
                   "Rows Removed by Join Filter": 0,                                                                                         
                   "Shared Hit Blocks": 3215594,                                                                                             
                   "Shared Read Blocks": 345523,                                                                                             
                   "Shared Dirtied Blocks": 0,                                                                                               
                   "Shared Written Blocks": 0,                                                                                               
                   "Local Hit Blocks": 0,                                                                                                    
                   "Local Read Blocks": 0,                                                                                                   
                   "Local Dirtied Blocks": 0,                                                                                                
                   "Local Written Blocks": 0,                                                                                                
                   "Temp Read Blocks": 0,                                                                                                    
                   "Temp Written Blocks": 0,                                                                                                 
                   "Plans": [                                                                                                                
                     {                                                                                                                       
                       "Node Type": "Nested Loop",                                                                                           
                       "Parent Relationship": "Outer",                                                                                       
                       "Parallel Aware": false,                                                                                              
                       "Join Type": "Inner",                                                                                                 
                       "Startup Cost": 0.06,                                                                                                 
                       "Total Cost": 682.84,                                                                                                 
                       "Plan Rows": 2,                                                                                                       
                       "Plan Width": 33,                                                                                                     
                       "Actual Startup Time": 365.655,                                                                                       
                       "Actual Total Time": 1270746.514,                                                                                     
                       "Actual Rows": 17537,                                                                                                 
                       "Actual Loops": 1,                                                                                                    
                       "Inner Unique": true,                                                                                                 
                       "Shared Hit Blocks": 2956039,                                                                                         
                       "Shared Read Blocks": 271823,                                                                                         
                       "Shared Dirtied Blocks": 0,                                                                                           
                       "Shared Written Blocks": 0,                                                                                           
                       "Local Hit Blocks": 0,                                                                                                
                       "Local Read Blocks": 0,                                                                                               
                       "Local Dirtied Blocks": 0,                                                                                            
                       "Local Written Blocks": 0,                                                                                            
                       "Temp Read Blocks": 0,                                                                                                
                       "Temp Written Blocks": 0,                                                                                             
                       "Plans": [                                                                                                            
                         {                                                                                                                   
                           "Node Type": "Nested Loop",                                                                                       
                           "Parent Relationship": "Outer",                                                                                   
                           "Parallel Aware": false,                                                                                          
                           "Join Type": "Inner",                                                                                             
                           "Startup Cost": 0.04,                                                                                             
                           "Total Cost": 682.10,                                                                                             
                           "Plan Rows": 4,                                                                                                   
                           "Plan Width": 22,                                                                                                 
                           "Actual Startup Time": 349.935,                                                                                   
                           "Actual Total Time": 1144446.644,                                                                                 
                           "Actual Rows": 30276,                                                                                             
                           "Actual Loops": 1,                                                                                                
                           "Inner Unique": false,                                                                                            
                           "Join Filter": "(mi_idx.movie_id = ci.movie_id)",                                                                 
                           "Rows Removed by Join Filter": 0,                                                                                 
                           "Shared Hit Blocks": 2851478,                                                                                     
                           "Shared Read Blocks": 255072,                                                                                     
                           "Shared Dirtied Blocks": 0,                                                                                       
                           "Shared Written Blocks": 0,                                                                                       
                           "Local Hit Blocks": 0,                                                                                            
                           "Local Read Blocks": 0,                                                                                           
                           "Local Dirtied Blocks": 0,                                                                                        
                           "Local Written Blocks": 0,                                                                                        
                           "Temp Read Blocks": 0,                                                                                            
                           "Temp Written Blocks": 0,                                                                                         
                           "Plans": [                                                                                                        
                             {                                                                                                               
                               "Node Type": "Nested Loop",                                                                                   
                               "Parent Relationship": "Outer",                                                                               
                               "Parallel Aware": false,                                                                                      
                               "Join Type": "Inner",                                                                                         
                               "Startup Cost": 0.03,                                                                                         
                               "Total Cost": 681.04,                                                                                         
                               "Plan Rows": 4,                                                                                               
                               "Plan Width": 14,                                                                                             
                               "Actual Startup Time": 40.578,                                                                                
                               "Actual Total Time": 28944.673,                                                                               
                               "Actual Rows": 50760,                                                                                         
                               "Actual Loops": 1,                                                                                            
                               "Inner Unique": true,                                                                                         
                               "Join Filter": "(mi_idx.info_type_id = it.id)",                                                              
                               "Rows Removed by Join Filter": 101960,                                                                        
                               "Shared Hit Blocks": 250673,                                                                                  
                               "Shared Read Blocks": 30473,                                                                                  
                               "Shared Dirtied Blocks": 0,                                                                                   
                               "Shared Written Blocks": 0,                                                                                   
                               "Local Hit Blocks": 0,                                                                                        
                               "Local Read Blocks": 0,                                                                                       
                               "Local Dirtied Blocks": 0,                                                                                    
                               "Local Written Blocks": 0,                                                                                    
                               "Temp Read Blocks": 0,                                                                                        
                               "Temp Written Blocks": 0,                                                                                     
                               "Plans": [                                                                                                    
                                 {                                                                                                           
                                   "Node Type": "Nested Loop",                                                                               
                                   "Parent Relationship": "Outer",                                                                           
                                   "Parallel Aware": false,                                                                                  
                                   "Join Type": "Inner",                                                                                     
                                   "Startup Cost": 0.03,                                                                                     
                                   "Total Cost": 680.87,                                                                                     
                                   "Plan Rows": 508,                                                                                         
                                   "Plan Width": 18,                                                                                         
                                   "Actual Startup Time": 40.499,                                                                            
                                   "Actual Total Time": 28645.030,                                                                           
                                   "Actual Rows": 152720,                                                                                    
                                   "Actual Loops": 1,                                                                                        
                                   "Inner Unique": false,                                                                                    
                                   "Shared Hit Blocks": 250672,                                                                              
                                   "Shared Read Blocks": 30473,                                                                              
                                   "Shared Dirtied Blocks": 0,                                                                               
                                   "Shared Written Blocks": 0,                                                                               
                                   "Local Hit Blocks": 0,                                                                                    
                                   "Local Read Blocks": 0,                                                                                   
                                   "Local Dirtied Blocks": 0,                                                                                
                                   "Local Written Blocks": 0,                                                                                
                                   "Temp Read Blocks": 0,                                                                                    
                                   "Temp Written Blocks": 0,                                                                                 
                                   "Plans": [                                                                                                
                                     {                                                                                                       
                                       "Node Type": "Nested Loop",                                                                           
                                       "Parent Relationship": "Outer",                                                                       
                                       "Parallel Aware": false,                                                                              
                                       "Join Type": "Inner",                                                                                 
                                       "Startup Cost": 0.01,                                                                                 
                                       "Total Cost": 677.10,                                                                                 
                                       "Plan Rows": 169,                                                                                     
                                       "Plan Width": 4,                                                                                      
                                       "Actual Startup Time": 40.058,                                                                        
                                       "Actual Total Time": 13973.285,                                                                       
                                       "Actual Rows": 62096,                                                                                 
                                       "Actual Loops": 1,                                                                                    
                                       "Inner Unique": false,                                                                                
                                       "Shared Hit Blocks": 21665,                                                                           
                                       "Shared Read Blocks": 20801,                                                                          
                                       "Shared Dirtied Blocks": 0,                                                                           
                                       "Shared Written Blocks": 0,                                                                           
                                       "Local Hit Blocks": 0,                                                                                
                                       "Local Read Blocks": 0,                                                                               
                                       "Local Dirtied Blocks": 0,                                                                            
                                       "Local Written Blocks": 0,                                                                            
                                       "Temp Read Blocks": 0,                                                                                
                                       "Temp Written Blocks": 0,                                                                             
                                       "Plans": [                                                                                            
                                         {                                                                                                   
                                           "Node Type": "Seq Scan",                                                                          
                                           "Parent Relationship": "Outer",                                                                   
                                           "Parallel Aware": false,                                                                          
                                           "Relation Name": "keyword",                                                                       
                                           "Alias": "k",                                                                                     
                                           "Startup Cost": 0.00,                                                                             
                                           "Total Cost": 65.09,                                                                              
                                           "Plan Rows": 5,                                                                                   
                                           "Plan Width": 4,                                                                                  
                                           "Actual Startup Time": 2.494,                                                                     
                                           "Actual Total Time": 88.953,                                                                      
                                           "Actual Rows": 5,                                                                                 
                                           "Actual Loops": 1,                                                                                
                                           "Filter": "(keyword = ANY ('{murder,blood,gore,death,female-nudity}'::text[]))",                  
                                           "Rows Removed by Filter": 134165,                                                                 
                                           "Shared Hit Blocks": 2,                                                                           
                                           "Shared Read Blocks": 947,                                                                        
                                           "Shared Dirtied Blocks": 0,                                                                       
                                           "Shared Written Blocks": 0,                                                                       
                                           "Local Hit Blocks": 0,                                                                            
                                           "Local Read Blocks": 0,                                                                           
                                           "Local Dirtied Blocks": 0,                                                                        
                                           "Local Written Blocks": 0,                                                                        
                                           "Temp Read Blocks": 0,                                                                            
                                           "Temp Written Blocks": 0                                                                          
                                         },                                                                                                  
                                         {                                                                                                   
                                           "Node Type": "Index Scan",                                                                        
                                           "Parent Relationship": "Inner",                                                                   
                                           "Parallel Aware": false,                                                                          
                                           "Scan Direction": "Forward",                                                                      
                                           "Index Name": "keyword_id_movie_keyword",                                                         
                                           "Relation Name": "movie_keyword",                                                                 
                                           "Alias": "mk",                                                                                    
                                           "Startup Cost": 0.01,                                                                             
                                           "Total Cost": 122.40,                                                                             
                                           "Plan Rows": 39,                                                                                  
                                           "Plan Width": 8,                                                                                  
                                           "Actual Startup Time": 34.075,                                                                    
                                           "Actual Total Time": 2764.930,                                                                    
                                           "Actual Rows": 12419,                                                                             
                                           "Actual Loops": 5,                                                                                
                                           "Index Cond": "(keyword_id = k.id)",                                                              
                                           "Rows Removed by Index Recheck": 0,                                                               
                                           "Shared Hit Blocks": 21663,                                                                       
                                           "Shared Read Blocks": 19854,                                                                      
                                           "Shared Dirtied Blocks": 0,                                                                       
                                           "Shared Written Blocks": 0,                                                                       
                                           "Local Hit Blocks": 0,                                                                            
                                           "Local Read Blocks": 0,                                                                           
                                           "Local Dirtied Blocks": 0,                                                                        
                                           "Local Written Blocks": 0,                                                                        
                                           "Temp Read Blocks": 0,                                                                            
                                           "Temp Written Blocks": 0                                                                          
                                         }                                                                                                   
                                       ]                                                                                                     
                                     },                                                                                                      
                                     {                                                                                                       
                                       "Node Type": "Index Scan",                                                                            
                                       "Parent Relationship": "Inner",                                                                       
                                       "Parallel Aware": false,                                                                              
                                       "Scan Direction": "Forward",                                                                          
                                       "Index Name": "movie_id_movie_info_idx",                                                              
                                       "Relation Name": "movie_info_idx",                                                                    
                                       "Alias": "mi_idx",                                                                                    
                                       "Startup Cost": 0.01,                                                                                 
                                       "Total Cost": 0.02,                                                                                   
                                       "Plan Rows": 3,                                                                                       
                                       "Plan Width": 14,                                                                                     
                                       "Actual Startup Time": 0.226,                                                                         
                                       "Actual Total Time": 0.231,                                                                           
                                       "Actual Rows": 2,                                                                                     
                                       "Actual Loops": 62096,                                                                                
                                       "Index Cond": "(movie_id = mk.movie_id)",                                                             
                                       "Rows Removed by Index Recheck": 0,                                                                   
                                       "Shared Hit Blocks": 229007,                                                                          
                                       "Shared Read Blocks": 9672,                                                                           
                                       "Shared Dirtied Blocks": 0,                                                                           
                                       "Shared Written Blocks": 0,                                                                           
                                       "Local Hit Blocks": 0,                                                                                
                                       "Local Read Blocks": 0,                                                                               
                                       "Local Dirtied Blocks": 0,                                                                            
                                       "Local Written Blocks": 0,                                                                            
                                       "Temp Read Blocks": 0,                                                                                
                                       "Temp Written Blocks": 0                                                                              
                                     }                                                                                                       
                                   ]                                                                                                         
                                 },                                                                                                          
                                 {                                                                                                           
                                   "Node Type": "Materialize",                                                                               
                                   "Parent Relationship": "Inner",                                                                           
                                   "Parallel Aware": false,                                                                                  
                                   "Startup Cost": 0.00,                                                                                     
                                   "Total Cost": 0.05,                                                                                       
                                   "Plan Rows": 1,                                                                                           
                                   "Plan Width": 4,                                                                                          
                                   "Actual Startup Time": 0.000,                                                                             
                                   "Actual Total Time": 0.000,                                                                               
                                   "Actual Rows": 1,                                                                                         
                                   "Actual Loops": 152720,                                                                                   
                                   "Shared Hit Blocks": 1,                                                                                   
                                   "Shared Read Blocks": 0,                                                                                  
                                   "Shared Dirtied Blocks": 0,                                                                               
                                   "Shared Written Blocks": 0,                                                                               
                                   "Local Hit Blocks": 0,                                                                                    
                                   "Local Read Blocks": 0,                                                                                   
                                   "Local Dirtied Blocks": 0,                                                                                
                                   "Local Written Blocks": 0,                                                                                
                                   "Temp Read Blocks": 0,                                                                                    
                                   "Temp Written Blocks": 0,                                                                                 
                                   "Plans": [                                                                                                
                                     {                                                                                                       
                                       "Node Type": "Seq Scan",                                                                              
                                       "Parent Relationship": "Outer",                                                                       
                                       "Parallel Aware": false,                                                                              
                                       "Relation Name": "info_type",                                                                         
                                       "Alias": "it",                                                                                       
                                       "Startup Cost": 0.00,                                                                                 
                                       "Total Cost": 0.05,                                                                                   
                                       "Plan Rows": 1,                                                                                       
                                       "Plan Width": 4,                                                                                      
                                       "Actual Startup Time": 0.050,                                                                         
                                       "Actual Total Time": 0.056,                                                                           
                                       "Actual Rows": 1,                                                                                     
                                       "Actual Loops": 1,                                                                                    
                                       "Filter": "((info)::text = 'votes'::text)",                                                           
                                       "Rows Removed by Filter": 112,                                                                        
                                       "Shared Hit Blocks": 1,                                                                               
                                       "Shared Read Blocks": 0,                                                                              
                                       "Shared Dirtied Blocks": 0,                                                                           
                                       "Shared Written Blocks": 0,                                                                           
                                       "Local Hit Blocks": 0,                                                                                
                                       "Local Read Blocks": 0,                                                                               
                                       "Local Dirtied Blocks": 0,                                                                            
                                       "Local Written Blocks": 0,                                                                            
                                       "Temp Read Blocks": 0,                                                                                
                                       "Temp Written Blocks": 0                                                                              
                                     }                                                                                                       
                                   ]                                                                                                         
                                 }                                                                                                           
                               ]                                                                                                             
                             },                                                                                                              
                             {                                                                                                               
                               "Node Type": "Index Scan",                                                                                    
                               "Parent Relationship": "Inner",                                                                               
                               "Parallel Aware": false,                                                                                      
                               "Scan Direction": "Forward",                                                                                  
                               "Index Name": "movie_id_cast_info",                                                                           
                               "Relation Name": "cast_info",                                                                                 
                               "Alias": "ci",                                                                                                
                               "Startup Cost": 0.02,                                                                                         
                               "Total Cost": 0.26,                                                                                           
                               "Plan Rows": 1,                                                                                               
                               "Plan Width": 8,                                                                                              
                               "Actual Startup Time": 18.915,                                                                                
                               "Actual Total Time": 21.973,                                                                                  
                               "Actual Rows": 1,                                                                                             
                               "Actual Loops": 50760,                                                                                        
                               "Index Cond": "(movie_id = mk.movie_id)",                                                                     
                               "Rows Removed by Index Recheck": 0,                                                                           
                               "Filter": "(note = ANY ('{(writer),\"(head writer)\",\"(written by)\",(story),\"(story editor)\"}'::text[]))",
                               "Rows Removed by Filter": 52,                                                                                 
                               "Shared Hit Blocks": 2600805,                                                                                 
                               "Shared Read Blocks": 224599,                                                                                 
                               "Shared Dirtied Blocks": 0,                                                                                   
                               "Shared Written Blocks": 0,                                                                                   
                               "Local Hit Blocks": 0,                                                                                        
                               "Local Read Blocks": 0,                                                                                       
                               "Local Dirtied Blocks": 0,                                                                                    
                               "Local Written Blocks": 0,                                                                                    
                               "Temp Read Blocks": 0,                                                                                        
                               "Temp Written Blocks": 0                                                                                      
                             }                                                                                                               
                           ]                                                                                                                 
                         },                                                                                                                  
                         {                                                                                                                   
                           "Node Type": "Index Scan",                                                                                        
                           "Parent Relationship": "Inner",                                                                                   
                           "Parallel Aware": false,                                                                                          
                           "Scan Direction": "Forward",                                                                                      
                           "Index Name": "name_pkey",                                                                                        
                           "Relation Name": "name",                                                                                          
                           "Alias": "n",                                                                                                     
                           "Startup Cost": 0.01,                                                                                             
                           "Total Cost": 0.19,                                                                                               
                           "Plan Rows": 1,                                                                                                   
                           "Plan Width": 19,                                                                                                 
                           "Actual Startup Time": 4.167,                                                                                     
                           "Actual Total Time": 4.167,                                                                                       
                           "Actual Rows": 1,                                                                                                 
                           "Actual Loops": 30276,                                                                                            
                           "Index Cond": "(id = ci.person_id)",                                                                              
                           "Rows Removed by Index Recheck": 0,                                                                               
                           "Filter": "((gender)::text = 'm'::text)",                                                                         
                           "Rows Removed by Filter": 0,                                                                                      
                           "Shared Hit Blocks": 104561,                                                                                      
                           "Shared Read Blocks": 16751,                                                                                      
                           "Shared Dirtied Blocks": 0,                                                                                       
                           "Shared Written Blocks": 0,                                                                                       
                           "Local Hit Blocks": 0,                                                                                            
                           "Local Read Blocks": 0,                                                                                           
                           "Local Dirtied Blocks": 0,                                                                                        
                           "Local Written Blocks": 0,                                                                                        
                           "Temp Read Blocks": 0,                                                                                            
                           "Temp Written Blocks": 0                                                                                          
                         }                                                                                                                   
                       ]                                                                                                                     
                     },                                                                                                                      
                     {                                                                                                                       
                       "Node Type": "Index Scan",                                                                                            
                       "Parent Relationship": "Inner",                                                                                       
                       "Parallel Aware": false,                                                                                              
                       "Scan Direction": "Forward",                                                                                          
                       "Index Name": "movie_id_movie_info",                                                                                  
                       "Relation Name": "movie_info",                                                                                        
                       "Alias": "mi",                                                                                                        
                       "Startup Cost": 0.01,                                                                                                 
                       "Total Cost": 0.15,                                                                                                   
                       "Plan Rows": 1,                                                                                                       
                       "Plan Width": 50,                                                                                                     
                       "Actual Startup Time": 13.375,                                                                                        
                       "Actual Total Time": 13.446,                                                                                          
                       "Actual Rows": 0,                                                                                                     
                       "Actual Loops": 17537,                                                                                                
                       "Index Cond": "(movie_id = mk.movie_id)",                                                                             
                       "Rows Removed by Index Recheck": 0,                                                                                   
                       "Filter": "(info = 'Horror'::text)",                                                                                  
                       "Rows Removed by Filter": 86,                                                                                         
                       "Shared Hit Blocks": 259555,                                                                                          
                       "Shared Read Blocks": 73700,                                                                                          
                       "Shared Dirtied Blocks": 0,                                                                                           
                       "Shared Written Blocks": 0,                                                                                           
                       "Local Hit Blocks": 0,                                                                                                
                       "Local Read Blocks": 0,                                                                                               
                       "Local Dirtied Blocks": 0,                                                                                            
                       "Local Written Blocks": 0,                                                                                            
                       "Temp Read Blocks": 0,                                                                                                
                       "Temp Written Blocks": 0                                                                                              
                     }                                                                                                                       
                   ]                                                                                                                         
                 },                                                                                                                          
                 {                                                                                                                           
                   "Node Type": "Materialize",                                                                                               
                   "Parent Relationship": "Inner",                                                                                           
                   "Parallel Aware": false,                                                                                                  
                   "Startup Cost": 0.00,                                                                                                     
                   "Total Cost": 0.05,                                                                                                       
                   "Plan Rows": 1,                                                                                                           
                   "Plan Width": 4,                                                                                                          
                   "Actual Startup Time": 0.000,                                                                                             
                   "Actual Total Time": 0.001,                                                                                               
                   "Actual Rows": 1,                                                                                                         
                   "Actual Loops": 4913,                                                                                                     
                   "Shared Hit Blocks": 1,                                                                                                   
                   "Shared Read Blocks": 0,                                                                                                  
                   "Shared Dirtied Blocks": 0,                                                                                               
                   "Shared Written Blocks": 0,                                                                                               
                   "Local Hit Blocks": 0,                                                                                                    
                   "Local Read Blocks": 0,                                                                                                   
                   "Local Dirtied Blocks": 0,                                                                                                
                   "Local Written Blocks": 0,                                                                                                
                   "Temp Read Blocks": 0,                                                                                                    
                   "Temp Written Blocks": 0,                                                                                                 
                   "Plans": [                                                                                                                
                     {                                                                                                                       
                       "Node Type": "Seq Scan",                                                                                              
                       "Parent Relationship": "Outer",                                                                                       
                       "Parallel Aware": false,                                                                                              
                       "Relation Name": "info_type",                                                                                         
                       "Alias": "it",                                                                                                       
                       "Startup Cost": 0.00,                                                                                                 
                       "Total Cost": 0.05,                                                                                                   
                       "Plan Rows": 1,                                                                                                       
                       "Plan Width": 4,                                                                                                      
                       "Actual Startup Time": 0.024,                                                                                         
                       "Actual Total Time": 0.045,                                                                                           
                       "Actual Rows": 1,                                                                                                     
                       "Actual Loops": 1,                                                                                                    
                       "Filter": "((info)::text = 'genres'::text)",                                                                          
                       "Rows Removed by Filter": 112,                                                                                        
                       "Shared Hit Blocks": 1,                                                                                               
                       "Shared Read Blocks": 0,                                                                                              
                       "Shared Dirtied Blocks": 0,                                                                                           
                       "Shared Written Blocks": 0,                                                                                           
                       "Local Hit Blocks": 0,                                                                                                
                       "Local Read Blocks": 0,                                                                                               
                       "Local Dirtied Blocks": 0,                                                                                            
                       "Local Written Blocks": 0,                                                                                            
                       "Temp Read Blocks": 0,                                                                                                
                       "Temp Written Blocks": 0                                                                                              
                     }                                                                                                                       
                   ]                                                                                                                         
                 }                                                                                                                           
               ]                                                                                                                             
             },                                                                                                                              
             {                                                                                                                               
               "Node Type": "Index Scan",                                                                                                    
               "Parent Relationship": "Inner",                                                                                               
               "Parallel Aware": false,                                                                                                      
               "Scan Direction": "Forward",                                                                                                  
               "Index Name": "title_idx_id",                                                                                                 
               "Relation Name": "title",                                                                                                     
               "Alias": "t",                                                                                                                 
               "Startup Cost": 0.01,                                                                                                         
               "Total Cost": 0.04,                                                                                                           
               "Plan Rows": 1,                                                                                                               
               "Plan Width": 21,                                                                                                             
               "Actual Startup Time": 7.013,                                                                                                 
               "Actual Total Time": 7.013,                                                                                                   
               "Actual Rows": 0,                                                                                                             
               "Actual Loops": 4407,                                                                                                         
               "Index Cond": "(id = mk.movie_id)",                                                                                           
               "Rows Removed by Index Recheck": 0,                                                                                           
               "Filter": "((production_year > 2010) AND (title ~~ 'Vampire%'::text))",                                                       
               "Rows Removed by Filter": 1,                                                                                                  
               "Shared Hit Blocks": 15094,                                                                                                   
               "Shared Read Blocks": 2540,                                                                                                   
               "Shared Dirtied Blocks": 0,                                                                                                   
               "Shared Written Blocks": 0,                                                                                                   
               "Local Hit Blocks": 0,                                                                                                        
               "Local Read Blocks": 0,                                                                                                       
               "Local Dirtied Blocks": 0,                                                                                                    
               "Local Written Blocks": 0,                                                                                                    
               "Temp Read Blocks": 0,                                                                                                        
               "Temp Written Blocks": 0                                                                                                      
             }                                                                                                                               
           ]                                                                                                                                 
         }                                                                                                                                   
       ]                                                                                                                                     
     },                                                                                                                                      
     "Planning Time": 9955.418,                                                                                                              
     "Triggers": [                                                                                                                           
     ],                                                                                                                                      
     "Execution Time": 1537570.296                                                                                                           
   }                                                                                                                                         
 ]
