 [                                                                                                                                           
   {                                                                                                                                         
     "Plan": {                                                                                                                               
       "Node Type": "Aggregate",                                                                                                             
       "Strategy": "Plain",                                                                                                                  
       "Partial Mode": "Simple",                                                                                                             
       "Parallel Aware": false,                                                                                                              
       "Startup Cost": 937.71,                                                                                                               
       "Total Cost": 937.71,                                                                                                                 
       "Plan Rows": 1,                                                                                                                       
       "Plan Width": 128,                                                                                                                    
       "Actual Startup Time": 1642658.802,                                                                                                   
       "Actual Total Time": 1642658.803,                                                                                                     
       "Actual Rows": 1,                                                                                                                     
       "Actual Loops": 1,                                                                                                                    
       "Shared Hit Blocks": 4325795,                                                                                                         
       "Shared Read Blocks": 370482,                                                                                                         
       "Shared Dirtied Blocks": 0,                                                                                                           
       "Shared Written Blocks": 0,                                                                                                           
       "Local Hit Blocks": 0,                                                                                                                
       "Local Read Blocks": 0,                                                                                                               
       "Local Dirtied Blocks": 0,                                                                                                            
       "Local Written Blocks": 0,                                                                                                            
       "Temp Read Blocks": 0,                                                                                                                
       "Temp Written Blocks": 0,                                                                                                             
       "Plans": [                                                                                                                            
         {                                                                                                                                   
           "Node Type": "Nested Loop",                                                                                                       
           "Parent Relationship": "Outer",                                                                                                   
           "Parallel Aware": false,                                                                                                          
           "Join Type": "Inner",                                                                                                             
           "Startup Cost": 0.08,                                                                                                             
           "Total Cost": 937.71,                                                                                                             
           "Plan Rows": 1,                                                                                                                   
           "Plan Width": 80,                                                                                                                 
           "Actual Startup Time": 458.615,                                                                                                   
           "Actual Total Time": 1642550.707,                                                                                                 
           "Actual Rows": 26153,                                                                                                             
           "Actual Loops": 1,                                                                                                                
           "Inner Unique": true,                                                                                                             
           "Join Filter": "(mi.info_type_id = it.id)",                                                                                      
           "Rows Removed by Join Filter": 2862,                                                                                              
           "Shared Hit Blocks": 4325795,                                                                                                     
           "Shared Read Blocks": 370482,                                                                                                     
           "Shared Dirtied Blocks": 0,                                                                                                       
           "Shared Written Blocks": 0,                                                                                                       
           "Local Hit Blocks": 0,                                                                                                            
           "Local Read Blocks": 0,                                                                                                           
           "Local Dirtied Blocks": 0,                                                                                                        
           "Local Written Blocks": 0,                                                                                                        
           "Temp Read Blocks": 0,                                                                                                            
           "Temp Written Blocks": 0,                                                                                                         
           "Plans": [                                                                                                                        
             {                                                                                                                               
               "Node Type": "Nested Loop",                                                                                                   
               "Parent Relationship": "Outer",                                                                                               
               "Parallel Aware": false,                                                                                                      
               "Join Type": "Inner",                                                                                                         
               "Startup Cost": 0.08,                                                                                                         
               "Total Cost": 937.66,                                                                                                         
               "Plan Rows": 1,                                                                                                               
               "Plan Width": 84,                                                                                                             
               "Actual Startup Time": 458.567,                                                                                               
               "Actual Total Time": 1642491.339,                                                                                             
               "Actual Rows": 29015,                                                                                                         
               "Actual Loops": 1,                                                                                                            
               "Inner Unique": false,                                                                                                        
               "Join Filter": "(t.id = mi.movie_id)",                                                                                        
               "Rows Removed by Join Filter": 0,                                                                                             
               "Shared Hit Blocks": 4325794,                                                                                                 
               "Shared Read Blocks": 370482,                                                                                                 
               "Shared Dirtied Blocks": 0,                                                                                                   
               "Shared Written Blocks": 0,                                                                                                   
               "Local Hit Blocks": 0,                                                                                                        
               "Local Read Blocks": 0,                                                                                                       
               "Local Dirtied Blocks": 0,                                                                                                    
               "Local Written Blocks": 0,                                                                                                    
               "Temp Read Blocks": 0,                                                                                                        
               "Temp Written Blocks": 0,                                                                                                     
               "Plans": [                                                                                                                    
                 {                                                                                                                           
                   "Node Type": "Nested Loop",                                                                                               
                   "Parent Relationship": "Outer",                                                                                           
                   "Parallel Aware": false,                                                                                                  
                   "Join Type": "Inner",                                                                                                     
                   "Startup Cost": 0.07,                                                                                                     
                   "Total Cost": 937.35,                                                                                                     
                   "Plan Rows": 2,                                                                                                           
                   "Plan Width": 54,                                                                                                         
                   "Actual Startup Time": 378.350,                                                                                           
                   "Actual Total Time": 1378319.399,                                                                                         
                   "Actual Rows": 22670,                                                                                                     
                   "Actual Loops": 1,                                                                                                        
                   "Inner Unique": true,                                                                                                     
                   "Join Filter": "(mi_idx.movie_id = t.id)",                                                                                
                   "Rows Removed by Join Filter": 0,                                                                                         
                   "Shared Hit Blocks": 3969143,                                                                                             
                   "Shared Read Blocks": 290595,                                                                                             
                   "Shared Dirtied Blocks": 0,                                                                                               
                   "Shared Written Blocks": 0,                                                                                               
                   "Local Hit Blocks": 0,                                                                                                    
                   "Local Read Blocks": 0,                                                                                                   
                   "Local Dirtied Blocks": 0,                                                                                                
                   "Local Written Blocks": 0,                                                                                                
                   "Temp Read Blocks": 0,                                                                                                    
                   "Temp Written Blocks": 0,                                                                                                 
                   "Plans": [                                                                                                                
                     {                                                                                                                       
                       "Node Type": "Nested Loop",                                                                                           
                       "Parent Relationship": "Outer",                                                                                       
                       "Parallel Aware": false,                                                                                              
                       "Join Type": "Inner",                                                                                                 
                       "Startup Cost": 0.06,                                                                                                 
                       "Total Cost": 937.27,                                                                                                 
                       "Plan Rows": 2,                                                                                                       
                       "Plan Width": 33,                                                                                                     
                       "Actual Startup Time": 374.001,                                                                                       
                       "Actual Total Time": 1315122.798,                                                                                     
                       "Actual Rows": 22670,                                                                                                 
                       "Actual Loops": 1,                                                                                                    
                       "Inner Unique": true,                                                                                                 
                       "Shared Hit Blocks": 3888545,                                                                                         
                       "Shared Read Blocks": 280478,                                                                                         
                       "Shared Dirtied Blocks": 0,                                                                                           
                       "Shared Written Blocks": 0,                                                                                           
                       "Local Hit Blocks": 0,                                                                                                
                       "Local Read Blocks": 0,                                                                                               
                       "Local Dirtied Blocks": 0,                                                                                            
                       "Local Written Blocks": 0,                                                                                            
                       "Temp Read Blocks": 0,                                                                                                
                       "Temp Written Blocks": 0,                                                                                             
                       "Plans": [                                                                                                            
                         {                                                                                                                   
                           "Node Type": "Nested Loop",                                                                                       
                           "Parent Relationship": "Outer",                                                                                   
                           "Parallel Aware": false,                                                                                          
                           "Join Type": "Inner",                                                                                             
                           "Startup Cost": 0.04,                                                                                             
                           "Total Cost": 936.33,                                                                                             
                           "Plan Rows": 5,                                                                                                   
                           "Plan Width": 22,                                                                                                 
                           "Actual Startup Time": 358.269,                                                                                   
                           "Actual Total Time": 1175626.486,                                                                                 
                           "Actual Rows": 38991,                                                                                             
                           "Actual Loops": 1,                                                                                                
                           "Inner Unique": false,                                                                                            
                           "Join Filter": "(mi_idx.movie_id = ci.movie_id)",                                                                 
                           "Rows Removed by Join Filter": 0,                                                                                 
                           "Shared Hit Blocks": 3750418,                                                                                     
                           "Shared Read Blocks": 262403,                                                                                     
                           "Shared Dirtied Blocks": 0,                                                                                       
                           "Shared Written Blocks": 0,                                                                                       
                           "Local Hit Blocks": 0,                                                                                            
                           "Local Read Blocks": 0,                                                                                           
                           "Local Dirtied Blocks": 0,                                                                                        
                           "Local Written Blocks": 0,                                                                                        
                           "Temp Read Blocks": 0,                                                                                            
                           "Temp Written Blocks": 0,                                                                                         
                           "Plans": [                                                                                                        
                             {                                                                                                               
                               "Node Type": "Nested Loop",                                                                                   
                               "Parent Relationship": "Outer",                                                                               
                               "Parallel Aware": false,                                                                                      
                               "Join Type": "Inner",                                                                                         
                               "Startup Cost": 0.03,                                                                                         
                               "Total Cost": 934.74,                                                                                         
                               "Plan Rows": 6,                                                                                               
                               "Plan Width": 14,                                                                                             
                               "Actual Startup Time": 40.648,                                                                                
                               "Actual Total Time": 32950.519,                                                                               
                               "Actual Rows": 63701,                                                                                         
                               "Actual Loops": 1,                                                                                            
                               "Inner Unique": true,                                                                                         
                               "Join Filter": "(mi_idx.info_type_id = it.id)",                                                              
                               "Rows Removed by Join Filter": 127988,                                                                        
                               "Shared Hit Blocks": 318288,                                                                                  
                               "Shared Read Blocks": 32054,                                                                                  
                               "Shared Dirtied Blocks": 0,                                                                                   
                               "Shared Written Blocks": 0,                                                                                   
                               "Local Hit Blocks": 0,                                                                                        
                               "Local Read Blocks": 0,                                                                                       
                               "Local Dirtied Blocks": 0,                                                                                    
                               "Local Written Blocks": 0,                                                                                    
                               "Temp Read Blocks": 0,                                                                                        
                               "Temp Written Blocks": 0,                                                                                     
                               "Plans": [                                                                                                    
                                 {                                                                                                           
                                   "Node Type": "Nested Loop",                                                                               
                                   "Parent Relationship": "Outer",                                                                           
                                   "Parallel Aware": false,                                                                                  
                                   "Join Type": "Inner",                                                                                     
                                   "Startup Cost": 0.03,                                                                                     
                                   "Total Cost": 934.53,                                                                                     
                                   "Plan Rows": 710,                                                                                         
                                   "Plan Width": 18,                                                                                         
                                   "Actual Startup Time": 40.571,                                                                            
                                   "Actual Total Time": 32588.773,                                                                           
                                   "Actual Rows": 191689,                                                                                    
                                   "Actual Loops": 1,                                                                                        
                                   "Inner Unique": false,                                                                                    
                                   "Shared Hit Blocks": 318287,                                                                              
                                   "Shared Read Blocks": 32054,                                                                              
                                   "Shared Dirtied Blocks": 0,                                                                               
                                   "Shared Written Blocks": 0,                                                                               
                                   "Local Hit Blocks": 0,                                                                                    
                                   "Local Read Blocks": 0,                                                                                   
                                   "Local Dirtied Blocks": 0,                                                                                
                                   "Local Written Blocks": 0,                                                                                
                                   "Temp Read Blocks": 0,                                                                                    
                                   "Temp Written Blocks": 0,                                                                                 
                                   "Plans": [                                                                                                
                                     {                                                                                                       
                                       "Node Type": "Nested Loop",                                                                           
                                       "Parent Relationship": "Outer",                                                                       
                                       "Parallel Aware": false,                                                                              
                                       "Join Type": "Inner",                                                                                 
                                       "Startup Cost": 0.01,                                                                                 
                                       "Total Cost": 929.27,                                                                                 
                                       "Plan Rows": 236,                                                                                     
                                       "Plan Width": 4,                                                                                      
                                       "Actual Startup Time": 40.098,                                                                        
                                       "Actual Total Time": 14821.152,                                                                       
                                       "Actual Rows": 76714,                                                                                 
                                       "Actual Loops": 1,                                                                                    
                                       "Inner Unique": false,                                                                                
                                       "Shared Hit Blocks": 32388,                                                                           
                                       "Shared Read Blocks": 22028,                                                                          
                                       "Shared Dirtied Blocks": 0,                                                                           
                                       "Shared Written Blocks": 0,                                                                           
                                       "Local Hit Blocks": 0,                                                                                
                                       "Local Read Blocks": 0,                                                                               
                                       "Local Dirtied Blocks": 0,                                                                            
                                       "Local Written Blocks": 0,                                                                            
                                       "Temp Read Blocks": 0,                                                                                
                                       "Temp Written Blocks": 0,                                                                             
                                       "Plans": [                                                                                            
                                         {                                                                                                   
                                           "Node Type": "Seq Scan",                                                                          
                                           "Parent Relationship": "Outer",                                                                   
                                           "Parallel Aware": false,                                                                          
                                           "Relation Name": "keyword",                                                                       
                                           "Alias": "k",                                                                                     
                                           "Startup Cost": 0.00,                                                                             
                                           "Total Cost": 75.50,                                                                              
                                           "Plan Rows": 7,                                                                                   
                                           "Plan Width": 4,                                                                                  
                                           "Actual Startup Time": 3.184,                                                                     
                                           "Actual Total Time": 90.525,                                                                      
                                           "Actual Rows": 7,                                                                                 
                                           "Actual Loops": 1,                                                                                
                                           "Filter": "(keyword = ANY ('{murder,violence,blood,gore,death,female-nudity,hospital}'::text[]))",
                                           "Rows Removed by Filter": 134163,                                                                 
                                           "Shared Hit Blocks": 2,                                                                           
                                           "Shared Read Blocks": 947,                                                                        
                                           "Shared Dirtied Blocks": 0,                                                                       
                                           "Shared Written Blocks": 0,                                                                       
                                           "Local Hit Blocks": 0,                                                                            
                                           "Local Read Blocks": 0,                                                                           
                                           "Local Dirtied Blocks": 0,                                                                        
                                           "Local Written Blocks": 0,                                                                        
                                           "Temp Read Blocks": 0,                                                                            
                                           "Temp Written Blocks": 0                                                                          
                                         },                                                                                                  
                                         {                                                                                                   
                                           "Node Type": "Index Scan",                                                                        
                                           "Parent Relationship": "Inner",                                                                   
                                           "Parallel Aware": false,                                                                          
                                           "Scan Direction": "Forward",                                                                      
                                           "Index Name": "keyword_id_movie_keyword",                                                         
                                           "Relation Name": "movie_keyword",                                                                 
                                           "Alias": "mk",                                                                                    
                                           "Startup Cost": 0.01,                                                                             
                                           "Total Cost": 121.96,                                                                             
                                           "Plan Rows": 39,                                                                                  
                                           "Plan Width": 8,                                                                                  
                                           "Actual Startup Time": 27.379,                                                                    
                                           "Actual Total Time": 2094.430,                                                                    
                                           "Actual Rows": 10959,                                                                             
                                           "Actual Loops": 7,                                                                                
                                           "Index Cond": "(keyword_id = k.id)",                                                              
                                           "Rows Removed by Index Recheck": 0,                                                               
                                           "Shared Hit Blocks": 32386,                                                                       
                                           "Shared Read Blocks": 21081,                                                                      
                                           "Shared Dirtied Blocks": 0,                                                                       
                                           "Shared Written Blocks": 0,                                                                       
                                           "Local Hit Blocks": 0,                                                                            
                                           "Local Read Blocks": 0,                                                                           
                                           "Local Dirtied Blocks": 0,                                                                        
                                           "Local Written Blocks": 0,                                                                        
                                           "Temp Read Blocks": 0,                                                                            
                                           "Temp Written Blocks": 0                                                                          
                                         }                                                                                                   
                                       ]                                                                                                     
                                     },                                                                                                      
                                     {                                                                                                       
                                       "Node Type": "Index Scan",                                                                            
                                       "Parent Relationship": "Inner",                                                                       
                                       "Parallel Aware": false,                                                                              
                                       "Scan Direction": "Forward",                                                                          
                                       "Index Name": "movie_id_movie_info_idx",                                                              
                                       "Relation Name": "movie_info_idx",                                                                    
                                       "Alias": "mi_idx",                                                                                    
                                       "Startup Cost": 0.01,                                                                                 
                                       "Total Cost": 0.02,                                                                                   
                                       "Plan Rows": 3,                                                                                       
                                       "Plan Width": 14,                                                                                     
                                       "Actual Startup Time": 0.221,                                                                         
                                       "Actual Total Time": 0.227,                                                                           
                                       "Actual Rows": 2,                                                                                     
                                       "Actual Loops": 76714,                                                                                
                                       "Index Cond": "(movie_id = mk.movie_id)",                                                             
                                       "Rows Removed by Index Recheck": 0,                                                                   
                                       "Shared Hit Blocks": 285899,                                                                          
                                       "Shared Read Blocks": 10026,                                                                          
                                       "Shared Dirtied Blocks": 0,                                                                           
                                       "Shared Written Blocks": 0,                                                                           
                                       "Local Hit Blocks": 0,                                                                                
                                       "Local Read Blocks": 0,                                                                               
                                       "Local Dirtied Blocks": 0,                                                                            
                                       "Local Written Blocks": 0,                                                                            
                                       "Temp Read Blocks": 0,                                                                                
                                       "Temp Written Blocks": 0                                                                              
                                     }                                                                                                       
                                   ]                                                                                                         
                                 },                                                                                                          
                                 {                                                                                                           
                                   "Node Type": "Materialize",                                                                               
                                   "Parent Relationship": "Inner",                                                                           
                                   "Parallel Aware": false,                                                                                  
                                   "Startup Cost": 0.00,                                                                                     
                                   "Total Cost": 0.05,                                                                                       
                                   "Plan Rows": 1,                                                                                           
                                   "Plan Width": 4,                                                                                          
                                   "Actual Startup Time": 0.000,                                                                             
                                   "Actual Total Time": 0.000,                                                                               
                                   "Actual Rows": 1,                                                                                         
                                   "Actual Loops": 191689,                                                                                   
                                   "Shared Hit Blocks": 1,                                                                                   
                                   "Shared Read Blocks": 0,                                                                                  
                                   "Shared Dirtied Blocks": 0,                                                                               
                                   "Shared Written Blocks": 0,                                                                               
                                   "Local Hit Blocks": 0,                                                                                    
                                   "Local Read Blocks": 0,                                                                                   
                                   "Local Dirtied Blocks": 0,                                                                                
                                   "Local Written Blocks": 0,                                                                                
                                   "Temp Read Blocks": 0,                                                                                    
                                   "Temp Written Blocks": 0,                                                                                 
                                   "Plans": [                                                                                                
                                     {                                                                                                       
                                       "Node Type": "Seq Scan",                                                                              
                                       "Parent Relationship": "Outer",                                                                       
                                       "Parallel Aware": false,                                                                              
                                       "Relation Name": "info_type",                                                                         
                                       "Alias": "it",                                                                                       
                                       "Startup Cost": 0.00,                                                                                 
                                       "Total Cost": 0.05,                                                                                   
                                       "Plan Rows": 1,                                                                                       
                                       "Plan Width": 4,                                                                                      
                                       "Actual Startup Time": 0.052,                                                                         
                                       "Actual Total Time": 0.058,                                                                           
                                       "Actual Rows": 1,                                                                                     
                                       "Actual Loops": 1,                                                                                    
                                       "Filter": "((info)::text = 'votes'::text)",                                                           
                                       "Rows Removed by Filter": 112,                                                                        
                                       "Shared Hit Blocks": 1,                                                                               
                                       "Shared Read Blocks": 0,                                                                              
                                       "Shared Dirtied Blocks": 0,                                                                           
                                       "Shared Written Blocks": 0,                                                                           
                                       "Local Hit Blocks": 0,                                                                                
                                       "Local Read Blocks": 0,                                                                               
                                       "Local Dirtied Blocks": 0,                                                                            
                                       "Local Written Blocks": 0,                                                                            
                                       "Temp Read Blocks": 0,                                                                                
                                       "Temp Written Blocks": 0                                                                              
                                     }                                                                                                       
                                   ]                                                                                                         
                                 }                                                                                                           
                               ]                                                                                                             
                             },                                                                                                              
                             {                                                                                                               
                               "Node Type": "Index Scan",                                                                                    
                               "Parent Relationship": "Inner",                                                                               
                               "Parallel Aware": false,                                                                                      
                               "Scan Direction": "Forward",                                                                                  
                               "Index Name": "movie_id_cast_info",                                                                           
                               "Relation Name": "cast_info",                                                                                 
                               "Alias": "ci",                                                                                                
                               "Startup Cost": 0.02,                                                                                         
                               "Total Cost": 0.26,                                                                                           
                               "Plan Rows": 1,                                                                                               
                               "Plan Width": 8,                                                                                              
                               "Actual Startup Time": 15.416,                                                                                
                               "Actual Total Time": 17.936,                                                                                  
                               "Actual Rows": 1,                                                                                             
                               "Actual Loops": 63701,                                                                                        
                               "Index Cond": "(movie_id = mk.movie_id)",                                                                     
                               "Rows Removed by Index Recheck": 0,                                                                           
                               "Filter": "(note = ANY ('{(writer),\"(head writer)\",\"(written by)\",(story),\"(story editor)\"}'::text[]))",
                               "Rows Removed by Filter": 54,                                                                                 
                               "Shared Hit Blocks": 3432130,                                                                                 
                               "Shared Read Blocks": 230349,                                                                                 
                               "Shared Dirtied Blocks": 0,                                                                                   
                               "Shared Written Blocks": 0,                                                                                   
                               "Local Hit Blocks": 0,                                                                                        
                               "Local Read Blocks": 0,                                                                                       
                               "Local Dirtied Blocks": 0,                                                                                    
                               "Local Written Blocks": 0,                                                                                    
                               "Temp Read Blocks": 0,                                                                                        
                               "Temp Written Blocks": 0                                                                                      
                             }                                                                                                               
                           ]                                                                                                                 
                         },                                                                                                                  
                         {                                                                                                                   
                           "Node Type": "Index Scan",                                                                                        
                           "Parent Relationship": "Inner",                                                                                   
                           "Parallel Aware": false,                                                                                          
                           "Scan Direction": "Forward",                                                                                      
                           "Index Name": "name_pkey",                                                                                        
                           "Relation Name": "name",                                                                                          
                           "Alias": "n",                                                                                                     
                           "Startup Cost": 0.01,                                                                                             
                           "Total Cost": 0.19,                                                                                               
                           "Plan Rows": 1,                                                                                                   
                           "Plan Width": 19,                                                                                                 
                           "Actual Startup Time": 3.574,                                                                                     
                           "Actual Total Time": 3.574,                                                                                       
                           "Actual Rows": 1,                                                                                                 
                           "Actual Loops": 38991,                                                                                            
                           "Index Cond": "(id = ci.person_id)",                                                                              
                           "Rows Removed by Index Recheck": 0,                                                                               
                           "Filter": "((gender)::text = 'm'::text)",                                                                         
                           "Rows Removed by Filter": 0,                                                                                      
                           "Shared Hit Blocks": 138127,                                                                                      
                           "Shared Read Blocks": 18075,                                                                                      
                           "Shared Dirtied Blocks": 0,                                                                                       
                           "Shared Written Blocks": 0,                                                                                       
                           "Local Hit Blocks": 0,                                                                                            
                           "Local Read Blocks": 0,                                                                                           
                           "Local Dirtied Blocks": 0,                                                                                        
                           "Local Written Blocks": 0,                                                                                        
                           "Temp Read Blocks": 0,                                                                                            
                           "Temp Written Blocks": 0                                                                                          
                         }                                                                                                                   
                       ]                                                                                                                     
                     },                                                                                                                      
                     {                                                                                                                       
                       "Node Type": "Index Scan",                                                                                            
                       "Parent Relationship": "Inner",                                                                                       
                       "Parallel Aware": false,                                                                                              
                       "Scan Direction": "Forward",                                                                                          
                       "Index Name": "title_idx_id",                                                                                         
                       "Relation Name": "title",                                                                                             
                       "Alias": "t",                                                                                                         
                       "Startup Cost": 0.01,                                                                                                 
                       "Total Cost": 0.04,                                                                                                   
                       "Plan Rows": 1,                                                                                                       
                       "Plan Width": 21,                                                                                                     
                       "Actual Startup Time": 2.782,                                                                                         
                       "Actual Total Time": 2.782,                                                                                           
                       "Actual Rows": 1,                                                                                                     
                       "Actual Loops": 22670,                                                                                                
                       "Index Cond": "(id = mk.movie_id)",                                                                                   
                       "Rows Removed by Index Recheck": 0,                                                                                   
                       "Shared Hit Blocks": 80598,                                                                                           
                       "Shared Read Blocks": 10117,                                                                                          
                       "Shared Dirtied Blocks": 0,                                                                                           
                       "Shared Written Blocks": 0,                                                                                           
                       "Local Hit Blocks": 0,                                                                                                
                       "Local Read Blocks": 0,                                                                                               
                       "Local Dirtied Blocks": 0,                                                                                            
                       "Local Written Blocks": 0,                                                                                            
                       "Temp Read Blocks": 0,                                                                                                
                       "Temp Written Blocks": 0                                                                                              
                     }                                                                                                                       
                   ]                                                                                                                         
                 },                                                                                                                          
                 {                                                                                                                           
                   "Node Type": "Index Scan",                                                                                                
                   "Parent Relationship": "Inner",                                                                                           
                   "Parallel Aware": false,                                                                                                  
                   "Scan Direction": "Forward",                                                                                              
                   "Index Name": "movie_id_movie_info",                                                                                      
                   "Relation Name": "movie_info",                                                                                            
                   "Alias": "mi",                                                                                                            
                   "Startup Cost": 0.01,                                                                                                     
                   "Total Cost": 0.15,                                                                                                       
                   "Plan Rows": 1,                                                                                                           
                   "Plan Width": 50,                                                                                                         
                   "Actual Startup Time": 11.422,                                                                                            
                   "Actual Total Time": 11.648,                                                                                              
                   "Actual Rows": 1,                                                                                                         
                   "Actual Loops": 22670,                                                                                                    
                   "Index Cond": "(movie_id = mk.movie_id)",                                                                                 
                   "Rows Removed by Index Recheck": 0,                                                                                       
                   "Filter": "(info = ANY ('{Horror,Action,Sci-Fi,Thriller,Crime,War}'::text[]))",                                           
                   "Rows Removed by Filter": 88,                                                                                             
                   "Shared Hit Blocks": 356651,                                                                                              
                   "Shared Read Blocks": 79887,                                                                                              
                   "Shared Dirtied Blocks": 0,                                                                                               
                   "Shared Written Blocks": 0,                                                                                               
                   "Local Hit Blocks": 0,                                                                                                    
                   "Local Read Blocks": 0,                                                                                                   
                   "Local Dirtied Blocks": 0,                                                                                                
                   "Local Written Blocks": 0,                                                                                                
                   "Temp Read Blocks": 0,                                                                                                    
                   "Temp Written Blocks": 0                                                                                                  
                 }                                                                                                                           
               ]                                                                                                                             
             },                                                                                                                              
             {                                                                                                                               
               "Node Type": "Materialize",                                                                                                   
               "Parent Relationship": "Inner",                                                                                               
               "Parallel Aware": false,                                                                                                      
               "Startup Cost": 0.00,                                                                                                         
               "Total Cost": 0.05,                                                                                                           
               "Plan Rows": 1,                                                                                                               
               "Plan Width": 4,                                                                                                              
               "Actual Startup Time": 0.000,                                                                                                 
               "Actual Total Time": 0.000,                                                                                                   
               "Actual Rows": 1,                                                                                                             
               "Actual Loops": 29015,                                                                                                        
               "Shared Hit Blocks": 1,                                                                                                       
               "Shared Read Blocks": 0,                                                                                                      
               "Shared Dirtied Blocks": 0,                                                                                                   
               "Shared Written Blocks": 0,                                                                                                   
               "Local Hit Blocks": 0,                                                                                                        
               "Local Read Blocks": 0,                                                                                                       
               "Local Dirtied Blocks": 0,                                                                                                    
               "Local Written Blocks": 0,                                                                                                    
               "Temp Read Blocks": 0,                                                                                                        
               "Temp Written Blocks": 0,                                                                                                     
               "Plans": [                                                                                                                    
                 {                                                                                                                           
                   "Node Type": "Seq Scan",                                                                                                  
                   "Parent Relationship": "Outer",                                                                                           
                   "Parallel Aware": false,                                                                                                  
                   "Relation Name": "info_type",                                                                                             
                   "Alias": "it",                                                                                                           
                   "Startup Cost": 0.00,                                                                                                     
                   "Total Cost": 0.05,                                                                                                       
                   "Plan Rows": 1,                                                                                                           
                   "Plan Width": 4,                                                                                                          
                   "Actual Startup Time": 0.020,                                                                                             
                   "Actual Total Time": 0.064,                                                                                               
                   "Actual Rows": 1,                                                                                                         
                   "Actual Loops": 1,                                                                                                        
                   "Filter": "((info)::text = 'genres'::text)",                                                                              
                   "Rows Removed by Filter": 112,                                                                                            
                   "Shared Hit Blocks": 1,                                                                                                   
                   "Shared Read Blocks": 0,                                                                                                  
                   "Shared Dirtied Blocks": 0,                                                                                               
                   "Shared Written Blocks": 0,                                                                                               
                   "Local Hit Blocks": 0,                                                                                                    
                   "Local Read Blocks": 0,                                                                                                   
                   "Local Dirtied Blocks": 0,                                                                                                
                   "Local Written Blocks": 0,                                                                                                
                   "Temp Read Blocks": 0,                                                                                                    
                   "Temp Written Blocks": 0                                                                                                  
                 }                                                                                                                           
               ]                                                                                                                             
             }                                                                                                                               
           ]                                                                                                                                 
         }                                                                                                                                   
       ]                                                                                                                                     
     },                                                                                                                                      
     "Planning Time": 10142.844,                                                                                                             
     "Triggers": [                                                                                                                           
     ],                                                                                                                                      
     "Execution Time": 1642685.333                                                                                                           
   }                                                                                                                                         
 ]
