 [                                                                                                                                                             
   {                                                                                                                                                           
     "Plan": {                                                                                                                                                 
       "Node Type": "Aggregate",                                                                                                                               
       "Strategy": "Plain",                                                                                                                                    
       "Partial Mode": "Simple",                                                                                                                               
       "Parallel Aware": false,                                                                                                                                
       "Startup Cost": 554.04,                                                                                                                                 
       "Total Cost": 554.04,                                                                                                                                   
       "Plan Rows": 1,                                                                                                                                         
       "Plan Width": 96,                                                                                                                                       
       "Actual Startup Time": 137967.766,                                                                                                                      
       "Actual Total Time": 137967.766,                                                                                                                        
       "Actual Rows": 1,                                                                                                                                       
       "Actual Loops": 1,                                                                                                                                      
       "Shared Hit Blocks": 225135,                                                                                                                            
       "Shared Read Blocks": 70469,                                                                                                                            
       "Shared Dirtied Blocks": 0,                                                                                                                             
       "Shared Written Blocks": 0,                                                                                                                             
       "Local Hit Blocks": 0,                                                                                                                                  
       "Local Read Blocks": 0,                                                                                                                                 
       "Local Dirtied Blocks": 0,                                                                                                                              
       "Local Written Blocks": 0,                                                                                                                              
       "Temp Read Blocks": 0,                                                                                                                                  
       "Temp Written Blocks": 0,                                                                                                                               
       "Plans": [                                                                                                                                              
         {                                                                                                                                                     
           "Node Type": "Nested Loop",                                                                                                                         
           "Parent Relationship": "Outer",                                                                                                                     
           "Parallel Aware": false,                                                                                                                            
           "Join Type": "Inner",                                                                                                                               
           "Startup Cost": 0.09,                                                                                                                               
           "Total Cost": 554.04,                                                                                                                               
           "Plan Rows": 1,                                                                                                                                     
           "Plan Width": 42,                                                                                                                                   
           "Actual Startup Time": 136768.880,                                                                                                                  
           "Actual Total Time": 137967.449,                                                                                                                    
           "Actual Rows": 148,                                                                                                                                 
           "Actual Loops": 1,                                                                                                                                  
           "Inner Unique": false,                                                                                                                              
           "Join Filter": "(it.id = mi_idx.info_type_id)",                                                                                                    
           "Rows Removed by Join Filter": 76,                                                                                                                  
           "Shared Hit Blocks": 225135,                                                                                                                        
           "Shared Read Blocks": 70469,                                                                                                                        
           "Shared Dirtied Blocks": 0,                                                                                                                         
           "Shared Written Blocks": 0,                                                                                                                         
           "Local Hit Blocks": 0,                                                                                                                              
           "Local Read Blocks": 0,                                                                                                                             
           "Local Dirtied Blocks": 0,                                                                                                                          
           "Local Written Blocks": 0,                                                                                                                          
           "Temp Read Blocks": 0,                                                                                                                              
           "Temp Written Blocks": 0,                                                                                                                           
           "Plans": [                                                                                                                                          
             {                                                                                                                                                 
               "Node Type": "Seq Scan",                                                                                                                        
               "Parent Relationship": "Outer",                                                                                                                 
               "Parallel Aware": false,                                                                                                                        
               "Relation Name": "info_type",                                                                                                                   
               "Alias": "it",                                                                                                                                 
               "Startup Cost": 0.00,                                                                                                                           
               "Total Cost": 0.05,                                                                                                                             
               "Plan Rows": 1,                                                                                                                                 
               "Plan Width": 4,                                                                                                                                
               "Actual Startup Time": 0.023,                                                                                                                   
               "Actual Total Time": 0.028,                                                                                                                     
               "Actual Rows": 1,                                                                                                                               
               "Actual Loops": 1,                                                                                                                              
               "Filter": "((info)::text = 'rating'::text)",                                                                                                    
               "Rows Removed by Filter": 112,                                                                                                                  
               "Shared Hit Blocks": 1,                                                                                                                         
               "Shared Read Blocks": 0,                                                                                                                        
               "Shared Dirtied Blocks": 0,                                                                                                                     
               "Shared Written Blocks": 0,                                                                                                                     
               "Local Hit Blocks": 0,                                                                                                                          
               "Local Read Blocks": 0,                                                                                                                         
               "Local Dirtied Blocks": 0,                                                                                                                      
               "Local Written Blocks": 0,                                                                                                                      
               "Temp Read Blocks": 0,                                                                                                                          
               "Temp Written Blocks": 0                                                                                                                        
             },                                                                                                                                                
             {                                                                                                                                                 
               "Node Type": "Materialize",                                                                                                                     
               "Parent Relationship": "Inner",                                                                                                                 
               "Parallel Aware": false,                                                                                                                        
               "Startup Cost": 0.09,                                                                                                                           
               "Total Cost": 553.99,                                                                                                                           
               "Plan Rows": 1,                                                                                                                                 
               "Plan Width": 46,                                                                                                                               
               "Actual Startup Time": 136768.851,                                                                                                              
               "Actual Total Time": 137967.258,                                                                                                                
               "Actual Rows": 224,                                                                                                                             
               "Actual Loops": 1,                                                                                                                              
               "Shared Hit Blocks": 225134,                                                                                                                    
               "Shared Read Blocks": 70469,                                                                                                                    
               "Shared Dirtied Blocks": 0,                                                                                                                     
               "Shared Written Blocks": 0,                                                                                                                     
               "Local Hit Blocks": 0,                                                                                                                          
               "Local Read Blocks": 0,                                                                                                                         
               "Local Dirtied Blocks": 0,                                                                                                                      
               "Local Written Blocks": 0,                                                                                                                      
               "Temp Read Blocks": 0,                                                                                                                          
               "Temp Written Blocks": 0,                                                                                                                       
               "Plans": [                                                                                                                                      
                 {                                                                                                                                             
                   "Node Type": "Nested Loop",                                                                                                                 
                   "Parent Relationship": "Outer",                                                                                                             
                   "Parallel Aware": false,                                                                                                                    
                   "Join Type": "Inner",                                                                                                                       
                   "Startup Cost": 0.09,                                                                                                                       
                   "Total Cost": 553.99,                                                                                                                       
                   "Plan Rows": 1,                                                                                                                             
                   "Plan Width": 46,                                                                                                                           
                   "Actual Startup Time": 136768.843,                                                                                                          
                   "Actual Total Time": 137966.906,                                                                                                            
                   "Actual Rows": 224,                                                                                                                         
                   "Actual Loops": 1,                                                                                                                          
                   "Inner Unique": false,                                                                                                                      
                   "Join Filter": "(t.id = mi_idx.movie_id)",                                                                                                  
                   "Rows Removed by Join Filter": 0,                                                                                                           
                   "Shared Hit Blocks": 225134,                                                                                                                
                   "Shared Read Blocks": 70469,                                                                                                                
                   "Shared Dirtied Blocks": 0,                                                                                                                 
                   "Shared Written Blocks": 0,                                                                                                                 
                   "Local Hit Blocks": 0,                                                                                                                      
                   "Local Read Blocks": 0,                                                                                                                     
                   "Local Dirtied Blocks": 0,                                                                                                                  
                   "Local Written Blocks": 0,                                                                                                                  
                   "Temp Read Blocks": 0,                                                                                                                      
                   "Temp Written Blocks": 0,                                                                                                                   
                   "Plans": [                                                                                                                                  
                     {                                                                                                                                         
                       "Node Type": "Nested Loop",                                                                                                             
                       "Parent Relationship": "Outer",                                                                                                         
                       "Parallel Aware": false,                                                                                                                
                       "Join Type": "Inner",                                                                                                                   
                       "Startup Cost": 0.08,                                                                                                                   
                       "Total Cost": 553.88,                                                                                                                   
                       "Plan Rows": 1,                                                                                                                         
                       "Plan Width": 56,                                                                                                                       
                       "Actual Startup Time": 136738.481,                                                                                                      
                       "Actual Total Time": 137684.001,                                                                                                        
                       "Actual Rows": 210,                                                                                                                     
                       "Actual Loops": 1,                                                                                                                      
                       "Inner Unique": true,                                                                                                                   
                       "Shared Hit Blocks": 224316,                                                                                                            
                       "Shared Read Blocks": 70447,                                                                                                            
                       "Shared Dirtied Blocks": 0,                                                                                                             
                       "Shared Written Blocks": 0,                                                                                                             
                       "Local Hit Blocks": 0,                                                                                                                  
                       "Local Read Blocks": 0,                                                                                                                 
                       "Local Dirtied Blocks": 0,                                                                                                              
                       "Local Written Blocks": 0,                                                                                                              
                       "Temp Read Blocks": 0,                                                                                                                  
                       "Temp Written Blocks": 0,                                                                                                               
                       "Plans": [                                                                                                                              
                         {                                                                                                                                     
                           "Node Type": "Nested Loop",                                                                                                         
                           "Parent Relationship": "Outer",                                                                                                     
                           "Parallel Aware": false,                                                                                                            
                           "Join Type": "Inner",                                                                                                               
                           "Startup Cost": 0.07,                                                                                                               
                           "Total Cost": 553.40,                                                                                                               
                           "Plan Rows": 1,                                                                                                                     
                           "Plan Width": 41,                                                                                                                   
                           "Actual Startup Time": 136693.341,                                                                                                  
                           "Actual Total Time": 137259.545,                                                                                                    
                           "Actual Rows": 212,                                                                                                                 
                           "Actual Loops": 1,                                                                                                                  
                           "Inner Unique": false,                                                                                                              
                           "Join Filter": "(ct.id = mc.company_type_id)",                                                                                      
                           "Rows Removed by Join Filter": 636,                                                                                                 
                           "Shared Hit Blocks": 223598,                                                                                                        
                           "Shared Read Blocks": 70317,                                                                                                        
                           "Shared Dirtied Blocks": 0,                                                                                                         
                           "Shared Written Blocks": 0,                                                                                                         
                           "Local Hit Blocks": 0,                                                                                                              
                           "Local Read Blocks": 0,                                                                                                             
                           "Local Dirtied Blocks": 0,                                                                                                          
                           "Local Written Blocks": 0,                                                                                                          
                           "Temp Read Blocks": 0,                                                                                                              
                           "Temp Written Blocks": 0,                                                                                                           
                           "Plans": [                                                                                                                          
                             {                                                                                                                                 
                               "Node Type": "Seq Scan",                                                                                                        
                               "Parent Relationship": "Outer",                                                                                                 
                               "Parallel Aware": false,                                                                                                        
                               "Relation Name": "company_type",                                                                                                
                               "Alias": "ct",                                                                                                                  
                               "Startup Cost": 0.00,                                                                                                           
                               "Total Cost": 0.03,                                                                                                             
                               "Plan Rows": 4,                                                                                                                 
                               "Plan Width": 4,                                                                                                                
                               "Actual Startup Time": 0.003,                                                                                                   
                               "Actual Total Time": 0.005,                                                                                                     
                               "Actual Rows": 4,                                                                                                               
                               "Actual Loops": 1,                                                                                                              
                               "Shared Hit Blocks": 1,                                                                                                         
                               "Shared Read Blocks": 0,                                                                                                        
                               "Shared Dirtied Blocks": 0,                                                                                                     
                               "Shared Written Blocks": 0,                                                                                                     
                               "Local Hit Blocks": 0,                                                                                                          
                               "Local Read Blocks": 0,                                                                                                         
                               "Local Dirtied Blocks": 0,                                                                                                      
                               "Local Written Blocks": 0,                                                                                                      
                               "Temp Read Blocks": 0,                                                                                                          
                               "Temp Written Blocks": 0                                                                                                        
                             },                                                                                                                                
                             {                                                                                                                                 
                               "Node Type": "Materialize",                                                                                                     
                               "Parent Relationship": "Inner",                                                                                                 
                               "Parallel Aware": false,                                                                                                        
                               "Startup Cost": 0.07,                                                                                                           
                               "Total Cost": 553.37,                                                                                                           
                               "Plan Rows": 1,                                                                                                                 
                               "Plan Width": 45,                                                                                                               
                               "Actual Startup Time": 34173.333,                                                                                               
                               "Actual Total Time": 34314.770,                                                                                                 
                               "Actual Rows": 212,                                                                                                             
                               "Actual Loops": 4,                                                                                                              
                               "Shared Hit Blocks": 223597,                                                                                                    
                               "Shared Read Blocks": 70317,                                                                                                    
                               "Shared Dirtied Blocks": 0,                                                                                                     
                               "Shared Written Blocks": 0,                                                                                                     
                               "Local Hit Blocks": 0,                                                                                                          
                               "Local Read Blocks": 0,                                                                                                         
                               "Local Dirtied Blocks": 0,                                                                                                      
                               "Local Written Blocks": 0,                                                                                                      
                               "Temp Read Blocks": 0,                                                                                                          
                               "Temp Written Blocks": 0,                                                                                                       
                               "Plans": [                                                                                                                      
                                 {                                                                                                                             
                                   "Node Type": "Nested Loop",                                                                                                 
                                   "Parent Relationship": "Outer",                                                                                             
                                   "Parallel Aware": false,                                                                                                    
                                   "Join Type": "Inner",                                                                                                       
                                   "Startup Cost": 0.07,                                                                                                       
                                   "Total Cost": 553.37,                                                                                                       
                                   "Plan Rows": 1,                                                                                                             
                                   "Plan Width": 45,                                                                                                           
                                   "Actual Startup Time": 136693.325,                                                                                          
                                   "Actual Total Time": 137258.652,                                                                                            
                                   "Actual Rows": 212,                                                                                                         
                                   "Actual Loops": 1,                                                                                                          
                                   "Inner Unique": false,                                                                                                      
                                   "Join Filter": "(t.id = mc.movie_id)",                                                                                      
                                   "Rows Removed by Join Filter": 0,                                                                                           
                                   "Shared Hit Blocks": 223597,                                                                                                
                                   "Shared Read Blocks": 70317,                                                                                                
                                   "Shared Dirtied Blocks": 0,                                                                                                 
                                   "Shared Written Blocks": 0,                                                                                                 
                                   "Local Hit Blocks": 0,                                                                                                      
                                   "Local Read Blocks": 0,                                                                                                     
                                   "Local Dirtied Blocks": 0,                                                                                                  
                                   "Local Written Blocks": 0,                                                                                                  
                                   "Temp Read Blocks": 0,                                                                                                      
                                   "Temp Written Blocks": 0,                                                                                                   
                                   "Plans": [                                                                                                                  
                                     {                                                                                                                         
                                       "Node Type": "Nested Loop",                                                                                             
                                       "Parent Relationship": "Outer",                                                                                         
                                       "Parallel Aware": false,                                                                                                
                                       "Join Type": "Inner",                                                                                                   
                                       "Startup Cost": 0.05,                                                                                                   
                                       "Total Cost": 553.21,                                                                                                   
                                       "Plan Rows": 1,                                                                                                         
                                       "Plan Width": 33,                                                                                                       
                                       "Actual Startup Time": 136652.045,                                                                                      
                                       "Actual Total Time": 136652.116,                                                                                        
                                       "Actual Rows": 20,                                                                                                      
                                       "Actual Loops": 1,                                                                                                      
                                       "Inner Unique": false,                                                                                                  
                                       "Join Filter": "(cc.status_id = cct.id)",                                                                              
                                       "Rows Removed by Join Filter": 52,                                                                                      
                                       "Shared Hit Blocks": 223546,                                                                                            
                                       "Shared Read Blocks": 70264,                                                                                            
                                       "Shared Dirtied Blocks": 0,                                                                                             
                                       "Shared Written Blocks": 0,                                                                                             
                                       "Local Hit Blocks": 0,                                                                                                  
                                       "Local Read Blocks": 0,                                                                                                 
                                       "Local Dirtied Blocks": 0,                                                                                              
                                       "Local Written Blocks": 0,                                                                                              
                                       "Temp Read Blocks": 0,                                                                                                  
                                       "Temp Written Blocks": 0,                                                                                               
                                       "Plans": [                                                                                                              
                                         {                                                                                                                     
                                           "Node Type": "Seq Scan",                                                                                            
                                           "Parent Relationship": "Outer",                                                                                     
                                           "Parallel Aware": false,                                                                                            
                                           "Relation Name": "comp_cast_type",                                                                                  
                                           "Alias": "cct",                                                                                                    
                                           "Startup Cost": 0.00,                                                                                               
                                           "Total Cost": 0.03,                                                                                                 
                                           "Plan Rows": 3,                                                                                                     
                                           "Plan Width": 4,                                                                                                    
                                           "Actual Startup Time": 0.004,                                                                                       
                                           "Actual Total Time": 0.013,                                                                                         
                                           "Actual Rows": 3,                                                                                                   
                                           "Actual Loops": 1,                                                                                                  
                                           "Filter": "((kind)::text <> 'completeverified'::text)",                                                            
                                           "Rows Removed by Filter": 1,                                                                                        
                                           "Shared Hit Blocks": 1,                                                                                             
                                           "Shared Read Blocks": 0,                                                                                            
                                           "Shared Dirtied Blocks": 0,                                                                                         
                                           "Shared Written Blocks": 0,                                                                                         
                                           "Local Hit Blocks": 0,                                                                                              
                                           "Local Read Blocks": 0,                                                                                             
                                           "Local Dirtied Blocks": 0,                                                                                          
                                           "Local Written Blocks": 0,                                                                                          
                                           "Temp Read Blocks": 0,                                                                                              
                                           "Temp Written Blocks": 0                                                                                            
                                         },                                                                                                                    
                                         {                                                                                                                     
                                           "Node Type": "Materialize",                                                                                         
                                           "Parent Relationship": "Inner",                                                                                     
                                           "Parallel Aware": false,                                                                                            
                                           "Startup Cost": 0.05,                                                                                               
                                           "Total Cost": 553.18,                                                                                               
                                           "Plan Rows": 1,                                                                                                     
                                           "Plan Width": 37,                                                                                                   
                                           "Actual Startup Time": 7998.410,                                                                                    
                                           "Actual Total Time": 45550.672,                                                                                     
                                           "Actual Rows": 24,                                                                                                  
                                           "Actual Loops": 3,                                                                                                  
                                           "Shared Hit Blocks": 223545,                                                                                        
                                           "Shared Read Blocks": 70264,                                                                                        
                                           "Shared Dirtied Blocks": 0,                                                                                         
                                           "Shared Written Blocks": 0,                                                                                         
                                           "Local Hit Blocks": 0,                                                                                              
                                           "Local Read Blocks": 0,                                                                                             
                                           "Local Dirtied Blocks": 0,                                                                                          
                                           "Local Written Blocks": 0,                                                                                          
                                           "Temp Read Blocks": 0,                                                                                              
                                           "Temp Written Blocks": 0,                                                                                           
                                           "Plans": [                                                                                                          
                                             {                                                                                                                 
                                               "Node Type": "Nested Loop",                                                                                     
                                               "Parent Relationship": "Outer",                                                                                 
                                               "Parallel Aware": false,                                                                                        
                                               "Join Type": "Inner",                                                                                           
                                               "Startup Cost": 0.05,                                                                                           
                                               "Total Cost": 553.18,                                                                                           
                                               "Plan Rows": 1,                                                                                                 
                                               "Plan Width": 37,                                                                                               
                                               "Actual Startup Time": 23995.227,                                                                               
                                               "Actual Total Time": 136651.951,                                                                                
                                               "Actual Rows": 24,                                                                                              
                                               "Actual Loops": 1,                                                                                              
                                               "Inner Unique": false,                                                                                          
                                               "Join Filter": "(t.kind_id = kt.id)",                                                                           
                                               "Rows Removed by Join Filter": 36,                                                                              
                                               "Shared Hit Blocks": 223545,                                                                                    
                                               "Shared Read Blocks": 70264,                                                                                    
                                               "Shared Dirtied Blocks": 0,                                                                                     
                                               "Shared Written Blocks": 0,                                                                                     
                                               "Local Hit Blocks": 0,                                                                                          
                                               "Local Read Blocks": 0,                                                                                         
                                               "Local Dirtied Blocks": 0,                                                                                      
                                               "Local Written Blocks": 0,                                                                                      
                                               "Temp Read Blocks": 0,                                                                                          
                                               "Temp Written Blocks": 0,                                                                                       
                                               "Plans": [                                                                                                      
                                                 {                                                                                                             
                                                   "Node Type": "Seq Scan",                                                                                    
                                                   "Parent Relationship": "Outer",                                                                             
                                                   "Parallel Aware": false,                                                                                    
                                                   "Relation Name": "kind_type",                                                                               
                                                   "Alias": "kt",                                                                                              
                                                   "Startup Cost": 0.00,                                                                                       
                                                   "Total Cost": 0.03,                                                                                         
                                                   "Plan Rows": 2,                                                                                             
                                                   "Plan Width": 4,                                                                                            
                                                   "Actual Startup Time": 0.005,                                                                               
                                                   "Actual Total Time": 0.007,                                                                                 
                                                   "Actual Rows": 2,                                                                                           
                                                   "Actual Loops": 1,                                                                                          
                                                   "Filter": "((kind)::text = ANY ('{movie,episode}'::text[]))",                                               
                                                   "Rows Removed by Filter": 5,                                                                                
                                                   "Shared Hit Blocks": 1,                                                                                     
                                                   "Shared Read Blocks": 0,                                                                                    
                                                   "Shared Dirtied Blocks": 0,                                                                                 
                                                   "Shared Written Blocks": 0,                                                                                 
                                                   "Local Hit Blocks": 0,                                                                                      
                                                   "Local Read Blocks": 0,                                                                                     
                                                   "Local Dirtied Blocks": 0,                                                                                  
                                                   "Local Written Blocks": 0,                                                                                  
                                                   "Temp Read Blocks": 0,                                                                                      
                                                   "Temp Written Blocks": 0                                                                                    
                                                 },                                                                                                            
                                                 {                                                                                                             
                                                   "Node Type": "Materialize",                                                                                 
                                                   "Parent Relationship": "Inner",                                                                             
                                                   "Parallel Aware": false,                                                                                    
                                                   "Startup Cost": 0.05,                                                                                       
                                                   "Total Cost": 553.14,                                                                                       
                                                   "Plan Rows": 1,                                                                                             
                                                   "Plan Width": 41,                                                                                           
                                                   "Actual Startup Time": 368.406,                                                                             
                                                   "Actual Total Time": 68325.934,                                                                             
                                                   "Actual Rows": 30,                                                                                          
                                                   "Actual Loops": 2,                                                                                          
                                                   "Shared Hit Blocks": 223544,                                                                                
                                                   "Shared Read Blocks": 70264,                                                                                
                                                   "Shared Dirtied Blocks": 0,                                                                                 
                                                   "Shared Written Blocks": 0,                                                                                 
                                                   "Local Hit Blocks": 0,                                                                                      
                                                   "Local Read Blocks": 0,                                                                                     
                                                   "Local Dirtied Blocks": 0,                                                                                  
                                                   "Local Written Blocks": 0,                                                                                  
                                                   "Temp Read Blocks": 0,                                                                                      
                                                   "Temp Written Blocks": 0,                                                                                   
                                                   "Plans": [                                                                                                  
                                                     {                                                                                                         
                                                       "Node Type": "Nested Loop",                                                                             
                                                       "Parent Relationship": "Outer",                                                                         
                                                       "Parallel Aware": false,                                                                                
                                                       "Join Type": "Inner",                                                                                   
                                                       "Startup Cost": 0.05,                                                                                   
                                                       "Total Cost": 553.14,                                                                                   
                                                       "Plan Rows": 1,                                                                                         
                                                       "Plan Width": 41,                                                                                       
                                                       "Actual Startup Time": 736.806,                                                                         
                                                       "Actual Total Time": 136651.686,                                                                        
                                                       "Actual Rows": 30,                                                                                      
                                                       "Actual Loops": 1,                                                                                      
                                                       "Inner Unique": true,                                                                                   
                                                       "Join Filter": "(mi.info_type_id = it.id)",                                                            
                                                       "Rows Removed by Join Filter": 24,                                                                      
                                                       "Shared Hit Blocks": 223544,                                                                            
                                                       "Shared Read Blocks": 70264,                                                                            
                                                       "Shared Dirtied Blocks": 0,                                                                             
                                                       "Shared Written Blocks": 0,                                                                             
                                                       "Local Hit Blocks": 0,                                                                                  
                                                       "Local Read Blocks": 0,                                                                                 
                                                       "Local Dirtied Blocks": 0,                                                                              
                                                       "Local Written Blocks": 0,                                                                              
                                                       "Temp Read Blocks": 0,                                                                                  
                                                       "Temp Written Blocks": 0,                                                                               
                                                       "Plans": [                                                                                              
                                                         {                                                                                                     
                                                           "Node Type": "Nested Loop",                                                                         
                                                           "Parent Relationship": "Outer",                                                                     
                                                           "Parallel Aware": false,                                                                            
                                                           "Join Type": "Inner",                                                                               
                                                           "Startup Cost": 0.05,                                                                               
                                                           "Total Cost": 553.09,                                                                               
                                                           "Plan Rows": 1,                                                                                     
                                                           "Plan Width": 45,                                                                                   
                                                           "Actual Startup Time": 736.777,                                                                     
                                                           "Actual Total Time": 136651.394,                                                                    
                                                           "Actual Rows": 54,                                                                                  
                                                           "Actual Loops": 1,                                                                                  
                                                           "Inner Unique": true,                                                                               
                                                           "Join Filter": "(mi.movie_id = t.id)",                                                              
                                                           "Rows Removed by Join Filter": 0,                                                                   
                                                           "Shared Hit Blocks": 223543,                                                                        
                                                           "Shared Read Blocks": 70264,                                                                        
                                                           "Shared Dirtied Blocks": 0,                                                                         
                                                           "Shared Written Blocks": 0,                                                                         
                                                           "Local Hit Blocks": 0,                                                                              
                                                           "Local Read Blocks": 0,                                                                             
                                                           "Local Dirtied Blocks": 0,                                                                          
                                                           "Local Written Blocks": 0,                                                                          
                                                           "Temp Read Blocks": 0,                                                                              
                                                           "Temp Written Blocks": 0,                                                                           
                                                           "Plans": [                                                                                          
                                                             {                                                                                                 
                                                               "Node Type": "Nested Loop",                                                                     
                                                               "Parent Relationship": "Outer",                                                                 
                                                               "Parallel Aware": false,                                                                        
                                                               "Join Type": "Inner",                                                                           
                                                               "Startup Cost": 0.04,                                                                           
                                                               "Total Cost": 552.97,                                                                           
                                                               "Plan Rows": 3,                                                                                 
                                                               "Plan Width": 20,                                                                               
                                                               "Actual Startup Time": 701.196,                                                                 
                                                               "Actual Total Time": 127644.267,                                                                
                                                               "Actual Rows": 903,                                                                             
                                                               "Actual Loops": 1,                                                                              
                                                               "Inner Unique": false,                                                                          
                                                               "Shared Hit Blocks": 220690,                                                                    
                                                               "Shared Read Blocks": 69498,                                                                    
                                                               "Shared Dirtied Blocks": 0,                                                                     
                                                               "Shared Written Blocks": 0,                                                                     
                                                               "Local Hit Blocks": 0,                                                                          
                                                               "Local Read Blocks": 0,                                                                         
                                                               "Local Dirtied Blocks": 0,                                                                      
                                                               "Local Written Blocks": 0,                                                                      
                                                               "Temp Read Blocks": 0,                                                                          
                                                               "Temp Written Blocks": 0,                                                                       
                                                               "Plans": [                                                                                      
                                                                 {                                                                                             
                                                                   "Node Type": "Nested Loop",                                                                 
                                                                   "Parent Relationship": "Outer",                                                             
                                                                   "Parallel Aware": false,                                                                    
                                                                   "Join Type": "Inner",                                                                       
                                                                   "Startup Cost": 0.03,                                                                       
                                                                   "Total Cost": 551.43,                                                                       
                                                                   "Plan Rows": 10,                                                                            
                                                                   "Plan Width": 12,                                                                           
                                                                   "Actual Startup Time": 162.302,                                                             
                                                                   "Actual Total Time": 13787.547,                                                             
                                                                   "Actual Rows": 6216,                                                                        
                                                                   "Actual Loops": 1,                                                                          
                                                                   "Inner Unique": true,                                                                       
                                                                   "Join Filter": "(cc.subject_id = cct.id)",                                                 
                                                                   "Rows Removed by Join Filter": 13808,                                                       
                                                                   "Shared Hit Blocks": 140541,                                                                
                                                                   "Shared Read Blocks": 18281,                                                                
                                                                   "Shared Dirtied Blocks": 0,                                                                 
                                                                   "Shared Written Blocks": 0,                                                                 
                                                                   "Local Hit Blocks": 0,                                                                      
                                                                   "Local Read Blocks": 0,                                                                     
                                                                   "Local Dirtied Blocks": 0,                                                                  
                                                                   "Local Written Blocks": 0,                                                                  
                                                                   "Temp Read Blocks": 0,                                                                      
                                                                   "Temp Written Blocks": 0,                                                                   
                                                                   "Plans": [                                                                                  
                                                                     {                                                                                         
                                                                       "Node Type": "Nested Loop",                                                             
                                                                       "Parent Relationship": "Outer",                                                         
                                                                       "Parallel Aware": false,                                                                
                                                                       "Join Type": "Inner",                                                                   
                                                                       "Startup Cost": 0.03,                                                                   
                                                                       "Total Cost": 551.39,                                                                   
                                                                       "Plan Rows": 41,                                                                        
                                                                       "Plan Width": 16,                                                                       
                                                                       "Actual Startup Time": 113.497,                                                         
                                                                       "Actual Total Time": 13748.673,                                                         
                                                                       "Actual Rows": 20024,                                                                   
                                                                       "Actual Loops": 1,                                                                      
                                                                       "Inner Unique": false,                                                                  
                                                                       "Shared Hit Blocks": 140540,                                                            
                                                                       "Shared Read Blocks": 18281,                                                            
                                                                       "Shared Dirtied Blocks": 0,                                                             
                                                                       "Shared Written Blocks": 0,                                                             
                                                                       "Local Hit Blocks": 0,                                                                  
                                                                       "Local Read Blocks": 0,                                                                 
                                                                       "Local Dirtied Blocks": 0,                                                              
                                                                       "Local Written Blocks": 0,                                                              
                                                                       "Temp Read Blocks": 0,                                                                  
                                                                       "Temp Written Blocks": 0,                                                               
                                                                       "Plans": [                                                                              
                                                                         {                                                                                     
                                                                           "Node Type": "Nested Loop",                                                         
                                                                           "Parent Relationship": "Outer",                                                     
                                                                           "Parallel Aware": false,                                                            
                                                                           "Join Type": "Inner",                                                               
                                                                           "Startup Cost": 0.01,                                                               
                                                                           "Total Cost": 549.49,                                                               
                                                                           "Plan Rows": 135,                                                                   
                                                                           "Plan Width": 4,                                                                    
                                                                           "Actual Startup Time": 42.686,                                                      
                                                                           "Actual Total Time": 12733.090,                                                     
                                                                           "Actual Rows": 37091,                                                               
                                                                           "Actual Loops": 1,                                                                  
                                                                           "Inner Unique": false,                                                              
                                                                           "Shared Hit Blocks": 10139,                                                         
                                                                           "Shared Read Blocks": 17234,                                                        
                                                                           "Shared Dirtied Blocks": 0,                                                         
                                                                           "Shared Written Blocks": 0,                                                         
                                                                           "Local Hit Blocks": 0,                                                              
                                                                           "Local Read Blocks": 0,                                                             
                                                                           "Local Dirtied Blocks": 0,                                                          
                                                                           "Local Written Blocks": 0,                                                          
                                                                           "Temp Read Blocks": 0,                                                              
                                                                           "Temp Written Blocks": 0,                                                           
                                                                           "Plans": [                                                                          
                                                                             {                                                                                 
                                                                               "Node Type": "Seq Scan",                                                        
                                                                               "Parent Relationship": "Outer",                                                 
                                                                               "Parallel Aware": false,                                                        
                                                                               "Relation Name": "keyword",                                                     
                                                                               "Alias": "k",                                                                   
                                                                               "Startup Cost": 0.00,                                                           
                                                                               "Total Cost": 59.88,                                                            
                                                                               "Plan Rows": 4,                                                                 
                                                                               "Plan Width": 4,                                                                
                                                                               "Actual Startup Time": 16.335,                                                  
                                                                               "Actual Total Time": 87.426,                                                    
                                                                               "Actual Rows": 3,                                                               
                                                                               "Actual Loops": 1,                                                              
                                                                               "Filter": "(keyword = ANY ('{murder,murder-in-title,blood,violence}'::text[]))",
                                                                               "Rows Removed by Filter": 134167,                                               
                                                                               "Shared Hit Blocks": 2,                                                         
                                                                               "Shared Read Blocks": 947,                                                      
                                                                               "Shared Dirtied Blocks": 0,                                                     
                                                                               "Shared Written Blocks": 0,                                                     
                                                                               "Local Hit Blocks": 0,                                                          
                                                                               "Local Read Blocks": 0,                                                         
                                                                               "Local Dirtied Blocks": 0,                                                      
                                                                               "Local Written Blocks": 0,                                                      
                                                                               "Temp Read Blocks": 0,                                                          
                                                                               "Temp Written Blocks": 0                                                        
                                                                             },                                                                                
                                                                             {                                                                                 
                                                                               "Node Type": "Index Scan",                                                      
                                                                               "Parent Relationship": "Inner",                                                 
                                                                               "Parallel Aware": false,                                                        
                                                                               "Scan Direction": "Forward",                                                    
                                                                               "Index Name": "keyword_id_movie_keyword",                                       
                                                                               "Relation Name": "movie_keyword",                                               
                                                                               "Alias": "mk",                                                                  
                                                                               "Startup Cost": 0.01,                                                           
                                                                               "Total Cost": 122.40,                                                           
                                                                               "Plan Rows": 39,                                                                
                                                                               "Plan Width": 8,                                                                
                                                                               "Actual Startup Time": 28.899,                                                  
                                                                               "Actual Total Time": 4206.631,                                                  
                                                                               "Actual Rows": 12364,                                                           
                                                                               "Actual Loops": 3,                                                              
                                                                               "Index Cond": "(keyword_id = k.id)",                                            
                                                                               "Rows Removed by Index Recheck": 0,                                             
                                                                               "Shared Hit Blocks": 10137,                                                     
                                                                               "Shared Read Blocks": 16287,                                                    
                                                                               "Shared Dirtied Blocks": 0,                                                     
                                                                               "Shared Written Blocks": 0,                                                     
                                                                               "Local Hit Blocks": 0,                                                          
                                                                               "Local Read Blocks": 0,                                                         
                                                                               "Local Dirtied Blocks": 0,                                                      
                                                                               "Local Written Blocks": 0,                                                      
                                                                               "Temp Read Blocks": 0,                                                          
                                                                               "Temp Written Blocks": 0                                                        
                                                                             }                                                                                 
                                                                           ]                                                                                   
                                                                         },                                                                                    
                                                                         {                                                                                     
                                                                           "Node Type": "Index Scan",                                                          
                                                                           "Parent Relationship": "Inner",                                                     
                                                                           "Parallel Aware": false,                                                            
                                                                           "Scan Direction": "Forward",                                                        
                                                                           "Index Name": "movie_id_complete_cast",                                             
                                                                           "Relation Name": "complete_cast",                                                   
                                                                           "Alias": "cc",                                                                      
                                                                           "Startup Cost": 0.01,                                                               
                                                                           "Total Cost": 0.01,                                                                 
                                                                           "Plan Rows": 1,                                                                     
                                                                           "Plan Width": 12,                                                                   
                                                                           "Actual Startup Time": 0.022,                                                       
                                                                           "Actual Total Time": 0.025,                                                         
                                                                           "Actual Rows": 1,                                                                   
                                                                           "Actual Loops": 37091,                                                              
                                                                           "Index Cond": "(movie_id = mk.movie_id)",                                           
                                                                           "Rows Removed by Index Recheck": 0,                                                 
                                                                           "Shared Hit Blocks": 130401,                                                        
                                                                           "Shared Read Blocks": 1047,                                                         
                                                                           "Shared Dirtied Blocks": 0,                                                         
                                                                           "Shared Written Blocks": 0,                                                         
                                                                           "Local Hit Blocks": 0,                                                              
                                                                           "Local Read Blocks": 0,                                                             
                                                                           "Local Dirtied Blocks": 0,                                                          
                                                                           "Local Written Blocks": 0,                                                          
                                                                           "Temp Read Blocks": 0,                                                              
                                                                           "Temp Written Blocks": 0                                                            
                                                                         }                                                                                     
                                                                       ]                                                                                       
                                                                     },                                                                                        
                                                                     {                                                                                         
                                                                       "Node Type": "Materialize",                                                             
                                                                       "Parent Relationship": "Inner",                                                         
                                                                       "Parallel Aware": false,                                                                
                                                                       "Startup Cost": 0.00,                                                                   
                                                                       "Total Cost": 0.03,                                                                     
                                                                       "Plan Rows": 1,                                                                         
                                                                       "Plan Width": 4,                                                                        
                                                                       "Actual Startup Time": 0.000,                                                           
                                                                       "Actual Total Time": 0.000,                                                             
                                                                       "Actual Rows": 1,                                                                       
                                                                       "Actual Loops": 20024,                                                                  
                                                                       "Shared Hit Blocks": 1,                                                                 
                                                                       "Shared Read Blocks": 0,                                                                
                                                                       "Shared Dirtied Blocks": 0,                                                             
                                                                       "Shared Written Blocks": 0,                                                             
                                                                       "Local Hit Blocks": 0,                                                                  
                                                                       "Local Read Blocks": 0,                                                                 
                                                                       "Local Dirtied Blocks": 0,                                                              
                                                                       "Local Written Blocks": 0,                                                              
                                                                       "Temp Read Blocks": 0,                                                                  
                                                                       "Temp Written Blocks": 0,                                                               
                                                                       "Plans": [                                                                              
                                                                         {                                                                                     
                                                                           "Node Type": "Seq Scan",                                                            
                                                                           "Parent Relationship": "Outer",                                                     
                                                                           "Parallel Aware": false,                                                            
                                                                           "Relation Name": "comp_cast_type",                                                  
                                                                           "Alias": "cct",                                                                    
                                                                           "Startup Cost": 0.00,                                                               
                                                                           "Total Cost": 0.03,                                                                 
                                                                           "Plan Rows": 1,                                                                     
                                                                           "Plan Width": 4,                                                                    
                                                                           "Actual Startup Time": 0.017,                                                       
                                                                           "Actual Total Time": 0.019,                                                         
                                                                           "Actual Rows": 1,                                                                   
                                                                           "Actual Loops": 1,                                                                  
                                                                           "Filter": "((kind)::text = 'crew'::text)",                                          
                                                                           "Rows Removed by Filter": 3,                                                        
                                                                           "Shared Hit Blocks": 1,                                                             
                                                                           "Shared Read Blocks": 0,                                                            
                                                                           "Shared Dirtied Blocks": 0,                                                         
                                                                           "Shared Written Blocks": 0,                                                         
                                                                           "Local Hit Blocks": 0,                                                              
                                                                           "Local Read Blocks": 0,                                                             
                                                                           "Local Dirtied Blocks": 0,                                                          
                                                                           "Local Written Blocks": 0,                                                          
                                                                           "Temp Read Blocks": 0,                                                              
                                                                           "Temp Written Blocks": 0                                                            
                                                                         }                                                                                     
                                                                       ]                                                                                       
                                                                     }                                                                                         
                                                                   ]                                                                                           
                                                                 },                                                                                            
                                                                 {                                                                                             
                                                                   "Node Type": "Index Scan",                                                                  
                                                                   "Parent Relationship": "Inner",                                                             
                                                                   "Parallel Aware": false,                                                                    
                                                                   "Scan Direction": "Forward",                                                                
                                                                   "Index Name": "movie_id_movie_info",                                                        
                                                                   "Relation Name": "movie_info",                                                              
                                                                   "Alias": "mi",                                                                              
                                                                   "Startup Cost": 0.01,                                                                       
                                                                   "Total Cost": 0.15,                                                                         
                                                                   "Plan Rows": 1,                                                                             
                                                                   "Plan Width": 8,                                                                            
                                                                   "Actual Startup Time": 17.301,                                                              
                                                                   "Actual Total Time": 18.315,                                                                
                                                                   "Actual Rows": 0,                                                                           
                                                                   "Actual Loops": 6216,                                                                       
                                                                   "Index Cond": "(movie_id = mk.movie_id)",                                                   
                                                                   "Rows Removed by Index Recheck": 0,                                                         
                                                                   "Filter": "(info = ANY ('{Sweden,Germany,Swedish,German}'::text[]))",                       
                                                                   "Rows Removed by Filter": 102,                                                              
                                                                   "Shared Hit Blocks": 80149,                                                                 
                                                                   "Shared Read Blocks": 51217,                                                                
                                                                   "Shared Dirtied Blocks": 0,                                                                 
                                                                   "Shared Written Blocks": 0,                                                                 
                                                                   "Local Hit Blocks": 0,                                                                      
                                                                   "Local Read Blocks": 0,                                                                     
                                                                   "Local Dirtied Blocks": 0,                                                                  
                                                                   "Local Written Blocks": 0,                                                                  
                                                                   "Temp Read Blocks": 0,                                                                      
                                                                   "Temp Written Blocks": 0                                                                    
                                                                 }                                                                                             
                                                               ]                                                                                               
                                                             },                                                                                                
                                                             {                                                                                                 
                                                               "Node Type": "Index Scan",                                                                      
                                                               "Parent Relationship": "Inner",                                                                 
                                                               "Parallel Aware": false,                                                                        
                                                               "Scan Direction": "Forward",                                                                    
                                                               "Index Name": "title_idx_id",                                                                   
                                                               "Relation Name": "title",                                                                       
                                                               "Alias": "t",                                                                                   
                                                               "Startup Cost": 0.01,                                                                           
                                                               "Total Cost": 0.04,                                                                             
                                                               "Plan Rows": 1,                                                                                 
                                                               "Plan Width": 25,                                                                               
                                                               "Actual Startup Time": 9.971,                                                                   
                                                               "Actual Total Time": 9.971,                                                                     
                                                               "Actual Rows": 0,                                                                               
                                                               "Actual Loops": 903,                                                                            
                                                               "Index Cond": "(id = mk.movie_id)",                                                             
                                                               "Rows Removed by Index Recheck": 0,                                                             
                                                               "Filter": "(production_year > 2005)",                                                           
                                                               "Rows Removed by Filter": 1,                                                                    
                                                               "Shared Hit Blocks": 2853,                                                                      
                                                               "Shared Read Blocks": 766,                                                                      
                                                               "Shared Dirtied Blocks": 0,                                                                     
                                                               "Shared Written Blocks": 0,                                                                     
                                                               "Local Hit Blocks": 0,                                                                          
                                                               "Local Read Blocks": 0,                                                                         
                                                               "Local Dirtied Blocks": 0,                                                                      
                                                               "Local Written Blocks": 0,                                                                      
                                                               "Temp Read Blocks": 0,                                                                          
                                                               "Temp Written Blocks": 0                                                                        
                                                             }                                                                                                 
                                                           ]                                                                                                   
                                                         },                                                                                                    
                                                         {                                                                                                     
                                                           "Node Type": "Materialize",                                                                         
                                                           "Parent Relationship": "Inner",                                                                     
                                                           "Parallel Aware": false,                                                                            
                                                           "Startup Cost": 0.00,                                                                               
                                                           "Total Cost": 0.05,                                                                                 
                                                           "Plan Rows": 1,                                                                                     
                                                           "Plan Width": 4,                                                                                    
                                                           "Actual Startup Time": 0.001,                                                                       
                                                           "Actual Total Time": 0.002,                                                                         
                                                           "Actual Rows": 1,                                                                                   
                                                           "Actual Loops": 54,                                                                                 
                                                           "Shared Hit Blocks": 1,                                                                             
                                                           "Shared Read Blocks": 0,                                                                            
                                                           "Shared Dirtied Blocks": 0,                                                                         
                                                           "Shared Written Blocks": 0,                                                                         
                                                           "Local Hit Blocks": 0,                                                                              
                                                           "Local Read Blocks": 0,                                                                             
                                                           "Local Dirtied Blocks": 0,                                                                          
                                                           "Local Written Blocks": 0,                                                                          
                                                           "Temp Read Blocks": 0,                                                                              
                                                           "Temp Written Blocks": 0,                                                                           
                                                           "Plans": [                                                                                          
                                                             {                                                                                                 
                                                               "Node Type": "Seq Scan",                                                                        
                                                               "Parent Relationship": "Outer",                                                                 
                                                               "Parallel Aware": false,                                                                        
                                                               "Relation Name": "info_type",                                                                   
                                                               "Alias": "it",                                                                                 
                                                               "Startup Cost": 0.00,                                                                           
                                                               "Total Cost": 0.05,                                                                             
                                                               "Plan Rows": 1,                                                                                 
                                                               "Plan Width": 4,                                                                                
                                                               "Actual Startup Time": 0.016,                                                                   
                                                               "Actual Total Time": 0.062,                                                                     
                                                               "Actual Rows": 1,                                                                               
                                                               "Actual Loops": 1,                                                                              
                                                               "Filter": "((info)::text = 'countries'::text)",                                                 
                                                               "Rows Removed by Filter": 112,                                                                  
                                                               "Shared Hit Blocks": 1,                                                                         
                                                               "Shared Read Blocks": 0,                                                                        
                                                               "Shared Dirtied Blocks": 0,                                                                     
                                                               "Shared Written Blocks": 0,                                                                     
                                                               "Local Hit Blocks": 0,                                                                          
                                                               "Local Read Blocks": 0,                                                                         
                                                               "Local Dirtied Blocks": 0,                                                                      
                                                               "Local Written Blocks": 0,                                                                      
                                                               "Temp Read Blocks": 0,                                                                          
                                                               "Temp Written Blocks": 0                                                                        
                                                             }                                                                                                 
                                                           ]                                                                                                   
                                                         }                                                                                                     
                                                       ]                                                                                                       
                                                     }                                                                                                         
                                                   ]                                                                                                           
                                                 }                                                                                                             
                                               ]                                                                                                               
                                             }                                                                                                                 
                                           ]                                                                                                                   
                                         }                                                                                                                     
                                       ]                                                                                                                       
                                     },                                                                                                                        
                                     {                                                                                                                         
                                       "Node Type": "Index Scan",                                                                                              
                                       "Parent Relationship": "Inner",                                                                                         
                                       "Parallel Aware": false,                                                                                                
                                       "Scan Direction": "Forward",                                                                                            
                                       "Index Name": "movie_id_movie_companies",                                                                               
                                       "Relation Name": "movie_companies",                                                                                     
                                       "Alias": "mc",                                                                                                          
                                       "Startup Cost": 0.01,                                                                                                   
                                       "Total Cost": 0.03,                                                                                                     
                                       "Plan Rows": 1,                                                                                                         
                                       "Plan Width": 12,                                                                                                       
                                       "Actual Startup Time": 25.166,                                                                                          
                                       "Actual Total Time": 30.312,                                                                                            
                                       "Actual Rows": 11,                                                                                                      
                                       "Actual Loops": 20,                                                                                                     
                                       "Index Cond": "(movie_id = mk.movie_id)",                                                                               
                                       "Rows Removed by Index Recheck": 0,                                                                                     
                                       "Filter": "((note !~~ '%(USA)%'::text) AND (note ~~ '%(200%)%'::text))",                                                
                                       "Rows Removed by Filter": 14,                                                                                           
                                       "Shared Hit Blocks": 51,                                                                                                
                                       "Shared Read Blocks": 53,                                                                                               
                                       "Shared Dirtied Blocks": 0,                                                                                             
                                       "Shared Written Blocks": 0,                                                                                             
                                       "Local Hit Blocks": 0,                                                                                                  
                                       "Local Read Blocks": 0,                                                                                                 
                                       "Local Dirtied Blocks": 0,                                                                                              
                                       "Local Written Blocks": 0,                                                                                              
                                       "Temp Read Blocks": 0,                                                                                                  
                                       "Temp Written Blocks": 0                                                                                                
                                     }                                                                                                                         
                                   ]                                                                                                                           
                                 }                                                                                                                             
                               ]                                                                                                                               
                             }                                                                                                                                 
                           ]                                                                                                                                   
                         },                                                                                                                                    
                         {                                                                                                                                     
                           "Node Type": "Index Scan",                                                                                                          
                           "Parent Relationship": "Inner",                                                                                                     
                           "Parallel Aware": false,                                                                                                            
                           "Scan Direction": "Forward",                                                                                                        
                           "Index Name": "company_name_pkey",                                                                                                  
                           "Relation Name": "company_name",                                                                                                    
                           "Alias": "cn",                                                                                                                      
                           "Startup Cost": 0.01,                                                                                                               
                           "Total Cost": 0.10,                                                                                                                 
                           "Plan Rows": 1,                                                                                                                     
                           "Plan Width": 23,                                                                                                                   
                           "Actual Startup Time": 2.000,                                                                                                       
                           "Actual Total Time": 2.000,                                                                                                         
                           "Actual Rows": 1,                                                                                                                   
                           "Actual Loops": 212,                                                                                                                
                           "Index Cond": "(id = mc.company_id)",                                                                                               
                           "Rows Removed by Index Recheck": 0,                                                                                                 
                           "Filter": "((country_code)::text <> '[us]'::text)",                                                                                 
                           "Rows Removed by Filter": 0,                                                                                                        
                           "Shared Hit Blocks": 718,                                                                                                           
                           "Shared Read Blocks": 130,                                                                                                          
                           "Shared Dirtied Blocks": 0,                                                                                                         
                           "Shared Written Blocks": 0,                                                                                                         
                           "Local Hit Blocks": 0,                                                                                                              
                           "Local Read Blocks": 0,                                                                                                             
                           "Local Dirtied Blocks": 0,                                                                                                          
                           "Local Written Blocks": 0,                                                                                                          
                           "Temp Read Blocks": 0,                                                                                                              
                           "Temp Written Blocks": 0                                                                                                            
                         }                                                                                                                                     
                       ]                                                                                                                                       
                     },                                                                                                                                        
                     {                                                                                                                                         
                       "Node Type": "Index Scan",                                                                                                              
                       "Parent Relationship": "Inner",                                                                                                         
                       "Parallel Aware": false,                                                                                                                
                       "Scan Direction": "Forward",                                                                                                            
                       "Index Name": "movie_id_movie_info_idx",                                                                                                
                       "Relation Name": "movie_info_idx",                                                                                                      
                       "Alias": "mi_idx",                                                                                                                      
                       "Startup Cost": 0.01,                                                                                                                   
                       "Total Cost": 0.02,                                                                                                                     
                       "Plan Rows": 1,                                                                                                                         
                       "Plan Width": 14,                                                                                                                       
                       "Actual Startup Time": 1.344,                                                                                                           
                       "Actual Total Time": 1.344,                                                                                                             
                       "Actual Rows": 1,                                                                                                                       
                       "Actual Loops": 210,                                                                                                                    
                       "Index Cond": "(movie_id = mk.movie_id)",                                                                                               
                       "Rows Removed by Index Recheck": 0,                                                                                                     
                       "Filter": "(info > '6.5'::text)",                                                                                                       
                       "Rows Removed by Filter": 2,                                                                                                            
                       "Shared Hit Blocks": 818,                                                                                                               
                       "Shared Read Blocks": 22,                                                                                                               
                       "Shared Dirtied Blocks": 0,                                                                                                             
                       "Shared Written Blocks": 0,                                                                                                             
                       "Local Hit Blocks": 0,                                                                                                                  
                       "Local Read Blocks": 0,                                                                                                                 
                       "Local Dirtied Blocks": 0,                                                                                                              
                       "Local Written Blocks": 0,                                                                                                              
                       "Temp Read Blocks": 0,                                                                                                                  
                       "Temp Written Blocks": 0                                                                                                                
                     }                                                                                                                                         
                   ]                                                                                                                                           
                 }                                                                                                                                             
               ]                                                                                                                                               
             }                                                                                                                                                 
           ]                                                                                                                                                   
         }                                                                                                                                                     
       ]                                                                                                                                                       
     },                                                                                                                                                        
     "Planning Time": 15505.121,                                                                                                                               
     "Triggers": [                                                                                                                                             
     ],                                                                                                                                                        
     "Execution Time": 137990.048                                                                                                                              
   }                                                                                                                                                           
 ]
