 [                                                                                                                                                                          
   {                                                                                                                                                                        
     "Plan": {                                                                                                                                                              
       "Node Type": "Aggregate",                                                                                                                                            
       "Strategy": "Plain",                                                                                                                                                 
       "Partial Mode": "Simple",                                                                                                                                            
       "Parallel Aware": false,                                                                                                                                             
       "Startup Cost": 668.34,                                                                                                                                              
       "Total Cost": 668.34,                                                                                                                                                
       "Plan Rows": 1,                                                                                                                                                      
       "Plan Width": 96,                                                                                                                                                    
       "Actual Startup Time": 21925.324,                                                                                                                                    
       "Actual Total Time": 21925.324,                                                                                                                                      
       "Actual Rows": 1,                                                                                                                                                    
       "Actual Loops": 1,                                                                                                                                                   
       "Shared Hit Blocks": 232306,                                                                                                                                         
       "Shared Read Blocks": 4628,                                                                                                                                          
       "Shared Dirtied Blocks": 0,                                                                                                                                          
       "Shared Written Blocks": 0,                                                                                                                                          
       "Local Hit Blocks": 0,                                                                                                                                               
       "Local Read Blocks": 0,                                                                                                                                              
       "Local Dirtied Blocks": 0,                                                                                                                                           
       "Local Written Blocks": 0,                                                                                                                                           
       "Temp Read Blocks": 0,                                                                                                                                               
       "Temp Written Blocks": 0,                                                                                                                                            
       "Plans": [                                                                                                                                                           
         {                                                                                                                                                                  
           "Node Type": "Nested Loop",                                                                                                                                      
           "Parent Relationship": "Outer",                                                                                                                                  
           "Parallel Aware": false,                                                                                                                                         
           "Join Type": "Inner",                                                                                                                                            
           "Startup Cost": 0.15,                                                                                                                                            
           "Total Cost": 668.34,                                                                                                                                            
           "Plan Rows": 1,                                                                                                                                                  
           "Plan Width": 48,                                                                                                                                                
           "Actual Startup Time": 16526.657,                                                                                                                                
           "Actual Total Time": 21924.481,                                                                                                                                  
           "Actual Rows": 1620,                                                                                                                                             
           "Actual Loops": 1,                                                                                                                                               
           "Inner Unique": true,                                                                                                                                            
           "Shared Hit Blocks": 232306,                                                                                                                                     
           "Shared Read Blocks": 4628,                                                                                                                                      
           "Shared Dirtied Blocks": 0,                                                                                                                                      
           "Shared Written Blocks": 0,                                                                                                                                      
           "Local Hit Blocks": 0,                                                                                                                                           
           "Local Read Blocks": 0,                                                                                                                                          
           "Local Dirtied Blocks": 0,                                                                                                                                       
           "Local Written Blocks": 0,                                                                                                                                       
           "Temp Read Blocks": 0,                                                                                                                                           
           "Temp Written Blocks": 0,                                                                                                                                        
           "Plans": [                                                                                                                                                       
             {                                                                                                                                                              
               "Node Type": "Nested Loop",                                                                                                                                  
               "Parent Relationship": "Outer",                                                                                                                              
               "Parallel Aware": false,                                                                                                                                     
               "Join Type": "Inner",                                                                                                                                        
               "Startup Cost": 0.14,                                                                                                                                        
               "Total Cost": 668.25,                                                                                                                                        
               "Plan Rows": 1,                                                                                                                                              
               "Plan Width": 52,                                                                                                                                            
               "Actual Startup Time": 16520.930,                                                                                                                            
               "Actual Total Time": 21643.281,                                                                                                                              
               "Actual Rows": 7128,                                                                                                                                         
               "Actual Loops": 1,                                                                                                                                           
               "Inner Unique": true,                                                                                                                                        
               "Shared Hit Blocks": 203828,                                                                                                                                 
               "Shared Read Blocks": 4594,                                                                                                                                  
               "Shared Dirtied Blocks": 0,                                                                                                                                  
               "Shared Written Blocks": 0,                                                                                                                                  
               "Local Hit Blocks": 0,                                                                                                                                       
               "Local Read Blocks": 0,                                                                                                                                      
               "Local Dirtied Blocks": 0,                                                                                                                                   
               "Local Written Blocks": 0,                                                                                                                                   
               "Temp Read Blocks": 0,                                                                                                                                       
               "Temp Written Blocks": 0,                                                                                                                                    
               "Plans": [                                                                                                                                                   
                 {                                                                                                                                                          
                   "Node Type": "Nested Loop",                                                                                                                              
                   "Parent Relationship": "Outer",                                                                                                                          
                   "Parallel Aware": false,                                                                                                                                 
                   "Join Type": "Inner",                                                                                                                                    
                   "Startup Cost": 0.12,                                                                                                                                    
                   "Total Cost": 667.13,                                                                                                                                    
                   "Plan Rows": 1,                                                                                                                                          
                   "Plan Width": 40,                                                                                                                                        
                   "Actual Startup Time": 16503.288,                                                                                                                        
                   "Actual Total Time": 21603.593,                                                                                                                          
                   "Actual Rows": 7128,                                                                                                                                     
                   "Actual Loops": 1,                                                                                                                                       
                   "Inner Unique": false,                                                                                                                                   
                   "Join Filter": "(it.id = mi.info_type_id)",                                                                                                              
                   "Rows Removed by Join Filter": 0,                                                                                                                        
                   "Shared Hit Blocks": 175319,                                                                                                                             
                   "Shared Read Blocks": 4591,                                                                                                                              
                   "Shared Dirtied Blocks": 0,                                                                                                                              
                   "Shared Written Blocks": 0,                                                                                                                              
                   "Local Hit Blocks": 0,                                                                                                                                   
                   "Local Read Blocks": 0,                                                                                                                                  
                   "Local Dirtied Blocks": 0,                                                                                                                               
                   "Local Written Blocks": 0,                                                                                                                               
                   "Temp Read Blocks": 0,                                                                                                                                   
                   "Temp Written Blocks": 0,                                                                                                                                
                   "Plans": [                                                                                                                                               
                     {                                                                                                                                                      
                       "Node Type": "Seq Scan",                                                                                                                             
                       "Parent Relationship": "Outer",                                                                                                                      
                       "Parallel Aware": false,                                                                                                                             
                       "Relation Name": "info_type",                                                                                                                        
                       "Alias": "it",                                                                                                                                       
                       "Startup Cost": 0.00,                                                                                                                                
                       "Total Cost": 0.05,                                                                                                                                  
                       "Plan Rows": 1,                                                                                                                                      
                       "Plan Width": 4,                                                                                                                                     
                       "Actual Startup Time": 0.027,                                                                                                                        
                       "Actual Total Time": 0.037,                                                                                                                          
                       "Actual Rows": 1,                                                                                                                                    
                       "Actual Loops": 1,                                                                                                                                   
                       "Filter": "((info)::text = 'release dates'::text)",                                                                                                  
                       "Rows Removed by Filter": 112,                                                                                                                       
                       "Shared Hit Blocks": 1,                                                                                                                              
                       "Shared Read Blocks": 0,                                                                                                                             
                       "Shared Dirtied Blocks": 0,                                                                                                                          
                       "Shared Written Blocks": 0,                                                                                                                          
                       "Local Hit Blocks": 0,                                                                                                                               
                       "Local Read Blocks": 0,                                                                                                                              
                       "Local Dirtied Blocks": 0,                                                                                                                           
                       "Local Written Blocks": 0,                                                                                                                           
                       "Temp Read Blocks": 0,                                                                                                                               
                       "Temp Written Blocks": 0                                                                                                                             
                     },                                                                                                                                                     
                     {                                                                                                                                                      
                       "Node Type": "Materialize",                                                                                                                          
                       "Parent Relationship": "Inner",                                                                                                                      
                       "Parallel Aware": false,                                                                                                                             
                       "Startup Cost": 0.12,                                                                                                                                
                       "Total Cost": 667.09,                                                                                                                                
                       "Plan Rows": 1,                                                                                                                                      
                       "Plan Width": 44,                                                                                                                                    
                       "Actual Startup Time": 16503.255,                                                                                                                    
                       "Actual Total Time": 21601.631,                                                                                                                      
                       "Actual Rows": 7128,                                                                                                                                 
                       "Actual Loops": 1,                                                                                                                                   
                       "Shared Hit Blocks": 175318,                                                                                                                         
                       "Shared Read Blocks": 4591,                                                                                                                          
                       "Shared Dirtied Blocks": 0,                                                                                                                          
                       "Shared Written Blocks": 0,                                                                                                                          
                       "Local Hit Blocks": 0,                                                                                                                               
                       "Local Read Blocks": 0,                                                                                                                              
                       "Local Dirtied Blocks": 0,                                                                                                                           
                       "Local Written Blocks": 0,                                                                                                                           
                       "Temp Read Blocks": 0,                                                                                                                               
                       "Temp Written Blocks": 0,                                                                                                                            
                       "Plans": [                                                                                                                                           
                         {                                                                                                                                                  
                           "Node Type": "Nested Loop",                                                                                                                      
                           "Parent Relationship": "Outer",                                                                                                                  
                           "Parallel Aware": false,                                                                                                                         
                           "Join Type": "Inner",                                                                                                                            
                           "Startup Cost": 0.12,                                                                                                                            
                           "Total Cost": 667.09,                                                                                                                            
                           "Plan Rows": 1,                                                                                                                                  
                           "Plan Width": 44,                                                                                                                                
                           "Actual Startup Time": 16503.243,                                                                                                                
                           "Actual Total Time": 21598.955,                                                                                                                  
                           "Actual Rows": 7128,                                                                                                                             
                           "Actual Loops": 1,                                                                                                                               
                           "Inner Unique": false,                                                                                                                           
                           "Join Filter": "(t.id = mi.movie_id)",                                                                                                           
                           "Rows Removed by Join Filter": 0,                                                                                                                
                           "Shared Hit Blocks": 175318,                                                                                                                     
                           "Shared Read Blocks": 4591,                                                                                                                      
                           "Shared Dirtied Blocks": 0,                                                                                                                      
                           "Shared Written Blocks": 0,                                                                                                                      
                           "Local Hit Blocks": 0,                                                                                                                           
                           "Local Read Blocks": 0,                                                                                                                          
                           "Local Dirtied Blocks": 0,                                                                                                                       
                           "Local Written Blocks": 0,                                                                                                                       
                           "Temp Read Blocks": 0,                                                                                                                           
                           "Temp Written Blocks": 0,                                                                                                                        
                           "Plans": [                                                                                                                                       
                             {                                                                                                                                              
                               "Node Type": "Nested Loop",                                                                                                                  
                               "Parent Relationship": "Outer",                                                                                                              
                               "Parallel Aware": false,                                                                                                                     
                               "Join Type": "Inner",                                                                                                                        
                               "Startup Cost": 0.11,                                                                                                                        
                               "Total Cost": 666.32,                                                                                                                        
                               "Plan Rows": 1,                                                                                                                              
                               "Plan Width": 60,                                                                                                                            
                               "Actual Startup Time": 16442.155,                                                                                                            
                               "Actual Total Time": 20849.714,                                                                                                              
                               "Actual Rows": 3564,                                                                                                                         
                               "Actual Loops": 1,                                                                                                                           
                               "Inner Unique": false,                                                                                                                       
                               "Join Filter": "(n.id = an.person_id)",                                                                                                      
                               "Rows Removed by Join Filter": 0,                                                                                                            
                               "Shared Hit Blocks": 39923,                                                                                                                  
                               "Shared Read Blocks": 4554,                                                                                                                  
                               "Shared Dirtied Blocks": 0,                                                                                                                  
                               "Shared Written Blocks": 0,                                                                                                                  
                               "Local Hit Blocks": 0,                                                                                                                       
                               "Local Read Blocks": 0,                                                                                                                      
                               "Local Dirtied Blocks": 0,                                                                                                                   
                               "Local Written Blocks": 0,                                                                                                                   
                               "Temp Read Blocks": 0,                                                                                                                       
                               "Temp Written Blocks": 0,                                                                                                                    
                               "Plans": [                                                                                                                                   
                                 {                                                                                                                                          
                                   "Node Type": "Nested Loop",                                                                                                              
                                   "Parent Relationship": "Outer",                                                                                                          
                                   "Parallel Aware": false,                                                                                                                 
                                   "Join Type": "Inner",                                                                                                                    
                                   "Startup Cost": 0.10,                                                                                                                    
                                   "Total Cost": 666.18,                                                                                                                    
                                   "Plan Rows": 1,                                                                                                                          
                                   "Plan Width": 72,                                                                                                                        
                                   "Actual Startup Time": 16409.446,                                                                                                        
                                   "Actual Total Time": 20788.287,                                                                                                          
                                   "Actual Rows": 1188,                                                                                                                     
                                   "Actual Loops": 1,                                                                                                                       
                                   "Inner Unique": true,                                                                                                                    
                                   "Join Filter": "(mc.movie_id = t.id)",                                                                                                   
                                   "Rows Removed by Join Filter": 0,                                                                                                        
                                   "Shared Hit Blocks": 33987,                                                                                                              
                                   "Shared Read Blocks": 4550,                                                                                                              
                                   "Shared Dirtied Blocks": 0,                                                                                                              
                                   "Shared Written Blocks": 0,                                                                                                              
                                   "Local Hit Blocks": 0,                                                                                                                   
                                   "Local Read Blocks": 0,                                                                                                                  
                                   "Local Dirtied Blocks": 0,                                                                                                               
                                   "Local Written Blocks": 0,                                                                                                               
                                   "Temp Read Blocks": 0,                                                                                                                   
                                   "Temp Written Blocks": 0,                                                                                                                
                                   "Plans": [                                                                                                                               
                                     {                                                                                                                                      
                                       "Node Type": "Nested Loop",                                                                                                          
                                       "Parent Relationship": "Outer",                                                                                                      
                                       "Parallel Aware": false,                                                                                                             
                                       "Join Type": "Inner",                                                                                                                
                                       "Startup Cost": 0.08,                                                                                                                
                                       "Total Cost": 666.09,                                                                                                                
                                       "Plan Rows": 2,                                                                                                                      
                                       "Plan Width": 51,                                                                                                                    
                                       "Actual Startup Time": 2046.130,                                                                                                     
                                       "Actual Total Time": 20435.979,                                                                                                      
                                       "Actual Rows": 7540,                                                                                                                 
                                       "Actual Loops": 1,                                                                                                                   
                                       "Inner Unique": false,                                                                                                               
                                       "Join Filter": "(ci.movie_id = mc.movie_id)",                                                                                        
                                       "Rows Removed by Join Filter": 0,                                                                                                    
                                       "Shared Hit Blocks": 3844,                                                                                                           
                                       "Shared Read Blocks": 4533,                                                                                                          
                                       "Shared Dirtied Blocks": 0,                                                                                                          
                                       "Shared Written Blocks": 0,                                                                                                          
                                       "Local Hit Blocks": 0,                                                                                                               
                                       "Local Read Blocks": 0,                                                                                                              
                                       "Local Dirtied Blocks": 0,                                                                                                           
                                       "Local Written Blocks": 0,                                                                                                           
                                       "Temp Read Blocks": 0,                                                                                                               
                                       "Temp Written Blocks": 0,                                                                                                            
                                       "Plans": [                                                                                                                           
                                         {                                                                                                                                  
                                           "Node Type": "Nested Loop",                                                                                                      
                                           "Parent Relationship": "Outer",                                                                                                  
                                           "Parallel Aware": false,                                                                                                         
                                           "Join Type": "Inner",                                                                                                            
                                           "Startup Cost": 0.07,                                                                                                            
                                           "Total Cost": 665.93,                                                                                                            
                                           "Plan Rows": 1,                                                                                                                  
                                           "Plan Width": 43,                                                                                                                
                                           "Actual Startup Time": 2012.853,                                                                                                 
                                           "Actual Total Time": 20174.276,                                                                                                  
                                           "Actual Rows": 296,                                                                                                              
                                           "Actual Loops": 1,                                                                                                               
                                           "Inner Unique": false,                                                                                                           
                                           "Join Filter": "(it.id = pi.info_type_id)",                                                                                     
                                           "Rows Removed by Join Filter": 865,                                                                                              
                                           "Shared Hit Blocks": 2168,                                                                                                       
                                           "Shared Read Blocks": 4507,                                                                                                      
                                           "Shared Dirtied Blocks": 0,                                                                                                      
                                           "Shared Written Blocks": 0,                                                                                                      
                                           "Local Hit Blocks": 0,                                                                                                           
                                           "Local Read Blocks": 0,                                                                                                          
                                           "Local Dirtied Blocks": 0,                                                                                                       
                                           "Local Written Blocks": 0,                                                                                                       
                                           "Temp Read Blocks": 0,                                                                                                           
                                           "Temp Written Blocks": 0,                                                                                                        
                                           "Plans": [                                                                                                                       
                                             {                                                                                                                              
                                               "Node Type": "Seq Scan",                                                                                                     
                                               "Parent Relationship": "Outer",                                                                                              
                                               "Parallel Aware": false,                                                                                                     
                                               "Relation Name": "info_type",                                                                                                
                                               "Alias": "it",                                                                                                              
                                               "Startup Cost": 0.00,                                                                                                        
                                               "Total Cost": 0.05,                                                                                                          
                                               "Plan Rows": 1,                                                                                                              
                                               "Plan Width": 4,                                                                                                             
                                               "Actual Startup Time": 0.014,                                                                                                
                                               "Actual Total Time": 0.029,                                                                                                  
                                               "Actual Rows": 1,                                                                                                            
                                               "Actual Loops": 1,                                                                                                           
                                               "Filter": "((info)::text = 'trivia'::text)",                                                                                 
                                               "Rows Removed by Filter": 112,                                                                                               
                                               "Shared Hit Blocks": 1,                                                                                                      
                                               "Shared Read Blocks": 0,                                                                                                     
                                               "Shared Dirtied Blocks": 0,                                                                                                  
                                               "Shared Written Blocks": 0,                                                                                                  
                                               "Local Hit Blocks": 0,                                                                                                       
                                               "Local Read Blocks": 0,                                                                                                      
                                               "Local Dirtied Blocks": 0,                                                                                                   
                                               "Local Written Blocks": 0,                                                                                                   
                                               "Temp Read Blocks": 0,                                                                                                       
                                               "Temp Written Blocks": 0                                                                                                     
                                             },                                                                                                                             
                                             {                                                                                                                              
                                               "Node Type": "Materialize",                                                                                                  
                                               "Parent Relationship": "Inner",                                                                                              
                                               "Parallel Aware": false,                                                                                                     
                                               "Startup Cost": 0.07,                                                                                                        
                                               "Total Cost": 665.88,                                                                                                        
                                               "Plan Rows": 1,                                                                                                              
                                               "Plan Width": 47,                                                                                                            
                                               "Actual Startup Time": 2012.666,                                                                                             
                                               "Actual Total Time": 20173.811,                                                                                              
                                               "Actual Rows": 1161,                                                                                                         
                                               "Actual Loops": 1,                                                                                                           
                                               "Shared Hit Blocks": 2167,                                                                                                   
                                               "Shared Read Blocks": 4507,                                                                                                  
                                               "Shared Dirtied Blocks": 0,                                                                                                  
                                               "Shared Written Blocks": 0,                                                                                                  
                                               "Local Hit Blocks": 0,                                                                                                       
                                               "Local Read Blocks": 0,                                                                                                      
                                               "Local Dirtied Blocks": 0,                                                                                                   
                                               "Local Written Blocks": 0,                                                                                                   
                                               "Temp Read Blocks": 0,                                                                                                       
                                               "Temp Written Blocks": 0,                                                                                                    
                                               "Plans": [                                                                                                                   
                                                 {                                                                                                                          
                                                   "Node Type": "Nested Loop",                                                                                              
                                                   "Parent Relationship": "Outer",                                                                                          
                                                   "Parallel Aware": false,                                                                                                 
                                                   "Join Type": "Inner",                                                                                                    
                                                   "Startup Cost": 0.07,                                                                                                    
                                                   "Total Cost": 665.88,                                                                                                    
                                                   "Plan Rows": 1,                                                                                                          
                                                   "Plan Width": 47,                                                                                                        
                                                   "Actual Startup Time": 2012.652,                                                                                         
                                                   "Actual Total Time": 20172.653,                                                                                          
                                                   "Actual Rows": 1161,                                                                                                     
                                                   "Actual Loops": 1,                                                                                                       
                                                   "Inner Unique": false,                                                                                                   
                                                   "Join Filter": "(n.id = pi.person_id)",                                                                                  
                                                   "Rows Removed by Join Filter": 0,                                                                                        
                                                   "Shared Hit Blocks": 2167,                                                                                               
                                                   "Shared Read Blocks": 4507,                                                                                              
                                                   "Shared Dirtied Blocks": 0,                                                                                              
                                                   "Shared Written Blocks": 0,                                                                                              
                                                   "Local Hit Blocks": 0,                                                                                                   
                                                   "Local Read Blocks": 0,                                                                                                  
                                                   "Local Dirtied Blocks": 0,                                                                                               
                                                   "Local Written Blocks": 0,                                                                                               
                                                   "Temp Read Blocks": 0,                                                                                                   
                                                   "Temp Written Blocks": 0,                                                                                                
                                                   "Plans": [                                                                                                               
                                                     {                                                                                                                      
                                                       "Node Type": "Nested Loop",                                                                                          
                                                       "Parent Relationship": "Outer",                                                                                      
                                                       "Parallel Aware": false,                                                                                             
                                                       "Join Type": "Inner",                                                                                                
                                                       "Startup Cost": 0.06,                                                                                                
                                                       "Total Cost": 664.73,                                                                                                
                                                       "Plan Rows": 1,                                                                                                      
                                                       "Plan Width": 39,                                                                                                    
                                                       "Actual Startup Time": 1981.908,                                                                                     
                                                       "Actual Total Time": 19938.841,                                                                                      
                                                       "Actual Rows": 6,                                                                                                    
                                                       "Actual Loops": 1,                                                                                                   
                                                       "Inner Unique": true,                                                                                                
                                                       "Shared Hit Blocks": 2161,                                                                                           
                                                       "Shared Read Blocks": 4452,                                                                                          
                                                       "Shared Dirtied Blocks": 0,                                                                                          
                                                       "Shared Written Blocks": 0,                                                                                          
                                                       "Local Hit Blocks": 0,                                                                                               
                                                       "Local Read Blocks": 0,                                                                                              
                                                       "Local Dirtied Blocks": 0,                                                                                           
                                                       "Local Written Blocks": 0,                                                                                           
                                                       "Temp Read Blocks": 0,                                                                                               
                                                       "Temp Written Blocks": 0,                                                                                            
                                                       "Plans": [                                                                                                           
                                                         {                                                                                                                  
                                                           "Node Type": "Nested Loop",                                                                                      
                                                           "Parent Relationship": "Outer",                                                                                  
                                                           "Parallel Aware": false,                                                                                         
                                                           "Join Type": "Inner",                                                                                            
                                                           "Startup Cost": 0.04,                                                                                            
                                                           "Total Cost": 663.37,                                                                                            
                                                           "Plan Rows": 1,                                                                                                  
                                                           "Plan Width": 20,                                                                                                
                                                           "Actual Startup Time": 805.735,                                                                                  
                                                           "Actual Total Time": 17918.608,                                                                                  
                                                           "Actual Rows": 175,                                                                                              
                                                           "Actual Loops": 1,                                                                                               
                                                           "Inner Unique": false,                                                                                           
                                                           "Join Filter": "(rt.id = ci.role_id)",                                                                           
                                                           "Rows Removed by Join Filter": 528,                                                                              
                                                           "Shared Hit Blocks": 1746,                                                                                       
                                                           "Shared Read Blocks": 4167,                                                                                      
                                                           "Shared Dirtied Blocks": 0,                                                                                      
                                                           "Shared Written Blocks": 0,                                                                                      
                                                           "Local Hit Blocks": 0,                                                                                           
                                                           "Local Read Blocks": 0,                                                                                          
                                                           "Local Dirtied Blocks": 0,                                                                                       
                                                           "Local Written Blocks": 0,                                                                                       
                                                           "Temp Read Blocks": 0,                                                                                           
                                                           "Temp Written Blocks": 0,                                                                                        
                                                           "Plans": [                                                                                                       
                                                             {                                                                                                              
                                                               "Node Type": "Seq Scan",                                                                                     
                                                               "Parent Relationship": "Outer",                                                                              
                                                               "Parallel Aware": false,                                                                                     
                                                               "Relation Name": "role_type",                                                                                
                                                               "Alias": "rt",                                                                                               
                                                               "Startup Cost": 0.00,                                                                                        
                                                               "Total Cost": 0.03,                                                                                          
                                                               "Plan Rows": 1,                                                                                              
                                                               "Plan Width": 4,                                                                                             
                                                               "Actual Startup Time": 0.007,                                                                                
                                                               "Actual Total Time": 0.011,                                                                                  
                                                               "Actual Rows": 1,                                                                                            
                                                               "Actual Loops": 1,                                                                                           
                                                               "Filter": "((role)::text = 'actress'::text)",                                                                
                                                               "Rows Removed by Filter": 11,                                                                                
                                                               "Shared Hit Blocks": 1,                                                                                      
                                                               "Shared Read Blocks": 0,                                                                                     
                                                               "Shared Dirtied Blocks": 0,                                                                                  
                                                               "Shared Written Blocks": 0,                                                                                  
                                                               "Local Hit Blocks": 0,                                                                                       
                                                               "Local Read Blocks": 0,                                                                                      
                                                               "Local Dirtied Blocks": 0,                                                                                   
                                                               "Local Written Blocks": 0,                                                                                   
                                                               "Temp Read Blocks": 0,                                                                                       
                                                               "Temp Written Blocks": 0                                                                                     
                                                             },                                                                                                             
                                                             {                                                                                                              
                                                               "Node Type": "Materialize",                                                                                  
                                                               "Parent Relationship": "Inner",                                                                              
                                                               "Parallel Aware": false,                                                                                     
                                                               "Startup Cost": 0.04,                                                                                        
                                                               "Total Cost": 663.34,                                                                                        
                                                               "Plan Rows": 1,                                                                                              
                                                               "Plan Width": 24,                                                                                            
                                                               "Actual Startup Time": 607.693,                                                                              
                                                               "Actual Total Time": 17917.441,                                                                              
                                                               "Actual Rows": 703,                                                                                          
                                                               "Actual Loops": 1,                                                                                           
                                                               "Shared Hit Blocks": 1745,                                                                                   
                                                               "Shared Read Blocks": 4167,                                                                                  
                                                               "Shared Dirtied Blocks": 0,                                                                                  
                                                               "Shared Written Blocks": 0,                                                                                  
                                                               "Local Hit Blocks": 0,                                                                                       
                                                               "Local Read Blocks": 0,                                                                                      
                                                               "Local Dirtied Blocks": 0,                                                                                   
                                                               "Local Written Blocks": 0,                                                                                   
                                                               "Temp Read Blocks": 0,                                                                                       
                                                               "Temp Written Blocks": 0,                                                                                    
                                                               "Plans": [                                                                                                   
                                                                 {                                                                                                          
                                                                   "Node Type": "Nested Loop",                                                                              
                                                                   "Parent Relationship": "Outer",                                                                          
                                                                   "Parallel Aware": false,                                                                                 
                                                                   "Join Type": "Inner",                                                                                    
                                                                   "Startup Cost": 0.04,                                                                                    
                                                                   "Total Cost": 663.34,                                                                                    
                                                                   "Plan Rows": 1,                                                                                          
                                                                   "Plan Width": 24,                                                                                        
                                                                   "Actual Startup Time": 607.684,                                                                          
                                                                   "Actual Total Time": 17914.651,                                                                          
                                                                   "Actual Rows": 703,                                                                                      
                                                                   "Actual Loops": 1,                                                                                       
                                                                   "Inner Unique": false,                                                                                   
                                                                   "Shared Hit Blocks": 1745,                                                                               
                                                                   "Shared Read Blocks": 4167,                                                                              
                                                                   "Shared Dirtied Blocks": 0,                                                                              
                                                                   "Shared Written Blocks": 0,                                                                              
                                                                   "Local Hit Blocks": 0,                                                                                   
                                                                   "Local Read Blocks": 0,                                                                                  
                                                                   "Local Dirtied Blocks": 0,                                                                               
                                                                   "Local Written Blocks": 0,                                                                               
                                                                   "Temp Read Blocks": 0,                                                                                   
                                                                   "Temp Written Blocks": 0,                                                                                
                                                                   "Plans": [                                                                                               
                                                                     {                                                                                                      
                                                                       "Node Type": "Nested Loop",                                                                          
                                                                       "Parent Relationship": "Outer",                                                                      
                                                                       "Parallel Aware": false,                                                                             
                                                                       "Join Type": "Inner",                                                                                
                                                                       "Startup Cost": 0.03,                                                                                
                                                                       "Total Cost": 662.02,                                                                                
                                                                       "Plan Rows": 1,                                                                                      
                                                                       "Plan Width": 8,                                                                                     
                                                                       "Actual Startup Time": 569.772,                                                                      
                                                                       "Actual Total Time": 3087.923,                                                                       
                                                                       "Actual Rows": 23,                                                                                   
                                                                       "Actual Loops": 1,                                                                                   
                                                                       "Inner Unique": true,                                                                                
                                                                       "Join Filter": "(cct.id = cc.subject_id)",                                                          
                                                                       "Rows Removed by Join Filter": 2,                                                                    
                                                                       "Shared Hit Blocks": 1067,                                                                           
                                                                       "Shared Read Blocks": 1578,                                                                          
                                                                       "Shared Dirtied Blocks": 0,                                                                          
                                                                       "Shared Written Blocks": 0,                                                                          
                                                                       "Local Hit Blocks": 0,                                                                               
                                                                       "Local Read Blocks": 0,                                                                              
                                                                       "Local Dirtied Blocks": 0,                                                                           
                                                                       "Local Written Blocks": 0,                                                                           
                                                                       "Temp Read Blocks": 0,                                                                               
                                                                       "Temp Written Blocks": 0,                                                                            
                                                                       "Plans": [                                                                                           
                                                                         {                                                                                                  
                                                                           "Node Type": "Nested Loop",                                                                      
                                                                           "Parent Relationship": "Outer",                                                                  
                                                                           "Parallel Aware": false,                                                                         
                                                                           "Join Type": "Inner",                                                                            
                                                                           "Startup Cost": 0.03,                                                                            
                                                                           "Total Cost": 661.99,                                                                            
                                                                           "Plan Rows": 2,                                                                                  
                                                                           "Plan Width": 12,                                                                                
                                                                           "Actual Startup Time": 569.736,                                                                  
                                                                           "Actual Total Time": 3087.796,                                                                   
                                                                           "Actual Rows": 25,                                                                               
                                                                           "Actual Loops": 1,                                                                               
                                                                           "Inner Unique": true,                                                                            
                                                                           "Join Filter": "(cct.id = cc.status_id)",                                                       
                                                                           "Rows Removed by Join Filter": 65,                                                               
                                                                           "Shared Hit Blocks": 1066,                                                                       
                                                                           "Shared Read Blocks": 1578,                                                                      
                                                                           "Shared Dirtied Blocks": 0,                                                                      
                                                                           "Shared Written Blocks": 0,                                                                      
                                                                           "Local Hit Blocks": 0,                                                                           
                                                                           "Local Read Blocks": 0,                                                                          
                                                                           "Local Dirtied Blocks": 0,                                                                       
                                                                           "Local Written Blocks": 0,                                                                       
                                                                           "Temp Read Blocks": 0,                                                                           
                                                                           "Temp Written Blocks": 0,                                                                        
                                                                           "Plans": [                                                                                       
                                                                             {                                                                                              
                                                                               "Node Type": "Nested Loop",                                                                  
                                                                               "Parent Relationship": "Outer",                                                              
                                                                               "Parallel Aware": false,                                                                     
                                                                               "Join Type": "Inner",                                                                        
                                                                               "Startup Cost": 0.03,                                                                        
                                                                               "Total Cost": 661.95,                                                                        
                                                                               "Plan Rows": 10,                                                                             
                                                                               "Plan Width": 16,                                                                            
                                                                               "Actual Startup Time": 151.794,                                                              
                                                                               "Actual Total Time": 3087.332,                                                               
                                                                               "Actual Rows": 90,                                                                           
                                                                               "Actual Loops": 1,                                                                           
                                                                               "Inner Unique": false,                                                                       
                                                                               "Shared Hit Blocks": 1065,                                                                   
                                                                               "Shared Read Blocks": 1578,                                                                  
                                                                               "Shared Dirtied Blocks": 0,                                                                  
                                                                               "Shared Written Blocks": 0,                                                                  
                                                                               "Local Hit Blocks": 0,                                                                       
                                                                               "Local Read Blocks": 0,                                                                      
                                                                               "Local Dirtied Blocks": 0,                                                                   
                                                                               "Local Written Blocks": 0,                                                                   
                                                                               "Temp Read Blocks": 0,                                                                       
                                                                               "Temp Written Blocks": 0,                                                                    
                                                                               "Plans": [                                                                                   
                                                                                 {                                                                                          
                                                                                   "Node Type": "Nested Loop",                                                              
                                                                                   "Parent Relationship": "Outer",                                                          
                                                                                   "Parallel Aware": false,                                                                 
                                                                                   "Join Type": "Inner",                                                                    
                                                                                   "Startup Cost": 0.01,                                                                    
                                                                                   "Total Cost": 661.48,                                                                    
                                                                                   "Plan Rows": 34,                                                                         
                                                                                   "Plan Width": 4,                                                                         
                                                                                   "Actual Startup Time": 39.178,                                                           
                                                                                   "Actual Total Time": 1962.472,                                                           
                                                                                   "Actual Rows": 414,                                                                      
                                                                                   "Actual Loops": 1,                                                                       
                                                                                   "Inner Unique": false,                                                                   
                                                                                   "Shared Hit Blocks": 3,                                                                  
                                                                                   "Shared Read Blocks": 1308,                                                              
                                                                                   "Shared Dirtied Blocks": 0,                                                              
                                                                                   "Shared Written Blocks": 0,                                                              
                                                                                   "Local Hit Blocks": 0,                                                                   
                                                                                   "Local Read Blocks": 0,                                                                  
                                                                                   "Local Dirtied Blocks": 0,                                                               
                                                                                   "Local Written Blocks": 0,                                                               
                                                                                   "Temp Read Blocks": 0,                                                                   
                                                                                   "Temp Written Blocks": 0,                                                                
                                                                                   "Plans": [                                                                               
                                                                                     {                                                                                      
                                                                                       "Node Type": "Seq Scan",                                                             
                                                                                       "Parent Relationship": "Outer",                                                      
                                                                                       "Parallel Aware": false,                                                             
                                                                                       "Relation Name": "keyword",                                                          
                                                                                       "Alias": "k",                                                                        
                                                                                       "Startup Cost": 0.00,                                                                
                                                                                       "Total Cost": 49.46,                                                                 
                                                                                       "Plan Rows": 1,                                                                      
                                                                                       "Plan Width": 4,                                                                     
                                                                                       "Actual Startup Time": 0.344,                                                        
                                                                                       "Actual Total Time": 86.620,                                                         
                                                                                       "Actual Rows": 1,                                                                    
                                                                                       "Actual Loops": 1,                                                                   
                                                                                       "Filter": "(keyword = 'computer-animation'::text)",                                  
                                                                                       "Rows Removed by Filter": 134169,                                                    
                                                                                       "Shared Hit Blocks": 2,                                                              
                                                                                       "Shared Read Blocks": 947,                                                           
                                                                                       "Shared Dirtied Blocks": 0,                                                          
                                                                                       "Shared Written Blocks": 0,                                                          
                                                                                       "Local Hit Blocks": 0,                                                               
                                                                                       "Local Read Blocks": 0,                                                              
                                                                                       "Local Dirtied Blocks": 0,                                                           
                                                                                       "Local Written Blocks": 0,                                                           
                                                                                       "Temp Read Blocks": 0,                                                               
                                                                                       "Temp Written Blocks": 0                                                             
                                                                                     },                                                                                     
                                                                                     {                                                                                      
                                                                                       "Node Type": "Index Scan",                                                           
                                                                                       "Parent Relationship": "Inner",                                                      
                                                                                       "Parallel Aware": false,                                                             
                                                                                       "Scan Direction": "Forward",                                                         
                                                                                       "Index Name": "keyword_id_movie_keyword",                                            
                                                                                       "Relation Name": "movie_keyword",                                                    
                                                                                       "Alias": "mk",                                                                       
                                                                                       "Startup Cost": 0.01,                                                                
                                                                                       "Total Cost": 122.40,                                                                
                                                                                       "Plan Rows": 39,                                                                     
                                                                                       "Plan Width": 8,                                                                     
                                                                                       "Actual Startup Time": 38.827,                                                       
                                                                                       "Actual Total Time": 1874.891,                                                       
                                                                                       "Actual Rows": 414,                                                                  
                                                                                       "Actual Loops": 1,                                                                   
                                                                                       "Index Cond": "(keyword_id = k.id)",                                                 
                                                                                       "Rows Removed by Index Recheck": 0,                                                  
                                                                                       "Shared Hit Blocks": 1,                                                              
                                                                                       "Shared Read Blocks": 361,                                                           
                                                                                       "Shared Dirtied Blocks": 0,                                                          
                                                                                       "Shared Written Blocks": 0,                                                          
                                                                                       "Local Hit Blocks": 0,                                                               
                                                                                       "Local Read Blocks": 0,                                                              
                                                                                       "Local Dirtied Blocks": 0,                                                           
                                                                                       "Local Written Blocks": 0,                                                           
                                                                                       "Temp Read Blocks": 0,                                                               
                                                                                       "Temp Written Blocks": 0                                                             
                                                                                     }                                                                                      
                                                                                   ]                                                                                        
                                                                                 },                                                                                         
                                                                                 {                                                                                          
                                                                                   "Node Type": "Index Scan",                                                               
                                                                                   "Parent Relationship": "Inner",                                                          
                                                                                   "Parallel Aware": false,                                                                 
                                                                                   "Scan Direction": "Forward",                                                             
                                                                                   "Index Name": "movie_id_complete_cast",                                                  
                                                                                   "Relation Name": "complete_cast",                                                        
                                                                                   "Alias": "cc",                                                                           
                                                                                   "Startup Cost": 0.01,                                                                    
                                                                                   "Total Cost": 0.01,                                                                      
                                                                                   "Plan Rows": 1,                                                                          
                                                                                   "Plan Width": 12,                                                                        
                                                                                   "Actual Startup Time": 2.292,                                                            
                                                                                   "Actual Total Time": 2.711,                                                              
                                                                                   "Actual Rows": 0,                                                                        
                                                                                   "Actual Loops": 414,                                                                     
                                                                                   "Index Cond": "(movie_id = mk.movie_id)",                                                
                                                                                   "Rows Removed by Index Recheck": 0,                                                      
                                                                                   "Shared Hit Blocks": 1062,                                                               
                                                                                   "Shared Read Blocks": 270,                                                               
                                                                                   "Shared Dirtied Blocks": 0,                                                              
                                                                                   "Shared Written Blocks": 0,                                                              
                                                                                   "Local Hit Blocks": 0,                                                                   
                                                                                   "Local Read Blocks": 0,                                                                  
                                                                                   "Local Dirtied Blocks": 0,                                                               
                                                                                   "Local Written Blocks": 0,                                                               
                                                                                   "Temp Read Blocks": 0,                                                                   
                                                                                   "Temp Written Blocks": 0                                                                 
                                                                                 }                                                                                          
                                                                               ]                                                                                            
                                                                             },                                                                                             
                                                                             {                                                                                              
                                                                               "Node Type": "Materialize",                                                                  
                                                                               "Parent Relationship": "Inner",                                                              
                                                                               "Parallel Aware": false,                                                                     
                                                                               "Startup Cost": 0.00,                                                                        
                                                                               "Total Cost": 0.03,                                                                          
                                                                               "Plan Rows": 1,                                                                              
                                                                               "Plan Width": 4,                                                                             
                                                                               "Actual Startup Time": 0.001,                                                                
                                                                               "Actual Total Time": 0.002,                                                                  
                                                                               "Actual Rows": 1,                                                                            
                                                                               "Actual Loops": 90,                                                                          
                                                                               "Shared Hit Blocks": 1,                                                                      
                                                                               "Shared Read Blocks": 0,                                                                     
                                                                               "Shared Dirtied Blocks": 0,                                                                  
                                                                               "Shared Written Blocks": 0,                                                                  
                                                                               "Local Hit Blocks": 0,                                                                       
                                                                               "Local Read Blocks": 0,                                                                      
                                                                               "Local Dirtied Blocks": 0,                                                                   
                                                                               "Local Written Blocks": 0,                                                                   
                                                                               "Temp Read Blocks": 0,                                                                       
                                                                               "Temp Written Blocks": 0,                                                                    
                                                                               "Plans": [                                                                                   
                                                                                 {                                                                                          
                                                                                   "Node Type": "Seq Scan",                                                                 
                                                                                   "Parent Relationship": "Outer",                                                          
                                                                                   "Parallel Aware": false,                                                                 
                                                                                   "Relation Name": "comp_cast_type",                                                       
                                                                                   "Alias": "cct",                                                                         
                                                                                   "Startup Cost": 0.00,                                                                    
                                                                                   "Total Cost": 0.03,                                                                      
                                                                                   "Plan Rows": 1,                                                                          
                                                                                   "Plan Width": 4,                                                                         
                                                                                   "Actual Startup Time": 0.018,                                                            
                                                                                   "Actual Total Time": 0.020,                                                              
                                                                                   "Actual Rows": 1,                                                                        
                                                                                   "Actual Loops": 1,                                                                       
                                                                                   "Filter": "((kind)::text = 'completeverified'::text)",                                  
                                                                                   "Rows Removed by Filter": 3,                                                             
                                                                                   "Shared Hit Blocks": 1,                                                                  
                                                                                   "Shared Read Blocks": 0,                                                                 
                                                                                   "Shared Dirtied Blocks": 0,                                                              
                                                                                   "Shared Written Blocks": 0,                                                              
                                                                                   "Local Hit Blocks": 0,                                                                   
                                                                                   "Local Read Blocks": 0,                                                                  
                                                                                   "Local Dirtied Blocks": 0,                                                               
                                                                                   "Local Written Blocks": 0,                                                               
                                                                                   "Temp Read Blocks": 0,                                                                   
                                                                                   "Temp Written Blocks": 0                                                                 
                                                                                 }                                                                                          
                                                                               ]                                                                                            
                                                                             }                                                                                              
                                                                           ]                                                                                                
                                                                         },                                                                                                 
                                                                         {                                                                                                  
                                                                           "Node Type": "Materialize",                                                                      
                                                                           "Parent Relationship": "Inner",                                                                  
                                                                           "Parallel Aware": false,                                                                         
                                                                           "Startup Cost": 0.00,                                                                            
                                                                           "Total Cost": 0.03,                                                                              
                                                                           "Plan Rows": 1,                                                                                  
                                                                           "Plan Width": 4,                                                                                 
                                                                           "Actual Startup Time": 0.002,                                                                    
                                                                           "Actual Total Time": 0.002,                                                                      
                                                                           "Actual Rows": 1,                                                                                
                                                                           "Actual Loops": 25,                                                                              
                                                                           "Shared Hit Blocks": 1,                                                                          
                                                                           "Shared Read Blocks": 0,                                                                         
                                                                           "Shared Dirtied Blocks": 0,                                                                      
                                                                           "Shared Written Blocks": 0,                                                                      
                                                                           "Local Hit Blocks": 0,                                                                           
                                                                           "Local Read Blocks": 0,                                                                          
                                                                           "Local Dirtied Blocks": 0,                                                                       
                                                                           "Local Written Blocks": 0,                                                                       
                                                                           "Temp Read Blocks": 0,                                                                           
                                                                           "Temp Written Blocks": 0,                                                                        
                                                                           "Plans": [                                                                                       
                                                                             {                                                                                              
                                                                               "Node Type": "Seq Scan",                                                                     
                                                                               "Parent Relationship": "Outer",                                                              
                                                                               "Parallel Aware": false,                                                                     
                                                                               "Relation Name": "comp_cast_type",                                                           
                                                                               "Alias": "cct",                                                                             
                                                                               "Startup Cost": 0.00,                                                                        
                                                                               "Total Cost": 0.03,                                                                          
                                                                               "Plan Rows": 1,                                                                              
                                                                               "Plan Width": 4,                                                                             
                                                                               "Actual Startup Time": 0.019,                                                                
                                                                               "Actual Total Time": 0.027,                                                                  
                                                                               "Actual Rows": 1,                                                                            
                                                                               "Actual Loops": 1,                                                                           
                                                                               "Filter": "((kind)::text = 'cast'::text)",                                                   
                                                                               "Rows Removed by Filter": 3,                                                                 
                                                                               "Shared Hit Blocks": 1,                                                                      
                                                                               "Shared Read Blocks": 0,                                                                     
                                                                               "Shared Dirtied Blocks": 0,                                                                  
                                                                               "Shared Written Blocks": 0,                                                                  
                                                                               "Local Hit Blocks": 0,                                                                       
                                                                               "Local Read Blocks": 0,                                                                      
                                                                               "Local Dirtied Blocks": 0,                                                                   
                                                                               "Local Written Blocks": 0,                                                                   
                                                                               "Temp Read Blocks": 0,                                                                       
                                                                               "Temp Written Blocks": 0                                                                     
                                                                             }                                                                                              
                                                                           ]                                                                                                
                                                                         }                                                                                                  
                                                                       ]                                                                                                    
                                                                     },                                                                                                     
                                                                     {                                                                                                      
                                                                       "Node Type": "Index Scan",                                                                           
                                                                       "Parent Relationship": "Inner",                                                                      
                                                                       "Parallel Aware": false,                                                                             
                                                                       "Scan Direction": "Forward",                                                                         
                                                                       "Index Name": "movie_id_cast_info",                                                                  
                                                                       "Relation Name": "cast_info",                                                                        
                                                                       "Alias": "ci",                                                                                       
                                                                       "Startup Cost": 0.02,                                                                                
                                                                       "Total Cost": 0.26,                                                                                  
                                                                       "Plan Rows": 1,                                                                                      
                                                                       "Plan Width": 16,                                                                                    
                                                                       "Actual Startup Time": 92.376,                                                                       
                                                                       "Actual Total Time": 644.563,                                                                        
                                                                       "Actual Rows": 31,                                                                                   
                                                                       "Actual Loops": 23,                                                                                  
                                                                       "Index Cond": "(movie_id = mk.movie_id)",                                                            
                                                                       "Rows Removed by Index Recheck": 0,                                                                  
                                                                       "Filter": "(note = ANY ('{(voice),\"(voice) (uncredited)\",\"(voice: English version)\"}'::text[]))",
                                                                       "Rows Removed by Filter": 116,                                                                       
                                                                       "Shared Hit Blocks": 678,                                                                            
                                                                       "Shared Read Blocks": 2589,                                                                          
                                                                       "Shared Dirtied Blocks": 0,                                                                          
                                                                       "Shared Written Blocks": 0,                                                                          
                                                                       "Local Hit Blocks": 0,                                                                               
                                                                       "Local Read Blocks": 0,                                                                              
                                                                       "Local Dirtied Blocks": 0,                                                                           
                                                                       "Local Written Blocks": 0,                                                                           
                                                                       "Temp Read Blocks": 0,                                                                               
                                                                       "Temp Written Blocks": 0                                                                             
                                                                     }                                                                                                      
                                                                   ]                                                                                                        
                                                                 }                                                                                                          
                                                               ]                                                                                                            
                                                             }                                                                                                              
                                                           ]                                                                                                                
                                                         },                                                                                                                 
                                                         {                                                                                                                  
                                                           "Node Type": "Index Scan",                                                                                       
                                                           "Parent Relationship": "Inner",                                                                                  
                                                           "Parallel Aware": false,                                                                                         
                                                           "Scan Direction": "Forward",                                                                                     
                                                           "Index Name": "name_pkey",                                                                                       
                                                           "Relation Name": "name",                                                                                         
                                                           "Alias": "n",                                                                                                    
                                                           "Startup Cost": 0.01,                                                                                            
                                                           "Total Cost": 0.27,                                                                                              
                                                           "Plan Rows": 1,                                                                                                  
                                                           "Plan Width": 19,                                                                                                
                                                           "Actual Startup Time": 11.538,                                                                                   
                                                           "Actual Total Time": 11.538,                                                                                     
                                                           "Actual Rows": 0,                                                                                                
                                                           "Actual Loops": 175,                                                                                             
                                                           "Index Cond": "(id = ci.person_id)",                                                                             
                                                           "Rows Removed by Index Recheck": 0,                                                                              
                                                           "Filter": "((name ~~ '%An%'::text) AND ((gender)::text = 'f'::text))",                                           
                                                           "Rows Removed by Filter": 1,                                                                                     
                                                           "Shared Hit Blocks": 415,                                                                                        
                                                           "Shared Read Blocks": 285,                                                                                       
                                                           "Shared Dirtied Blocks": 0,                                                                                      
                                                           "Shared Written Blocks": 0,                                                                                      
                                                           "Local Hit Blocks": 0,                                                                                           
                                                           "Local Read Blocks": 0,                                                                                          
                                                           "Local Dirtied Blocks": 0,                                                                                       
                                                           "Local Written Blocks": 0,                                                                                       
                                                           "Temp Read Blocks": 0,                                                                                           
                                                           "Temp Written Blocks": 0                                                                                         
                                                         }                                                                                                                  
                                                       ]                                                                                                                    
                                                     },                                                                                                                     
                                                     {                                                                                                                      
                                                       "Node Type": "Index Scan",                                                                                           
                                                       "Parent Relationship": "Inner",                                                                                      
                                                       "Parallel Aware": false,                                                                                             
                                                       "Scan Direction": "Forward",                                                                                         
                                                       "Index Name": "person_id_person_info",                                                                               
                                                       "Relation Name": "person_info",                                                                                      
                                                       "Alias": "pi",                                                                                                       
                                                       "Startup Cost": 0.01,                                                                                                
                                                       "Total Cost": 0.23,                                                                                                  
                                                       "Plan Rows": 5,                                                                                                      
                                                       "Plan Width": 8,                                                                                                     
                                                       "Actual Startup Time": 36.338,                                                                                       
                                                       "Actual Total Time": 38.813,                                                                                         
                                                       "Actual Rows": 194,                                                                                                  
                                                       "Actual Loops": 6,                                                                                                   
                                                       "Index Cond": "(person_id = ci.person_id)",                                                                          
                                                       "Rows Removed by Index Recheck": 0,                                                                                  
                                                       "Shared Hit Blocks": 6,                                                                                              
                                                       "Shared Read Blocks": 55,                                                                                            
                                                       "Shared Dirtied Blocks": 0,                                                                                          
                                                       "Shared Written Blocks": 0,                                                                                          
                                                       "Local Hit Blocks": 0,                                                                                               
                                                       "Local Read Blocks": 0,                                                                                              
                                                       "Local Dirtied Blocks": 0,                                                                                           
                                                       "Local Written Blocks": 0,                                                                                           
                                                       "Temp Read Blocks": 0,                                                                                               
                                                       "Temp Written Blocks": 0                                                                                             
                                                     }                                                                                                                      
                                                   ]                                                                                                                        
                                                 }                                                                                                                          
                                               ]                                                                                                                            
                                             }                                                                                                                              
                                           ]                                                                                                                                
                                         },                                                                                                                                 
                                         {                                                                                                                                  
                                           "Node Type": "Index Scan",                                                                                                       
                                           "Parent Relationship": "Inner",                                                                                                  
                                           "Parallel Aware": false,                                                                                                         
                                           "Scan Direction": "Forward",                                                                                                     
                                           "Index Name": "movie_id_movie_companies",                                                                                        
                                           "Relation Name": "movie_companies",                                                                                              
                                           "Alias": "mc",                                                                                                                   
                                           "Startup Cost": 0.01,                                                                                                            
                                           "Total Cost": 0.03,                                                                                                              
                                           "Plan Rows": 2,                                                                                                                  
                                           "Plan Width": 8,                                                                                                                 
                                           "Actual Startup Time": 0.700,                                                                                                    
                                           "Actual Total Time": 0.864,                                                                                                      
                                           "Actual Rows": 25,                                                                                                               
                                           "Actual Loops": 296,                                                                                                             
                                           "Index Cond": "(movie_id = mk.movie_id)",                                                                                        
                                           "Rows Removed by Index Recheck": 0,                                                                                              
                                           "Shared Hit Blocks": 1676,                                                                                                       
                                           "Shared Read Blocks": 26,                                                                                                        
                                           "Shared Dirtied Blocks": 0,                                                                                                      
                                           "Shared Written Blocks": 0,                                                                                                      
                                           "Local Hit Blocks": 0,                                                                                                           
                                           "Local Read Blocks": 0,                                                                                                          
                                           "Local Dirtied Blocks": 0,                                                                                                       
                                           "Local Written Blocks": 0,                                                                                                       
                                           "Temp Read Blocks": 0,                                                                                                           
                                           "Temp Written Blocks": 0                                                                                                         
                                         }                                                                                                                                  
                                       ]                                                                                                                                    
                                     },                                                                                                                                     
                                     {                                                                                                                                      
                                       "Node Type": "Index Scan",                                                                                                           
                                       "Parent Relationship": "Inner",                                                                                                      
                                       "Parallel Aware": false,                                                                                                             
                                       "Scan Direction": "Forward",                                                                                                         
                                       "Index Name": "title_idx_id",                                                                                                        
                                       "Relation Name": "title",                                                                                                            
                                       "Alias": "t",                                                                                                                        
                                       "Startup Cost": 0.01,                                                                                                                
                                       "Total Cost": 0.04,                                                                                                                  
                                       "Plan Rows": 1,                                                                                                                      
                                       "Plan Width": 21,                                                                                                                    
                                       "Actual Startup Time": 0.046,                                                                                                        
                                       "Actual Total Time": 0.046,                                                                                                          
                                       "Actual Rows": 0,                                                                                                                    
                                       "Actual Loops": 7540,                                                                                                                
                                       "Index Cond": "(id = mk.movie_id)",                                                                                                  
                                       "Rows Removed by Index Recheck": 0,                                                                                                  
                                       "Filter": "((production_year >= 2000) AND (production_year <= 2010) AND (title = 'Shrek 2'::text))",                                 
                                       "Rows Removed by Filter": 1,                                                                                                         
                                       "Shared Hit Blocks": 30143,                                                                                                          
                                       "Shared Read Blocks": 17,                                                                                                            
                                       "Shared Dirtied Blocks": 0,                                                                                                          
                                       "Shared Written Blocks": 0,                                                                                                          
                                       "Local Hit Blocks": 0,                                                                                                               
                                       "Local Read Blocks": 0,                                                                                                              
                                       "Local Dirtied Blocks": 0,                                                                                                           
                                       "Local Written Blocks": 0,                                                                                                           
                                       "Temp Read Blocks": 0,                                                                                                               
                                       "Temp Written Blocks": 0                                                                                                             
                                     }                                                                                                                                      
                                   ]                                                                                                                                        
                                 },                                                                                                                                         
                                 {                                                                                                                                          
                                   "Node Type": "Index Scan",                                                                                                               
                                   "Parent Relationship": "Inner",                                                                                                          
                                   "Parallel Aware": false,                                                                                                                 
                                   "Scan Direction": "Forward",                                                                                                             
                                   "Index Name": "person_id_aka_name",                                                                                                      
                                   "Relation Name": "aka_name",                                                                                                             
                                   "Alias": "an",                                                                                                                           
                                   "Startup Cost": 0.01,                                                                                                                    
                                   "Total Cost": 0.03,                                                                                                                      
                                   "Plan Rows": 2,                                                                                                                          
                                   "Plan Width": 4,                                                                                                                         
                                   "Actual Startup Time": 0.030,                                                                                                            
                                   "Actual Total Time": 0.050,                                                                                                              
                                   "Actual Rows": 3,                                                                                                                        
                                   "Actual Loops": 1188,                                                                                                                    
                                   "Index Cond": "(person_id = pi.person_id)",                                                                                              
                                   "Rows Removed by Index Recheck": 0,                                                                                                      
                                   "Shared Hit Blocks": 5936,                                                                                                               
                                   "Shared Read Blocks": 4,                                                                                                                 
                                   "Shared Dirtied Blocks": 0,                                                                                                              
                                   "Shared Written Blocks": 0,                                                                                                              
                                   "Local Hit Blocks": 0,                                                                                                                   
                                   "Local Read Blocks": 0,                                                                                                                  
                                   "Local Dirtied Blocks": 0,                                                                                                               
                                   "Local Written Blocks": 0,                                                                                                               
                                   "Temp Read Blocks": 0,                                                                                                                   
                                   "Temp Written Blocks": 0                                                                                                                 
                                 }                                                                                                                                          
                               ]                                                                                                                                            
                             },                                                                                                                                             
                             {                                                                                                                                              
                               "Node Type": "Index Scan",                                                                                                                   
                               "Parent Relationship": "Inner",                                                                                                              
                               "Parallel Aware": false,                                                                                                                     
                               "Scan Direction": "Forward",                                                                                                                 
                               "Index Name": "movie_id_movie_info",                                                                                                         
                               "Relation Name": "movie_info",                                                                                                               
                               "Alias": "mi",                                                                                                                               
                               "Startup Cost": 0.01,                                                                                                                        
                               "Total Cost": 0.15,                                                                                                                          
                               "Plan Rows": 1,                                                                                                                              
                               "Plan Width": 8,                                                                                                                             
                               "Actual Startup Time": 0.036,                                                                                                                
                               "Actual Total Time": 0.209,                                                                                                                  
                               "Actual Rows": 2,                                                                                                                            
                               "Actual Loops": 3564,                                                                                                                        
                               "Index Cond": "(movie_id = mk.movie_id)",                                                                                                    
                               "Rows Removed by Index Recheck": 0,                                                                                                          
                               "Filter": "((info IS NOT NULL) AND ((info ~~ 'Japan:%200%'::text) OR (info ~~ 'USA:%200%'::text)))",                                         
                               "Rows Removed by Filter": 455,                                                                                                               
                               "Shared Hit Blocks": 135395,                                                                                                                 
                               "Shared Read Blocks": 37,                                                                                                                    
                               "Shared Dirtied Blocks": 0,                                                                                                                  
                               "Shared Written Blocks": 0,                                                                                                                  
                               "Local Hit Blocks": 0,                                                                                                                       
                               "Local Read Blocks": 0,                                                                                                                      
                               "Local Dirtied Blocks": 0,                                                                                                                   
                               "Local Written Blocks": 0,                                                                                                                   
                               "Temp Read Blocks": 0,                                                                                                                       
                               "Temp Written Blocks": 0                                                                                                                     
                             }                                                                                                                                              
                           ]                                                                                                                                                
                         }                                                                                                                                                  
                       ]                                                                                                                                                    
                     }                                                                                                                                                      
                   ]                                                                                                                                                        
                 },                                                                                                                                                         
                 {                                                                                                                                                          
                   "Node Type": "Index Scan",                                                                                                                               
                   "Parent Relationship": "Inner",                                                                                                                          
                   "Parallel Aware": false,                                                                                                                                 
                   "Scan Direction": "Forward",                                                                                                                             
                   "Index Name": "char_name_pkey",                                                                                                                          
                   "Relation Name": "char_name",                                                                                                                            
                   "Alias": "chn",                                                                                                                                          
                   "Startup Cost": 0.01,                                                                                                                                    
                   "Total Cost": 0.19,                                                                                                                                      
                   "Plan Rows": 1,                                                                                                                                          
                   "Plan Width": 20,                                                                                                                                        
                   "Actual Startup Time": 0.005,                                                                                                                            
                   "Actual Total Time": 0.005,                                                                                                                              
                   "Actual Rows": 1,                                                                                                                                        
                   "Actual Loops": 7128,                                                                                                                                    
                   "Index Cond": "(id = ci.person_role_id)",                                                                                                                
                   "Rows Removed by Index Recheck": 0,                                                                                                                      
                   "Filter": "(name = 'Queen'::text)",                                                                                                                      
                   "Rows Removed by Filter": 0,                                                                                                                             
                   "Shared Hit Blocks": 28509,                                                                                                                              
                   "Shared Read Blocks": 3,                                                                                                                                 
                   "Shared Dirtied Blocks": 0,                                                                                                                              
                   "Shared Written Blocks": 0,                                                                                                                              
                   "Local Hit Blocks": 0,                                                                                                                                   
                   "Local Read Blocks": 0,                                                                                                                                  
                   "Local Dirtied Blocks": 0,                                                                                                                               
                   "Local Written Blocks": 0,                                                                                                                               
                   "Temp Read Blocks": 0,                                                                                                                                   
                   "Temp Written Blocks": 0                                                                                                                                 
                 }                                                                                                                                                          
               ]                                                                                                                                                            
             },                                                                                                                                                             
             {                                                                                                                                                              
               "Node Type": "Index Scan",                                                                                                                                   
               "Parent Relationship": "Inner",                                                                                                                              
               "Parallel Aware": false,                                                                                                                                     
               "Scan Direction": "Forward",                                                                                                                                 
               "Index Name": "company_name_pkey",                                                                                                                           
               "Relation Name": "company_name",                                                                                                                             
               "Alias": "cn",                                                                                                                                               
               "Startup Cost": 0.01,                                                                                                                                        
               "Total Cost": 0.02,                                                                                                                                          
               "Plan Rows": 1,                                                                                                                                              
               "Plan Width": 4,                                                                                                                                             
               "Actual Startup Time": 0.039,                                                                                                                                
               "Actual Total Time": 0.039,                                                                                                                                  
               "Actual Rows": 0,                                                                                                                                            
               "Actual Loops": 7128,                                                                                                                                        
               "Index Cond": "(id = mc.company_id)",                                                                                                                        
               "Rows Removed by Index Recheck": 0,                                                                                                                          
               "Filter": "((country_code)::text = '[us]'::text)",                                                                                                           
               "Rows Removed by Filter": 1,                                                                                                                                 
               "Shared Hit Blocks": 28478,                                                                                                                                  
               "Shared Read Blocks": 34,                                                                                                                                    
               "Shared Dirtied Blocks": 0,                                                                                                                                  
               "Shared Written Blocks": 0,                                                                                                                                  
               "Local Hit Blocks": 0,                                                                                                                                       
               "Local Read Blocks": 0,                                                                                                                                      
               "Local Dirtied Blocks": 0,                                                                                                                                   
               "Local Written Blocks": 0,                                                                                                                                   
               "Temp Read Blocks": 0,                                                                                                                                       
               "Temp Written Blocks": 0                                                                                                                                     
             }                                                                                                                                                              
           ]                                                                                                                                                                
         }                                                                                                                                                                  
       ]                                                                                                                                                                    
     },                                                                                                                                                                     
     "Planning Time": 20261.766,                                                                                                                                            
     "Triggers": [                                                                                                                                                          
     ],                                                                                                                                                                     
     "Execution Time": 21966.297                                                                                                                                            
   }                                                                                                                                                                        
 ]
