 [                                                                                                                                                              
   {                                                                                                                                                            
     "Plan": {                                                                                                                                                  
       "Node Type": "Aggregate",                                                                                                                                
       "Strategy": "Plain",                                                                                                                                     
       "Partial Mode": "Simple",                                                                                                                                
       "Parallel Aware": false,                                                                                                                                 
       "Startup Cost": 671.56,                                                                                                                                  
       "Total Cost": 671.56,                                                                                                                                    
       "Plan Rows": 1,                                                                                                                                          
       "Plan Width": 96,                                                                                                                                        
       "Actual Startup Time": 88204.918,                                                                                                                        
       "Actual Total Time": 88204.918,                                                                                                                          
       "Actual Rows": 1,                                                                                                                                        
       "Actual Loops": 1,                                                                                                                                       
       "Shared Hit Blocks": 376514,                                                                                                                             
       "Shared Read Blocks": 13308,                                                                                                                             
       "Shared Dirtied Blocks": 0,                                                                                                                              
       "Shared Written Blocks": 0,                                                                                                                              
       "Local Hit Blocks": 0,                                                                                                                                   
       "Local Read Blocks": 0,                                                                                                                                  
       "Local Dirtied Blocks": 0,                                                                                                                               
       "Local Written Blocks": 0,                                                                                                                               
       "Temp Read Blocks": 0,                                                                                                                                   
       "Temp Written Blocks": 0,                                                                                                                                
       "Plans": [                                                                                                                                               
         {                                                                                                                                                      
           "Node Type": "Nested Loop",                                                                                                                          
           "Parent Relationship": "Outer",                                                                                                                      
           "Parallel Aware": false,                                                                                                                             
           "Join Type": "Inner",                                                                                                                                
           "Startup Cost": 0.15,                                                                                                                                
           "Total Cost": 671.56,                                                                                                                                
           "Plan Rows": 1,                                                                                                                                      
           "Plan Width": 48,                                                                                                                                    
           "Actual Startup Time": 68018.047,                                                                                                                    
           "Actual Total Time": 88204.826,                                                                                                                      
           "Actual Rows": 15,                                                                                                                                   
           "Actual Loops": 1,                                                                                                                                   
           "Inner Unique": true,                                                                                                                                
           "Join Filter": "(ci.role_id = rt.id)",                                                                                                               
           "Rows Removed by Join Filter": 0,                                                                                                                    
           "Shared Hit Blocks": 376514,                                                                                                                         
           "Shared Read Blocks": 13308,                                                                                                                         
           "Shared Dirtied Blocks": 0,                                                                                                                          
           "Shared Written Blocks": 0,                                                                                                                          
           "Local Hit Blocks": 0,                                                                                                                               
           "Local Read Blocks": 0,                                                                                                                              
           "Local Dirtied Blocks": 0,                                                                                                                           
           "Local Written Blocks": 0,                                                                                                                           
           "Temp Read Blocks": 0,                                                                                                                               
           "Temp Written Blocks": 0,                                                                                                                            
           "Plans": [                                                                                                                                           
             {                                                                                                                                                  
               "Node Type": "Nested Loop",                                                                                                                      
               "Parent Relationship": "Outer",                                                                                                                  
               "Parallel Aware": false,                                                                                                                         
               "Join Type": "Inner",                                                                                                                            
               "Startup Cost": 0.15,                                                                                                                            
               "Total Cost": 671.52,                                                                                                                            
               "Plan Rows": 1,                                                                                                                                  
               "Plan Width": 52,                                                                                                                                
               "Actual Startup Time": 68018.012,                                                                                                                
               "Actual Total Time": 88204.774,                                                                                                                  
               "Actual Rows": 15,                                                                                                                               
               "Actual Loops": 1,                                                                                                                               
               "Inner Unique": true,                                                                                                                            
               "Shared Hit Blocks": 376513,                                                                                                                     
               "Shared Read Blocks": 13308,                                                                                                                     
               "Shared Dirtied Blocks": 0,                                                                                                                      
               "Shared Written Blocks": 0,                                                                                                                      
               "Local Hit Blocks": 0,                                                                                                                           
               "Local Read Blocks": 0,                                                                                                                          
               "Local Dirtied Blocks": 0,                                                                                                                       
               "Local Written Blocks": 0,                                                                                                                       
               "Temp Read Blocks": 0,                                                                                                                           
               "Temp Written Blocks": 0,                                                                                                                        
               "Plans": [                                                                                                                                       
                 {                                                                                                                                              
                   "Node Type": "Nested Loop",                                                                                                                  
                   "Parent Relationship": "Outer",                                                                                                              
                   "Parallel Aware": false,                                                                                                                     
                   "Join Type": "Inner",                                                                                                                        
                   "Startup Cost": 0.14,                                                                                                                        
                   "Total Cost": 670.41,                                                                                                                        
                   "Plan Rows": 1,                                                                                                                              
                   "Plan Width": 40,                                                                                                                            
                   "Actual Startup Time": 67996.671,                                                                                                            
                   "Actual Total Time": 88183.343,                                                                                                              
                   "Actual Rows": 15,                                                                                                                           
                   "Actual Loops": 1,                                                                                                                           
                   "Inner Unique": true,                                                                                                                        
                   "Join Filter": "(ci.person_id = n.id)",                                                                                                      
                   "Rows Removed by Join Filter": 0,                                                                                                            
                   "Shared Hit Blocks": 376456,                                                                                                                 
                   "Shared Read Blocks": 13305,                                                                                                                 
                   "Shared Dirtied Blocks": 0,                                                                                                                  
                   "Shared Written Blocks": 0,                                                                                                                  
                   "Local Hit Blocks": 0,                                                                                                                       
                   "Local Read Blocks": 0,                                                                                                                      
                   "Local Dirtied Blocks": 0,                                                                                                                   
                   "Local Written Blocks": 0,                                                                                                                   
                   "Temp Read Blocks": 0,                                                                                                                       
                   "Temp Written Blocks": 0,                                                                                                                    
                   "Plans": [                                                                                                                                   
                     {                                                                                                                                          
                       "Node Type": "Nested Loop",                                                                                                              
                       "Parent Relationship": "Outer",                                                                                                          
                       "Parallel Aware": false,                                                                                                                 
                       "Join Type": "Inner",                                                                                                                    
                       "Startup Cost": 0.12,                                                                                                                    
                       "Total Cost": 669.97,                                                                                                                    
                       "Plan Rows": 1,                                                                                                                          
                       "Plan Width": 37,                                                                                                                        
                       "Actual Startup Time": 67539.915,                                                                                                        
                       "Actual Total Time": 88022.605,                                                                                                          
                       "Actual Rows": 220,                                                                                                                      
                       "Actual Loops": 1,                                                                                                                       
                       "Inner Unique": true,                                                                                                                    
                       "Join Filter": "(mi.movie_id = t.id)",                                                                                                   
                       "Rows Removed by Join Filter": 0,                                                                                                        
                       "Shared Hit Blocks": 375606,                                                                                                             
                       "Shared Read Blocks": 13275,                                                                                                             
                       "Shared Dirtied Blocks": 0,                                                                                                              
                       "Shared Written Blocks": 0,                                                                                                              
                       "Local Hit Blocks": 0,                                                                                                                   
                       "Local Read Blocks": 0,                                                                                                                  
                       "Local Dirtied Blocks": 0,                                                                                                               
                       "Local Written Blocks": 0,                                                                                                               
                       "Temp Read Blocks": 0,                                                                                                                   
                       "Temp Written Blocks": 0,                                                                                                                
                       "Plans": [                                                                                                                               
                         {                                                                                                                                      
                           "Node Type": "Nested Loop",                                                                                                          
                           "Parent Relationship": "Outer",                                                                                                      
                           "Parallel Aware": false,                                                                                                             
                           "Join Type": "Inner",                                                                                                                
                           "Startup Cost": 0.11,                                                                                                                
                           "Total Cost": 669.76,                                                                                                                
                           "Plan Rows": 1,                                                                                                                      
                           "Plan Width": 40,                                                                                                                    
                           "Actual Startup Time": 14444.010,                                                                                                    
                           "Actual Total Time": 87260.609,                                                                                                      
                           "Actual Rows": 6614,                                                                                                                 
                           "Actual Loops": 1,                                                                                                                   
                           "Inner Unique": false,                                                                                                               
                           "Join Filter": "(it.id = mi.info_type_id)",                                                                                          
                           "Rows Removed by Join Filter": 0,                                                                                                    
                           "Shared Hit Blocks": 349188,                                                                                                         
                           "Shared Read Blocks": 13237,                                                                                                         
                           "Shared Dirtied Blocks": 0,                                                                                                          
                           "Shared Written Blocks": 0,                                                                                                          
                           "Local Hit Blocks": 0,                                                                                                               
                           "Local Read Blocks": 0,                                                                                                              
                           "Local Dirtied Blocks": 0,                                                                                                           
                           "Local Written Blocks": 0,                                                                                                           
                           "Temp Read Blocks": 0,                                                                                                               
                           "Temp Written Blocks": 0,                                                                                                            
                           "Plans": [                                                                                                                           
                             {                                                                                                                                  
                               "Node Type": "Seq Scan",                                                                                                         
                               "Parent Relationship": "Outer",                                                                                                  
                               "Parallel Aware": false,                                                                                                         
                               "Relation Name": "info_type",                                                                                                    
                               "Alias": "it",                                                                                                                   
                               "Startup Cost": 0.00,                                                                                                            
                               "Total Cost": 0.05,                                                                                                              
                               "Plan Rows": 1,                                                                                                                  
                               "Plan Width": 4,                                                                                                                 
                               "Actual Startup Time": 0.028,                                                                                                    
                               "Actual Total Time": 0.042,                                                                                                      
                               "Actual Rows": 1,                                                                                                                
                               "Actual Loops": 1,                                                                                                               
                               "Filter": "((info)::text = 'release dates'::text)",                                                                              
                               "Rows Removed by Filter": 112,                                                                                                   
                               "Shared Hit Blocks": 1,                                                                                                          
                               "Shared Read Blocks": 0,                                                                                                         
                               "Shared Dirtied Blocks": 0,                                                                                                      
                               "Shared Written Blocks": 0,                                                                                                      
                               "Local Hit Blocks": 0,                                                                                                           
                               "Local Read Blocks": 0,                                                                                                          
                               "Local Dirtied Blocks": 0,                                                                                                       
                               "Local Written Blocks": 0,                                                                                                       
                               "Temp Read Blocks": 0,                                                                                                           
                               "Temp Written Blocks": 0                                                                                                         
                             },                                                                                                                                 
                             {                                                                                                                                  
                               "Node Type": "Materialize",                                                                                                      
                               "Parent Relationship": "Inner",                                                                                                  
                               "Parallel Aware": false,                                                                                                         
                               "Startup Cost": 0.11,                                                                                                            
                               "Total Cost": 669.71,                                                                                                            
                               "Plan Rows": 1,                                                                                                                  
                               "Plan Width": 44,                                                                                                                
                               "Actual Startup Time": 14443.975,                                                                                                
                               "Actual Total Time": 87256.464,                                                                                                  
                               "Actual Rows": 6614,                                                                                                             
                               "Actual Loops": 1,                                                                                                               
                               "Shared Hit Blocks": 349187,                                                                                                     
                               "Shared Read Blocks": 13237,                                                                                                     
                               "Shared Dirtied Blocks": 0,                                                                                                      
                               "Shared Written Blocks": 0,                                                                                                      
                               "Local Hit Blocks": 0,                                                                                                           
                               "Local Read Blocks": 0,                                                                                                          
                               "Local Dirtied Blocks": 0,                                                                                                       
                               "Local Written Blocks": 0,                                                                                                       
                               "Temp Read Blocks": 0,                                                                                                           
                               "Temp Written Blocks": 0,                                                                                                        
                               "Plans": [                                                                                                                       
                                 {                                                                                                                              
                                   "Node Type": "Nested Loop",                                                                                                  
                                   "Parent Relationship": "Outer",                                                                                              
                                   "Parallel Aware": false,                                                                                                     
                                   "Join Type": "Inner",                                                                                                        
                                   "Startup Cost": 0.11,                                                                                                        
                                   "Total Cost": 669.71,                                                                                                        
                                   "Plan Rows": 1,                                                                                                              
                                   "Plan Width": 44,                                                                                                            
                                   "Actual Startup Time": 14443.956,                                                                                            
                                   "Actual Total Time": 87249.155,                                                                                              
                                   "Actual Rows": 6614,                                                                                                         
                                   "Actual Loops": 1,                                                                                                           
                                   "Inner Unique": false,                                                                                                       
                                   "Join Filter": "(mc.movie_id = mi.movie_id)",                                                                                
                                   "Rows Removed by Join Filter": 0,                                                                                            
                                   "Shared Hit Blocks": 349187,                                                                                                 
                                   "Shared Read Blocks": 13237,                                                                                                 
                                   "Shared Dirtied Blocks": 0,                                                                                                  
                                   "Shared Written Blocks": 0,                                                                                                  
                                   "Local Hit Blocks": 0,                                                                                                       
                                   "Local Read Blocks": 0,                                                                                                      
                                   "Local Dirtied Blocks": 0,                                                                                                   
                                   "Local Written Blocks": 0,                                                                                                   
                                   "Temp Read Blocks": 0,                                                                                                       
                                   "Temp Written Blocks": 0,                                                                                                    
                                   "Plans": [                                                                                                                   
                                     {                                                                                                                          
                                       "Node Type": "Nested Loop",                                                                                              
                                       "Parent Relationship": "Outer",                                                                                          
                                       "Parallel Aware": false,                                                                                                 
                                       "Join Type": "Inner",                                                                                                    
                                       "Startup Cost": 0.10,                                                                                                    
                                       "Total Cost": 668.94,                                                                                                    
                                       "Plan Rows": 1,                                                                                                          
                                       "Plan Width": 36,                                                                                                        
                                       "Actual Startup Time": 3545.949,                                                                                         
                                       "Actual Total Time": 82801.831,                                                                                          
                                       "Actual Rows": 5892,                                                                                                     
                                       "Actual Loops": 1,                                                                                                       
                                       "Inner Unique": true,                                                                                                    
                                       "Join Filter": "(it.id = pi.info_type_id)",                                                                             
                                       "Rows Removed by Join Filter": 458573,                                                                                   
                                       "Shared Hit Blocks": 154458,                                                                                             
                                       "Shared Read Blocks": 12666,                                                                                             
                                       "Shared Dirtied Blocks": 0,                                                                                              
                                       "Shared Written Blocks": 0,                                                                                              
                                       "Local Hit Blocks": 0,                                                                                                   
                                       "Local Read Blocks": 0,                                                                                                  
                                       "Local Dirtied Blocks": 0,                                                                                               
                                       "Local Written Blocks": 0,                                                                                               
                                       "Temp Read Blocks": 0,                                                                                                   
                                       "Temp Written Blocks": 0,                                                                                                
                                       "Plans": [                                                                                                               
                                         {                                                                                                                      
                                           "Node Type": "Nested Loop",                                                                                          
                                           "Parent Relationship": "Outer",                                                                                      
                                           "Parallel Aware": false,                                                                                             
                                           "Join Type": "Inner",                                                                                                
                                           "Startup Cost": 0.10,                                                                                                
                                           "Total Cost": 668.90,                                                                                                
                                           "Plan Rows": 5,                                                                                                      
                                           "Plan Width": 40,                                                                                                    
                                           "Actual Startup Time": 3545.707,                                                                                     
                                           "Actual Total Time": 82507.415,                                                                                      
                                           "Actual Rows": 464465,                                                                                               
                                           "Actual Loops": 1,                                                                                                   
                                           "Inner Unique": false,                                                                                               
                                           "Join Filter": "(ci.person_id = pi.person_id)",                                                                      
                                           "Rows Removed by Join Filter": 0,                                                                                    
                                           "Shared Hit Blocks": 154457,                                                                                         
                                           "Shared Read Blocks": 12666,                                                                                         
                                           "Shared Dirtied Blocks": 0,                                                                                          
                                           "Shared Written Blocks": 0,                                                                                          
                                           "Local Hit Blocks": 0,                                                                                               
                                           "Local Read Blocks": 0,                                                                                              
                                           "Local Dirtied Blocks": 0,                                                                                           
                                           "Local Written Blocks": 0,                                                                                           
                                           "Temp Read Blocks": 0,                                                                                               
                                           "Temp Written Blocks": 0,                                                                                            
                                           "Plans": [                                                                                                           
                                             {                                                                                                                  
                                               "Node Type": "Nested Loop",                                                                                      
                                               "Parent Relationship": "Outer",                                                                                  
                                               "Parallel Aware": false,                                                                                         
                                               "Join Type": "Inner",                                                                                            
                                               "Startup Cost": 0.08,                                                                                            
                                               "Total Cost": 667.82,                                                                                            
                                               "Plan Rows": 1,                                                                                                  
                                               "Plan Width": 32,                                                                                                
                                               "Actual Startup Time": 3513.139,                                                                                 
                                               "Actual Total Time": 72568.200,                                                                                  
                                               "Actual Rows": 9005,                                                                                             
                                               "Actual Loops": 1,                                                                                               
                                               "Inner Unique": true,                                                                                            
                                               "Join Filter": "(cc.status_id = cct.id)",                                                                       
                                               "Rows Removed by Join Filter": 14811,                                                                            
                                               "Shared Hit Blocks": 105546,                                                                                     
                                               "Shared Read Blocks": 11359,                                                                                     
                                               "Shared Dirtied Blocks": 0,                                                                                      
                                               "Shared Written Blocks": 0,                                                                                      
                                               "Local Hit Blocks": 0,                                                                                           
                                               "Local Read Blocks": 0,                                                                                          
                                               "Local Dirtied Blocks": 0,                                                                                       
                                               "Local Written Blocks": 0,                                                                                       
                                               "Temp Read Blocks": 0,                                                                                           
                                               "Temp Written Blocks": 0,                                                                                        
                                               "Plans": [                                                                                                       
                                                 {                                                                                                              
                                                   "Node Type": "Nested Loop",                                                                                  
                                                   "Parent Relationship": "Outer",                                                                              
                                                   "Parallel Aware": false,                                                                                     
                                                   "Join Type": "Inner",                                                                                        
                                                   "Startup Cost": 0.08,                                                                                        
                                                   "Total Cost": 667.79,                                                                                        
                                                   "Plan Rows": 1,                                                                                              
                                                   "Plan Width": 36,                                                                                            
                                                   "Actual Startup Time": 911.478,                                                                              
                                                   "Actual Total Time": 72538.454,                                                                              
                                                   "Actual Rows": 23816,                                                                                        
                                                   "Actual Loops": 1,                                                                                           
                                                   "Inner Unique": false,                                                                                       
                                                   "Shared Hit Blocks": 105545,                                                                                 
                                                   "Shared Read Blocks": 11359,                                                                                 
                                                   "Shared Dirtied Blocks": 0,                                                                                  
                                                   "Shared Written Blocks": 0,                                                                                  
                                                   "Local Hit Blocks": 0,                                                                                       
                                                   "Local Read Blocks": 0,                                                                                      
                                                   "Local Dirtied Blocks": 0,                                                                                   
                                                   "Local Written Blocks": 0,                                                                                   
                                                   "Temp Read Blocks": 0,                                                                                       
                                                   "Temp Written Blocks": 0,                                                                                    
                                                   "Plans": [                                                                                                   
                                                     {                                                                                                          
                                                       "Node Type": "Nested Loop",                                                                              
                                                       "Parent Relationship": "Outer",                                                                          
                                                       "Parallel Aware": false,                                                                                 
                                                       "Join Type": "Inner",                                                                                    
                                                       "Startup Cost": 0.07,                                                                                    
                                                       "Total Cost": 667.46,                                                                                    
                                                       "Plan Rows": 1,                                                                                          
                                                       "Plan Width": 32,                                                                                        
                                                       "Actual Startup Time": 874.533,                                                                          
                                                       "Actual Total Time": 54698.542,                                                                          
                                                       "Actual Rows": 11918,                                                                                    
                                                       "Actual Loops": 1,                                                                                       
                                                       "Inner Unique": false,                                                                                   
                                                       "Join Filter": "(mc.movie_id = ci.movie_id)",                                                            
                                                       "Rows Removed by Join Filter": 0,                                                                        
                                                       "Shared Hit Blocks": 59629,                                                                              
                                                       "Shared Read Blocks": 9486,                                                                              
                                                       "Shared Dirtied Blocks": 0,                                                                              
                                                       "Shared Written Blocks": 0,                                                                              
                                                       "Local Hit Blocks": 0,                                                                                   
                                                       "Local Read Blocks": 0,                                                                                  
                                                       "Local Dirtied Blocks": 0,                                                                               
                                                       "Local Written Blocks": 0,                                                                               
                                                       "Temp Read Blocks": 0,                                                                                   
                                                       "Temp Written Blocks": 0,                                                                                
                                                       "Plans": [                                                                                               
                                                         {                                                                                                      
                                                           "Node Type": "Nested Loop",                                                                          
                                                           "Parent Relationship": "Outer",                                                                      
                                                           "Parallel Aware": false,                                                                             
                                                           "Join Type": "Inner",                                                                                
                                                           "Startup Cost": 0.05,                                                                                
                                                           "Total Cost": 666.94,                                                                                
                                                           "Plan Rows": 2,                                                                                      
                                                           "Plan Width": 16,                                                                                    
                                                           "Actual Startup Time": 835.191,                                                                      
                                                           "Actual Total Time": 19052.090,                                                                      
                                                           "Actual Rows": 363,                                                                                  
                                                           "Actual Loops": 1,                                                                                   
                                                           "Inner Unique": true,                                                                                
                                                           "Join Filter": "(cct.id = cc.subject_id)",                                                          
                                                           "Rows Removed by Join Filter": 68,                                                                   
                                                           "Shared Hit Blocks": 15878,                                                                          
                                                           "Shared Read Blocks": 3603,                                                                          
                                                           "Shared Dirtied Blocks": 0,                                                                          
                                                           "Shared Written Blocks": 0,                                                                          
                                                           "Local Hit Blocks": 0,                                                                               
                                                           "Local Read Blocks": 0,                                                                              
                                                           "Local Dirtied Blocks": 0,                                                                           
                                                           "Local Written Blocks": 0,                                                                           
                                                           "Temp Read Blocks": 0,                                                                               
                                                           "Temp Written Blocks": 0,                                                                            
                                                           "Plans": [                                                                                           
                                                             {                                                                                                  
                                                               "Node Type": "Nested Loop",                                                                      
                                                               "Parent Relationship": "Outer",                                                                  
                                                               "Parallel Aware": false,                                                                         
                                                               "Join Type": "Inner",                                                                            
                                                               "Startup Cost": 0.05,                                                                            
                                                               "Total Cost": 666.90,                                                                            
                                                               "Plan Rows": 9,                                                                                  
                                                               "Plan Width": 20,                                                                                
                                                               "Actual Startup Time": 835.146,                                                                  
                                                               "Actual Total Time": 19050.800,                                                                  
                                                               "Actual Rows": 431,                                                                              
                                                               "Actual Loops": 1,                                                                               
                                                               "Inner Unique": false,                                                                           
                                                               "Join Filter": "(mc.movie_id = cc.movie_id)",                                                    
                                                               "Rows Removed by Join Filter": 0,                                                                
                                                               "Shared Hit Blocks": 15877,                                                                      
                                                               "Shared Read Blocks": 3603,                                                                      
                                                               "Shared Dirtied Blocks": 0,                                                                      
                                                               "Shared Written Blocks": 0,                                                                      
                                                               "Local Hit Blocks": 0,                                                                           
                                                               "Local Read Blocks": 0,                                                                          
                                                               "Local Dirtied Blocks": 0,                                                                       
                                                               "Local Written Blocks": 0,                                                                       
                                                               "Temp Read Blocks": 0,                                                                           
                                                               "Temp Written Blocks": 0,                                                                        
                                                               "Plans": [                                                                                       
                                                                 {                                                                                              
                                                                   "Node Type": "Nested Loop",                                                                  
                                                                   "Parent Relationship": "Outer",                                                              
                                                                   "Parallel Aware": false,                                                                     
                                                                   "Join Type": "Inner",                                                                        
                                                                   "Startup Cost": 0.04,                                                                        
                                                                   "Total Cost": 665.93,                                                                        
                                                                   "Plan Rows": 69,                                                                             
                                                                   "Plan Width": 8,                                                                             
                                                                   "Actual Startup Time": 128.391,                                                              
                                                                   "Actual Total Time": 17528.247,                                                              
                                                                   "Actual Rows": 981,                                                                          
                                                                   "Actual Loops": 1,                                                                           
                                                                   "Inner Unique": true,                                                                        
                                                                   "Shared Hit Blocks": 12727,                                                                  
                                                                   "Shared Read Blocks": 3379,                                                                  
                                                                   "Shared Dirtied Blocks": 0,                                                                  
                                                                   "Shared Written Blocks": 0,                                                                  
                                                                   "Local Hit Blocks": 0,                                                                       
                                                                   "Local Read Blocks": 0,                                                                      
                                                                   "Local Dirtied Blocks": 0,                                                                   
                                                                   "Local Written Blocks": 0,                                                                   
                                                                   "Temp Read Blocks": 0,                                                                       
                                                                   "Temp Written Blocks": 0,                                                                    
                                                                   "Plans": [                                                                                   
                                                                     {                                                                                          
                                                                       "Node Type": "Nested Loop",                                                              
                                                                       "Parent Relationship": "Outer",                                                          
                                                                       "Parallel Aware": false,                                                                 
                                                                       "Join Type": "Inner",                                                                    
                                                                       "Startup Cost": 0.03,                                                                    
                                                                       "Total Cost": 662.55,                                                                    
                                                                       "Plan Rows": 190,                                                                        
                                                                       "Plan Width": 12,                                                                        
                                                                       "Actual Startup Time": 72.500,                                                           
                                                                       "Actual Total Time": 7501.748,                                                           
                                                                       "Actual Rows": 3218,                                                                     
                                                                       "Actual Loops": 1,                                                                       
                                                                       "Inner Unique": false,                                                                   
                                                                       "Shared Hit Blocks": 1008,                                                               
                                                                       "Shared Read Blocks": 2212,                                                              
                                                                       "Shared Dirtied Blocks": 0,                                                              
                                                                       "Shared Written Blocks": 0,                                                              
                                                                       "Local Hit Blocks": 0,                                                                   
                                                                       "Local Read Blocks": 0,                                                                  
                                                                       "Local Dirtied Blocks": 0,                                                               
                                                                       "Local Written Blocks": 0,                                                               
                                                                       "Temp Read Blocks": 0,                                                                   
                                                                       "Temp Written Blocks": 0,                                                                
                                                                       "Plans": [                                                                               
                                                                         {                                                                                      
                                                                           "Node Type": "Nested Loop",                                                          
                                                                           "Parent Relationship": "Outer",                                                      
                                                                           "Parallel Aware": false,                                                             
                                                                           "Join Type": "Inner",                                                                
                                                                           "Startup Cost": 0.01,                                                                
                                                                           "Total Cost": 661.48,                                                                
                                                                           "Plan Rows": 34,                                                                     
                                                                           "Plan Width": 4,                                                                     
                                                                           "Actual Startup Time": 39.189,                                                       
                                                                           "Actual Total Time": 2353.627,                                                       
                                                                           "Actual Rows": 414,                                                                  
                                                                           "Actual Loops": 1,                                                                   
                                                                           "Inner Unique": false,                                                               
                                                                           "Shared Hit Blocks": 3,                                                              
                                                                           "Shared Read Blocks": 1308,                                                          
                                                                           "Shared Dirtied Blocks": 0,                                                          
                                                                           "Shared Written Blocks": 0,                                                          
                                                                           "Local Hit Blocks": 0,                                                               
                                                                           "Local Read Blocks": 0,                                                              
                                                                           "Local Dirtied Blocks": 0,                                                           
                                                                           "Local Written Blocks": 0,                                                           
                                                                           "Temp Read Blocks": 0,                                                               
                                                                           "Temp Written Blocks": 0,                                                            
                                                                           "Plans": [                                                                           
                                                                             {                                                                                  
                                                                               "Node Type": "Seq Scan",                                                         
                                                                               "Parent Relationship": "Outer",                                                  
                                                                               "Parallel Aware": false,                                                         
                                                                               "Relation Name": "keyword",                                                      
                                                                               "Alias": "k",                                                                    
                                                                               "Startup Cost": 0.00,                                                            
                                                                               "Total Cost": 49.46,                                                             
                                                                               "Plan Rows": 1,                                                                  
                                                                               "Plan Width": 4,                                                                 
                                                                               "Actual Startup Time": 0.359,                                                    
                                                                               "Actual Total Time": 82.214,                                                     
                                                                               "Actual Rows": 1,                                                                
                                                                               "Actual Loops": 1,                                                               
                                                                               "Filter": "(keyword = 'computer-animation'::text)",                              
                                                                               "Rows Removed by Filter": 134169,                                                
                                                                               "Shared Hit Blocks": 2,                                                          
                                                                               "Shared Read Blocks": 947,                                                       
                                                                               "Shared Dirtied Blocks": 0,                                                      
                                                                               "Shared Written Blocks": 0,                                                      
                                                                               "Local Hit Blocks": 0,                                                           
                                                                               "Local Read Blocks": 0,                                                          
                                                                               "Local Dirtied Blocks": 0,                                                       
                                                                               "Local Written Blocks": 0,                                                       
                                                                               "Temp Read Blocks": 0,                                                           
                                                                               "Temp Written Blocks": 0                                                         
                                                                             },                                                                                 
                                                                             {                                                                                  
                                                                               "Node Type": "Index Scan",                                                       
                                                                               "Parent Relationship": "Inner",                                                  
                                                                               "Parallel Aware": false,                                                         
                                                                               "Scan Direction": "Forward",                                                     
                                                                               "Index Name": "keyword_id_movie_keyword",                                        
                                                                               "Relation Name": "movie_keyword",                                                
                                                                               "Alias": "mk",                                                                   
                                                                               "Startup Cost": 0.01,                                                            
                                                                               "Total Cost": 122.40,                                                            
                                                                               "Plan Rows": 39,                                                                 
                                                                               "Plan Width": 8,                                                                 
                                                                               "Actual Startup Time": 38.822,                                                   
                                                                               "Actual Total Time": 2270.415,                                                   
                                                                               "Actual Rows": 414,                                                              
                                                                               "Actual Loops": 1,                                                               
                                                                               "Index Cond": "(keyword_id = k.id)",                                             
                                                                               "Rows Removed by Index Recheck": 0,                                              
                                                                               "Shared Hit Blocks": 1,                                                          
                                                                               "Shared Read Blocks": 361,                                                       
                                                                               "Shared Dirtied Blocks": 0,                                                      
                                                                               "Shared Written Blocks": 0,                                                      
                                                                               "Local Hit Blocks": 0,                                                           
                                                                               "Local Read Blocks": 0,                                                          
                                                                               "Local Dirtied Blocks": 0,                                                       
                                                                               "Local Written Blocks": 0,                                                       
                                                                               "Temp Read Blocks": 0,                                                           
                                                                               "Temp Written Blocks": 0                                                         
                                                                             }                                                                                  
                                                                           ]                                                                                    
                                                                         },                                                                                     
                                                                         {                                                                                      
                                                                           "Node Type": "Index Scan",                                                           
                                                                           "Parent Relationship": "Inner",                                                      
                                                                           "Parallel Aware": false,                                                             
                                                                           "Scan Direction": "Forward",                                                         
                                                                           "Index Name": "movie_id_movie_companies",                                            
                                                                           "Relation Name": "movie_companies",                                                  
                                                                           "Alias": "mc",                                                                       
                                                                           "Startup Cost": 0.01,                                                                
                                                                           "Total Cost": 0.03,                                                                  
                                                                           "Plan Rows": 2,                                                                      
                                                                           "Plan Width": 8,                                                                     
                                                                           "Actual Startup Time": 9.687,                                                        
                                                                           "Actual Total Time": 12.419,                                                         
                                                                           "Actual Rows": 8,                                                                    
                                                                           "Actual Loops": 414,                                                                 
                                                                           "Index Cond": "(movie_id = mk.movie_id)",                                            
                                                                           "Rows Removed by Index Recheck": 0,                                                  
                                                                           "Shared Hit Blocks": 1005,                                                           
                                                                           "Shared Read Blocks": 904,                                                           
                                                                           "Shared Dirtied Blocks": 0,                                                          
                                                                           "Shared Written Blocks": 0,                                                          
                                                                           "Local Hit Blocks": 0,                                                               
                                                                           "Local Read Blocks": 0,                                                              
                                                                           "Local Dirtied Blocks": 0,                                                           
                                                                           "Local Written Blocks": 0,                                                           
                                                                           "Temp Read Blocks": 0,                                                               
                                                                           "Temp Written Blocks": 0                                                             
                                                                         }                                                                                      
                                                                       ]                                                                                        
                                                                     },                                                                                         
                                                                     {                                                                                          
                                                                       "Node Type": "Index Scan",                                                               
                                                                       "Parent Relationship": "Inner",                                                          
                                                                       "Parallel Aware": false,                                                                 
                                                                       "Scan Direction": "Forward",                                                             
                                                                       "Index Name": "company_name_pkey",                                                       
                                                                       "Relation Name": "company_name",                                                         
                                                                       "Alias": "cn",                                                                           
                                                                       "Startup Cost": 0.01,                                                                    
                                                                       "Total Cost": 0.02,                                                                      
                                                                       "Plan Rows": 1,                                                                          
                                                                       "Plan Width": 4,                                                                         
                                                                       "Actual Startup Time": 3.113,                                                            
                                                                       "Actual Total Time": 3.113,                                                              
                                                                       "Actual Rows": 0,                                                                        
                                                                       "Actual Loops": 3218,                                                                    
                                                                       "Index Cond": "(id = mc.company_id)",                                                    
                                                                       "Rows Removed by Index Recheck": 0,                                                      
                                                                       "Filter": "((country_code)::text = '[us]'::text)",                                       
                                                                       "Rows Removed by Filter": 1,                                                             
                                                                       "Shared Hit Blocks": 11719,                                                              
                                                                       "Shared Read Blocks": 1167,                                                              
                                                                       "Shared Dirtied Blocks": 0,                                                              
                                                                       "Shared Written Blocks": 0,                                                              
                                                                       "Local Hit Blocks": 0,                                                                   
                                                                       "Local Read Blocks": 0,                                                                  
                                                                       "Local Dirtied Blocks": 0,                                                               
                                                                       "Local Written Blocks": 0,                                                               
                                                                       "Temp Read Blocks": 0,                                                                   
                                                                       "Temp Written Blocks": 0                                                                 
                                                                     }                                                                                          
                                                                   ]                                                                                            
                                                                 },                                                                                             
                                                                 {                                                                                              
                                                                   "Node Type": "Index Scan",                                                                   
                                                                   "Parent Relationship": "Inner",                                                              
                                                                   "Parallel Aware": false,                                                                     
                                                                   "Scan Direction": "Forward",                                                                 
                                                                   "Index Name": "movie_id_complete_cast",                                                      
                                                                   "Relation Name": "complete_cast",                                                            
                                                                   "Alias": "cc",                                                                               
                                                                   "Startup Cost": 0.01,                                                                        
                                                                   "Total Cost": 0.01,                                                                          
                                                                   "Plan Rows": 1,                                                                              
                                                                   "Plan Width": 12,                                                                            
                                                                   "Actual Startup Time": 1.348,                                                                
                                                                   "Actual Total Time": 1.549,                                                                  
                                                                   "Actual Rows": 0,                                                                            
                                                                   "Actual Loops": 981,                                                                         
                                                                   "Index Cond": "(movie_id = mk.movie_id)",                                                    
                                                                   "Rows Removed by Index Recheck": 0,                                                          
                                                                   "Shared Hit Blocks": 3150,                                                                   
                                                                   "Shared Read Blocks": 224,                                                                   
                                                                   "Shared Dirtied Blocks": 0,                                                                  
                                                                   "Shared Written Blocks": 0,                                                                  
                                                                   "Local Hit Blocks": 0,                                                                       
                                                                   "Local Read Blocks": 0,                                                                      
                                                                   "Local Dirtied Blocks": 0,                                                                   
                                                                   "Local Written Blocks": 0,                                                                   
                                                                   "Temp Read Blocks": 0,                                                                       
                                                                   "Temp Written Blocks": 0                                                                     
                                                                 }                                                                                              
                                                               ]                                                                                                
                                                             },                                                                                                 
                                                             {                                                                                                  
                                                               "Node Type": "Materialize",                                                                      
                                                               "Parent Relationship": "Inner",                                                                  
                                                               "Parallel Aware": false,                                                                         
                                                               "Startup Cost": 0.00,                                                                            
                                                               "Total Cost": 0.03,                                                                              
                                                               "Plan Rows": 1,                                                                                  
                                                               "Plan Width": 4,                                                                                 
                                                               "Actual Startup Time": 0.001,                                                                    
                                                               "Actual Total Time": 0.001,                                                                      
                                                               "Actual Rows": 1,                                                                                
                                                               "Actual Loops": 431,                                                                             
                                                               "Shared Hit Blocks": 1,                                                                          
                                                               "Shared Read Blocks": 0,                                                                         
                                                               "Shared Dirtied Blocks": 0,                                                                      
                                                               "Shared Written Blocks": 0,                                                                      
                                                               "Local Hit Blocks": 0,                                                                           
                                                               "Local Read Blocks": 0,                                                                          
                                                               "Local Dirtied Blocks": 0,                                                                       
                                                               "Local Written Blocks": 0,                                                                       
                                                               "Temp Read Blocks": 0,                                                                           
                                                               "Temp Written Blocks": 0,                                                                        
                                                               "Plans": [                                                                                       
                                                                 {                                                                                              
                                                                   "Node Type": "Seq Scan",                                                                     
                                                                   "Parent Relationship": "Outer",                                                              
                                                                   "Parallel Aware": false,                                                                     
                                                                   "Relation Name": "comp_cast_type",                                                           
                                                                   "Alias": "cct",                                                                             
                                                                   "Startup Cost": 0.00,                                                                        
                                                                   "Total Cost": 0.03,                                                                          
                                                                   "Plan Rows": 1,                                                                              
                                                                   "Plan Width": 4,                                                                             
                                                                   "Actual Startup Time": 0.019,                                                                
                                                                   "Actual Total Time": 0.030,                                                                  
                                                                   "Actual Rows": 1,                                                                            
                                                                   "Actual Loops": 1,                                                                           
                                                                   "Filter": "((kind)::text = 'cast'::text)",                                                   
                                                                   "Rows Removed by Filter": 3,                                                                 
                                                                   "Shared Hit Blocks": 1,                                                                      
                                                                   "Shared Read Blocks": 0,                                                                     
                                                                   "Shared Dirtied Blocks": 0,                                                                  
                                                                   "Shared Written Blocks": 0,                                                                  
                                                                   "Local Hit Blocks": 0,                                                                       
                                                                   "Local Read Blocks": 0,                                                                      
                                                                   "Local Dirtied Blocks": 0,                                                                   
                                                                   "Local Written Blocks": 0,                                                                   
                                                                   "Temp Read Blocks": 0,                                                                       
                                                                   "Temp Written Blocks": 0                                                                     
                                                                 }                                                                                              
                                                               ]                                                                                                
                                                             }                                                                                                  
                                                           ]                                                                                                    
                                                         },                                                                                                     
                                                         {                                                                                                      
                                                           "Node Type": "Index Scan",                                                                           
                                                           "Parent Relationship": "Inner",                                                                      
                                                           "Parallel Aware": false,                                                                             
                                                           "Scan Direction": "Forward",                                                                         
                                                           "Index Name": "movie_id_cast_info",                                                                  
                                                           "Relation Name": "cast_info",                                                                        
                                                           "Alias": "ci",                                                                                       
                                                           "Startup Cost": 0.02,                                                                                
                                                           "Total Cost": 0.26,                                                                                  
                                                           "Plan Rows": 1,                                                                                      
                                                           "Plan Width": 16,                                                                                    
                                                           "Actual Startup Time": 12.964,                                                                       
                                                           "Actual Total Time": 98.160,                                                                         
                                                           "Actual Rows": 33,                                                                                   
                                                           "Actual Loops": 363,                                                                                 
                                                           "Index Cond": "(movie_id = mk.movie_id)",                                                            
                                                           "Rows Removed by Index Recheck": 0,                                                                  
                                                           "Filter": "(note = ANY ('{(voice),\"(voice) (uncredited)\",\"(voice: English version)\"}'::text[]))",
                                                           "Rows Removed by Filter": 109,                                                                       
                                                           "Shared Hit Blocks": 43751,                                                                          
                                                           "Shared Read Blocks": 5883,                                                                          
                                                           "Shared Dirtied Blocks": 0,                                                                          
                                                           "Shared Written Blocks": 0,                                                                          
                                                           "Local Hit Blocks": 0,                                                                               
                                                           "Local Read Blocks": 0,                                                                              
                                                           "Local Dirtied Blocks": 0,                                                                           
                                                           "Local Written Blocks": 0,                                                                           
                                                           "Temp Read Blocks": 0,                                                                               
                                                           "Temp Written Blocks": 0                                                                             
                                                         }                                                                                                      
                                                       ]                                                                                                        
                                                     },                                                                                                         
                                                     {                                                                                                          
                                                       "Node Type": "Index Scan",                                                                               
                                                       "Parent Relationship": "Inner",                                                                          
                                                       "Parallel Aware": false,                                                                                 
                                                       "Scan Direction": "Forward",                                                                             
                                                       "Index Name": "person_id_aka_name",                                                                      
                                                       "Relation Name": "aka_name",                                                                             
                                                       "Alias": "an",                                                                                           
                                                       "Startup Cost": 0.01,                                                                                    
                                                       "Total Cost": 0.06,                                                                                      
                                                       "Plan Rows": 2,                                                                                          
                                                       "Plan Width": 4,                                                                                         
                                                       "Actual Startup Time": 1.343,                                                                            
                                                       "Actual Total Time": 1.494,                                                                              
                                                       "Actual Rows": 2,                                                                                        
                                                       "Actual Loops": 11918,                                                                                   
                                                       "Index Cond": "(person_id = ci.person_id)",                                                              
                                                       "Rows Removed by Index Recheck": 0,                                                                      
                                                       "Shared Hit Blocks": 45916,                                                                              
                                                       "Shared Read Blocks": 1873,                                                                              
                                                       "Shared Dirtied Blocks": 0,                                                                              
                                                       "Shared Written Blocks": 0,                                                                              
                                                       "Local Hit Blocks": 0,                                                                                   
                                                       "Local Read Blocks": 0,                                                                                  
                                                       "Local Dirtied Blocks": 0,                                                                               
                                                       "Local Written Blocks": 0,                                                                               
                                                       "Temp Read Blocks": 0,                                                                                   
                                                       "Temp Written Blocks": 0                                                                                 
                                                     }                                                                                                          
                                                   ]                                                                                                            
                                                 },                                                                                                             
                                                 {                                                                                                              
                                                   "Node Type": "Materialize",                                                                                  
                                                   "Parent Relationship": "Inner",                                                                              
                                                   "Parallel Aware": false,                                                                                     
                                                   "Startup Cost": 0.00,                                                                                        
                                                   "Total Cost": 0.03,                                                                                          
                                                   "Plan Rows": 1,                                                                                              
                                                   "Plan Width": 4,                                                                                             
                                                   "Actual Startup Time": 0.000,                                                                                
                                                   "Actual Total Time": 0.000,                                                                                  
                                                   "Actual Rows": 1,                                                                                            
                                                   "Actual Loops": 23816,                                                                                       
                                                   "Shared Hit Blocks": 1,                                                                                      
                                                   "Shared Read Blocks": 0,                                                                                     
                                                   "Shared Dirtied Blocks": 0,                                                                                  
                                                   "Shared Written Blocks": 0,                                                                                  
                                                   "Local Hit Blocks": 0,                                                                                       
                                                   "Local Read Blocks": 0,                                                                                      
                                                   "Local Dirtied Blocks": 0,                                                                                   
                                                   "Local Written Blocks": 0,                                                                                   
                                                   "Temp Read Blocks": 0,                                                                                       
                                                   "Temp Written Blocks": 0,                                                                                    
                                                   "Plans": [                                                                                                   
                                                     {                                                                                                          
                                                       "Node Type": "Seq Scan",                                                                                 
                                                       "Parent Relationship": "Outer",                                                                          
                                                       "Parallel Aware": false,                                                                                 
                                                       "Relation Name": "comp_cast_type",                                                                       
                                                       "Alias": "cct",                                                                                         
                                                       "Startup Cost": 0.00,                                                                                    
                                                       "Total Cost": 0.03,                                                                                      
                                                       "Plan Rows": 1,                                                                                          
                                                       "Plan Width": 4,                                                                                         
                                                       "Actual Startup Time": 0.019,                                                                            
                                                       "Actual Total Time": 0.020,                                                                              
                                                       "Actual Rows": 1,                                                                                        
                                                       "Actual Loops": 1,                                                                                       
                                                       "Filter": "((kind)::text = 'completeverified'::text)",                                                  
                                                       "Rows Removed by Filter": 3,                                                                             
                                                       "Shared Hit Blocks": 1,                                                                                  
                                                       "Shared Read Blocks": 0,                                                                                 
                                                       "Shared Dirtied Blocks": 0,                                                                              
                                                       "Shared Written Blocks": 0,                                                                              
                                                       "Local Hit Blocks": 0,                                                                                   
                                                       "Local Read Blocks": 0,                                                                                  
                                                       "Local Dirtied Blocks": 0,                                                                               
                                                       "Local Written Blocks": 0,                                                                               
                                                       "Temp Read Blocks": 0,                                                                                   
                                                       "Temp Written Blocks": 0                                                                                 
                                                     }                                                                                                          
                                                   ]                                                                                                            
                                                 }                                                                                                              
                                               ]                                                                                                                
                                             },                                                                                                                 
                                             {                                                                                                                  
                                               "Node Type": "Index Scan",                                                                                       
                                               "Parent Relationship": "Inner",                                                                                  
                                               "Parallel Aware": false,                                                                                         
                                               "Scan Direction": "Forward",                                                                                     
                                               "Index Name": "person_id_person_info",                                                                           
                                               "Relation Name": "person_info",                                                                                  
                                               "Alias": "pi",                                                                                                   
                                               "Startup Cost": 0.01,                                                                                            
                                               "Total Cost": 0.21,                                                                                              
                                               "Plan Rows": 5,                                                                                                  
                                               "Plan Width": 8,                                                                                                 
                                               "Actual Startup Time": 1.044,                                                                                    
                                               "Actual Total Time": 1.079,                                                                                      
                                               "Actual Rows": 52,                                                                                               
                                               "Actual Loops": 9005,                                                                                            
                                               "Index Cond": "(person_id = an.person_id)",                                                                      
                                               "Rows Removed by Index Recheck": 0,                                                                              
                                               "Shared Hit Blocks": 48911,                                                                                      
                                               "Shared Read Blocks": 1307,                                                                                      
                                               "Shared Dirtied Blocks": 0,                                                                                      
                                               "Shared Written Blocks": 0,                                                                                      
                                               "Local Hit Blocks": 0,                                                                                           
                                               "Local Read Blocks": 0,                                                                                          
                                               "Local Dirtied Blocks": 0,                                                                                       
                                               "Local Written Blocks": 0,                                                                                       
                                               "Temp Read Blocks": 0,                                                                                           
                                               "Temp Written Blocks": 0                                                                                         
                                             }                                                                                                                  
                                           ]                                                                                                                    
                                         },                                                                                                                     
                                         {                                                                                                                      
                                           "Node Type": "Materialize",                                                                                          
                                           "Parent Relationship": "Inner",                                                                                      
                                           "Parallel Aware": false,                                                                                             
                                           "Startup Cost": 0.00,                                                                                                
                                           "Total Cost": 0.05,                                                                                                  
                                           "Plan Rows": 1,                                                                                                      
                                           "Plan Width": 4,                                                                                                     
                                           "Actual Startup Time": 0.000,                                                                                        
                                           "Actual Total Time": 0.000,                                                                                          
                                           "Actual Rows": 1,                                                                                                    
                                           "Actual Loops": 464465,                                                                                              
                                           "Shared Hit Blocks": 1,                                                                                              
                                           "Shared Read Blocks": 0,                                                                                             
                                           "Shared Dirtied Blocks": 0,                                                                                          
                                           "Shared Written Blocks": 0,                                                                                          
                                           "Local Hit Blocks": 0,                                                                                               
                                           "Local Read Blocks": 0,                                                                                              
                                           "Local Dirtied Blocks": 0,                                                                                           
                                           "Local Written Blocks": 0,                                                                                           
                                           "Temp Read Blocks": 0,                                                                                               
                                           "Temp Written Blocks": 0,                                                                                            
                                           "Plans": [                                                                                                           
                                             {                                                                                                                  
                                               "Node Type": "Seq Scan",                                                                                         
                                               "Parent Relationship": "Outer",                                                                                  
                                               "Parallel Aware": false,                                                                                         
                                               "Relation Name": "info_type",                                                                                    
                                               "Alias": "it",                                                                                                  
                                               "Startup Cost": 0.00,                                                                                            
                                               "Total Cost": 0.05,                                                                                              
                                               "Plan Rows": 1,                                                                                                  
                                               "Plan Width": 4,                                                                                                 
                                               "Actual Startup Time": 0.034,                                                                                    
                                               "Actual Total Time": 0.066,                                                                                      
                                               "Actual Rows": 1,                                                                                                
                                               "Actual Loops": 1,                                                                                               
                                               "Filter": "((info)::text = 'height'::text)",                                                                     
                                               "Rows Removed by Filter": 112,                                                                                   
                                               "Shared Hit Blocks": 1,                                                                                          
                                               "Shared Read Blocks": 0,                                                                                         
                                               "Shared Dirtied Blocks": 0,                                                                                      
                                               "Shared Written Blocks": 0,                                                                                      
                                               "Local Hit Blocks": 0,                                                                                           
                                               "Local Read Blocks": 0,                                                                                          
                                               "Local Dirtied Blocks": 0,                                                                                       
                                               "Local Written Blocks": 0,                                                                                       
                                               "Temp Read Blocks": 0,                                                                                           
                                               "Temp Written Blocks": 0                                                                                         
                                             }                                                                                                                  
                                           ]                                                                                                                    
                                         }                                                                                                                      
                                       ]                                                                                                                        
                                     },                                                                                                                         
                                     {                                                                                                                          
                                       "Node Type": "Index Scan",                                                                                               
                                       "Parent Relationship": "Inner",                                                                                          
                                       "Parallel Aware": false,                                                                                                 
                                       "Scan Direction": "Forward",                                                                                             
                                       "Index Name": "movie_id_movie_info",                                                                                     
                                       "Relation Name": "movie_info",                                                                                           
                                       "Alias": "mi",                                                                                                           
                                       "Startup Cost": 0.01,                                                                                                    
                                       "Total Cost": 0.15,                                                                                                      
                                       "Plan Rows": 1,                                                                                                          
                                       "Plan Width": 8,                                                                                                         
                                       "Actual Startup Time": 0.333,                                                                                            
                                       "Actual Total Time": 0.753,                                                                                              
                                       "Actual Rows": 1,                                                                                                        
                                       "Actual Loops": 5892,                                                                                                    
                                       "Index Cond": "(movie_id = mk.movie_id)",                                                                                
                                       "Rows Removed by Index Recheck": 0,                                                                                      
                                       "Filter": "(info ~~ 'USA:%200%'::text)",                                                                                 
                                       "Rows Removed by Filter": 389,                                                                                           
                                       "Shared Hit Blocks": 194729,                                                                                             
                                       "Shared Read Blocks": 571,                                                                                               
                                       "Shared Dirtied Blocks": 0,                                                                                              
                                       "Shared Written Blocks": 0,                                                                                              
                                       "Local Hit Blocks": 0,                                                                                                   
                                       "Local Read Blocks": 0,                                                                                                  
                                       "Local Dirtied Blocks": 0,                                                                                               
                                       "Local Written Blocks": 0,                                                                                               
                                       "Temp Read Blocks": 0,                                                                                                   
                                       "Temp Written Blocks": 0                                                                                                 
                                     }                                                                                                                          
                                   ]                                                                                                                            
                                 }                                                                                                                              
                               ]                                                                                                                                
                             }                                                                                                                                  
                           ]                                                                                                                                    
                         },                                                                                                                                     
                         {                                                                                                                                      
                           "Node Type": "Index Scan",                                                                                                           
                           "Parent Relationship": "Inner",                                                                                                      
                           "Parallel Aware": false,                                                                                                             
                           "Scan Direction": "Forward",                                                                                                         
                           "Index Name": "title_idx_id",                                                                                                        
                           "Relation Name": "title",                                                                                                            
                           "Alias": "t",                                                                                                                        
                           "Startup Cost": 0.01,                                                                                                                
                           "Total Cost": 0.04,                                                                                                                  
                           "Plan Rows": 1,                                                                                                                      
                           "Plan Width": 21,                                                                                                                    
                           "Actual Startup Time": 0.114,                                                                                                        
                           "Actual Total Time": 0.114,                                                                                                          
                           "Actual Rows": 0,                                                                                                                    
                           "Actual Loops": 6614,                                                                                                                
                           "Index Cond": "(id = mk.movie_id)",                                                                                                  
                           "Rows Removed by Index Recheck": 0,                                                                                                  
                           "Filter": "((production_year >= 2000) AND (production_year <= 2005) AND (title = 'Shrek 2'::text))",                                 
                           "Rows Removed by Filter": 1,                                                                                                         
                           "Shared Hit Blocks": 26418,                                                                                                          
                           "Shared Read Blocks": 38,                                                                                                            
                           "Shared Dirtied Blocks": 0,                                                                                                          
                           "Shared Written Blocks": 0,                                                                                                          
                           "Local Hit Blocks": 0,                                                                                                               
                           "Local Read Blocks": 0,                                                                                                              
                           "Local Dirtied Blocks": 0,                                                                                                           
                           "Local Written Blocks": 0,                                                                                                           
                           "Temp Read Blocks": 0,                                                                                                               
                           "Temp Written Blocks": 0                                                                                                             
                         }                                                                                                                                      
                       ]                                                                                                                                        
                     },                                                                                                                                         
                     {                                                                                                                                          
                       "Node Type": "Index Scan",                                                                                                               
                       "Parent Relationship": "Inner",                                                                                                          
                       "Parallel Aware": false,                                                                                                                 
                       "Scan Direction": "Forward",                                                                                                             
                       "Index Name": "name_pkey",                                                                                                               
                       "Relation Name": "name",                                                                                                                 
                       "Alias": "n",                                                                                                                            
                       "Startup Cost": 0.01,                                                                                                                    
                       "Total Cost": 0.09,                                                                                                                      
                       "Plan Rows": 1,                                                                                                                          
                       "Plan Width": 19,                                                                                                                        
                       "Actual Startup Time": 0.730,                                                                                                            
                       "Actual Total Time": 0.730,                                                                                                              
                       "Actual Rows": 0,                                                                                                                        
                       "Actual Loops": 220,                                                                                                                     
                       "Index Cond": "(id = pi.person_id)",                                                                                                     
                       "Rows Removed by Index Recheck": 0,                                                                                                      
                       "Filter": "((name ~~ '%An%'::text) AND ((gender)::text = 'f'::text))",                                                                   
                       "Rows Removed by Filter": 1,                                                                                                             
                       "Shared Hit Blocks": 850,                                                                                                                
                       "Shared Read Blocks": 30,                                                                                                                
                       "Shared Dirtied Blocks": 0,                                                                                                              
                       "Shared Written Blocks": 0,                                                                                                              
                       "Local Hit Blocks": 0,                                                                                                                   
                       "Local Read Blocks": 0,                                                                                                                  
                       "Local Dirtied Blocks": 0,                                                                                                               
                       "Local Written Blocks": 0,                                                                                                               
                       "Temp Read Blocks": 0,                                                                                                                   
                       "Temp Written Blocks": 0                                                                                                                 
                     }                                                                                                                                          
                   ]                                                                                                                                            
                 },                                                                                                                                             
                 {                                                                                                                                              
                   "Node Type": "Index Scan",                                                                                                                   
                   "Parent Relationship": "Inner",                                                                                                              
                   "Parallel Aware": false,                                                                                                                     
                   "Scan Direction": "Forward",                                                                                                                 
                   "Index Name": "char_name_pkey",                                                                                                              
                   "Relation Name": "char_name",                                                                                                                
                   "Alias": "chn",                                                                                                                              
                   "Startup Cost": 0.01,                                                                                                                        
                   "Total Cost": 0.19,                                                                                                                          
                   "Plan Rows": 1,                                                                                                                              
                   "Plan Width": 20,                                                                                                                            
                   "Actual Startup Time": 1.426,                                                                                                                
                   "Actual Total Time": 1.426,                                                                                                                  
                   "Actual Rows": 1,                                                                                                                            
                   "Actual Loops": 15,                                                                                                                          
                   "Index Cond": "(id = ci.person_role_id)",                                                                                                    
                   "Rows Removed by Index Recheck": 0,                                                                                                          
                   "Filter": "(name = 'Queen'::text)",                                                                                                          
                   "Rows Removed by Filter": 0,                                                                                                                 
                   "Shared Hit Blocks": 57,                                                                                                                     
                   "Shared Read Blocks": 3,                                                                                                                     
                   "Shared Dirtied Blocks": 0,                                                                                                                  
                   "Shared Written Blocks": 0,                                                                                                                  
                   "Local Hit Blocks": 0,                                                                                                                       
                   "Local Read Blocks": 0,                                                                                                                      
                   "Local Dirtied Blocks": 0,                                                                                                                   
                   "Local Written Blocks": 0,                                                                                                                   
                   "Temp Read Blocks": 0,                                                                                                                       
                   "Temp Written Blocks": 0                                                                                                                     
                 }                                                                                                                                              
               ]                                                                                                                                                
             },                                                                                                                                                 
             {                                                                                                                                                  
               "Node Type": "Materialize",                                                                                                                      
               "Parent Relationship": "Inner",                                                                                                                  
               "Parallel Aware": false,                                                                                                                         
               "Startup Cost": 0.00,                                                                                                                            
               "Total Cost": 0.03,                                                                                                                              
               "Plan Rows": 1,                                                                                                                                  
               "Plan Width": 4,                                                                                                                                 
               "Actual Startup Time": 0.002,                                                                                                                    
               "Actual Total Time": 0.002,                                                                                                                      
               "Actual Rows": 1,                                                                                                                                
               "Actual Loops": 15,                                                                                                                              
               "Shared Hit Blocks": 1,                                                                                                                          
               "Shared Read Blocks": 0,                                                                                                                         
               "Shared Dirtied Blocks": 0,                                                                                                                      
               "Shared Written Blocks": 0,                                                                                                                      
               "Local Hit Blocks": 0,                                                                                                                           
               "Local Read Blocks": 0,                                                                                                                          
               "Local Dirtied Blocks": 0,                                                                                                                       
               "Local Written Blocks": 0,                                                                                                                       
               "Temp Read Blocks": 0,                                                                                                                           
               "Temp Written Blocks": 0,                                                                                                                        
               "Plans": [                                                                                                                                       
                 {                                                                                                                                              
                   "Node Type": "Seq Scan",                                                                                                                     
                   "Parent Relationship": "Outer",                                                                                                              
                   "Parallel Aware": false,                                                                                                                     
                   "Relation Name": "role_type",                                                                                                                
                   "Alias": "rt",                                                                                                                               
                   "Startup Cost": 0.00,                                                                                                                        
                   "Total Cost": 0.03,                                                                                                                          
                   "Plan Rows": 1,                                                                                                                              
                   "Plan Width": 4,                                                                                                                             
                   "Actual Startup Time": 0.020,                                                                                                                
                   "Actual Total Time": 0.020,                                                                                                                  
                   "Actual Rows": 1,                                                                                                                            
                   "Actual Loops": 1,                                                                                                                           
                   "Filter": "((role)::text = 'actress'::text)",                                                                                                
                   "Rows Removed by Filter": 1,                                                                                                                 
                   "Shared Hit Blocks": 1,                                                                                                                      
                   "Shared Read Blocks": 0,                                                                                                                     
                   "Shared Dirtied Blocks": 0,                                                                                                                  
                   "Shared Written Blocks": 0,                                                                                                                  
                   "Local Hit Blocks": 0,                                                                                                                       
                   "Local Read Blocks": 0,                                                                                                                      
                   "Local Dirtied Blocks": 0,                                                                                                                   
                   "Local Written Blocks": 0,                                                                                                                   
                   "Temp Read Blocks": 0,                                                                                                                       
                   "Temp Written Blocks": 0                                                                                                                     
                 }                                                                                                                                              
               ]                                                                                                                                                
             }                                                                                                                                                  
           ]                                                                                                                                                    
         }                                                                                                                                                      
       ]                                                                                                                                                        
     },                                                                                                                                                         
     "Planning Time": 20290.136,                                                                                                                                
     "Triggers": [                                                                                                                                              
     ],                                                                                                                                                         
     "Execution Time": 88242.693                                                                                                                                
   }                                                                                                                                                            
 ]
