 [                                                                                                                                                                           
   {                                                                                                                                                                         
     "Plan": {                                                                                                                                                               
       "Node Type": "Aggregate",                                                                                                                                             
       "Strategy": "Plain",                                                                                                                                                  
       "Partial Mode": "Simple",                                                                                                                                             
       "Parallel Aware": false,                                                                                                                                              
       "Startup Cost": 921.33,                                                                                                                                               
       "Total Cost": 921.33,                                                                                                                                                 
       "Plan Rows": 1,                                                                                                                                                       
       "Plan Width": 128,                                                                                                                                                    
       "Actual Startup Time": 15213.273,                                                                                                                                     
       "Actual Total Time": 15213.273,                                                                                                                                       
       "Actual Rows": 1,                                                                                                                                                     
       "Actual Loops": 1,                                                                                                                                                    
       "Shared Hit Blocks": 1559901,                                                                                                                                         
       "Shared Read Blocks": 24186,                                                                                                                                          
       "Shared Dirtied Blocks": 0,                                                                                                                                           
       "Shared Written Blocks": 0,                                                                                                                                           
       "Local Hit Blocks": 0,                                                                                                                                                
       "Local Read Blocks": 0,                                                                                                                                               
       "Local Dirtied Blocks": 0,                                                                                                                                            
       "Local Written Blocks": 0,                                                                                                                                            
       "Temp Read Blocks": 0,                                                                                                                                                
       "Temp Written Blocks": 0,                                                                                                                                             
       "Plans": [                                                                                                                                                            
         {                                                                                                                                                                   
           "Node Type": "Nested Loop",                                                                                                                                       
           "Parent Relationship": "Outer",                                                                                                                                   
           "Parallel Aware": false,                                                                                                                                          
           "Join Type": "Inner",                                                                                                                                             
           "Startup Cost": 0.10,                                                                                                                                             
           "Total Cost": 921.33,                                                                                                                                             
           "Plan Rows": 1,                                                                                                                                                   
           "Plan Width": 80,                                                                                                                                                 
           "Actual Startup Time": 9733.207,                                                                                                                                  
           "Actual Total Time": 15213.117,                                                                                                                                   
           "Actual Rows": 28,                                                                                                                                                
           "Actual Loops": 1,                                                                                                                                                
           "Inner Unique": true,                                                                                                                                             
           "Shared Hit Blocks": 1559901,                                                                                                                                     
           "Shared Read Blocks": 24186,                                                                                                                                      
           "Shared Dirtied Blocks": 0,                                                                                                                                       
           "Shared Written Blocks": 0,                                                                                                                                       
           "Local Hit Blocks": 0,                                                                                                                                            
           "Local Read Blocks": 0,                                                                                                                                           
           "Local Dirtied Blocks": 0,                                                                                                                                        
           "Local Written Blocks": 0,                                                                                                                                        
           "Temp Read Blocks": 0,                                                                                                                                            
           "Temp Written Blocks": 0,                                                                                                                                         
           "Plans": [                                                                                                                                                        
             {                                                                                                                                                               
               "Node Type": "Nested Loop",                                                                                                                                   
               "Parent Relationship": "Outer",                                                                                                                               
               "Parallel Aware": false,                                                                                                                                      
               "Join Type": "Inner",                                                                                                                                         
               "Startup Cost": 0.08,                                                                                                                                         
               "Total Cost": 921.30,                                                                                                                                         
               "Plan Rows": 2,                                                                                                                                               
               "Plan Width": 84,                                                                                                                                             
               "Actual Startup Time": 9684.019,                                                                                                                              
               "Actual Total Time": 14945.937,                                                                                                                               
               "Actual Rows": 1060,                                                                                                                                          
               "Actual Loops": 1,                                                                                                                                            
               "Inner Unique": false,                                                                                                                                        
               "Join Filter": "(t.id = mk.movie_id)",                                                                                                                        
               "Rows Removed by Join Filter": 0,                                                                                                                             
               "Shared Hit Blocks": 1555909,                                                                                                                                 
               "Shared Read Blocks": 23931,                                                                                                                                  
               "Shared Dirtied Blocks": 0,                                                                                                                                   
               "Shared Written Blocks": 0,                                                                                                                                   
               "Local Hit Blocks": 0,                                                                                                                                        
               "Local Read Blocks": 0,                                                                                                                                       
               "Local Dirtied Blocks": 0,                                                                                                                                    
               "Local Written Blocks": 0,                                                                                                                                    
               "Temp Read Blocks": 0,                                                                                                                                        
               "Temp Written Blocks": 0,                                                                                                                                     
               "Plans": [                                                                                                                                                    
                 {                                                                                                                                                           
                   "Node Type": "Nested Loop",                                                                                                                               
                   "Parent Relationship": "Outer",                                                                                                                           
                   "Parallel Aware": false,                                                                                                                                  
                   "Join Type": "Inner",                                                                                                                                     
                   "Startup Cost": 0.07,                                                                                                                                     
                   "Total Cost": 920.81,                                                                                                                                     
                   "Plan Rows": 1,                                                                                                                                           
                   "Plan Width": 100,                                                                                                                                        
                   "Actual Startup Time": 9642.548,                                                                                                                          
                   "Actual Total Time": 14859.934,                                                                                                                           
                   "Actual Rows": 7,                                                                                                                                         
                   "Actual Loops": 1,                                                                                                                                        
                   "Inner Unique": true,                                                                                                                                     
                   "Shared Hit Blocks": 1555882,                                                                                                                             
                   "Shared Read Blocks": 23923,                                                                                                                              
                   "Shared Dirtied Blocks": 0,                                                                                                                               
                   "Shared Written Blocks": 0,                                                                                                                               
                   "Local Hit Blocks": 0,                                                                                                                                    
                   "Local Read Blocks": 0,                                                                                                                                   
                   "Local Dirtied Blocks": 0,                                                                                                                                
                   "Local Written Blocks": 0,                                                                                                                                
                   "Temp Read Blocks": 0,                                                                                                                                    
                   "Temp Written Blocks": 0,                                                                                                                                 
                   "Plans": [                                                                                                                                                
                     {                                                                                                                                                       
                       "Node Type": "Nested Loop",                                                                                                                           
                       "Parent Relationship": "Outer",                                                                                                                       
                       "Parallel Aware": false,                                                                                                                              
                       "Join Type": "Inner",                                                                                                                                 
                       "Startup Cost": 0.06,                                                                                                                                 
                       "Total Cost": 919.87,                                                                                                                                 
                       "Plan Rows": 1,                                                                                                                                       
                       "Plan Width": 89,                                                                                                                                     
                       "Actual Startup Time": 9626.882,                                                                                                                      
                       "Actual Total Time": 14749.179,                                                                                                                       
                       "Actual Rows": 7,                                                                                                                                     
                       "Actual Loops": 1,                                                                                                                                    
                       "Inner Unique": false,                                                                                                                                
                       "Join Filter": "(t.id = ci.movie_id)",                                                                                                                
                       "Rows Removed by Join Filter": 0,                                                                                                                     
                       "Shared Hit Blocks": 1555866,                                                                                                                         
                       "Shared Read Blocks": 23911,                                                                                                                          
                       "Shared Dirtied Blocks": 0,                                                                                                                           
                       "Shared Written Blocks": 0,                                                                                                                           
                       "Local Hit Blocks": 0,                                                                                                                                
                       "Local Read Blocks": 0,                                                                                                                               
                       "Local Dirtied Blocks": 0,                                                                                                                            
                       "Local Written Blocks": 0,                                                                                                                            
                       "Temp Read Blocks": 0,                                                                                                                                
                       "Temp Written Blocks": 0,                                                                                                                             
                       "Plans": [                                                                                                                                            
                         {                                                                                                                                                   
                           "Node Type": "Nested Loop",                                                                                                                       
                           "Parent Relationship": "Outer",                                                                                                                   
                           "Parallel Aware": false,                                                                                                                          
                           "Join Type": "Inner",                                                                                                                             
                           "Startup Cost": 0.04,                                                                                                                             
                           "Total Cost": 915.84,                                                                                                                             
                           "Plan Rows": 1,                                                                                                                                   
                           "Plan Width": 81,                                                                                                                                 
                           "Actual Startup Time": 9277.455,                                                                                                                  
                           "Actual Total Time": 13537.431,                                                                                                                   
                           "Actual Rows": 3,                                                                                                                                 
                           "Actual Loops": 1,                                                                                                                                
                           "Inner Unique": false,                                                                                                                            
                           "Join Filter": "(it.id = mi.info_type_id)",                                                                                                      
                           "Rows Removed by Join Filter": 0,                                                                                                                 
                           "Shared Hit Blocks": 1555729,                                                                                                                     
                           "Shared Read Blocks": 23716,                                                                                                                      
                           "Shared Dirtied Blocks": 0,                                                                                                                       
                           "Shared Written Blocks": 0,                                                                                                                       
                           "Local Hit Blocks": 0,                                                                                                                            
                           "Local Read Blocks": 0,                                                                                                                           
                           "Local Dirtied Blocks": 0,                                                                                                                        
                           "Local Written Blocks": 0,                                                                                                                        
                           "Temp Read Blocks": 0,                                                                                                                            
                           "Temp Written Blocks": 0,                                                                                                                         
                           "Plans": [                                                                                                                                        
                             {                                                                                                                                               
                               "Node Type": "Seq Scan",                                                                                                                      
                               "Parent Relationship": "Outer",                                                                                                               
                               "Parallel Aware": false,                                                                                                                      
                               "Relation Name": "info_type",                                                                                                                 
                               "Alias": "it",                                                                                                                               
                               "Startup Cost": 0.00,                                                                                                                         
                               "Total Cost": 0.05,                                                                                                                           
                               "Plan Rows": 1,                                                                                                                               
                               "Plan Width": 4,                                                                                                                              
                               "Actual Startup Time": 0.020,                                                                                                                 
                               "Actual Total Time": 0.038,                                                                                                                   
                               "Actual Rows": 1,                                                                                                                             
                               "Actual Loops": 1,                                                                                                                            
                               "Filter": "((info)::text = 'genres'::text)",                                                                                                  
                               "Rows Removed by Filter": 112,                                                                                                                
                               "Shared Hit Blocks": 1,                                                                                                                       
                               "Shared Read Blocks": 0,                                                                                                                      
                               "Shared Dirtied Blocks": 0,                                                                                                                   
                               "Shared Written Blocks": 0,                                                                                                                   
                               "Local Hit Blocks": 0,                                                                                                                        
                               "Local Read Blocks": 0,                                                                                                                       
                               "Local Dirtied Blocks": 0,                                                                                                                    
                               "Local Written Blocks": 0,                                                                                                                    
                               "Temp Read Blocks": 0,                                                                                                                        
                               "Temp Written Blocks": 0                                                                                                                      
                             },                                                                                                                                              
                             {                                                                                                                                               
                               "Node Type": "Materialize",                                                                                                                   
                               "Parent Relationship": "Inner",                                                                                                               
                               "Parallel Aware": false,                                                                                                                      
                               "Startup Cost": 0.04,                                                                                                                         
                               "Total Cost": 915.79,                                                                                                                         
                               "Plan Rows": 1,                                                                                                                               
                               "Plan Width": 85,                                                                                                                             
                               "Actual Startup Time": 9277.427,                                                                                                              
                               "Actual Total Time": 13537.380,                                                                                                               
                               "Actual Rows": 3,                                                                                                                             
                               "Actual Loops": 1,                                                                                                                            
                               "Shared Hit Blocks": 1555728,                                                                                                                 
                               "Shared Read Blocks": 23716,                                                                                                                  
                               "Shared Dirtied Blocks": 0,                                                                                                                   
                               "Shared Written Blocks": 0,                                                                                                                   
                               "Local Hit Blocks": 0,                                                                                                                        
                               "Local Read Blocks": 0,                                                                                                                       
                               "Local Dirtied Blocks": 0,                                                                                                                    
                               "Local Written Blocks": 0,                                                                                                                    
                               "Temp Read Blocks": 0,                                                                                                                        
                               "Temp Written Blocks": 0,                                                                                                                     
                               "Plans": [                                                                                                                                    
                                 {                                                                                                                                           
                                   "Node Type": "Nested Loop",                                                                                                               
                                   "Parent Relationship": "Outer",                                                                                                           
                                   "Parallel Aware": false,                                                                                                                  
                                   "Join Type": "Inner",                                                                                                                     
                                   "Startup Cost": 0.04,                                                                                                                     
                                   "Total Cost": 915.79,                                                                                                                     
                                   "Plan Rows": 1,                                                                                                                           
                                   "Plan Width": 85,                                                                                                                         
                                   "Actual Startup Time": 9277.414,                                                                                                          
                                   "Actual Total Time": 13537.351,                                                                                                           
                                   "Actual Rows": 3,                                                                                                                         
                                   "Actual Loops": 1,                                                                                                                        
                                   "Inner Unique": false,                                                                                                                    
                                   "Join Filter": "(t.id = mi.movie_id)",                                                                                                    
                                   "Rows Removed by Join Filter": 0,                                                                                                         
                                   "Shared Hit Blocks": 1555728,                                                                                                             
                                   "Shared Read Blocks": 23716,                                                                                                              
                                   "Shared Dirtied Blocks": 0,                                                                                                               
                                   "Shared Written Blocks": 0,                                                                                                               
                                   "Local Hit Blocks": 0,                                                                                                                    
                                   "Local Read Blocks": 0,                                                                                                                   
                                   "Local Dirtied Blocks": 0,                                                                                                                
                                   "Local Written Blocks": 0,                                                                                                                
                                   "Temp Read Blocks": 0,                                                                                                                    
                                   "Temp Written Blocks": 0,                                                                                                                 
                                   "Plans": [                                                                                                                                
                                     {                                                                                                                                       
                                       "Node Type": "Nested Loop",                                                                                                           
                                       "Parent Relationship": "Outer",                                                                                                       
                                       "Parallel Aware": false,                                                                                                              
                                       "Join Type": "Inner",                                                                                                                 
                                       "Startup Cost": 0.03,                                                                                                                 
                                       "Total Cost": 913.46,                                                                                                                 
                                       "Plan Rows": 1,                                                                                                                       
                                       "Plan Width": 35,                                                                                                                     
                                       "Actual Startup Time": 9110.137,                                                                                                      
                                       "Actual Total Time": 13062.805,                                                                                                       
                                       "Actual Rows": 2,                                                                                                                     
                                       "Actual Loops": 1,                                                                                                                    
                                       "Inner Unique": true,                                                                                                                 
                                       "Shared Hit Blocks": 1555726,                                                                                                         
                                       "Shared Read Blocks": 23634,                                                                                                          
                                       "Shared Dirtied Blocks": 0,                                                                                                           
                                       "Shared Written Blocks": 0,                                                                                                           
                                       "Local Hit Blocks": 0,                                                                                                                
                                       "Local Read Blocks": 0,                                                                                                               
                                       "Local Dirtied Blocks": 0,                                                                                                            
                                       "Local Written Blocks": 0,                                                                                                            
                                       "Temp Read Blocks": 0,                                                                                                                
                                       "Temp Written Blocks": 0,                                                                                                             
                                       "Plans": [                                                                                                                            
                                         {                                                                                                                                   
                                           "Node Type": "Nested Loop",                                                                                                       
                                           "Parent Relationship": "Outer",                                                                                                   
                                           "Parallel Aware": false,                                                                                                          
                                           "Join Type": "Inner",                                                                                                             
                                           "Startup Cost": 0.01,                                                                                                             
                                           "Total Cost": 864.61,                                                                                                             
                                           "Plan Rows": 448,                                                                                                                 
                                           "Plan Width": 14,                                                                                                                 
                                           "Actual Startup Time": 23.803,                                                                                                    
                                           "Actual Total Time": 3145.130,                                                                                                    
                                           "Actual Rows": 23558,                                                                                                             
                                           "Actual Loops": 1,                                                                                                                
                                           "Inner Unique": true,                                                                                                             
                                           "Join Filter": "(cc.status_id = cct.id)",                                                                                        
                                           "Rows Removed by Join Filter": 71841,                                                                                             
                                           "Shared Hit Blocks": 1475489,                                                                                                     
                                           "Shared Read Blocks": 9516,                                                                                                       
                                           "Shared Dirtied Blocks": 0,                                                                                                       
                                           "Shared Written Blocks": 0,                                                                                                       
                                           "Local Hit Blocks": 0,                                                                                                            
                                           "Local Read Blocks": 0,                                                                                                           
                                           "Local Dirtied Blocks": 0,                                                                                                        
                                           "Local Written Blocks": 0,                                                                                                        
                                           "Temp Read Blocks": 0,                                                                                                            
                                           "Temp Written Blocks": 0,                                                                                                         
                                           "Plans": [                                                                                                                        
                                             {                                                                                                                               
                                               "Node Type": "Nested Loop",                                                                                                   
                                               "Parent Relationship": "Outer",                                                                                               
                                               "Parallel Aware": false,                                                                                                      
                                               "Join Type": "Inner",                                                                                                         
                                               "Startup Cost": 0.01,                                                                                                         
                                               "Total Cost": 864.17,                                                                                                         
                                               "Plan Rows": 1794,                                                                                                            
                                               "Plan Width": 18,                                                                                                             
                                               "Actual Startup Time": 0.550,                                                                                                 
                                               "Actual Total Time": 3085.790,                                                                                                
                                               "Actual Rows": 95399,                                                                                                         
                                               "Actual Loops": 1,                                                                                                            
                                               "Inner Unique": true,                                                                                                         
                                               "Join Filter": "(cc.subject_id = cct.id)",                                                                                   
                                               "Rows Removed by Join Filter": 33840,                                                                                         
                                               "Shared Hit Blocks": 1475488,                                                                                                 
                                               "Shared Read Blocks": 9516,                                                                                                   
                                               "Shared Dirtied Blocks": 0,                                                                                                   
                                               "Shared Written Blocks": 0,                                                                                                   
                                               "Local Hit Blocks": 0,                                                                                                        
                                               "Local Read Blocks": 0,                                                                                                       
                                               "Local Dirtied Blocks": 0,                                                                                                    
                                               "Local Written Blocks": 0,                                                                                                    
                                               "Temp Read Blocks": 0,                                                                                                        
                                               "Temp Written Blocks": 0,                                                                                                     
                                               "Plans": [                                                                                                                    
                                                 {                                                                                                                           
                                                   "Node Type": "Nested Loop",                                                                                               
                                                   "Parent Relationship": "Outer",                                                                                           
                                                   "Parallel Aware": false,                                                                                                  
                                                   "Join Type": "Inner",                                                                                                     
                                                   "Startup Cost": 0.01,                                                                                                     
                                                   "Total Cost": 862.66,                                                                                                     
                                                   "Plan Rows": 3587,                                                                                                        
                                                   "Plan Width": 22,                                                                                                         
                                                   "Actual Startup Time": 0.530,                                                                                             
                                                   "Actual Total Time": 3014.566,                                                                                            
                                                   "Actual Rows": 95399,                                                                                                     
                                                   "Actual Loops": 1,                                                                                                        
                                                   "Inner Unique": false,                                                                                                    
                                                   "Shared Hit Blocks": 1475487,                                                                                             
                                                   "Shared Read Blocks": 9516,                                                                                               
                                                   "Shared Dirtied Blocks": 0,                                                                                               
                                                   "Shared Written Blocks": 0,                                                                                               
                                                   "Local Hit Blocks": 0,                                                                                                    
                                                   "Local Read Blocks": 0,                                                                                                   
                                                   "Local Dirtied Blocks": 0,                                                                                                
                                                   "Local Written Blocks": 0,                                                                                                
                                                   "Temp Read Blocks": 0,                                                                                                    
                                                   "Temp Written Blocks": 0,                                                                                                 
                                                   "Plans": [                                                                                                                
                                                     {                                                                                                                       
                                                       "Node Type": "Nested Loop",                                                                                           
                                                       "Parent Relationship": "Outer",                                                                                       
                                                       "Parallel Aware": false,                                                                                              
                                                       "Join Type": "Inner",                                                                                                 
                                                       "Startup Cost": 0.00,                                                                                                 
                                                       "Total Cost": 670.32,                                                                                                 
                                                       "Plan Rows": 12213,                                                                                                   
                                                       "Plan Width": 10,                                                                                                     
                                                       "Actual Startup Time": 0.075,                                                                                         
                                                       "Actual Total Time": 1151.863,                                                                                        
                                                       "Actual Rows": 459925,                                                                                                
                                                       "Actual Loops": 1,                                                                                                    
                                                       "Inner Unique": true,                                                                                                 
                                                       "Join Filter": "(it.id = mi_idx.info_type_id)",                                                                      
                                                       "Rows Removed by Join Filter": 920110,                                                                                
                                                       "Shared Hit Blocks": 3,                                                                                               
                                                       "Shared Read Blocks": 8451,                                                                                           
                                                       "Shared Dirtied Blocks": 0,                                                                                           
                                                       "Shared Written Blocks": 0,                                                                                           
                                                       "Local Hit Blocks": 0,                                                                                                
                                                       "Local Read Blocks": 0,                                                                                               
                                                       "Local Dirtied Blocks": 0,                                                                                            
                                                       "Local Written Blocks": 0,                                                                                            
                                                       "Temp Read Blocks": 0,                                                                                                
                                                       "Temp Written Blocks": 0,                                                                                             
                                                       "Plans": [                                                                                                            
                                                         {                                                                                                                   
                                                           "Node Type": "Seq Scan",                                                                                          
                                                           "Parent Relationship": "Outer",                                                                                   
                                                           "Parallel Aware": false,                                                                                          
                                                           "Relation Name": "movie_info_idx",                                                                                
                                                           "Alias": "mi_idx",                                                                                                
                                                           "Startup Cost": 0.00,                                                                                             
                                                           "Total Cost": 360.56,                                                                                             
                                                           "Plan Rows": 1380035,                                                                                             
                                                           "Plan Width": 14,                                                                                                 
                                                           "Actual Startup Time": 0.010,                                                                                     
                                                           "Actual Total Time": 277.622,                                                                                     
                                                           "Actual Rows": 1380035,                                                                                           
                                                           "Actual Loops": 1,                                                                                                
                                                           "Shared Hit Blocks": 2,                                                                                           
                                                           "Shared Read Blocks": 8451,                                                                                       
                                                           "Shared Dirtied Blocks": 0,                                                                                       
                                                           "Shared Written Blocks": 0,                                                                                       
                                                           "Local Hit Blocks": 0,                                                                                            
                                                           "Local Read Blocks": 0,                                                                                           
                                                           "Local Dirtied Blocks": 0,                                                                                        
                                                           "Local Written Blocks": 0,                                                                                        
                                                           "Temp Read Blocks": 0,                                                                                            
                                                           "Temp Written Blocks": 0                                                                                          
                                                         },                                                                                                                  
                                                         {                                                                                                                   
                                                           "Node Type": "Materialize",                                                                                       
                                                           "Parent Relationship": "Inner",                                                                                   
                                                           "Parallel Aware": false,                                                                                          
                                                           "Startup Cost": 0.00,                                                                                             
                                                           "Total Cost": 0.05,                                                                                               
                                                           "Plan Rows": 1,                                                                                                   
                                                           "Plan Width": 4,                                                                                                  
                                                           "Actual Startup Time": 0.000,                                                                                     
                                                           "Actual Total Time": 0.000,                                                                                       
                                                           "Actual Rows": 1,                                                                                                 
                                                           "Actual Loops": 1380035,                                                                                          
                                                           "Shared Hit Blocks": 1,                                                                                           
                                                           "Shared Read Blocks": 0,                                                                                          
                                                           "Shared Dirtied Blocks": 0,                                                                                       
                                                           "Shared Written Blocks": 0,                                                                                       
                                                           "Local Hit Blocks": 0,                                                                                            
                                                           "Local Read Blocks": 0,                                                                                           
                                                           "Local Dirtied Blocks": 0,                                                                                        
                                                           "Local Written Blocks": 0,                                                                                        
                                                           "Temp Read Blocks": 0,                                                                                            
                                                           "Temp Written Blocks": 0,                                                                                         
                                                           "Plans": [                                                                                                        
                                                             {                                                                                                               
                                                               "Node Type": "Seq Scan",                                                                                      
                                                               "Parent Relationship": "Outer",                                                                               
                                                               "Parallel Aware": false,                                                                                      
                                                               "Relation Name": "info_type",                                                                                 
                                                               "Alias": "it",                                                                                               
                                                               "Startup Cost": 0.00,                                                                                         
                                                               "Total Cost": 0.05,                                                                                           
                                                               "Plan Rows": 1,                                                                                               
                                                               "Plan Width": 4,                                                                                              
                                                               "Actual Startup Time": 0.043,                                                                                 
                                                               "Actual Total Time": 0.049,                                                                                   
                                                               "Actual Rows": 1,                                                                                             
                                                               "Actual Loops": 1,                                                                                            
                                                               "Filter": "((info)::text = 'votes'::text)",                                                                   
                                                               "Rows Removed by Filter": 112,                                                                                
                                                               "Shared Hit Blocks": 1,                                                                                       
                                                               "Shared Read Blocks": 0,                                                                                      
                                                               "Shared Dirtied Blocks": 0,                                                                                   
                                                               "Shared Written Blocks": 0,                                                                                   
                                                               "Local Hit Blocks": 0,                                                                                        
                                                               "Local Read Blocks": 0,                                                                                       
                                                               "Local Dirtied Blocks": 0,                                                                                    
                                                               "Local Written Blocks": 0,                                                                                    
                                                               "Temp Read Blocks": 0,                                                                                        
                                                               "Temp Written Blocks": 0                                                                                      
                                                             }                                                                                                               
                                                           ]                                                                                                                 
                                                         }                                                                                                                   
                                                       ]                                                                                                                     
                                                     },                                                                                                                      
                                                     {                                                                                                                       
                                                       "Node Type": "Index Scan",                                                                                            
                                                       "Parent Relationship": "Inner",                                                                                       
                                                       "Parallel Aware": false,                                                                                              
                                                       "Scan Direction": "Forward",                                                                                          
                                                       "Index Name": "movie_id_complete_cast",                                                                               
                                                       "Relation Name": "complete_cast",                                                                                     
                                                       "Alias": "cc",                                                                                                        
                                                       "Startup Cost": 0.01,                                                                                                 
                                                       "Total Cost": 0.02,                                                                                                   
                                                       "Plan Rows": 1,                                                                                                       
                                                       "Plan Width": 12,                                                                                                     
                                                       "Actual Startup Time": 0.003,                                                                                         
                                                       "Actual Total Time": 0.004,                                                                                           
                                                       "Actual Rows": 0,                                                                                                     
                                                       "Actual Loops": 459925,                                                                                               
                                                       "Index Cond": "(movie_id = mi_idx.movie_id)",                                                                         
                                                       "Rows Removed by Index Recheck": 0,                                                                                   
                                                       "Shared Hit Blocks": 1475484,                                                                                         
                                                       "Shared Read Blocks": 1065,                                                                                           
                                                       "Shared Dirtied Blocks": 0,                                                                                           
                                                       "Shared Written Blocks": 0,                                                                                           
                                                       "Local Hit Blocks": 0,                                                                                                
                                                       "Local Read Blocks": 0,                                                                                               
                                                       "Local Dirtied Blocks": 0,                                                                                            
                                                       "Local Written Blocks": 0,                                                                                            
                                                       "Temp Read Blocks": 0,                                                                                                
                                                       "Temp Written Blocks": 0                                                                                              
                                                     }                                                                                                                       
                                                   ]                                                                                                                         
                                                 },                                                                                                                          
                                                 {                                                                                                                           
                                                   "Node Type": "Materialize",                                                                                               
                                                   "Parent Relationship": "Inner",                                                                                           
                                                   "Parallel Aware": false,                                                                                                  
                                                   "Startup Cost": 0.00,                                                                                                     
                                                   "Total Cost": 0.03,                                                                                                       
                                                   "Plan Rows": 2,                                                                                                           
                                                   "Plan Width": 4,                                                                                                          
                                                   "Actual Startup Time": 0.000,                                                                                             
                                                   "Actual Total Time": 0.000,                                                                                               
                                                   "Actual Rows": 1,                                                                                                         
                                                   "Actual Loops": 95399,                                                                                                    
                                                   "Shared Hit Blocks": 1,                                                                                                   
                                                   "Shared Read Blocks": 0,                                                                                                  
                                                   "Shared Dirtied Blocks": 0,                                                                                               
                                                   "Shared Written Blocks": 0,                                                                                               
                                                   "Local Hit Blocks": 0,                                                                                                    
                                                   "Local Read Blocks": 0,                                                                                                   
                                                   "Local Dirtied Blocks": 0,                                                                                                
                                                   "Local Written Blocks": 0,                                                                                                
                                                   "Temp Read Blocks": 0,                                                                                                    
                                                   "Temp Written Blocks": 0,                                                                                                 
                                                   "Plans": [                                                                                                                
                                                     {                                                                                                                       
                                                       "Node Type": "Seq Scan",                                                                                              
                                                       "Parent Relationship": "Outer",                                                                                       
                                                       "Parallel Aware": false,                                                                                              
                                                       "Relation Name": "comp_cast_type",                                                                                    
                                                       "Alias": "cct",                                                                                                      
                                                       "Startup Cost": 0.00,                                                                                                 
                                                       "Total Cost": 0.03,                                                                                                   
                                                       "Plan Rows": 2,                                                                                                       
                                                       "Plan Width": 4,                                                                                                      
                                                       "Actual Startup Time": 0.010,                                                                                         
                                                       "Actual Total Time": 0.015,                                                                                           
                                                       "Actual Rows": 2,                                                                                                     
                                                       "Actual Loops": 1,                                                                                                    
                                                       "Filter": "((kind)::text = ANY ('{cast,crew}'::text[]))",                                                             
                                                       "Rows Removed by Filter": 0,                                                                                          
                                                       "Shared Hit Blocks": 1,                                                                                               
                                                       "Shared Read Blocks": 0,                                                                                              
                                                       "Shared Dirtied Blocks": 0,                                                                                           
                                                       "Shared Written Blocks": 0,                                                                                           
                                                       "Local Hit Blocks": 0,                                                                                                
                                                       "Local Read Blocks": 0,                                                                                               
                                                       "Local Dirtied Blocks": 0,                                                                                            
                                                       "Local Written Blocks": 0,                                                                                            
                                                       "Temp Read Blocks": 0,                                                                                                
                                                       "Temp Written Blocks": 0                                                                                              
                                                     }                                                                                                                       
                                                   ]                                                                                                                         
                                                 }                                                                                                                           
                                               ]                                                                                                                             
                                             },                                                                                                                              
                                             {                                                                                                                               
                                               "Node Type": "Materialize",                                                                                                   
                                               "Parent Relationship": "Inner",                                                                                               
                                               "Parallel Aware": false,                                                                                                      
                                               "Startup Cost": 0.00,                                                                                                         
                                               "Total Cost": 0.03,                                                                                                           
                                               "Plan Rows": 1,                                                                                                               
                                               "Plan Width": 4,                                                                                                              
                                               "Actual Startup Time": 0.000,                                                                                                 
                                               "Actual Total Time": 0.000,                                                                                                   
                                               "Actual Rows": 1,                                                                                                             
                                               "Actual Loops": 95399,                                                                                                        
                                               "Shared Hit Blocks": 1,                                                                                                       
                                               "Shared Read Blocks": 0,                                                                                                      
                                               "Shared Dirtied Blocks": 0,                                                                                                   
                                               "Shared Written Blocks": 0,                                                                                                   
                                               "Local Hit Blocks": 0,                                                                                                        
                                               "Local Read Blocks": 0,                                                                                                       
                                               "Local Dirtied Blocks": 0,                                                                                                    
                                               "Local Written Blocks": 0,                                                                                                    
                                               "Temp Read Blocks": 0,                                                                                                        
                                               "Temp Written Blocks": 0,                                                                                                     
                                               "Plans": [                                                                                                                    
                                                 {                                                                                                                           
                                                   "Node Type": "Seq Scan",                                                                                                  
                                                   "Parent Relationship": "Outer",                                                                                           
                                                   "Parallel Aware": false,                                                                                                  
                                                   "Relation Name": "comp_cast_type",                                                                                        
                                                   "Alias": "cct",                                                                                                          
                                                   "Startup Cost": 0.00,                                                                                                     
                                                   "Total Cost": 0.03,                                                                                                       
                                                   "Plan Rows": 1,                                                                                                           
                                                   "Plan Width": 4,                                                                                                          
                                                   "Actual Startup Time": 0.007,                                                                                             
                                                   "Actual Total Time": 0.008,                                                                                               
                                                   "Actual Rows": 1,                                                                                                         
                                                   "Actual Loops": 1,                                                                                                        
                                                   "Filter": "((kind)::text = 'completeverified'::text)",                                                                   
                                                   "Rows Removed by Filter": 3,                                                                                              
                                                   "Shared Hit Blocks": 1,                                                                                                   
                                                   "Shared Read Blocks": 0,                                                                                                  
                                                   "Shared Dirtied Blocks": 0,                                                                                               
                                                   "Shared Written Blocks": 0,                                                                                               
                                                   "Local Hit Blocks": 0,                                                                                                    
                                                   "Local Read Blocks": 0,                                                                                                   
                                                   "Local Dirtied Blocks": 0,                                                                                                
                                                   "Local Written Blocks": 0,                                                                                                
                                                   "Temp Read Blocks": 0,                                                                                                    
                                                   "Temp Written Blocks": 0                                                                                                  
                                                 }                                                                                                                           
                                               ]                                                                                                                             
                                             }                                                                                                                               
                                           ]                                                                                                                                 
                                         },                                                                                                                                  
                                         {                                                                                                                                   
                                           "Node Type": "Index Scan",                                                                                                        
                                           "Parent Relationship": "Inner",                                                                                                   
                                           "Parallel Aware": false,                                                                                                          
                                           "Scan Direction": "Forward",                                                                                                      
                                           "Index Name": "title_idx_id",                                                                                                     
                                           "Relation Name": "title",                                                                                                         
                                           "Alias": "t",                                                                                                                     
                                           "Startup Cost": 0.01,                                                                                                             
                                           "Total Cost": 0.11,                                                                                                               
                                           "Plan Rows": 1,                                                                                                                   
                                           "Plan Width": 21,                                                                                                                 
                                           "Actual Startup Time": 0.420,                                                                                                     
                                           "Actual Total Time": 0.420,                                                                                                       
                                           "Actual Rows": 0,                                                                                                                 
                                           "Actual Loops": 23558,                                                                                                            
                                           "Index Cond": "(id = mi_idx.movie_id)",                                                                                           
                                           "Rows Removed by Index Recheck": 0,                                                                                               
                                           "Filter": "((production_year > 2000) AND ((title ~~ '%Freddy%'::text) OR (title ~~ '%Jason%'::text) OR (title ~~ 'Saw%'::text)))",
                                           "Rows Removed by Filter": 1,                                                                                                      
                                           "Shared Hit Blocks": 80237,                                                                                                       
                                           "Shared Read Blocks": 14118,                                                                                                      
                                           "Shared Dirtied Blocks": 0,                                                                                                       
                                           "Shared Written Blocks": 0,                                                                                                       
                                           "Local Hit Blocks": 0,                                                                                                            
                                           "Local Read Blocks": 0,                                                                                                           
                                           "Local Dirtied Blocks": 0,                                                                                                        
                                           "Local Written Blocks": 0,                                                                                                        
                                           "Temp Read Blocks": 0,                                                                                                            
                                           "Temp Written Blocks": 0                                                                                                          
                                         }                                                                                                                                   
                                       ]                                                                                                                                     
                                     },                                                                                                                                      
                                     {                                                                                                                                       
                                       "Node Type": "Index Scan",                                                                                                            
                                       "Parent Relationship": "Inner",                                                                                                       
                                       "Parallel Aware": false,                                                                                                              
                                       "Scan Direction": "Forward",                                                                                                          
                                       "Index Name": "movie_id_movie_info",                                                                                                  
                                       "Relation Name": "movie_info",                                                                                                        
                                       "Alias": "mi",                                                                                                                        
                                       "Startup Cost": 0.01,                                                                                                                 
                                       "Total Cost": 0.47,                                                                                                                   
                                       "Plan Rows": 1,                                                                                                                       
                                       "Plan Width": 50,                                                                                                                     
                                       "Actual Startup Time": 237.256,                                                                                                       
                                       "Actual Total Time": 237.262,                                                                                                         
                                       "Actual Rows": 2,                                                                                                                     
                                       "Actual Loops": 2,                                                                                                                    
                                       "Index Cond": "(movie_id = mi_idx.movie_id)",                                                                                         
                                       "Rows Removed by Index Recheck": 0,                                                                                                   
                                       "Filter": "(info = ANY ('{Horror,Thriller}'::text[]))",                                                                               
                                       "Rows Removed by Filter": 452,                                                                                                        
                                       "Shared Hit Blocks": 2,                                                                                                               
                                       "Shared Read Blocks": 82,                                                                                                             
                                       "Shared Dirtied Blocks": 0,                                                                                                           
                                       "Shared Written Blocks": 0,                                                                                                           
                                       "Local Hit Blocks": 0,                                                                                                                
                                       "Local Read Blocks": 0,                                                                                                               
                                       "Local Dirtied Blocks": 0,                                                                                                            
                                       "Local Written Blocks": 0,                                                                                                            
                                       "Temp Read Blocks": 0,                                                                                                                
                                       "Temp Written Blocks": 0                                                                                                              
                                     }                                                                                                                                       
                                   ]                                                                                                                                         
                                 }                                                                                                                                           
                               ]                                                                                                                                             
                             }                                                                                                                                               
                           ]                                                                                                                                                 
                         },                                                                                                                                                  
                         {                                                                                                                                                   
                           "Node Type": "Index Scan",                                                                                                                        
                           "Parent Relationship": "Inner",                                                                                                                   
                           "Parallel Aware": false,                                                                                                                          
                           "Scan Direction": "Forward",                                                                                                                      
                           "Index Name": "movie_id_cast_info",                                                                                                               
                           "Relation Name": "cast_info",                                                                                                                     
                           "Alias": "ci",                                                                                                                                    
                           "Startup Cost": 0.02,                                                                                                                             
                           "Total Cost": 0.81,                                                                                                                               
                           "Plan Rows": 1,                                                                                                                                   
                           "Plan Width": 8,                                                                                                                                  
                           "Actual Startup Time": 186.171,                                                                                                                   
                           "Actual Total Time": 403.900,                                                                                                                     
                           "Actual Rows": 2,                                                                                                                                 
                           "Actual Loops": 3,                                                                                                                                
                           "Index Cond": "(movie_id = mi_idx.movie_id)",                                                                                                     
                           "Rows Removed by Index Recheck": 0,                                                                                                               
                           "Filter": "(note = ANY ('{(writer),\"(head writer)\",\"(written by)\",(story),\"(story editor)\"}'::text[]))",                                    
                           "Rows Removed by Filter": 107,                                                                                                                    
                           "Shared Hit Blocks": 137,                                                                                                                         
                           "Shared Read Blocks": 195,                                                                                                                        
                           "Shared Dirtied Blocks": 0,                                                                                                                       
                           "Shared Written Blocks": 0,                                                                                                                       
                           "Local Hit Blocks": 0,                                                                                                                            
                           "Local Read Blocks": 0,                                                                                                                           
                           "Local Dirtied Blocks": 0,                                                                                                                        
                           "Local Written Blocks": 0,                                                                                                                        
                           "Temp Read Blocks": 0,                                                                                                                            
                           "Temp Written Blocks": 0                                                                                                                          
                         }                                                                                                                                                   
                       ]                                                                                                                                                     
                     },                                                                                                                                                      
                     {                                                                                                                                                       
                       "Node Type": "Index Scan",                                                                                                                            
                       "Parent Relationship": "Inner",                                                                                                                       
                       "Parallel Aware": false,                                                                                                                              
                       "Scan Direction": "Forward",                                                                                                                          
                       "Index Name": "name_pkey",                                                                                                                            
                       "Relation Name": "name",                                                                                                                              
                       "Alias": "n",                                                                                                                                         
                       "Startup Cost": 0.01,                                                                                                                                 
                       "Total Cost": 0.19,                                                                                                                                   
                       "Plan Rows": 1,                                                                                                                                       
                       "Plan Width": 19,                                                                                                                                     
                       "Actual Startup Time": 15.814,                                                                                                                        
                       "Actual Total Time": 15.814,                                                                                                                          
                       "Actual Rows": 1,                                                                                                                                     
                       "Actual Loops": 7,                                                                                                                                    
                       "Index Cond": "(id = ci.person_id)",                                                                                                                  
                       "Rows Removed by Index Recheck": 0,                                                                                                                   
                       "Filter": "((gender)::text = 'm'::text)",                                                                                                             
                       "Rows Removed by Filter": 0,                                                                                                                          
                       "Shared Hit Blocks": 16,                                                                                                                              
                       "Shared Read Blocks": 12,                                                                                                                             
                       "Shared Dirtied Blocks": 0,                                                                                                                           
                       "Shared Written Blocks": 0,                                                                                                                           
                       "Local Hit Blocks": 0,                                                                                                                                
                       "Local Read Blocks": 0,                                                                                                                               
                       "Local Dirtied Blocks": 0,                                                                                                                            
                       "Local Written Blocks": 0,                                                                                                                            
                       "Temp Read Blocks": 0,                                                                                                                                
                       "Temp Written Blocks": 0                                                                                                                              
                     }                                                                                                                                                       
                   ]                                                                                                                                                         
                 },                                                                                                                                                          
                 {                                                                                                                                                           
                   "Node Type": "Index Scan",                                                                                                                                
                   "Parent Relationship": "Inner",                                                                                                                           
                   "Parallel Aware": false,                                                                                                                                  
                   "Scan Direction": "Forward",                                                                                                                              
                   "Index Name": "movie_id_movie_keyword",                                                                                                                   
                   "Relation Name": "movie_keyword",                                                                                                                         
                   "Alias": "mk",                                                                                                                                            
                   "Startup Cost": 0.01,                                                                                                                                     
                   "Total Cost": 0.10,                                                                                                                                       
                   "Plan Rows": 11,                                                                                                                                          
                   "Plan Width": 8,                                                                                                                                          
                   "Actual Startup Time": 12.027,                                                                                                                            
                   "Actual Total Time": 12.144,                                                                                                                              
                   "Actual Rows": 151,                                                                                                                                       
                   "Actual Loops": 7,                                                                                                                                        
                   "Index Cond": "(movie_id = mi_idx.movie_id)",                                                                                                             
                   "Rows Removed by Index Recheck": 0,                                                                                                                       
                   "Shared Hit Blocks": 27,                                                                                                                                  
                   "Shared Read Blocks": 8,                                                                                                                                  
                   "Shared Dirtied Blocks": 0,                                                                                                                               
                   "Shared Written Blocks": 0,                                                                                                                               
                   "Local Hit Blocks": 0,                                                                                                                                    
                   "Local Read Blocks": 0,                                                                                                                                   
                   "Local Dirtied Blocks": 0,                                                                                                                                
                   "Local Written Blocks": 0,                                                                                                                                
                   "Temp Read Blocks": 0,                                                                                                                                    
                   "Temp Written Blocks": 0                                                                                                                                  
                 }                                                                                                                                                           
               ]                                                                                                                                                             
             },                                                                                                                                                              
             {                                                                                                                                                               
               "Node Type": "Index Scan",                                                                                                                                    
               "Parent Relationship": "Inner",                                                                                                                               
               "Parallel Aware": false,                                                                                                                                      
               "Scan Direction": "Forward",                                                                                                                                  
               "Index Name": "keyword_pkey",                                                                                                                                 
               "Relation Name": "keyword",                                                                                                                                   
               "Alias": "k",                                                                                                                                                 
               "Startup Cost": 0.01,                                                                                                                                         
               "Total Cost": 0.01,                                                                                                                                           
               "Plan Rows": 1,                                                                                                                                               
               "Plan Width": 4,                                                                                                                                              
               "Actual Startup Time": 0.251,                                                                                                                                 
               "Actual Total Time": 0.251,                                                                                                                                   
               "Actual Rows": 0,                                                                                                                                             
               "Actual Loops": 1060,                                                                                                                                         
               "Index Cond": "(id = mk.keyword_id)",                                                                                                                         
               "Rows Removed by Index Recheck": 0,                                                                                                                           
               "Filter": "(keyword = ANY ('{murder,violence,blood,gore,death,female-nudity,hospital}'::text[]))",                                                            
               "Rows Removed by Filter": 1,                                                                                                                                  
               "Shared Hit Blocks": 3992,                                                                                                                                    
               "Shared Read Blocks": 255,                                                                                                                                    
               "Shared Dirtied Blocks": 0,                                                                                                                                   
               "Shared Written Blocks": 0,                                                                                                                                   
               "Local Hit Blocks": 0,                                                                                                                                        
               "Local Read Blocks": 0,                                                                                                                                       
               "Local Dirtied Blocks": 0,                                                                                                                                    
               "Local Written Blocks": 0,                                                                                                                                    
               "Temp Read Blocks": 0,                                                                                                                                        
               "Temp Written Blocks": 0                                                                                                                                      
             }                                                                                                                                                               
           ]                                                                                                                                                                 
         }                                                                                                                                                                   
       ]                                                                                                                                                                     
     },                                                                                                                                                                      
     "Planning Time": 15565.526,                                                                                                                                             
     "Triggers": [                                                                                                                                                           
     ],                                                                                                                                                                      
     "Execution Time": 15233.439                                                                                                                                             
   }                                                                                                                                                                         
 ]
