 [                                                                                                                                                       
   {                                                                                                                                                     
     "Plan": {                                                                                                                                           
       "Node Type": "Aggregate",                                                                                                                         
       "Strategy": "Plain",                                                                                                                              
       "Partial Mode": "Simple",                                                                                                                         
       "Parallel Aware": false,                                                                                                                          
       "Startup Cost": 905.38,                                                                                                                           
       "Total Cost": 905.38,                                                                                                                             
       "Plan Rows": 1,                                                                                                                                   
       "Plan Width": 128,                                                                                                                                
       "Actual Startup Time": 1728905.682,                                                                                                               
       "Actual Total Time": 1728905.683,                                                                                                                 
       "Actual Rows": 1,                                                                                                                                 
       "Actual Loops": 1,                                                                                                                                
       "Shared Hit Blocks": 5225898,                                                                                                                     
       "Shared Read Blocks": 380116,                                                                                                                     
       "Shared Dirtied Blocks": 0,                                                                                                                       
       "Shared Written Blocks": 0,                                                                                                                       
       "Local Hit Blocks": 0,                                                                                                                            
       "Local Read Blocks": 0,                                                                                                                           
       "Local Dirtied Blocks": 0,                                                                                                                        
       "Local Written Blocks": 0,                                                                                                                        
       "Temp Read Blocks": 0,                                                                                                                            
       "Temp Written Blocks": 0,                                                                                                                         
       "Plans": [                                                                                                                                        
         {                                                                                                                                               
           "Node Type": "Nested Loop",                                                                                                                   
           "Parent Relationship": "Outer",                                                                                                               
           "Parallel Aware": false,                                                                                                                      
           "Join Type": "Inner",                                                                                                                         
           "Startup Cost": 0.12,                                                                                                                         
           "Total Cost": 905.38,                                                                                                                         
           "Plan Rows": 1,                                                                                                                               
           "Plan Width": 80,                                                                                                                             
           "Actual Startup Time": 118568.530,                                                                                                            
           "Actual Total Time": 1728901.209,                                                                                                             
           "Actual Rows": 1273,                                                                                                                          
           "Actual Loops": 1,                                                                                                                            
           "Inner Unique": true,                                                                                                                         
           "Join Filter": "(mi.info_type_id = it.id)",                                                                                                  
           "Rows Removed by Join Filter": 60,                                                                                                            
           "Shared Hit Blocks": 5225898,                                                                                                                 
           "Shared Read Blocks": 380116,                                                                                                                 
           "Shared Dirtied Blocks": 0,                                                                                                                   
           "Shared Written Blocks": 0,                                                                                                                   
           "Local Hit Blocks": 0,                                                                                                                        
           "Local Read Blocks": 0,                                                                                                                       
           "Local Dirtied Blocks": 0,                                                                                                                    
           "Local Written Blocks": 0,                                                                                                                    
           "Temp Read Blocks": 0,                                                                                                                        
           "Temp Written Blocks": 0,                                                                                                                     
           "Plans": [                                                                                                                                    
             {                                                                                                                                           
               "Node Type": "Nested Loop",                                                                                                               
               "Parent Relationship": "Outer",                                                                                                           
               "Parallel Aware": false,                                                                                                                  
               "Join Type": "Inner",                                                                                                                     
               "Startup Cost": 0.12,                                                                                                                     
               "Total Cost": 905.33,                                                                                                                     
               "Plan Rows": 1,                                                                                                                           
               "Plan Width": 84,                                                                                                                         
               "Actual Startup Time": 118568.500,                                                                                                        
               "Actual Total Time": 1728898.529,                                                                                                         
               "Actual Rows": 1333,                                                                                                                      
               "Actual Loops": 1,                                                                                                                        
               "Inner Unique": true,                                                                                                                     
               "Shared Hit Blocks": 5225897,                                                                                                             
               "Shared Read Blocks": 380116,                                                                                                             
               "Shared Dirtied Blocks": 0,                                                                                                               
               "Shared Written Blocks": 0,                                                                                                               
               "Local Hit Blocks": 0,                                                                                                                    
               "Local Read Blocks": 0,                                                                                                                   
               "Local Dirtied Blocks": 0,                                                                                                                
               "Local Written Blocks": 0,                                                                                                                
               "Temp Read Blocks": 0,                                                                                                                    
               "Temp Written Blocks": 0,                                                                                                                 
               "Plans": [                                                                                                                                
                 {                                                                                                                                       
                   "Node Type": "Nested Loop",                                                                                                           
                   "Parent Relationship": "Outer",                                                                                                       
                   "Parallel Aware": false,                                                                                                              
                   "Join Type": "Inner",                                                                                                                 
                   "Startup Cost": 0.11,                                                                                                                 
                   "Total Cost": 905.24,                                                                                                                 
                   "Plan Rows": 1,                                                                                                                       
                   "Plan Width": 88,                                                                                                                     
                   "Actual Startup Time": 82621.777,                                                                                                     
                   "Actual Total Time": 1695902.877,                                                                                                     
                   "Actual Rows": 209397,                                                                                                                
                   "Actual Loops": 1,                                                                                                                    
                   "Inner Unique": false,                                                                                                                
                   "Join Filter": "(t.id = mc.movie_id)",                                                                                                
                   "Rows Removed by Join Filter": 0,                                                                                                     
                   "Shared Hit Blocks": 4389866,                                                                                                         
                   "Shared Read Blocks": 376711,                                                                                                         
                   "Shared Dirtied Blocks": 0,                                                                                                           
                   "Shared Written Blocks": 0,                                                                                                           
                   "Local Hit Blocks": 0,                                                                                                                
                   "Local Read Blocks": 0,                                                                                                               
                   "Local Dirtied Blocks": 0,                                                                                                            
                   "Local Written Blocks": 0,                                                                                                            
                   "Temp Read Blocks": 0,                                                                                                                
                   "Temp Written Blocks": 0,                                                                                                             
                   "Plans": [                                                                                                                            
                     {                                                                                                                                   
                       "Node Type": "Nested Loop",                                                                                                       
                       "Parent Relationship": "Outer",                                                                                                   
                       "Parallel Aware": false,                                                                                                          
                       "Join Type": "Inner",                                                                                                             
                       "Startup Cost": 0.10,                                                                                                             
                       "Total Cost": 905.08,                                                                                                             
                       "Plan Rows": 1,                                                                                                                   
                       "Plan Width": 104,                                                                                                                
                       "Actual Startup Time": 82580.783,                                                                                                 
                       "Actual Total Time": 1652350.344,                                                                                                 
                       "Actual Rows": 13938,                                                                                                             
                       "Actual Loops": 1,                                                                                                                
                       "Inner Unique": false,                                                                                                            
                       "Join Filter": "(t.id = mi.movie_id)",                                                                                            
                       "Rows Removed by Join Filter": 0,                                                                                                 
                       "Shared Hit Blocks": 4325806,                                                                                                     
                       "Shared Read Blocks": 369552,                                                                                                     
                       "Shared Dirtied Blocks": 0,                                                                                                       
                       "Shared Written Blocks": 0,                                                                                                       
                       "Local Hit Blocks": 0,                                                                                                            
                       "Local Read Blocks": 0,                                                                                                           
                       "Local Dirtied Blocks": 0,                                                                                                        
                       "Local Written Blocks": 0,                                                                                                        
                       "Temp Read Blocks": 0,                                                                                                            
                       "Temp Written Blocks": 0,                                                                                                         
                       "Plans": [                                                                                                                        
                         {                                                                                                                               
                           "Node Type": "Nested Loop",                                                                                                   
                           "Parent Relationship": "Outer",                                                                                               
                           "Parallel Aware": false,                                                                                                      
                           "Join Type": "Inner",                                                                                                         
                           "Startup Cost": 0.08,                                                                                                         
                           "Total Cost": 904.78,                                                                                                         
                           "Plan Rows": 2,                                                                                                               
                           "Plan Width": 54,                                                                                                             
                           "Actual Startup Time": 786.331,                                                                                               
                           "Actual Total Time": 1381195.171,                                                                                             
                           "Actual Rows": 22670,                                                                                                         
                           "Actual Loops": 1,                                                                                                            
                           "Inner Unique": true,                                                                                                         
                           "Join Filter": "(mi_idx.movie_id = t.id)",                                                                                    
                           "Rows Removed by Join Filter": 0,                                                                                             
                           "Shared Hit Blocks": 3969155,                                                                                                 
                           "Shared Read Blocks": 289665,                                                                                                 
                           "Shared Dirtied Blocks": 0,                                                                                                   
                           "Shared Written Blocks": 0,                                                                                                   
                           "Local Hit Blocks": 0,                                                                                                        
                           "Local Read Blocks": 0,                                                                                                       
                           "Local Dirtied Blocks": 0,                                                                                                    
                           "Local Written Blocks": 0,                                                                                                    
                           "Temp Read Blocks": 0,                                                                                                        
                           "Temp Written Blocks": 0,                                                                                                     
                           "Plans": [                                                                                                                    
                             {                                                                                                                           
                               "Node Type": "Nested Loop",                                                                                               
                               "Parent Relationship": "Outer",                                                                                           
                               "Parallel Aware": false,                                                                                                  
                               "Join Type": "Inner",                                                                                                     
                               "Startup Cost": 0.07,                                                                                                     
                               "Total Cost": 904.69,                                                                                                     
                               "Plan Rows": 2,                                                                                                           
                               "Plan Width": 33,                                                                                                         
                               "Actual Startup Time": 740.302,                                                                                           
                               "Actual Total Time": 1315023.372,                                                                                         
                               "Actual Rows": 22670,                                                                                                     
                               "Actual Loops": 1,                                                                                                        
                               "Inner Unique": true,                                                                                                     
                               "Shared Hit Blocks": 3888557,                                                                                             
                               "Shared Read Blocks": 279548,                                                                                             
                               "Shared Dirtied Blocks": 0,                                                                                               
                               "Shared Written Blocks": 0,                                                                                               
                               "Local Hit Blocks": 0,                                                                                                    
                               "Local Read Blocks": 0,                                                                                                   
                               "Local Dirtied Blocks": 0,                                                                                                
                               "Local Written Blocks": 0,                                                                                                
                               "Temp Read Blocks": 0,                                                                                                    
                               "Temp Written Blocks": 0,                                                                                                 
                               "Plans": [                                                                                                                
                                 {                                                                                                                       
                                   "Node Type": "Nested Loop",                                                                                           
                                   "Parent Relationship": "Outer",                                                                                       
                                   "Parallel Aware": false,                                                                                              
                                   "Join Type": "Inner",                                                                                                 
                                   "Startup Cost": 0.06,                                                                                                 
                                   "Total Cost": 903.75,                                                                                                 
                                   "Plan Rows": 5,                                                                                                       
                                   "Plan Width": 22,                                                                                                     
                                   "Actual Startup Time": 724.578,                                                                                       
                                   "Actual Total Time": 1178139.761,                                                                                     
                                   "Actual Rows": 38991,                                                                                                 
                                   "Actual Loops": 1,                                                                                                    
                                   "Inner Unique": false,                                                                                                
                                   "Join Filter": "(mi_idx.movie_id = ci.movie_id)",                                                                     
                                   "Rows Removed by Join Filter": 0,                                                                                     
                                   "Shared Hit Blocks": 3750430,                                                                                         
                                   "Shared Read Blocks": 261473,                                                                                         
                                   "Shared Dirtied Blocks": 0,                                                                                           
                                   "Shared Written Blocks": 0,                                                                                           
                                   "Local Hit Blocks": 0,                                                                                                
                                   "Local Read Blocks": 0,                                                                                               
                                   "Local Dirtied Blocks": 0,                                                                                            
                                   "Local Written Blocks": 0,                                                                                            
                                   "Temp Read Blocks": 0,                                                                                                
                                   "Temp Written Blocks": 0,                                                                                             
                                   "Plans": [                                                                                                            
                                     {                                                                                                                   
                                       "Node Type": "Nested Loop",                                                                                       
                                       "Parent Relationship": "Outer",                                                                                   
                                       "Parallel Aware": false,                                                                                          
                                       "Join Type": "Inner",                                                                                             
                                       "Startup Cost": 0.04,                                                                                             
                                       "Total Cost": 902.17,                                                                                             
                                       "Plan Rows": 6,                                                                                                   
                                       "Plan Width": 14,                                                                                                 
                                       "Actual Startup Time": 46.851,                                                                                    
                                       "Actual Total Time": 37336.552,                                                                                   
                                       "Actual Rows": 63701,                                                                                             
                                       "Actual Loops": 1,                                                                                                
                                       "Inner Unique": true,                                                                                             
                                       "Join Filter": "(mi_idx.info_type_id = it.id)",                                                                  
                                       "Rows Removed by Join Filter": 127988,                                                                            
                                       "Shared Hit Blocks": 318300,                                                                                      
                                       "Shared Read Blocks": 31124,                                                                                      
                                       "Shared Dirtied Blocks": 0,                                                                                       
                                       "Shared Written Blocks": 0,                                                                                       
                                       "Local Hit Blocks": 0,                                                                                            
                                       "Local Read Blocks": 0,                                                                                           
                                       "Local Dirtied Blocks": 0,                                                                                        
                                       "Local Written Blocks": 0,                                                                                        
                                       "Temp Read Blocks": 0,                                                                                            
                                       "Temp Written Blocks": 0,                                                                                         
                                       "Plans": [                                                                                                        
                                         {                                                                                                               
                                           "Node Type": "Nested Loop",                                                                                   
                                           "Parent Relationship": "Outer",                                                                               
                                           "Parallel Aware": false,                                                                                      
                                           "Join Type": "Inner",                                                                                         
                                           "Startup Cost": 0.04,                                                                                         
                                           "Total Cost": 901.96,                                                                                         
                                           "Plan Rows": 710,                                                                                             
                                           "Plan Width": 18,                                                                                             
                                           "Actual Startup Time": 46.767,                                                                                
                                           "Actual Total Time": 36972.634,                                                                               
                                           "Actual Rows": 191689,                                                                                        
                                           "Actual Loops": 1,                                                                                            
                                           "Inner Unique": false,                                                                                        
                                           "Shared Hit Blocks": 318299,                                                                                  
                                           "Shared Read Blocks": 31124,                                                                                  
                                           "Shared Dirtied Blocks": 0,                                                                                   
                                           "Shared Written Blocks": 0,                                                                                   
                                           "Local Hit Blocks": 0,                                                                                        
                                           "Local Read Blocks": 0,                                                                                       
                                           "Local Dirtied Blocks": 0,                                                                                    
                                           "Local Written Blocks": 0,                                                                                    
                                           "Temp Read Blocks": 0,                                                                                        
                                           "Temp Written Blocks": 0,                                                                                     
                                           "Plans": [                                                                                                    
                                             {                                                                                                           
                                               "Node Type": "Nested Loop",                                                                               
                                               "Parent Relationship": "Outer",                                                                           
                                               "Parallel Aware": false,                                                                                  
                                               "Join Type": "Inner",                                                                                     
                                               "Startup Cost": 0.03,                                                                                     
                                               "Total Cost": 896.69,                                                                                     
                                               "Plan Rows": 236,                                                                                         
                                               "Plan Width": 4,                                                                                          
                                               "Actual Startup Time": 46.098,                                                                            
                                               "Actual Total Time": 17281.315,                                                                           
                                               "Actual Rows": 76714,                                                                                     
                                               "Actual Loops": 1,                                                                                        
                                               "Inner Unique": false,                                                                                    
                                               "Shared Hit Blocks": 32400,                                                                               
                                               "Shared Read Blocks": 21098,                                                                              
                                               "Shared Dirtied Blocks": 0,                                                                               
                                               "Shared Written Blocks": 0,                                                                               
                                               "Local Hit Blocks": 0,                                                                                    
                                               "Local Read Blocks": 0,                                                                                   
                                               "Local Dirtied Blocks": 0,                                                                                
                                               "Local Written Blocks": 0,                                                                                
                                               "Temp Read Blocks": 0,                                                                                    
                                               "Temp Written Blocks": 0,                                                                                 
                                               "Plans": [                                                                                                
                                                 {                                                                                                       
                                                   "Node Type": "Index Scan",                                                                            
                                                   "Parent Relationship": "Outer",                                                                       
                                                   "Parallel Aware": false,                                                                              
                                                   "Scan Direction": "Forward",                                                                          
                                                   "Index Name": "keyword_idx_keyword",                                                                  
                                                   "Relation Name": "keyword",                                                                           
                                                   "Alias": "k",                                                                                         
                                                   "Startup Cost": 0.01,                                                                                 
                                                   "Total Cost": 42.93,                                                                                  
                                                   "Plan Rows": 7,                                                                                       
                                                   "Plan Width": 4,                                                                                      
                                                   "Actual Startup Time": 22.838,                                                                        
                                                   "Actual Total Time": 225.194,                                                                         
                                                   "Actual Rows": 7,                                                                                     
                                                   "Actual Loops": 1,                                                                                    
                                                   "Index Cond": "(keyword = ANY ('{murder,violence,blood,gore,death,female-nudity,hospital}'::text[]))",
                                                   "Rows Removed by Index Recheck": 0,                                                                   
                                                   "Shared Hit Blocks": 14,                                                                              
                                                   "Shared Read Blocks": 17,                                                                             
                                                   "Shared Dirtied Blocks": 0,                                                                           
                                                   "Shared Written Blocks": 0,                                                                           
                                                   "Local Hit Blocks": 0,                                                                                
                                                   "Local Read Blocks": 0,                                                                               
                                                   "Local Dirtied Blocks": 0,                                                                            
                                                   "Local Written Blocks": 0,                                                                            
                                                   "Temp Read Blocks": 0,                                                                                
                                                   "Temp Written Blocks": 0                                                                              
                                                 },                                                                                                      
                                                 {                                                                                                       
                                                   "Node Type": "Index Scan",                                                                            
                                                   "Parent Relationship": "Inner",                                                                       
                                                   "Parallel Aware": false,                                                                              
                                                   "Scan Direction": "Forward",                                                                          
                                                   "Index Name": "keyword_id_movie_keyword",                                                             
                                                   "Relation Name": "movie_keyword",                                                                     
                                                   "Alias": "mk",                                                                                        
                                                   "Startup Cost": 0.01,                                                                                 
                                                   "Total Cost": 121.96,                                                                                 
                                                   "Plan Rows": 39,                                                                                      
                                                   "Plan Width": 8,                                                                                      
                                                   "Actual Startup Time": 15.662,                                                                        
                                                   "Actual Total Time": 2427.168,                                                                        
                                                   "Actual Rows": 10959,                                                                                 
                                                   "Actual Loops": 7,                                                                                    
                                                   "Index Cond": "(keyword_id = k.id)",                                                                  
                                                   "Rows Removed by Index Recheck": 0,                                                                   
                                                   "Shared Hit Blocks": 32386,                                                                           
                                                   "Shared Read Blocks": 21081,                                                                          
                                                   "Shared Dirtied Blocks": 0,                                                                           
                                                   "Shared Written Blocks": 0,                                                                           
                                                   "Local Hit Blocks": 0,                                                                                
                                                   "Local Read Blocks": 0,                                                                               
                                                   "Local Dirtied Blocks": 0,                                                                            
                                                   "Local Written Blocks": 0,                                                                            
                                                   "Temp Read Blocks": 0,                                                                                
                                                   "Temp Written Blocks": 0                                                                              
                                                 }                                                                                                       
                                               ]                                                                                                         
                                             },                                                                                                          
                                             {                                                                                                           
                                               "Node Type": "Index Scan",                                                                                
                                               "Parent Relationship": "Inner",                                                                           
                                               "Parallel Aware": false,                                                                                  
                                               "Scan Direction": "Forward",                                                                              
                                               "Index Name": "movie_id_movie_info_idx",                                                                  
                                               "Relation Name": "movie_info_idx",                                                                        
                                               "Alias": "mi_idx",                                                                                        
                                               "Startup Cost": 0.01,                                                                                     
                                               "Total Cost": 0.02,                                                                                       
                                               "Plan Rows": 3,                                                                                           
                                               "Plan Width": 14,                                                                                         
                                               "Actual Startup Time": 0.246,                                                                             
                                               "Actual Total Time": 0.252,                                                                               
                                               "Actual Rows": 2,                                                                                         
                                               "Actual Loops": 76714,                                                                                    
                                               "Index Cond": "(movie_id = mk.movie_id)",                                                                 
                                               "Rows Removed by Index Recheck": 0,                                                                       
                                               "Shared Hit Blocks": 285899,                                                                              
                                               "Shared Read Blocks": 10026,                                                                              
                                               "Shared Dirtied Blocks": 0,                                                                               
                                               "Shared Written Blocks": 0,                                                                               
                                               "Local Hit Blocks": 0,                                                                                    
                                               "Local Read Blocks": 0,                                                                                   
                                               "Local Dirtied Blocks": 0,                                                                                
                                               "Local Written Blocks": 0,                                                                                
                                               "Temp Read Blocks": 0,                                                                                    
                                               "Temp Written Blocks": 0                                                                                  
                                             }                                                                                                           
                                           ]                                                                                                             
                                         },                                                                                                              
                                         {                                                                                                               
                                           "Node Type": "Materialize",                                                                                   
                                           "Parent Relationship": "Inner",                                                                               
                                           "Parallel Aware": false,                                                                                      
                                           "Startup Cost": 0.00,                                                                                         
                                           "Total Cost": 0.05,                                                                                           
                                           "Plan Rows": 1,                                                                                               
                                           "Plan Width": 4,                                                                                              
                                           "Actual Startup Time": 0.000,                                                                                 
                                           "Actual Total Time": 0.000,                                                                                   
                                           "Actual Rows": 1,                                                                                             
                                           "Actual Loops": 191689,                                                                                       
                                           "Shared Hit Blocks": 1,                                                                                       
                                           "Shared Read Blocks": 0,                                                                                      
                                           "Shared Dirtied Blocks": 0,                                                                                   
                                           "Shared Written Blocks": 0,                                                                                   
                                           "Local Hit Blocks": 0,                                                                                        
                                           "Local Read Blocks": 0,                                                                                       
                                           "Local Dirtied Blocks": 0,                                                                                    
                                           "Local Written Blocks": 0,                                                                                    
                                           "Temp Read Blocks": 0,                                                                                        
                                           "Temp Written Blocks": 0,                                                                                     
                                           "Plans": [                                                                                                    
                                             {                                                                                                           
                                               "Node Type": "Seq Scan",                                                                                  
                                               "Parent Relationship": "Outer",                                                                           
                                               "Parallel Aware": false,                                                                                  
                                               "Relation Name": "info_type",                                                                             
                                               "Alias": "it",                                                                                           
                                               "Startup Cost": 0.00,                                                                                     
                                               "Total Cost": 0.05,                                                                                       
                                               "Plan Rows": 1,                                                                                           
                                               "Plan Width": 4,                                                                                          
                                               "Actual Startup Time": 0.054,                                                                             
                                               "Actual Total Time": 0.061,                                                                               
                                               "Actual Rows": 1,                                                                                         
                                               "Actual Loops": 1,                                                                                        
                                               "Filter": "((info)::text = 'votes'::text)",                                                               
                                               "Rows Removed by Filter": 112,                                                                            
                                               "Shared Hit Blocks": 1,                                                                                   
                                               "Shared Read Blocks": 0,                                                                                  
                                               "Shared Dirtied Blocks": 0,                                                                               
                                               "Shared Written Blocks": 0,                                                                               
                                               "Local Hit Blocks": 0,                                                                                    
                                               "Local Read Blocks": 0,                                                                                   
                                               "Local Dirtied Blocks": 0,                                                                                
                                               "Local Written Blocks": 0,                                                                                
                                               "Temp Read Blocks": 0,                                                                                    
                                               "Temp Written Blocks": 0                                                                                  
                                             }                                                                                                           
                                           ]                                                                                                             
                                         }                                                                                                               
                                       ]                                                                                                                 
                                     },                                                                                                                  
                                     {                                                                                                                   
                                       "Node Type": "Index Scan",                                                                                        
                                       "Parent Relationship": "Inner",                                                                                   
                                       "Parallel Aware": false,                                                                                          
                                       "Scan Direction": "Forward",                                                                                      
                                       "Index Name": "movie_id_cast_info",                                                                               
                                       "Relation Name": "cast_info",                                                                                     
                                       "Alias": "ci",                                                                                                    
                                       "Startup Cost": 0.02,                                                                                             
                                       "Total Cost": 0.26,                                                                                               
                                       "Plan Rows": 1,                                                                                                   
                                       "Plan Width": 8,                                                                                                  
                                       "Actual Startup Time": 15.314,                                                                                    
                                       "Actual Total Time": 17.906,                                                                                      
                                       "Actual Rows": 1,                                                                                                 
                                       "Actual Loops": 63701,                                                                                            
                                       "Index Cond": "(movie_id = mk.movie_id)",                                                                         
                                       "Rows Removed by Index Recheck": 0,                                                                               
                                       "Filter": "(note = ANY ('{(writer),\"(head writer)\",\"(written by)\",(story),\"(story editor)\"}'::text[]))",    
                                       "Rows Removed by Filter": 54,                                                                                     
                                       "Shared Hit Blocks": 3432130,                                                                                     
                                       "Shared Read Blocks": 230349,                                                                                     
                                       "Shared Dirtied Blocks": 0,                                                                                       
                                       "Shared Written Blocks": 0,                                                                                       
                                       "Local Hit Blocks": 0,                                                                                            
                                       "Local Read Blocks": 0,                                                                                           
                                       "Local Dirtied Blocks": 0,                                                                                        
                                       "Local Written Blocks": 0,                                                                                        
                                       "Temp Read Blocks": 0,                                                                                            
                                       "Temp Written Blocks": 0                                                                                          
                                     }                                                                                                                   
                                   ]                                                                                                                     
                                 },                                                                                                                      
                                 {                                                                                                                       
                                   "Node Type": "Index Scan",                                                                                            
                                   "Parent Relationship": "Inner",                                                                                       
                                   "Parallel Aware": false,                                                                                              
                                   "Scan Direction": "Forward",                                                                                          
                                   "Index Name": "name_pkey",                                                                                            
                                   "Relation Name": "name",                                                                                              
                                   "Alias": "n",                                                                                                         
                                   "Startup Cost": 0.01,                                                                                                 
                                   "Total Cost": 0.19,                                                                                                   
                                   "Plan Rows": 1,                                                                                                       
                                   "Plan Width": 19,                                                                                                     
                                   "Actual Startup Time": 3.507,                                                                                         
                                   "Actual Total Time": 3.507,                                                                                           
                                   "Actual Rows": 1,                                                                                                     
                                   "Actual Loops": 38991,                                                                                                
                                   "Index Cond": "(id = ci.person_id)",                                                                                  
                                   "Rows Removed by Index Recheck": 0,                                                                                   
                                   "Filter": "((gender)::text = 'm'::text)",                                                                             
                                   "Rows Removed by Filter": 0,                                                                                          
                                   "Shared Hit Blocks": 138127,                                                                                          
                                   "Shared Read Blocks": 18075,                                                                                          
                                   "Shared Dirtied Blocks": 0,                                                                                           
                                   "Shared Written Blocks": 0,                                                                                           
                                   "Local Hit Blocks": 0,                                                                                                
                                   "Local Read Blocks": 0,                                                                                               
                                   "Local Dirtied Blocks": 0,                                                                                            
                                   "Local Written Blocks": 0,                                                                                            
                                   "Temp Read Blocks": 0,                                                                                                
                                   "Temp Written Blocks": 0                                                                                              
                                 }                                                                                                                       
                               ]                                                                                                                         
                             },                                                                                                                          
                             {                                                                                                                           
                               "Node Type": "Index Scan",                                                                                                
                               "Parent Relationship": "Inner",                                                                                           
                               "Parallel Aware": false,                                                                                                  
                               "Scan Direction": "Forward",                                                                                              
                               "Index Name": "title_idx_id",                                                                                             
                               "Relation Name": "title",                                                                                                 
                               "Alias": "t",                                                                                                             
                               "Startup Cost": 0.01,                                                                                                     
                               "Total Cost": 0.04,                                                                                                       
                               "Plan Rows": 1,                                                                                                           
                               "Plan Width": 21,                                                                                                         
                               "Actual Startup Time": 2.913,                                                                                             
                               "Actual Total Time": 2.913,                                                                                               
                               "Actual Rows": 1,                                                                                                         
                               "Actual Loops": 22670,                                                                                                    
                               "Index Cond": "(id = mk.movie_id)",                                                                                       
                               "Rows Removed by Index Recheck": 0,                                                                                       
                               "Shared Hit Blocks": 80598,                                                                                               
                               "Shared Read Blocks": 10117,                                                                                              
                               "Shared Dirtied Blocks": 0,                                                                                               
                               "Shared Written Blocks": 0,                                                                                               
                               "Local Hit Blocks": 0,                                                                                                    
                               "Local Read Blocks": 0,                                                                                                   
                               "Local Dirtied Blocks": 0,                                                                                                
                               "Local Written Blocks": 0,                                                                                                
                               "Temp Read Blocks": 0,                                                                                                    
                               "Temp Written Blocks": 0                                                                                                  
                             }                                                                                                                           
                           ]                                                                                                                             
                         },                                                                                                                              
                         {                                                                                                                               
                           "Node Type": "Index Scan",                                                                                                    
                           "Parent Relationship": "Inner",                                                                                               
                           "Parallel Aware": false,                                                                                                      
                           "Scan Direction": "Forward",                                                                                                  
                           "Index Name": "movie_id_movie_info",                                                                                          
                           "Relation Name": "movie_info",                                                                                                
                           "Alias": "mi",                                                                                                                
                           "Startup Cost": 0.01,                                                                                                         
                           "Total Cost": 0.15,                                                                                                           
                           "Plan Rows": 1,                                                                                                               
                           "Plan Width": 50,                                                                                                             
                           "Actual Startup Time": 11.853,                                                                                                
                           "Actual Total Time": 11.957,                                                                                                  
                           "Actual Rows": 1,                                                                                                             
                           "Actual Loops": 22670,                                                                                                        
                           "Index Cond": "(movie_id = mk.movie_id)",                                                                                     
                           "Rows Removed by Index Recheck": 0,                                                                                           
                           "Filter": "(info = ANY ('{Horror,Thriller}'::text[]))",                                                                       
                           "Rows Removed by Filter": 88,                                                                                                 
                           "Shared Hit Blocks": 356651,                                                                                                  
                           "Shared Read Blocks": 79887,                                                                                                  
                           "Shared Dirtied Blocks": 0,                                                                                                   
                           "Shared Written Blocks": 0,                                                                                                   
                           "Local Hit Blocks": 0,                                                                                                        
                           "Local Read Blocks": 0,                                                                                                       
                           "Local Dirtied Blocks": 0,                                                                                                    
                           "Local Written Blocks": 0,                                                                                                    
                           "Temp Read Blocks": 0,                                                                                                        
                           "Temp Written Blocks": 0                                                                                                      
                         }                                                                                                                               
                       ]                                                                                                                                 
                     },                                                                                                                                  
                     {                                                                                                                                   
                       "Node Type": "Index Scan",                                                                                                        
                       "Parent Relationship": "Inner",                                                                                                   
                       "Parallel Aware": false,                                                                                                          
                       "Scan Direction": "Forward",                                                                                                      
                       "Index Name": "movie_id_movie_companies",                                                                                         
                       "Relation Name": "movie_companies",                                                                                               
                       "Alias": "mc",                                                                                                                    
                       "Startup Cost": 0.01,                                                                                                             
                       "Total Cost": 0.03,                                                                                                               
                       "Plan Rows": 2,                                                                                                                   
                       "Plan Width": 8,                                                                                                                  
                       "Actual Startup Time": 2.428,                                                                                                     
                       "Actual Total Time": 3.108,                                                                                                       
                       "Actual Rows": 15,                                                                                                                
                       "Actual Loops": 13938,                                                                                                            
                       "Index Cond": "(movie_id = mk.movie_id)",                                                                                         
                       "Rows Removed by Index Recheck": 0,                                                                                               
                       "Shared Hit Blocks": 64060,                                                                                                       
                       "Shared Read Blocks": 7159,                                                                                                       
                       "Shared Dirtied Blocks": 0,                                                                                                       
                       "Shared Written Blocks": 0,                                                                                                       
                       "Local Hit Blocks": 0,                                                                                                            
                       "Local Read Blocks": 0,                                                                                                           
                       "Local Dirtied Blocks": 0,                                                                                                        
                       "Local Written Blocks": 0,                                                                                                        
                       "Temp Read Blocks": 0,                                                                                                            
                       "Temp Written Blocks": 0                                                                                                          
                     }                                                                                                                                   
                   ]                                                                                                                                     
                 },                                                                                                                                      
                 {                                                                                                                                       
                   "Node Type": "Index Scan",                                                                                                            
                   "Parent Relationship": "Inner",                                                                                                       
                   "Parallel Aware": false,                                                                                                              
                   "Scan Direction": "Forward",                                                                                                          
                   "Index Name": "company_name_pkey",                                                                                                    
                   "Relation Name": "company_name",                                                                                                      
                   "Alias": "cn",                                                                                                                        
                   "Startup Cost": 0.01,                                                                                                                 
                   "Total Cost": 0.02,                                                                                                                   
                   "Plan Rows": 1,                                                                                                                       
                   "Plan Width": 4,                                                                                                                      
                   "Actual Startup Time": 0.156,                                                                                                         
                   "Actual Total Time": 0.156,                                                                                                           
                   "Actual Rows": 0,                                                                                                                     
                   "Actual Loops": 209397,                                                                                                               
                   "Index Cond": "(id = mc.company_id)",                                                                                                 
                   "Rows Removed by Index Recheck": 0,                                                                                                   
                   "Filter": "(name ~~ 'Lionsgate%'::text)",                                                                                             
                   "Rows Removed by Filter": 1,                                                                                                          
                   "Shared Hit Blocks": 836031,                                                                                                          
                   "Shared Read Blocks": 3405,                                                                                                           
                   "Shared Dirtied Blocks": 0,                                                                                                           
                   "Shared Written Blocks": 0,                                                                                                           
                   "Local Hit Blocks": 0,                                                                                                                
                   "Local Read Blocks": 0,                                                                                                               
                   "Local Dirtied Blocks": 0,                                                                                                            
                   "Local Written Blocks": 0,                                                                                                            
                   "Temp Read Blocks": 0,                                                                                                                
                   "Temp Written Blocks": 0                                                                                                              
                 }                                                                                                                                       
               ]                                                                                                                                         
             },                                                                                                                                          
             {                                                                                                                                           
               "Node Type": "Materialize",                                                                                                               
               "Parent Relationship": "Inner",                                                                                                           
               "Parallel Aware": false,                                                                                                                  
               "Startup Cost": 0.00,                                                                                                                     
               "Total Cost": 0.05,                                                                                                                       
               "Plan Rows": 1,                                                                                                                           
               "Plan Width": 4,                                                                                                                          
               "Actual Startup Time": 0.000,                                                                                                             
               "Actual Total Time": 0.000,                                                                                                               
               "Actual Rows": 1,                                                                                                                         
               "Actual Loops": 1333,                                                                                                                     
               "Shared Hit Blocks": 1,                                                                                                                   
               "Shared Read Blocks": 0,                                                                                                                  
               "Shared Dirtied Blocks": 0,                                                                                                               
               "Shared Written Blocks": 0,                                                                                                               
               "Local Hit Blocks": 0,                                                                                                                    
               "Local Read Blocks": 0,                                                                                                                   
               "Local Dirtied Blocks": 0,                                                                                                                
               "Local Written Blocks": 0,                                                                                                                
               "Temp Read Blocks": 0,                                                                                                                    
               "Temp Written Blocks": 0,                                                                                                                 
               "Plans": [                                                                                                                                
                 {                                                                                                                                       
                   "Node Type": "Seq Scan",                                                                                                              
                   "Parent Relationship": "Outer",                                                                                                       
                   "Parallel Aware": false,                                                                                                              
                   "Relation Name": "info_type",                                                                                                         
                   "Alias": "it",                                                                                                                       
                   "Startup Cost": 0.00,                                                                                                                 
                   "Total Cost": 0.05,                                                                                                                   
                   "Plan Rows": 1,                                                                                                                       
                   "Plan Width": 4,                                                                                                                      
                   "Actual Startup Time": 0.017,                                                                                                         
                   "Actual Total Time": 0.064,                                                                                                           
                   "Actual Rows": 1,                                                                                                                     
                   "Actual Loops": 1,                                                                                                                    
                   "Filter": "((info)::text = 'genres'::text)",                                                                                          
                   "Rows Removed by Filter": 112,                                                                                                        
                   "Shared Hit Blocks": 1,                                                                                                               
                   "Shared Read Blocks": 0,                                                                                                              
                   "Shared Dirtied Blocks": 0,                                                                                                           
                   "Shared Written Blocks": 0,                                                                                                           
                   "Local Hit Blocks": 0,                                                                                                                
                   "Local Read Blocks": 0,                                                                                                               
                   "Local Dirtied Blocks": 0,                                                                                                            
                   "Local Written Blocks": 0,                                                                                                            
                   "Temp Read Blocks": 0,                                                                                                                
                   "Temp Written Blocks": 0                                                                                                              
                 }                                                                                                                                       
               ]                                                                                                                                         
             }                                                                                                                                           
           ]                                                                                                                                             
         }                                                                                                                                               
       ]                                                                                                                                                 
     },                                                                                                                                                  
     "Planning Time": 15887.890,                                                                                                                         
     "Triggers": [                                                                                                                                       
     ],                                                                                                                                                  
     "Execution Time": 1728946.577                                                                                                                       
   }                                                                                                                                                     
 ]
