 [                                                                                                                                                       
   {                                                                                                                                                     
     "Plan": {                                                                                                                                           
       "Node Type": "Aggregate",                                                                                                                         
       "Strategy": "Plain",                                                                                                                              
       "Partial Mode": "Simple",                                                                                                                         
       "Parallel Aware": false,                                                                                                                          
       "Startup Cost": 1204.97,                                                                                                                          
       "Total Cost": 1204.97,                                                                                                                            
       "Plan Rows": 1,                                                                                                                                   
       "Plan Width": 96,                                                                                                                                 
       "Actual Startup Time": 1574862.686,                                                                                                               
       "Actual Total Time": 1574862.686,                                                                                                                 
       "Actual Rows": 1,                                                                                                                                 
       "Actual Loops": 1,                                                                                                                                
       "Shared Hit Blocks": 3853931,                                                                                                                     
       "Shared Read Blocks": 267007,                                                                                                                     
       "Shared Dirtied Blocks": 0,                                                                                                                       
       "Shared Written Blocks": 0,                                                                                                                       
       "Local Hit Blocks": 0,                                                                                                                            
       "Local Read Blocks": 0,                                                                                                                           
       "Local Dirtied Blocks": 0,                                                                                                                        
       "Local Written Blocks": 0,                                                                                                                        
       "Temp Read Blocks": 0,                                                                                                                            
       "Temp Written Blocks": 0,                                                                                                                         
       "Plans": [                                                                                                                                        
         {                                                                                                                                               
           "Node Type": "Nested Loop",                                                                                                                   
           "Parent Relationship": "Outer",                                                                                                               
           "Parallel Aware": false,                                                                                                                      
           "Join Type": "Inner",                                                                                                                         
           "Startup Cost": 0.06,                                                                                                                         
           "Total Cost": 1203.82,                                                                                                                        
           "Plan Rows": 4943,                                                                                                                            
           "Plan Width": 48,                                                                                                                             
           "Actual Startup Time": 103.413,                                                                                                               
           "Actual Total Time": 1573214.259,                                                                                                             
           "Actual Rows": 785477,                                                                                                                        
           "Actual Loops": 1,                                                                                                                            
           "Inner Unique": true,                                                                                                                         
           "Shared Hit Blocks": 3853931,                                                                                                                 
           "Shared Read Blocks": 267007,                                                                                                                 
           "Shared Dirtied Blocks": 0,                                                                                                                   
           "Shared Written Blocks": 0,                                                                                                                   
           "Local Hit Blocks": 0,                                                                                                                        
           "Local Read Blocks": 0,                                                                                                                       
           "Local Dirtied Blocks": 0,                                                                                                                    
           "Local Written Blocks": 0,                                                                                                                    
           "Temp Read Blocks": 0,                                                                                                                        
           "Temp Written Blocks": 0,                                                                                                                     
           "Plans": [                                                                                                                                    
             {                                                                                                                                           
               "Node Type": "Nested Loop",                                                                                                               
               "Parent Relationship": "Outer",                                                                                                           
               "Parallel Aware": false,                                                                                                                  
               "Join Type": "Inner",                                                                                                                     
               "Startup Cost": 0.04,                                                                                                                     
               "Total Cost": 1107.37,                                                                                                                    
               "Plan Rows": 4943,                                                                                                                        
               "Plan Width": 37,                                                                                                                         
               "Actual Startup Time": 86.419,                                                                                                            
               "Actual Total Time": 1227116.568,                                                                                                         
               "Actual Rows": 785477,                                                                                                                    
               "Actual Loops": 1,                                                                                                                        
               "Inner Unique": false,                                                                                                                    
               "Join Filter": "(t.id = ci.movie_id)",                                                                                                    
               "Rows Removed by Join Filter": 0,                                                                                                         
               "Shared Hit Blocks": 777217,                                                                                                              
               "Shared Read Blocks": 199053,                                                                                                             
               "Shared Dirtied Blocks": 0,                                                                                                               
               "Shared Written Blocks": 0,                                                                                                               
               "Local Hit Blocks": 0,                                                                                                                    
               "Local Read Blocks": 0,                                                                                                                   
               "Local Dirtied Blocks": 0,                                                                                                                
               "Local Written Blocks": 0,                                                                                                                
               "Temp Read Blocks": 0,                                                                                                                    
               "Temp Written Blocks": 0,                                                                                                                 
               "Plans": [                                                                                                                                
                 {                                                                                                                                       
                   "Node Type": "Nested Loop",                                                                                                           
                   "Parent Relationship": "Outer",                                                                                                       
                   "Parallel Aware": false,                                                                                                              
                   "Join Type": "Inner",                                                                                                                 
                   "Startup Cost": 0.03,                                                                                                                 
                   "Total Cost": 1068.40,                                                                                                                
                   "Plan Rows": 148,                                                                                                                     
                   "Plan Width": 41,                                                                                                                     
                   "Actual Startup Time": 55.651,                                                                                                        
                   "Actual Total Time": 116124.471,                                                                                                      
                   "Actual Rows": 14165,                                                                                                                 
                   "Actual Loops": 1,                                                                                                                    
                   "Inner Unique": true,                                                                                                                 
                   "Shared Hit Blocks": 133507,                                                                                                          
                   "Shared Read Blocks": 33383,                                                                                                          
                   "Shared Dirtied Blocks": 0,                                                                                                           
                   "Shared Written Blocks": 0,                                                                                                           
                   "Local Hit Blocks": 0,                                                                                                                
                   "Local Read Blocks": 0,                                                                                                               
                   "Local Dirtied Blocks": 0,                                                                                                            
                   "Local Written Blocks": 0,                                                                                                            
                   "Temp Read Blocks": 0,                                                                                                                
                   "Temp Written Blocks": 0,                                                                                                             
                   "Plans": [                                                                                                                            
                     {                                                                                                                                   
                       "Node Type": "Nested Loop",                                                                                                       
                       "Parent Relationship": "Outer",                                                                                                   
                       "Parallel Aware": false,                                                                                                          
                       "Join Type": "Inner",                                                                                                             
                       "Startup Cost": 0.01,                                                                                                             
                       "Total Cost": 1056.88,                                                                                                            
                       "Plan Rows": 270,                                                                                                                 
                       "Plan Width": 20,                                                                                                                 
                       "Actual Startup Time": 37.711,                                                                                                    
                       "Actual Total Time": 26880.376,                                                                                                   
                       "Actual Rows": 35548,                                                                                                             
                       "Actual Loops": 1,                                                                                                                
                       "Inner Unique": false,                                                                                                            
                       "Shared Hit Blocks": 8724,                                                                                                        
                       "Shared Read Blocks": 15835,                                                                                                      
                       "Shared Dirtied Blocks": 0,                                                                                                       
                       "Shared Written Blocks": 0,                                                                                                       
                       "Local Hit Blocks": 0,                                                                                                            
                       "Local Read Blocks": 0,                                                                                                           
                       "Local Dirtied Blocks": 0,                                                                                                        
                       "Local Written Blocks": 0,                                                                                                        
                       "Temp Read Blocks": 0,                                                                                                            
                       "Temp Written Blocks": 0,                                                                                                         
                       "Plans": [                                                                                                                        
                         {                                                                                                                               
                           "Node Type": "Seq Scan",                                                                                                      
                           "Parent Relationship": "Outer",                                                                                               
                           "Parallel Aware": false,                                                                                                      
                           "Relation Name": "keyword",                                                                                                   
                           "Alias": "k",                                                                                                                 
                           "Startup Cost": 0.00,                                                                                                         
                           "Total Cost": 80.71,                                                                                                          
                           "Plan Rows": 8,                                                                                                               
                           "Plan Width": 20,                                                                                                             
                           "Actual Startup Time": 12.310,                                                                                                
                           "Actual Total Time": 121.165,                                                                                                 
                           "Actual Rows": 8,                                                                                                             
                           "Actual Loops": 1,                                                                                                            
                           "Filter": "(keyword = ANY ('{superhero,sequel,second-part,marvel-comics,based-on-comic,tv-special,fight,violence}'::text[]))",
                           "Rows Removed by Filter": 134162,                                                                                             
                           "Shared Hit Blocks": 2,                                                                                                       
                           "Shared Read Blocks": 947,                                                                                                    
                           "Shared Dirtied Blocks": 0,                                                                                                   
                           "Shared Written Blocks": 0,                                                                                                   
                           "Local Hit Blocks": 0,                                                                                                        
                           "Local Read Blocks": 0,                                                                                                       
                           "Local Dirtied Blocks": 0,                                                                                                    
                           "Local Written Blocks": 0,                                                                                                    
                           "Temp Read Blocks": 0,                                                                                                        
                           "Temp Written Blocks": 0                                                                                                      
                         },                                                                                                                              
                         {                                                                                                                               
                           "Node Type": "Index Scan",                                                                                                    
                           "Parent Relationship": "Inner",                                                                                               
                           "Parallel Aware": false,                                                                                                      
                           "Scan Direction": "Forward",                                                                                                  
                           "Index Name": "keyword_id_movie_keyword",                                                                                     
                           "Relation Name": "movie_keyword",                                                                                             
                           "Alias": "mk",                                                                                                                
                           "Startup Cost": 0.01,                                                                                                         
                           "Total Cost": 122.02,                                                                                                         
                           "Plan Rows": 39,                                                                                                              
                           "Plan Width": 8,                                                                                                              
                           "Actual Startup Time": 37.220,                                                                                                
                           "Actual Total Time": 3338.880,                                                                                                
                           "Actual Rows": 4444,                                                                                                          
                           "Actual Loops": 8,                                                                                                            
                           "Index Cond": "(keyword_id = k.id)",                                                                                          
                           "Rows Removed by Index Recheck": 0,                                                                                           
                           "Shared Hit Blocks": 8722,                                                                                                    
                           "Shared Read Blocks": 14888,                                                                                                  
                           "Shared Dirtied Blocks": 0,                                                                                                   
                           "Shared Written Blocks": 0,                                                                                                   
                           "Local Hit Blocks": 0,                                                                                                        
                           "Local Read Blocks": 0,                                                                                                       
                           "Local Dirtied Blocks": 0,                                                                                                    
                           "Local Written Blocks": 0,                                                                                                    
                           "Temp Read Blocks": 0,                                                                                                        
                           "Temp Written Blocks": 0                                                                                                      
                         }                                                                                                                               
                       ]                                                                                                                                 
                     },                                                                                                                                  
                     {                                                                                                                                   
                       "Node Type": "Index Scan",                                                                                                        
                       "Parent Relationship": "Inner",                                                                                                   
                       "Parallel Aware": false,                                                                                                          
                       "Scan Direction": "Forward",                                                                                                      
                       "Index Name": "title_idx_id",                                                                                                     
                       "Relation Name": "title",                                                                                                         
                       "Alias": "t",                                                                                                                     
                       "Startup Cost": 0.01,                                                                                                             
                       "Total Cost": 0.04,                                                                                                               
                       "Plan Rows": 1,                                                                                                                   
                       "Plan Width": 21,                                                                                                                 
                       "Actual Startup Time": 2.507,                                                                                                     
                       "Actual Total Time": 2.507,                                                                                                       
                       "Actual Rows": 0,                                                                                                                 
                       "Actual Loops": 35548,                                                                                                            
                       "Index Cond": "(id = mk.movie_id)",                                                                                               
                       "Rows Removed by Index Recheck": 0,                                                                                               
                       "Filter": "(production_year > 2000)",                                                                                             
                       "Rows Removed by Filter": 1,                                                                                                      
                       "Shared Hit Blocks": 124783,                                                                                                      
                       "Shared Read Blocks": 17548,                                                                                                      
                       "Shared Dirtied Blocks": 0,                                                                                                       
                       "Shared Written Blocks": 0,                                                                                                       
                       "Local Hit Blocks": 0,                                                                                                            
                       "Local Read Blocks": 0,                                                                                                           
                       "Local Dirtied Blocks": 0,                                                                                                        
                       "Local Written Blocks": 0,                                                                                                        
                       "Temp Read Blocks": 0,                                                                                                            
                       "Temp Written Blocks": 0                                                                                                          
                     }                                                                                                                                   
                   ]                                                                                                                                     
                 },                                                                                                                                      
                 {                                                                                                                                       
                   "Node Type": "Index Scan",                                                                                                            
                   "Parent Relationship": "Inner",                                                                                                       
                   "Parallel Aware": false,                                                                                                              
                   "Scan Direction": "Forward",                                                                                                          
                   "Index Name": "movie_id_cast_info",                                                                                                   
                   "Relation Name": "cast_info",                                                                                                         
                   "Alias": "ci",                                                                                                                        
                   "Startup Cost": 0.02,                                                                                                                 
                   "Total Cost": 0.26,                                                                                                                   
                   "Plan Rows": 23,                                                                                                                      
                   "Plan Width": 8,                                                                                                                      
                   "Actual Startup Time": 6.929,                                                                                                         
                   "Actual Total Time": 78.350,                                                                                                          
                   "Actual Rows": 55,                                                                                                                    
                   "Actual Loops": 14165,                                                                                                                
                   "Index Cond": "(movie_id = mk.movie_id)",                                                                                             
                   "Rows Removed by Index Recheck": 0,                                                                                                   
                   "Shared Hit Blocks": 643710,                                                                                                          
                   "Shared Read Blocks": 165670,                                                                                                         
                   "Shared Dirtied Blocks": 0,                                                                                                           
                   "Shared Written Blocks": 0,                                                                                                           
                   "Local Hit Blocks": 0,                                                                                                                
                   "Local Read Blocks": 0,                                                                                                               
                   "Local Dirtied Blocks": 0,                                                                                                            
                   "Local Written Blocks": 0,                                                                                                            
                   "Temp Read Blocks": 0,                                                                                                                
                   "Temp Written Blocks": 0                                                                                                              
                 }                                                                                                                                       
               ]                                                                                                                                         
             },                                                                                                                                          
             {                                                                                                                                           
               "Node Type": "Index Scan",                                                                                                                
               "Parent Relationship": "Inner",                                                                                                           
               "Parallel Aware": false,                                                                                                                  
               "Scan Direction": "Forward",                                                                                                              
               "Index Name": "name_pkey",                                                                                                                
               "Relation Name": "name",                                                                                                                  
               "Alias": "n",                                                                                                                             
               "Startup Cost": 0.01,                                                                                                                     
               "Total Cost": 0.02,                                                                                                                       
               "Plan Rows": 1,                                                                                                                           
               "Plan Width": 19,                                                                                                                         
               "Actual Startup Time": 0.438,                                                                                                             
               "Actual Total Time": 0.438,                                                                                                               
               "Actual Rows": 1,                                                                                                                         
               "Actual Loops": 785477,                                                                                                                   
               "Index Cond": "(id = ci.person_id)",                                                                                                      
               "Rows Removed by Index Recheck": 0,                                                                                                       
               "Shared Hit Blocks": 3076714,                                                                                                             
               "Shared Read Blocks": 67954,                                                                                                              
               "Shared Dirtied Blocks": 0,                                                                                                               
               "Shared Written Blocks": 0,                                                                                                               
               "Local Hit Blocks": 0,                                                                                                                    
               "Local Read Blocks": 0,                                                                                                                   
               "Local Dirtied Blocks": 0,                                                                                                                
               "Local Written Blocks": 0,                                                                                                                
               "Temp Read Blocks": 0,                                                                                                                    
               "Temp Written Blocks": 0                                                                                                                  
             }                                                                                                                                           
           ]                                                                                                                                             
         }                                                                                                                                               
       ]                                                                                                                                                 
     },                                                                                                                                                  
     "Planning Time": 2685.316,                                                                                                                          
     "Triggers": [                                                                                                                                       
     ],                                                                                                                                                  
     "Execution Time": 1574905.299                                                                                                                       
   }                                                                                                                                                     
 ]
