 [                                                                                       
   {                                                                                     
     "Plan": {                                                                           
       "Node Type": "Aggregate",                                                         
       "Strategy": "Plain",                                                              
       "Partial Mode": "Simple",                                                         
       "Parallel Aware": false,                                                          
       "Startup Cost": 80482.46,                                                         
       "Total Cost": 80482.46,                                                           
       "Plan Rows": 1,                                                                   
       "Plan Width": 64,                                                                 
       "Actual Startup Time": 30098.440,                                                 
       "Actual Total Time": 30098.440,                                                   
       "Actual Rows": 1,                                                                 
       "Actual Loops": 1,                                                                
       "Shared Hit Blocks": 19,                                                          
       "Shared Read Blocks": 377429,                                                     
       "Shared Dirtied Blocks": 0,                                                       
       "Shared Written Blocks": 0,                                                       
       "Local Hit Blocks": 0,                                                            
       "Local Read Blocks": 0,                                                           
       "Local Dirtied Blocks": 0,                                                        
       "Local Written Blocks": 0,                                                        
       "Temp Read Blocks": 0,                                                            
       "Temp Written Blocks": 0,                                                         
       "Plans": [                                                                        
         {                                                                               
           "Node Type": "Merge Join",                                                    
           "Parent Relationship": "Outer",                                               
           "Parallel Aware": false,                                                      
           "Join Type": "Inner",                                                         
           "Startup Cost": 78961.30,                                                     
           "Total Cost": 80200.45,                                                       
           "Plan Rows": 1816134,                                                         
           "Plan Width": 33,                                                             
           "Actual Startup Time": 28942.533,                                             
           "Actual Total Time": 30012.815,                                               
           "Actual Rows": 323005,                                                        
           "Actual Loops": 1,                                                            
           "Inner Unique": false,                                                        
           "Merge Cond": "(an.person_id = ci.person_id)",                               
           "Shared Hit Blocks": 19,                                                      
           "Shared Read Blocks": 377429,                                                 
           "Shared Dirtied Blocks": 0,                                                   
           "Shared Written Blocks": 0,                                                   
           "Local Hit Blocks": 0,                                                        
           "Local Read Blocks": 0,                                                       
           "Local Dirtied Blocks": 0,                                                    
           "Local Written Blocks": 0,                                                    
           "Temp Read Blocks": 0,                                                        
           "Temp Written Blocks": 0,                                                     
           "Plans": [                                                                    
             {                                                                           
               "Node Type": "Merge Join",                                                
               "Parent Relationship": "Outer",                                           
               "Parallel Aware": false,                                                  
               "Join Type": "Inner",                                                     
               "Startup Cost": 19451.73,                                                 
               "Total Cost": 20301.14,                                                   
               "Plan Rows": 901343,                                                      
               "Plan Width": 24,                                                         
               "Actual Startup Time": 4417.887,                                          
               "Actual Total Time": 5318.540,                                            
               "Actual Rows": 688852,                                                    
               "Actual Loops": 1,                                                        
               "Inner Unique": true,                                                     
               "Merge Cond": "(an.person_id = n.id)",                                  
               "Shared Hit Blocks": 8,                                                   
               "Shared Read Blocks": 67004,                                              
               "Shared Dirtied Blocks": 0,                                               
               "Shared Written Blocks": 0,                                               
               "Local Hit Blocks": 0,                                                    
               "Local Read Blocks": 0,                                                   
               "Local Dirtied Blocks": 0,                                                
               "Local Written Blocks": 0,                                                
               "Temp Read Blocks": 0,                                                    
               "Temp Written Blocks": 0,                                                 
               "Plans": [                                                                
                 {                                                                       
                   "Node Type": "Sort",                                                  
                   "Parent Relationship": "Outer",                                       
                   "Parallel Aware": false,                                              
                   "Startup Cost": 3188.40,                                              
                   "Total Cost": 3258.38,                                                
                   "Plan Rows": 901343,                                                  
                   "Plan Width": 20,                                                     
                   "Actual Startup Time": 928.582,                                       
                   "Actual Total Time": 988.115,                                         
                   "Actual Rows": 688852,                                                
                   "Actual Loops": 1,                                                    
                   "Sort Key": ["an.person_id"],                                        
                   "Sort Method": "quicksort",                                           
                   "Sort Space Used": 89763,                                             
                   "Sort Space Type": "Memory",                                          
                   "Shared Hit Blocks": 6,                                               
                   "Shared Read Blocks": 11393,                                          
                   "Shared Dirtied Blocks": 0,                                           
                   "Shared Written Blocks": 0,                                           
                   "Local Hit Blocks": 0,                                                
                   "Local Read Blocks": 0,                                               
                   "Local Dirtied Blocks": 0,                                            
                   "Local Written Blocks": 0,                                            
                   "Temp Read Blocks": 0,                                                
                   "Temp Written Blocks": 0,                                             
                   "Plans": [                                                            
                     {                                                                   
                       "Node Type": "Seq Scan",                                          
                       "Parent Relationship": "Outer",                                   
                       "Parallel Aware": false,                                          
                       "Relation Name": "aka_name",                                      
                       "Alias": "an",                                                   
                       "Startup Cost": 0.00,                                             
                       "Total Cost": 419.75,                                             
                       "Plan Rows": 901343,                                              
                       "Plan Width": 20,                                                 
                       "Actual Startup Time": 0.016,                                     
                       "Actual Total Time": 461.608,                                     
                       "Actual Rows": 901343,                                            
                       "Actual Loops": 1,                                                
                       "Shared Hit Blocks": 2,                                           
                       "Shared Read Blocks": 11393,                                      
                       "Shared Dirtied Blocks": 0,                                       
                       "Shared Written Blocks": 0,                                       
                       "Local Hit Blocks": 0,                                            
                       "Local Read Blocks": 0,                                           
                       "Local Dirtied Blocks": 0,                                        
                       "Local Written Blocks": 0,                                        
                       "Temp Read Blocks": 0,                                            
                       "Temp Written Blocks": 0                                          
                     }                                                                   
                   ]                                                                     
                 },                                                                      
                 {                                                                       
                   "Node Type": "Sort",                                                  
                   "Parent Relationship": "Inner",                                       
                   "Parallel Aware": false,                                              
                   "Startup Cost": 16263.33,                                             
                   "Total Cost": 16586.90,                                               
                   "Plan Rows": 4167491,                                                 
                   "Plan Width": 4,                                                      
                   "Actual Startup Time": 3489.293,                                      
                   "Actual Total Time": 3758.018,                                        
                   "Actual Rows": 3441946,                                               
                   "Actual Loops": 1,                                                    
                   "Sort Key": ["n.id"],                                                
                   "Sort Method": "quicksort",                                           
                   "Sort Space Used": 293656,                                            
                   "Sort Space Type": "Memory",                                          
                   "Shared Hit Blocks": 2,                                               
                   "Shared Read Blocks": 55611,                                          
                   "Shared Dirtied Blocks": 0,                                           
                   "Shared Written Blocks": 0,                                           
                   "Local Hit Blocks": 0,                                                
                   "Local Read Blocks": 0,                                               
                   "Local Dirtied Blocks": 0,                                            
                   "Local Written Blocks": 0,                                            
                   "Temp Read Blocks": 0,                                                
                   "Temp Written Blocks": 0,                                             
                   "Plans": [                                                            
                     {                                                                   
                       "Node Type": "Seq Scan",                                          
                       "Parent Relationship": "Outer",                                   
                       "Parallel Aware": false,                                          
                       "Relation Name": "name",                                          
                       "Alias": "n",                                                    
                       "Startup Cost": 0.00,                                             
                       "Total Cost": 2032.56,                                            
                       "Plan Rows": 4167491,                                             
                       "Plan Width": 4,                                                  
                       "Actual Startup Time": 9.778,                                     
                       "Actual Total Time": 1623.610,                                    
                       "Actual Rows": 4167491,                                           
                       "Actual Loops": 1,                                                
                       "Shared Hit Blocks": 2,                                           
                       "Shared Read Blocks": 55611,                                      
                       "Shared Dirtied Blocks": 0,                                       
                       "Shared Written Blocks": 0,                                       
                       "Local Hit Blocks": 0,                                            
                       "Local Read Blocks": 0,                                           
                       "Local Dirtied Blocks": 0,                                        
                       "Local Written Blocks": 0,                                        
                       "Temp Read Blocks": 0,                                            
                       "Temp Written Blocks": 0                                          
                     }                                                                   
                   ]                                                                     
                 }                                                                       
               ]                                                                         
             },                                                                          
             {                                                                           
               "Node Type": "Sort",                                                      
               "Parent Relationship": "Inner",                                           
               "Parallel Aware": false,                                                  
               "Startup Cost": 59509.57,                                                 
               "Total Cost": 59672.32,                                                   
               "Plan Rows": 2096308,                                                     
               "Plan Width": 21,                                                         
               "Actual Startup Time": 24524.567,                                         
               "Actual Total Time": 24560.357,                                           
               "Actual Rows": 445950,                                                    
               "Actual Loops": 1,                                                        
               "Sort Key": ["ci.person_id"],                                             
               "Sort Method": "quicksort",                                               
               "Sort Space Used": 31926,                                                 
               "Sort Space Type": "Memory",                                              
               "Shared Hit Blocks": 11,                                                  
               "Shared Read Blocks": 310425,                                             
               "Shared Dirtied Blocks": 0,                                               
               "Shared Written Blocks": 0,                                               
               "Local Hit Blocks": 0,                                                    
               "Local Read Blocks": 0,                                                   
               "Local Dirtied Blocks": 0,                                                
               "Local Written Blocks": 0,                                                
               "Temp Read Blocks": 0,                                                    
               "Temp Written Blocks": 0,                                                 
               "Plans": [                                                                
                 {                                                                       
                   "Node Type": "Merge Join",                                            
                   "Parent Relationship": "Outer",                                       
                   "Parallel Aware": false,                                              
                   "Join Type": "Inner",                                                 
                   "Startup Cost": 51451.05,                                             
                   "Total Cost": 52673.97,                                               
                   "Plan Rows": 2096308,                                                 
                   "Plan Width": 21,                                                     
                   "Actual Startup Time": 23060.937,                                     
                   "Actual Total Time": 24437.947,                                       
                   "Actual Rows": 285538,                                                
                   "Actual Loops": 1,                                                    
                   "Inner Unique": false,                                                
                   "Merge Cond": "(t.id = ci.movie_id)",                                 
                   "Shared Hit Blocks": 11,                                              
                   "Shared Read Blocks": 310425,                                         
                   "Shared Dirtied Blocks": 0,                                           
                   "Shared Written Blocks": 0,                                           
                   "Local Hit Blocks": 0,                                                
                   "Local Read Blocks": 0,                                               
                   "Local Dirtied Blocks": 0,                                            
                   "Local Written Blocks": 0,                                            
                   "Temp Read Blocks": 0,                                                
                   "Temp Written Blocks": 0,                                             
                   "Plans": [                                                            
                     {                                                                   
                       "Node Type": "Merge Join",                                        
                       "Parent Relationship": "Outer",                                   
                       "Parallel Aware": false,                                          
                       "Join Type": "Inner",                                             
                       "Startup Cost": 22790.19,                                         
                       "Total Cost": 23393.79,                                           
                       "Plan Rows": 941996,                                              
                       "Plan Width": 25,                                                 
                       "Actual Startup Time": 5072.323,                                  
                       "Actual Total Time": 6220.432,                                    
                       "Actual Rows": 1153798,                                           
                       "Actual Loops": 1,                                                
                       "Inner Unique": true,                                             
                       "Merge Cond": "(mc.movie_id = t.id)",                             
                       "Shared Hit Blocks": 6,                                           
                       "Shared Read Blocks": 57775,                                      
                       "Shared Dirtied Blocks": 0,                                       
                       "Shared Written Blocks": 0,                                       
                       "Local Hit Blocks": 0,                                            
                       "Local Read Blocks": 0,                                           
                       "Local Dirtied Blocks": 0,                                        
                       "Local Written Blocks": 0,                                        
                       "Temp Read Blocks": 0,                                            
                       "Temp Written Blocks": 0,                                         
                       "Plans": [                                                        
                         {                                                               
                           "Node Type": "Sort",                                          
                           "Parent Relationship": "Outer",                               
                           "Parallel Aware": false,                                      
                           "Startup Cost": 13135.84,                                     
                           "Total Cost": 13208.98,                                       
                           "Plan Rows": 941996,                                          
                           "Plan Width": 4,                                              
                           "Actual Startup Time": 2760.864,                              
                           "Actual Total Time": 2905.983,                                
                           "Actual Rows": 1153798,                                       
                           "Actual Loops": 1,                                            
                           "Sort Key": ["mc.movie_id"],                                  
                           "Sort Method": "quicksort",                                   
                           "Sort Space Used": 103237,                                    
                           "Sort Space Type": "Memory",                                  
                           "Shared Hit Blocks": 5,                                       
                           "Shared Read Blocks": 21778,                                  
                           "Shared Dirtied Blocks": 0,                                   
                           "Shared Written Blocks": 0,                                   
                           "Local Hit Blocks": 0,                                        
                           "Local Read Blocks": 0,                                       
                           "Local Dirtied Blocks": 0,                                    
                           "Local Written Blocks": 0,                                    
                           "Temp Read Blocks": 0,                                        
                           "Temp Written Blocks": 0,                                     
                           "Plans": [                                                    
                             {                                                           
                               "Node Type": "Merge Join",                                
                               "Parent Relationship": "Outer",                           
                               "Parallel Aware": false,                                  
                               "Join Type": "Inner",                                     
                               "Startup Cost": 9749.56,                                  
                               "Total Cost": 10233.01,                                   
                               "Plan Rows": 941996,                                      
                               "Plan Width": 4,                                          
                               "Actual Startup Time": 1595.582,                          
                               "Actual Total Time": 2333.763,                            
                               "Actual Rows": 1153798,                                   
                               "Actual Loops": 1,                                        
                               "Inner Unique": false,                                    
                               "Merge Cond": "(cn.id = mc.company_id)",                  
                               "Shared Hit Blocks": 5,                                   
                               "Shared Read Blocks": 21778,                              
                               "Shared Dirtied Blocks": 0,                               
                               "Shared Written Blocks": 0,                               
                               "Local Hit Blocks": 0,                                    
                               "Local Read Blocks": 0,                                   
                               "Local Dirtied Blocks": 0,                                
                               "Local Written Blocks": 0,                                
                               "Temp Read Blocks": 0,                                    
                               "Temp Written Blocks": 0,                                 
                               "Plans": [                                                
                                 {                                                       
                                   "Node Type": "Sort",                                  
                                   "Parent Relationship": "Outer",                       
                                   "Parallel Aware": false,                              
                                   "Startup Cost": 344.10,                               
                                   "Total Cost": 350.69,                                 
                                   "Plan Rows": 84843,                                   
                                   "Plan Width": 4,                                      
                                   "Actual Startup Time": 219.865,                       
                                   "Actual Total Time": 232.011,                         
                                   "Actual Rows": 84843,                                 
                                   "Actual Loops": 1,                                    
                                   "Sort Key": ["cn.id"],                                
                                   "Sort Method": "quicksort",                           
                                   "Sort Space Used": 7050,                              
                                   "Sort Space Type": "Memory",                          
                                   "Shared Hit Blocks": 2,                               
                                   "Shared Read Blocks": 2992,                           
                                   "Shared Dirtied Blocks": 0,                           
                                   "Shared Written Blocks": 0,                           
                                   "Local Hit Blocks": 0,                                
                                   "Local Read Blocks": 0,                               
                                   "Local Dirtied Blocks": 0,                            
                                   "Local Written Blocks": 0,                            
                                   "Temp Read Blocks": 0,                                
                                   "Temp Written Blocks": 0,                             
                                   "Plans": [                                            
                                     {                                                   
                                       "Node Type": "Seq Scan",                          
                                       "Parent Relationship": "Outer",                   
                                       "Parallel Aware": false,                          
                                       "Relation Name": "company_name",                  
                                       "Alias": "cn",                                    
                                       "Startup Cost": 0.00,                             
                                       "Total Cost": 128.41,                             
                                       "Plan Rows": 84843,                               
                                       "Plan Width": 4,                                  
                                       "Actual Startup Time": 18.145,                    
                                       "Actual Total Time": 177.996,                     
                                       "Actual Rows": 84843,                             
                                       "Actual Loops": 1,                                
                                       "Filter": "((country_code)::text = '[us]'::text)",
                                       "Rows Removed by Filter": 150154,                 
                                       "Shared Hit Blocks": 2,                           
                                       "Shared Read Blocks": 2992,                       
                                       "Shared Dirtied Blocks": 0,                       
                                       "Shared Written Blocks": 0,                       
                                       "Local Hit Blocks": 0,                            
                                       "Local Read Blocks": 0,                           
                                       "Local Dirtied Blocks": 0,                        
                                       "Local Written Blocks": 0,                        
                                       "Temp Read Blocks": 0,                            
                                       "Temp Written Blocks": 0                          
                                     }                                                   
                                   ]                                                     
                                 },                                                      
                                 {                                                       
                                   "Node Type": "Sort",                                  
                                   "Parent Relationship": "Inner",                       
                                   "Parallel Aware": false,                              
                                   "Startup Cost": 9405.45,                              
                                   "Total Cost": 9608.03,                                
                                   "Plan Rows": 2609129,                                 
                                   "Plan Width": 8,                                      
                                   "Actual Startup Time": 1375.709,                      
                                   "Actual Total Time": 1698.517,                        
                                   "Actual Rows": 2609129,                               
                                   "Actual Loops": 1,                                    
                                   "Sort Key": ["mc.company_id"],                        
                                   "Sort Method": "quicksort",                           
                                   "Sort Space Used": 220607,                            
                                   "Sort Space Type": "Memory",                          
                                   "Shared Hit Blocks": 3,                               
                                   "Shared Read Blocks": 18786,                          
                                   "Shared Dirtied Blocks": 0,                           
                                   "Shared Written Blocks": 0,                           
                                   "Local Hit Blocks": 0,                                
                                   "Local Read Blocks": 0,                               
                                   "Local Dirtied Blocks": 0,                            
                                   "Local Written Blocks": 0,                            
                                   "Temp Read Blocks": 0,                                
                                   "Temp Written Blocks": 0,                             
                                   "Plans": [                                            
                                     {                                                   
                                       "Node Type": "Seq Scan",                          
                                       "Parent Relationship": "Outer",                   
                                       "Parallel Aware": false,                          
                                       "Relation Name": "movie_companies",               
                                       "Alias": "mc",                                    
                                       "Startup Cost": 0.00,                             
                                       "Total Cost": 769.75,                             
                                       "Plan Rows": 2609129,                             
                                       "Plan Width": 8,                                  
                                       "Actual Startup Time": 0.013,                     
                                       "Actual Total Time": 519.554,                     
                                       "Actual Rows": 2609129,                           
                                       "Actual Loops": 1,                                
                                       "Shared Hit Blocks": 3,                           
                                       "Shared Read Blocks": 18786,                      
                                       "Shared Dirtied Blocks": 0,                       
                                       "Shared Written Blocks": 0,                       
                                       "Local Hit Blocks": 0,                            
                                       "Local Read Blocks": 0,                           
                                       "Local Dirtied Blocks": 0,                        
                                       "Local Written Blocks": 0,                        
                                       "Temp Read Blocks": 0,                            
                                       "Temp Written Blocks": 0                          
                                     }                                                   
                                   ]                                                     
                                 }                                                       
                               ]                                                         
                             }                                                           
                           ]                                                             
                         },                                                              
                         {                                                               
                           "Node Type": "Sort",                                          
                           "Parent Relationship": "Inner",                               
                           "Parallel Aware": false,                                      
                           "Startup Cost": 9654.35,                                      
                           "Total Cost": 9850.65,                                        
                           "Plan Rows": 2528312,                                         
                           "Plan Width": 21,                                             
                           "Actual Startup Time": 2311.448,                              
                           "Actual Total Time": 2639.613,                                
                           "Actual Rows": 2525744,                                       
                           "Actual Loops": 1,                                            
                           "Sort Key": ["t.id"],                                         
                           "Sort Method": "quicksort",                                   
                           "Sort Space Used": 275055,                                    
                           "Sort Space Type": "Memory",                                  
                           "Shared Hit Blocks": 1,                                       
                           "Shared Read Blocks": 35997,                                  
                           "Shared Dirtied Blocks": 0,                                   
                           "Shared Written Blocks": 0,                                   
                           "Local Hit Blocks": 0,                                        
                           "Local Read Blocks": 0,                                       
                           "Local Dirtied Blocks": 0,                                    
                           "Local Written Blocks": 0,                                    
                           "Temp Read Blocks": 0,                                        
                           "Temp Written Blocks": 0,                                     
                           "Plans": [                                                    
                             {                                                           
                               "Node Type": "Seq Scan",                                  
                               "Parent Relationship": "Outer",                           
                               "Parallel Aware": false,                                  
                               "Relation Name": "title",                                 
                               "Alias": "t",                                             
                               "Startup Cost": 0.00,                                     
                               "Total Cost": 1303.96,                                    
                               "Plan Rows": 2528312,                                     
                               "Plan Width": 21,                                         
                               "Actual Startup Time": 15.678,                            
                               "Actual Total Time": 1002.556,                            
                               "Actual Rows": 2528312,                                   
                               "Actual Loops": 1,                                        
                               "Shared Hit Blocks": 1,                                   
                               "Shared Read Blocks": 35997,                              
                               "Shared Dirtied Blocks": 0,                               
                               "Shared Written Blocks": 0,                               
                               "Local Hit Blocks": 0,                                    
                               "Local Read Blocks": 0,                                   
                               "Local Dirtied Blocks": 0,                                
                               "Local Written Blocks": 0,                                
                               "Temp Read Blocks": 0,                                    
                               "Temp Written Blocks": 0                                  
                             }                                                           
                           ]                                                             
                         }                                                               
                       ]                                                                 
                     },                                                                  
                     {                                                                   
                       "Node Type": "Sort",                                              
                       "Parent Relationship": "Inner",                                   
                       "Parallel Aware": false,                                          
                       "Startup Cost": 28660.86,                                         
                       "Total Cost": 28895.36,                                           
                       "Plan Rows": 3020362,                                             
                       "Plan Width": 8,                                                  
                       "Actual Startup Time": 17988.607,                                 
                       "Actual Total Time": 18027.036,                                   
                       "Actual Rows": 461760,                                            
                       "Actual Loops": 1,                                                
                       "Sort Key": ["ci.movie_id"],                                      
                       "Sort Method": "quicksort",                                       
                       "Sort Space Used": 25245,                                         
                       "Sort Space Type": "Memory",                                      
                       "Shared Hit Blocks": 5,                                           
                       "Shared Read Blocks": 252650,                                     
                       "Shared Dirtied Blocks": 0,                                       
                       "Shared Written Blocks": 0,                                       
                       "Local Hit Blocks": 0,                                            
                       "Local Read Blocks": 0,                                           
                       "Local Dirtied Blocks": 0,                                        
                       "Local Written Blocks": 0,                                        
                       "Temp Read Blocks": 0,                                            
                       "Temp Written Blocks": 0,                                         
                       "Plans": [                                                        
                         {                                                               
                           "Node Type": "Nested Loop",                                   
                           "Parent Relationship": "Outer",                               
                           "Parallel Aware": false,                                      
                           "Join Type": "Inner",                                         
                           "Startup Cost": 0.00,                                         
                           "Total Cost": 18565.03,                                       
                           "Plan Rows": 3020362,                                         
                           "Plan Width": 8,                                              
                           "Actual Startup Time": 14218.672,                             
                           "Actual Total Time": 17886.735,                               
                           "Actual Rows": 276403,                                        
                           "Actual Loops": 1,                                            
                           "Inner Unique": true,                                         
                           "Join Filter": "(ci.role_id = rt.id)",                        
                           "Rows Removed by Join Filter": 35967941,                      
                           "Shared Hit Blocks": 5,                                       
                           "Shared Read Blocks": 252650,                                 
                           "Shared Dirtied Blocks": 0,                                   
                           "Shared Written Blocks": 0,                                   
                           "Local Hit Blocks": 0,                                        
                           "Local Read Blocks": 0,                                       
                           "Local Dirtied Blocks": 0,                                    
                           "Local Written Blocks": 0,                                    
                           "Temp Read Blocks": 0,                                        
                           "Temp Written Blocks": 0,                                     
                           "Plans": [                                                    
                             {                                                           
                               "Node Type": "Seq Scan",                                  
                               "Parent Relationship": "Outer",                           
                               "Parallel Aware": false,                                  
                               "Relation Name": "cast_info",                             
                               "Alias": "ci",                                            
                               "Startup Cost": 0.00,                                     
                               "Total Cost": 10431.00,                                   
                               "Plan Rows": 36244344,                                    
                               "Plan Width": 12,                                         
                               "Actual Startup Time": 0.014,                             
                               "Actual Total Time": 4251.119,                            
                               "Actual Rows": 36244344,                                  
                               "Actual Loops": 1,                                        
                               "Shared Hit Blocks": 4,                                   
                               "Shared Read Blocks": 252650,                             
                               "Shared Dirtied Blocks": 0,                               
                               "Shared Written Blocks": 0,                               
                               "Local Hit Blocks": 0,                                    
                               "Local Read Blocks": 0,                                   
                               "Local Dirtied Blocks": 0,                                
                               "Local Written Blocks": 0,                                
                               "Temp Read Blocks": 0,                                    
                               "Temp Written Blocks": 0                                  
                             },                                                          
                             {                                                           
                               "Node Type": "Materialize",                               
                               "Parent Relationship": "Inner",                           
                               "Parallel Aware": false,                                  
                               "Startup Cost": 0.00,                                     
                               "Total Cost": 0.03,                                       
                               "Plan Rows": 1,                                           
                               "Plan Width": 4,                                          
                               "Actual Startup Time": 0.000,                             
                               "Actual Total Time": 0.000,                               
                               "Actual Rows": 1,                                         
                               "Actual Loops": 36244344,                                 
                               "Shared Hit Blocks": 1,                                   
                               "Shared Read Blocks": 0,                                  
                               "Shared Dirtied Blocks": 0,                               
                               "Shared Written Blocks": 0,                               
                               "Local Hit Blocks": 0,                                    
                               "Local Read Blocks": 0,                                   
                               "Local Dirtied Blocks": 0,                                
                               "Local Written Blocks": 0,                                
                               "Temp Read Blocks": 0,                                    
                               "Temp Written Blocks": 0,                                 
                               "Plans": [                                                
                                 {                                                       
                                   "Node Type": "Seq Scan",                              
                                   "Parent Relationship": "Outer",                       
                                   "Parallel Aware": false,                              
                                   "Relation Name": "role_type",                         
                                   "Alias": "rt",                                        
                                   "Startup Cost": 0.00,                                 
                                   "Total Cost": 0.03,                                   
                                   "Plan Rows": 1,                                       
                                   "Plan Width": 4,                                      
                                   "Actual Startup Time": 0.016,                         
                                   "Actual Total Time": 0.017,                           
                                   "Actual Rows": 1,                                     
                                   "Actual Loops": 1,                                    
                                   "Filter": "((role)::text = 'costume designer'::text)",
                                   "Rows Removed by Filter": 11,                         
                                   "Shared Hit Blocks": 1,                               
                                   "Shared Read Blocks": 0,                              
                                   "Shared Dirtied Blocks": 0,                           
                                   "Shared Written Blocks": 0,                           
                                   "Local Hit Blocks": 0,                                
                                   "Local Read Blocks": 0,                               
                                   "Local Dirtied Blocks": 0,                            
                                   "Local Written Blocks": 0,                            
                                   "Temp Read Blocks": 0,                                
                                   "Temp Written Blocks": 0                              
                                 }                                                       
                               ]                                                         
                             }                                                           
                           ]                                                             
                         }                                                               
                       ]                                                                 
                     }                                                                   
                   ]                                                                     
                 }                                                                       
               ]                                                                         
             }                                                                           
           ]                                                                             
         }                                                                               
       ]                                                                                 
     },                                                                                  
     "Planning Time": 4412.947,                                                          
     "Triggers": [                                                                       
     ],                                                                                  
     "Execution Time": 30145.722                                                         
   }                                                                                     
 ]
