                                                           QUERY PLAN                                                            
---------------------------------------------------------------------------------------------------------------------------------
 Nested Loop  (cost=0.01..613.45 rows=100 width=98) (actual time=50.790..0 rows=0 loops=1)
   Buffers: shared hit=175 read=227
   ->  Seq Scan on del_nest_index del  (cost=0.00..0.04 rows=100 width=4) (actual time=0.047..0 rows=0 loops=1)
         Buffers: shared read=1
   ->  Index Scan using title_idx_id on title t  (cost=0.01..6.13 rows=1 width=94) (actual time=35.662..0 rows=0 loops=0)
         Index Cond: (id = del.a)
         Buffers: shared hit=175 read=226
 Planning Time: 307.147 ms
 Execution Time: 3570.186 ms
(9 rows)
                                                           QUERY PLAN                                                            
---------------------------------------------------------------------------------------------------------------------------------
 Nested Loop  (cost=0.01..613.45 rows=100 width=98) (actual time=50.790..3567.530 rows=100 loops=1)
   Buffers: shared hit=175 read=227
   ->  Seq Scan on del_nest_index del  (cost=0.00..0.04 rows=100 width=4) (actual time=0.047..0.190 rows=100 loops=1)
         Buffers: shared read=1
   ->  Index Scan using title_idx_id on title t  (cost=0.01..6.13 rows=1 width=94) (actual time=35.662..35.662 rows=1 loops=100)
         Index Cond: (id = del.a)
         Buffers: shared hit=175 read=226
 Planning Time: 307.147 ms
 Execution Time: 3570.186 ms
(9 rows)

                                                           QUERY PLAN                                                            
---------------------------------------------------------------------------------------------------------------------------------
 Nested Loop  (cost=0.01..613.45 rows=100 width=98) (actual time=46.522..3565.324 rows=100 loops=1)
   Buffers: shared hit=176 read=225
   ->  Seq Scan on del_nest_index del  (cost=0.00..0.04 rows=100 width=4) (actual time=0.022..0.207 rows=100 loops=1)
         Buffers: shared read=1
   ->  Index Scan using title_idx_id on title t  (cost=0.01..6.13 rows=1 width=94) (actual time=35.638..35.638 rows=1 loops=100)
         Index Cond: (id = del.a)
         Buffers: shared hit=176 read=224
 Planning Time: 338.624 ms
 Execution Time: 3568.267 ms
(9 rows)

                                                           QUERY PLAN                                                            
---------------------------------------------------------------------------------------------------------------------------------
 Nested Loop  (cost=0.01..613.45 rows=100 width=98) (actual time=39.451..3267.846 rows=100 loops=1)
   Buffers: shared hit=176 read=225
   ->  Seq Scan on del_nest_index del  (cost=0.00..0.04 rows=100 width=4) (actual time=0.026..0.175 rows=100 loops=1)
         Buffers: shared read=1
   ->  Index Scan using title_idx_id on title t  (cost=0.01..6.13 rows=1 width=94) (actual time=32.664..32.664 rows=1 loops=100)
         Index Cond: (id = del.a)
         Buffers: shared hit=176 read=224
 Planning Time: 311.638 ms
 Execution Time: 3270.132 ms
(9 rows)

                                                           QUERY PLAN                                                            
---------------------------------------------------------------------------------------------------------------------------------
 Nested Loop  (cost=0.01..613.45 rows=100 width=98) (actual time=44.938..3441.973 rows=100 loops=1)
   Buffers: shared hit=174 read=228
   ->  Seq Scan on del_nest_index del  (cost=0.00..0.04 rows=100 width=4) (actual time=0.051..0.206 rows=100 loops=1)
         Buffers: shared read=1
   ->  Index Scan using title_idx_id on title t  (cost=0.01..6.13 rows=1 width=94) (actual time=34.405..34.405 rows=1 loops=100)
         Index Cond: (id = del.a)
         Buffers: shared hit=174 read=227
 Planning Time: 298.450 ms
 Execution Time: 3444.328 ms
(9 rows)

                                                           QUERY PLAN                                                            
---------------------------------------------------------------------------------------------------------------------------------
 Nested Loop  (cost=0.01..613.45 rows=100 width=98) (actual time=43.495..3248.369 rows=100 loops=1)
   Buffers: shared hit=177 read=224
   ->  Seq Scan on del_nest_index del  (cost=0.00..0.04 rows=100 width=4) (actual time=0.040..0.208 rows=100 loops=1)
         Buffers: shared read=1
   ->  Index Scan using title_idx_id on title t  (cost=0.01..6.13 rows=1 width=94) (actual time=32.470..32.470 rows=1 loops=100)
         Index Cond: (id = del.a)
         Buffers: shared hit=177 read=223
 Planning Time: 386.710 ms
 Execution Time: 3250.771 ms
(9 rows)

                                                           QUERY PLAN                                                            
---------------------------------------------------------------------------------------------------------------------------------
 Nested Loop  (cost=0.01..1220.78 rows=200 width=98) (actual time=49.713..6392.389 rows=200 loops=1)
   Buffers: shared hit=377 read=426
   ->  Seq Scan on del_nest_index del  (cost=0.00..0.08 rows=200 width=4) (actual time=0.040..0.450 rows=200 loops=1)
         Buffers: shared read=2
   ->  Index Scan using title_idx_id on title t  (cost=0.01..6.10 rows=1 width=94) (actual time=31.948..31.948 rows=1 loops=200)
         Index Cond: (id = del.a)
         Buffers: shared hit=377 read=424
 Planning Time: 284.032 ms
 Execution Time: 6394.867 ms
(9 rows)

                                                           QUERY PLAN                                                            
---------------------------------------------------------------------------------------------------------------------------------
 Nested Loop  (cost=0.01..1220.78 rows=200 width=98) (actual time=44.757..6738.964 rows=200 loops=1)
   Buffers: shared hit=378 read=426
   ->  Seq Scan on del_nest_index del  (cost=0.00..0.08 rows=200 width=4) (actual time=0.043..0.401 rows=200 loops=1)
         Buffers: shared read=2
   ->  Index Scan using title_idx_id on title t  (cost=0.01..6.10 rows=1 width=94) (actual time=33.681..33.681 rows=1 loops=200)
         Index Cond: (id = del.a)
         Buffers: shared hit=378 read=424
 Planning Time: 350.610 ms
 Execution Time: 6741.499 ms
(9 rows)

                                                           QUERY PLAN                                                            
---------------------------------------------------------------------------------------------------------------------------------
 Nested Loop  (cost=0.01..1220.78 rows=200 width=98) (actual time=52.192..6666.245 rows=200 loops=1)
   Buffers: shared hit=375 read=429
   ->  Seq Scan on del_nest_index del  (cost=0.00..0.08 rows=200 width=4) (actual time=0.043..0.390 rows=200 loops=1)
         Buffers: shared read=2
   ->  Index Scan using title_idx_id on title t  (cost=0.01..6.10 rows=1 width=94) (actual time=33.317..33.317 rows=1 loops=200)
         Index Cond: (id = del.a)
         Buffers: shared hit=375 read=427
 Planning Time: 333.951 ms
 Execution Time: 6669.065 ms
(9 rows)

                                                           QUERY PLAN                                                            
---------------------------------------------------------------------------------------------------------------------------------
 Nested Loop  (cost=0.01..1220.78 rows=200 width=98) (actual time=54.412..6987.245 rows=200 loops=1)
   Buffers: shared hit=377 read=427
   ->  Seq Scan on del_nest_index del  (cost=0.00..0.08 rows=200 width=4) (actual time=0.042..0.425 rows=200 loops=1)
         Buffers: shared read=2
   ->  Index Scan using title_idx_id on title t  (cost=0.01..6.10 rows=1 width=94) (actual time=34.922..34.922 rows=1 loops=200)
         Index Cond: (id = del.a)
         Buffers: shared hit=377 read=425
 Planning Time: 417.274 ms
 Execution Time: 6989.775 ms
(9 rows)

                                                           QUERY PLAN                                                            
---------------------------------------------------------------------------------------------------------------------------------
 Nested Loop  (cost=0.01..1220.78 rows=200 width=98) (actual time=43.673..6960.226 rows=200 loops=1)
   Buffers: shared hit=379 read=423
   ->  Seq Scan on del_nest_index del  (cost=0.00..0.08 rows=200 width=4) (actual time=0.043..0.478 rows=200 loops=1)
         Buffers: shared read=2
   ->  Index Scan using title_idx_id on title t  (cost=0.01..6.10 rows=1 width=94) (actual time=34.786..34.786 rows=1 loops=200)
         Index Cond: (id = del.a)
         Buffers: shared hit=379 read=421
 Planning Time: 333.950 ms
 Execution Time: 6962.788 ms
(9 rows)

                                                           QUERY PLAN                                                            
---------------------------------------------------------------------------------------------------------------------------------
 Nested Loop  (cost=0.01..1818.92 rows=300 width=98) (actual time=48.621..9784.325 rows=300 loops=1)
   Buffers: shared hit=586 read=617
   ->  Seq Scan on del_nest_index del  (cost=0.00..0.11 rows=300 width=4) (actual time=0.041..0.547 rows=300 loops=1)
         Buffers: shared read=3
   ->  Index Scan using title_idx_id on title t  (cost=0.01..6.06 rows=1 width=94) (actual time=32.601..32.601 rows=1 loops=300)
         Index Cond: (id = del.a)
         Buffers: shared hit=586 read=614
 Planning Time: 325.597 ms
 Execution Time: 9787.024 ms
(9 rows)

                                                           QUERY PLAN                                                            
---------------------------------------------------------------------------------------------------------------------------------
 Nested Loop  (cost=0.01..1818.92 rows=300 width=98) (actual time=43.751..9733.004 rows=300 loops=1)
   Buffers: shared hit=581 read=625
   ->  Seq Scan on del_nest_index del  (cost=0.00..0.11 rows=300 width=4) (actual time=0.051..0.598 rows=300 loops=1)
         Buffers: shared read=3
   ->  Index Scan using title_idx_id on title t  (cost=0.01..6.06 rows=1 width=94) (actual time=32.429..32.429 rows=1 loops=300)
         Index Cond: (id = del.a)
         Buffers: shared hit=581 read=622
 Planning Time: 308.994 ms
 Execution Time: 9735.625 ms
(9 rows)

                                                           QUERY PLAN                                                            
---------------------------------------------------------------------------------------------------------------------------------
 Nested Loop  (cost=0.01..1818.92 rows=300 width=98) (actual time=53.840..9794.576 rows=300 loops=1)
   Buffers: shared hit=578 read=625
   ->  Seq Scan on del_nest_index del  (cost=0.00..0.11 rows=300 width=4) (actual time=19.994..20.554 rows=300 loops=1)
         Buffers: shared read=3
   ->  Index Scan using title_idx_id on title t  (cost=0.01..6.06 rows=1 width=94) (actual time=32.569..32.569 rows=1 loops=300)
         Index Cond: (id = del.a)
         Buffers: shared hit=578 read=622
 Planning Time: 512.206 ms
 Execution Time: 9800.858 ms
(9 rows)

                                                           QUERY PLAN                                                            
---------------------------------------------------------------------------------------------------------------------------------
 Nested Loop  (cost=0.01..613.45 rows=100 width=98) (actual time=51.602..3311.393 rows=100 loops=1)
   Buffers: shared hit=174 read=227
   ->  Seq Scan on del_nest_index del  (cost=0.00..0.04 rows=100 width=4) (actual time=0.062..0.206 rows=100 loops=1)
         Buffers: shared read=1
   ->  Index Scan using title_idx_id on title t  (cost=0.01..6.13 rows=1 width=94) (actual time=33.099..33.099 rows=1 loops=100)
         Index Cond: (id = del.a)
         Buffers: shared hit=174 read=226
 Planning Time: 405.774 ms
 Execution Time: 3312.444 ms
(9 rows)

                                                           QUERY PLAN                                                            
---------------------------------------------------------------------------------------------------------------------------------
 Nested Loop  (cost=0.01..613.45 rows=100 width=98) (actual time=59.976..3528.905 rows=100 loops=1)
   Buffers: shared hit=176 read=227
   ->  Seq Scan on del_nest_index del  (cost=0.00..0.04 rows=100 width=4) (actual time=0.041..0.213 rows=100 loops=1)
         Buffers: shared read=1
   ->  Index Scan using title_idx_id on title t  (cost=0.01..6.13 rows=1 width=94) (actual time=35.275..35.275 rows=1 loops=100)
         Index Cond: (id = del.a)
         Buffers: shared hit=176 read=226
 Planning Time: 339.256 ms
 Execution Time: 3529.993 ms
(9 rows)

                                                           QUERY PLAN                                                            
---------------------------------------------------------------------------------------------------------------------------------
 Nested Loop  (cost=0.01..613.45 rows=100 width=98) (actual time=41.705..3306.117 rows=100 loops=1)
   Buffers: shared hit=176 read=225
   ->  Seq Scan on del_nest_index del  (cost=0.00..0.04 rows=100 width=4) (actual time=0.042..0.201 rows=100 loops=1)
         Buffers: shared read=1
   ->  Index Scan using title_idx_id on title t  (cost=0.01..6.13 rows=1 width=94) (actual time=33.048..33.048 rows=1 loops=100)
         Index Cond: (id = del.a)
         Buffers: shared hit=176 read=224
 Planning Time: 322.540 ms
 Execution Time: 3311.589 ms
(9 rows)

                                                           QUERY PLAN                                                            
---------------------------------------------------------------------------------------------------------------------------------
 Nested Loop  (cost=0.01..613.45 rows=100 width=98) (actual time=54.750..3451.978 rows=100 loops=1)
   Buffers: shared hit=178 read=225
   ->  Seq Scan on del_nest_index del  (cost=0.00..0.04 rows=100 width=4) (actual time=0.049..0.219 rows=100 loops=1)
         Buffers: shared read=1
   ->  Index Scan using title_idx_id on title t  (cost=0.01..6.13 rows=1 width=94) (actual time=34.506..34.506 rows=1 loops=100)
         Index Cond: (id = del.a)
         Buffers: shared hit=178 read=224
 Planning Time: 447.952 ms
 Execution Time: 3453.150 ms
(9 rows)

                                                           QUERY PLAN                                                            
---------------------------------------------------------------------------------------------------------------------------------
 Nested Loop  (cost=0.01..1220.78 rows=200 width=98) (actual time=54.121..6867.041 rows=200 loops=1)
   Buffers: shared hit=377 read=425
   ->  Seq Scan on del_nest_index del  (cost=0.00..0.08 rows=200 width=4) (actual time=0.043..0.422 rows=200 loops=1)
         Buffers: shared read=2
   ->  Index Scan using title_idx_id on title t  (cost=0.01..6.10 rows=1 width=94) (actual time=34.321..34.321 rows=1 loops=200)
         Index Cond: (id = del.a)
         Buffers: shared hit=377 read=423
 Planning Time: 281.292 ms
 Execution Time: 6868.494 ms
(9 rows)

                                                           QUERY PLAN                                                            
---------------------------------------------------------------------------------------------------------------------------------
 Nested Loop  (cost=0.01..1220.78 rows=200 width=98) (actual time=53.900..6426.803 rows=200 loops=1)
   Buffers: shared hit=375 read=427
   ->  Seq Scan on del_nest_index del  (cost=0.00..0.08 rows=200 width=4) (actual time=0.047..0.479 rows=200 loops=1)
         Buffers: shared read=2
   ->  Index Scan using title_idx_id on title t  (cost=0.01..6.10 rows=1 width=94) (actual time=32.119..32.119 rows=1 loops=200)
         Index Cond: (id = del.a)
         Buffers: shared hit=375 read=425
 Planning Time: 281.285 ms
 Execution Time: 6428.155 ms
(9 rows)

                                                           QUERY PLAN                                                            
---------------------------------------------------------------------------------------------------------------------------------
 Nested Loop  (cost=0.01..1220.78 rows=200 width=98) (actual time=120.750..6788.859 rows=200 loops=1)
   Buffers: shared hit=377 read=425
   ->  Seq Scan on del_nest_index del  (cost=0.00..0.08 rows=200 width=4) (actual time=0.054..0.422 rows=200 loops=1)
         Buffers: shared read=2
   ->  Index Scan using title_idx_id on title t  (cost=0.01..6.10 rows=1 width=94) (actual time=33.930..33.930 rows=1 loops=200)
         Index Cond: (id = del.a)
         Buffers: shared hit=377 read=423
 Planning Time: 406.290 ms
 Execution Time: 6817.768 ms
(9 rows)

                                                           QUERY PLAN                                                            
---------------------------------------------------------------------------------------------------------------------------------
 Nested Loop  (cost=0.01..1220.78 rows=200 width=98) (actual time=48.787..6782.674 rows=200 loops=1)
   Buffers: shared hit=381 read=421
   ->  Seq Scan on del_nest_index del  (cost=0.00..0.08 rows=200 width=4) (actual time=0.047..0.395 rows=200 loops=1)
         Buffers: shared read=2
   ->  Index Scan using title_idx_id on title t  (cost=0.01..6.10 rows=1 width=94) (actual time=33.899..33.899 rows=1 loops=200)
         Index Cond: (id = del.a)
         Buffers: shared hit=381 read=419
 Planning Time: 283.947 ms
 Execution Time: 6785.221 ms
(9 rows)

                                                           QUERY PLAN                                                            
---------------------------------------------------------------------------------------------------------------------------------
 Nested Loop  (cost=0.01..1220.78 rows=200 width=98) (actual time=46.769..6462.879 rows=200 loops=1)
   Buffers: shared hit=378 read=425
   ->  Seq Scan on del_nest_index del  (cost=0.00..0.08 rows=200 width=4) (actual time=0.047..0.371 rows=200 loops=1)
         Buffers: shared read=2
   ->  Index Scan using title_idx_id on title t  (cost=0.01..6.10 rows=1 width=94) (actual time=32.300..32.300 rows=1 loops=200)
         Index Cond: (id = del.a)
         Buffers: shared hit=378 read=423
 Planning Time: 342.290 ms
 Execution Time: 6465.404 ms
(9 rows)

                                                           QUERY PLAN                                                            
---------------------------------------------------------------------------------------------------------------------------------
 Nested Loop  (cost=0.01..1818.92 rows=300 width=98) (actual time=42.513..9679.101 rows=300 loops=1)
   Buffers: shared hit=584 read=620
   ->  Seq Scan on del_nest_index del  (cost=0.00..0.11 rows=300 width=4) (actual time=0.040..0.603 rows=300 loops=1)
         Buffers: shared read=3
   ->  Index Scan using title_idx_id on title t  (cost=0.01..6.06 rows=1 width=94) (actual time=32.250..32.250 rows=1 loops=300)
         Index Cond: (id = del.a)
         Buffers: shared hit=584 read=617
 Planning Time: 342.299 ms
 Execution Time: 9682.073 ms
(9 rows)

                                                           QUERY PLAN                                                            
---------------------------------------------------------------------------------------------------------------------------------
 Nested Loop  (cost=0.01..1818.92 rows=300 width=98) (actual time=49.240..9399.575 rows=300 loops=1)
   Buffers: shared hit=583 read=620
   ->  Seq Scan on del_nest_index del  (cost=0.00..0.11 rows=300 width=4) (actual time=0.055..0.597 rows=300 loops=1)
         Buffers: shared read=3
   ->  Index Scan using title_idx_id on title t  (cost=0.01..6.06 rows=1 width=94) (actual time=31.318..31.318 rows=1 loops=300)
         Index Cond: (id = del.a)
         Buffers: shared hit=583 read=617
 Planning Time: 283.961 ms
 Execution Time: 9402.221 ms
(9 rows)

                                                           QUERY PLAN                                                            
---------------------------------------------------------------------------------------------------------------------------------
 Nested Loop  (cost=0.01..1818.92 rows=300 width=98) (actual time=50.407..9610.478 rows=300 loops=1)
   Buffers: shared hit=580 read=623
   ->  Seq Scan on del_nest_index del  (cost=0.00..0.11 rows=300 width=4) (actual time=0.031..0.551 rows=300 loops=1)
         Buffers: shared read=3
   ->  Index Scan using title_idx_id on title t  (cost=0.01..6.06 rows=1 width=94) (actual time=32.021..32.021 rows=1 loops=300)
         Index Cond: (id = del.a)
         Buffers: shared hit=580 read=620
 Planning Time: 342.282 ms
 Execution Time: 9613.011 ms
(9 rows)

                                                           QUERY PLAN                                                            
---------------------------------------------------------------------------------------------------------------------------------
 Nested Loop  (cost=0.01..1818.92 rows=300 width=98) (actual time=46.520..9603.491 rows=300 loops=1)
   Buffers: shared hit=579 read=625
   ->  Seq Scan on del_nest_index del  (cost=0.00..0.11 rows=300 width=4) (actual time=0.056..0.564 rows=300 loops=1)
         Buffers: shared read=3
   ->  Index Scan using title_idx_id on title t  (cost=0.01..6.06 rows=1 width=94) (actual time=31.997..31.997 rows=1 loops=300)
         Index Cond: (id = del.a)
         Buffers: shared hit=579 read=622
 Planning Time: 333.994 ms
 Execution Time: 9606.183 ms
(9 rows)

                                                           QUERY PLAN                                                            
---------------------------------------------------------------------------------------------------------------------------------
 Nested Loop  (cost=0.01..1818.92 rows=300 width=98) (actual time=46.434..8946.272 rows=300 loops=1)
   Buffers: shared hit=581 read=624
   ->  Seq Scan on del_nest_index del  (cost=0.00..0.11 rows=300 width=4) (actual time=0.048..0.523 rows=300 loops=1)
         Buffers: shared read=3
   ->  Index Scan using title_idx_id on title t  (cost=0.01..6.06 rows=1 width=94) (actual time=29.807..29.807 rows=1 loops=300)
         Index Cond: (id = del.a)
         Buffers: shared hit=581 read=621
 Planning Time: 325.619 ms
 Execution Time: 8948.902 ms
(9 rows)

                                                           QUERY PLAN                                                            
---------------------------------------------------------------------------------------------------------------------------------
 Nested Loop  (cost=0.01..2414.01 rows=400 width=98) (actual time=53.393..12790.145 rows=400 loops=1)
   Buffers: shared hit=796 read=810
   ->  Seq Scan on del_nest_index del  (cost=0.00..0.15 rows=400 width=4) (actual time=0.048..0.760 rows=400 loops=1)
         Buffers: shared read=4
   ->  Index Scan using title_idx_id on title t  (cost=0.01..6.03 rows=1 width=94) (actual time=31.961..31.961 rows=1 loops=400)
         Index Cond: (id = del.a)
         Buffers: shared hit=796 read=806
 Planning Time: 308.918 ms
 Execution Time: 12792.950 ms
(9 rows)

                                                           QUERY PLAN                                                            
---------------------------------------------------------------------------------------------------------------------------------
 Nested Loop  (cost=0.01..2414.01 rows=400 width=98) (actual time=50.150..12685.907 rows=400 loops=1)
   Buffers: shared hit=788 read=817
   ->  Seq Scan on del_nest_index del  (cost=0.00..0.15 rows=400 width=4) (actual time=0.047..0.719 rows=400 loops=1)
         Buffers: shared read=4
   ->  Index Scan using title_idx_id on title t  (cost=0.01..6.03 rows=1 width=94) (actual time=31.701..31.701 rows=1 loops=400)
         Index Cond: (id = del.a)
         Buffers: shared hit=788 read=813
 Planning Time: 358.971 ms
 Execution Time: 12688.681 ms
(9 rows)

                                                           QUERY PLAN                                                            
---------------------------------------------------------------------------------------------------------------------------------
 Nested Loop  (cost=0.01..2414.01 rows=400 width=98) (actual time=85.404..13214.665 rows=400 loops=1)
   Buffers: shared hit=784 read=821
   ->  Seq Scan on del_nest_index del  (cost=0.00..0.15 rows=400 width=4) (actual time=0.056..0.713 rows=400 loops=1)
         Buffers: shared read=4
   ->  Index Scan using title_idx_id on title t  (cost=0.01..6.03 rows=1 width=94) (actual time=33.024..33.024 rows=1 loops=400)
         Index Cond: (id = del.a)
         Buffers: shared hit=784 read=817
 Planning Time: 283.989 ms
 Execution Time: 13217.432 ms
(9 rows)

                                                           QUERY PLAN                                                            
---------------------------------------------------------------------------------------------------------------------------------
 Nested Loop  (cost=0.01..2414.01 rows=400 width=98) (actual time=52.001..12510.893 rows=400 loops=1)
   Buffers: shared hit=792 read=813
   ->  Seq Scan on del_nest_index del  (cost=0.00..0.15 rows=400 width=4) (actual time=0.045..0.733 rows=400 loops=1)
         Buffers: shared read=4
   ->  Index Scan using title_idx_id on title t  (cost=0.01..6.03 rows=1 width=94) (actual time=31.263..31.263 rows=1 loops=400)
         Index Cond: (id = del.a)
         Buffers: shared hit=792 read=809
 Planning Time: 358.959 ms
 Execution Time: 12513.697 ms
(9 rows)

                                                           QUERY PLAN                                                            
---------------------------------------------------------------------------------------------------------------------------------
 Nested Loop  (cost=0.01..2414.01 rows=400 width=98) (actual time=49.662..13329.902 rows=400 loops=1)
   Buffers: shared hit=787 read=818
   ->  Seq Scan on del_nest_index del  (cost=0.00..0.15 rows=400 width=4) (actual time=0.048..0.818 rows=400 loops=1)
         Buffers: shared read=4
   ->  Index Scan using title_idx_id on title t  (cost=0.01..6.03 rows=1 width=94) (actual time=33.311..33.311 rows=1 loops=400)
         Index Cond: (id = del.a)
         Buffers: shared hit=787 read=814
 Planning Time: 383.945 ms
 Execution Time: 13332.545 ms
(9 rows)

                                                           QUERY PLAN                                                            
---------------------------------------------------------------------------------------------------------------------------------
 Nested Loop  (cost=0.01..3006.00 rows=500 width=98) (actual time=50.175..15809.883 rows=500 loops=1)
   Buffers: shared hit=994 read=1012
   ->  Seq Scan on del_nest_index del  (cost=0.00..0.16 rows=500 width=4) (actual time=0.048..0.909 rows=500 loops=1)
         Buffers: shared read=4
   ->  Index Scan using title_idx_id on title t  (cost=0.01..6.01 rows=1 width=94) (actual time=31.606..31.606 rows=1 loops=500)
         Index Cond: (id = del.a)
         Buffers: shared hit=994 read=1008
 Planning Time: 300.584 ms
 Execution Time: 15812.846 ms
(9 rows)

                                                           QUERY PLAN                                                            
---------------------------------------------------------------------------------------------------------------------------------
 Nested Loop  (cost=0.01..3006.04 rows=500 width=98) (actual time=45.785..15764.042 rows=500 loops=1)
   Buffers: shared hit=996 read=1009
   ->  Seq Scan on del_nest_index del  (cost=0.00..0.19 rows=500 width=4) (actual time=0.040..1.037 rows=500 loops=1)
         Buffers: shared read=5
   ->  Index Scan using title_idx_id on title t  (cost=0.01..6.01 rows=1 width=94) (actual time=31.514..31.514 rows=1 loops=500)
         Index Cond: (id = del.a)
         Buffers: shared hit=996 read=1004
 Planning Time: 275.617 ms
 Execution Time: 15767.021 ms
(9 rows)

                                                           QUERY PLAN                                                            
---------------------------------------------------------------------------------------------------------------------------------
 Nested Loop  (cost=0.01..3006.00 rows=500 width=98) (actual time=54.793..16131.609 rows=500 loops=1)
   Buffers: shared hit=993 read=1013
   ->  Seq Scan on del_nest_index del  (cost=0.00..0.16 rows=500 width=4) (actual time=0.050..0.884 rows=500 loops=1)
         Buffers: shared read=4
   ->  Index Scan using title_idx_id on title t  (cost=0.01..6.01 rows=1 width=94) (actual time=32.249..32.249 rows=1 loops=500)
         Index Cond: (id = del.a)
         Buffers: shared hit=993 read=1009
 Planning Time: 367.276 ms
 Execution Time: 16134.603 ms
(9 rows)

                                                           QUERY PLAN                                                            
---------------------------------------------------------------------------------------------------------------------------------
 Nested Loop  (cost=0.01..3006.04 rows=500 width=98) (actual time=44.202..16109.831 rows=500 loops=1)
   Buffers: shared hit=995 read=1010
   ->  Seq Scan on del_nest_index del  (cost=0.00..0.19 rows=500 width=4) (actual time=0.053..0.956 rows=500 loops=1)
         Buffers: shared read=5
   ->  Index Scan using title_idx_id on title t  (cost=0.01..6.01 rows=1 width=94) (actual time=32.206..32.206 rows=1 loops=500)
         Index Cond: (id = del.a)
         Buffers: shared hit=995 read=1005
 Planning Time: 308.955 ms
 Execution Time: 16112.704 ms
(9 rows)

                                                           QUERY PLAN                                                            
---------------------------------------------------------------------------------------------------------------------------------
 Nested Loop  (cost=0.01..3006.00 rows=500 width=98) (actual time=37.879..15343.317 rows=500 loops=1)
   Buffers: shared hit=994 read=1011
   ->  Seq Scan on del_nest_index del  (cost=0.00..0.16 rows=500 width=4) (actual time=0.050..1.084 rows=500 loops=1)
         Buffers: shared read=4
   ->  Index Scan using title_idx_id on title t  (cost=0.01..6.01 rows=1 width=94) (actual time=30.672..30.672 rows=1 loops=500)
         Index Cond: (id = del.a)
         Buffers: shared hit=994 read=1007
 Planning Time: 333.956 ms
 Execution Time: 15346.319 ms
(9 rows)

                                                           QUERY PLAN                                                            
---------------------------------------------------------------------------------------------------------------------------------
 Nested Loop  (cost=0.01..3594.97 rows=600 width=98) (actual time=43.192..18722.638 rows=600 loops=1)
   Buffers: shared hit=1203 read=1205
   ->  Seq Scan on del_nest_index del  (cost=0.00..0.20 rows=600 width=4) (actual time=0.051..1.057 rows=600 loops=1)
         Buffers: shared read=5
   ->  Index Scan using title_idx_id on title t  (cost=0.01..5.99 rows=1 width=94) (actual time=31.191..31.191 rows=1 loops=600)
         Index Cond: (id = del.a)
         Buffers: shared hit=1203 read=1200
 Planning Time: 350.620 ms
 Execution Time: 18725.601 ms
(9 rows)

                                                           QUERY PLAN                                                            
---------------------------------------------------------------------------------------------------------------------------------
 Nested Loop  (cost=0.01..3595.00 rows=600 width=98) (actual time=49.893..19143.159 rows=600 loops=1)
   Buffers: shared hit=1203 read=1203
   ->  Seq Scan on del_nest_index del  (cost=0.00..0.23 rows=600 width=4) (actual time=0.040..1.139 rows=600 loops=1)
         Buffers: shared read=6
   ->  Index Scan using title_idx_id on title t  (cost=0.01..5.99 rows=1 width=94) (actual time=31.892..31.892 rows=1 loops=600)
         Index Cond: (id = del.a)
         Buffers: shared hit=1203 read=1197
 Planning Time: 342.325 ms
 Execution Time: 19146.151 ms
(9 rows)

                                                           QUERY PLAN                                                            
---------------------------------------------------------------------------------------------------------------------------------
 Nested Loop  (cost=0.01..3594.97 rows=600 width=98) (actual time=45.981..19155.284 rows=600 loops=1)
   Buffers: shared hit=1210 read=1196
   ->  Seq Scan on del_nest_index del  (cost=0.00..0.20 rows=600 width=4) (actual time=0.023..1.045 rows=600 loops=1)
         Buffers: shared read=5
   ->  Index Scan using title_idx_id on title t  (cost=0.01..5.99 rows=1 width=94) (actual time=31.912..31.912 rows=1 loops=600)
         Index Cond: (id = del.a)
         Buffers: shared hit=1210 read=1191
 Planning Time: 350.613 ms
 Execution Time: 19158.523 ms
(9 rows)

                                                           QUERY PLAN                                                            
---------------------------------------------------------------------------------------------------------------------------------
 Nested Loop  (cost=0.01..3595.00 rows=600 width=98) (actual time=51.183..18239.061 rows=600 loops=1)
   Buffers: shared hit=1202 read=1204
   ->  Seq Scan on del_nest_index del  (cost=0.00..0.23 rows=600 width=4) (actual time=0.042..1.166 rows=600 loops=1)
         Buffers: shared read=6
   ->  Index Scan using title_idx_id on title t  (cost=0.01..5.99 rows=1 width=94) (actual time=30.385..30.385 rows=1 loops=600)
         Index Cond: (id = del.a)
         Buffers: shared hit=1202 read=1198
 Planning Time: 342.370 ms
 Execution Time: 18242.020 ms
(9 rows)

                                                           QUERY PLAN                                                            
---------------------------------------------------------------------------------------------------------------------------------
 Nested Loop  (cost=0.01..3594.97 rows=600 width=98) (actual time=46.405..18887.899 rows=600 loops=1)
   Buffers: shared hit=1206 read=1200
   ->  Seq Scan on del_nest_index del  (cost=0.00..0.20 rows=600 width=4) (actual time=0.050..1.162 rows=600 loops=1)
         Buffers: shared read=5
   ->  Index Scan using title_idx_id on title t  (cost=0.01..5.99 rows=1 width=94) (actual time=31.465..31.465 rows=1 loops=600)
         Index Cond: (id = del.a)
         Buffers: shared hit=1206 read=1195
 Planning Time: 433.878 ms
 Execution Time: 18890.886 ms
(9 rows)

                                                           QUERY PLAN                                                            
---------------------------------------------------------------------------------------------------------------------------------
 Nested Loop  (cost=0.01..4174.76 rows=700 width=98) (actual time=45.152..22083.761 rows=700 loops=1)
   Buffers: shared hit=1413 read=1396
   ->  Seq Scan on del_nest_index del  (cost=0.00..0.24 rows=700 width=4) (actual time=0.041..1.306 rows=700 loops=1)
         Buffers: shared read=6
   ->  Index Scan using title_idx_id on title t  (cost=0.01..5.96 rows=1 width=94) (actual time=31.534..31.534 rows=1 loops=700)
         Index Cond: (id = del.a)
         Buffers: shared hit=1413 read=1390
 Planning Time: 492.259 ms
 Execution Time: 22086.816 ms
(9 rows)

                                                           QUERY PLAN                                                            
---------------------------------------------------------------------------------------------------------------------------------
 Nested Loop  (cost=0.01..4174.79 rows=700 width=98) (actual time=40.479..22516.892 rows=700 loops=1)
   Buffers: shared hit=1418 read=1390
   ->  Seq Scan on del_nest_index del  (cost=0.00..0.27 rows=700 width=4) (actual time=0.050..1.442 rows=700 loops=1)
         Buffers: shared read=7
   ->  Index Scan using title_idx_id on title t  (cost=0.01..5.96 rows=1 width=94) (actual time=32.152..32.152 rows=1 loops=700)
         Index Cond: (id = del.a)
         Buffers: shared hit=1418 read=1383
 Planning Time: 308.937 ms
 Execution Time: 22520.024 ms
(9 rows)

                                                           QUERY PLAN                                                            
---------------------------------------------------------------------------------------------------------------------------------
 Nested Loop  (cost=0.01..4174.76 rows=700 width=98) (actual time=47.946..21417.326 rows=700 loops=1)
   Buffers: shared hit=1413 read=1396
   ->  Seq Scan on del_nest_index del  (cost=0.00..0.24 rows=700 width=4) (actual time=0.040..1.220 rows=700 loops=1)
         Buffers: shared read=6
   ->  Index Scan using title_idx_id on title t  (cost=0.01..5.96 rows=1 width=94) (actual time=30.582..30.582 rows=1 loops=700)
         Index Cond: (id = del.a)
         Buffers: shared hit=1413 read=1390
 Planning Time: 342.386 ms
 Execution Time: 21420.372 ms
(9 rows)

                                                           QUERY PLAN                                                            
---------------------------------------------------------------------------------------------------------------------------------
 Nested Loop  (cost=0.01..4174.79 rows=700 width=98) (actual time=39.460..20976.425 rows=700 loops=1)
   Buffers: shared hit=1412 read=1395
   ->  Seq Scan on del_nest_index del  (cost=0.00..0.27 rows=700 width=4) (actual time=0.050..1.457 rows=700 loops=1)
         Buffers: shared read=7
   ->  Index Scan using title_idx_id on title t  (cost=0.01..5.96 rows=1 width=94) (actual time=29.952..29.952 rows=1 loops=700)
         Index Cond: (id = del.a)
         Buffers: shared hit=1412 read=1388
 Planning Time: 342.289 ms
 Execution Time: 20979.494 ms
(9 rows)

                                                           QUERY PLAN                                                            
---------------------------------------------------------------------------------------------------------------------------------
 Nested Loop  (cost=0.01..4174.76 rows=700 width=98) (actual time=49.992..21289.111 rows=700 loops=1)
   Buffers: shared hit=1423 read=1383
   ->  Seq Scan on del_nest_index del  (cost=0.00..0.24 rows=700 width=4) (actual time=0.041..1.369 rows=700 loops=1)
         Buffers: shared read=6
   ->  Index Scan using title_idx_id on title t  (cost=0.01..5.96 rows=1 width=94) (actual time=30.399..30.399 rows=1 loops=700)
         Index Cond: (id = del.a)
         Buffers: shared hit=1423 read=1377
 Planning Time: 342.264 ms
 Execution Time: 21292.504 ms
(9 rows)

                                                           QUERY PLAN                                                            
---------------------------------------------------------------------------------------------------------------------------------
 Nested Loop  (cost=0.01..4751.48 rows=800 width=98) (actual time=46.581..25411.695 rows=800 loops=1)
   Buffers: shared hit=1616 read=1593
   ->  Seq Scan on del_nest_index del  (cost=0.00..0.27 rows=800 width=4) (actual time=0.043..1.472 rows=800 loops=1)
         Buffers: shared read=7
   ->  Index Scan using title_idx_id on title t  (cost=0.01..5.94 rows=1 width=94) (actual time=31.751..31.751 rows=1 loops=800)
         Index Cond: (id = del.a)
         Buffers: shared hit=1616 read=1586
 Planning Time: 309.025 ms
 Execution Time: 25414.929 ms
(9 rows)

                                                           QUERY PLAN                                                            
---------------------------------------------------------------------------------------------------------------------------------
 Nested Loop  (cost=0.01..4751.51 rows=800 width=98) (actual time=40.015..24564.674 rows=800 loops=1)
   Buffers: shared hit=1629 read=1583
   ->  Seq Scan on del_nest_index del  (cost=0.00..0.31 rows=800 width=4) (actual time=0.050..1.444 rows=800 loops=1)
         Buffers: shared read=8
   ->  Index Scan using title_idx_id on title t  (cost=0.01..5.94 rows=1 width=94) (actual time=30.692..30.692 rows=1 loops=800)
         Index Cond: (id = del.a)
         Buffers: shared hit=1629 read=1575
 Planning Time: 308.949 ms
 Execution Time: 24567.916 ms
(9 rows)

                                                           QUERY PLAN                                                            
---------------------------------------------------------------------------------------------------------------------------------
 Nested Loop  (cost=0.01..4751.48 rows=800 width=98) (actual time=43.956..23820.685 rows=800 loops=1)
   Buffers: shared hit=1627 read=1580
   ->  Seq Scan on del_nest_index del  (cost=0.00..0.27 rows=800 width=4) (actual time=0.051..1.504 rows=800 loops=1)
         Buffers: shared read=7
   ->  Index Scan using title_idx_id on title t  (cost=0.01..5.94 rows=1 width=94) (actual time=29.761..29.761 rows=1 loops=800)
         Index Cond: (id = del.a)
         Buffers: shared hit=1627 read=1573
 Planning Time: 333.920 ms
 Execution Time: 23823.975 ms
(9 rows)

                                                           QUERY PLAN                                                            
---------------------------------------------------------------------------------------------------------------------------------
 Nested Loop  (cost=0.01..4751.51 rows=800 width=98) (actual time=51.276..24629.054 rows=800 loops=1)
   Buffers: shared hit=1632 read=1577
   ->  Seq Scan on del_nest_index del  (cost=0.00..0.31 rows=800 width=4) (actual time=0.040..1.538 rows=800 loops=1)
         Buffers: shared read=8
   ->  Index Scan using title_idx_id on title t  (cost=0.01..5.94 rows=1 width=94) (actual time=30.773..30.773 rows=1 loops=800)
         Index Cond: (id = del.a)
         Buffers: shared hit=1632 read=1569
 Planning Time: 308.954 ms
 Execution Time: 24632.252 ms
(9 rows)

                                                           QUERY PLAN                                                            
---------------------------------------------------------------------------------------------------------------------------------
 Nested Loop  (cost=0.01..4751.48 rows=800 width=98) (actual time=48.856..23851.719 rows=800 loops=1)
   Buffers: shared hit=1630 read=1581
   ->  Seq Scan on del_nest_index del  (cost=0.00..0.27 rows=800 width=4) (actual time=0.042..1.433 rows=800 loops=1)
         Buffers: shared read=7
   ->  Index Scan using title_idx_id on title t  (cost=0.01..5.94 rows=1 width=94) (actual time=29.801..29.801 rows=1 loops=800)
         Index Cond: (id = del.a)
         Buffers: shared hit=1630 read=1574
 Planning Time: 334.016 ms
 Execution Time: 23854.959 ms
(9 rows)

                                                           QUERY PLAN                                                            
---------------------------------------------------------------------------------------------------------------------------------
 Nested Loop  (cost=0.01..5322.09 rows=900 width=98) (actual time=38.241..27937.490 rows=900 loops=1)
   Buffers: shared hit=1849 read=1760
   ->  Seq Scan on del_nest_index del  (cost=0.00..0.31 rows=900 width=4) (actual time=0.040..1.739 rows=900 loops=1)
         Buffers: shared read=8
   ->  Index Scan using title_idx_id on title t  (cost=0.01..5.91 rows=1 width=94) (actual time=31.028..31.028 rows=1 loops=900)
         Index Cond: (id = del.a)
         Buffers: shared hit=1849 read=1752
 Planning Time: 358.954 ms
 Execution Time: 27940.751 ms
(9 rows)

                                                           QUERY PLAN                                                            
---------------------------------------------------------------------------------------------------------------------------------
 Nested Loop  (cost=0.01..5322.09 rows=900 width=98) (actual time=84.740..28276.061 rows=900 loops=1)
   Buffers: shared hit=1834 read=1776
   ->  Seq Scan on del_nest_index del  (cost=0.00..0.31 rows=900 width=4) (actual time=0.030..1.681 rows=900 loops=1)
         Buffers: shared read=8
   ->  Index Scan using title_idx_id on title t  (cost=0.01..5.91 rows=1 width=94) (actual time=31.404..31.404 rows=1 loops=900)
         Index Cond: (id = del.a)
         Buffers: shared hit=1834 read=1768
 Planning Time: 308.958 ms
 Execution Time: 28279.487 ms
(9 rows)

                                                           QUERY PLAN                                                            
---------------------------------------------------------------------------------------------------------------------------------
 Nested Loop  (cost=0.01..5322.09 rows=900 width=98) (actual time=40.209..27357.570 rows=900 loops=1)
   Buffers: shared hit=1850 read=1761
   ->  Seq Scan on del_nest_index del  (cost=0.00..0.31 rows=900 width=4) (actual time=0.040..1.608 rows=900 loops=1)
         Buffers: shared read=8
   ->  Index Scan using title_idx_id on title t  (cost=0.01..5.91 rows=1 width=94) (actual time=30.384..30.384 rows=1 loops=900)
         Index Cond: (id = del.a)
         Buffers: shared hit=1850 read=1753
 Planning Time: 325.611 ms
 Execution Time: 27360.905 ms
(9 rows)

                                                           QUERY PLAN                                                            
---------------------------------------------------------------------------------------------------------------------------------
 Nested Loop  (cost=0.01..5322.09 rows=900 width=98) (actual time=44.977..26399.148 rows=900 loops=1)
   Buffers: shared hit=1837 read=1776
   ->  Seq Scan on del_nest_index del  (cost=0.00..0.31 rows=900 width=4) (actual time=0.052..1.677 rows=900 loops=1)
         Buffers: shared read=8
   ->  Index Scan using title_idx_id on title t  (cost=0.01..5.91 rows=1 width=94) (actual time=29.318..29.318 rows=1 loops=900)
         Index Cond: (id = del.a)
         Buffers: shared hit=1837 read=1768
 Planning Time: 367.277 ms
 Execution Time: 26402.546 ms
(9 rows)

                                                           QUERY PLAN                                                            
---------------------------------------------------------------------------------------------------------------------------------
 Nested Loop  (cost=0.01..5322.09 rows=900 width=98) (actual time=49.492..27718.206 rows=900 loops=1)
   Buffers: shared hit=1847 read=1766
   ->  Seq Scan on del_nest_index del  (cost=0.00..0.31 rows=900 width=4) (actual time=0.043..1.826 rows=900 loops=1)
         Buffers: shared read=8
   ->  Index Scan using title_idx_id on title t  (cost=0.01..5.91 rows=1 width=94) (actual time=30.784..30.784 rows=1 loops=900)
         Index Cond: (id = del.a)
         Buffers: shared hit=1847 read=1758
 Planning Time: 383.952 ms
 Execution Time: 27721.811 ms
(9 rows)

                                                            QUERY PLAN                                                            
----------------------------------------------------------------------------------------------------------------------------------
 Nested Loop  (cost=0.01..5889.63 rows=1000 width=98) (actual time=50.834..30903.709 rows=1000 loops=1)
   Buffers: shared hit=2049 read=1964
   ->  Seq Scan on del_nest_index del  (cost=0.00..0.35 rows=1000 width=4) (actual time=0.045..2.132 rows=1000 loops=1)
         Buffers: shared read=9
   ->  Index Scan using title_idx_id on title t  (cost=0.01..5.89 rows=1 width=94) (actual time=30.889..30.889 rows=1 loops=1000)
         Index Cond: (id = del.a)
         Buffers: shared hit=2049 read=1955
 Planning Time: 375.627 ms
 Execution Time: 30907.520 ms
(9 rows)

                                                            QUERY PLAN                                                            
----------------------------------------------------------------------------------------------------------------------------------
 Nested Loop  (cost=0.01..5889.63 rows=1000 width=98) (actual time=166.710..31083.375 rows=1000 loops=1)
   Buffers: shared hit=2044 read=1968
   ->  Seq Scan on del_nest_index del  (cost=0.00..0.35 rows=1000 width=4) (actual time=0.044..1.905 rows=1000 loops=1)
         Buffers: shared read=9
   ->  Index Scan using title_idx_id on title t  (cost=0.01..5.89 rows=1 width=94) (actual time=31.070..31.070 rows=1 loops=1000)
         Index Cond: (id = del.a)
         Buffers: shared hit=2044 read=1959
 Planning Time: 317.273 ms
 Execution Time: 31112.605 ms
(9 rows)

                                                            QUERY PLAN                                                            
----------------------------------------------------------------------------------------------------------------------------------
 Nested Loop  (cost=0.01..5889.63 rows=1000 width=98) (actual time=42.545..30462.875 rows=1000 loops=1)
   Buffers: shared hit=2046 read=1965
   ->  Seq Scan on del_nest_index del  (cost=0.00..0.35 rows=1000 width=4) (actual time=0.041..1.777 rows=1000 loops=1)
         Buffers: shared read=9
   ->  Index Scan using title_idx_id on title t  (cost=0.01..5.89 rows=1 width=94) (actual time=30.449..30.449 rows=1 loops=1000)
         Index Cond: (id = del.a)
         Buffers: shared hit=2046 read=1956
 Planning Time: 275.667 ms
 Execution Time: 30466.355 ms
(9 rows)

                                                            QUERY PLAN                                                            
----------------------------------------------------------------------------------------------------------------------------------
 Nested Loop  (cost=0.01..5889.63 rows=1000 width=98) (actual time=46.679..30319.209 rows=1000 loops=1)
   Buffers: shared hit=2064 read=1947
   ->  Seq Scan on del_nest_index del  (cost=0.00..0.35 rows=1000 width=4) (actual time=0.036..2.050 rows=1000 loops=1)
         Buffers: shared read=9
   ->  Index Scan using title_idx_id on title t  (cost=0.01..5.89 rows=1 width=94) (actual time=30.305..30.305 rows=1 loops=1000)
         Index Cond: (id = del.a)
         Buffers: shared hit=2064 read=1938
 Planning Time: 350.623 ms
 Execution Time: 30322.725 ms
(9 rows)

                                                            QUERY PLAN                                                            
----------------------------------------------------------------------------------------------------------------------------------
 Nested Loop  (cost=0.01..5889.63 rows=1000 width=98) (actual time=143.380..32134.627 rows=1000 loops=1)
   Buffers: shared hit=2052 read=1957
   ->  Seq Scan on del_nest_index del  (cost=0.00..0.35 rows=1000 width=4) (actual time=0.041..1.847 rows=1000 loops=1)
         Buffers: shared read=9
   ->  Index Scan using title_idx_id on title t  (cost=0.01..5.89 rows=1 width=94) (actual time=32.121..32.121 rows=1 loops=1000)
         Index Cond: (id = del.a)
         Buffers: shared hit=2052 read=1948
 Planning Time: 325.629 ms
 Execution Time: 32138.094 ms
(9 rows)

                                                            QUERY PLAN                                                            
----------------------------------------------------------------------------------------------------------------------------------
 Nested Loop  (cost=0.01..6454.11 rows=1100 width=98) (actual time=50.383..33470.359 rows=1100 loops=1)
   Buffers: shared hit=2263 read=2148
   ->  Seq Scan on del_nest_index del  (cost=0.00..0.39 rows=1100 width=4) (actual time=0.030..2.034 rows=1100 loops=1)
         Buffers: shared read=10
   ->  Index Scan using title_idx_id on title t  (cost=0.01..5.87 rows=1 width=94) (actual time=30.414..30.414 rows=1 loops=1100)
         Index Cond: (id = del.a)
         Buffers: shared hit=2263 read=2138
 Planning Time: 325.653 ms
 Execution Time: 33473.850 ms
(9 rows)

                                                            QUERY PLAN                                                            
----------------------------------------------------------------------------------------------------------------------------------
 Nested Loop  (cost=0.01..6454.11 rows=1100 width=98) (actual time=46.292..34166.289 rows=1100 loops=1)
   Buffers: shared hit=2276 read=2135
   ->  Seq Scan on del_nest_index del  (cost=0.00..0.39 rows=1100 width=4) (actual time=0.029..2.045 rows=1100 loops=1)
         Buffers: shared read=10
   ->  Index Scan using title_idx_id on title t  (cost=0.01..5.87 rows=1 width=94) (actual time=31.046..31.046 rows=1 loops=1100)
         Index Cond: (id = del.a)
         Buffers: shared hit=2276 read=2125
 Planning Time: 342.295 ms
 Execution Time: 34170.244 ms
(9 rows)

                                                            QUERY PLAN                                                            
----------------------------------------------------------------------------------------------------------------------------------
 Nested Loop  (cost=0.01..6454.11 rows=1100 width=98) (actual time=49.618..32926.804 rows=1100 loops=1)
   Buffers: shared hit=2289 read=2122
   ->  Seq Scan on del_nest_index del  (cost=0.00..0.39 rows=1100 width=4) (actual time=0.028..1.942 rows=1100 loops=1)
         Buffers: shared read=10
   ->  Index Scan using title_idx_id on title t  (cost=0.01..5.87 rows=1 width=94) (actual time=29.920..29.920 rows=1 loops=1100)
         Index Cond: (id = del.a)
         Buffers: shared hit=2289 read=2112
 Planning Time: 442.336 ms
 Execution Time: 32930.432 ms
(9 rows)

                                                            QUERY PLAN                                                            
----------------------------------------------------------------------------------------------------------------------------------
 Nested Loop  (cost=0.01..6454.11 rows=1100 width=98) (actual time=40.251..32473.660 rows=1100 loops=1)
   Buffers: shared hit=2288 read=2127
   ->  Seq Scan on del_nest_index del  (cost=0.00..0.39 rows=1100 width=4) (actual time=0.042..2.031 rows=1100 loops=1)
         Buffers: shared read=10
   ->  Index Scan using title_idx_id on title t  (cost=0.01..5.87 rows=1 width=94) (actual time=29.508..29.508 rows=1 loops=1100)
         Index Cond: (id = del.a)
         Buffers: shared hit=2288 read=2117
 Planning Time: 308.960 ms
 Execution Time: 32477.372 ms
(9 rows)

                                                            QUERY PLAN                                                            
----------------------------------------------------------------------------------------------------------------------------------
 Nested Loop  (cost=0.01..6454.11 rows=1100 width=98) (actual time=44.272..32614.888 rows=1100 loops=1)
   Buffers: shared hit=2284 read=2129
   ->  Seq Scan on del_nest_index del  (cost=0.00..0.39 rows=1100 width=4) (actual time=0.042..2.129 rows=1100 loops=1)
         Buffers: shared read=10
   ->  Index Scan using title_idx_id on title t  (cost=0.01..5.87 rows=1 width=94) (actual time=29.636..29.636 rows=1 loops=1100)
         Index Cond: (id = del.a)
         Buffers: shared hit=2284 read=2119
 Planning Time: 300.628 ms
 Execution Time: 32618.517 ms
(9 rows)

                                                            QUERY PLAN                                                            
----------------------------------------------------------------------------------------------------------------------------------
 Nested Loop  (cost=0.01..7012.48 rows=1200 width=98) (actual time=92.115..36456.944 rows=1200 loops=1)
   Buffers: shared hit=2477 read=2334
   ->  Seq Scan on del_nest_index del  (cost=0.00..0.43 rows=1200 width=4) (actual time=0.042..2.303 rows=1200 loops=1)
         Buffers: shared read=11
   ->  Index Scan using title_idx_id on title t  (cost=0.01..5.84 rows=1 width=94) (actual time=30.367..30.367 rows=1 loops=1200)
         Index Cond: (id = del.a)
         Buffers: shared hit=2477 read=2323
 Planning Time: 317.346 ms
 Execution Time: 36460.709 ms
(9 rows)

                                                            QUERY PLAN                                                            
----------------------------------------------------------------------------------------------------------------------------------
 Nested Loop  (cost=0.01..7012.48 rows=1200 width=98) (actual time=43.210..35681.389 rows=1200 loops=1)
   Buffers: shared hit=2498 read=2316
   ->  Seq Scan on del_nest_index del  (cost=0.00..0.43 rows=1200 width=4) (actual time=0.053..2.333 rows=1200 loops=1)
         Buffers: shared read=11
   ->  Index Scan using title_idx_id on title t  (cost=0.01..5.84 rows=1 width=94) (actual time=29.721..29.721 rows=1 loops=1200)
         Index Cond: (id = del.a)
         Buffers: shared hit=2498 read=2305
 Planning Time: 325.620 ms
 Execution Time: 35685.239 ms
(9 rows)

                                                            QUERY PLAN                                                            
----------------------------------------------------------------------------------------------------------------------------------
 Nested Loop  (cost=0.01..7012.48 rows=1200 width=98) (actual time=56.330..37316.798 rows=1200 loops=1)
   Buffers: shared hit=2478 read=2336
   ->  Seq Scan on del_nest_index del  (cost=0.00..0.43 rows=1200 width=4) (actual time=0.022..2.289 rows=1200 loops=1)
         Buffers: shared read=11
   ->  Index Scan using title_idx_id on title t  (cost=0.01..5.84 rows=1 width=94) (actual time=31.084..31.084 rows=1 loops=1200)
         Index Cond: (id = del.a)
         Buffers: shared hit=2478 read=2325
 Planning Time: 325.610 ms
 Execution Time: 37320.732 ms
(9 rows)

 Nested Loop  (cost=0.01..106274.68 rows=44727 width=98) (actual time=175.464..35963.323 rows=1200 loops=1)
   Buffers: shared hit=2501 read=2711 dirtied=2
   ->  Seq Scan on del_nest_index del  (cost=0.00..15.95 rows=44727 width=4) (actual time=135.168..137.194 rows=1200 loops=1)
         Buffers: shared read=410 dirtied=2
   ->  Index Scan using title_idx_id on title t  (cost=0.01..2.38 rows=1 width=94) (actual time=29.843..29.843 rows=1 loops=1200)
         Index Cond: (id = del.a)
         Buffers: shared hit=2501 read=2301
 Planning Time: 345.407 ms
 Execution Time: 35970.597 ms
(9 rows)

                                                            QUERY PLAN                                                            
----------------------------------------------------------------------------------------------------------------------------------
 Nested Loop  (cost=0.01..106912.69 rows=45273 width=98) (actual time=186.086..33389.926 rows=1100 loops=1)
   Buffers: shared hit=2293 read=2525 dirtied=12
   ->  Seq Scan on del_nest_index del  (cost=0.00..16.15 rows=45273 width=4) (actual time=135.455..137.555 rows=1100 loops=1)
         Buffers: shared read=415 dirtied=12
   ->  Index Scan using title_idx_id on title t  (cost=0.01..2.36 rows=1 width=94) (actual time=30.217..30.217 rows=1 loops=1100)
         Index Cond: (id = del.a)
         Buffers: shared hit=2293 read=2110
 Planning Time: 481.573 ms
 Execution Time: 33396.813 ms
(9 rows)

                                                            QUERY PLAN                                                            
----------------------------------------------------------------------------------------------------------------------------------
 Nested Loop  (cost=0.01..107420.63 rows=45709 width=98) (actual time=171.239..33218.902 rows=1100 loops=1)
   Buffers: shared hit=2266 read=2563 dirtied=10
   ->  Seq Scan on del_nest_index del  (cost=0.00..16.30 rows=45709 width=4) (actual time=119.348..121.306 rows=1100 loops=1)
         Buffers: shared read=419 dirtied=10
   ->  Index Scan using title_idx_id on title t  (cost=0.01..2.35 rows=1 width=94) (actual time=30.077..30.077 rows=1 loops=1100)
         Index Cond: (id = del.a)
         Buffers: shared hit=2266 read=2144
 Planning Time: 500.957 ms
 Execution Time: 33222.552 ms
(9 rows)

                                                            QUERY PLAN                                                            
----------------------------------------------------------------------------------------------------------------------------------
 Nested Loop  (cost=0.01..108049.46 rows=46255 width=98) (actual time=168.477..33699.530 rows=1100 loops=1)
   Buffers: shared hit=2271 read=2554 dirtied=10
   ->  Seq Scan on del_nest_index del  (cost=0.00..16.50 rows=46255 width=4) (actual time=127.818..129.892 rows=1100 loops=1)
         Buffers: shared read=424 dirtied=10
   ->  Index Scan using title_idx_id on title t  (cost=0.01..2.34 rows=1 width=94) (actual time=30.506..30.506 rows=1 loops=1100)
         Index Cond: (id = del.a)
         Buffers: shared hit=2271 read=2130
 Planning Time: 542.596 ms
 Execution Time: 33703.019 ms
(9 rows)

                                                            QUERY PLAN                                                            
----------------------------------------------------------------------------------------------------------------------------------
 Nested Loop  (cost=0.01..108675.21 rows=46800 width=98) (actual time=185.458..33190.573 rows=1100 loops=1)
   Buffers: shared hit=2271 read=2559 dirtied=11
   ->  Seq Scan on del_nest_index del  (cost=0.00..16.69 rows=46800 width=4) (actual time=144.123..146.354 rows=1100 loops=1)
         Buffers: shared read=429 dirtied=11
   ->  Index Scan using title_idx_id on title t  (cost=0.01..2.32 rows=1 width=94) (actual time=30.028..30.028 rows=1 loops=1100)
         Index Cond: (id = del.a)
         Buffers: shared hit=2271 read=2130
 Planning Time: 392.615 ms
 Execution Time: 33194.369 ms
(9 rows)

                                                            QUERY PLAN                                                            
----------------------------------------------------------------------------------------------------------------------------------
 Nested Loop  (cost=0.01..109291.78 rows=47345 width=98) (actual time=190.968..36655.268 rows=1200 loops=1)
   Buffers: shared hit=2495 read=2740 dirtied=11
   ->  Seq Scan on del_nest_index del  (cost=0.00..16.89 rows=47345 width=4) (actual time=144.399..146.498 rows=1200 loops=1)
         Buffers: shared read=434 dirtied=11
   ->  Index Scan using title_idx_id on title t  (cost=0.01..2.31 rows=1 width=94) (actual time=30.413..30.413 rows=1 loops=1200)
         Index Cond: (id = del.a)
         Buffers: shared hit=2495 read=2306
 Planning Time: 323.576 ms
 Execution Time: 36661.887 ms
(9 rows)

                                                            QUERY PLAN                                                            
----------------------------------------------------------------------------------------------------------------------------------
 Nested Loop  (cost=0.01..110026.17 rows=48000 width=98) (actual time=180.773..35695.343 rows=1200 loops=1)
   Buffers: shared hit=2508 read=2738 dirtied=12
   ->  Seq Scan on del_nest_index del  (cost=0.00..17.12 rows=48000 width=4) (actual time=136.733..139.039 rows=1200 loops=1)
         Buffers: shared read=440 dirtied=12
   ->  Index Scan using title_idx_id on title t  (cost=0.01..2.29 rows=1 width=94) (actual time=29.619..29.619 rows=1 loops=1200)
         Index Cond: (id = del.a)
         Buffers: shared hit=2508 read=2298
 Planning Time: 317.672 ms
 Execution Time: 35699.044 ms
(9 rows)

                                                            QUERY PLAN                                                            
----------------------------------------------------------------------------------------------------------------------------------
 Nested Loop  (cost=0.01..110630.49 rows=48545 width=98) (actual time=173.176..35691.168 rows=1200 loops=1)
   Buffers: shared hit=2496 read=2750 dirtied=12
   ->  Seq Scan on del_nest_index del  (cost=0.00..17.31 rows=48545 width=4) (actual time=128.083..130.242 rows=1200 loops=1)
         Buffers: shared read=445 dirtied=12
   ->  Index Scan using title_idx_id on title t  (cost=0.01..2.28 rows=1 width=94) (actual time=29.622..29.622 rows=1 loops=1200)
         Index Cond: (id = del.a)
         Buffers: shared hit=2496 read=2305
 Planning Time: 351.001 ms
 Execution Time: 35695.126 ms
(9 rows)

                                                            QUERY PLAN                                                            
----------------------------------------------------------------------------------------------------------------------------------
 Nested Loop  (cost=0.01..111231.78 rows=49091 width=98) (actual time=179.237..35937.087 rows=1200 loops=1)
   Buffers: shared hit=2494 read=2759 dirtied=11
   ->  Seq Scan on del_nest_index del  (cost=0.00..17.51 rows=49091 width=4) (actual time=136.603..138.748 rows=1200 loops=1)
         Buffers: shared read=450 dirtied=11
   ->  Index Scan using title_idx_id on title t  (cost=0.01..2.27 rows=1 width=94) (actual time=29.820..29.820 rows=1 loops=1200)
         Index Cond: (id = del.a)
         Buffers: shared hit=2494 read=2309
 Planning Time: 342.612 ms
 Execution Time: 35941.131 ms
(9 rows)

                                                            QUERY PLAN                                                            
----------------------------------------------------------------------------------------------------------------------------------
 Nested Loop  (cost=0.01..111944.73 rows=49745 width=98) (actual time=274.449..36262.505 rows=1200 loops=1)
   Buffers: shared hit=2489 read=2769 dirtied=12
   ->  Seq Scan on del_nest_index del  (cost=0.00..17.74 rows=49745 width=4) (actual time=235.779..238.093 rows=1200 loops=1)
         Buffers: shared read=456 dirtied=12
   ->  Index Scan using title_idx_id on title t  (cost=0.01..2.25 rows=1 width=94) (actual time=30.009..30.009 rows=1 loops=1200)
         Index Cond: (id = del.a)
         Buffers: shared hit=2489 read=2313
 Planning Time: 376.018 ms
 Execution Time: 36292.334 ms
(9 rows)

                                                            QUERY PLAN                                                            
----------------------------------------------------------------------------------------------------------------------------------
 Nested Loop  (cost=0.01..112533.77 rows=50291 width=98) (actual time=177.423..39607.227 rows=1300 loops=1)
   Buffers: shared hit=2701 read=2960 dirtied=12
   ->  Seq Scan on del_nest_index del  (cost=0.00..17.94 rows=50291 width=4) (actual time=128.751..130.986 rows=1300 loops=1)
         Buffers: shared read=461 dirtied=12
   ->  Index Scan using title_idx_id on title t  (cost=0.01..2.24 rows=1 width=94) (actual time=30.355..30.355 rows=1 loops=1300)
         Index Cond: (id = del.a)
         Buffers: shared hit=2701 read=2499
 Planning Time: 342.604 ms
 Execution Time: 39611.009 ms
(9 rows)

                                                            QUERY PLAN                                                            
----------------------------------------------------------------------------------------------------------------------------------
 Nested Loop  (cost=0.01..113234.48 rows=50945 width=98) (actual time=175.102..39085.963 rows=1300 loops=1)
   Buffers: shared hit=2711 read=2962 dirtied=12
   ->  Seq Scan on del_nest_index del  (cost=0.00..18.17 rows=50945 width=4) (actual time=128.567..130.956 rows=1300 loops=1)
         Buffers: shared read=467 dirtied=12
   ->  Index Scan using title_idx_id on title t  (cost=0.01..2.22 rows=1 width=94) (actual time=29.954..29.954 rows=1 loops=1300)
         Index Cond: (id = del.a)
         Buffers: shared hit=2711 read=2495
 Planning Time: 450.972 ms
 Execution Time: 39089.754 ms
(9 rows)

                                                            QUERY PLAN                                                            
----------------------------------------------------------------------------------------------------------------------------------
 Nested Loop  (cost=0.01..113926.03 rows=51600 width=98) (actual time=188.355..38231.601 rows=1300 loops=1)
   Buffers: shared hit=2721 read=2957 dirtied=13
   ->  Seq Scan on del_nest_index del  (cost=0.00..18.40 rows=51600 width=4) (actual time=143.574..146.077 rows=1300 loops=1)
         Buffers: shared read=473 dirtied=13
   ->  Index Scan using title_idx_id on title t  (cost=0.01..2.21 rows=1 width=94) (actual time=29.285..29.285 rows=1 loops=1300)
         Index Cond: (id = del.a)
         Buffers: shared hit=2721 read=2484
 Planning Time: 359.292 ms
 Execution Time: 38262.102 ms
(9 rows)

                                                            QUERY PLAN                                                            
----------------------------------------------------------------------------------------------------------------------------------
 Nested Loop  (cost=0.01..114611.45 rows=52255 width=98) (actual time=179.497..38715.107 rows=1300 loops=1)
   Buffers: shared hit=2704 read=2977 dirtied=13
   ->  Seq Scan on del_nest_index del  (cost=0.00..18.64 rows=52255 width=4) (actual time=137.202..139.584 rows=1300 loops=1)
         Buffers: shared read=479 dirtied=13
   ->  Index Scan using title_idx_id on title t  (cost=0.01..2.19 rows=1 width=94) (actual time=29.662..29.662 rows=1 loops=1300)
         Index Cond: (id = del.a)
         Buffers: shared hit=2704 read=2498
 Planning Time: 292.262 ms
 Execution Time: 38718.906 ms
(9 rows)

                                                            QUERY PLAN                                                            
----------------------------------------------------------------------------------------------------------------------------------
 Nested Loop  (cost=0.01..115176.00 rows=52800 width=98) (actual time=166.115..39159.737 rows=1300 loops=1)
   Buffers: shared hit=2712 read=2976 dirtied=12
   ->  Seq Scan on del_nest_index del  (cost=0.00..18.83 rows=52800 width=4) (actual time=120.921..123.300 rows=1300 loops=1)
         Buffers: shared read=484 dirtied=12
   ->  Index Scan using title_idx_id on title t  (cost=0.01..2.18 rows=1 width=94) (actual time=30.016..30.016 rows=1 loops=1300)
         Index Cond: (id = del.a)
         Buffers: shared hit=2712 read=2492
 Planning Time: 375.555 ms
 Execution Time: 39163.452 ms
(9 rows)

                                                            QUERY PLAN                                                            
----------------------------------------------------------------------------------------------------------------------------------
 Nested Loop  (cost=0.01..115960.86 rows=53564 width=98) (actual time=174.751..42172.657 rows=1400 loops=1)
   Buffers: shared hit=2935 read=3156 dirtied=13
   ->  Seq Scan on del_nest_index del  (cost=0.00..19.10 rows=53564 width=4) (actual time=129.046..131.797 rows=1400 loops=1)
         Buffers: shared read=491 dirtied=13
   ->  Index Scan using title_idx_id on title t  (cost=0.01..2.16 rows=1 width=94) (actual time=30.017..30.017 rows=1 loops=1400)
         Index Cond: (id = del.a)
         Buffers: shared hit=2935 read=2665
 Planning Time: 350.622 ms
 Execution Time: 42176.548 ms
(9 rows)

                                                            QUERY PLAN                                                            
----------------------------------------------------------------------------------------------------------------------------------
 Nested Loop  (cost=0.01..116624.85 rows=54218 width=98) (actual time=170.859..41646.406 rows=1400 loops=1)
   Buffers: shared hit=2945 read=3153 dirtied=14
   ->  Seq Scan on del_nest_index del  (cost=0.00..19.34 rows=54218 width=4) (actual time=129.372..131.937 rows=1400 loops=1)
         Buffers: shared read=497 dirtied=14
   ->  Index Scan using title_idx_id on title t  (cost=0.01..2.15 rows=1 width=94) (actual time=29.642..29.642 rows=1 loops=1400)
         Index Cond: (id = del.a)
         Buffers: shared hit=2945 read=2656
 Planning Time: 367.225 ms
 Execution Time: 41650.384 ms
(9 rows)

                                                            QUERY PLAN                                                            
----------------------------------------------------------------------------------------------------------------------------------
 Nested Loop  (cost=0.01..117282.73 rows=54873 width=98) (actual time=491.944..41850.371 rows=1400 loops=1)
   Buffers: shared hit=2924 read=3186 dirtied=13
   ->  Seq Scan on del_nest_index del  (cost=0.00..19.57 rows=54873 width=4) (actual time=371.531..374.021 rows=1400 loops=1)
         Buffers: shared read=503 dirtied=13
   ->  Index Scan using title_idx_id on title t  (cost=0.01..2.14 rows=1 width=94) (actual time=29.615..29.615 rows=1 loops=1400)
         Index Cond: (id = del.a)
         Buffers: shared hit=2924 read=2683
 Planning Time: 358.978 ms
 Execution Time: 41854.477 ms
(9 rows)

                                                            QUERY PLAN                                                            
----------------------------------------------------------------------------------------------------------------------------------
 Nested Loop  (cost=0.01..117934.48 rows=55527 width=98) (actual time=190.421..41581.458 rows=1400 loops=1)
   Buffers: shared hit=2942 read=3172 dirtied=13
   ->  Seq Scan on del_nest_index del  (cost=0.00..19.81 rows=55527 width=4) (actual time=145.667..148.470 rows=1400 loops=1)
         Buffers: shared read=509 dirtied=13
   ->  Index Scan using title_idx_id on title t  (cost=0.01..2.12 rows=1 width=94) (actual time=29.584..29.584 rows=1 loops=1400)
         Index Cond: (id = del.a)
         Buffers: shared hit=2942 read=2663
 Planning Time: 384.014 ms
 Execution Time: 41585.372 ms
(9 rows)

                                                            QUERY PLAN                                                            
----------------------------------------------------------------------------------------------------------------------------------
 Nested Loop  (cost=0.01..118577.06 rows=56182 width=98) (actual time=194.038..40992.275 rows=1400 loops=1)
   Buffers: shared hit=2926 read=3194 dirtied=13
   ->  Seq Scan on del_nest_index del  (cost=0.00..20.04 rows=56182 width=4) (actual time=147.985..150.561 rows=1400 loops=1)
         Buffers: shared read=515 dirtied=13
   ->  Index Scan using title_idx_id on title t  (cost=0.01..2.11 rows=1 width=94) (actual time=29.161..29.161 rows=1 loops=1400)
         Index Cond: (id = del.a)
         Buffers: shared hit=2926 read=2679
 Planning Time: 333.941 ms
 Execution Time: 40996.519 ms
(9 rows)

                                                            QUERY PLAN                                                            
----------------------------------------------------------------------------------------------------------------------------------
 Nested Loop  (cost=0.01..119322.13 rows=56945 width=98) (actual time=160.749..43192.509 rows=1500 loops=1)
   Buffers: shared hit=3170 read=3355 dirtied=14
   ->  Seq Scan on del_nest_index del  (cost=0.00..20.31 rows=56945 width=4) (actual time=124.276..127.122 rows=1500 loops=1)
         Buffers: shared read=522 dirtied=14
   ->  Index Scan using title_idx_id on title t  (cost=0.01..2.10 rows=1 width=94) (actual time=28.699..28.699 rows=1 loops=1500)
         Index Cond: (id = del.a)
         Buffers: shared hit=3170 read=2833
 Planning Time: 350.627 ms
 Execution Time: 43196.759 ms
(9 rows)

                                                            QUERY PLAN                                                            
----------------------------------------------------------------------------------------------------------------------------------
 Nested Loop  (cost=0.01..120054.98 rows=57709 width=98) (actual time=178.782..45129.871 rows=1500 loops=1)
   Buffers: shared hit=3165 read=3370 dirtied=15
   ->  Seq Scan on del_nest_index del  (cost=0.00..20.58 rows=57709 width=4) (actual time=141.547..144.338 rows=1500 loops=1)
         Buffers: shared read=529 dirtied=15
   ->  Index Scan using title_idx_id on title t  (cost=0.01..2.08 rows=1 width=94) (actual time=29.979..29.979 rows=1 loops=1500)
         Index Cond: (id = del.a)
         Buffers: shared hit=3165 read=2841
 Planning Time: 358.981 ms
 Execution Time: 45133.949 ms
(9 rows)

                                                            QUERY PLAN                                                            
----------------------------------------------------------------------------------------------------------------------------------
 Nested Loop  (cost=0.01..120679.19 rows=58364 width=98) (actual time=189.852..43942.210 rows=1500 loops=1)
   Buffers: shared hit=3134 read=3403 dirtied=14
   ->  Seq Scan on del_nest_index del  (cost=0.00..20.82 rows=58364 width=4) (actual time=150.333..152.911 rows=1500 loops=1)
         Buffers: shared read=535 dirtied=14
   ->  Index Scan using title_idx_id on title t  (cost=0.01..2.07 rows=1 width=94) (actual time=29.181..29.181 rows=1 loops=1500)
         Index Cond: (id = del.a)
         Buffers: shared hit=3134 read=2868
 Planning Time: 408.941 ms
 Execution Time: 43946.251 ms
(9 rows)

                                                            QUERY PLAN                                                            
----------------------------------------------------------------------------------------------------------------------------------
 Nested Loop  (cost=0.01..121396.72 rows=59127 width=98) (actual time=247.066..46266.858 rows=1500 loops=1)
   Buffers: shared hit=3173 read=3369 dirtied=14
   ->  Seq Scan on del_nest_index del  (cost=0.00..21.09 rows=59127 width=4) (actual time=141.757..144.437 rows=1500 loops=1)
         Buffers: shared read=542 dirtied=14
   ->  Index Scan using title_idx_id on title t  (cost=0.01..2.05 rows=1 width=94) (actual time=30.737..30.737 rows=1 loops=1500)
         Index Cond: (id = del.a)
         Buffers: shared hit=3173 read=2827
 Planning Time: 392.354 ms
 Execution Time: 46270.846 ms
(9 rows)

                                                            QUERY PLAN                                                            
----------------------------------------------------------------------------------------------------------------------------------
 Nested Loop  (cost=0.01..122108.14 rows=59891 width=98) (actual time=176.812..44658.118 rows=1500 loops=1)
   Buffers: shared hit=3159 read=3392 dirtied=15
   ->  Seq Scan on del_nest_index del  (cost=0.00..21.36 rows=59891 width=4) (actual time=142.111..144.848 rows=1500 loops=1)
         Buffers: shared read=549 dirtied=15
   ->  Index Scan using title_idx_id on title t  (cost=0.01..2.04 rows=1 width=94) (actual time=29.664..29.664 rows=1 loops=1500)
         Index Cond: (id = del.a)
         Buffers: shared hit=3159 read=2843
 Planning Time: 358.990 ms
 Execution Time: 44662.265 ms
(9 rows)

                                                            QUERY PLAN                                                            
----------------------------------------------------------------------------------------------------------------------------------
 Nested Loop  (cost=0.01..122813.44 rows=60655 width=98) (actual time=181.454..47949.162 rows=1600 loops=1)
   Buffers: shared hit=3380 read=3583 dirtied=15
   ->  Seq Scan on del_nest_index del  (cost=0.00..21.63 rows=60655 width=4) (actual time=142.867..145.635 rows=1600 loops=1)
         Buffers: shared read=556 dirtied=15
   ->  Index Scan using title_idx_id on title t  (cost=0.01..2.02 rows=1 width=94) (actual time=29.866..29.866 rows=1 loops=1600)
         Index Cond: (id = del.a)
         Buffers: shared hit=3380 read=3027
 Planning Time: 358.963 ms
 Execution Time: 47953.340 ms
(9 rows)

                                                            QUERY PLAN                                                            
----------------------------------------------------------------------------------------------------------------------------------
 Nested Loop  (cost=0.01..123506.49 rows=61418 width=98) (actual time=175.877..46437.317 rows=1600 loops=1)
   Buffers: shared hit=3396 read=3570 dirtied=15
   ->  Seq Scan on del_nest_index del  (cost=0.00..21.91 rows=61418 width=4) (actual time=136.359..139.487 rows=1600 loops=1)
         Buffers: shared read=563 dirtied=15
   ->  Index Scan using title_idx_id on title t  (cost=0.01..2.01 rows=1 width=94) (actual time=28.924..28.924 rows=1 loops=1600)
         Index Cond: (id = del.a)
         Buffers: shared hit=3396 read=3007
 Planning Time: 517.343 ms
 Execution Time: 46441.463 ms
(9 rows)

                                                            QUERY PLAN                                                            
----------------------------------------------------------------------------------------------------------------------------------
 Nested Loop  (cost=0.01..124196.49 rows=62182 width=98) (actual time=186.443..46322.060 rows=1600 loops=1)
   Buffers: shared hit=3367 read=3606 dirtied=15
   ->  Seq Scan on del_nest_index del  (cost=0.00..22.18 rows=62182 width=4) (actual time=144.901..147.965 rows=1600 loops=1)
         Buffers: shared read=570 dirtied=15
   ->  Index Scan using title_idx_id on title t  (cost=0.01..2.00 rows=1 width=94) (actual time=28.847..28.847 rows=1 loops=1600)
         Index Cond: (id = del.a)
         Buffers: shared hit=3367 read=3036
 Planning Time: 350.676 ms
 Execution Time: 46326.215 ms
(9 rows)

                                                            QUERY PLAN                                                            
----------------------------------------------------------------------------------------------------------------------------------
 Nested Loop  (cost=0.01..124874.23 rows=62945 width=98) (actual time=182.038..46460.813 rows=1600 loops=1)
   Buffers: shared hit=3380 read=3603 dirtied=15
   ->  Seq Scan on del_nest_index del  (cost=0.00..22.45 rows=62945 width=4) (actual time=145.936..148.799 rows=1600 loops=1)
         Buffers: shared read=577 dirtied=15
   ->  Index Scan using title_idx_id on title t  (cost=0.01..1.98 rows=1 width=94) (actual time=28.934..28.934 rows=1 loops=1600)
         Index Cond: (id = del.a)
         Buffers: shared hit=3380 read=3026
 Planning Time: 317.358 ms
 Execution Time: 46464.966 ms
(9 rows)

                                                            QUERY PLAN                                                            
----------------------------------------------------------------------------------------------------------------------------------
 Nested Loop  (cost=0.01..125545.87 rows=63709 width=98) (actual time=185.749..48384.942 rows=1600 loops=1)
   Buffers: shared hit=3371 read=3622 dirtied=15
   ->  Seq Scan on del_nest_index del  (cost=0.00..22.72 rows=63709 width=4) (actual time=156.506..159.472 rows=1600 loops=1)
         Buffers: shared read=584 dirtied=15
   ->  Index Scan using title_idx_id on title t  (cost=0.01..1.97 rows=1 width=94) (actual time=30.130..30.130 rows=1 loops=1600)
         Index Cond: (id = del.a)
         Buffers: shared hit=3371 read=3038
 Planning Time: 358.969 ms
 Execution Time: 48389.402 ms
(9 rows)

                                                            QUERY PLAN                                                            
----------------------------------------------------------------------------------------------------------------------------------
 Nested Loop  (cost=0.01..126304.71 rows=64582 width=98) (actual time=222.722..50659.211 rows=1700 loops=1)
   Buffers: shared hit=3599 read=3796 dirtied=16
   ->  Seq Scan on del_nest_index del  (cost=0.00..23.03 rows=64582 width=4) (actual time=140.899..144.114 rows=1700 loops=1)
         Buffers: shared read=592 dirtied=16
   ->  Index Scan using title_idx_id on title t  (cost=0.01..1.96 rows=1 width=94) (actual time=29.703..29.703 rows=1 loops=1700)
         Index Cond: (id = del.a)
         Buffers: shared hit=3599 read=3204
 Planning Time: 292.255 ms
 Execution Time: 50663.521 ms
(9 rows)

                                                            QUERY PLAN                                                            
----------------------------------------------------------------------------------------------------------------------------------
 Nested Loop  (cost=0.01..126961.03 rows=65345 width=98) (actual time=193.122..49018.392 rows=1700 loops=1)
   Buffers: shared hit=3599 read=3806 dirtied=16
   ->  Seq Scan on del_nest_index del  (cost=0.00..23.31 rows=65345 width=4) (actual time=149.012..152.359 rows=1700 loops=1)
         Buffers: shared read=599 dirtied=16
   ->  Index Scan using title_idx_id on title t  (cost=0.01..1.94 rows=1 width=94) (actual time=28.733..28.733 rows=1 loops=1700)
         Index Cond: (id = del.a)
         Buffers: shared hit=3599 read=3207
 Planning Time: 325.612 ms
 Execution Time: 49022.789 ms
(9 rows)

                                                            QUERY PLAN                                                            
----------------------------------------------------------------------------------------------------------------------------------
 Nested Loop  (cost=0.01..127704.57 rows=66218 width=98) (actual time=194.941..49742.712 rows=1700 loops=1)
   Buffers: shared hit=3613 read=3802 dirtied=16
   ->  Seq Scan on del_nest_index del  (cost=0.00..23.62 rows=66218 width=4) (actual time=157.528..160.726 rows=1700 loops=1)
         Buffers: shared read=607 dirtied=16
   ->  Index Scan using title_idx_id on title t  (cost=0.01..1.93 rows=1 width=94) (actual time=29.154..29.154 rows=1 loops=1700)
         Index Cond: (id = del.a)
         Buffers: shared hit=3613 read=3195
 Planning Time: 359.008 ms
 Execution Time: 49747.063 ms
(9 rows)

                                                            QUERY PLAN                                                            
----------------------------------------------------------------------------------------------------------------------------------
 Nested Loop  (cost=0.01..128345.61 rows=66982 width=98) (actual time=206.995..50855.201 rows=1700 loops=1)
   Buffers: shared hit=3606 read=3813 dirtied=16
   ->  Seq Scan on del_nest_index del  (cost=0.00..23.89 rows=66982 width=4) (actual time=161.169..164.102 rows=1700 loops=1)
         Buffers: shared read=614 dirtied=16
   ->  Index Scan using title_idx_id on title t  (cost=0.01..1.92 rows=1 width=94) (actual time=29.807..29.807 rows=1 loops=1700)
         Index Cond: (id = del.a)
         Buffers: shared hit=3606 read=3199
 Planning Time: 508.955 ms
 Execution Time: 50859.695 ms
(9 rows)

                                                            QUERY PLAN                                                            
----------------------------------------------------------------------------------------------------------------------------------
 Nested Loop  (cost=0.01..129070.78 rows=67855 width=98) (actual time=188.298..49503.882 rows=1700 loops=1)
   Buffers: shared hit=3614 read=3812 dirtied=16
   ->  Seq Scan on del_nest_index del  (cost=0.00..24.20 rows=67855 width=4) (actual time=152.894..156.039 rows=1700 loops=1)
         Buffers: shared read=622 dirtied=16
   ->  Index Scan using title_idx_id on title t  (cost=0.01..1.90 rows=1 width=94) (actual time=29.017..29.017 rows=1 loops=1700)
         Index Cond: (id = del.a)
         Buffers: shared hit=3614 read=3190
 Planning Time: 525.603 ms
 Execution Time: 49508.204 ms
(9 rows)

                                                            QUERY PLAN                                                            
----------------------------------------------------------------------------------------------------------------------------------
 Nested Loop  (cost=0.01..129783.71 rows=68727 width=98) (actual time=181.682..53099.097 rows=1800 loops=1)
   Buffers: shared hit=3825 read=4010 dirtied=17
   ->  Seq Scan on del_nest_index del  (cost=0.00..24.51 rows=68727 width=4) (actual time=136.602..139.851 rows=1800 loops=1)
         Buffers: shared read=630 dirtied=17
   ->  Index Scan using title_idx_id on title t  (cost=0.01..1.89 rows=1 width=94) (actual time=29.410..29.410 rows=1 loops=1800)
         Index Cond: (id = del.a)
         Buffers: shared hit=3825 read=3380
 Planning Time: 292.290 ms
 Execution Time: 53103.596 ms
(9 rows)

                                                            QUERY PLAN                                                            
----------------------------------------------------------------------------------------------------------------------------------
 Nested Loop  (cost=0.01..130490.52 rows=69600 width=98) (actual time=250.162..51602.600 rows=1800 loops=1)
   Buffers: shared hit=3819 read=4024 dirtied=17
   ->  Seq Scan on del_nest_index del  (cost=0.00..24.82 rows=69600 width=4) (actual time=153.444..156.576 rows=1800 loops=1)
         Buffers: shared read=638 dirtied=17
   ->  Index Scan using title_idx_id on title t  (cost=0.01..1.87 rows=1 width=94) (actual time=28.570..28.570 rows=1 loops=1800)
         Index Cond: (id = del.a)
         Buffers: shared hit=3819 read=3386
 Planning Time: 350.618 ms
 Execution Time: 51606.954 ms
(9 rows)

                                                            QUERY PLAN                                                            
----------------------------------------------------------------------------------------------------------------------------------
 Nested Loop  (cost=0.01..131191.22 rows=70473 width=98) (actual time=196.704..51080.764 rows=1800 loops=1)
   Buffers: shared hit=3840 read=4011 dirtied=17
   ->  Seq Scan on del_nest_index del  (cost=0.00..25.14 rows=70473 width=4) (actual time=161.828..165.148 rows=1800 loops=1)
         Buffers: shared read=646 dirtied=17
   ->  Index Scan using title_idx_id on title t  (cost=0.01..1.86 rows=1 width=94) (actual time=28.275..28.275 rows=1 loops=1800)
         Index Cond: (id = del.a)
         Buffers: shared hit=3840 read=3365
 Planning Time: 358.969 ms
 Execution Time: 51085.265 ms
(9 rows)

                                                            QUERY PLAN                                                            
----------------------------------------------------------------------------------------------------------------------------------
 Nested Loop  (cost=0.01..131879.66 rows=71345 width=98) (actual time=207.759..52412.517 rows=1800 loops=1)
   Buffers: shared hit=3824 read=4033 dirtied=17
   ->  Seq Scan on del_nest_index del  (cost=0.00..25.45 rows=71345 width=4) (actual time=170.426..174.029 rows=1800 loops=1)
         Buffers: shared read=654 dirtied=17
   ->  Index Scan using title_idx_id on title t  (cost=0.01..1.85 rows=1 width=94) (actual time=29.010..29.010 rows=1 loops=1800)
         Index Cond: (id = del.a)
         Buffers: shared hit=3824 read=3379
 Planning Time: 342.274 ms
 Execution Time: 52417.116 ms
(9 rows)

                                                            QUERY PLAN                                                            
----------------------------------------------------------------------------------------------------------------------------------
 Nested Loop  (cost=0.01..132389.10 rows=72109 width=98) (actual time=187.065..51877.860 rows=1800 loops=1)
   Buffers: shared hit=3824 read=4041 dirtied=16
   ->  Seq Scan on del_nest_index del  (cost=0.00..25.72 rows=72109 width=4) (actual time=159.925..163.505 rows=1800 loops=1)
         Buffers: shared read=661 dirtied=16
   ->  Index Scan using title_idx_id on title t  (cost=0.01..1.84 rows=1 width=94) (actual time=28.718..28.718 rows=1 loops=1800)
         Index Cond: (id = del.a)
         Buffers: shared hit=3824 read=3380
 Planning Time: 467.280 ms
 Execution Time: 51882.228 ms
(9 rows)

                                                            QUERY PLAN                                                            
----------------------------------------------------------------------------------------------------------------------------------
 Nested Loop  (cost=0.01..132402.75 rows=73091 width=98) (actual time=207.658..54701.855 rows=1900 loops=1)
   Buffers: shared hit=4057 read=4215 dirtied=17
   ->  Seq Scan on del_nest_index del  (cost=0.00..26.07 rows=73091 width=4) (actual time=168.157..171.628 rows=1900 loops=1)
         Buffers: shared read=670 dirtied=17
   ->  Index Scan using title_idx_id on title t  (cost=0.01..1.81 rows=1 width=94) (actual time=28.689..28.689 rows=1 loops=1900)
         Index Cond: (id = del.a)
         Buffers: shared hit=4057 read=3545
 Planning Time: 392.223 ms
 Execution Time: 54706.318 ms
(9 rows)

                                                            QUERY PLAN                                                            
----------------------------------------------------------------------------------------------------------------------------------
 Nested Loop  (cost=0.01..132414.88 rows=73964 width=98) (actual time=206.708..53960.558 rows=1900 loops=1)
   Buffers: shared hit=4085 read=4199 dirtied=18
   ->  Seq Scan on del_nest_index del  (cost=0.00..26.38 rows=73964 width=4) (actual time=168.914..172.374 rows=1900 loops=1)
         Buffers: shared read=678 dirtied=18
   ->  Index Scan using title_idx_id on title t  (cost=0.01..1.79 rows=1 width=94) (actual time=28.298..28.298 rows=1 loops=1900)
         Index Cond: (id = del.a)
         Buffers: shared hit=4085 read=3521
 Planning Time: 383.957 ms
 Execution Time: 53965.288 ms
(9 rows)

                                                            QUERY PLAN                                                            
----------------------------------------------------------------------------------------------------------------------------------
 Nested Loop  (cost=0.01..132428.51 rows=74945 width=98) (actual time=215.254..55340.496 rows=1900 loops=1)
   Buffers: shared hit=4081 read=4210 dirtied=18
   ->  Seq Scan on del_nest_index del  (cost=0.00..26.73 rows=74945 width=4) (actual time=178.408..182.015 rows=1900 loops=1)
         Buffers: shared read=687 dirtied=18
   ->  Index Scan using title_idx_id on title t  (cost=0.01..1.77 rows=1 width=94) (actual time=29.019..29.019 rows=1 loops=1900)
         Index Cond: (id = del.a)
         Buffers: shared hit=4081 read=3523
 Planning Time: 300.610 ms
 Execution Time: 55345.019 ms
(9 rows)

                                                            QUERY PLAN                                                            
----------------------------------------------------------------------------------------------------------------------------------
 Nested Loop  (cost=0.01..132440.64 rows=75818 width=98) (actual time=218.353..54063.181 rows=1900 loops=1)
   Buffers: shared hit=4065 read=4231 dirtied=18
   ->  Seq Scan on del_nest_index del  (cost=0.00..27.04 rows=75818 width=4) (actual time=179.246..182.783 rows=1900 loops=1)
         Buffers: shared read=695 dirtied=18
   ->  Index Scan using title_idx_id on title t  (cost=0.01..1.75 rows=1 width=94) (actual time=28.346..28.346 rows=1 loops=1900)
         Index Cond: (id = del.a)
         Buffers: shared hit=4065 read=3536
 Planning Time: 308.946 ms
 Execution Time: 54067.770 ms
(9 rows)

                                                            QUERY PLAN                                                            
----------------------------------------------------------------------------------------------------------------------------------
 Nested Loop  (cost=0.01..132454.29 rows=76800 width=98) (actual time=223.079..54613.272 rows=1900 loops=1)
   Buffers: shared hit=4043 read=4264 dirtied=18
   ->  Seq Scan on del_nest_index del  (cost=0.00..27.39 rows=76800 width=4) (actual time=179.066..182.704 rows=1900 loops=1)
         Buffers: shared read=704 dirtied=18
   ->  Index Scan using title_idx_id on title t  (cost=0.01..1.72 rows=1 width=94) (actual time=28.636..28.636 rows=1 loops=1900)
         Index Cond: (id = del.a)
         Buffers: shared hit=4043 read=3560
 Planning Time: 483.938 ms
 Execution Time: 54618.099 ms
(9 rows)

                                                           QUERY PLAN                                                           
--------------------------------------------------------------------------------------------------------------------------------
 Nested Loop  (cost=0.01..132480.07 rows=78655 width=98) (actual time=237.271..1144.343 rows=1000 loops=1)
   Buffers: shared hit=2797 read=1925 dirtied=2
   ->  Seq Scan on del_nest_index del  (cost=0.00..28.05 rows=78655 width=4) (actual time=200.991..201.322 rows=1000 loops=1)
         Buffers: shared read=721 dirtied=2
   ->  Index Scan using title_idx_id on title t  (cost=0.01..1.68 rows=1 width=94) (actual time=0.941..0.941 rows=1 loops=1000)
         Index Cond: (id = del.a)
         Buffers: shared hit=2797 read=1204
 Planning Time: 411.723 ms
 Execution Time: 1150.481 ms
(9 rows)

                                                            QUERY PLAN                                                            
----------------------------------------------------------------------------------------------------------------------------------
 Nested Loop  (cost=0.01..132493.70 rows=79636 width=98) (actual time=247.110..59299.848 rows=2000 loops=1)
   Buffers: shared hit=4278 read=4457 dirtied=14
   ->  Seq Scan on del_nest_index del  (cost=0.00..28.40 rows=79636 width=4) (actual time=209.500..213.157 rows=2000 loops=1)
         Buffers: shared read=730 dirtied=14
   ->  Index Scan using title_idx_id on title t  (cost=0.01..1.66 rows=1 width=94) (actual time=29.532..29.532 rows=1 loops=2000)
         Index Cond: (id = del.a)
         Buffers: shared hit=4278 read=3727
 Planning Time: 331.534 ms
 Execution Time: 59307.843 ms
(9 rows)

                                                            QUERY PLAN                                                            
----------------------------------------------------------------------------------------------------------------------------------
 Nested Loop  (cost=0.01..132507.35 rows=80618 width=98) (actual time=243.445..57671.993 rows=2000 loops=1)
   Buffers: shared hit=4280 read=4461 dirtied=19
   ->  Seq Scan on del_nest_index del  (cost=0.00..28.75 rows=80618 width=4) (actual time=209.890..213.333 rows=2000 loops=1)
         Buffers: shared read=739 dirtied=19
   ->  Index Scan using title_idx_id on title t  (cost=0.01..1.64 rows=1 width=94) (actual time=28.718..28.718 rows=1 loops=2000)
         Index Cond: (id = del.a)
         Buffers: shared hit=4280 read=3722
 Planning Time: 314.898 ms
 Execution Time: 57679.936 ms
(9 rows)

                                                            QUERY PLAN                                                            
----------------------------------------------------------------------------------------------------------------------------------
 Nested Loop  (cost=0.01..132527.05 rows=82036 width=98) (actual time=242.166..81556.341 rows=3000 loops=1)
   Buffers: shared hit=6670 read=6091 dirtied=23
   ->  Seq Scan on del_nest_index del  (cost=0.00..29.26 rows=82036 width=4) (actual time=205.445..211.743 rows=3000 loops=1)
         Buffers: shared read=752 dirtied=23
   ->  Index Scan using title_idx_id on title t  (cost=0.01..1.62 rows=1 width=94) (actual time=27.103..27.103 rows=1 loops=3000)
         Index Cond: (id = del.a)
         Buffers: shared hit=6670 read=5339
 Planning Time: 317.748 ms
 Execution Time: 81561.201 ms
(9 rows)

                                                            QUERY PLAN                                                            
----------------------------------------------------------------------------------------------------------------------------------
 Nested Loop  (cost=0.01..132546.77 rows=83455 width=98) (actual time=245.731..81268.477 rows=3000 loops=1)
   Buffers: shared hit=6673 read=6104 dirtied=27
   ->  Seq Scan on del_nest_index del  (cost=0.00..29.77 rows=83455 width=4) (actual time=197.840..202.991 rows=3000 loops=1)
         Buffers: shared read=765 dirtied=27
   ->  Index Scan using title_idx_id on title t  (cost=0.01..1.59 rows=1 width=94) (actual time=27.011..27.011 rows=1 loops=3000)
         Index Cond: (id = del.a)
         Buffers: shared hit=6673 read=5339
 Planning Time: 267.624 ms
 Execution Time: 81273.200 ms
(9 rows)

                                                            QUERY PLAN                                                            
----------------------------------------------------------------------------------------------------------------------------------
 Nested Loop  (cost=0.01..132567.99 rows=84982 width=98) (actual time=231.763..80935.622 rows=3000 loops=1)
   Buffers: shared hit=6653 read=6133 dirtied=28
   ->  Seq Scan on del_nest_index del  (cost=0.00..30.31 rows=84982 width=4) (actual time=202.695..208.158 rows=3000 loops=1)
         Buffers: shared read=779 dirtied=28
   ->  Index Scan using title_idx_id on title t  (cost=0.01..1.56 rows=1 width=94) (actual time=26.898..26.898 rows=1 loops=3000)
         Index Cond: (id = del.a)
         Buffers: shared hit=6653 read=5354
 Planning Time: 339.905 ms
 Execution Time: 80944.588 ms
(9 rows)

                                                            QUERY PLAN                                                            
----------------------------------------------------------------------------------------------------------------------------------
 Nested Loop  (cost=0.01..132593.76 rows=86836 width=98) (actual time=622.875..102254.429 rows=4000 loops=1)
   Buffers: shared hit=9177 read=7633 dirtied=32
   ->  Seq Scan on del_nest_index del  (cost=0.00..30.97 rows=86836 width=4) (actual time=471.226..478.533 rows=4000 loops=1)
         Buffers: shared read=796 dirtied=32
   ->  Index Scan using title_idx_id on title t  (cost=0.01..1.53 rows=1 width=94) (actual time=25.433..25.433 rows=1 loops=4000)
         Index Cond: (id = del.a)
         Buffers: shared hit=9177 read=6837
 Planning Time: 359.356 ms
 Execution Time: 102278.468 ms
(9 rows)

                                                            QUERY PLAN                                                            
----------------------------------------------------------------------------------------------------------------------------------
 Nested Loop  (cost=0.01..132621.05 rows=88800 width=98) (actual time=230.644..102782.916 rows=4000 loops=1)
   Buffers: shared hit=9134 read=7688 dirtied=36
   ->  Seq Scan on del_nest_index del  (cost=0.00..31.67 rows=88800 width=4) (actual time=194.061..201.641 rows=4000 loops=1)
         Buffers: shared read=814 dirtied=36
   ->  Index Scan using title_idx_id on title t  (cost=0.01..1.49 rows=1 width=94) (actual time=25.634..25.634 rows=1 loops=4000)
         Index Cond: (id = del.a)
         Buffers: shared hit=9134 read=6874
 Planning Time: 264.600 ms
 Execution Time: 102789.269 ms
(9 rows)

                                                            QUERY PLAN                                                            
----------------------------------------------------------------------------------------------------------------------------------
 Nested Loop  (cost=0.01..132648.34 rows=90764 width=98) (actual time=222.315..101804.782 rows=4000 loops=1)
   Buffers: shared hit=9121 read=7722 dirtied=37
   ->  Seq Scan on del_nest_index del  (cost=0.00..32.37 rows=90764 width=4) (actual time=186.095..193.266 rows=4000 loops=1)
         Buffers: shared read=832 dirtied=37
   ->  Index Scan using title_idx_id on title t  (cost=0.01..1.46 rows=1 width=94) (actual time=25.392..25.392 rows=1 loops=4000)
         Index Cond: (id = del.a)
         Buffers: shared hit=9121 read=6890
 Planning Time: 331.283 ms
 Execution Time: 101810.764 ms
(9 rows)

                                                            QUERY PLAN                                                            
----------------------------------------------------------------------------------------------------------------------------------
 Nested Loop  (cost=0.01..132681.69 rows=93164 width=98) (actual time=281.817..120085.710 rows=5000 loops=1)
   Buffers: shared hit=11718 read=9152 dirtied=41
   ->  Seq Scan on del_nest_index del  (cost=0.00..33.23 rows=93164 width=4) (actual time=231.084..240.066 rows=5000 loops=1)
         Buffers: shared read=854 dirtied=41
   ->  Index Scan using title_idx_id on title t  (cost=0.01..1.42 rows=1 width=94) (actual time=23.958..23.958 rows=1 loops=5000)
         Index Cond: (id = del.a)
         Buffers: shared hit=11718 read=8298
 Planning Time: 522.985 ms
 Execution Time: 120096.822 ms
(9 rows)

                                                            QUERY PLAN                                                            
----------------------------------------------------------------------------------------------------------------------------------
 Nested Loop  (cost=0.01..132748.40 rows=97964 width=98) (actual time=275.784..120581.157 rows=5000 loops=1)
   Buffers: shared hit=11769 read=9143 dirtied=20
   ->  Seq Scan on del_nest_index del  (cost=0.00..34.94 rows=97964 width=4) (actual time=237.873..246.475 rows=5000 loops=1)
         Buffers: shared read=898 dirtied=20
   ->  Index Scan using title_idx_id on title t  (cost=0.01..1.35 rows=1 width=94) (actual time=24.056..24.056 rows=1 loops=5000)
         Index Cond: (id = del.a)
         Buffers: shared hit=11769 read=8245
 Planning Time: 327.312 ms
 Execution Time: 120592.583 ms
(9 rows)

                                                            QUERY PLAN                                                            
----------------------------------------------------------------------------------------------------------------------------------
 Nested Loop  (cost=0.01..132781.75 rows=100364 width=98) (actual time=313.896..117601.194 rows=5000 loops=1)
   Buffers: shared hit=11765 read=9175 dirtied=45
   ->  Seq Scan on del_nest_index del  (cost=0.00..35.80 rows=100364 width=4) (actual time=273.203..281.857 rows=5000 loops=1)
         Buffers: shared read=920 dirtied=45
   ->  Index Scan using title_idx_id on title t  (cost=0.01..1.32 rows=1 width=94) (actual time=23.453..23.453 rows=1 loops=5000)
         Index Cond: (id = del.a)
         Buffers: shared hit=11765 read=8255
 Planning Time: 325.951 ms
 Execution Time: 117609.230 ms
(9 rows)

                                                            QUERY PLAN                                                            
----------------------------------------------------------------------------------------------------------------------------------
 Nested Loop  (cost=0.01..132815.10 rows=102764 width=98) (actual time=267.061..122318.955 rows=5000 loops=1)
   Buffers: shared hit=11706 read=9245 dirtied=45
   ->  Seq Scan on del_nest_index del  (cost=0.00..36.65 rows=102764 width=4) (actual time=231.108..240.307 rows=5000 loops=1)
         Buffers: shared read=942 dirtied=45
   ->  Index Scan using title_idx_id on title t  (cost=0.01..1.29 rows=1 width=94) (actual time=24.405..24.405 rows=1 loops=5000)
         Index Cond: (id = del.a)
         Buffers: shared hit=11706 read=8303
 Planning Time: 367.652 ms
 Execution Time: 122327.174 ms
(9 rows)

                                                            QUERY PLAN                                                            
----------------------------------------------------------------------------------------------------------------------------------
 Nested Loop  (cost=0.01..132856.03 rows=105709 width=98) (actual time=266.242..131734.169 rows=6000 loops=1)
   Buffers: shared hit=14500 read=10484 dirtied=50
   ->  Seq Scan on del_nest_index del  (cost=0.00..37.70 rows=105709 width=4) (actual time=232.208..243.187 rows=6000 loops=1)
         Buffers: shared read=969 dirtied=50
   ->  Index Scan using title_idx_id on title t  (cost=0.01..1.26 rows=1 width=94) (actual time=21.904..21.904 rows=1 loops=6000)
         Index Cond: (id = del.a)
         Buffers: shared hit=14500 read=9515
 Planning Time: 359.301 ms
 Execution Time: 131743.581 ms
(9 rows)

                                                            QUERY PLAN                                                            
----------------------------------------------------------------------------------------------------------------------------------
 Nested Loop  (cost=0.01..132896.97 rows=108655 width=98) (actual time=286.101..133700.189 rows=6000 loops=1)
   Buffers: shared hit=14486 read=10529 dirtied=55
   ->  Seq Scan on del_nest_index del  (cost=0.00..38.75 rows=108655 width=4) (actual time=245.910..256.770 rows=6000 loops=1)
         Buffers: shared read=996 dirtied=55
   ->  Index Scan using title_idx_id on title t  (cost=0.01..1.22 rows=1 width=94) (actual time=22.230..22.230 rows=1 loops=6000)
         Index Cond: (id = del.a)
         Buffers: shared hit=14486 read=9533
 Planning Time: 367.669 ms
 Execution Time: 133709.222 ms
(9 rows)

                                                            QUERY PLAN                                                            
----------------------------------------------------------------------------------------------------------------------------------
 Nested Loop  (cost=0.01..132936.38 rows=111491 width=98) (actual time=291.250..135725.577 rows=6000 loops=1)
   Buffers: shared hit=14436 read=10600 dirtied=54
   ->  Seq Scan on del_nest_index del  (cost=0.00..39.77 rows=111491 width=4) (actual time=251.577..261.829 rows=6000 loops=1)
         Buffers: shared read=1022 dirtied=54
   ->  Index Scan using title_idx_id on title t  (cost=0.01..1.19 rows=1 width=94) (actual time=22.566..22.566 rows=1 loops=6000)
         Index Cond: (id = del.a)
         Buffers: shared hit=14436 read=9578
 Planning Time: 317.647 ms
 Execution Time: 135734.660 ms
(9 rows)

                                                            QUERY PLAN                                                            
----------------------------------------------------------------------------------------------------------------------------------
 Nested Loop  (cost=0.01..132983.38 rows=114873 width=98) (actual time=295.847..146910.548 rows=7000 loops=1)
   Buffers: shared hit=17197 read=11883 dirtied=58
   ->  Seq Scan on del_nest_index del  (cost=0.00..40.97 rows=114873 width=4) (actual time=256.517..269.303 rows=7000 loops=1)
         Buffers: shared read=1053 dirtied=58
   ->  Index Scan using title_idx_id on title t  (cost=0.01..1.16 rows=1 width=94) (actual time=20.938..20.938 rows=1 loops=7000)
         Index Cond: (id = del.a)
         Buffers: shared hit=17197 read=10830
 Planning Time: 500.877 ms
 Execution Time: 146920.311 ms
(9 rows)

                                                            QUERY PLAN                                                            
----------------------------------------------------------------------------------------------------------------------------------
 Nested Loop  (cost=0.01..133030.38 rows=118255 width=98) (actual time=494.858..151249.704 rows=7000 loops=1)
   Buffers: shared hit=17139 read=11971 dirtied=63
   ->  Seq Scan on del_nest_index del  (cost=0.00..42.18 rows=118255 width=4) (actual time=453.869..466.275 rows=7000 loops=1)
         Buffers: shared read=1084 dirtied=63
   ->  Index Scan using title_idx_id on title t  (cost=0.01..1.12 rows=1 width=94) (actual time=21.530..21.530 rows=1 loops=7000)
         Index Cond: (id = del.a)
         Buffers: shared hit=17139 read=10887
 Planning Time: 359.290 ms
 Execution Time: 151260.628 ms
(9 rows)

                                                            QUERY PLAN                                                            
----------------------------------------------------------------------------------------------------------------------------------
 Nested Loop  (cost=0.01..133077.36 rows=121636 width=98) (actual time=320.085..149838.574 rows=7000 loops=1)
   Buffers: shared hit=17170 read=11957 dirtied=63
   ->  Seq Scan on del_nest_index del  (cost=0.00..43.38 rows=121636 width=4) (actual time=271.820..283.684 rows=7000 loops=1)
         Buffers: shared read=1115 dirtied=63
   ->  Index Scan using title_idx_id on title t  (cost=0.01..1.09 rows=1 width=94) (actual time=21.354..21.354 rows=1 loops=7000)
         Index Cond: (id = del.a)
         Buffers: shared hit=17170 read=10842
 Planning Time: 309.282 ms
 Execution Time: 149849.038 ms
(9 rows)

                                                            QUERY PLAN                                                            
----------------------------------------------------------------------------------------------------------------------------------
 Nested Loop  (cost=0.01..133130.43 rows=125455 width=98) (actual time=360.714..159198.462 rows=8000 loops=1)
   Buffers: shared hit=20037 read=13137 dirtied=67
   ->  Seq Scan on del_nest_index del  (cost=0.00..44.75 rows=125455 width=4) (actual time=317.577..331.508 rows=8000 loops=1)
         Buffers: shared read=1150 dirtied=67
   ->  Index Scan using title_idx_id on title t  (cost=0.01..1.06 rows=1 width=94) (actual time=19.848..19.848 rows=1 loops=8000)
         Index Cond: (id = del.a)
         Buffers: shared hit=20037 read=11987
 Planning Time: 367.583 ms
 Execution Time: 159209.572 ms
(9 rows)

                                                            QUERY PLAN                                                            
----------------------------------------------------------------------------------------------------------------------------------
 Nested Loop  (cost=0.01..133185.00 rows=129382 width=98) (actual time=379.174..155864.641 rows=8000 loops=1)
   Buffers: shared hit=20120 read=13088 dirtied=72
   ->  Seq Scan on del_nest_index del  (cost=0.00..46.15 rows=129382 width=4) (actual time=321.035..334.287 rows=8000 loops=1)
         Buffers: shared read=1186 dirtied=72
   ->  Index Scan using title_idx_id on title t  (cost=0.01..1.03 rows=1 width=94) (actual time=19.431..19.431 rows=1 loops=8000)
         Index Cond: (id = del.a)
         Buffers: shared hit=20120 read=11902
 Planning Time: 325.678 ms
 Execution Time: 155897.842 ms
(9 rows)

                                                            QUERY PLAN                                                            
----------------------------------------------------------------------------------------------------------------------------------
 Nested Loop  (cost=0.01..133238.06 rows=133200 width=98) (actual time=351.406..158675.497 rows=8000 loops=1)
   Buffers: shared hit=20100 read=13142 dirtied=72
   ->  Seq Scan on del_nest_index del  (cost=0.00..47.51 rows=133200 width=4) (actual time=272.552..285.867 rows=8000 loops=1)
         Buffers: shared read=1221 dirtied=72
   ->  Index Scan using title_idx_id on title t  (cost=0.01..1.00 rows=1 width=94) (actual time=19.788..19.788 rows=1 loops=8000)
         Index Cond: (id = del.a)
         Buffers: shared hit=20100 read=11921
 Planning Time: 367.361 ms
 Execution Time: 158686.514 ms
(9 rows)

                                                            QUERY PLAN                                                            
----------------------------------------------------------------------------------------------------------------------------------
 Nested Loop  (cost=0.01..133298.71 rows=137564 width=98) (actual time=311.441..167901.218 rows=9000 loops=1)
   Buffers: shared hit=23018 read=14259 dirtied=76
   ->  Seq Scan on del_nest_index del  (cost=0.00..49.07 rows=137564 width=4) (actual time=273.225..288.393 rows=9000 loops=1)
         Buffers: shared read=1261 dirtied=76
   ->  Index Scan using title_idx_id on title t  (cost=0.01..0.97 rows=1 width=94) (actual time=18.613..18.613 rows=1 loops=9000)
         Index Cond: (id = del.a)
         Buffers: shared hit=23018 read=12998
 Planning Time: 450.633 ms
 Execution Time: 167913.738 ms
(9 rows)

                                                            QUERY PLAN                                                            
----------------------------------------------------------------------------------------------------------------------------------
 Nested Loop  (cost=0.01..133359.34 rows=141927 width=98) (actual time=413.802..168220.130 rows=9000 loops=1)
   Buffers: shared hit=22988 read=14327 dirtied=81
   ->  Seq Scan on del_nest_index del  (cost=0.00..50.62 rows=141927 width=4) (actual time=373.226..388.619 rows=9000 loops=1)
         Buffers: shared read=1301 dirtied=81
   ->  Index Scan using title_idx_id on title t  (cost=0.01..0.94 rows=1 width=94) (actual time=18.638..18.638 rows=1 loops=9000)
         Index Cond: (id = del.a)
         Buffers: shared hit=22988 read=13026
 Planning Time: 425.622 ms
 Execution Time: 168232.469 ms
(9 rows)

                                                            QUERY PLAN                                                            
----------------------------------------------------------------------------------------------------------------------------------
 Nested Loop  (cost=0.01..133419.98 rows=146291 width=98) (actual time=515.179..166406.808 rows=9000 loops=1)
   Buffers: shared hit=23024 read=14337 dirtied=81
   ->  Seq Scan on del_nest_index del  (cost=0.00..52.18 rows=146291 width=4) (actual time=475.411..490.410 rows=9000 loops=1)
         Buffers: shared read=1341 dirtied=81
   ->  Index Scan using title_idx_id on title t  (cost=0.01..0.91 rows=1 width=94) (actual time=18.425..18.425 rows=1 loops=9000)
         Index Cond: (id = del.a)
         Buffers: shared hit=23024 read=12996
 Planning Time: 367.316 ms
 Execution Time: 166418.412 ms
(9 rows)

                                                            QUERY PLAN                                                             
-----------------------------------------------------------------------------------------------------------------------------------
 Nested Loop  (cost=0.01..133486.69 rows=151091 width=98) (actual time=303.237..176185.455 rows=10000 loops=1)
   Buffers: shared hit=25922 read=15501 dirtied=85
   ->  Seq Scan on del_nest_index del  (cost=0.00..53.89 rows=151091 width=4) (actual time=277.529..294.027 rows=10000 loops=1)
         Buffers: shared read=1385 dirtied=85
   ->  Index Scan using title_idx_id on title t  (cost=0.01..0.88 rows=1 width=94) (actual time=17.579..17.579 rows=1 loops=10000)
         Index Cond: (id = del.a)
         Buffers: shared hit=25922 read=14116
 Planning Time: 342.322 ms
 Execution Time: 176248.598 ms
(9 rows)

                                                            QUERY PLAN                                                             
-----------------------------------------------------------------------------------------------------------------------------------
 Nested Loop  (cost=0.01..133553.39 rows=155891 width=98) (actual time=334.045..176124.597 rows=10000 loops=1)
   Buffers: shared hit=25949 read=15504 dirtied=89
   ->  Seq Scan on del_nest_index del  (cost=0.00..55.60 rows=155891 width=4) (actual time=287.612..303.825 rows=10000 loops=1)
         Buffers: shared read=1429 dirtied=89
   ->  Index Scan using title_idx_id on title t  (cost=0.01..0.86 rows=1 width=94) (actual time=17.572..17.572 rows=1 loops=10000)
         Index Cond: (id = del.a)
         Buffers: shared hit=25949 read=14075
 Planning Time: 425.647 ms
 Execution Time: 176138.373 ms
(9 rows)

                                                            QUERY PLAN                                                             
-----------------------------------------------------------------------------------------------------------------------------------
 Nested Loop  (cost=0.01..133620.09 rows=160691 width=98) (actual time=312.164..177113.076 rows=10000 loops=1)
   Buffers: shared hit=25948 read=15552 dirtied=89
   ->  Seq Scan on del_nest_index del  (cost=0.00..57.31 rows=160691 width=4) (actual time=274.721..290.934 rows=10000 loops=1)
         Buffers: shared read=1473 dirtied=89
   ->  Index Scan using title_idx_id on title t  (cost=0.01..0.83 rows=1 width=94) (actual time=17.672..17.672 rows=1 loops=10000)
         Index Cond: (id = del.a)
         Buffers: shared hit=25948 read=14079
 Planning Time: 333.979 ms
 Execution Time: 177126.364 ms
(9 rows)

                                                            QUERY PLAN                                                             
-----------------------------------------------------------------------------------------------------------------------------------
 Nested Loop  (cost=0.01..133694.37 rows=166036 width=98) (actual time=350.152..182386.754 rows=11000 loops=1)
   Buffers: shared hit=28982 read=16567 dirtied=94
   ->  Seq Scan on del_nest_index del  (cost=0.00..59.22 rows=166036 width=4) (actual time=304.450..322.483 rows=11000 loops=1)
         Buffers: shared read=1522 dirtied=94
   ->  Index Scan using title_idx_id on title t  (cost=0.01..0.80 rows=1 width=94) (actual time=16.541..16.541 rows=1 loops=11000)
         Index Cond: (id = del.a)
         Buffers: shared hit=28982 read=15045
 Planning Time: 417.301 ms
 Execution Time: 182400.690 ms
(9 rows)

                                                            QUERY PLAN                                                             
-----------------------------------------------------------------------------------------------------------------------------------
 Nested Loop  (cost=0.01..133768.66 rows=171382 width=98) (actual time=358.022..183597.871 rows=11000 loops=1)
   Buffers: shared hit=28974 read=16619 dirtied=99
   ->  Seq Scan on del_nest_index del  (cost=0.00..61.13 rows=171382 width=4) (actual time=311.179..328.505 rows=11000 loops=1)
         Buffers: shared read=1571 dirtied=99
   ->  Index Scan using title_idx_id on title t  (cost=0.01..0.78 rows=1 width=94) (actual time=16.651..16.651 rows=1 loops=11000)
         Index Cond: (id = del.a)
         Buffers: shared hit=28974 read=15048
 Planning Time: 392.303 ms
 Execution Time: 183637.478 ms
(9 rows)

                                                            QUERY PLAN                                                             
-----------------------------------------------------------------------------------------------------------------------------------
 Nested Loop  (cost=0.01..133841.43 rows=176618 width=98) (actual time=347.157..180629.106 rows=11000 loops=1)
   Buffers: shared hit=29041 read=16611 dirtied=98
   ->  Seq Scan on del_nest_index del  (cost=0.00..62.99 rows=176618 width=4) (actual time=308.203..326.060 rows=11000 loops=1)
         Buffers: shared read=1619 dirtied=98
   ->  Index Scan using title_idx_id on title t  (cost=0.01..0.76 rows=1 width=94) (actual time=16.381..16.381 rows=1 loops=11000)
         Index Cond: (id = del.a)
         Buffers: shared hit=29041 read=14992
 Planning Time: 392.273 ms
 Execution Time: 180643.307 ms
(9 rows)

                                                            QUERY PLAN                                                             
-----------------------------------------------------------------------------------------------------------------------------------
 Nested Loop  (cost=0.01..133923.29 rows=182509 width=98) (actual time=541.318..183613.328 rows=12000 loops=1)
   Buffers: shared hit=32128 read=17585 dirtied=103
   ->  Seq Scan on del_nest_index del  (cost=0.00..65.10 rows=182509 width=4) (actual time=494.372..513.780 rows=12000 loops=1)
         Buffers: shared read=1673 dirtied=103
   ->  Index Scan using title_idx_id on title t  (cost=0.01..0.73 rows=1 width=94) (actual time=15.248..15.248 rows=1 loops=12000)
         Index Cond: (id = del.a)
         Buffers: shared hit=32128 read=15912
 Planning Time: 375.634 ms
 Execution Time: 183628.173 ms
(9 rows)

                                                            QUERY PLAN                                                             
-----------------------------------------------------------------------------------------------------------------------------------
 Nested Loop  (cost=0.01..134003.64 rows=188291 width=98) (actual time=376.412..190191.378 rows=12000 loops=1)
   Buffers: shared hit=32053 read=17706 dirtied=108
   ->  Seq Scan on del_nest_index del  (cost=0.00..67.16 rows=188291 width=4) (actual time=333.222..353.630 rows=12000 loops=1)
         Buffers: shared read=1726 dirtied=108
   ->  Index Scan using title_idx_id on title t  (cost=0.01..0.71 rows=1 width=94) (actual time=15.810..15.810 rows=1 loops=12000)
         Index Cond: (id = del.a)
         Buffers: shared hit=32053 read=15980
 Planning Time: 459.004 ms
 Execution Time: 190206.031 ms
(9 rows)

                                                            QUERY PLAN                                                             
-----------------------------------------------------------------------------------------------------------------------------------
 Nested Loop  (cost=0.01..134083.99 rows=194073 width=98) (actual time=355.508..191382.977 rows=12000 loops=1)
   Buffers: shared hit=32091 read=17714 dirtied=107
   ->  Seq Scan on del_nest_index del  (cost=0.00..69.22 rows=194073 width=4) (actual time=318.026..337.240 rows=12000 loops=1)
         Buffers: shared read=1779 dirtied=107
   ->  Index Scan using title_idx_id on title t  (cost=0.01..0.69 rows=1 width=94) (actual time=15.910..15.910 rows=1 loops=12000)
         Index Cond: (id = del.a)
         Buffers: shared hit=32091 read=15935
 Planning Time: 367.339 ms
 Execution Time: 191398.496 ms
(9 rows)

                                                            QUERY PLAN                                                             
-----------------------------------------------------------------------------------------------------------------------------------
 Nested Loop  (cost=0.01..134170.40 rows=200291 width=98) (actual time=374.014..193645.808 rows=13000 loops=1)
   Buffers: shared hit=35214 read=18658 dirtied=111
   ->  Seq Scan on del_nest_index del  (cost=0.00..71.44 rows=200291 width=4) (actual time=330.855..351.293 rows=13000 loops=1)
         Buffers: shared read=1836 dirtied=111
   ->  Index Scan using title_idx_id on title t  (cost=0.01..0.67 rows=1 width=94) (actual time=14.859..14.859 rows=1 loops=13000)
         Index Cond: (id = del.a)
         Buffers: shared hit=35214 read=16822
 Planning Time: 350.645 ms
 Execution Time: 193661.716 ms
(9 rows)

                                                            QUERY PLAN                                                             
-----------------------------------------------------------------------------------------------------------------------------------
 Nested Loop  (cost=0.01..134258.33 rows=206618 width=98) (actual time=554.292..191204.475 rows=13000 loops=1)
   Buffers: shared hit=35238 read=18687 dirtied=116
   ->  Seq Scan on del_nest_index del  (cost=0.00..73.70 rows=206618 width=4) (actual time=489.898..510.521 rows=13000 loops=1)
         Buffers: shared read=1894 dirtied=116
   ->  Index Scan using title_idx_id on title t  (cost=0.01..0.65 rows=1 width=94) (actual time=14.659..14.659 rows=1 loops=13000)
         Index Cond: (id = del.a)
         Buffers: shared hit=35238 read=16793
 Planning Time: 358.956 ms
 Execution Time: 191219.596 ms
(9 rows)

                                                            QUERY PLAN                                                             
-----------------------------------------------------------------------------------------------------------------------------------
 Nested Loop  (cost=0.01..134344.74 rows=212836 width=98) (actual time=431.103..191342.616 rows=13000 loops=1)
   Buffers: shared hit=35288 read=18699 dirtied=116
   ->  Seq Scan on del_nest_index del  (cost=0.00..75.91 rows=212836 width=4) (actual time=334.266..354.571 rows=13000 loops=1)
         Buffers: shared read=1951 dirtied=116
   ->  Index Scan using title_idx_id on title t  (cost=0.01..0.63 rows=1 width=94) (actual time=14.682..14.682 rows=1 loops=13000)
         Index Cond: (id = del.a)
         Buffers: shared hit=35288 read=16748
 Planning Time: 450.625 ms
 Execution Time: 191358.152 ms
(9 rows)

                                                            QUERY PLAN                                                             
-----------------------------------------------------------------------------------------------------------------------------------
 Nested Loop  (cost=0.01..134438.73 rows=219600 width=98) (actual time=395.699..201163.815 rows=14000 loops=1)
   Buffers: shared hit=38314 read=19730 dirtied=120
   ->  Seq Scan on del_nest_index del  (cost=0.00..78.33 rows=219600 width=4) (actual time=353.368..375.755 rows=14000 loops=1)
         Buffers: shared read=2013 dirtied=120
   ->  Index Scan using title_idx_id on title t  (cost=0.01..0.61 rows=1 width=94) (actual time=14.332..14.332 rows=1 loops=14000)
         Index Cond: (id = del.a)
         Buffers: shared hit=38314 read=17717
 Planning Time: 358.983 ms
 Execution Time: 201180.569 ms
(9 rows)

                                                            QUERY PLAN                                                             
-----------------------------------------------------------------------------------------------------------------------------------
 Nested Loop  (cost=0.01..134532.73 rows=226364 width=98) (actual time=695.910..202034.301 rows=14000 loops=1)
   Buffers: shared hit=38415 read=19697 dirtied=125
   ->  Seq Scan on del_nest_index del  (cost=0.00..80.74 rows=226364 width=4) (actual time=633.141..656.357 rows=14000 loops=1)
         Buffers: shared read=2075 dirtied=125
   ->  Index Scan using title_idx_id on title t  (cost=0.01..0.59 rows=1 width=94) (actual time=14.374..14.374 rows=1 loops=14000)
         Index Cond: (id = del.a)
         Buffers: shared hit=38415 read=17622
 Planning Time: 350.621 ms
 Execution Time: 202050.037 ms
(9 rows)

                                                            QUERY PLAN                                                             
-----------------------------------------------------------------------------------------------------------------------------------
 Nested Loop  (cost=0.01..134626.71 rows=233127 width=98) (actual time=416.138..200086.544 rows=14000 loops=1)
   Buffers: shared hit=38374 read=19793 dirtied=125
   ->  Seq Scan on del_nest_index del  (cost=0.00..83.15 rows=233127 width=4) (actual time=352.878..375.035 rows=14000 loops=1)
         Buffers: shared read=2137 dirtied=125
   ->  Index Scan using title_idx_id on title t  (cost=0.01..0.58 rows=1 width=94) (actual time=14.255..14.255 rows=1 loops=14000)
         Index Cond: (id = del.a)
         Buffers: shared hit=38374 read=17656
 Planning Time: 342.284 ms
 Execution Time: 200102.550 ms
(9 rows)

                                                            QUERY PLAN                                                             
-----------------------------------------------------------------------------------------------------------------------------------
 Nested Loop  (cost=0.01..134728.28 rows=240436 width=98) (actual time=428.713..203654.847 rows=15000 loops=1)
   Buffers: shared hit=41598 read=20650 dirtied=130
   ->  Seq Scan on del_nest_index del  (cost=0.00..85.76 rows=240436 width=4) (actual time=354.742..378.283 rows=15000 loops=1)
         Buffers: shared read=2204 dirtied=130
   ->  Index Scan using title_idx_id on title t  (cost=0.01..0.56 rows=1 width=94) (actual time=13.542..13.542 rows=1 loops=15000)
         Index Cond: (id = del.a)
         Buffers: shared hit=41598 read=18446
 Planning Time: 333.970 ms
 Execution Time: 203671.532 ms
(9 rows)

                                                            QUERY PLAN                                                             
-----------------------------------------------------------------------------------------------------------------------------------
 Nested Loop  (cost=0.01..134828.34 rows=247636 width=98) (actual time=753.052..200371.568 rows=15000 loops=1)
   Buffers: shared hit=41664 read=20649 dirtied=134
   ->  Seq Scan on del_nest_index del  (cost=0.00..88.33 rows=247636 width=4) (actual time=681.228..705.915 rows=15000 loops=1)
         Buffers: shared read=2270 dirtied=134
   ->  Index Scan using title_idx_id on title t  (cost=0.01..0.54 rows=1 width=94) (actual time=13.301..13.301 rows=1 loops=15000)
         Index Cond: (id = del.a)
         Buffers: shared hit=41664 read=18379
 Planning Time: 334.018 ms
 Execution Time: 200388.501 ms
(9 rows)

                                                            QUERY PLAN                                                             
-----------------------------------------------------------------------------------------------------------------------------------
 Nested Loop  (cost=0.01..134928.40 rows=254836 width=98) (actual time=476.781..199482.863 rows=15000 loops=1)
   Buffers: shared hit=41534 read=20838 dirtied=133
   ->  Seq Scan on del_nest_index del  (cost=0.00..90.89 rows=254836 width=4) (actual time=381.266..404.569 rows=15000 loops=1)
         Buffers: shared read=2336 dirtied=133
   ->  Index Scan using title_idx_id on title t  (cost=0.01..0.53 rows=1 width=94) (actual time=13.262..13.262 rows=1 loops=15000)
         Index Cond: (id = del.a)
         Buffers: shared hit=41534 read=18502
 Planning Time: 383.997 ms
 Execution Time: 199500.103 ms
(9 rows)

                                                            QUERY PLAN                                                             
-----------------------------------------------------------------------------------------------------------------------------------
 Nested Loop  (cost=0.01..135036.04 rows=262582 width=98) (actual time=518.169..206099.822 rows=16000 loops=1)
   Buffers: shared hit=44782 read=21669 dirtied=138
   ->  Seq Scan on del_nest_index del  (cost=0.00..93.66 rows=262582 width=4) (actual time=393.698..418.587 rows=16000 loops=1)
         Buffers: shared read=2407 dirtied=138
   ->  Index Scan using title_idx_id on title t  (cost=0.01..0.51 rows=1 width=94) (actual time=12.846..12.846 rows=1 loops=16000)
         Index Cond: (id = del.a)
         Buffers: shared hit=44782 read=19262
 Planning Time: 333.969 ms
 Execution Time: 206118.862 ms
(9 rows)

                                                            QUERY PLAN                                                             
-----------------------------------------------------------------------------------------------------------------------------------
 Nested Loop  (cost=0.01..135143.67 rows=270327 width=98) (actual time=504.031..203194.125 rows=16000 loops=1)
   Buffers: shared hit=44842 read=21688 dirtied=143
   ->  Seq Scan on del_nest_index del  (cost=0.00..96.42 rows=270327 width=4) (actual time=401.724..426.429 rows=16000 loops=1)
         Buffers: shared read=2478 dirtied=143
   ->  Index Scan using title_idx_id on title t  (cost=0.01..0.50 rows=1 width=94) (actual time=12.663..12.663 rows=1 loops=16000)
         Index Cond: (id = del.a)
         Buffers: shared hit=44842 read=19210
 Planning Time: 367.266 ms
 Execution Time: 203214.236 ms
(9 rows)

                                                            QUERY PLAN                                                             
-----------------------------------------------------------------------------------------------------------------------------------
 Nested Loop  (cost=0.01..135251.31 rows=278073 width=98) (actual time=478.164..205772.470 rows=16000 loops=1)
   Buffers: shared hit=44802 read=21787 dirtied=143
   ->  Seq Scan on del_nest_index del  (cost=0.00..99.18 rows=278073 width=4) (actual time=414.655..439.426 rows=16000 loops=1)
         Buffers: shared read=2549 dirtied=143
   ->  Index Scan using title_idx_id on title t  (cost=0.01..0.49 rows=1 width=94) (actual time=12.824..12.824 rows=1 loops=16000)
         Index Cond: (id = del.a)
         Buffers: shared hit=44802 read=19238
 Planning Time: 350.558 ms
 Execution Time: 205790.760 ms
(9 rows)

                                                            QUERY PLAN                                                             
-----------------------------------------------------------------------------------------------------------------------------------
 Nested Loop  (cost=0.01..135365.01 rows=286255 width=98) (actual time=496.444..209762.756 rows=17000 loops=1)
   Buffers: shared hit=48143 read=22529 dirtied=147
   ->  Seq Scan on del_nest_index del  (cost=0.00..102.10 rows=286255 width=4) (actual time=433.112..457.986 rows=17000 loops=1)
         Buffers: shared read=2624 dirtied=147
   ->  Index Scan using title_idx_id on title t  (cost=0.01..0.47 rows=1 width=94) (actual time=12.303..12.303 rows=1 loops=17000)
         Index Cond: (id = del.a)
         Buffers: shared hit=48143 read=19905
 Planning Time: 450.652 ms
 Execution Time: 209781.359 ms
(9 rows)

                                                            QUERY PLAN                                                             
-----------------------------------------------------------------------------------------------------------------------------------
 Nested Loop  (cost=0.01..135478.70 rows=294436 width=98) (actual time=503.391..211995.198 rows=17000 loops=1)
   Buffers: shared hit=48090 read=22652 dirtied=151
   ->  Seq Scan on del_nest_index del  (cost=0.00..105.02 rows=294436 width=4) (actual time=430.520..457.633 rows=17000 loops=1)
         Buffers: shared read=2699 dirtied=151
   ->  Index Scan using title_idx_id on title t  (cost=0.01..0.46 rows=1 width=94) (actual time=12.434..12.434 rows=1 loops=17000)
         Index Cond: (id = del.a)
         Buffers: shared hit=48090 read=19953
 Planning Time: 317.293 ms
 Execution Time: 212013.412 ms
(9 rows)

                                                            QUERY PLAN                                                             
-----------------------------------------------------------------------------------------------------------------------------------
 Nested Loop  (cost=0.01..135592.41 rows=302618 width=98) (actual time=526.319..210698.687 rows=17000 loops=1)
   Buffers: shared hit=48096 read=22709 dirtied=151
   ->  Seq Scan on del_nest_index del  (cost=0.00..107.94 rows=302618 width=4) (actual time=451.115..476.871 rows=17000 loops=1)
         Buffers: shared read=2774 dirtied=151
   ->  Index Scan using title_idx_id on title t  (cost=0.01..0.45 rows=1 width=94) (actual time=12.357..12.357 rows=1 loops=17000)
         Index Cond: (id = del.a)
         Buffers: shared hit=48096 read=19935
 Planning Time: 533.950 ms
 Execution Time: 210717.933 ms
(9 rows)

                                                            QUERY PLAN                                                             
-----------------------------------------------------------------------------------------------------------------------------------
 Nested Loop  (cost=0.01..135713.68 rows=311345 width=98) (actual time=844.702..213624.946 rows=18000 loops=1)
   Buffers: shared hit=51378 read=23539 dirtied=156
   ->  Seq Scan on del_nest_index del  (cost=0.00..111.05 rows=311345 width=4) (actual time=772.524..798.899 rows=18000 loops=1)
         Buffers: shared read=2854 dirtied=156
   ->  Index Scan using title_idx_id on title t  (cost=0.01..0.44 rows=1 width=94) (actual time=11.815..11.815 rows=1 loops=18000)
         Index Cond: (id = del.a)
         Buffers: shared hit=51378 read=20685
 Planning Time: 325.617 ms
 Execution Time: 213645.721 ms
(9 rows)

                                                            QUERY PLAN                                                             
-----------------------------------------------------------------------------------------------------------------------------------
 Nested Loop  (cost=0.01..135834.97 rows=320073 width=98) (actual time=522.321..213376.091 rows=18000 loops=1)
   Buffers: shared hit=51398 read=23593 dirtied=161
   ->  Seq Scan on del_nest_index del  (cost=0.00..114.16 rows=320073 width=4) (actual time=466.848..493.919 rows=18000 loops=1)
         Buffers: shared read=2934 dirtied=161
   ->  Index Scan using title_idx_id on title t  (cost=0.01..0.42 rows=1 width=94) (actual time=11.817..11.817 rows=1 loops=18000)
         Index Cond: (id = del.a)
         Buffers: shared hit=51398 read=20659
 Planning Time: 500.615 ms
 Execution Time: 213395.084 ms
(9 rows)

                                                            QUERY PLAN                                                             
-----------------------------------------------------------------------------------------------------------------------------------
 Nested Loop  (cost=0.01..135954.73 rows=328691 width=98) (actual time=528.654..208362.379 rows=18000 loops=1)
   Buffers: shared hit=51455 read=23604 dirtied=160
   ->  Seq Scan on del_nest_index del  (cost=0.00..117.24 rows=328691 width=4) (actual time=460.891..487.702 rows=18000 loops=1)
         Buffers: shared read=3013 dirtied=160
   ->  Index Scan using title_idx_id on title t  (cost=0.01..0.41 rows=1 width=94) (actual time=11.539..11.539 rows=1 loops=18000)
         Index Cond: (id = del.a)
         Buffers: shared hit=51455 read=20591
 Planning Time: 292.305 ms
 Execution Time: 208381.891 ms
(9 rows)

                                                            QUERY PLAN                                                             
-----------------------------------------------------------------------------------------------------------------------------------
 Nested Loop  (cost=0.01..136082.08 rows=337855 width=98) (actual time=640.716..216277.362 rows=19000 loops=1)
   Buffers: shared hit=54718 read=24422 dirtied=164
   ->  Seq Scan on del_nest_index del  (cost=0.00..120.50 rows=337855 width=4) (actual time=572.973..601.387 rows=19000 loops=1)
         Buffers: shared read=3097 dirtied=164
   ->  Index Scan using title_idx_id on title t  (cost=0.01..0.40 rows=1 width=94) (actual time=11.342..11.342 rows=1 loops=19000)
         Index Cond: (id = del.a)
         Buffers: shared hit=54718 read=21325
 Planning Time: 383.950 ms
 Execution Time: 216319.933 ms
(9 rows)

                                                            QUERY PLAN                                                             
-----------------------------------------------------------------------------------------------------------------------------------
 Nested Loop  (cost=0.01..136209.42 rows=347018 width=98) (actual time=742.047..216355.806 rows=19000 loops=1)
   Buffers: shared hit=54729 read=24499 dirtied=169
   ->  Seq Scan on del_nest_index del  (cost=0.00..123.77 rows=347018 width=4) (actual time=583.551..611.985 rows=19000 loops=1)
         Buffers: shared read=3181 dirtied=169
   ->  Index Scan using title_idx_id on title t  (cost=0.01..0.39 rows=1 width=94) (actual time=11.346..11.346 rows=1 loops=19000)
         Index Cond: (id = del.a)
         Buffers: shared hit=54729 read=21318
 Planning Time: 467.295 ms
 Execution Time: 216377.188 ms
(9 rows)

                                                            QUERY PLAN                                                             
-----------------------------------------------------------------------------------------------------------------------------------
 Nested Loop  (cost=0.01..136336.77 rows=356182 width=98) (actual time=568.748..216262.346 rows=19000 loops=1)
   Buffers: shared hit=54707 read=24613 dirtied=169
   ->  Seq Scan on del_nest_index del  (cost=0.00..127.04 rows=356182 width=4) (actual time=503.188..530.756 rows=19000 loops=1)
         Buffers: shared read=3265 dirtied=169
   ->  Index Scan using title_idx_id on title t  (cost=0.01..0.38 rows=1 width=94) (actual time=11.345..11.345 rows=1 loops=19000)
         Index Cond: (id = del.a)
         Buffers: shared hit=54707 read=21348
 Planning Time: 342.317 ms
 Execution Time: 216282.214 ms
(9 rows)

                                                            QUERY PLAN                                                             
-----------------------------------------------------------------------------------------------------------------------------------
 Nested Loop  (cost=0.01..139386.96 rows=575673 width=98) (actual time=1102.630..224917.728 rows=21000 loops=1)
   Buffers: shared hit=61424 read=27903 dirtied=82
   ->  Seq Scan on del_nest_index del  (cost=0.00..205.33 rows=575673 width=4) (actual time=1068.222..1099.203 rows=21000 loops=1)
         Buffers: shared read=5277 dirtied=82
   ->  Index Scan using title_idx_id on title t  (cost=0.01..0.24 rows=1 width=94) (actual time=10.649..10.649 rows=1 loops=21000)
         Index Cond: (id = del.a)
         Buffers: shared hit=61424 read=22626
 Planning Time: 392.124 ms
 Execution Time: 224943.712 ms
(9 rows)

                                                            QUERY PLAN                                                             
-----------------------------------------------------------------------------------------------------------------------------------
 Nested Loop  (cost=0.01..139521.88 rows=585382 width=98) (actual time=788.523..221606.427 rows=20000 loops=1)
   Buffers: shared hit=58094 read=27327 dirtied=183
   ->  Seq Scan on del_nest_index del  (cost=0.00..208.79 rows=585382 width=4) (actual time=745.488..774.488 rows=20000 loops=1)
         Buffers: shared read=5366 dirtied=183
   ->  Index Scan using title_idx_id on title t  (cost=0.01..0.24 rows=1 width=94) (actual time=11.033..11.033 rows=1 loops=20000)
         Index Cond: (id = del.a)
         Buffers: shared hit=58094 read=21961
 Planning Time: 389.791 ms
 Execution Time: 221630.607 ms
(9 rows)

                                                            QUERY PLAN                                                             
-----------------------------------------------------------------------------------------------------------------------------------
 Nested Loop  (cost=0.01..139690.16 rows=597491 width=98) (actual time=1083.299..235794.317 rows=25000 loops=1)
   Buffers: shared hit=75169 read=30374 dirtied=201
   ->  Seq Scan on del_nest_index del  (cost=0.00..213.11 rows=597491 width=4) (actual time=1045.805..1080.063 rows=25000 loops=1)
         Buffers: shared read=5477 dirtied=201
   ->  Index Scan using title_idx_id on title t  (cost=0.01..0.23 rows=1 width=94) (actual time=9.380..9.380 rows=1 loops=25000)
         Index Cond: (id = del.a)
         Buffers: shared hit=75169 read=24897
 Planning Time: 373.101 ms
 Execution Time: 235820.727 ms
(9 rows)

                                                           QUERY PLAN                                                            
---------------------------------------------------------------------------------------------------------------------------------
 Nested Loop  (cost=0.01..139856.92 rows=609491 width=98) (actual time=802.820..233044.616 rows=25000 loops=1)
   Buffers: shared hit=75218 read=30439 dirtied=222
   ->  Seq Scan on del_nest_index del  (cost=0.00..217.39 rows=609491 width=4) (actual time=752.905..788.114 rows=25000 loops=1)
         Buffers: shared read=5587 dirtied=222
   ->  Index Scan using title_idx_id on title t  (cost=0.01..0.23 rows=1 width=94) (actual time=9.282..9.282 rows=1 loops=25000)
         Index Cond: (id = del.a)
         Buffers: shared hit=75218 read=24852
 Planning Time: 481.601 ms
 Execution Time: 233080.227 ms
(9 rows)

                                                           QUERY PLAN                                                            
---------------------------------------------------------------------------------------------------------------------------------
 Nested Loop  (cost=0.01..140058.54 rows=624000 width=98) (actual time=875.830..241840.891 rows=30000 loops=1)
   Buffers: shared hit=92792 read=32987 dirtied=244
   ->  Seq Scan on del_nest_index del  (cost=0.00..222.56 rows=624000 width=4) (actual time=837.370..876.195 rows=30000 loops=1)
         Buffers: shared read=5720 dirtied=244
   ->  Index Scan using title_idx_id on title t  (cost=0.01..0.22 rows=1 width=94) (actual time=8.024..8.024 rows=1 loops=30000)
         Index Cond: (id = del.a)
         Buffers: shared hit=92792 read=27267
 Planning Time: 406.350 ms
 Execution Time: 241878.240 ms
(9 rows)

                                                            QUERY PLAN                                                            
----------------------------------------------------------------------------------------------------------------------------------
 Nested Loop  (cost=0.01..140260.17 rows=638509 width=98) (actual time=1027.295..243919.253 rows=30000 loops=1)
   Buffers: shared hit=92862 read=33072 dirtied=267
   ->  Seq Scan on del_nest_index del  (cost=0.00..227.74 rows=638509 width=4) (actual time=985.643..1024.370 rows=30000 loops=1)
         Buffers: shared read=5853 dirtied=267
   ->  Index Scan using title_idx_id on title t  (cost=0.01..0.22 rows=1 width=94) (actual time=8.088..8.088 rows=1 loops=30000)
         Index Cond: (id = del.a)
         Buffers: shared hit=92862 read=27219
 Planning Time: 314.929 ms
 Execution Time: 244004.202 ms
(9 rows)

                                                           QUERY PLAN                                                            
---------------------------------------------------------------------------------------------------------------------------------
 Nested Loop  (cost=0.01..140493.63 rows=655309 width=98) (actual time=934.803..250004.210 rows=35000 loops=1)
   Buffers: shared hit=110722 read=35383 dirtied=288
   ->  Seq Scan on del_nest_index del  (cost=0.00..233.73 rows=655309 width=4) (actual time=887.412..931.927 rows=35000 loops=1)
         Buffers: shared read=6007 dirtied=288
   ->  Index Scan using title_idx_id on title t  (cost=0.01..0.21 rows=1 width=94) (actual time=7.109..7.109 rows=1 loops=35000)
         Index Cond: (id = del.a)
         Buffers: shared hit=110722 read=29376
 Planning Time: 317.392 ms
 Execution Time: 250049.356 ms
(9 rows)

                                                           QUERY PLAN                                                            
---------------------------------------------------------------------------------------------------------------------------------
 Nested Loop  (cost=0.01..140728.61 rows=672218 width=98) (actual time=830.648..250398.032 rows=35000 loops=1)
   Buffers: shared hit=110714 read=35523 dirtied=310
   ->  Seq Scan on del_nest_index del  (cost=0.00..239.76 rows=672218 width=4) (actual time=793.567..843.088 rows=35000 loops=1)
         Buffers: shared read=6162 dirtied=310
   ->  Index Scan using title_idx_id on title t  (cost=0.01..0.21 rows=1 width=94) (actual time=7.123..7.123 rows=1 loops=35000)
         Index Cond: (id = del.a)
         Buffers: shared hit=110714 read=29361
 Planning Time: 322.982 ms
 Execution Time: 250439.525 ms
(9 rows)

                                                           QUERY PLAN                                                            
---------------------------------------------------------------------------------------------------------------------------------
 Nested Loop  (cost=0.01..140996.94 rows=691527 width=98) (actual time=850.554..253503.627 rows=40000 loops=1)
   Buffers: shared hit=128952 read=37493 dirtied=333
   ->  Seq Scan on del_nest_index del  (cost=0.00..246.65 rows=691527 width=4) (actual time=806.723..853.705 rows=40000 loops=1)
         Buffers: shared read=6339 dirtied=333
   ->  Index Scan using title_idx_id on title t  (cost=0.01..0.20 rows=1 width=94) (actual time=6.309..6.309 rows=1 loops=40000)
         Index Cond: (id = del.a)
         Buffers: shared hit=128952 read=31154
 Planning Time: 259.050 ms
 Execution Time: 253552.091 ms
(9 rows)

                                                            QUERY PLAN                                                             
-----------------------------------------------------------------------------------------------------------------------------------
 Nested Loop  (cost=0.01..141265.27 rows=710836 width=98) (actual time=1192.089..256541.084 rows=40000 loops=1)
   Buffers: shared hit=129064 read=37577 dirtied=355
   ->  Seq Scan on del_nest_index del  (cost=0.00..253.54 rows=710836 width=4) (actual time=1148.367..1196.871 rows=40000 loops=1)
         Buffers: shared read=6516 dirtied=355
   ->  Index Scan using title_idx_id on title t  (cost=0.01..0.20 rows=1 width=94) (actual time=6.376..6.376 rows=1 loops=40000)
         Index Cond: (id = del.a)
         Buffers: shared hit=129064 read=31061
 Planning Time: 281.345 ms
 Execution Time: 256585.219 ms
(9 rows)

                                                           QUERY PLAN                                                            
---------------------------------------------------------------------------------------------------------------------------------
 Nested Loop  (cost=0.01..141566.96 rows=732545 width=98) (actual time=849.267..259463.888 rows=45000 loops=1)
   Buffers: shared hit=147440 read=39389 dirtied=377
   ->  Seq Scan on del_nest_index del  (cost=0.00..261.28 rows=732545 width=4) (actual time=803.459..854.813 rows=45000 loops=1)
         Buffers: shared read=6715 dirtied=377
   ->  Index Scan using title_idx_id on title t  (cost=0.01..0.19 rows=1 width=94) (actual time=5.740..5.740 rows=1 loops=45000)
         Index Cond: (id = del.a)
         Buffers: shared hit=147440 read=32674
 Planning Time: 356.416 ms
 Execution Time: 259507.269 ms
(9 rows)

                                                           QUERY PLAN                                                            
---------------------------------------------------------------------------------------------------------------------------------
 Nested Loop  (cost=0.01..141870.17 rows=754364 width=98) (actual time=870.849..261343.382 rows=45000 loops=1)
   Buffers: shared hit=147377 read=39658 dirtied=400
   ->  Seq Scan on del_nest_index del  (cost=0.00..269.06 rows=754364 width=4) (actual time=821.283..871.004 rows=45000 loops=1)
         Buffers: shared read=6915 dirtied=400
   ->  Index Scan using title_idx_id on title t  (cost=0.01..0.19 rows=1 width=94) (actual time=5.781..5.781 rows=1 loops=45000)
         Index Cond: (id = del.a)
         Buffers: shared hit=147377 read=32743
 Planning Time: 356.361 ms
 Execution Time: 261386.100 ms
(9 rows)

                                                           QUERY PLAN                                                            
---------------------------------------------------------------------------------------------------------------------------------
 Nested Loop  (cost=0.01..142205.20 rows=778473 width=98) (actual time=879.895..262909.692 rows=50000 loops=1)
   Buffers: shared hit=166149 read=41139 dirtied=422
   ->  Seq Scan on del_nest_index del  (cost=0.00..277.66 rows=778473 width=4) (actual time=839.800..893.004 rows=50000 loops=1)
         Buffers: shared read=7136 dirtied=422
   ->  Index Scan using title_idx_id on title t  (cost=0.01..0.18 rows=1 width=94) (actual time=5.234..5.234 rows=1 loops=50000)
         Index Cond: (id = del.a)
         Buffers: shared hit=166149 read=34003
 Planning Time: 331.353 ms
 Execution Time: 262954.959 ms
(9 rows)

                                                           QUERY PLAN                                                            
---------------------------------------------------------------------------------------------------------------------------------
 Nested Loop  (cost=0.01..142540.24 rows=802582 width=98) (actual time=903.680..264283.409 rows=50000 loops=1)
   Buffers: shared hit=166151 read=41352 dirtied=443
   ->  Seq Scan on del_nest_index del  (cost=0.00..286.26 rows=802582 width=4) (actual time=851.822..905.219 rows=50000 loops=1)
         Buffers: shared read=7357 dirtied=443
   ->  Index Scan using title_idx_id on title t  (cost=0.01..0.18 rows=1 width=94) (actual time=5.261..5.261 rows=1 loops=50000)
         Index Cond: (id = del.a)
         Buffers: shared hit=166151 read=33995
 Planning Time: 323.018 ms
 Execution Time: 264329.285 ms
(9 rows)

                                                             QUERY PLAN                                                             
------------------------------------------------------------------------------------------------------------------------------------
 Nested Loop  (cost=0.01..164825.37 rows=2406218 width=98) (actual time=2105.345..266652.433 rows=55000 loops=1)
   Buffers: shared hit=184869 read=57361 dirtied=245
   ->  Seq Scan on del_nest_index del  (cost=0.00..858.23 rows=2406218 width=4) (actual time=2037.955..2093.828 rows=55000 loops=1)
         Buffers: shared read=22057 dirtied=245
   ->  Index Scan using title_idx_id on title t  (cost=0.01..0.07 rows=1 width=94) (actual time=4.804..4.804 rows=1 loops=55000)
         Index Cond: (id = del.a)
         Buffers: shared hit=184869 read=35304
 Planning Time: 426.072 ms
 Execution Time: 266688.055 ms
(9 rows)

                                                             QUERY PLAN                                                             
------------------------------------------------------------------------------------------------------------------------------------
 Nested Loop  (cost=0.01..165193.75 rows=2432727 width=98) (actual time=2124.736..267541.924 rows=55000 loops=1)
   Buffers: shared hit=184914 read=57548 dirtied=488
   ->  Seq Scan on del_nest_index del  (cost=0.00..867.69 rows=2432727 width=4) (actual time=2053.973..2110.563 rows=55000 loops=1)
         Buffers: shared read=22300 dirtied=488
   ->  Index Scan using title_idx_id on title t  (cost=0.01..0.07 rows=1 width=94) (actual time=4.820..4.820 rows=1 loops=55000)
         Index Cond: (id = del.a)
         Buffers: shared hit=184914 read=35248
 Planning Time: 442.720 ms
 Execution Time: 267578.175 ms
(9 rows)

                                                             QUERY PLAN                                                             
------------------------------------------------------------------------------------------------------------------------------------
 Nested Loop  (cost=0.01..165597.01 rows=2461745 width=98) (actual time=2193.320..271902.267 rows=60000 loops=1)
   Buffers: shared hit=203876 read=58840 dirtied=510
   ->  Seq Scan on del_nest_index del  (cost=0.00..878.04 rows=2461745 width=4) (actual time=2083.054..2140.564 rows=60000 loops=1)
         Buffers: shared read=22566 dirtied=510
   ->  Index Scan using title_idx_id on title t  (cost=0.01..0.07 rows=1 width=94) (actual time=4.490..4.490 rows=1 loops=60000)
         Index Cond: (id = del.a)
         Buffers: shared hit=203876 read=36274
 Planning Time: 359.447 ms
 Execution Time: 271937.445 ms
(9 rows)

                                                             QUERY PLAN                                                             
------------------------------------------------------------------------------------------------------------------------------------
 Nested Loop  (cost=0.01..165998.76 rows=2490655 width=98) (actual time=2198.998..269384.911 rows=60000 loops=1)
   Buffers: shared hit=203987 read=59003 dirtied=532
   ->  Seq Scan on del_nest_index del  (cost=0.00..888.35 rows=2490655 width=4) (actual time=2086.990..2147.282 rows=60000 loops=1)
         Buffers: shared read=22831 dirtied=532
   ->  Index Scan using title_idx_id on title t  (cost=0.01..0.07 rows=1 width=94) (actual time=4.448..4.448 rows=1 loops=60000)
         Index Cond: (id = del.a)
         Buffers: shared hit=203987 read=36172
 Planning Time: 351.069 ms
 Execution Time: 269423.324 ms
(9 rows)

                                                             QUERY PLAN                                                             
------------------------------------------------------------------------------------------------------------------------------------
 Nested Loop  (cost=0.01..166435.37 rows=2522073 width=98) (actual time=2176.304..276585.381 rows=65000 loops=1)
   Buffers: shared hit=223000 read=60303 dirtied=554
   ->  Seq Scan on del_nest_index del  (cost=0.00..899.55 rows=2522073 width=4) (actual time=2113.950..2176.002 rows=65000 loops=1)
         Buffers: shared read=23119 dirtied=554
   ->  Index Scan using title_idx_id on title t  (cost=0.01..0.07 rows=1 width=94) (actual time=4.216..4.216 rows=1 loops=65000)
         Index Cond: (id = del.a)
         Buffers: shared hit=223000 read=37184
 Planning Time: 334.401 ms
 Execution Time: 276621.311 ms
(9 rows)

                                                             QUERY PLAN                                                             
------------------------------------------------------------------------------------------------------------------------------------
 Nested Loop  (cost=0.01..166870.46 rows=2528312 width=98) (actual time=2325.979..269991.258 rows=65000 loops=1)
   Buffers: shared hit=223086 read=60507 dirtied=576
   ->  Seq Scan on del_nest_index del  (cost=0.00..910.72 rows=2553382 width=4) (actual time=2255.383..2316.102 rows=65000 loops=1)
         Buffers: shared read=23406 dirtied=576
   ->  Index Scan using title_idx_id on title t  (cost=0.01..0.06 rows=1 width=94) (actual time=4.113..4.113 rows=1 loops=65000)
         Index Cond: (id = del.a)
         Buffers: shared hit=223086 read=37101
 Planning Time: 359.337 ms
 Execution Time: 270028.844 ms
(9 rows)

