explain (analyse, buffers, format json) select count(id), sum(person_id), avg(person_role_id) from cast_info group by movie_id;

[                                        
   {                                      
     "Plan": {                            
       "Node Type": "Aggregate",          
       "Strategy": "Hashed",              
       "Partial Mode": "Simple",          
       "Parallel Aware": false,           
       "Startup Cost": 21687.00,          
       "Total Cost": 21920.15,            
       "Plan Rows": 1588412,              
       "Plan Width": 52,                  
       "Actual Startup Time": 25690.886,  
       "Actual Total Time": 27490.378,    
       "Actual Rows": 2331601,            
       "Actual Loops": 1,                 
       "Group Key": ["movie_id"],         
       "Shared Hit Blocks": 0,            
       "Shared Read Blocks": 252654,      
       "Shared Dirtied Blocks": 0,        
       "Shared Written Blocks": 0,        
       "Local Hit Blocks": 0,             
       "Local Read Blocks": 0,            
       "Local Dirtied Blocks": 0,         
       "Local Written Blocks": 0,         
       "Temp Read Blocks": 0,             
       "Temp Written Blocks": 0,          
       "Plans": [                         
         {                                
           "Node Type": "Seq Scan",       
           "Parent Relationship": "Outer",
           "Parallel Aware": false,       
           "Relation Name": "cast_info",  
           "Alias": "cast_info",          
           "Startup Cost": 0.00,          
           "Total Cost": 10431.00,        
           "Plan Rows": 36244344,         
           "Plan Width": 16,              
           "Actual Startup Time": 8.818,  
           "Actual Total Time": 3974.700, 
           "Actual Rows": 36244344,       
           "Actual Loops": 1,             
           "Shared Hit Blocks": 0,        
           "Shared Read Blocks": 252654,  
           "Shared Dirtied Blocks": 0,    
           "Shared Written Blocks": 0,    
           "Local Hit Blocks": 0,         
           "Local Read Blocks": 0,        
           "Local Dirtied Blocks": 0,     
           "Local Written Blocks": 0,     
           "Temp Read Blocks": 0,         
           "Temp Written Blocks": 0       
         }                                
       ]                                  
     },                                   
     "Planning Time": 222.530,            
     "Triggers": [                        
     ],                                   
     "Execution Time": 27726.397          
   }                                      
 ]
