[                                            
   {                                          
     "Plan": {                                
       "Node Type": "Aggregate",              
       "Strategy": "Sorted",                  
       "Partial Mode": "Simple",              
       "Parallel Aware": false,               
       "Startup Cost": 151757.13,             
       "Total Cost": 166060.28,               
       "Plan Rows": 1588412,                  
       "Plan Width": 52,                      
       "Actual Startup Time": 22290.578,      
       "Actual Total Time": 36895.746,        
       "Actual Rows": 2331601,                
       "Actual Loops": 1,                     
       "Group Key": ["movie_id"],             
       "Shared Hit Blocks": 3,                
       "Shared Read Blocks": 252654,          
       "Shared Dirtied Blocks": 0,            
       "Shared Written Blocks": 0,            
       "Local Hit Blocks": 0,                 
       "Local Read Blocks": 0,                
       "Local Dirtied Blocks": 0,             
       "Local Written Blocks": 0,             
       "Temp Read Blocks": 0,                 
       "Temp Written Blocks": 0,              
       "Plans": [                             
         {                                    
           "Node Type": "Sort",               
           "Parent Relationship": "Outer",    
           "Parallel Aware": false,           
           "Startup Cost": 151757.13,         
           "Total Cost": 154571.13,           
           "Plan Rows": 36244344,             
           "Plan Width": 16,                  
           "Actual Startup Time": 22266.133,  
           "Actual Total Time": 26603.193,    
           "Actual Rows": 36244344,           
           "Actual Loops": 1,                 
           "Sort Key": ["movie_id"],          
           "Sort Method": "quicksort",        
           "Sort Space Used": 3271818,        
           "Sort Space Type": "Memory",       
           "Shared Hit Blocks": 3,            
           "Shared Read Blocks": 252654,      
           "Shared Dirtied Blocks": 0,        
           "Shared Written Blocks": 0,        
           "Local Hit Blocks": 0,             
           "Local Read Blocks": 0,            
           "Local Dirtied Blocks": 0,         
           "Local Written Blocks": 0,         
           "Temp Read Blocks": 0,             
           "Temp Written Blocks": 0,          
           "Plans": [                         
             {                                
               "Node Type": "Seq Scan",       
               "Parent Relationship": "Outer",
               "Parallel Aware": false,       
               "Relation Name": "cast_info",  
               "Alias": "cast_info",          
               "Startup Cost": 0.00,          
               "Total Cost": 10431.00,        
               "Plan Rows": 36244344,         
               "Plan Width": 16,              
               "Actual Startup Time": 25.064, 
               "Actual Total Time": 7120.238, 
               "Actual Rows": 36244344,       
               "Actual Loops": 1,             
               "Shared Hit Blocks": 0,        
               "Shared Read Blocks": 252654,  
               "Shared Dirtied Blocks": 0,    
               "Shared Written Blocks": 0,    
               "Local Hit Blocks": 0,         
               "Local Read Blocks": 0,        
               "Local Dirtied Blocks": 0,     
               "Local Written Blocks": 0,     
               "Temp Read Blocks": 0,         
               "Temp Written Blocks": 0       
             }                                
           ]                                  
         }                                    
       ]                                      
     },                                       
     "Planning Time": 348.721,                
     "Triggers": [                            
     ],                                       
     "Execution Time": 37221.552              
   }                                          
 ]
