[                                               
   {                                             
     "Plan": {                                   
       "Node Type": "Nested Loop",               
       "Parallel Aware": false,                  
       "Join Type": "Inner",                     
       "Startup Cost": 0.00,                     
       "Total Cost": 207711.48,                  
       "Plan Rows": 217,                         
       "Plan Width": 196,                        
       "Actual Startup Time": 2677.475,          
       "Actual Total Time": 125459.934,          
       "Actual Rows": 7642,                      
       "Actual Loops": 1,                        
       "Inner Unique": true,                     
       "Join Filter": "(pi.person_id = n.id)",   
       "Rows Removed by Join Filter": 866375610, 
       "Shared Hit Blocks": 0,                   
       "Shared Read Blocks": 106431,             
       "Shared Dirtied Blocks": 0,               
       "Shared Written Blocks": 0,               
       "Local Hit Blocks": 0,                    
       "Local Read Blocks": 0,                   
       "Local Dirtied Blocks": 0,                
       "Local Written Blocks": 0,                
       "Temp Read Blocks": 0,                    
       "Temp Written Blocks": 0,                 
       "Plans": [                                
         {                                       
           "Node Type": "Seq Scan",              
           "Parent Relationship": "Outer",       
           "Parallel Aware": false,              
           "Relation Name": "person_info",       
           "Alias": "pi",                        
           "Startup Cost": 0.00,                 
           "Total Cost": 2029.02,                
           "Plan Rows": 100000,                  
           "Plan Width": 122,                    
           "Actual Startup Time": 33.667,        
           "Actual Total Time": 2379.042,        
           "Actual Rows": 100000,                
           "Actual Loops": 1,                    
           "Filter": "(id <= 100000)",           
           "Rows Removed by Filter": 2863664,    
           "Shared Hit Blocks": 0,               
           "Shared Read Blocks": 50818,          
           "Shared Dirtied Blocks": 0,           
           "Shared Written Blocks": 0,           
           "Local Hit Blocks": 0,                
           "Local Read Blocks": 0,               
           "Local Dirtied Blocks": 0,            
           "Local Written Blocks": 0,            
           "Temp Read Blocks": 0,                
           "Temp Written Blocks": 0              
         },                                      
         {                                       
           "Node Type": "Materialize",           
           "Parent Relationship": "Inner",       
           "Parallel Aware": false,              
           "Startup Cost": 0.00,                 
           "Total Cost": 2357.53,                
           "Plan Rows": 9060,                    
           "Plan Width": 74,                     
           "Actual Startup Time": 0.000,         
           "Actual Total Time": 0.415,           
           "Actual Rows": 8664,                  
           "Actual Loops": 100000,               
           "Shared Hit Blocks": 0,               
           "Shared Read Blocks": 55613,          
           "Shared Dirtied Blocks": 0,           
           "Shared Written Blocks": 0,           
           "Local Hit Blocks": 0,                
           "Local Read Blocks": 0,               
           "Local Dirtied Blocks": 0,            
           "Local Written Blocks": 0,            
           "Temp Read Blocks": 0,                
           "Temp Written Blocks": 0,             
           "Plans": [                            
             {                                   
               "Node Type": "Seq Scan",          
               "Parent Relationship": "Outer",   
               "Parallel Aware": false,          
               "Relation Name": "name",          
               "Alias": "n",                     
               "Startup Cost": 0.00,             
               "Total Cost": 2356.12,            
               "Plan Rows": 9060,                
               "Plan Width": 74,                 
               "Actual Startup Time": 42.251,    
               "Actual Total Time": 2632.972,    
               "Actual Rows": 9000,              
               "Actual Loops": 1,                
               "Filter": "(id <= 9000)",         
               "Rows Removed by Filter": 4158491,
               "Shared Hit Blocks": 0,           
               "Shared Read Blocks": 55613,      
               "Shared Dirtied Blocks": 0,       
               "Shared Written Blocks": 0,       
               "Local Hit Blocks": 0,            
               "Local Read Blocks": 0,           
               "Local Dirtied Blocks": 0,        
               "Local Written Blocks": 0,        
               "Temp Read Blocks": 0,            
               "Temp Written Blocks": 0          
             }                                   
           ]                                     
         }                                       
       ]                                         
     },                                          
     "Planning Time": 458.103,                   
     "Triggers": [                               
     ],                                          
     "Execution Time": 125477.230                
   }                                             
 ]
