[                                             
   {                                           
     "Plan": {                                 
       "Node Type": "Nested Loop",             
       "Parallel Aware": false,                
       "Join Type": "Inner",                   
       "Startup Cost": 0.01,                   
       "Total Cost": 545.74,                   
       "Plan Rows": 167,                       
       "Plan Width": 89,                       
       "Actual Startup Time": 36.151,          
       "Actual Total Time": 144.271,           
       "Actual Rows": 39,                      
       "Actual Loops": 1,                      
       "Inner Unique": false,                  
       "Shared Hit Blocks": 78,                
       "Shared Read Blocks": 15,               
       "Shared Dirtied Blocks": 0,             
       "Shared Written Blocks": 0,             
       "Local Hit Blocks": 0,                  
       "Local Read Blocks": 0,                 
       "Local Dirtied Blocks": 0,              
       "Local Written Blocks": 0,              
       "Temp Read Blocks": 0,                  
       "Temp Written Blocks": 0,               
       "Plans": [                              
         {                                     
           "Node Type": "Seq Scan",            
           "Parent Relationship": "Outer",     
           "Parallel Aware": false,            
           "Relation Name": "link_type",       
           "Alias": "lt",                      
           "Startup Cost": 0.00,               
           "Total Cost": 0.03,                 
           "Plan Rows": 18,                    
           "Plan Width": 16,                   
           "Actual Startup Time": 0.010,       
           "Actual Total Time": 0.027,         
           "Actual Rows": 18,                  
           "Actual Loops": 1,                  
           "Filter": "(id <= 100)",            
           "Rows Removed by Filter": 0,        
           "Shared Hit Blocks": 1,             
           "Shared Read Blocks": 0,            
           "Shared Dirtied Blocks": 0,         
           "Shared Written Blocks": 0,         
           "Local Hit Blocks": 0,              
           "Local Read Blocks": 0,             
           "Local Dirtied Blocks": 0,          
           "Local Written Blocks": 0,          
           "Temp Read Blocks": 0,              
           "Temp Written Blocks": 0            
         },                                    
         {                                     
           "Node Type": "Index Scan",          
           "Parent Relationship": "Inner",     
           "Parallel Aware": false,            
           "Scan Direction": "Forward",        
           "Index Name": "movie_id_movie_info",
           "Relation Name": "movie_info",      
           "Alias": "mi",                      
           "Startup Cost": 0.01,               
           "Total Cost": 30.32,                
           "Plan Rows": 9,                     
           "Plan Width": 73,                   
           "Actual Startup Time": 3.478,       
           "Actual Total Time": 8.007,         
           "Actual Rows": 2,                   
           "Actual Loops": 18,                 
           "Index Cond": "(movie_id = lt.id)", 
           "Rows Removed by Index Recheck": 0, 
           "Shared Hit Blocks": 77,            
           "Shared Read Blocks": 15,           
           "Shared Dirtied Blocks": 0,         
           "Shared Written Blocks": 0,         
           "Local Hit Blocks": 0,              
           "Local Read Blocks": 0,             
           "Local Dirtied Blocks": 0,          
           "Local Written Blocks": 0,          
           "Temp Read Blocks": 0,              
           "Temp Written Blocks": 0            
         }                                     
       ]                                       
     },                                        
     "Planning Time": 217.859,                 
     "Triggers": [                             
     ],                                        
     "Execution Time": 144.328                 
   }                                           
 ]
