[                                                  
   {                                                
     "Plan": {                                      
       "Node Type": "Nested Loop",                  
       "Parallel Aware": false,                     
       "Join Type": "Inner",                        
       "Startup Cost": 0.03,                        
       "Total Cost": 3183.41,                       
       "Plan Rows": 1262,                           
       "Plan Width": 115,                           
       "Actual Startup Time": 89.756,               
       "Actual Total Time": 6219.255,               
       "Actual Rows": 1233,                         
       "Actual Loops": 1,                           
       "Inner Unique": false,                       
       "Shared Hit Blocks": 219,                    
       "Shared Read Blocks": 669,                   
       "Shared Dirtied Blocks": 0,                  
       "Shared Written Blocks": 0,                  
       "Local Hit Blocks": 0,                       
       "Local Read Blocks": 0,                      
       "Local Dirtied Blocks": 0,                   
       "Local Written Blocks": 0,                   
       "Temp Read Blocks": 0,                       
       "Temp Written Blocks": 0,                    
       "Plans": [                                   
         {                                          
           "Node Type": "Index Scan",               
           "Parent Relationship": "Outer",          
           "Parallel Aware": false,                 
           "Scan Direction": "Forward",             
           "Index Name": "cast_info_pkey",          
           "Relation Name": "cast_info",            
           "Alias": "ci",                           
           "Startup Cost": 0.01,                    
           "Total Cost": 6.15,                      
           "Plan Rows": 105,                        
           "Plan Width": 42,                        
           "Actual Startup Time": 23.176,           
           "Actual Total Time": 23.337,             
           "Actual Rows": 100,                      
           "Actual Loops": 1,                       
           "Index Cond": "(id <= 100)",             
           "Rows Removed by Index Recheck": 0,      
           "Shared Hit Blocks": 1,                  
           "Shared Read Blocks": 3,                 
           "Shared Dirtied Blocks": 0,              
           "Shared Written Blocks": 0,              
           "Local Hit Blocks": 0,                   
           "Local Read Blocks": 0,                  
           "Local Dirtied Blocks": 0,               
           "Local Written Blocks": 0,               
           "Temp Read Blocks": 0,                   
           "Temp Written Blocks": 0                 
         },                                         
         {                                          
           "Node Type": "Index Scan",               
           "Parent Relationship": "Inner",          
           "Parallel Aware": false,                 
           "Scan Direction": "Forward",             
           "Index Name": "movie_id_movie_info",     
           "Relation Name": "movie_info",           
           "Alias": "mi",                           
           "Startup Cost": 0.01,                    
           "Total Cost": 30.26,                     
           "Plan Rows": 9,                          
           "Plan Width": 73,                        
           "Actual Startup Time": 28.105,           
           "Actual Total Time": 61.925,             
           "Actual Rows": 12,                       
           "Actual Loops": 100,                     
           "Index Cond": "(movie_id = ci.movie_id)",
           "Rows Removed by Index Recheck": 0,      
           "Shared Hit Blocks": 218,                
           "Shared Read Blocks": 666,               
           "Shared Dirtied Blocks": 0,              
           "Shared Written Blocks": 0,              
           "Local Hit Blocks": 0,                   
           "Local Read Blocks": 0,                  
           "Local Dirtied Blocks": 0,               
           "Local Written Blocks": 0,               
           "Temp Read Blocks": 0,                   
           "Temp Written Blocks": 0                 
         }                                          
       ]                                            
     },                                             
     "Planning Time": 1198.508,                     
     "Triggers": [                                  
     ],                                             
     "Execution Time": 6220.576                     
   }                                                
 ]
