 [                                                 
   {                                               
     "Plan": {                                     
       "Node Type": "Merge Join",                  
       "Parallel Aware": false,                    
       "Join Type": "Inner",                       
       "Startup Cost": 19562.17,                   
       "Total Cost": 19562.85,                     
       "Plan Rows": 1,                             
       "Plan Width": 115,                          
       "Actual Startup Time": 12238.976,           
       "Actual Total Time": 12238.976,             
       "Actual Rows": 0,                           
       "Actual Loops": 1,                          
       "Inner Unique": true,                       
       "Merge Cond": "(ci.id = mi.id)",            
       "Shared Hit Blocks": 1509,                  
       "Shared Read Blocks": 252733,               
       "Shared Dirtied Blocks": 0,                 
       "Shared Written Blocks": 0,                 
       "Local Hit Blocks": 0,                      
       "Local Read Blocks": 0,                     
       "Local Dirtied Blocks": 0,                  
       "Local Written Blocks": 0,                  
       "Temp Read Blocks": 0,                      
       "Temp Written Blocks": 0,                   
       "Plans": [                                  
         {                                         
           "Node Type": "Sort",                    
           "Parent Relationship": "Outer",         
           "Parallel Aware": false,                
           "Startup Cost": 13255.79,               
           "Total Cost": 13256.22,                 
           "Plan Rows": 5582,                      
           "Plan Width": 42,                       
           "Actual Startup Time": 11975.968,       
           "Actual Total Time": 11976.295,         
           "Actual Rows": 1829,                    
           "Actual Loops": 1,                      
           "Sort Key": ["ci.id"],                  
           "Sort Method": "quicksort",             
           "Sort Space Used": 690,                 
           "Sort Space Type": "Memory",            
           "Shared Hit Blocks": 5,                 
           "Shared Read Blocks": 252653,           
           "Shared Dirtied Blocks": 0,             
           "Shared Written Blocks": 0,             
           "Local Hit Blocks": 0,                  
           "Local Read Blocks": 0,                 
           "Local Dirtied Blocks": 0,              
           "Local Written Blocks": 0,              
           "Temp Read Blocks": 0,                  
           "Temp Written Blocks": 0,               
           "Plans": [                              
             {                                     
               "Node Type": "Seq Scan",            
               "Parent Relationship": "Outer",     
               "Parallel Aware": false,            
               "Relation Name": "cast_info",       
               "Alias": "ci",                      
               "Startup Cost": 0.00,               
               "Total Cost": 13245.00,             
               "Plan Rows": 5582,                  
               "Plan Width": 42,                   
               "Actual Startup Time": 19.137,      
               "Actual Total Time": 11971.731,     
               "Actual Rows": 6562,                
               "Actual Loops": 1,                  
               "Filter": "(movie_id <= 400)",      
               "Rows Removed by Filter": 36237782, 
               "Shared Hit Blocks": 1,             
               "Shared Read Blocks": 252653,       
               "Shared Dirtied Blocks": 0,         
               "Shared Written Blocks": 0,         
               "Local Hit Blocks": 0,              
               "Local Read Blocks": 0,             
               "Local Dirtied Blocks": 0,          
               "Local Written Blocks": 0,          
               "Temp Read Blocks": 0,              
               "Temp Written Blocks": 0            
             }                                     
           ]                                       
         },                                        
         {                                         
           "Node Type": "Sort",                    
           "Parent Relationship": "Inner",         
           "Parallel Aware": false,                
           "Startup Cost": 6306.38,                
           "Total Cost": 6306.54,                  
           "Plan Rows": 2092,                      
           "Plan Width": 73,                       
           "Actual Startup Time": 260.840,         
           "Actual Total Time": 261.232,           
           "Actual Rows": 2108,                    
           "Actual Loops": 1,                      
           "Sort Key": ["mi.id"],                  
           "Sort Method": "quicksort",             
           "Sort Space Used": 426,                 
           "Sort Space Type": "Memory",            
           "Shared Hit Blocks": 1504,              
           "Shared Read Blocks": 80,               
           "Shared Dirtied Blocks": 0,             
           "Shared Written Blocks": 0,             
           "Local Hit Blocks": 0,                  
           "Local Read Blocks": 0,                 
           "Local Dirtied Blocks": 0,              
           "Local Written Blocks": 0,              
           "Temp Read Blocks": 0,                  
           "Temp Written Blocks": 0,               
           "Plans": [                              
             {                                     
               "Node Type": "Index Scan",          
               "Parent Relationship": "Outer",     
               "Parallel Aware": false,            
               "Scan Direction": "Forward",        
               "Index Name": "movie_id_movie_info",
               "Relation Name": "movie_info",      
               "Alias": "mi",                      
               "Startup Cost": 0.01,               
               "Total Cost": 6302.80,              
               "Plan Rows": 2092,                  
               "Plan Width": 73,                   
               "Actual Startup Time": 34.095,      
               "Actual Total Time": 258.483,       
               "Actual Rows": 2108,                
               "Actual Loops": 1,                  
               "Index Cond": "(movie_id <= 500)",  
               "Rows Removed by Index Recheck": 0, 
               "Shared Hit Blocks": 1504,          
               "Shared Read Blocks": 80,           
               "Shared Dirtied Blocks": 0,         
               "Shared Written Blocks": 0,         
               "Local Hit Blocks": 0,              
               "Local Read Blocks": 0,             
               "Local Dirtied Blocks": 0,          
               "Local Written Blocks": 0,          
               "Temp Read Blocks": 0,              
               "Temp Written Blocks": 0            
             }                                     
           ]                                       
         }                                         
       ]                                           
     },                                            
     "Planning Time": 638.203,                     
     "Triggers": [                                 
     ],                                            
     "Execution Time": 12239.888                   
   }                                               
 ]
