 [                                                 
   {                                               
     "Plan": {                                     
       "Node Type": "Merge Join",                  
       "Parallel Aware": false,                    
       "Join Type": "Inner",                       
       "Startup Cost": 60983.48,                   
       "Total Cost": 73024.94,                     
       "Plan Rows": 38361,                         
       "Plan Width": 115,                          
       "Actual Startup Time": 11016.504,           
       "Actual Total Time": 16445.359,             
       "Actual Rows": 17283,                       
       "Actual Loops": 1,                          
       "Inner Unique": false,                      
       "Merge Cond": "(ci.movie_id = mi.movie_id)",
       "Shared Hit Blocks": 2108,                  
       "Shared Read Blocks": 162774,               
       "Shared Dirtied Blocks": 0,                 
       "Shared Written Blocks": 0,                 
       "Local Hit Blocks": 0,                      
       "Local Read Blocks": 0,                     
       "Local Dirtied Blocks": 0,                  
       "Local Written Blocks": 0,                  
       "Temp Read Blocks": 0,                      
       "Temp Written Blocks": 0,                   
       "Plans": [                                  
         {                                         
           "Node Type": "Index Scan",              
           "Parent Relationship": "Outer",         
           "Parallel Aware": false,                
           "Scan Direction": "Forward",            
           "Index Name": "movie_id_cast_info",     
           "Relation Name": "cast_info",           
           "Alias": "ci",                          
           "Startup Cost": 0.02,                   
           "Total Cost": 9735.04,                  
           "Plan Rows": 3192,                      
           "Plan Width": 42,                       
           "Actual Startup Time": 0.014,           
           "Actual Total Time": 5399.548,          
           "Actual Rows": 3049,                    
           "Actual Loops": 1,                      
           "Index Cond": "(movie_id <= 300)",      
           "Rows Removed by Index Recheck": 0,     
           "Shared Hit Blocks": 2102,              
           "Shared Read Blocks": 884,              
           "Shared Dirtied Blocks": 0,             
           "Shared Written Blocks": 0,             
           "Local Hit Blocks": 0,                  
           "Local Read Blocks": 0,                 
           "Local Dirtied Blocks": 0,              
           "Local Written Blocks": 0,              
           "Temp Read Blocks": 0,                  
           "Temp Written Blocks": 0                
         },                                        
         {                                         
           "Node Type": "Sort",                    
           "Parent Relationship": "Inner",         
           "Parallel Aware": false,                
           "Startup Cost": 60983.46,               
           "Total Cost": 62135.30,                 
           "Plan Rows": 14835720,                  
           "Plan Width": 73,                       
           "Actual Startup Time": 11016.479,       
           "Actual Total Time": 11020.726,         
           "Actual Rows": 17300,                   
           "Actual Loops": 1,                      
           "Sort Key": ["mi.movie_id"],            
           "Sort Method": "quicksort",             
           "Sort Space Used": 2188779,             
           "Sort Space Type": "Memory",            
           "Shared Hit Blocks": 6,                 
           "Shared Read Blocks": 161890,           
           "Shared Dirtied Blocks": 0,             
           "Shared Written Blocks": 0,             
           "Local Hit Blocks": 0,                  
           "Local Read Blocks": 0,                 
           "Local Dirtied Blocks": 0,              
           "Local Written Blocks": 0,              
           "Temp Read Blocks": 0,                  
           "Temp Written Blocks": 0,               
           "Plans": [                              
             {                                     
               "Node Type": "Seq Scan",            
               "Parent Relationship": "Outer",     
               "Parallel Aware": false,            
               "Relation Name": "movie_info",      
               "Alias": "mi",                      
               "Startup Cost": 0.00,               
               "Total Cost": 6103.84,              
               "Plan Rows": 14835720,              
               "Plan Width": 73,                   
               "Actual Startup Time": 11.049,      
               "Actual Total Time": 4931.726,      
               "Actual Rows": 14835720,            
               "Actual Loops": 1,                  
               "Shared Hit Blocks": 2,             
               "Shared Read Blocks": 161890,       
               "Shared Dirtied Blocks": 0,         
               "Shared Written Blocks": 0,         
               "Local Hit Blocks": 0,              
               "Local Read Blocks": 0,             
               "Local Dirtied Blocks": 0,          
               "Local Written Blocks": 0,          
               "Temp Read Blocks": 0,              
               "Temp Written Blocks": 0            
             }                                     
           ]                                       
         }                                         
       ]                                           
     },                                            
     "Planning Time": 666.212,                     
     "Triggers": [                                 
     ],                                            
     "Execution Time": 16537.770                   
   }                                               
 ]
