[                                                 
   {                                               
     "Plan": {                                     
       "Node Type": "Merge Join",                  
       "Parallel Aware": false,                    
       "Join Type": "Inner",                       
       "Startup Cost": 3530.80,                    
       "Total Cost": 3546.74,                      
       "Plan Rows": 85,                            
       "Plan Width": 115,                          
       "Actual Startup Time": 154.368,             
       "Actual Total Time": 193.490,               
       "Actual Rows": 43,                          
       "Actual Loops": 1,                          
       "Inner Unique": false,                      
       "Merge Cond": "(ci.movie_id = mi.movie_id)",
       "Shared Hit Blocks": 78,                    
       "Shared Read Blocks": 986,                  
       "Shared Dirtied Blocks": 0,                 
       "Shared Written Blocks": 0,                 
       "Local Hit Blocks": 0,                      
       "Local Read Blocks": 0,                     
       "Local Dirtied Blocks": 0,                  
       "Local Written Blocks": 0,                  
       "Temp Read Blocks": 0,                      
       "Temp Written Blocks": 0,                   
       "Plans": [                                  
         {                                         
           "Node Type": "Sort",                    
           "Parent Relationship": "Outer",         
           "Parallel Aware": false,                
           "Startup Cost": 1160.38,                
           "Total Cost": 1168.27,                  
           "Plan Rows": 101596,                    
           "Plan Width": 42,                       
           "Actual Startup Time": 129.543,         
           "Actual Total Time": 143.016,           
           "Actual Rows": 100000,                  
           "Actual Loops": 1,                      
           "Sort Key": ["ci.movie_id"],            
           "Sort Method": "quicksort",             
           "Sort Space Used": 10734,               
           "Sort Space Type": "Memory",            
           "Shared Hit Blocks": 23,                
           "Shared Read Blocks": 944,              
           "Shared Dirtied Blocks": 0,             
           "Shared Written Blocks": 0,             
           "Local Hit Blocks": 0,                  
           "Local Read Blocks": 0,                 
           "Local Dirtied Blocks": 0,              
           "Local Written Blocks": 0,              
           "Temp Read Blocks": 0,                  
           "Temp Written Blocks": 0,               
           "Plans": [                              
             {                                     
               "Node Type": "Index Scan",          
               "Parent Relationship": "Outer",     
               "Parallel Aware": false,            
               "Scan Direction": "Forward",        
               "Index Name": "cast_info_pkey",     
               "Relation Name": "cast_info",       
               "Alias": "ci",                      
               "Startup Cost": 0.01,               
               "Total Cost": 897.99,               
               "Plan Rows": 101596,                
               "Plan Width": 42,                   
               "Actual Startup Time": 11.732,      
               "Actual Total Time": 79.182,        
               "Actual Rows": 100000,              
               "Actual Loops": 1,                  
               "Index Cond": "(id <= 100000)",     
               "Rows Removed by Index Recheck": 0, 
               "Shared Hit Blocks": 19,            
               "Shared Read Blocks": 944,          
               "Shared Dirtied Blocks": 0,         
               "Shared Written Blocks": 0,         
               "Local Hit Blocks": 0,              
               "Local Read Blocks": 0,             
               "Local Dirtied Blocks": 0,          
               "Local Written Blocks": 0,          
               "Temp Read Blocks": 0,              
               "Temp Written Blocks": 0            
             }                                     
           ]                                       
         },                                        
         {                                         
           "Node Type": "Sort",                    
           "Parent Relationship": "Inner",         
           "Parallel Aware": false,                
           "Startup Cost": 2370.41,                
           "Total Cost": 2370.49,                  
           "Plan Rows": 1027,                      
           "Plan Width": 73,                       
           "Actual Startup Time": 24.385,          
           "Actual Total Time": 24.569,            
           "Actual Rows": 1003,                    
           "Actual Loops": 1,                      
           "Sort Key": ["mi.movie_id"],            
           "Sort Method": "quicksort",             
           "Sort Space Used": 437,                 
           "Sort Space Type": "Memory",            
           "Shared Hit Blocks": 55,                
           "Shared Read Blocks": 42,               
           "Shared Dirtied Blocks": 0,             
           "Shared Written Blocks": 0,             
           "Local Hit Blocks": 0,                  
           "Local Read Blocks": 0,                 
           "Local Dirtied Blocks": 0,              
           "Local Written Blocks": 0,              
           "Temp Read Blocks": 0,                  
           "Temp Written Blocks": 0,               
           "Plans": [                              
             {                                     
               "Node Type": "Index Scan",          
               "Parent Relationship": "Outer",     
               "Parallel Aware": false,            
               "Scan Direction": "Forward",        
               "Index Name": "movie_info_pkey",    
               "Relation Name": "movie_info",      
               "Alias": "mi",                      
               "Startup Cost": 0.01,               
               "Total Cost": 2368.82,              
               "Plan Rows": 1027,                  
               "Plan Width": 73,                   
               "Actual Startup Time": 0.017,       
               "Actual Total Time": 23.599,        
               "Actual Rows": 1000,                
               "Actual Loops": 1,                  
               "Index Cond": "(id <= 1000)",       
               "Rows Removed by Index Recheck": 0, 
               "Shared Hit Blocks": 55,            
               "Shared Read Blocks": 42,           
               "Shared Dirtied Blocks": 0,         
               "Shared Written Blocks": 0,         
               "Local Hit Blocks": 0,              
               "Local Read Blocks": 0,             
               "Local Dirtied Blocks": 0,          
               "Local Written Blocks": 0,          
               "Temp Read Blocks": 0,              
               "Temp Written Blocks": 0            
             }                                     
           ]                                       
         }                                         
       ]                                           
     },                                            
     "Planning Time": 1419.383,                    
     "Triggers": [                                 
     ],                                            
     "Execution Time": 195.130                     
   }                                               
 ]
