[                                                 
   {                                               
     "Plan": {                                     
       "Node Type": "Merge Join",                  
       "Parallel Aware": false,                    
       "Join Type": "Inner",                       
       "Startup Cost": 61373.42,                   
       "Total Cost": 63783.19,                     
       "Plan Rows": 1239506,                       
       "Plan Width": 89,                           
       "Actual Startup Time": 11097.007,           
       "Actual Total Time": 14241.907,             
       "Actual Rows": 3688793,                     
       "Actual Loops": 1,                          
       "Inner Unique": false,                      
       "Merge Cond": "(cc.movie_id = mi.movie_id)",
       "Shared Hit Blocks": 7,                     
       "Shared Read Blocks": 162620,               
       "Shared Dirtied Blocks": 0,                 
       "Shared Written Blocks": 0,                 
       "Local Hit Blocks": 0,                      
       "Local Read Blocks": 0,                     
       "Local Dirtied Blocks": 0,                  
       "Local Written Blocks": 0,                  
       "Temp Read Blocks": 0,                      
       "Temp Written Blocks": 0,                   
       "Plans": [                                  
         {                                         
           "Node Type": "Sort",                    
           "Parent Relationship": "Outer",         
           "Parallel Aware": false,                
           "Startup Cost": 389.78,                 
           "Total Cost": 400.26,                   
           "Plan Rows": 135086,                    
           "Plan Width": 16,                       
           "Actual Startup Time": 80.230,          
           "Actual Total Time": 89.065,            
           "Actual Rows": 132501,                  
           "Actual Loops": 1,                      
           "Sort Key": ["cc.movie_id"],            
           "Sort Method": "quicksort",             
           "Sort Space Used": 12477,               
           "Sort Space Type": "Memory",            
           "Shared Hit Blocks": 5,                 
           "Shared Read Blocks": 730,              
           "Shared Dirtied Blocks": 0,             
           "Shared Written Blocks": 0,             
           "Local Hit Blocks": 0,                  
           "Local Read Blocks": 0,                 
           "Local Dirtied Blocks": 0,              
           "Local Written Blocks": 0,              
           "Temp Read Blocks": 0,                  
           "Temp Written Blocks": 0,               
           "Plans": [                              
             {                                     
               "Node Type": "Seq Scan",            
               "Parent Relationship": "Outer",     
               "Parallel Aware": false,            
               "Relation Name": "complete_cast",   
               "Alias": "cc",                      
               "Startup Cost": 0.00,               
               "Total Cost": 32.27,                
               "Plan Rows": 135086,                
               "Plan Width": 16,                   
               "Actual Startup Time": 0.190,       
               "Actual Total Time": 30.402,        
               "Actual Rows": 135086,              
               "Actual Loops": 1,                  
               "Shared Hit Blocks": 1,             
               "Shared Read Blocks": 730,          
               "Shared Dirtied Blocks": 0,         
               "Shared Written Blocks": 0,         
               "Local Hit Blocks": 0,              
               "Local Read Blocks": 0,             
               "Local Dirtied Blocks": 0,          
               "Local Written Blocks": 0,          
               "Temp Read Blocks": 0,              
               "Temp Written Blocks": 0            
             }                                     
           ]                                       
         },                                        
         {                                         
           "Node Type": "Sort",                    
           "Parent Relationship": "Inner",         
           "Parallel Aware": false,                
           "Startup Cost": 60983.46,               
           "Total Cost": 62135.30,                 
           "Plan Rows": 14835720,                  
           "Plan Width": 73,                       
           "Actual Startup Time": 11016.589,       
           "Actual Total Time": 11958.723,         
           "Actual Rows": 16026827,                
           "Actual Loops": 1,                      
           "Sort Key": ["mi.movie_id"],            
           "Sort Method": "quicksort",             
           "Sort Space Used": 2188779,             
           "Sort Space Type": "Memory",            
           "Shared Hit Blocks": 2,                 
           "Shared Read Blocks": 161890,           
           "Shared Dirtied Blocks": 0,             
           "Shared Written Blocks": 0,             
           "Local Hit Blocks": 0,                  
           "Local Read Blocks": 0,                 
           "Local Dirtied Blocks": 0,              
           "Local Written Blocks": 0,              
           "Temp Read Blocks": 0,                  
           "Temp Written Blocks": 0,               
           "Plans": [                              
             {                                     
               "Node Type": "Seq Scan",            
               "Parent Relationship": "Outer",     
               "Parallel Aware": false,            
               "Relation Name": "movie_info",      
               "Alias": "mi",                      
               "Startup Cost": 0.00,               
               "Total Cost": 6103.84,              
               "Plan Rows": 14835720,              
               "Plan Width": 73,                   
               "Actual Startup Time": 23.548,      
               "Actual Total Time": 4928.556,      
               "Actual Rows": 14835720,            
               "Actual Loops": 1,                  
               "Shared Hit Blocks": 2,             
               "Shared Read Blocks": 161890,       
               "Shared Dirtied Blocks": 0,         
               "Shared Written Blocks": 0,         
               "Local Hit Blocks": 0,              
               "Local Read Blocks": 0,             
               "Local Dirtied Blocks": 0,          
               "Local Written Blocks": 0,          
               "Temp Read Blocks": 0,              
               "Temp Written Blocks": 0            
             }                                     
           ]                                       
         }                                         
       ]                                           
     },                                            
     "Planning Time": 725.829,                     
     "Triggers": [                                 
     ],                                            
     "Execution Time": 14457.762                   
   }                                               
 ]
