[                                                 
   {                                               
     "Plan": {                                     
       "Node Type": "Merge Join",                  
       "Parallel Aware": false,                    
       "Join Type": "Inner",                       
       "Startup Cost": 0.02,                       
       "Total Cost": 153.18,                       
       "Plan Rows": 31,                            
       "Plan Width": 32,                           
       "Actual Startup Time": 11.871,              
       "Actual Total Time": 11.871,                
       "Actual Rows": 0,                           
       "Actual Loops": 1,                          
       "Inner Unique": false,                      
       "Merge Cond": "(ml.movie_id = cc.movie_id)",
       "Shared Hit Blocks": 5,                     
       "Shared Read Blocks": 2,                    
       "Shared Dirtied Blocks": 0,                 
       "Shared Written Blocks": 0,                 
       "Local Hit Blocks": 0,                      
       "Local Read Blocks": 0,                     
       "Local Dirtied Blocks": 0,                  
       "Local Written Blocks": 0,                  
       "Temp Read Blocks": 0,                      
       "Temp Written Blocks": 0,                   
       "Plans": [                                  
         {                                         
           "Node Type": "Index Scan",              
           "Parent Relationship": "Outer",         
           "Parallel Aware": false,                
           "Scan Direction": "Forward",            
           "Index Name": "movie_id_movie_link",    
           "Relation Name": "movie_link",          
           "Alias": "ml",                          
           "Startup Cost": 0.01,                   
           "Total Cost": 7.05,                     
           "Plan Rows": 22,                        
           "Plan Width": 16,                       
           "Actual Startup Time": 11.809,          
           "Actual Total Time": 11.825,            
           "Actual Rows": 22,                      
           "Actual Loops": 1,                      
           "Index Cond": "(movie_id <= 100)",      
           "Rows Removed by Index Recheck": 0,     
           "Shared Hit Blocks": 1,                 
           "Shared Read Blocks": 2,                
           "Shared Dirtied Blocks": 0,             
           "Shared Written Blocks": 0,             
           "Local Hit Blocks": 0,                  
           "Local Read Blocks": 0,                 
           "Local Dirtied Blocks": 0,              
           "Local Written Blocks": 0,              
           "Temp Read Blocks": 0,                  
           "Temp Written Blocks": 0                
         },                                        
         {                                         
           "Node Type": "Index Scan",              
           "Parent Relationship": "Inner",         
           "Parallel Aware": false,                
           "Scan Direction": "Forward",            
           "Index Name": "movie_id_complete_cast", 
           "Relation Name": "complete_cast",       
           "Alias": "cc",                          
           "Startup Cost": 0.01,                   
           "Total Cost": 3283.51,                  
           "Plan Rows": 135086,                    
           "Plan Width": 16,                       
           "Actual Startup Time": 0.030,           
           "Actual Total Time": 0.030,             
           "Actual Rows": 1,                       
           "Actual Loops": 1,                      
           "Shared Hit Blocks": 4,                 
           "Shared Read Blocks": 0,                
           "Shared Dirtied Blocks": 0,             
           "Shared Written Blocks": 0,             
           "Local Hit Blocks": 0,                  
           "Local Read Blocks": 0,                 
           "Local Dirtied Blocks": 0,              
           "Local Written Blocks": 0,              
           "Temp Read Blocks": 0,                  
           "Temp Written Blocks": 0                
         }                                         
       ]                                           
     },                                            
     "Planning Time": 636.386,                     
     "Triggers": [                                 
     ],                                            
     "Execution Time": 21.664                      
   }                                               
 ]
