[                                                 
   {                                               
     "Plan": {                                     
       "Node Type": "Merge Join",                  
       "Parallel Aware": false,                    
       "Join Type": "Inner",                       
       "Startup Cost": 8672.58,                    
       "Total Cost": 8704.37,                      
       "Plan Rows": 8189,                          
       "Plan Width": 115,                          
       "Actual Startup Time": 8488.389,            
       "Actual Total Time": 8544.842,              
       "Actual Rows": 19775,                       
       "Actual Loops": 1,                          
       "Inner Unique": false,                      
       "Merge Cond": "(ci.movie_id = mi.movie_id)",
       "Shared Hit Blocks": 25,                    
       "Shared Read Blocks": 162834,               
       "Shared Dirtied Blocks": 0,                 
       "Shared Written Blocks": 0,                 
       "Local Hit Blocks": 0,                      
       "Local Read Blocks": 0,                     
       "Local Dirtied Blocks": 0,                  
       "Local Written Blocks": 0,                  
       "Temp Read Blocks": 0,                      
       "Temp Written Blocks": 0,                   
       "Plans": [                                  
         {                                         
           "Node Type": "Sort",                    
           "Parent Relationship": "Outer",         
           "Parallel Aware": false,                
           "Startup Cost": 1160.38,                
           "Total Cost": 1168.27,                  
           "Plan Rows": 101596,                    
           "Plan Width": 42,                       
           "Actual Startup Time": 117.620,         
           "Actual Total Time": 128.066,           
           "Actual Rows": 100000,                  
           "Actual Loops": 1,                      
           "Sort Key": ["ci.movie_id"],            
           "Sort Method": "quicksort",             
           "Sort Space Used": 10734,               
           "Sort Space Type": "Memory",            
           "Shared Hit Blocks": 23,                
           "Shared Read Blocks": 944,              
           "Shared Dirtied Blocks": 0,             
           "Shared Written Blocks": 0,             
           "Local Hit Blocks": 0,                  
           "Local Read Blocks": 0,                 
           "Local Dirtied Blocks": 0,              
           "Local Written Blocks": 0,              
           "Temp Read Blocks": 0,                  
           "Temp Written Blocks": 0,               
           "Plans": [                              
             {                                     
               "Node Type": "Index Scan",          
               "Parent Relationship": "Outer",     
               "Parallel Aware": false,            
               "Scan Direction": "Forward",        
               "Index Name": "cast_info_pkey",     
               "Relation Name": "cast_info",       
               "Alias": "ci",                      
               "Startup Cost": 0.01,               
               "Total Cost": 897.99,               
               "Plan Rows": 101596,                
               "Plan Width": 42,                   
               "Actual Startup Time": 29.392,      
               "Actual Total Time": 77.292,        
               "Actual Rows": 100000,              
               "Actual Loops": 1,                  
               "Index Cond": "(id <= 100000)",     
               "Rows Removed by Index Recheck": 0, 
               "Shared Hit Blocks": 19,            
               "Shared Read Blocks": 944,          
               "Shared Dirtied Blocks": 0,         
               "Shared Written Blocks": 0,         
               "Local Hit Blocks": 0,              
               "Local Read Blocks": 0,             
               "Local Dirtied Blocks": 0,          
               "Local Written Blocks": 0,          
               "Temp Read Blocks": 0,              
               "Temp Written Blocks": 0            
             }                                     
           ]                                       
         },                                        
         {                                         
           "Node Type": "Sort",                    
           "Parent Relationship": "Inner",         
           "Parallel Aware": false,                
           "Startup Cost": 7512.20,                
           "Total Cost": 7519.92,                  
           "Plan Rows": 99503,                     
           "Plan Width": 73,                       
           "Actual Startup Time": 8370.690,        
           "Actual Total Time": 8385.081,          
           "Actual Rows": 103620,                  
           "Actual Loops": 1,                      
           "Sort Key": ["mi.movie_id"],            
           "Sort Method": "quicksort",             
           "Sort Space Used": 40166,               
           "Sort Space Type": "Memory",            
           "Shared Hit Blocks": 2,                 
           "Shared Read Blocks": 161890,           
           "Shared Dirtied Blocks": 0,             
           "Shared Written Blocks": 0,             
           "Local Hit Blocks": 0,                  
           "Local Read Blocks": 0,                 
           "Local Dirtied Blocks": 0,              
           "Local Written Blocks": 0,              
           "Temp Read Blocks": 0,                  
           "Temp Written Blocks": 0,               
           "Plans": [                              
             {                                     
               "Node Type": "Seq Scan",            
               "Parent Relationship": "Outer",     
               "Parallel Aware": false,            
               "Relation Name": "movie_info",      
               "Alias": "mi",                      
               "Startup Cost": 0.00,               
               "Total Cost": 7255.68,              
               "Plan Rows": 99503,                 
               "Plan Width": 73,                   
               "Actual Startup Time": 2751.440,    
               "Actual Total Time": 8313.486,      
               "Actual Rows": 100000,              
               "Actual Loops": 1,                  
               "Filter": "(id <= 100000)",         
               "Rows Removed by Filter": 14735720, 
               "Shared Hit Blocks": 2,             
               "Shared Read Blocks": 161890,       
               "Shared Dirtied Blocks": 0,         
               "Shared Written Blocks": 0,         
               "Local Hit Blocks": 0,              
               "Local Read Blocks": 0,             
               "Local Dirtied Blocks": 0,          
               "Local Written Blocks": 0,          
               "Temp Read Blocks": 0,              
               "Temp Written Blocks": 0            
             }                                     
           ]                                       
         }                                         
       ]                                           
     },                                            
     "Planning Time": 1536.014,                    
     "Triggers": [                                 
     ],                                            
     "Execution Time": 8574.136                    
   }                                               
 ]
